Importing module 'gym_38' (/home/abhinav/Documents/isaacgym/python/isaacgym/_bindings/linux-x86_64/gym_38.so)
Setting GYM_USD_PLUG_INFO_PATH to /home/abhinav/Documents/isaacgym/python/isaacgym/_bindings/linux-x86_64/usd/plugInfo.json
PyTorch version 2.4.1+cu121
Device count 2
/home/abhinav/Documents/isaacgym/python/isaacgym/_bindings/src/gymtorch
ninja: no work to do.
No ROS install found, continuing
CCAI_PATH /home/abhinav/Documents/ccai
robot pose [ 0.02  -0.35   0.376] [0, 0, 0.7071068, 0.7071068]
Not connected to PVD
Physics Engine: PhysX
Physics Device: cpu
GPU Pipeline: disabled
Using VHACD cache directory '/home/abhinav/.isaacgym/vhacd'
Found existing convex decomposition for mesh '/home/abhinav/Documents/github/isaacgym-arm-envs/isaac_victor_envs/assets/xela_models/mesh/allegro/base_ns.stl'
Found existing convex decomposition for mesh '/home/abhinav/Documents/github/isaacgym-arm-envs/isaac_victor_envs/assets/xela_models/mesh/allegro/link_1.0.stl'
Found existing convex decomposition for mesh '/home/abhinav/Documents/github/isaacgym-arm-envs/isaac_victor_envs/assets/xela_models/mesh/ft_c.stl'
[ models/temporal ] Channel dimensions: [(35, 128), (128, 256), (256, 512)]
[ models/temporal ] Channel dimensions: [(35, 128), (128, 256), (256, 512)]

Trial 1
No action perturbation this trial
Loaded trajectory sampler
Current yaw: tensor([-0.3356], device='cuda:0')
Current yaw: tensor([-0.3295], device='cuda:0')
1 turn
Likelihood: -71.44644927978516
State is out of distribution
Current yaw: tensor([-0.3294], device='cuda:0')
2 mppi
tensor([ 0.1341,  0.5607,  0.6269,  0.8021, -0.1574,  0.2854,  1.0125,  0.8874,
         1.2161,  0.0506,  0.1353,  1.0423, -0.3294], device='cuda:0')
Solve time for step 1 (global step 0) 26.51872472302057
Current ori: tensor(-0.3294, device='cuda:0')
tensor([ 0.2019,  0.5797,  0.5765,  0.9218,  0.1384,  0.1750,  1.1572,  1.0660,
         1.1659,  0.0154,  0.2793,  0.9114, -0.2237], device='cuda:0')
Likelihood: -91.28471374511719
State is out of distribution
Solve time for step 2 (global step 1) 5.420976920053363
Current ori: tensor(-0.2237, device='cuda:0')
tensor([ 0.1718,  0.8077,  0.6178,  0.7125,  0.3747,  0.0966,  1.0937,  1.1766,
         1.0630,  0.0840, -0.0129,  1.0785, -0.2213], device='cuda:0')
Likelihood: -151.06236267089844
State is out of distribution
Solve time for step 3 (global step 2) 5.342424737056717
Current ori: tensor(-0.2213, device='cuda:0')
tensor([ 1.5705e-01,  8.4176e-01,  7.0333e-01,  5.7532e-01,  8.9556e-02,
        -6.5573e-04,  1.0776e+00,  1.1241e+00,  9.5222e-01,  1.3377e-01,
         1.6339e-02,  1.4168e+00, -3.5085e-01], device='cuda:0')
Likelihood: -157.20803833007812
State is out of distribution
Solve time for step 4 (global step 3) 5.672427457990125
Current ori: tensor(-0.3508, device='cuda:0')
tensor([ 0.2179,  0.8759,  0.7296,  0.4904,  0.1799, -0.0134,  0.9269,  0.9451,
         0.9806, -0.0563,  0.0549,  1.5090, -0.3766], device='cuda:0')
Likelihood: -173.94265747070312
State is out of distribution
Solve time for step 5 (global step 4) 5.146957741002552
Current ori: tensor(-0.3766, device='cuda:0')
tensor([ 0.1403,  0.7804,  0.6992,  0.5813,  0.1423, -0.1630,  0.9055,  0.8873,
         0.7390, -0.1050,  0.1237,  1.4920, -0.3766], device='cuda:0')
Likelihood: -201.02813720703125
State is out of distribution
Solve time for step 6 (global step 5) 5.371369182015769
Current ori: tensor(-0.3766, device='cuda:0')
tensor([ 0.1083,  0.7575,  0.6557,  0.4254,  0.2398, -0.1960,  1.0652,  0.7869,
         0.7572, -0.1050,  0.2032,  1.4095, -0.3144], device='cuda:0')
Likelihood: -210.0255889892578
State is out of distribution
Solve time for step 7 (global step 6) 5.397284364094958
Current ori: tensor(-0.3144, device='cuda:0')
tensor([ 0.2856,  0.8079,  0.7075,  0.2136,  0.1677, -0.1960,  0.9428,  0.9019,
         0.5469, -0.0603,  0.2256,  1.3237, -0.3112], device='cuda:0')
Likelihood: -256.7741394042969
State is out of distribution
Solve time for step 8 (global step 7) 5.021079656085931
Current ori: tensor(-0.3112, device='cuda:0')
tensor([ 0.4502,  0.7377,  0.8179,  0.3153,  0.0990, -0.1105,  0.9027,  0.9181,
         0.6796,  0.0088,  0.4081,  1.2951, -0.3112], device='cuda:0')
Likelihood: -208.10482788085938
State is out of distribution
Solve time for step 9 (global step 8) 5.086863065022044
Current ori: tensor(-0.3112, device='cuda:0')
tensor([ 0.4700,  0.9104,  0.9531,  0.2418,  0.1007, -0.1960,  0.7649,  0.8040,
         0.4531, -0.1050,  0.3408,  1.4405, -0.3112], device='cuda:0')
Likelihood: -241.29586791992188
State is out of distribution
Solve time for step 10 (global step 9) 4.9429390139412135
Current ori: tensor(-0.3112, device='cuda:0')
tensor([ 0.4700,  0.9755,  1.0469,  0.3863,  0.1683, -0.0207,  0.8736,  0.7882,
         0.4207, -0.1050,  0.2615,  1.5483, -0.3112], device='cuda:0')
Likelihood: -245.66273498535156
State is out of distribution
Solve time for step 11 (global step 10) 4.841194718028419
Current ori: tensor(-0.3112, device='cuda:0')
tensor([ 0.4078,  1.1550,  1.1383,  0.3701,  0.3039,  0.1420,  0.9425,  1.0214,
         0.2657,  0.1610,  0.3104,  1.4779, -0.3290], device='cuda:0')
Likelihood: -272.70196533203125
State is out of distribution
Solve time for step 12 (global step 11) 5.006053347955458
Current ori: tensor(-0.3290, device='cuda:0')
tensor([ 0.4700,  1.2677,  1.0705,  0.5054,  0.3921,  0.0727,  0.9810,  1.1483,
         0.2630,  0.3986,  0.3127,  1.5202, -0.3303], device='cuda:0')
Likelihood: -292.0850830078125
State is out of distribution
Solve time for step 13 (global step 12) 5.1519555390113965
Current ori: tensor(-0.3303, device='cuda:0')
tensor([ 0.2524,  1.4155,  1.0366,  0.4030,  0.3227, -0.0471,  0.9030,  0.9002,
         0.2630,  0.2725,  0.4158,  1.5632, -0.3311], device='cuda:0')
Likelihood: -305.0732421875
State is out of distribution
Solve time for step 14 (global step 13) 5.194803966092877
Current ori: tensor(-0.3311, device='cuda:0')
tensor([ 0.4482,  1.2779,  1.2370,  0.2764,  0.4139,  0.0220,  0.8068,  0.7076,
         0.2728,  0.1273,  0.4905,  1.4283, -0.3311], device='cuda:0')
Likelihood: -271.1279296875
State is out of distribution
Solve time for step 15 (global step 14) 5.384558096993715
Current ori: tensor(-0.3311, device='cuda:0')
tensor([ 0.3834,  1.2971,  1.2372,  0.1659,  0.4037,  0.0874,  0.9319,  0.5556,
         0.3915, -0.0937,  0.4696,  1.6675, -0.3311], device='cuda:0')
Likelihood: -278.1466369628906
State is out of distribution
Solve time for step 16 (global step 15) 5.967125723022036
Current ori: tensor(-0.3311, device='cuda:0')
tensor([ 0.3873,  1.2481,  1.1795,  0.2058,  0.4141,  0.2363,  0.9582,  0.3131,
         0.5897, -0.0675,  0.0560,  1.5149, -0.3311], device='cuda:0')
Likelihood: -228.14503479003906
State is out of distribution
Solve time for step 17 (global step 16) 5.256685868953355
Current ori: tensor(-0.3311, device='cuda:0')
tensor([ 0.4700,  1.4722,  1.2489,  0.3234,  0.3245,  0.0057,  0.9495,  0.4648,
         0.6136,  0.0093,  0.0170,  1.5206, -0.3311], device='cuda:0')
Likelihood: -252.56504821777344
State is out of distribution
Solve time for step 18 (global step 17) 5.45049223897513
Current ori: tensor(-0.3311, device='cuda:0')
tensor([ 0.2902,  1.4493,  1.3870,  0.0461,  0.2177, -0.1960,  0.7551,  0.5449,
         0.3409, -0.1050, -0.1337,  1.4855, -0.3311], device='cuda:0')
Likelihood: -299.1405334472656
State is out of distribution
Solve time for step 19 (global step 18) 5.388745272066444
Current ori: tensor(-0.3311, device='cuda:0')
tensor([ 0.3764,  1.4729,  1.4647, -0.1130,  0.2207, -0.1960,  0.7047,  0.6920,
         0.3562,  0.0517, -0.1716,  1.4718, -0.3311], device='cuda:0')
Likelihood: -307.1875915527344
State is out of distribution
Solve time for step 20 (global step 19) 5.293070502928458
Current ori: tensor(-0.3311, device='cuda:0')
tensor([ 0.3455,  1.4753,  1.3815, -0.0112,  0.0958, -0.0353,  0.7919,  0.6027,
         0.3686,  0.1471, -0.1890,  1.3062, -0.3311], device='cuda:0')
Likelihood: -262.35919189453125
State is out of distribution
Solve time for step 21 (global step 20) 5.3193192719481885
Current ori: tensor(-0.3311, device='cuda:0')
tensor([ 0.2188,  1.4303,  1.3176, -0.0015,  0.0826, -0.0975,  0.8483,  0.5734,
         0.4094,  0.0442,  0.0952,  1.1242, -0.3311], device='cuda:0')
Likelihood: -263.4375
State is out of distribution
Solve time for step 22 (global step 21) 4.994613921968266
Current ori: tensor(-0.3311, device='cuda:0')
tensor([ 0.3109,  1.1993,  1.5183,  0.1514,  0.0388, -0.1960,  1.0371,  0.6073,
         0.4081,  0.1003,  0.2047,  1.5072, -0.3311], device='cuda:0')
Likelihood: -253.1512451171875
State is out of distribution
Solve time for step 23 (global step 22) 4.950006683939137
Current ori: tensor(-0.3311, device='cuda:0')
tensor([ 0.2797,  1.2141,  1.4987,  0.4231, -0.1370, -0.0449,  1.0452,  0.4564,
         0.3019,  0.2150,  0.3245,  1.5421, -0.3311], device='cuda:0')
Likelihood: -242.33372497558594
State is out of distribution
Solve time for step 24 (global step 23) 4.874459409969859
Current ori: tensor(-0.3311, device='cuda:0')
tensor([ 0.4044,  1.1608,  1.3809,  0.2884,  0.0628, -0.0223,  1.1444,  0.7006,
         0.2630,  0.0889,  0.1933,  1.4241, -0.3311], device='cuda:0')
Likelihood: -238.5078887939453
State is out of distribution
Solve time for step 25 (global step 24) 5.00137630593963
Current ori: tensor(-0.3311, device='cuda:0')
tensor([ 0.4114,  1.4183,  1.7090,  0.2410,  0.0249,  0.3405,  1.1168,  0.6691,
         0.5101,  0.0881,  0.2380,  1.4660, -0.3310], device='cuda:0')
Likelihood: -249.01675415039062
State is out of distribution
Solve time for step 26 (global step 25) 5.211614409927279
Current ori: tensor(-0.3310, device='cuda:0')
tensor([ 0.3616,  1.5685,  1.5145,  0.2941, -0.0402,  0.4436,  1.0611,  0.5525,
         0.5622,  0.0403,  0.3925,  1.5002, -0.2098], device='cuda:0')
Likelihood: -268.6985168457031
State is out of distribution
Solve time for step 27 (global step 26) 5.13398645806592
Current ori: tensor(-0.2098, device='cuda:0')
tensor([ 0.3413,  1.6100,  1.6938,  0.3727, -0.2503,  0.5517,  0.8951,  0.6690,
         0.3855,  0.0589,  0.2091,  1.6402, -0.0581], device='cuda:0')
Likelihood: -300.36090087890625
State is out of distribution
Solve time for step 28 (global step 27) 5.417535610962659
Current ori: tensor(-0.0581, device='cuda:0')
tensor([ 0.3083,  1.6100,  1.7090,  0.2794, -0.3656,  0.6754,  0.9511,  0.6520,
         0.2944,  0.1007,  0.2653,  1.7190,  0.2379], device='cuda:0')
Likelihood: -324.98101806640625
State is out of distribution
Solve time for step 29 (global step 28) 5.239590062992647
Current ori: tensor(0.2379, device='cuda:0')
tensor([ 0.1046,  1.5681,  1.6509,  0.2646, -0.2009,  0.5739,  0.8541,  0.5093,
         0.2630,  0.2544,  0.2569,  1.6177,  0.2640], device='cuda:0')
Likelihood: -302.50146484375
State is out of distribution
Solve time for step 30 (global step 29) 5.566578524070792
Current ori: tensor(0.2640, device='cuda:0')
tensor([ 0.0704,  1.6100,  1.6392,  0.1283, -0.1534,  0.6388,  0.8954,  0.6051,
         0.2630,  0.1527,  0.1871,  1.7083,  0.2220], device='cuda:0')
Likelihood: -332.733642578125
State is out of distribution
Solve time for step 31 (global step 30) 5.247885280055925
Current ori: tensor(0.2220, device='cuda:0')
tensor([-0.1304,  1.5350,  1.7090,  0.0458, -0.1318,  0.6329,  0.8623,  0.7297,
         0.4462,  0.1668,  0.2746,  1.6210,  0.1784], device='cuda:0')
Likelihood: -342.10113525390625
State is out of distribution
Solve time for step 32 (global step 31) 4.901817582082003
Current ori: tensor(0.1784, device='cuda:0')
tensor([ 0.0063,  1.6100,  1.7090,  0.1202, -0.2538,  0.4943,  0.9646,  0.5850,
         0.4548,  0.0481,  0.0188,  1.7190,  0.1771], device='cuda:0')
Likelihood: -328.090576171875
State is out of distribution
Solve time for step 33 (global step 32) 5.250686081009917
Current ori: tensor(0.1771, device='cuda:0')
tensor([ 0.1964,  1.6100,  1.7090,  0.0414, -0.3117,  0.6246,  0.9376,  0.5842,
         0.3109,  0.2277,  0.1386,  1.5669,  0.1771], device='cuda:0')
Likelihood: -317.093017578125
State is out of distribution
Solve time for step 34 (global step 33) 5.066603532992303
Current ori: tensor(0.1771, device='cuda:0')
tensor([ 0.0785,  1.6100,  1.6103, -0.0972, -0.2772,  0.5486,  1.0575,  0.6809,
         0.4019,  0.4687, -0.0167,  1.5731,  0.1930], device='cuda:0')
Likelihood: -313.22918701171875
State is out of distribution
Solve time for step 35 (global step 34) 4.897512631025165
Current ori: tensor(0.1930, device='cuda:0')
tensor([ 0.1994,  1.3306,  1.6741, -0.0357, -0.1190,  0.5362,  1.0160,  0.6678,
         0.6524,  0.3019, -0.1052,  1.5038,  0.1410], device='cuda:0')
Likelihood: -261.26055908203125
State is out of distribution
Solve time for step 36 (global step 35) 5.097519274917431
Current ori: tensor(0.1410, device='cuda:0')
tensor([-0.1593,  1.2652,  1.5144, -0.0337, -0.3319,  0.5885,  1.1080,  0.5118,
         0.4834,  0.2704, -0.1410,  1.6797,  0.2126], device='cuda:0')
Likelihood: -330.0816345214844
State is out of distribution
Solve time for step 37 (global step 36) 5.139538705931045
Current ori: tensor(0.2126, device='cuda:0')
tensor([-0.2862,  1.0829,  1.7093, -0.0555, -0.3320,  0.4620,  1.0508,  0.5192,
         0.4503,  0.2173, -0.1890,  1.4528,  0.2192], device='cuda:0')
Likelihood: -344.5960388183594
State is out of distribution
Solve time for step 38 (global step 37) 5.18076503300108
Current ori: tensor(0.2192, device='cuda:0')
tensor([-0.4700,  1.0881,  1.6239, -0.1563, -0.3883,  0.5513,  0.9822,  0.5408,
         0.7114,  0.3298, -0.1890,  1.3477,  0.2192], device='cuda:0')
Likelihood: -372.61676025390625
State is out of distribution
Solve time for step 39 (global step 38) 5.375354812946171
Current ori: tensor(0.2192, device='cuda:0')
tensor([-0.4700,  0.9328,  1.7090, -0.0618, -0.4700,  0.3884,  0.8876,  0.3108,
         0.7669,  0.2397, -0.1890,  1.3914,  0.2192], device='cuda:0')
Likelihood: -361.5465393066406
State is out of distribution
Solve time for step 40 (global step 39) 4.878042175900191
Current ori: tensor(0.2192, device='cuda:0')
tensor([-0.3499,  1.1512,  1.6490, -0.1066, -0.4700,  0.4660,  0.6994,  0.5900,
         0.6669,  0.4563, -0.1222,  1.4728,  0.2192], device='cuda:0')
Likelihood: -352.33880615234375
State is out of distribution
Solve time for step 41 (global step 40) 4.9717528719920665
Current ori: tensor(0.2192, device='cuda:0')
tensor([-0.2404,  1.1386,  1.7090,  0.1124, -0.2372,  0.5822,  0.6379,  0.4553,
         0.4612,  0.7426, -0.1890,  1.2864,  0.2192], device='cuda:0')
Likelihood: -338.43603515625
State is out of distribution
Solve time for step 42 (global step 41) 4.975251185009256
Current ori: tensor(0.2192, device='cuda:0')
tensor([-0.0807,  1.0407,  1.7076,  0.1150, -0.1881,  0.6370,  0.6041,  0.5647,
         0.4396,  0.8966, -0.1890,  1.3517,  0.2192], device='cuda:0')
Likelihood: -311.1446228027344
State is out of distribution
Solve time for step 43 (global step 42) 4.86526635591872
Current ori: tensor(0.2192, device='cuda:0')
tensor([ 0.0107,  1.0437,  1.6935,  0.0390, -0.0560,  0.6734,  0.6921,  0.4648,
         0.6605,  0.7598, -0.1272,  1.5026, -0.0213], device='cuda:0')
Likelihood: -274.9098815917969
State is out of distribution
Solve time for step 44 (global step 43) 5.036825421033427
Current ori: tensor(-0.0213, device='cuda:0')
tensor([-0.0184,  0.9740,  1.6657,  0.0997, -0.0627,  0.5090,  0.7929,  0.5382,
         0.7558,  0.7675,  0.0145,  1.6896, -0.0406], device='cuda:0')
Likelihood: -257.546142578125
State is out of distribution
Solve time for step 45 (global step 44) 4.918311962974258
Current ori: tensor(-0.0406, device='cuda:0')
tensor([-0.0322,  1.0754,  1.7090,  0.2093,  0.0246,  0.6847,  0.6027,  0.4482,
         0.7180,  0.6107, -0.1629,  1.5847, -0.2014], device='cuda:0')
Likelihood: -259.8631896972656
State is out of distribution
Solve time for step 46 (global step 45) 4.9084082240005955
Current ori: tensor(-0.2014, device='cuda:0')
tensor([ 0.1992,  1.2180,  1.6893,  0.2978,  0.0474,  0.7766,  0.5396,  0.5193,
         0.8249,  0.8110, -0.0096,  1.5153, -0.3184], device='cuda:0')
Likelihood: -219.3400115966797
State is out of distribution
Solve time for step 47 (global step 46) 4.915942686027847
Current ori: tensor(-0.3184, device='cuda:0')
tensor([ 0.1350,  1.3319,  1.7038,  0.0710,  0.0423,  0.4756,  0.4315,  0.5236,
         0.7049,  0.9061, -0.0358,  1.7190, -0.3255], device='cuda:0')
Likelihood: -252.94996643066406
State is out of distribution
Solve time for step 48 (global step 47) 5.105509007000364
Current ori: tensor(-0.3255, device='cuda:0')
tensor([ 0.0230,  1.3980,  1.7090,  0.0642, -0.1035,  0.5406,  0.5013,  0.8174,
         0.6261,  0.8710, -0.1890,  1.6891, -0.3255], device='cuda:0')
Likelihood: -285.73822021484375
State is out of distribution
Solve time for step 49 (global step 48) 4.854314913973212
Current ori: tensor(-0.3255, device='cuda:0')
tensor([-0.1455,  1.6100,  1.7090, -0.0505, -0.0702,  0.6552,  0.5582,  0.7271,
         0.8544,  1.0859, -0.1890,  1.7190, -0.3255], device='cuda:0')
Likelihood: -333.3930969238281
State is out of distribution
Solve time for step 50 (global step 49) 4.934139442048036
Current ori: tensor(-0.3255, device='cuda:0')
tensor([-0.2944,  1.6100,  1.7090, -0.2270,  0.0773,  0.6620,  0.5682,  0.6101,
         0.8917,  0.9454, -0.0874,  1.7190, -0.3308], device='cuda:0')
Likelihood: -349.4684143066406
State is out of distribution
Solve time for step 51 (global step 50) 5.094491177005693
Current ori: tensor(-0.3308, device='cuda:0')
tensor([-0.2627,  1.6100,  1.6910, -0.1396,  0.0051,  0.6140,  0.6994,  0.4696,
         0.9830,  0.9906,  0.0126,  1.5655, -0.3311], device='cuda:0')
Likelihood: -343.76641845703125
State is out of distribution
Solve time for step 52 (global step 51) 5.371708787046373
Current ori: tensor(-0.3311, device='cuda:0')
tensor([-0.1593,  1.5768,  1.7090, -0.1408,  0.0759,  0.6959,  0.6321,  0.6305,
         0.7767,  0.8617,  0.0171,  1.6854, -0.4365], device='cuda:0')
Likelihood: -321.5921630859375
State is out of distribution
Solve time for step 53 (global step 52) 5.045102265081368
Current ori: tensor(-0.4365, device='cuda:0')
tensor([-1.6870e-02,  1.6100e+00,  1.4775e+00,  9.5137e-04, -8.2587e-02,
         6.1716e-01,  6.4632e-01,  7.3369e-01,  7.2455e-01,  6.7897e-01,
         1.0494e-01,  1.5795e+00, -3.4979e-01], device='cuda:0')
Likelihood: -296.48016357421875
State is out of distribution
Solve time for step 54 (global step 53) 5.057094047078863
Current ori: tensor(-0.3498, device='cuda:0')
tensor([-0.1097,  1.5905,  1.3624,  0.3142, -0.0836,  0.6867,  0.6285,  0.5753,
         0.8133,  0.7995,  0.0075,  1.5369, -0.3286], device='cuda:0')
Likelihood: -297.80157470703125
State is out of distribution
Solve time for step 55 (global step 54) 5.084601855953224
Current ori: tensor(-0.3286, device='cuda:0')
tensor([ 0.1510,  1.6100,  1.2911,  0.5433, -0.1139,  0.6827,  0.6178,  0.5210,
         0.6636,  0.8233,  0.1830,  1.4884, -0.3286], device='cuda:0')
Likelihood: -251.8739776611328
State is out of distribution
Solve time for step 56 (global step 55) 5.140930094057694
Current ori: tensor(-0.3286, device='cuda:0')
tensor([ 0.2136,  1.6099,  1.3285,  0.5660, -0.0847,  0.7686,  0.5705,  0.4691,
         0.7204,  0.7384,  0.2507,  1.3101, -0.3069], device='cuda:0')
Likelihood: -248.34539794921875
State is out of distribution
Solve time for step 57 (global step 56) 4.926392695051618
Current ori: tensor(-0.3069, device='cuda:0')
tensor([ 0.3330,  1.6100,  1.2163,  0.5874,  0.0481,  0.6417,  0.4967,  0.3797,
         0.7288,  0.9434, -0.0711,  1.5129, -0.3062], device='cuda:0')
Likelihood: -247.60693359375
State is out of distribution
Solve time for step 58 (global step 57) 5.034709155908786
Current ori: tensor(-0.3062, device='cuda:0')
tensor([ 0.3401,  1.6100,  1.1837,  0.6705,  0.0833,  0.6289,  0.7287,  0.3172,
         0.6142,  0.9517, -0.1508,  1.6352, -0.3352], device='cuda:0')
Likelihood: -242.78347778320312
State is out of distribution
Solve time for step 59 (global step 58) 5.224546622950584
Current ori: tensor(-0.3352, device='cuda:0')
tensor([ 0.4383,  1.4283,  1.1287,  0.5935,  0.0042,  0.5949,  0.8363,  0.4284,
         0.3168,  0.8762, -0.1890,  1.6072, -0.3371], device='cuda:0')
Likelihood: -257.74468994140625
State is out of distribution
Solve time for step 60 (global step 59) 5.119712082087062
Current ori: tensor(-0.3371, device='cuda:0')
tensor([ 0.4700,  1.5005,  1.2844,  0.6984, -0.1214,  0.5511,  0.6037,  0.6041,
         0.2986,  0.6717, -0.1890,  1.7190, -0.3371], device='cuda:0')
Likelihood: -286.8641662597656
State is out of distribution
Solve time for step 61 (global step 60) 5.285642435075715
Current ori: tensor(-0.3371, device='cuda:0')
tensor([ 0.4700,  1.4967,  1.4464,  0.9360, -0.0381,  0.5316,  0.7735,  0.6343,
         0.2630,  0.6265, -0.1890,  1.5147, -0.3371], device='cuda:0')
Likelihood: -294.330078125
State is out of distribution
Solve time for step 62 (global step 61) 5.077745969989337
Current ori: tensor(-0.3371, device='cuda:0')
tensor([ 0.4700,  1.3208,  1.5083,  0.8567, -0.0201,  0.6557,  0.5332,  0.6177,
         0.4762,  0.5889, -0.0355,  1.5536, -0.3371], device='cuda:0')
Likelihood: -244.53826904296875
State is out of distribution
Solve time for step 63 (global step 62) 5.160532708046958
Current ori: tensor(-0.3371, device='cuda:0')
tensor([ 0.4700,  1.3661,  1.5473,  0.5885,  0.1389,  0.3895,  0.8001,  0.5174,
         0.5332,  0.5568, -0.1890,  1.6996, -0.3371], device='cuda:0')
Likelihood: -240.5265655517578
State is out of distribution
Solve time for step 64 (global step 63) 5.112602076027542
Current ori: tensor(-0.3371, device='cuda:0')
tensor([ 0.4700,  1.2381,  1.6407,  0.4592,  0.0335,  0.5523,  0.8877,  0.5926,
         0.4252,  0.5297, -0.1333,  1.7190, -0.2935], device='cuda:0')
Likelihood: -230.03614807128906
State is out of distribution
Solve time for step 65 (global step 64) 5.010897386004217
Current ori: tensor(-0.2935, device='cuda:0')
tensor([ 0.3932,  1.2590,  1.5340,  0.3819,  0.0486,  0.4779,  0.9651,  0.6253,
         0.2800,  0.6976,  0.1990,  1.7190, -0.3364], device='cuda:0')
Likelihood: -238.48577880859375
State is out of distribution
Solve time for step 66 (global step 65) 4.906269449042156
Current ori: tensor(-0.3364, device='cuda:0')
tensor([ 0.4700,  1.5538,  1.6117,  0.1336, -0.0053,  0.3931,  0.8666,  0.8573,
         0.3881,  0.5318,  0.0404,  1.7190, -0.3399], device='cuda:0')
Likelihood: -258.8477478027344
State is out of distribution
Solve time for step 67 (global step 66) 4.917584693990648
Current ori: tensor(-0.3399, device='cuda:0')
tensor([ 0.4700,  1.6100,  1.7017, -0.0302,  0.0819,  0.4202,  0.8745,  0.8701,
         0.4141,  0.3906, -0.1221,  1.6427, -0.3838], device='cuda:0')
Likelihood: -265.01495361328125
State is out of distribution
Solve time for step 68 (global step 67) 5.2126709630247205
Current ori: tensor(-0.3838, device='cuda:0')
tensor([ 0.3365,  1.4863,  1.7090, -0.1858,  0.0971,  0.4986,  0.7483,  0.9847,
         0.4588,  0.5314, -0.1859,  1.6235, -0.4675], device='cuda:0')
Likelihood: -264.86029052734375
State is out of distribution
Solve time for step 69 (global step 68) 4.983261436922476
Current ori: tensor(-0.4675, device='cuda:0')
tensor([ 0.2365,  1.4653,  1.6731, -0.2270,  0.0189,  0.2348,  0.5664,  0.9669,
         0.3964,  0.7741, -0.0734,  1.7190, -0.4710], device='cuda:0')
Likelihood: -277.76641845703125
State is out of distribution
Solve time for step 70 (global step 69) 5.2382415200117975
Current ori: tensor(-0.4710, device='cuda:0')
tensor([ 0.0482,  1.4349,  1.6054, -0.0614,  0.0547,  0.3782,  0.4363,  0.8557,
         0.4051,  0.8280, -0.1780,  1.4593, -0.4710], device='cuda:0')
Likelihood: -276.4410095214844
State is out of distribution
Solve time for step 71 (global step 70) 5.065340452012606
Current ori: tensor(-0.4710, device='cuda:0')
tensor([ 0.2609,  1.3621,  1.5892, -0.1535,  0.0513,  0.3795,  0.5292,  0.6253,
         0.4024,  0.6944, -0.1890,  1.4758, -0.4710], device='cuda:0')
Likelihood: -253.33338928222656
State is out of distribution
Solve time for step 72 (global step 71) 5.068604737985879
Current ori: tensor(-0.4710, device='cuda:0')
tensor([ 0.3866,  1.2730,  1.5528, -0.1862, -0.0455,  0.4345,  0.4395,  0.5200,
         0.5062,  0.7868, -0.1890,  1.3296, -0.4710], device='cuda:0')
Likelihood: -260.50018310546875
State is out of distribution
Solve time for step 73 (global step 72) 5.031913097947836
Current ori: tensor(-0.4710, device='cuda:0')
tensor([ 0.2759,  1.0619,  1.6092, -0.0971,  0.0393,  0.3805,  0.3892,  0.6370,
         0.4467,  0.7692, -0.1890,  1.1660, -0.4550], device='cuda:0')
Likelihood: -256.6324157714844
State is out of distribution
Solve time for step 74 (global step 73) 4.939438726985827
Current ori: tensor(-0.4550, device='cuda:0')
tensor([ 0.3900,  1.0582,  1.5012, -0.1456,  0.1683,  0.3233,  0.4690,  0.6777,
         0.4421,  0.7654, -0.1890,  1.2048, -0.3897], device='cuda:0')
Likelihood: -242.0769500732422
State is out of distribution
Solve time for step 75 (global step 74) 5.178174806991592
Current ori: tensor(-0.3897, device='cuda:0')
tensor([ 0.4436,  1.2160,  1.5344,  0.0843,  0.1184,  0.2068,  0.3545,  0.4945,
         0.6561,  0.9081, -0.1890,  1.3594, -0.3897], device='cuda:0')
Likelihood: -265.30987548828125
State is out of distribution
Solve time for step 76 (global step 75) 5.068742825067602
Current ori: tensor(-0.3897, device='cuda:0')
tensor([ 0.4700,  1.2435,  1.3729,  0.0506,  0.2219,  0.3739,  0.2495,  0.7138,
         0.5768,  1.1490, -0.1890,  1.3036, -0.3897], device='cuda:0')
Likelihood: -245.5017547607422
State is out of distribution
Solve time for step 77 (global step 76) 5.179430986987427
Current ori: tensor(-0.3897, device='cuda:0')
tensor([ 0.2037,  1.4315,  1.4169, -0.0545,  0.2629,  0.3303,  0.3782,  0.6178,
         0.4614,  1.1590, -0.1457,  1.3799, -0.3897], device='cuda:0')
Likelihood: -274.88275146484375
State is out of distribution
Solve time for step 78 (global step 77) 5.283728918991983
Current ori: tensor(-0.3897, device='cuda:0')
tensor([ 0.0354,  1.4619,  1.3115, -0.0170,  0.3881,  0.5824,  0.3377,  0.6553,
         0.6473,  1.0394, -0.0634,  1.3621, -0.3897], device='cuda:0')
Likelihood: -239.8445587158203
State is out of distribution
Solve time for step 79 (global step 78) 5.067163735046051
Current ori: tensor(-0.3897, device='cuda:0')
tensor([-0.1372,  1.6100,  1.1530,  0.1723,  0.3485,  0.5727,  0.2897,  0.7669,
         0.4255,  0.9634, -0.1368,  1.3657, -0.3897], device='cuda:0')
Likelihood: -290.4132080078125
State is out of distribution
Solve time for step 80 (global step 79) 5.272782596992329
Current ori: tensor(-0.3897, device='cuda:0')
tensor([-0.1368,  1.4931,  0.9882,  0.3472,  0.4650,  0.5355,  0.0931,  0.7086,
         0.4134,  0.8233, -0.1844,  1.3879, -0.3897], device='cuda:0')
Likelihood: -307.55584716796875
State is out of distribution
Solve time for step 81 (global step 80) 5.382944284006953
Current ori: tensor(-0.3897, device='cuda:0')
tensor([-0.2677,  1.5787,  0.9523,  0.2987,  0.4364,  0.4839, -0.1503,  0.5932,
         0.4151,  0.8678, -0.1890,  1.3336, -0.4261], device='cuda:0')
Likelihood: -372.4417419433594
State is out of distribution
Solve time for step 82 (global step 81) 5.543835490942001
Current ori: tensor(-0.4261, device='cuda:0')
tensor([-0.0211,  1.6100,  0.8366,  0.1374,  0.4700,  0.4155, -0.1740,  0.3926,
         0.3178,  0.8891, -0.1890,  1.3819, -0.4262], device='cuda:0')
Likelihood: -379.87249755859375
State is out of distribution
Solve time for step 83 (global step 82) 5.28011683607474
Current ori: tensor(-0.4262, device='cuda:0')
tensor([-0.1446,  1.6106,  0.6797,  0.0666,  0.4700,  0.5003, -0.0466,  0.0116,
         0.2932,  1.1547, -0.1890,  1.7190, -0.5312], device='cuda:0')
Likelihood: -434.73565673828125
State is out of distribution
Solve time for step 84 (global step 83) 5.509447940974496
Current ori: tensor(-0.5312, device='cuda:0')
tensor([-0.1321,  1.6108,  0.6947, -0.1674,  0.4700,  0.4440, -0.0953, -0.0787,
         0.2630,  1.1172, -0.0496,  1.7165, -0.4949], device='cuda:0')
Likelihood: -445.39544677734375
State is out of distribution
Solve time for step 85 (global step 84) 5.088594664935954
Current ori: tensor(-0.4949, device='cuda:0')
tensor([-0.1143,  1.5563,  0.7949, -0.2270,  0.3099,  0.6000, -0.1740,  0.0050,
         0.2630,  1.0793,  0.0833,  1.6985, -0.4525], device='cuda:0')
Likelihood: -457.90338134765625
State is out of distribution
Solve time for step 86 (global step 85) 5.340149294002913
Current ori: tensor(-0.4525, device='cuda:0')
tensor([-0.0904,  1.6108,  0.6299, -0.2270,  0.4700,  0.5664, -0.1740,  0.1196,
         0.3409,  1.1630, -0.0837,  1.6457, -0.3886], device='cuda:0')
Likelihood: -441.8587646484375
State is out of distribution
Solve time for step 87 (global step 86) 5.176717375055887
Current ori: tensor(-0.3886, device='cuda:0')
tensor([ 0.0076,  1.6101,  0.5513, -0.2270,  0.4700,  0.7035, -0.1740,  0.2015,
         0.4882,  1.1630,  0.1086,  1.6493, -0.2649], device='cuda:0')
Likelihood: -457.42755126953125
State is out of distribution
Solve time for step 88 (global step 87) 5.005283975973725
Current ori: tensor(-0.2649, device='cuda:0')
tensor([ 0.0138,  1.5026,  0.6083, -0.1585,  0.4439,  0.7552, -0.1604,  0.3676,
         0.4309,  1.1630,  0.0586,  1.7190, -0.0871], device='cuda:0')
Likelihood: -418.63494873046875
State is out of distribution
Solve time for step 89 (global step 88) 5.052874177927151
Current ori: tensor(-0.0871, device='cuda:0')
tensor([-0.0082,  1.6100,  0.5441, -0.2270,  0.4700,  0.7696, -0.1740,  0.1973,
         0.6236,  1.1630, -0.0034,  1.6840, -0.1170], device='cuda:0')
Likelihood: -456.39288330078125
State is out of distribution
Solve time for step 90 (global step 89) 4.887967318994924
Current ori: tensor(-0.1170, device='cuda:0')
tensor([ 0.0756,  1.5568,  0.5115, -0.2270,  0.3461,  0.7071,  0.0148,  0.4055,
         0.4935,  1.1300,  0.2557,  1.6736, -0.1117], device='cuda:0')
Likelihood: -415.2912902832031
State is out of distribution
Solve time for step 91 (global step 90) 5.046785407001153
Current ori: tensor(-0.1117, device='cuda:0')
tensor([ 0.1474,  1.4417,  0.6696, -0.0649,  0.3638,  0.8424, -0.1029,  0.3210,
         0.4271,  1.1182,  0.1926,  1.7190,  0.0272], device='cuda:0')
Likelihood: -395.7950439453125
State is out of distribution
Solve time for step 92 (global step 91) 5.1092516030184925
Current ori: tensor(0.0272, device='cuda:0')
tensor([ 0.2172,  1.4055,  0.7901, -0.1169,  0.3985,  0.8447,  0.0078,  0.4489,
         0.5349,  1.1630,  0.3367,  1.6478,  0.0397], device='cuda:0')
Likelihood: -345.6556396484375
State is out of distribution
Solve time for step 93 (global step 92) 5.983498969930224
Current ori: tensor(0.0397, device='cuda:0')
tensor([ 0.3836,  1.5129,  0.7781, -0.2017,  0.4641,  0.7927,  0.1714,  0.3561,
         0.2901,  1.1263,  0.4725,  1.5662,  0.0397], device='cuda:0')
Likelihood: -358.25543212890625
State is out of distribution
Solve time for step 94 (global step 93) 5.34486863296479
Current ori: tensor(0.0397, device='cuda:0')
tensor([ 0.3331,  1.4381,  0.6221, -0.1564,  0.4700,  0.5239,  0.0040,  0.2927,
         0.2630,  1.0262,  0.4950,  1.7190,  0.0404], device='cuda:0')
Likelihood: -421.50927734375
State is out of distribution
Solve time for step 95 (global step 94) 5.8861658269306645
Current ori: tensor(0.0404, device='cuda:0')
tensor([ 0.4181,  1.4915,  0.4557, -0.0519,  0.3958,  0.5797,  0.0955,  0.1851,
         0.2630,  1.0959,  0.5073,  1.6934,  0.0409], device='cuda:0')
Likelihood: -441.1719970703125
State is out of distribution
Solve time for step 96 (global step 95) 5.076948784058914
Current ori: tensor(0.0409, device='cuda:0')
tensor([ 0.3490,  1.5244,  0.5611, -0.2270,  0.4149,  0.5910, -0.0212,  0.0408,
         0.3490,  1.1630,  0.5665,  1.6294,  0.0409], device='cuda:0')
Likelihood: -458.04193115234375
State is out of distribution
Solve time for step 97 (global step 96) 4.913664308027364
Current ori: tensor(0.0409, device='cuda:0')
tensor([ 0.4700,  1.3531,  0.3672, -0.2270,  0.2863,  0.8126, -0.1423,  0.0391,
         0.4515,  1.0579,  0.3804,  1.5312,  0.0612], device='cuda:0')
Likelihood: -463.6264953613281
State is out of distribution
Solve time for step 98 (global step 97) 5.175009763101116
Current ori: tensor(0.0612, device='cuda:0')
tensor([ 0.4700,  1.3539,  0.4678, -0.1551,  0.3026,  0.8372, -0.1740,  0.0378,
         0.6446,  1.0711,  0.5116,  1.4716,  0.0592], device='cuda:0')
Likelihood: -448.7380065917969
State is out of distribution
Solve time for step 99 (global step 98) 4.980360909947194
Current ori: tensor(0.0592, device='cuda:0')
tensor([ 0.4700,  1.5644,  0.4884, -0.2270,  0.4700,  1.1110,  0.1198,  0.2077,
         0.6677,  0.9651,  0.5066,  1.4239,  0.0097], device='cuda:0')
Likelihood: -383.0439147949219
State is out of distribution
Solve time for step 100 (global step 99) 5.040883330046199
Current ori: tensor(0.0097, device='cuda:0')
Average turn amount: 0.34366893768310547 over 1 trials
{}

Trial 2
No action perturbation this trial
Loaded trajectory sampler
Current yaw: tensor([0.4007], device='cuda:0')
Current yaw: tensor([0.3989], device='cuda:0')
1 turn
Likelihood: -62.670745849609375
State is out of distribution
Current yaw: tensor([0.3990], device='cuda:0')
2 mppi
tensor([ 0.2010,  0.4894,  0.6420,  0.8365, -0.0982,  0.1925,  0.9636,  0.6363,
         1.1751,  0.2833, -0.0271,  1.0838,  0.3990], device='cuda:0')
Solve time for step 1 (global step 0) 26.494530819007196
Current ori: tensor(0.3990, device='cuda:0')
tensor([ 0.2199,  0.4750,  0.5082,  0.8429, -0.0944,  0.2722,  0.8786,  0.5601,
         1.0332,  0.2196,  0.0087,  1.0088,  0.3990], device='cuda:0')
Likelihood: -91.14634704589844
State is out of distribution
Solve time for step 2 (global step 1) 5.0751651029568166
Current ori: tensor(0.3990, device='cuda:0')
tensor([ 0.2563,  0.6590,  0.3756,  1.0236, -0.2103,  0.1801,  0.8726,  0.3563,
         1.0309,  0.1378, -0.0143,  0.9980,  0.3343], device='cuda:0')
Likelihood: -140.12481689453125
State is out of distribution
Solve time for step 3 (global step 2) 5.165908367023803
Current ori: tensor(0.3343, device='cuda:0')
tensor([ 0.4202,  0.8617,  0.1978,  1.1346, -0.1128, -0.0484,  0.7844,  0.4411,
         1.1335,  0.2058,  0.2304,  0.8382,  0.3269], device='cuda:0')
Likelihood: -183.35586547851562
State is out of distribution
Solve time for step 4 (global step 3) 5.07508191105444
Current ori: tensor(0.3269, device='cuda:0')
tensor([ 0.3980,  1.0020,  0.1725,  1.2496,  0.1523, -0.1960,  0.6451,  0.5757,
         1.1573,  0.2895,  0.1139,  0.6426,  0.3268], device='cuda:0')
Likelihood: -213.5601806640625
State is out of distribution
Solve time for step 5 (global step 4) 5.115541648003273
Current ori: tensor(0.3268, device='cuda:0')
tensor([ 0.4700,  1.0248,  0.0344,  1.1115,  0.0368, -0.1960,  0.8961,  0.4738,
         1.1111,  0.1958,  0.0266,  0.5492,  0.3268], device='cuda:0')
Likelihood: -200.66366577148438
State is out of distribution
Solve time for step 6 (global step 5) 5.218772775027901
Current ori: tensor(0.3268, device='cuda:0')
tensor([ 0.4700,  0.8878,  0.0808,  1.0072,  0.3005, -0.1457,  0.7092,  0.5225,
         1.3208,  0.2582,  0.2923,  0.4045,  0.3268], device='cuda:0')
Likelihood: -208.32180786132812
State is out of distribution
Solve time for step 7 (global step 6) 5.181557692005299
Current ori: tensor(0.3268, device='cuda:0')
tensor([ 0.4700,  1.0487,  0.1188,  1.0170,  0.1686, -0.1960,  0.6777,  0.6121,
         1.2904,  0.2174,  0.4133,  0.1548,  0.3269], device='cuda:0')
Likelihood: -243.6355743408203
State is out of distribution
Solve time for step 8 (global step 7) 5.0546218800591305
Current ori: tensor(0.3269, device='cuda:0')
tensor([ 0.4700,  1.1162, -0.0474,  1.1306,  0.3767, -0.0634,  0.6267,  0.6808,
         1.3471,  0.2543,  0.3071,  0.3484,  0.3268], device='cuda:0')
Likelihood: -233.85177612304688
State is out of distribution
Solve time for step 9 (global step 8) 5.269721050048247
Current ori: tensor(0.3268, device='cuda:0')
tensor([ 0.4700,  1.2510,  0.0063,  1.2979,  0.4347, -0.0194,  0.5462,  0.4651,
         1.2773,  0.2630,  0.3309,  0.3559,  0.3268], device='cuda:0')
Likelihood: -262.8428955078125
State is out of distribution
Solve time for step 10 (global step 9) 5.1945434550289065
Current ori: tensor(0.3268, device='cuda:0')
tensor([ 0.4028,  1.3986, -0.0683,  1.2025,  0.2336,  0.0435,  0.5847,  0.4775,
         1.4312,  0.5187,  0.2192,  0.1298,  0.4076], device='cuda:0')
Likelihood: -280.156494140625
State is out of distribution
Solve time for step 11 (global step 10) 5.165224299998954
Current ori: tensor(0.4076, device='cuda:0')
tensor([ 4.7000e-01,  1.3705e+00, -8.8332e-04,  1.3223e+00,  9.8191e-02,
        -1.1216e-01,  5.7668e-01,  6.0753e-01,  1.5000e+00,  5.7241e-01,
         7.8921e-02, -3.2962e-02,  4.2145e-01], device='cuda:0')
Likelihood: -292.90643310546875
State is out of distribution
Solve time for step 12 (global step 11) 5.101701723062433
Current ori: tensor(0.4214, device='cuda:0')
tensor([ 0.4700,  1.4614,  0.1737,  1.2843,  0.1579, -0.1960,  0.4611,  0.5872,
         1.3656,  0.5833, -0.0211,  0.0827,  0.4214], device='cuda:0')
Likelihood: -295.2344055175781
State is out of distribution
Solve time for step 13 (global step 12) 5.107259870041162
Current ori: tensor(0.4214, device='cuda:0')
tensor([ 0.4700,  1.6100,  0.1378,  1.3879,  0.1317, -0.1960,  0.4814,  0.6901,
         1.2098,  0.6329,  0.0633,  0.1693,  0.4214], device='cuda:0')
Likelihood: -310.1039123535156
State is out of distribution
Solve time for step 14 (global step 13) 5.361858270014636
Current ori: tensor(0.4214, device='cuda:0')
tensor([ 0.4700,  1.6100,  0.1189,  1.2256,  0.1574, -0.0184,  0.4615,  0.7111,
         1.1502,  0.3507, -0.0066,  0.2979,  0.4214], device='cuda:0')
Likelihood: -265.87677001953125
State is out of distribution
Solve time for step 15 (global step 14) 5.427986726979725
Current ori: tensor(0.4214, device='cuda:0')
tensor([ 0.3891,  1.6100,  0.0985,  1.1832,  0.1058,  0.0844,  0.4165,  0.6128,
         1.1878,  0.2735, -0.0123,  0.4071,  0.4214], device='cuda:0')
Likelihood: -273.07403564453125
State is out of distribution
Solve time for step 16 (global step 15) 5.232494123047218
Current ori: tensor(0.4214, device='cuda:0')
tensor([ 0.4700,  1.6100, -0.0530,  1.3579, -0.1788,  0.2111,  0.6108,  0.5612,
         1.2540,  0.2004, -0.0577,  0.4466,  0.4214], device='cuda:0')
Likelihood: -297.9736633300781
State is out of distribution
Solve time for step 17 (global step 16) 5.123565200017765
Current ori: tensor(0.4214, device='cuda:0')
tensor([ 0.4700,  1.6100, -0.0812,  1.3161, -0.0283,  0.3524,  0.7117,  0.5801,
         1.1041,  0.2871, -0.0056,  0.3504,  0.4214], device='cuda:0')
Likelihood: -274.87188720703125
State is out of distribution
Solve time for step 18 (global step 17) 5.184923466993496
Current ori: tensor(0.4214, device='cuda:0')
tensor([ 0.4700,  1.5678,  0.0886,  1.4032,  0.0537,  0.2530,  0.8117,  0.3485,
         0.9457,  0.4305, -0.0541,  0.3220,  0.4214], device='cuda:0')
Likelihood: -303.848876953125
State is out of distribution
Solve time for step 19 (global step 18) 4.9667571120662615
Current ori: tensor(0.4214, device='cuda:0')
tensor([ 0.4700,  1.6100,  0.2576,  1.2518, -0.0942,  0.2475,  0.8154,  0.4328,
         0.8765,  0.2548, -0.0870,  0.1684,  0.4214], device='cuda:0')
Likelihood: -306.61895751953125
State is out of distribution
Solve time for step 20 (global step 19) 5.095033885911107
Current ori: tensor(0.4214, device='cuda:0')
tensor([ 0.4700,  1.6100,  0.4418,  1.2114, -0.1438,  0.4556,  0.8017,  0.0923,
         0.6371,  0.3086,  0.0479,  0.0150,  0.4214], device='cuda:0')
Likelihood: -365.47918701171875
State is out of distribution
Solve time for step 21 (global step 20) 4.944507702020928
Current ori: tensor(0.4214, device='cuda:0')
tensor([ 0.4298,  1.6100,  0.5278,  1.1932, -0.0584,  0.5395,  0.7606, -0.0788,
         0.6122,  0.2797, -0.1246, -0.0283,  0.4214], device='cuda:0')
Likelihood: -378.9715576171875
State is out of distribution
Solve time for step 22 (global step 21) 4.966817055013962
Current ori: tensor(0.4214, device='cuda:0')
tensor([ 0.4700,  1.6100,  0.5204,  1.0638,  0.0122,  0.5624,  0.6877, -0.1028,
         0.7282,  0.2579, -0.0872, -0.1620,  0.4215], device='cuda:0')
Likelihood: -382.3111572265625
State is out of distribution
Solve time for step 23 (global step 22) 5.028923513018526
Current ori: tensor(0.4215, device='cuda:0')
tensor([ 0.4487,  1.6100,  0.6409,  1.1656,  0.2268,  0.6320,  0.6839, -0.2202,
         0.7614,  0.2355, -0.1890, -0.1350,  0.4595], device='cuda:0')
Likelihood: -368.7042236328125
State is out of distribution
Solve time for step 24 (global step 23) 5.175417730002664
Current ori: tensor(0.4595, device='cuda:0')
tensor([ 0.2544,  1.6100,  0.7963,  1.0221,  0.2690,  0.5412,  0.5913, -0.2270,
         0.5568,  0.3023, -0.1890, -0.1620,  0.4595], device='cuda:0')
Likelihood: -415.37139892578125
State is out of distribution
Solve time for step 25 (global step 24) 5.270234092022292
Current ori: tensor(0.4595, device='cuda:0')
tensor([ 0.0704,  1.6100,  0.9525,  1.0911,  0.1598,  0.6839,  0.4952, -0.2270,
         0.7352,  0.1632, -0.1890, -0.1334,  0.4351], device='cuda:0')
Likelihood: -390.1955261230469
State is out of distribution
Solve time for step 26 (global step 25) 5.378940499969758
Current ori: tensor(0.4351, device='cuda:0')
tensor([ 0.0797,  1.4674,  0.9641,  0.9752,  0.3991,  0.8524,  0.6121, -0.2077,
         0.7928, -0.0886, -0.1890, -0.1188,  0.4352], device='cuda:0')
Likelihood: -359.44976806640625
State is out of distribution
Solve time for step 27 (global step 26) 5.426523796049878
Current ori: tensor(0.4352, device='cuda:0')
tensor([ 0.2704,  1.4830,  0.9525,  0.6654,  0.3360,  0.6910,  0.5744, -0.2270,
         0.6748, -0.0326, -0.1106, -0.0111,  0.4352], device='cuda:0')
Likelihood: -355.18658447265625
State is out of distribution
Solve time for step 28 (global step 27) 5.187187341041863
Current ori: tensor(0.4352, device='cuda:0')
tensor([ 0.3558,  1.5143,  0.8190,  0.7036,  0.1715,  0.7401,  0.4826, -0.2270,
         0.6332,  0.0865, -0.1215, -0.0766,  0.4899], device='cuda:0')
Likelihood: -371.29522705078125
State is out of distribution
Solve time for step 29 (global step 28) 5.387932494981214
Current ori: tensor(0.4899, device='cuda:0')
tensor([ 0.4045,  1.4962,  0.4946,  0.7310,  0.1534,  0.7648,  0.4153, -0.1377,
         0.5569,  0.1190, -0.1890, -0.1620,  0.5078], device='cuda:0')
Likelihood: -361.2369384765625
State is out of distribution
Solve time for step 30 (global step 29) 5.103676127037033
Current ori: tensor(0.5078, device='cuda:0')
tensor([ 0.3016,  1.4840,  0.5914,  0.6186,  0.1501,  0.6999,  0.5534, -0.1516,
         0.5388,  0.1500, -0.0230, -0.1252,  0.5468], device='cuda:0')
Likelihood: -358.4356689453125
State is out of distribution
Solve time for step 31 (global step 30) 4.948789807967842
Current ori: tensor(0.5468, device='cuda:0')
tensor([ 0.4700,  1.4842,  0.4830,  0.6849,  0.0428,  0.6239,  0.6216, -0.0536,
         0.5058,  0.0921, -0.0429, -0.1345,  0.6502], device='cuda:0')
Likelihood: -369.57080078125
State is out of distribution
Solve time for step 32 (global step 31) 4.983717360068113
Current ori: tensor(0.6502, device='cuda:0')
tensor([ 0.4225,  1.4434,  0.4349,  0.7096,  0.1677,  0.4912,  0.7162, -0.0208,
         0.6642,  0.0921,  0.0841,  0.1196,  0.6579], device='cuda:0')
Likelihood: -330.1756896972656
State is out of distribution
Solve time for step 33 (global step 32) 4.921818902948871
Current ori: tensor(0.6579, device='cuda:0')
tensor([ 0.4700,  1.5046,  0.5333,  0.9936, -0.0868,  0.5813,  0.6454, -0.2270,
         0.5411,  0.1526, -0.0304, -0.0825,  0.6579], device='cuda:0')
Likelihood: -389.3475341796875
State is out of distribution
Solve time for step 34 (global step 33) 4.996294943033718
Current ori: tensor(0.6579, device='cuda:0')
tensor([ 0.4700,  1.4465,  0.3218,  0.9083, -0.0149,  0.6031,  0.6728, -0.1575,
         0.6738,  0.2368, -0.0238,  0.0225,  0.6580], device='cuda:0')
Likelihood: -355.00274658203125
State is out of distribution
Solve time for step 35 (global step 34) 5.269311640062369
Current ori: tensor(0.6580, device='cuda:0')
tensor([ 0.3975,  1.5286,  0.3696,  0.9615,  0.1122,  0.6784,  0.6676, -0.2028,
         0.7195,  0.1891,  0.2208, -0.0985,  0.6936], device='cuda:0')
Likelihood: -372.4576416015625
State is out of distribution
Solve time for step 36 (global step 35) 5.040272547048517
Current ori: tensor(0.6936, device='cuda:0')
tensor([ 0.3460,  1.6100,  0.2987,  0.9208, -0.0702,  0.6514,  0.6511, -0.2270,
         0.8003,  0.1531,  0.1120, -0.0559,  0.7230], device='cuda:0')
Likelihood: -375.76800537109375
State is out of distribution
Solve time for step 37 (global step 36) 5.260335861006752
Current ori: tensor(0.7230, device='cuda:0')
tensor([ 0.4700,  1.6100,  0.3373,  1.0340, -0.0032,  0.5342,  0.5501, -0.1091,
         0.6880,  0.1413, -0.0971, -0.1559,  0.7230], device='cuda:0')
Likelihood: -400.49090576171875
State is out of distribution
Solve time for step 38 (global step 37) 5.951566806994379
Current ori: tensor(0.7230, device='cuda:0')
tensor([ 0.4700,  1.5341,  0.4328,  1.1427,  0.0335,  0.6532,  0.2715, -0.0478,
         0.5158,  0.0196, -0.0828, -0.1616,  0.7230], device='cuda:0')
Likelihood: -413.9088439941406
State is out of distribution
Solve time for step 39 (global step 38) 5.107130178948864
Current ori: tensor(0.7230, device='cuda:0')
tensor([ 0.4700,  1.5840,  0.2899,  0.8453,  0.2104,  0.6957,  0.3769, -0.2249,
         0.5894,  0.0485, -0.1890, -0.0385,  0.7230], device='cuda:0')
Likelihood: -388.07562255859375
State is out of distribution
Solve time for step 40 (global step 39) 5.115589638007805
Current ori: tensor(0.7230, device='cuda:0')
tensor([ 0.4700,  1.6100,  0.0349,  0.9576,  0.1944,  0.6423,  0.4153, -0.2136,
         0.6998,  0.3127, -0.1890,  0.1277,  0.7230], device='cuda:0')
Likelihood: -385.7420654296875
State is out of distribution
Solve time for step 41 (global step 40) 5.148272158927284
Current ori: tensor(0.7230, device='cuda:0')
tensor([ 0.4188,  1.6100,  0.2803,  0.9939,  0.4635,  0.4499,  0.4238, -0.2270,
         0.4809,  0.2834, -0.1890, -0.0329,  0.7230], device='cuda:0')
Likelihood: -390.2319030761719
State is out of distribution
Solve time for step 42 (global step 41) 4.967543878010474
Current ori: tensor(0.7230, device='cuda:0')
tensor([ 0.3827,  1.6100,  0.3928,  0.8380,  0.4681,  0.3901,  0.3448, -0.2066,
         0.2883,  0.0652, -0.1742,  0.0030,  0.7230], device='cuda:0')
Likelihood: -412.7292785644531
State is out of distribution
Solve time for step 43 (global step 42) 4.981451443978585
Current ori: tensor(0.7230, device='cuda:0')
tensor([ 0.3224,  1.6101,  0.3618,  0.9720,  0.4700,  0.6064,  0.1437, -0.2270,
         0.3710, -0.0987, -0.1625, -0.0326,  0.6465], device='cuda:0')
Likelihood: -407.0321044921875
State is out of distribution
Solve time for step 44 (global step 43) 5.2248208310920745
Current ori: tensor(0.6465, device='cuda:0')
tensor([ 0.3342,  1.6100,  0.0221,  0.9763,  0.4700,  0.6141,  0.2049, -0.2270,
         0.4830,  0.0117, -0.1890,  0.0581,  0.6384], device='cuda:0')
Likelihood: -394.7923278808594
State is out of distribution
Solve time for step 45 (global step 44) 5.120284230913967
Current ori: tensor(0.6384, device='cuda:0')
tensor([ 0.3634,  1.6061, -0.1127,  1.0709,  0.4294,  0.6821,  0.1777, -0.1364,
         0.6259, -0.0632, -0.1890, -0.0169,  0.6384], device='cuda:0')
Likelihood: -414.109619140625
State is out of distribution
Solve time for step 46 (global step 45) 4.899125105002895
Current ori: tensor(0.6384, device='cuda:0')
tensor([ 0.2331,  1.6099, -0.1741,  1.0591,  0.4700,  0.6734,  0.3446,  0.0080,
         0.6474, -0.0184, -0.1187, -0.0519,  0.5477], device='cuda:0')
Likelihood: -392.1060791015625
State is out of distribution
Solve time for step 47 (global step 46) 5.065213227993809
Current ori: tensor(0.5477, device='cuda:0')
tensor([ 0.1961,  1.5680, -0.1741,  1.0685,  0.3615,  0.7859,  0.4855,  0.0295,
         0.6240,  0.1004, -0.1890, -0.0649,  0.5267], device='cuda:0')
Likelihood: -370.83245849609375
State is out of distribution
Solve time for step 48 (global step 47) 4.9934317180886865
Current ori: tensor(0.5267, device='cuda:0')
tensor([ 0.2602,  1.6100, -0.1740,  1.0594,  0.3513,  0.8469,  0.4024,  0.0573,
         0.5876, -0.0260, -0.1890, -0.0146,  0.5257], device='cuda:0')
Likelihood: -371.1805725097656
State is out of distribution
Solve time for step 49 (global step 48) 5.137422647909261
Current ori: tensor(0.5257, device='cuda:0')
tensor([ 0.1729,  1.6102, -0.1740,  0.8394,  0.4337,  0.8289,  0.6275, -0.0903,
         0.5304, -0.0480, -0.0198,  0.0240,  0.5054], device='cuda:0')
Likelihood: -380.416748046875
State is out of distribution
Solve time for step 50 (global step 49) 5.113116966094822
Current ori: tensor(0.5054, device='cuda:0')
tensor([ 0.1572,  1.6098, -0.1150,  0.7787,  0.3013,  0.7870,  0.6344, -0.2270,
         0.5938, -0.1050, -0.1459, -0.1620,  0.4688], device='cuda:0')
Likelihood: -384.6761474609375
State is out of distribution
Solve time for step 51 (global step 50) 5.082099905004725
Current ori: tensor(0.4688, device='cuda:0')
tensor([ 0.1614,  1.6103, -0.1529,  0.7859,  0.2342,  0.6515,  0.6839, -0.0713,
         0.7305, -0.1050, -0.0320, -0.1620,  0.5094], device='cuda:0')
Likelihood: -374.45806884765625
State is out of distribution
Solve time for step 52 (global step 51) 4.92232467897702
Current ori: tensor(0.5094, device='cuda:0')
tensor([ 0.2606,  1.4883, -0.1042,  0.7407,  0.2190,  0.5876,  0.7153,  0.0576,
         0.8102, -0.0586, -0.0465, -0.0570,  0.5850], device='cuda:0')
Likelihood: -346.7874450683594
State is out of distribution
Solve time for step 53 (global step 52) 4.941102863056585
Current ori: tensor(0.5850, device='cuda:0')
tensor([ 0.3454,  1.6100, -0.0510,  0.8692,  0.2663,  0.7772,  0.7157, -0.0254,
         0.9133,  0.0324,  0.2340, -0.1620,  0.6417], device='cuda:0')
Likelihood: -368.4427490234375
State is out of distribution
Solve time for step 54 (global step 53) 5.189007217995822
Current ori: tensor(0.6417, device='cuda:0')
tensor([ 0.3301,  1.6100, -0.1740,  0.8722,  0.1634,  0.5592,  0.6769,  0.0761,
         0.9170,  0.0899,  0.2451, -0.1620,  0.6453], device='cuda:0')
Likelihood: -364.4840087890625
State is out of distribution
Solve time for step 55 (global step 54) 5.824276129016653
Current ori: tensor(0.6453, device='cuda:0')
tensor([ 0.2339,  1.6099, -0.1740,  0.9986,  0.3350,  0.6632,  0.5156,  0.2874,
         0.8962,  0.0615,  0.0575, -0.0928,  0.5683], device='cuda:0')
Likelihood: -353.3639831542969
State is out of distribution
Solve time for step 56 (global step 55) 5.552321843104437
Current ori: tensor(0.5683, device='cuda:0')
tensor([ 0.2319,  1.6100, -0.1740,  1.3476,  0.3281,  0.8389,  0.5121,  0.2614,
         1.0698,  0.0233,  0.0417, -0.1620,  0.4728], device='cuda:0')
Likelihood: -358.40234375
State is out of distribution
Solve time for step 57 (global step 56) 5.362580219050869
Current ori: tensor(0.4728, device='cuda:0')
tensor([ 0.3812,  1.5760, -0.0513,  1.2542,  0.2550,  0.6607,  0.5924,  0.3301,
         1.0421, -0.1050, -0.0543, -0.0746,  0.4936], device='cuda:0')
Likelihood: -333.28985595703125
State is out of distribution
Solve time for step 58 (global step 57) 5.648882723064162
Current ori: tensor(0.4936, device='cuda:0')
tensor([ 0.4700,  1.6100,  0.0080,  1.1314,  0.1051,  0.5649,  0.4715,  0.4383,
         1.0613, -0.1050,  0.0468, -0.1485,  0.5198], device='cuda:0')
Likelihood: -342.12310791015625
State is out of distribution
Solve time for step 59 (global step 58) 5.181426648050547
Current ori: tensor(0.5198, device='cuda:0')
tensor([ 0.4700,  1.5051,  0.0019,  1.2857,  0.0246,  0.4274,  0.3840,  0.4576,
         1.0886, -0.0523, -0.1073, -0.1620,  0.5198], device='cuda:0')
Likelihood: -333.113037109375
State is out of distribution
Solve time for step 60 (global step 59) 5.339669252047315
Current ori: tensor(0.5198, device='cuda:0')
tensor([ 0.4537,  1.4674, -0.0262,  1.3394,  0.0736,  0.4991,  0.3936,  0.5324,
         1.1718,  0.0285, -0.0254, -0.1620,  0.5198], device='cuda:0')
Likelihood: -334.925537109375
State is out of distribution
Solve time for step 61 (global step 60) 5.33186747902073
Current ori: tensor(0.5198, device='cuda:0')
tensor([ 0.4700,  1.5717,  0.0097,  1.3435, -0.0610,  0.3717,  0.5709,  0.6484,
         1.2125,  0.0643, -0.0829, -0.1620,  0.5198], device='cuda:0')
Likelihood: -315.32354736328125
State is out of distribution
Solve time for step 62 (global step 61) 5.240878526004963
Current ori: tensor(0.5198, device='cuda:0')
tensor([ 0.2851,  1.4499, -0.1740,  1.5628, -0.1095,  0.3998,  0.6153,  0.7870,
         0.9320,  0.0520, -0.1672, -0.1620,  0.5507], device='cuda:0')
Likelihood: -298.341796875
State is out of distribution
Solve time for step 63 (global step 62) 5.076328285038471
Current ori: tensor(0.5507, device='cuda:0')
tensor([ 0.4042,  1.4845,  0.0147,  1.6180, -0.1922,  0.4123,  0.5332,  1.0339,
         0.8541, -0.1050, -0.1098,  0.0925,  0.5543], device='cuda:0')
Likelihood: -277.16943359375
State is out of distribution
Solve time for step 64 (global step 63) 5.079690785030834
Current ori: tensor(0.5543, device='cuda:0')
tensor([ 0.4700,  1.6100, -0.0704,  1.6180, -0.2191,  0.4116,  0.6682,  0.8284,
         0.9504, -0.1050, -0.1227,  0.0172,  0.5543], device='cuda:0')
Likelihood: -314.61798095703125
State is out of distribution
Solve time for step 65 (global step 64) 5.124559115967713
Current ori: tensor(0.5543, device='cuda:0')
tensor([ 0.4700,  1.4105, -0.1740,  1.6180,  0.1344,  0.3130,  0.6355,  0.8121,
         0.9816, -0.1050, -0.0997,  0.2094,  0.5543], device='cuda:0')
Likelihood: -283.9346923828125
State is out of distribution
Solve time for step 66 (global step 65) 4.986647743964568
Current ori: tensor(0.5543, device='cuda:0')
tensor([ 0.4700,  1.6100, -0.1675,  1.6180, -0.0384,  0.3428,  0.6824,  0.7132,
         1.0316, -0.1050, -0.1890,  0.2095,  0.5544], device='cuda:0')
Likelihood: -296.8371276855469
State is out of distribution
Solve time for step 67 (global step 66) 4.871845467016101
Current ori: tensor(0.5544, device='cuda:0')
tensor([ 0.2942,  1.6100, -0.1740,  1.4791, -0.0227,  0.1958,  0.7006,  0.7093,
         0.9154, -0.1050, -0.1890,  0.0597,  0.5544], device='cuda:0')
Likelihood: -291.22918701171875
State is out of distribution
Solve time for step 68 (global step 67) 4.871900915983133
Current ori: tensor(0.5544, device='cuda:0')
tensor([ 0.2798,  1.6100, -0.1710,  1.4168, -0.0469,  0.2650,  0.7934,  0.6970,
         0.7541, -0.1050, -0.1890,  0.1083,  0.5544], device='cuda:0')
Likelihood: -287.44403076171875
State is out of distribution
Solve time for step 69 (global step 68) 5.134746766998433
Current ori: tensor(0.5544, device='cuda:0')
tensor([ 0.3452,  1.6100, -0.0107,  1.5080, -0.0273,  0.1293,  1.0499,  0.5605,
         0.6501, -0.1050, -0.1890,  0.2690,  0.5545], device='cuda:0')
Likelihood: -294.71429443359375
State is out of distribution
Solve time for step 70 (global step 69) 5.532681919052266
Current ori: tensor(0.5545, device='cuda:0')
tensor([ 0.2704,  1.5248,  0.0749,  1.6180, -0.0161, -0.0023,  1.0414,  0.5215,
         0.4661, -0.0314, -0.0596,  0.2701,  0.4604], device='cuda:0')
Likelihood: -308.0552062988281
State is out of distribution
Solve time for step 71 (global step 70) 5.299129726015963
Current ori: tensor(0.4604, device='cuda:0')
tensor([ 0.1977,  1.5435, -0.0815,  1.3866,  0.2219,  0.0518,  1.2616,  0.7246,
         0.3381, -0.1050, -0.0020,  0.1813,  0.4083], device='cuda:0')
Likelihood: -318.368408203125
State is out of distribution
Solve time for step 72 (global step 71) 5.424193485989235
Current ori: tensor(0.4083, device='cuda:0')
tensor([ 0.4105,  1.6100, -0.0583,  1.5150,  0.2858,  0.1038,  1.3172,  0.7426,
         0.4309, -0.1050, -0.1614, -0.0328,  0.4077], device='cuda:0')
Likelihood: -336.7584228515625
State is out of distribution
Solve time for step 73 (global step 72) 5.304641171940602
Current ori: tensor(0.4077, device='cuda:0')
tensor([ 0.4700,  1.5189, -0.1272,  1.4201,  0.2042,  0.1453,  1.0975,  0.7673,
         0.3247, -0.0260, -0.1890, -0.0410,  0.5321], device='cuda:0')
Likelihood: -349.4337463378906
State is out of distribution
Solve time for step 74 (global step 73) 5.050978853949346
Current ori: tensor(0.5321, device='cuda:0')
tensor([ 0.2258,  1.5537, -0.1740,  1.2727,  0.2886,  0.1090,  1.1109,  0.8603,
         0.4461, -0.0836, -0.1890, -0.1526,  0.5283], device='cuda:0')
Likelihood: -329.12823486328125
State is out of distribution
Solve time for step 75 (global step 74) 5.058117471984588
Current ori: tensor(0.5283, device='cuda:0')
tensor([ 3.3476e-01,  1.5660e+00, -1.7395e-01,  1.1624e+00,  1.3645e-01,
         7.4024e-02,  1.1101e+00,  8.8744e-01,  5.7845e-01, -1.1719e-03,
        -7.5283e-02, -1.3321e-01,  5.2548e-01], device='cuda:0')
Likelihood: -313.7607727050781
State is out of distribution
Solve time for step 76 (global step 75) 5.1052670769859105
Current ori: tensor(0.5255, device='cuda:0')
tensor([ 0.2937,  1.6100, -0.1438,  1.0182,  0.1647,  0.0631,  1.2834,  0.8632,
         0.6719, -0.0107, -0.1890, -0.1620,  0.5255], device='cuda:0')
Likelihood: -302.0146789550781
State is out of distribution
Solve time for step 77 (global step 76) 4.990159702952951
Current ori: tensor(0.5255, device='cuda:0')
tensor([ 0.2297,  1.6100,  0.0249,  0.9416,  0.0477, -0.0600,  1.1443,  0.8094,
         0.7799,  0.0862, -0.1890, -0.1620,  0.4682], device='cuda:0')
Likelihood: -273.4688415527344
State is out of distribution
Solve time for step 78 (global step 77) 4.967485925997607
Current ori: tensor(0.4682, device='cuda:0')
tensor([ 0.1010,  1.6106,  0.0685,  0.9193, -0.1154, -0.0442,  1.0846,  0.8016,
         0.8459,  0.0899, -0.1890, -0.1241,  0.1797], device='cuda:0')
Likelihood: -260.9684753417969
State is out of distribution
Solve time for step 79 (global step 78) 5.308175956946798
Current ori: tensor(0.1797, device='cuda:0')
tensor([ 0.1058,  1.6104,  0.0609,  0.9242, -0.0758, -0.0468,  1.1872,  0.6862,
         0.6664,  0.1062, -0.1890, -0.1395,  0.1913], device='cuda:0')
Likelihood: -282.97650146484375
State is out of distribution
Solve time for step 80 (global step 79) 4.9993456969968975
Current ori: tensor(0.1913, device='cuda:0')
tensor([ 0.1043,  1.6100,  0.2679,  0.6759, -0.1134,  0.1631,  1.0044,  0.7351,
         0.6635,  0.1710, -0.1890, -0.1620,  0.1524], device='cuda:0')
Likelihood: -271.8719482421875
State is out of distribution
Solve time for step 81 (global step 80) 5.334590452024713
Current ori: tensor(0.1524, device='cuda:0')
tensor([ 0.0073,  1.4961,  0.4853,  0.7299,  0.0903,  0.1355,  0.9441,  0.7295,
         0.6874,  0.2395, -0.1890, -0.1620, -0.0782], device='cuda:0')
Likelihood: -282.2080078125
State is out of distribution
Solve time for step 82 (global step 81) 5.154896110063419
Current ori: tensor(-0.0782, device='cuda:0')
tensor([-0.0291,  1.6100,  0.4700,  0.5508,  0.1395,  0.2268,  0.7942,  0.7533,
         0.7427,  0.3280, -0.1890, -0.0653, -0.1622], device='cuda:0')
Likelihood: -259.27105712890625
State is out of distribution
Solve time for step 83 (global step 82) 5.315261043026112
Current ori: tensor(-0.1622, device='cuda:0')
tensor([-0.0616,  1.6100,  0.7261,  0.5085, -0.0211,  0.2283,  0.7861,  0.6355,
         0.5238,  0.1811, -0.0972,  0.0044, -0.2167], device='cuda:0')
Likelihood: -294.4308166503906
State is out of distribution
Solve time for step 84 (global step 83) 5.6990719171008095
Current ori: tensor(-0.2167, device='cuda:0')
tensor([ 0.0024,  1.6100,  0.4915,  0.5737,  0.0255,  0.3651,  0.6506,  0.8070,
         0.6060,  0.0847, -0.0891,  0.0134, -0.2186], device='cuda:0')
Likelihood: -256.0266418457031
State is out of distribution
Solve time for step 85 (global step 84) 5.329863244085573
Current ori: tensor(-0.2186, device='cuda:0')
tensor([ 0.2877,  1.4954,  0.5218,  0.5705, -0.0386,  0.4995,  0.6757,  0.7682,
         0.6600,  0.1949, -0.1890, -0.1111, -0.0949], device='cuda:0')
Likelihood: -274.8009033203125
State is out of distribution
Solve time for step 86 (global step 85) 5.062725028954446
Current ori: tensor(-0.0949, device='cuda:0')
tensor([ 0.4700,  1.6100,  0.6321,  0.6091, -0.0230,  0.3504,  0.9877,  0.8659,
         0.6881,  0.1042, -0.1409, -0.1620, -0.0830], device='cuda:0')
Likelihood: -276.5458068847656
State is out of distribution
Solve time for step 87 (global step 86) 5.2180853669997305
Current ori: tensor(-0.0830, device='cuda:0')
tensor([ 0.4700,  1.6100,  0.7458,  0.7121, -0.0100,  0.2451,  1.1499,  0.7356,
         0.6037,  0.4408, -0.1890, -0.1620, -0.0920], device='cuda:0')
Likelihood: -287.94091796875
State is out of distribution
Solve time for step 88 (global step 87) 5.161287263035774
Current ori: tensor(-0.0920, device='cuda:0')
tensor([ 0.4700,  1.6100,  0.6945,  0.5416,  0.2991,  0.1088,  1.0463,  0.6624,
         0.3500,  0.4152, -0.1511, -0.1426, -0.3454], device='cuda:0')
Likelihood: -335.8526611328125
State is out of distribution
Solve time for step 89 (global step 88) 5.068764421041124
Current ori: tensor(-0.3454, device='cuda:0')
tensor([ 0.4700,  1.6100,  0.6079,  0.5188,  0.3119,  0.1904,  0.8864,  0.7087,
         0.4103,  0.3292, -0.1890, -0.1050, -0.3847], device='cuda:0')
Likelihood: -322.3946533203125
State is out of distribution
Solve time for step 90 (global step 89) 5.158073354046792
Current ori: tensor(-0.3847, device='cuda:0')
tensor([ 0.4550,  1.3915,  0.6006,  0.5371,  0.3649,  0.2946,  0.6899,  0.8094,
         0.4891,  0.2364, -0.1890, -0.0320, -0.3924], device='cuda:0')
Likelihood: -310.4161376953125
State is out of distribution
Solve time for step 91 (global step 90) 4.954421450034715
Current ori: tensor(-0.3924, device='cuda:0')
tensor([ 0.4593,  1.2502,  0.7195,  0.5037,  0.4073,  0.2724,  0.7852,  0.7261,
         0.5945,  0.2054, -0.1890, -0.0360, -0.3923], device='cuda:0')
Likelihood: -303.9715576171875
State is out of distribution
Solve time for step 92 (global step 91) 4.933993512997404
Current ori: tensor(-0.3923, device='cuda:0')
tensor([ 0.4700,  1.5211,  0.8781,  0.5392,  0.4467,  0.3310,  0.4441,  0.6966,
         0.6716,  0.0729, -0.1045,  0.0600, -0.3923], device='cuda:0')
Likelihood: -306.05938720703125
State is out of distribution
Solve time for step 93 (global step 92) 4.959895240957849
Current ori: tensor(-0.3923, device='cuda:0')
tensor([ 0.4398,  1.3152,  0.9574,  0.4767,  0.4700,  0.3523,  0.3739,  0.8929,
         0.7130,  0.2251, -0.1890,  0.0765, -0.3923], device='cuda:0')
Likelihood: -288.1905517578125
State is out of distribution
Solve time for step 94 (global step 93) 4.989017546991818
Current ori: tensor(-0.3923, device='cuda:0')
tensor([ 0.3626,  1.3019,  1.0730,  0.6008,  0.4700,  0.3576,  0.4047,  1.0448,
         0.6442, -0.0763, -0.1890,  0.2499, -0.3923], device='cuda:0')
Likelihood: -295.8255920410156
State is out of distribution
Solve time for step 95 (global step 94) 5.142877029022202
Current ori: tensor(-0.3923, device='cuda:0')
tensor([ 0.4064,  1.4008,  0.9040,  0.7429,  0.4700,  0.3695,  0.5200,  1.3213,
         0.4036, -0.0127, -0.1890,  0.1902, -0.3923], device='cuda:0')
Likelihood: -335.3724365234375
State is out of distribution
Solve time for step 96 (global step 95) 5.0545418380061164
Current ori: tensor(-0.3923, device='cuda:0')
tensor([ 0.4700,  1.4106,  1.1203,  0.7093,  0.4700,  0.3291,  0.6870,  1.2391,
         0.3962, -0.0089,  0.0568, -0.0199, -0.3923], device='cuda:0')
Likelihood: -319.4895935058594
State is out of distribution
Solve time for step 97 (global step 96) 5.395023597986437
Current ori: tensor(-0.3923, device='cuda:0')
tensor([ 0.2774,  1.5837,  1.0900,  0.7218,  0.4700,  0.5152,  0.8602,  1.2964,
         0.5232,  0.0676,  0.0689, -0.1620, -0.3923], device='cuda:0')
Likelihood: -292.6309509277344
State is out of distribution
Solve time for step 98 (global step 97) 5.003019714960828
Current ori: tensor(-0.3923, device='cuda:0')
tensor([ 1.7516e-01,  1.6005e+00,  1.0357e+00,  7.8020e-01,  4.7000e-01,
         5.6576e-01,  7.7227e-01,  1.5252e+00,  7.2301e-01, -2.2290e-02,
        -1.3962e-03, -1.6200e-01, -3.9234e-01], device='cuda:0')
Likelihood: -288.4712829589844
State is out of distribution
Solve time for step 99 (global step 98) 4.820875155972317
Current ori: tensor(-0.3923, device='cuda:0')
tensor([ 0.1575,  1.5892,  1.1477,  0.5795,  0.3709,  0.4627,  0.7410,  1.6180,
         0.6665, -0.0805,  0.0721, -0.0110, -0.3923], device='cuda:0')
Likelihood: -293.25665283203125
State is out of distribution
Solve time for step 100 (global step 99) 5.183183092973195
Current ori: tensor(-0.3923, device='cuda:0')
Average turn amount: -0.22469359636306763 over 2 trials
{}

Trial 3
No action perturbation this trial
Loaded trajectory sampler
Current yaw: tensor([0.1483], device='cuda:0')
Current yaw: tensor([0.1261], device='cuda:0')
1 turn
Likelihood: -95.17667388916016
State is out of distribution
Current yaw: tensor([0.1261], device='cuda:0')
2 mppi
tensor([ 0.1940,  0.4987,  0.6729,  1.0847, -0.0954,  0.2151,  0.8696,  0.9051,
         1.1828,  0.3315, -0.0570,  1.1976,  0.1261], device='cuda:0')
Solve time for step 1 (global step 0) 25.004968639928848
Current ori: tensor(0.1261, device='cuda:0')
tensor([ 0.1529,  0.5665,  0.5281,  1.2844, -0.0363,  0.2320,  0.6989,  1.1203,
         1.0210,  0.5730, -0.1890,  1.2372,  0.0811], device='cuda:0')
Likelihood: -163.70095825195312
State is out of distribution
Solve time for step 2 (global step 1) 5.466333959018812
Current ori: tensor(0.0811, device='cuda:0')
tensor([-0.0673,  0.4807,  0.7343,  1.2130, -0.0859,  0.2929,  0.4740,  0.9615,
         0.8723,  0.7393, -0.1784,  1.1983,  0.0856], device='cuda:0')
Likelihood: -217.45616149902344
State is out of distribution
Solve time for step 3 (global step 2) 4.955575520987622
Current ori: tensor(0.0856, device='cuda:0')
tensor([-0.0544,  0.4085,  0.7422,  1.1848,  0.0668,  0.2920,  0.4198,  0.8679,
         0.8944,  0.7164, -0.1890,  1.1932,  0.0863], device='cuda:0')
Likelihood: -222.21295166015625
State is out of distribution
Solve time for step 4 (global step 3) 5.560086335986853
Current ori: tensor(0.0863, device='cuda:0')
tensor([ 0.0172,  0.4124,  0.9971,  1.4460,  0.4063,  0.0457,  0.3968,  0.7554,
         0.6495,  0.5775, -0.1890,  1.2278,  0.0721], device='cuda:0')
Likelihood: -278.8670654296875
State is out of distribution
Solve time for step 5 (global step 4) 5.11991287895944
Current ori: tensor(0.0721, device='cuda:0')
tensor([ 0.0629,  0.3336,  0.9163,  1.6180,  0.2922,  0.1621,  0.4319,  0.8467,
         0.5910,  0.6362, -0.1890,  1.3173,  0.0721], device='cuda:0')
Likelihood: -290.61395263671875
State is out of distribution
Solve time for step 6 (global step 5) 5.034692284069024
Current ori: tensor(0.0721, device='cuda:0')
tensor([0.0256, 0.4608, 0.7859, 1.5376, 0.4700, 0.2960, 0.3430, 0.7590, 0.7764,
        0.6316, 0.0318, 1.1387, 0.0651], device='cuda:0')
Likelihood: -248.1951904296875
State is out of distribution
Solve time for step 7 (global step 6) 5.088691411889158
Current ori: tensor(0.0651, device='cuda:0')
tensor([0.0635, 0.5531, 0.8201, 1.5490, 0.4617, 0.5975, 0.2915, 0.6103, 0.4986,
        0.5695, 0.1672, 0.9944, 0.0644], device='cuda:0')
Likelihood: -280.404541015625
State is out of distribution
Solve time for step 8 (global step 7) 5.0332157619996
Current ori: tensor(0.0644, device='cuda:0')
tensor([-0.0218,  0.5871,  0.7350,  1.6180,  0.3412,  0.5442,  0.3498,  0.6327,
         0.5525,  0.6600,  0.1119,  0.9415,  0.0643], device='cuda:0')
Likelihood: -261.5316467285156
State is out of distribution
Solve time for step 9 (global step 8) 5.382353535969742
Current ori: tensor(0.0643, device='cuda:0')
tensor([ 0.0216,  0.5624,  1.0060,  1.6180,  0.4700,  0.4642,  0.2102,  0.5806,
         0.4727,  0.7435, -0.0413,  1.1094,  0.0643], device='cuda:0')
Likelihood: -322.93743896484375
State is out of distribution
Solve time for step 10 (global step 9) 5.190423951018602
Current ori: tensor(0.0643, device='cuda:0')
tensor([-0.1637,  0.6499,  1.0747,  1.6180,  0.4596,  0.4726,  0.3948,  0.5667,
         0.5611,  0.6908, -0.1334,  1.0632,  0.0643], device='cuda:0')
Likelihood: -311.4059753417969
State is out of distribution
Solve time for step 11 (global step 10) 5.061361578991637
Current ori: tensor(0.0643, device='cuda:0')
tensor([ 0.0557,  0.7359,  1.0914,  1.6180,  0.4481,  0.5880,  0.2496,  0.4440,
         0.6923,  0.7463, -0.1890,  1.3050,  0.0643], device='cuda:0')
Likelihood: -312.2861633300781
State is out of distribution
Solve time for step 12 (global step 11) 5.283536578994244
Current ori: tensor(0.0643, device='cuda:0')
tensor([ 0.0036,  0.5583,  1.3071,  1.6180,  0.4700,  0.6288,  0.1644,  0.5730,
         0.6102,  0.6963, -0.1890,  1.3906,  0.0643], device='cuda:0')
Likelihood: -342.7870788574219
State is out of distribution
Solve time for step 13 (global step 12) 5.303535541985184
Current ori: tensor(0.0643, device='cuda:0')
tensor([-0.1607,  0.5752,  1.2462,  1.6174,  0.4444,  0.6649, -0.0654,  0.5817,
         0.4697,  0.6558, -0.1890,  1.3686,  0.0643], device='cuda:0')
Likelihood: -380.4414978027344
State is out of distribution
Solve time for step 14 (global step 13) 5.38115519809071
Current ori: tensor(0.0643, device='cuda:0')
tensor([-0.1839,  0.8320,  1.3900,  1.4975,  0.4700,  0.8425, -0.0609,  0.3107,
         0.2678,  0.6776, -0.0571,  1.2879,  0.0643], device='cuda:0')
Likelihood: -416.1546936035156
State is out of distribution
Solve time for step 15 (global step 14) 5.346569480956532
Current ori: tensor(0.0643, device='cuda:0')
tensor([-0.0484,  0.9250,  1.3853,  1.6180,  0.4364,  0.7817,  0.1326,  0.1861,
         0.2630,  0.9514,  0.1025,  1.0030,  0.0643], device='cuda:0')
Likelihood: -397.59259033203125
State is out of distribution
Solve time for step 16 (global step 15) 5.230812883004546
Current ori: tensor(0.0643, device='cuda:0')
tensor([-0.0557,  1.1001,  1.5961,  1.6181,  0.4693,  0.8911,  0.0990,  0.0277,
         0.2630,  0.8847,  0.3518,  1.1756,  0.0643], device='cuda:0')
Likelihood: -402.01776123046875
State is out of distribution
Solve time for step 17 (global step 16) 5.130446366965771
Current ori: tensor(0.0643, device='cuda:0')
tensor([0.0196, 1.2622, 1.5064, 1.6183, 0.4700, 1.0577, 0.0366, 0.3081, 0.3257,
        0.6291, 0.3644, 0.9169, 0.0643], device='cuda:0')
Likelihood: -358.63677978515625
State is out of distribution
Solve time for step 18 (global step 17) 5.378100799978711
Current ori: tensor(0.0643, device='cuda:0')
tensor([-0.2096,  1.2622,  1.3998,  1.6001,  0.4015,  1.1467, -0.1196,  0.2820,
         0.4962,  0.4672,  0.1746,  0.9557,  0.2321], device='cuda:0')
Likelihood: -381.49249267578125
State is out of distribution
Solve time for step 19 (global step 18) 5.212840822059661
Current ori: tensor(0.2321, device='cuda:0')
tensor([-0.4316,  1.3660,  1.1075,  1.4852,  0.4700,  1.2924, -0.1740,  0.1672,
         0.6121,  0.3431,  0.0067,  0.9049,  0.2498], device='cuda:0')
Likelihood: -401.7027893066406
State is out of distribution
Solve time for step 20 (global step 19) 4.935667514917441
Current ori: tensor(0.2498, device='cuda:0')
tensor([-0.4700,  1.4650,  1.1379,  1.5839,  0.4700,  1.3327, -0.1496,  0.0426,
         0.7929,  0.4324, -0.0231,  1.0126,  0.1614], device='cuda:0')
Likelihood: -401.3974609375
State is out of distribution
Solve time for step 21 (global step 20) 5.003331733983941
Current ori: tensor(0.1614, device='cuda:0')
tensor([-0.3441,  1.5856,  1.1581,  1.5397,  0.4700,  1.3693, -0.1741,  0.0867,
         0.9512,  0.4756,  0.2321,  0.9200,  0.0465], device='cuda:0')
Likelihood: -372.2728271484375
State is out of distribution
Solve time for step 22 (global step 21) 4.927722821012139
Current ori: tensor(0.0465, device='cuda:0')
tensor([-0.3176,  1.6099,  1.0441,  1.5557,  0.4700,  1.3834, -0.1740,  0.0212,
         0.7642,  0.2196, -0.0403,  0.7861,  0.0356], device='cuda:0')
Likelihood: -390.70306396484375
State is out of distribution
Solve time for step 23 (global step 22) 4.927298208000138
Current ori: tensor(0.0356, device='cuda:0')
tensor([-0.4288,  1.6100,  1.1338,  1.5275,  0.4700,  1.2285,  0.1346,  0.0378,
         0.6116,  0.2513, -0.1035,  1.1463,  0.0060], device='cuda:0')
Likelihood: -391.06964111328125
State is out of distribution
Solve time for step 24 (global step 23) 5.3093952930066735
Current ori: tensor(0.0060, device='cuda:0')
tensor([-0.1934,  1.6100,  1.0312,  1.6180,  0.4700,  1.2573,  0.0483,  0.1252,
         0.4029,  0.2261, -0.1484,  1.1429,  0.0096], device='cuda:0')
Likelihood: -366.4569091796875
State is out of distribution
Solve time for step 25 (global step 24) 5.7686098059639335
Current ori: tensor(0.0096, device='cuda:0')
tensor([-0.1613,  1.5286,  1.0099,  1.6000,  0.4305,  1.0193,  0.0649,  0.2265,
         0.5727,  0.0084, -0.1890,  1.0648,  0.1187], device='cuda:0')
Likelihood: -360.81890869140625
State is out of distribution
Solve time for step 26 (global step 25) 5.387715860037133
Current ori: tensor(0.1187, device='cuda:0')
tensor([-0.2537,  1.4162,  1.0565,  1.6180,  0.4700,  1.0112, -0.0380,  0.2221,
         0.7154, -0.1050, -0.1890,  0.7922,  0.1334], device='cuda:0')
Likelihood: -366.8509826660156
State is out of distribution
Solve time for step 27 (global step 26) 5.524876874987967
Current ori: tensor(0.1334, device='cuda:0')
tensor([-0.4047,  1.2467,  1.0337,  1.6066,  0.4526,  1.0571, -0.1740,  0.1021,
         0.5768, -0.1050, -0.1890,  0.8681,  0.1334], device='cuda:0')
Likelihood: -397.59954833984375
State is out of distribution
Solve time for step 28 (global step 27) 5.324448816012591
Current ori: tensor(0.1334, device='cuda:0')
tensor([-0.4045,  1.2181,  1.1271,  1.6180,  0.4058,  1.0557, -0.0740,  0.0561,
         0.6159, -0.0103, -0.1890,  0.7844,  0.1663], device='cuda:0')
Likelihood: -389.04107666015625
State is out of distribution
Solve time for step 29 (global step 28) 5.178435807931237
Current ori: tensor(0.1663, device='cuda:0')
tensor([-0.3913,  1.2754,  0.9498,  1.6180,  0.4004,  1.0750, -0.1045,  0.2740,
         0.7057,  0.1930, -0.1890,  0.4566,  0.1929], device='cuda:0')
Likelihood: -387.3691101074219
State is out of distribution
Solve time for step 30 (global step 29) 4.940101828076877
Current ori: tensor(0.1929, device='cuda:0')
tensor([-0.4571,  1.3215,  0.9850,  1.6180,  0.4700,  1.2715, -0.1530,  0.2355,
         0.6357,  0.1457, -0.1890,  0.5338,  0.1934], device='cuda:0')
Likelihood: -397.4464111328125
State is out of distribution
Solve time for step 31 (global step 30) 5.041214540950023
Current ori: tensor(0.1934, device='cuda:0')
tensor([-0.4229,  1.2277,  1.0489,  1.5451,  0.4700,  1.1583, -0.1740,  0.4758,
         0.8666,  0.1327, -0.1890,  0.4950,  0.1934], device='cuda:0')
Likelihood: -363.29510498046875
State is out of distribution
Solve time for step 32 (global step 31) 4.968268809956498
Current ori: tensor(0.1934, device='cuda:0')
tensor([-0.4700,  1.0395,  1.2411,  1.5425,  0.3930,  1.0468, -0.1321,  0.3305,
         1.0233,  0.2039, -0.1828,  0.4334,  0.1946], device='cuda:0')
Likelihood: -348.08306884765625
State is out of distribution
Solve time for step 33 (global step 32) 4.888555367011577
Current ori: tensor(0.1946, device='cuda:0')
tensor([-0.4671,  1.2017,  0.9988,  1.5121,  0.4487,  1.1374, -0.0876,  0.4066,
         1.0841,  0.2949, -0.1890,  0.4229,  0.1950], device='cuda:0')
Likelihood: -358.9266357421875
State is out of distribution
Solve time for step 34 (global step 33) 5.186824426986277
Current ori: tensor(0.1950, device='cuda:0')
tensor([-0.4700,  1.2268,  1.0309,  1.5939,  0.4700,  1.2169, -0.1740,  0.3986,
         0.8469,  0.3785, -0.1890,  0.4455,  0.1950], device='cuda:0')
Likelihood: -387.1251220703125
State is out of distribution
Solve time for step 35 (global step 34) 5.283452239003964
Current ori: tensor(0.1950, device='cuda:0')
tensor([-0.4700,  1.2074,  1.1932,  1.3650,  0.4700,  1.2109, -0.1064,  0.5423,
         0.6505,  0.2541, -0.1890,  0.2020,  0.1393], device='cuda:0')
Likelihood: -379.0451965332031
State is out of distribution
Solve time for step 36 (global step 35) 5.14175125292968
Current ori: tensor(0.1393, device='cuda:0')
tensor([-0.4700,  1.4241,  1.1542,  1.2085,  0.4700,  1.2602, -0.1736,  0.5464,
         0.6586,  0.2518, -0.1890,  0.0951,  0.0974], device='cuda:0')
Likelihood: -394.614013671875
State is out of distribution
Solve time for step 37 (global step 36) 5.03148651891388
Current ori: tensor(0.0974, device='cuda:0')
tensor([-0.4165,  1.5267,  1.1933,  1.0566,  0.4700,  1.0610, -0.1739,  0.5076,
         0.7513,  0.1822, -0.1890,  0.1163,  0.0960], device='cuda:0')
Likelihood: -379.11419677734375
State is out of distribution
Solve time for step 38 (global step 37) 4.973748776013963
Current ori: tensor(0.0960, device='cuda:0')
tensor([-0.3943,  1.4747,  0.8996,  0.8697,  0.4441,  1.1705, -0.1740,  0.5039,
         0.6761,  0.4037, -0.1475,  0.0646,  0.0966], device='cuda:0')
Likelihood: -382.2014465332031
State is out of distribution
Solve time for step 39 (global step 38) 4.95536078105215
Current ori: tensor(0.0966, device='cuda:0')
tensor([-0.3544,  1.5958,  0.8099,  0.7745,  0.4700,  1.1710, -0.1740,  0.5742,
         0.8758,  0.3420, -0.1890,  0.1209,  0.1068], device='cuda:0')
Likelihood: -370.15924072265625
State is out of distribution
Solve time for step 40 (global step 39) 5.087184464093298
Current ori: tensor(0.1068, device='cuda:0')
tensor([-0.4700,  1.6106,  0.6689,  0.7477,  0.3852,  0.9457, -0.1434,  0.2028,
         0.7233,  0.5195, -0.1479,  0.1680,  0.1258], device='cuda:0')
Likelihood: -409.9581604003906
State is out of distribution
Solve time for step 41 (global step 40) 5.5376179079758
Current ori: tensor(0.1258, device='cuda:0')
tensor([-0.3554,  1.6100,  0.8337,  0.8488,  0.4700,  0.8006, -0.1572,  0.3164,
         0.6575,  0.5824, -0.1890, -0.0368,  0.1261], device='cuda:0')
Likelihood: -403.9688720703125
State is out of distribution
Solve time for step 42 (global step 41) 5.0759209470124915
Current ori: tensor(0.1261, device='cuda:0')
tensor([-0.1519,  1.6100,  0.9491,  0.9581,  0.4472,  0.8758, -0.0570,  0.2558,
         0.6748,  0.5455, -0.1890, -0.0267,  0.1261], device='cuda:0')
Likelihood: -380.9683532714844
State is out of distribution
Solve time for step 43 (global step 42) 5.235929591930471
Current ori: tensor(0.1261, device='cuda:0')
tensor([-0.1605,  1.5578,  0.9710,  0.9430,  0.4700,  0.9646, -0.0928,  0.1289,
         0.6370,  0.5457, -0.1890, -0.0022,  0.1261], device='cuda:0')
Likelihood: -390.22808837890625
State is out of distribution
Solve time for step 44 (global step 43) 5.186623896006495
Current ori: tensor(0.1261, device='cuda:0')
tensor([-0.4513,  1.4894,  0.8577,  0.8007,  0.3275,  0.9702, -0.1673,  0.2595,
         0.6134,  0.3738, -0.1890, -0.0874,  0.1659], device='cuda:0')
Likelihood: -395.3060302734375
State is out of distribution
Solve time for step 45 (global step 44) 5.168079365044832
Current ori: tensor(0.1659, device='cuda:0')
tensor([-0.2484,  1.5889,  0.8549,  0.8520,  0.4446,  0.7564, -0.1740,  0.2106,
         0.5163,  0.2767, -0.1890,  0.0535,  0.1695], device='cuda:0')
Likelihood: -412.8636169433594
State is out of distribution
Solve time for step 46 (global step 45) 5.665798633010127
Current ori: tensor(0.1695, device='cuda:0')
tensor([-0.3619,  1.6100,  1.0386,  0.9531,  0.4294,  0.7815,  0.1076,  0.3438,
         0.3549,  0.5002, -0.0885,  0.0615,  0.1695], device='cuda:0')
Likelihood: -407.2033996582031
State is out of distribution
Solve time for step 47 (global step 46) 5.258934290963225
Current ori: tensor(0.1695, device='cuda:0')
tensor([-0.2997,  1.6100,  1.1822,  0.9593,  0.4154,  1.0047,  0.1528,  0.1736,
         0.5437,  0.5224, -0.1740,  0.0737,  0.1709], device='cuda:0')
Likelihood: -368.14849853515625
State is out of distribution
Solve time for step 48 (global step 47) 5.348609622102231
Current ori: tensor(0.1709, device='cuda:0')
tensor([-0.4148,  1.6100,  1.2287,  1.0300,  0.4014,  1.0303, -0.0063,  0.2143,
         0.5444,  0.6322, -0.1890,  0.1327,  0.1880], device='cuda:0')
Likelihood: -398.6279296875
State is out of distribution
Solve time for step 49 (global step 48) 5.204934532986954
Current ori: tensor(0.1880, device='cuda:0')
tensor([-0.4142,  1.4333,  1.1529,  0.9773,  0.3993,  0.9994,  0.0303,  0.2367,
         0.5620,  0.4844, -0.1890,  0.2918,  0.1887], device='cuda:0')
Likelihood: -394.8901672363281
State is out of distribution
Solve time for step 50 (global step 49) 5.148274727980606
Current ori: tensor(0.1887, device='cuda:0')
tensor([-0.3217,  1.5296,  1.1205,  1.2379,  0.3622,  0.9970,  0.1351,  0.3643,
         0.5351,  0.4485, -0.1890,  0.3638,  0.3299], device='cuda:0')
Likelihood: -397.4427490234375
State is out of distribution
Solve time for step 51 (global step 50) 5.141124556073919
Current ori: tensor(0.3299, device='cuda:0')
tensor([-0.3239,  1.3062,  1.2082,  1.2323,  0.4116,  0.9404,  0.4148,  0.2202,
         0.4257,  0.4704, -0.1170,  0.5892,  0.3408], device='cuda:0')
Likelihood: -377.09124755859375
State is out of distribution
Solve time for step 52 (global step 51) 4.888610849971883
Current ori: tensor(0.3408, device='cuda:0')
tensor([-0.3837,  1.3503,  1.2413,  1.3006,  0.3381,  0.8992,  0.4275,  0.2258,
         0.3537,  0.2770, -0.1890,  0.4510,  0.4401], device='cuda:0')
Likelihood: -399.6204833984375
State is out of distribution
Solve time for step 53 (global step 52) 4.936845130985603
Current ori: tensor(0.4401, device='cuda:0')
tensor([-0.3143,  1.1594,  1.4298,  1.1482,  0.3292,  0.9459,  0.3154,  0.3781,
         0.2630,  0.3558, -0.1890,  0.4653,  0.4730], device='cuda:0')
Likelihood: -392.08941650390625
State is out of distribution
Solve time for step 54 (global step 53) 4.847422949038446
Current ori: tensor(0.4730, device='cuda:0')
tensor([-0.0747,  1.1618,  1.1131,  1.0758,  0.1123,  0.6589,  0.3841,  0.4173,
         0.4542,  0.7034, -0.1890,  0.5469,  0.5683], device='cuda:0')
Likelihood: -335.9818115234375
State is out of distribution
Solve time for step 55 (global step 54) 5.253077753004618
Current ori: tensor(0.5683, device='cuda:0')
tensor([-0.0032,  1.4790,  0.9253,  1.0232, -0.2157,  0.5625,  0.5190,  0.2853,
         0.3646,  0.7364, -0.1777,  0.8607,  0.5702], device='cuda:0')
Likelihood: -325.47003173828125
State is out of distribution
Solve time for step 56 (global step 55) 4.910457195015624
Current ori: tensor(0.5702, device='cuda:0')
tensor([-2.0894e-04,  1.4654e+00,  9.3607e-01,  1.0187e+00, -2.0587e-01,
         7.3449e-01,  4.1954e-01,  2.6878e-01,  2.6298e-01,  8.2173e-01,
        -1.7337e-01,  7.0148e-01,  5.7018e-01], device='cuda:0')
Likelihood: -350.718505859375
State is out of distribution
Solve time for step 57 (global step 56) 5.100815134006552
Current ori: tensor(0.5702, device='cuda:0')
tensor([ 0.1855,  1.5462,  1.0023,  0.9854, -0.1538,  0.7032,  0.4052,  0.3717,
         0.2630,  0.5059, -0.1890,  0.6840,  0.5702], device='cuda:0')
