Importing module 'gym_38' (/home/abhinav/Downloads/IsaacGym_Preview_4_Package/isaacgym/python/isaacgym/_bindings/linux-x86_64/gym_38.so)
Setting GYM_USD_PLUG_INFO_PATH to /home/abhinav/Downloads/IsaacGym_Preview_4_Package/isaacgym/python/isaacgym/_bindings/linux-x86_64/usd/plugInfo.json
PyTorch version 2.4.0+cu121
Device count 1
/home/abhinav/Downloads/IsaacGym_Preview_4_Package/isaacgym/python/isaacgym/_bindings/src/gymtorch
ninja: no work to do.
CCAI_PATH /home/abhinav/Documents/ccai
robot pose [ 0.02  -0.35   0.376] [0, 0, 0.7071068, 0.7071068]
Not connected to PVD
Physics Engine: PhysX
Physics Device: cpu
GPU Pipeline: disabled
Using VHACD cache directory '/home/abhinav/.isaacgym/vhacd'
Found existing convex decomposition for mesh '/home/abhinav/Documents/git_packages/isaacgym-arm-envs/isaac_victor_envs/assets/xela_models/mesh/allegro/base_ns.stl'
Found existing convex decomposition for mesh '/home/abhinav/Documents/git_packages/isaacgym-arm-envs/isaac_victor_envs/assets/xela_models/mesh/allegro/link_1.0.stl'
Found existing convex decomposition for mesh '/home/abhinav/Documents/git_packages/isaacgym-arm-envs/isaac_victor_envs/assets/xela_models/mesh/ft_c.stl'
[ models/temporal ] Channel dimensions: [(35, 128), (128, 256), (256, 512)]
[ models/temporal ] Channel dimensions: [(35, 128), (128, 256), (256, 512)]

Trial 6251
Loaded trajectory sampler
Current yaw: tensor([0.0817], device='cuda:0')
Current yaw: tensor([0.0659], device='cuda:0')
1 turn
Likelihood: -57.148826599121094
Sampling time 3.3944971200544387
tensor([ 0.1804,  0.6237,  0.6778,  0.7853, -0.0493,  0.1896,  0.9034,  0.7743,
         1.2823,  0.3130, -0.0833,  1.0881,  0.0659], device='cuda:0')
Solve time for step 1 (global step 0) 6.555347293964587
Current ori: tensor(0.0659, device='cuda:0')
Middle force: tensor([2.3935, 2.2881, 0.7381, 0.8808, 0.9096, 1.5957], device='cuda:0')
Thumb force: tensor([4.3860e-01, 1.1804e-03, 9.0271e-01, 6.1494e-01, 6.0831e-01, 1.3056e+00],
       device='cuda:0')
Index force: tensor([1.5007, 1.2409, 1.4820, 1.1091, 1.0947, 0.0670], device='cuda:0')
tensor([ 2.1780e-01,  6.9398e-01,  6.3310e-01,  8.7205e-01,  4.4294e-04,
         2.7272e-01,  7.9969e-01,  7.8323e-01,  1.2601e+00,  3.5245e-01,
        -9.0565e-02,  1.0950e+00, -9.1882e-02], device='cuda:0')
Likelihood: -33.46153259277344
Solve time for step 2 (global step 1) 6.282284966029692
Current ori: tensor(-0.0919, device='cuda:0')
Middle force: tensor([2.2155, 0.6658, 0.8856, 0.9124, 1.4227], device='cuda:0')
Thumb force: tensor([0.0073, 0.9245, 0.5977, 0.5863, 1.4449], device='cuda:0')
Index force: tensor([1.1449, 1.4384, 1.0802, 1.0750, 0.1720], device='cuda:0')
tensor([ 0.2318,  0.7308,  0.6026,  0.8838,  0.0036,  0.4217,  0.7824,  0.8522,
         1.2456,  0.4602, -0.0389,  1.2187, -0.1352], device='cuda:0')
Likelihood: -53.634544372558594
Solve time for step 3 (global step 2) 5.873638955003116
Current ori: tensor(-0.1352, device='cuda:0')
Middle force: tensor([0.6194, 0.8431, 0.9103, 1.2941], device='cuda:0')
Thumb force: tensor([0.9435, 0.6265, 0.6133, 1.4541], device='cuda:0')
Index force: tensor([1.3845, 1.0777, 1.0764, 0.5794], device='cuda:0')
tensor([ 0.1887,  0.7783,  0.6345,  0.8320,  0.0516,  0.4758,  0.7276,  0.9118,
         1.2773,  0.4304, -0.0288,  1.3268, -0.2651], device='cuda:0')
Likelihood: -66.21080017089844
Solve time for step 4 (global step 3) 5.572828508040402
Current ori: tensor(-0.2651, device='cuda:0')
Middle force: tensor([0.8343, 0.9023, 1.2496], device='cuda:0')
Thumb force: tensor([0.6097, 0.5767, 1.3292], device='cuda:0')
Index force: tensor([1.0737, 1.0684, 0.7054], device='cuda:0')
tensor([ 0.2257,  0.7959,  0.6553,  0.7764,  0.0356,  0.4743,  0.7264,  0.9746,
         1.2951,  0.3540, -0.0189,  1.3777, -0.2821], device='cuda:0')
Likelihood: -51.615509033203125
Solve time for step 5 (global step 4) 4.189129497972317
Current ori: tensor(-0.2821, device='cuda:0')
Middle force: tensor([0.8568, 1.2552], device='cuda:0')
Thumb force: tensor([0.5934, 1.2476], device='cuda:0')
Index force: tensor([1.0808, 0.7544], device='cuda:0')
tensor([ 0.2790,  0.7980,  0.6812,  0.8551, -0.0341,  0.4777,  0.7392,  0.9215,
         1.2286,  0.3453,  0.0675,  1.4144, -0.3356], device='cuda:0')
Likelihood: -79.56936645507812
Solve time for step 6 (global step 5) 5.246058107994031
Current ori: tensor(-0.3356, device='cuda:0')
Middle force: tensor([1.0269], device='cuda:0')
Thumb force: tensor([1.3215], device='cuda:0')
Index force: tensor([0.9494], device='cuda:0')
Current yaw: tensor([-0.3659], device='cuda:0')
2 turn
Likelihood: -80.82819366455078
State is out of distribution
Final likelihood: tensor([ -0.9828,  -2.5449,  -5.3751, -41.4396], device='cuda:0',
       grad_fn=<IndexBackward0>)
Final likelihood: tensor([ -0.9828,  -2.5449,  -5.3751, -41.4396], device='cuda:0',
       grad_fn=<IndexBackward0>)
1 mode projection succeeded
New goal: tensor([ 0.1483,  0.6072,  0.6633,  0.8645, -0.0827,  0.2860,  0.8169,  0.7666,
         1.2956,  0.2238,  0.0098,  0.9424,  0.0809], device='cuda:0')
Likelihood: -64.55030822753906
Likelihood: -83.88101196289062
Likelihood: -49.428253173828125
{'index': 64.55030822753906,
 'middle': 83.88101196289062,
 'thumb': 49.428253173828125}
Plan time: 72.1766376439482
Current yaw: tensor([-0.3659], device='cuda:0')
3 thumb
tensor([ 0.1806,  0.7814,  0.6625,  0.8996, -0.0609,  0.5182,  0.6793,  0.9783,
         1.2240,  0.3298,  0.0637,  1.4189, -0.3659], device='cuda:0')
Solve time for step 1 (global step 6) 0.40941040095640346
Current ori: tensor(-0.3659, device='cuda:0')
Index force: tensor([1.1040, 1.0535, 1.0247], device='cuda:0')
Middle force: tensor([1.1040, 1.0535, 1.0247], device='cuda:0')
tensor([ 0.1817,  0.7292,  0.7233,  0.8663, -0.0581,  0.6043,  0.6553,  0.8292,
         1.1629,  0.2155, -0.0779,  1.2651, -0.3146], device='cuda:0')
Solve time for step 2 (global step 7) 5.408178783021867
Current ori: tensor(-0.3146, device='cuda:0')
Index force: tensor([1.0507, 1.0112], device='cuda:0')
Middle force: tensor([1.0507, 1.0112], device='cuda:0')
tensor([ 0.0769,  0.7285,  0.6654,  0.8698, -0.1626,  0.6474,  0.5892,  0.7914,
         1.1943,  0.2613, -0.1180,  1.1910, -0.2709], device='cuda:0')
Solve time for step 3 (global step 8) 5.448233332950622
Current ori: tensor(-0.2709, device='cuda:0')
Index force: tensor([1.0069], device='cuda:0')
Middle force: tensor([1.0069], device='cuda:0')
Current yaw: tensor([-0.1093], device='cuda:0')
4 turn
Likelihood: -90.43058013916016
State is out of distribution
Final likelihood: tensor([-1.0131, -1.5487, -2.4314, -2.6011], device='cuda:0',
       grad_fn=<IndexBackward0>)
Final likelihood: tensor([-1.0131, -1.5487, -2.4314, -2.6011], device='cuda:0',
       grad_fn=<IndexBackward0>)
1 mode projection succeeded
New goal: tensor([ 0.1478,  0.6058,  0.6633,  0.8653, -0.0854,  0.2870,  0.8160,  0.7674,
         1.2953,  0.2216,  0.0085,  0.9432,  0.0854], device='cuda:0')
Likelihood: -80.49798583984375
Likelihood: -66.48759460449219
Likelihood: -101.16032409667969
{'index': 80.49798583984375,
 'middle': 66.48759460449219,
 'thumb': 101.16032409667969}
Plan time: 73.72665428300388
Current yaw: tensor([-0.1092], device='cuda:0')
5 middle
tensor([ 0.0107,  0.7034,  0.6682,  0.7784, -0.1905,  0.6522,  0.7057,  0.7149,
         1.4017,  0.3292, -0.1890,  1.2048, -0.1092], device='cuda:0')
Solve time for step 1 (global step 9) 0.42362693999893963
Current ori: tensor(-0.1092, device='cuda:0')
Thumb force: tensor([0.2003, 0.0401, 0.8529], device='cuda:0')
tensor([ 0.0261,  0.7295,  0.5654,  0.9494, -0.1595,  0.5422,  0.7034,  0.7958,
         1.4948,  0.0033, -0.1890,  1.1576, -0.1491], device='cuda:0')
Solve time for step 2 (global step 10) 5.587527911993675
Current ori: tensor(-0.1491, device='cuda:0')
Thumb force: tensor([1.4697, 0.4207], device='cuda:0')
tensor([ 0.0304,  0.7273,  0.5430,  1.0145, -0.0596,  0.3684,  0.7715,  0.7688,
         1.4035,  0.3132, -0.1806,  1.1808, -0.1572], device='cuda:0')
Solve time for step 3 (global step 11) 5.49525655299658
Current ori: tensor(-0.1572, device='cuda:0')
Thumb force: tensor([0.4567], device='cuda:0')
Current yaw: tensor([-0.1572], device='cuda:0')
6 turn
Likelihood: -54.98969268798828
Sampling time 3.54633876204025
tensor([ 0.0922,  0.7175,  0.5671,  0.9336,  0.0838,  0.2612,  0.7680,  0.7786,
         1.3242,  0.3144, -0.1443,  1.1905, -0.1572], device='cuda:0')
Solve time for step 1 (global step 12) 6.994293842988554
Current ori: tensor(-0.1572, device='cuda:0')
Middle force: tensor([2.3859, 2.3264, 2.2267, 0.7613, 1.0018, 2.1522], device='cuda:0')
Thumb force: tensor([0.3058, 0.1390, 0.0887, 0.8831, 0.4862, 1.1786], device='cuda:0')
Index force: tensor([1.5122, 1.2415, 1.2086, 1.5705, 1.1220, 0.6188], device='cuda:0')
tensor([ 0.0632,  0.7098,  0.6416,  0.9396,  0.1041,  0.2995,  0.7600,  0.7734,
         1.2864,  0.4453, -0.1346,  1.2415, -0.2324], device='cuda:0')
Likelihood: -69.81462097167969
Solve time for step 2 (global step 13) 6.684070971037727
Current ori: tensor(-0.2324, device='cuda:0')
Middle force: tensor([0.7974, 0.9145, 1.2561, 0.9994, 0.9877], device='cuda:0')
Thumb force: tensor([0.6558, 1.3205, 0.8446, 1.1381, 1.1473], device='cuda:0')
Index force: tensor([0.9816, 1.3614, 1.1073, 0.5899, 0.6146], device='cuda:0')
tensor([ 0.0815,  0.7031,  0.6250,  1.0500,  0.1795,  0.2859,  0.7355,  0.7285,
         1.3030,  0.3922, -0.1099,  1.2025, -0.2701], device='cuda:0')
Likelihood: -42.700843811035156
Solve time for step 3 (global step 14) 6.436585111019667
Current ori: tensor(-0.2701, device='cuda:0')
Middle force: tensor([0.9842, 1.0184, 1.1840, 1.0096], device='cuda:0')
Thumb force: tensor([0.2534, 0.9280, 0.7055, 0.8092], device='cuda:0')
Index force: tensor([1.0061, 1.1208, 1.3062, 0.7857], device='cuda:0')
tensor([ 0.0800,  0.6401,  0.7279,  1.0297,  0.2736,  0.3107,  0.7126,  0.6549,
         1.2993,  0.4751, -0.0625,  1.2539, -0.2713], device='cuda:0')
Likelihood: -51.58366775512695
Solve time for step 4 (global step 15) 6.094035135000013
Current ori: tensor(-0.2713, device='cuda:0')
Middle force: tensor([0.8976, 1.0921, 0.9541], device='cuda:0')
Thumb force: tensor([0.9264, 0.4810, 0.8570], device='cuda:0')
Index force: tensor([1.0198, 1.2379, 0.7701], device='cuda:0')
tensor([ 0.0798,  0.6512,  0.7081,  1.0286,  0.2565,  0.3144,  0.7131,  0.6450,
         1.3152,  0.4164, -0.0726,  1.2054, -0.2709], device='cuda:0')
Likelihood: -64.61937713623047
Solve time for step 5 (global step 16) 5.3608432529727
Current ori: tensor(-0.2709, device='cuda:0')
Middle force: tensor([1.0529, 0.9472], device='cuda:0')
Thumb force: tensor([0.4176, 0.8042], device='cuda:0')
Index force: tensor([1.2107, 0.7951], device='cuda:0')
tensor([ 0.0916,  0.6802,  0.6956,  0.9883,  0.2524,  0.3184,  0.6769,  0.7072,
         1.3272,  0.2896, -0.1379,  1.2238, -0.2805], device='cuda:0')
Likelihood: -56.81740188598633
Solve time for step 6 (global step 17) 4.7616128259687684
Current ori: tensor(-0.2805, device='cuda:0')
Middle force: tensor([0.9366], device='cuda:0')
Thumb force: tensor([0.6432], device='cuda:0')
Index force: tensor([1.0090], device='cuda:0')
Current yaw: tensor([-0.2813], device='cuda:0')
7 turn
Likelihood: -74.07901000976562
Sampling time 3.634350466018077
tensor([ 0.0840,  0.6719,  0.7480,  0.8924,  0.2161,  0.3251,  0.6603,  0.7246,
         1.3183,  0.2818, -0.1890,  1.2419, -0.2813], device='cuda:0')
Solve time for step 1 (global step 18) 6.89651240297826
Current ori: tensor(-0.2813, device='cuda:0')
Middle force: tensor([1.8666, 2.1402, 1.4900, 0.6346, 1.0102, 1.2651], device='cuda:0')
Thumb force: tensor([0.2822, 0.2908, 0.1473, 0.8776, 1.2842, 0.7496], device='cuda:0')
Index force: tensor([0.9943, 0.9773, 1.2975, 2.9290, 1.0488, 1.7632], device='cuda:0')
tensor([ 0.1044,  0.7209,  0.6863,  0.9410,  0.2629,  0.3903,  0.6075,  0.6618,
         1.3691,  0.3918, -0.1287,  1.2971, -0.3326], device='cuda:0')
Likelihood: -72.67080688476562
Solve time for step 2 (global step 19) 7.0597613920108415
Current ori: tensor(-0.3326, device='cuda:0')
Middle force: tensor([1.8341, 1.3819, 0.5454, 0.9488, 1.4442], device='cuda:0')
Thumb force: tensor([0.4716, 0.0189, 0.9007, 1.2739, 0.6554], device='cuda:0')
Index force: tensor([0.8535, 1.1276, 2.6007, 0.9591, 1.6810], device='cuda:0')
tensor([ 0.1164,  0.7623,  0.6215,  0.9773,  0.2527,  0.4059,  0.6266,  0.5908,
         1.4142,  0.4471, -0.1020,  1.1693, -0.3503], device='cuda:0')
Likelihood: -59.5550422668457
Solve time for step 3 (global step 20) 6.594873167981859
Current ori: tensor(-0.3503, device='cuda:0')
Middle force: tensor([0.9028, 1.1866, 1.2490, 1.1555], device='cuda:0')
Thumb force: tensor([0.5688, 1.2317, 0.7590, 0.6160], device='cuda:0')
Index force: tensor([0.9901, 1.1520, 1.1641, 0.8587], device='cuda:0')
tensor([ 0.1149,  0.7231,  0.6774,  0.9863,  0.3192,  0.3911,  0.6505,  0.5694,
         1.4370,  0.4459, -0.1144,  1.1642, -0.3534], device='cuda:0')
Likelihood: -69.30442810058594
Solve time for step 4 (global step 21) 5.938344693975523
Current ori: tensor(-0.3534, device='cuda:0')
Middle force: tensor([0.9133, 1.7881, 1.0509], device='cuda:0')
Thumb force: tensor([0.8441, 0.2319, 0.9398], device='cuda:0')
Index force: tensor([0.9950, 1.2644, 0.6855], device='cuda:0')
tensor([ 0.1207,  0.7324,  0.6869,  0.9221,  0.3273,  0.3809,  0.6308,  0.6395,
         1.4917,  0.5243, -0.0989,  1.0955, -0.3537], device='cuda:0')
Likelihood: -105.96998596191406
State is out of distribution
Final likelihood: tensor([-1.1979, -1.5860, -2.2570, -2.7996], device='cuda:0',
       grad_fn=<IndexBackward0>)
Final likelihood: tensor([-1.1979, -1.5860, -2.2570, -2.7996], device='cuda:0',
       grad_fn=<IndexBackward0>)
1 mode projection succeeded
New goal: tensor([ 0.1432,  0.6183,  0.7213,  0.8324, -0.0362,  0.2365,  0.9223,  0.8928,
         1.3577,  0.1098,  0.0347,  0.8859, -0.0206], device='cuda:0')
Likelihood: -90.50308990478516
Likelihood: -82.72982788085938
Likelihood: -87.37200927734375
{'index': 90.50308990478516,
 'middle': 82.72982788085938,
 'thumb': 87.37200927734375}
Plan time: 75.43277877394576
Current yaw: tensor([-0.3537], device='cuda:0')
8 middle
tensor([ 0.1208,  0.7328,  0.6871,  0.9220,  0.3273,  0.3809,  0.6307,  0.6396,
         1.4917,  0.5245, -0.0991,  1.0952, -0.3537], device='cuda:0')
Solve time for step 1 (global step 22) 0.4271253699553199
Current ori: tensor(-0.3537, device='cuda:0')
Thumb force: tensor([0.3457, 0.6706, 0.2014], device='cuda:0')
tensor([ 0.1148,  0.7586,  0.7254,  0.7505,  0.1283,  0.1587,  0.6361,  0.6901,
         1.5000,  0.4121, -0.1714,  1.0944, -0.3537], device='cuda:0')
Solve time for step 2 (global step 23) 5.528634809015784
Current ori: tensor(-0.3537, device='cuda:0')
Thumb force: tensor([0.2254, 0.8218], device='cuda:0')
tensor([ 0.1256,  0.7570,  0.7421,  0.7646,  0.1648,  0.1799,  0.6998,  0.7127,
         1.5000,  0.3273, -0.1717,  1.1468, -0.3771], device='cuda:0')
