Importing module 'gym_38' (/home/abhinav/Downloads/IsaacGym_Preview_4_Package/isaacgym/python/isaacgym/_bindings/linux-x86_64/gym_38.so)
Setting GYM_USD_PLUG_INFO_PATH to /home/abhinav/Downloads/IsaacGym_Preview_4_Package/isaacgym/python/isaacgym/_bindings/linux-x86_64/usd/plugInfo.json
PyTorch version 2.4.0+cu121
Device count 1
/home/abhinav/Downloads/IsaacGym_Preview_4_Package/isaacgym/python/isaacgym/_bindings/src/gymtorch
ninja: no work to do.
CCAI_PATH /home/abhinav/Documents/ccai
robot pose [ 0.02  -0.35   0.376] [0, 0, 0.7071068, 0.7071068]
Not connected to PVD
Physics Engine: PhysX
Physics Device: cpu
GPU Pipeline: disabled
Using VHACD cache directory '/home/abhinav/.isaacgym/vhacd'
Found existing convex decomposition for mesh '/home/abhinav/Documents/git_packages/isaacgym-arm-envs/isaac_victor_envs/assets/xela_models/mesh/allegro/base_ns.stl'
Found existing convex decomposition for mesh '/home/abhinav/Documents/git_packages/isaacgym-arm-envs/isaac_victor_envs/assets/xela_models/mesh/allegro/link_1.0.stl'
Found existing convex decomposition for mesh '/home/abhinav/Documents/git_packages/isaacgym-arm-envs/isaac_victor_envs/assets/xela_models/mesh/ft_c.stl'
[ models/temporal ] Channel dimensions: [(35, 128), (128, 256), (256, 512)]
[ models/temporal ] Channel dimensions: [(35, 128), (128, 256), (256, 512)]

Trial 6501
No action perturbation this trial
Loaded trajectory sampler
Current yaw: tensor([0.6247], device='cuda:0')
Current yaw: tensor([0.6247], device='cuda:0')
1 turn
Likelihood: -36.16984558105469
Sampling time 3.425601090013515
tensor([ 0.1969,  0.5116,  0.6210,  0.7277, -0.1192,  0.2433,  0.8743,  0.6877,
         1.2284,  0.1748,  0.0545,  0.8914,  0.6247], device='cuda:0')
Solve time for step 1 (global step 0) 6.721332316985354
Current ori: tensor(0.6247, device='cuda:0')
Middle force: tensor([0.8937, 1.1185, 0.8013, 2.7943, 2.1058, 1.2812], device='cuda:0')
Thumb force: tensor([2.3691, 2.3461, 1.3928, 0.0118, 0.6553, 0.6722], device='cuda:0')
Index force: tensor([2.5540, 2.5841, 1.9775, 0.6101, 0.5887, 1.9617], device='cuda:0')
tensor([ 0.2550,  0.5719,  0.6005,  0.8062, -0.1083,  0.2525,  0.8484,  0.6918,
         1.1684,  0.2690,  0.0969,  0.9315,  0.6246], device='cuda:0')
Likelihood: -54.23906707763672
Solve time for step 2 (global step 1) 5.624093480990268
Current ori: tensor(0.6246, device='cuda:0')
Middle force: tensor([0.7587, 0.8261, 2.6801, 2.0912, 1.0966], device='cuda:0')
Thumb force: tensor([2.2281, 1.2309, 0.1269, 0.5233, 0.6779], device='cuda:0')
Index force: tensor([2.3991, 1.9524, 0.6200, 0.4224, 1.7050], device='cuda:0')
tensor([ 0.3012,  0.6106,  0.6042,  0.8521, -0.0960,  0.2673,  0.8173,  0.6939,
         1.2922, -0.0342,  0.0185,  0.9992,  0.6246], device='cuda:0')
Likelihood: -63.70204162597656
State is out of distribution
Final likelihood: tensor([-1.4335, -1.6503], device='cuda:0', grad_fn=<IndexBackward0>)
Final likelihood: tensor([-1.4335, -1.6503], device='cuda:0', grad_fn=<IndexBackward0>)
1 mode projection succeeded
New goal: tensor([ 0.2120,  0.5917,  0.6222,  0.8369, -0.1363,  0.2874,  0.9243,  0.5716,
         1.2365,  0.1380,  0.0579,  0.9570,  0.1782], device='cuda:0')
Likelihood: -71.26373291015625
Likelihood: -87.29164123535156
Likelihood: -71.5862045288086
{'index': 71.26373291015625,
 'middle': 87.29164123535156,
 'thumb': 71.5862045288086}
Plan time: 72.02987153100548
Current yaw: tensor([0.6246], device='cuda:0')
2 index
tensor([ 0.3015,  0.6108,  0.6042,  0.8522, -0.0960,  0.2674,  0.8172,  0.6939,
         1.2924, -0.0348,  0.0184,  0.9994,  0.6246], device='cuda:0')
Solve time for step 1 (global step 2) 0.4617085449863225
Current ori: tensor(0.6246, device='cuda:0')
Middle force: tensor([1.1838, 1.6826, 0.6618], device='cuda:0')
Thumb force: tensor([0.7398, 0.5700, 0.8383], device='cuda:0')
tensor([ 0.3490,  0.5772,  0.5108,  0.8594, -0.0862,  0.2395,  0.8697,  0.6495,
         1.1781,  0.2424,  0.0427,  1.0174,  0.6246], device='cuda:0')
Solve time for step 2 (global step 3) 4.900660312036052
Current ori: tensor(0.6246, device='cuda:0')
Middle force: tensor([2.8150, 0.9945], device='cuda:0')
Thumb force: tensor([0.9488, 0.5602], device='cuda:0')
tensor([ 0.2604,  0.5034,  0.5168,  0.7808, -0.0430,  0.2445,  0.8798,  0.6072,
         1.2321,  0.0942, -0.0112,  1.0943,  0.6306], device='cuda:0')
Solve time for step 3 (global step 4) 5.066760299960151
Current ori: tensor(0.6306, device='cuda:0')
Middle force: tensor([0.9565], device='cuda:0')
Thumb force: tensor([0.6049], device='cuda:0')
Current yaw: tensor([0.6311], device='cuda:0')
3 turn
Likelihood: -71.48992919921875
State is out of distribution
Final likelihood: tensor([-1.3757, -3.2214], device='cuda:0', grad_fn=<IndexBackward0>)
Final likelihood: tensor([-1.3757, -3.2214], device='cuda:0', grad_fn=<IndexBackward0>)
1 mode projection succeeded
New goal: tensor([ 0.0698,  0.7038,  0.6271,  0.8235,  0.1028,  0.1688,  0.8829,  0.7494,
         1.2641,  0.2515,  0.2254,  0.8660, -0.0616], device='cuda:0')
Likelihood: -100.43739318847656
Likelihood: -80.69761657714844
Likelihood: -51.0362663269043
{'index': 100.43739318847656,
 'middle': 80.69761657714844,
 'thumb': 51.0362663269043}
Plan time: 70.0414630760788
Current yaw: tensor([0.6311], device='cuda:0')
4 thumb
tensor([ 0.0878,  0.5730,  0.4858,  0.6682, -0.0374,  0.2249,  0.9141,  0.5865,
         1.2042,  0.1423,  0.0013,  1.0975,  0.6311], device='cuda:0')
Solve time for step 1 (global step 5) 0.41115192795405164
Current ori: tensor(0.6311, device='cuda:0')
Index force: tensor([1.0346, 1.0003, 1.0244], device='cuda:0')
Middle force: tensor([1.0346, 1.0003, 1.0244], device='cuda:0')
tensor([ 0.0952,  0.5636,  0.5213,  0.6270, -0.0385,  0.2578,  0.8215,  0.6863,
         1.0887,  0.1491, -0.0034,  0.9734,  0.6300], device='cuda:0')
Solve time for step 2 (global step 6) 5.26451679301681
Current ori: tensor(0.6300, device='cuda:0')
Index force: tensor([0.9987, 1.0181], device='cuda:0')
Middle force: tensor([0.9987, 1.0181], device='cuda:0')
tensor([ 0.1007,  0.5722,  0.5082,  0.6310, -0.0385,  0.2227,  0.9146,  0.5915,
         1.1112,  0.1249,  0.0565,  0.7927,  0.6296], device='cuda:0')
Solve time for step 3 (global step 7) 4.344736753962934
Current ori: tensor(0.6296, device='cuda:0')
Index force: tensor([1.0142], device='cuda:0')
Middle force: tensor([1.0142], device='cuda:0')
Current yaw: tensor([0.6293], device='cuda:0')
5 turn
Likelihood: -76.19268035888672
State is out of distribution
Final likelihood: tensor([-1.1242, -1.5029], device='cuda:0', grad_fn=<IndexBackward0>)
Final likelihood: tensor([-1.1242, -1.5029], device='cuda:0', grad_fn=<IndexBackward0>)
1 mode projection succeeded
New goal: tensor([ 0.0699,  0.7045,  0.6277,  0.8215,  0.1033,  0.1661,  0.8847,  0.7488,
         1.2644,  0.2510,  0.2284,  0.8616, -0.0620], device='cuda:0')
Likelihood: -139.47596740722656
Likelihood: -76.639892578125
Likelihood: -63.92240524291992
{'index': 139.47596740722656,
 'middle': 76.639892578125,
 'thumb': 63.92240524291992}
Plan time: 72.40478272194741
Current yaw: tensor([0.6293], device='cuda:0')
6 thumb
tensor([ 0.1021,  0.5789,  0.4998,  0.6294, -0.0395,  0.2392,  0.8655,  0.6450,
         1.1281,  0.0616,  0.3445,  0.5519,  0.6293], device='cuda:0')
Solve time for step 1 (global step 8) 0.5226614619605243
Current ori: tensor(0.6293, device='cuda:0')
Index force: tensor([1.1183, 1.1121, 1.0274], device='cuda:0')
Middle force: tensor([1.1183, 1.1121, 1.0274], device='cuda:0')
tensor([ 0.1150,  0.5736,  0.5034,  0.6433, -0.0266,  0.2585,  0.8423,  0.6413,
         1.0988,  0.1201,  0.1877,  0.6089,  0.6293], device='cuda:0')
Solve time for step 2 (global step 9) 5.956894735980313
Current ori: tensor(0.6293, device='cuda:0')
Index force: tensor([1.0876, 1.0202], device='cuda:0')
Middle force: tensor([1.0876, 1.0202], device='cuda:0')
tensor([ 0.1194,  0.5662,  0.5347,  0.6023, -0.0189,  0.2719,  0.8263,  0.6375,
         1.1221,  0.1667,  0.1628,  0.5708,  0.6290], device='cuda:0')
Solve time for step 3 (global step 10) 5.426518089021556
Current ori: tensor(0.6290, device='cuda:0')
Index force: tensor([1.0090], device='cuda:0')
Middle force: tensor([1.0090], device='cuda:0')
Current yaw: tensor([0.6290], device='cuda:0')
7 turn
Likelihood: -67.36616516113281
State is out of distribution
Final likelihood: tensor([-1.3866, -3.8644], device='cuda:0', grad_fn=<IndexBackward0>)
Final likelihood: tensor([-1.3866, -3.8644], device='cuda:0', grad_fn=<IndexBackward0>)
1 mode projection succeeded
New goal: tensor([ 0.0688,  0.7067,  0.6269,  0.8208,  0.1022,  0.1661,  0.8839,  0.7494,
         1.2649,  0.2527,  0.2294,  0.8595, -0.0606], device='cuda:0')
Likelihood: -95.23146057128906
Likelihood: -61.31325912475586
Likelihood: -69.27349853515625
{'index': 95.23146057128906,
 'middle': 61.31325912475586,
 'thumb': 69.27349853515625}
Plan time: 73.99610249802936
Current yaw: tensor([0.6291], device='cuda:0')
8 middle
tensor([ 0.1300,  0.5650,  0.5480,  0.6046, -0.0210,  0.2876,  0.8011,  0.6469,
         1.0584,  0.2409,  0.3307,  0.6210,  0.6291], device='cuda:0')
Solve time for step 1 (global step 11) 0.487094571988564
Current ori: tensor(0.6291, device='cuda:0')
Thumb force: tensor([0.8244, 1.1885, 0.9604], device='cuda:0')
tensor([ 0.1478,  0.5732,  0.5468,  0.6005, -0.1418,  0.1980,  0.8113,  0.7156,
         0.9256,  0.4850,  0.3777,  0.6556,  0.6278], device='cuda:0')
Solve time for step 2 (global step 12) 5.443620317033492
Current ori: tensor(0.6278, device='cuda:0')
Thumb force: tensor([1.1345, 0.9342], device='cuda:0')
tensor([ 0.1788,  0.6152,  0.4894,  0.6716, -0.2082,  0.1898,  0.8942,  0.6495,
         0.9560,  0.4751,  0.3738,  0.6727,  0.6278], device='cuda:0')
Solve time for step 3 (global step 13) 5.228006109013222
Current ori: tensor(0.6278, device='cuda:0')
Thumb force: tensor([0.8678], device='cuda:0')
Current yaw: tensor([0.6279], device='cuda:0')
9 turn
Likelihood: -71.55814361572266
State is out of distribution
Final likelihood: tensor([-1.1103, -1.2047], device='cuda:0', grad_fn=<IndexBackward0>)
Final likelihood: tensor([-1.1103, -1.2047], device='cuda:0', grad_fn=<IndexBackward0>)
1 mode projection succeeded
New goal: tensor([ 0.2227,  0.6182,  0.6679,  0.7487, -0.0899,  0.2195,  0.8637,  0.8513,
         1.2338,  0.2063,  0.0302,  0.9956,  0.1137], device='cuda:0')
Likelihood: -59.50172424316406
Likelihood: -66.78482818603516
Likelihood: -119.57716369628906
{'index': 59.50172424316406,
 'middle': 66.78482818603516,
 'thumb': 119.57716369628906}
Plan time: 71.65272749011638
Current yaw: tensor([0.6279], device='cuda:0')
10 index
tensor([ 0.1955,  0.6309,  0.4863,  0.6878, -0.3085,  0.2986,  0.9320,  0.7992,
         1.1422,  0.2169,  0.1979,  0.7809,  0.6279], device='cuda:0')
Solve time for step 1 (global step 14) 0.5576568520045839
Current ori: tensor(0.6279, device='cuda:0')
Middle force: tensor([2.1943, 1.1065, 1.2116], device='cuda:0')
Thumb force: tensor([0.6248, 0.1189, 0.3757], device='cuda:0')
tensor([ 0.2519,  0.5708,  0.4641,  0.6494, -0.2837,  0.3685,  0.7239,  0.9854,
         1.0799,  0.3310,  0.2034,  0.8360,  0.6279], device='cuda:0')
Solve time for step 2 (global step 15) 4.9663693709881045
Current ori: tensor(0.6279, device='cuda:0')
Middle force: tensor([1.1283, 1.2461], device='cuda:0')
Thumb force: tensor([0.4023, 0.8096], device='cuda:0')
tensor([ 0.3028,  0.7063,  0.4077,  0.4946, -0.2831,  0.3777,  0.6939,  1.0214,
         1.2558,  0.0242,  0.0751,  0.9239,  0.6279], device='cuda:0')
Solve time for step 3 (global step 16) 4.9171770050306804
Current ori: tensor(0.6279, device='cuda:0')
Middle force: tensor([0.9595], device='cuda:0')
Thumb force: tensor([0.5087], device='cuda:0')
Current yaw: tensor([0.6292], device='cuda:0')
11 turn
Likelihood: -120.6515884399414
State is out of distribution
Final likelihood: tensor([-1.2899, -2.0293], device='cuda:0', grad_fn=<IndexBackward0>)
Final likelihood: tensor([-1.2899, -2.0293], device='cuda:0', grad_fn=<IndexBackward0>)
1 mode projection succeeded
New goal: tensor([ 0.1506,  0.6839,  0.6566,  0.8680,  0.0152,  0.2425,  0.9281,  0.8666,
         1.3093,  0.1826,  0.1071,  0.9366, -0.1046], device='cuda:0')
Likelihood: -114.39722442626953
Likelihood: -100.89363098144531
Likelihood: -129.00146484375
{'index': 114.39722442626953,
 'middle': 100.89363098144531,
 'thumb': 129.00146484375}
Plan time: 71.27067381504457
Current yaw: tensor([0.6292], device='cuda:0')
12 middle
tensor([ 0.1358,  0.7050,  0.4344,  0.3828, -0.2850,  0.3093,  0.8561,  0.8825,
         1.1192,  0.3324,  0.1189,  0.9421,  0.6292], device='cuda:0')
Solve time for step 1 (global step 17) 0.23401873500552028
Current ori: tensor(0.6292, device='cuda:0')
Thumb force: tensor([0.9744, 0.9977, 1.1199], device='cuda:0')
tensor([ 0.1506,  0.7054,  0.4475,  0.3783, -0.2615,  0.1658,  0.9058,  0.8141,
         1.0080,  0.5493,  0.2157,  0.8962,  0.6239], device='cuda:0')
Solve time for step 2 (global step 18) 4.428726703976281
Current ori: tensor(0.6239, device='cuda:0')
Thumb force: tensor([1.0871, 1.0786], device='cuda:0')
tensor([ 0.1637,  0.7029,  0.4681,  0.3585, -0.2691,  0.2351,  0.7992,  0.8299,
         1.1401,  0.3373,  0.0282,  1.0225,  0.6235], device='cuda:0')
Solve time for step 3 (global step 19) 5.257930674008094
Current ori: tensor(0.6235, device='cuda:0')
Thumb force: tensor([0.9461], device='cuda:0')
Current yaw: tensor([0.6153], device='cuda:0')
13 turn
Likelihood: -107.91659545898438
State is out of distribution
Final likelihood: tensor([-1.1782, -1.6430], device='cuda:0', grad_fn=<IndexBackward0>)
Final likelihood: tensor([-1.1782, -1.6430], device='cuda:0', grad_fn=<IndexBackward0>)
1 mode projection succeeded
New goal: tensor([ 0.1814,  0.6773,  0.7385,  0.7362,  0.0061,  0.2672,  1.0178,  0.8137,
         1.3459,  0.1292, -0.0369,  1.1179, -0.1121], device='cuda:0')
Likelihood: -75.91720581054688
Likelihood: -112.37704467773438
Likelihood: -118.31936645507812
{'index': 75.91720581054688,
 'middle': 112.37704467773438,
 'thumb': 118.31936645507812}
Plan time: 74.21672527911142
Current yaw: tensor([0.6152], device='cuda:0')
14 index
tensor([ 0.1719,  0.7155,  0.4513,  0.3756, -0.3425,  0.3067,  1.0597,  0.9276,
         1.2839,  0.0495, -0.0725,  1.0785,  0.6152], device='cuda:0')
Solve time for step 1 (global step 20) 0.25308624299941584
Current ori: tensor(0.6152, device='cuda:0')
Middle force: tensor([1.2572, 2.9443, 1.2631], device='cuda:0')
Thumb force: tensor([0.9442, 0.3651, 0.1627], device='cuda:0')
tensor([ 0.2403,  0.6306,  0.4466,  0.5181, -0.3409,  0.3179,  0.9840,  0.9692,
         1.2233,  0.1986, -0.1097,  1.0996,  0.6069], device='cuda:0')
Solve time for step 2 (global step 21) 6.0552344839670695
Current ori: tensor(0.6069, device='cuda:0')
Middle force: tensor([2.8792, 1.2315], device='cuda:0')
Thumb force: tensor([0.4153, 0.1600], device='cuda:0')
tensor([ 0.2327,  0.6472,  0.4419,  0.4646, -0.3278,  0.3041,  1.0914,  0.8743,
         1.1942,  0.2984, -0.0568,  1.1797,  0.5742], device='cuda:0')
Solve time for step 3 (global step 22) 4.6240548840141855
Current ori: tensor(0.5742, device='cuda:0')
Middle force: tensor([1.1926], device='cuda:0')
Thumb force: tensor([0.1758], device='cuda:0')
Current yaw: tensor([0.5462], device='cuda:0')
15 turn
Likelihood: -97.76634216308594
State is out of distribution
Final likelihood: tensor([ -2.3437, -22.3935], device='cuda:0', grad_fn=<IndexBackward0>)
Final likelihood: tensor([ -2.3437, -22.3935], device='cuda:0', grad_fn=<IndexBackward0>)
1 mode projection succeeded
New goal: tensor([ 0.0108,  0.6384,  0.6160,  0.6711,  0.0038,  0.2798,  0.9528,  0.7647,
         1.2526,  0.2681,  0.1135,  1.1091, -0.1148], device='cuda:0')
Likelihood: -85.17822265625
Likelihood: -125.33222961425781
Likelihood: -103.52589416503906
{'index': 85.17822265625,
 'middle': 125.33222961425781,
 'thumb': 103.52589416503906}
Plan time: 68.74201312003424
Current yaw: tensor([0.5461], device='cuda:0')
16 index
tensor([-0.0589,  0.7180,  0.5180,  0.4258, -0.3088,  0.3437,  1.0949,  0.8765,
         1.2646,  0.1373, -0.1095,  1.2180,  0.5461], device='cuda:0')
Solve time for step 1 (global step 23) 0.49761272699106485
Current ori: tensor(0.5461, device='cuda:0')
Middle force: tensor([1.3618, 1.8351, 0.9612], device='cuda:0')
Thumb force: tensor([0.1653, 0.2517, 0.5063], device='cuda:0')
tensor([-0.0421,  0.6265,  0.5224,  0.4556, -0.2866,  0.4303,  1.0169,  0.9735,
         1.2587,  0.1567, -0.1316,  1.2618,  0.5284], device='cuda:0')
Solve time for step 2 (global step 24) 3.6774302740232088
Current ori: tensor(0.5284, device='cuda:0')
Middle force: tensor([1.5560, 1.0270], device='cuda:0')
Thumb force: tensor([0.4202, 0.9430], device='cuda:0')
tensor([-0.1434,  0.6020,  0.5808,  0.5659, -0.2675,  0.4926,  0.9930,  0.9938,
         1.2352,  0.2133, -0.1582,  1.3176,  0.5074], device='cuda:0')
Solve time for step 3 (global step 25) 3.729370227025356
Current ori: tensor(0.5074, device='cuda:0')
Middle force: tensor([1.0655], device='cuda:0')
Thumb force: tensor([0.3556], device='cuda:0')
Current yaw: tensor([0.5057], device='cuda:0')
17 turn
Likelihood: -111.48777770996094
State is out of distribution
Final likelihood: tensor([ -2.4571, -25.5507], device='cuda:0', grad_fn=<IndexBackward0>)
Final likelihood: tensor([ -2.4571, -25.5507], device='cuda:0', grad_fn=<IndexBackward0>)
1 mode projection succeeded
New goal: tensor([-0.1179,  0.5892,  0.5418,  0.8333, -0.1562,  0.3199,  0.9184,  0.7877,
         1.2103,  0.2379,  0.0487,  0.9872,  0.1773], device='cuda:0')
Likelihood: -97.22019958496094
Likelihood: -94.78143310546875
Likelihood: -50.05905532836914
{'index': 97.22019958496094,
 'middle': 94.78143310546875,
 'thumb': 50.05905532836914}
Plan time: 70.97145879396703
Current yaw: tensor([0.5057], device='cuda:0')
18 thumb
tensor([-0.2603,  0.5634,  0.6303,  0.6627, -0.2522,  0.5531,  0.9793,  1.0049,
         1.0914,  0.5269, -0.0733,  1.3064,  0.5057], device='cuda:0')
Solve time for step 1 (global step 26) 0.4287894290173426
Current ori: tensor(0.5057, device='cuda:0')
Index force: tensor([1.0596, 1.1026, 1.4125], device='cuda:0')
Middle force: tensor([1.0596, 1.1026, 1.4125], device='cuda:0')
tensor([-0.1994,  0.5566,  0.6227,  0.6933, -0.2413,  0.5841,  1.0118,  0.9510,
         1.0968,  0.4127, -0.1311,  1.1288,  0.5056], device='cuda:0')
Solve time for step 2 (global step 27) 5.388654054957442
Current ori: tensor(0.5056, device='cuda:0')
Index force: tensor([1.1759, 1.0720], device='cuda:0')
Middle force: tensor([1.1759, 1.0720], device='cuda:0')
tensor([-0.1675,  0.5679,  0.6345,  0.7074, -0.2291,  0.6024,  1.1098,  0.7646,
         1.0594,  0.3040,  0.0239,  0.9511,  0.5052], device='cuda:0')
Solve time for step 3 (global step 28) 4.799832829972729
Current ori: tensor(0.5052, device='cuda:0')
Index force: tensor([1.0005], device='cuda:0')
Middle force: tensor([1.0005], device='cuda:0')
Current yaw: tensor([0.5053], device='cuda:0')
19 turn
Likelihood: -99.00213623046875
State is out of distribution
Final likelihood: tensor([-2.0607, -2.8128], device='cuda:0', grad_fn=<IndexBackward0>)
Final likelihood: tensor([-2.0607, -2.8128], device='cuda:0', grad_fn=<IndexBackward0>)
1 mode projection succeeded
New goal: tensor([-0.0353,  0.5888,  0.6349,  0.7820, -0.0540,  0.3074,  0.8782,  0.8116,
         1.2788,  0.1700,  0.0808,  1.0282, -0.0050], device='cuda:0')
Likelihood: -41.987030029296875
Likelihood: -61.342185974121094
Likelihood: -108.02674102783203
{'index': 41.987030029296875,
 'middle': 61.342185974121094,
 'thumb': 108.02674102783203}
Plan time: 70.11762796103721
Current yaw: tensor([0.5053], device='cuda:0')
20 index
tensor([-0.1833,  0.6304,  0.6107,  0.8103, -0.2308,  0.6090,  1.0892,  0.7928,
         1.1297,  0.1484,  0.2459,  0.7002,  0.5053], device='cuda:0')
Solve time for step 1 (global step 29) 0.4967081310460344
Current ori: tensor(0.5053, device='cuda:0')
Middle force: tensor([1.3973, 1.0213, 1.0445], device='cuda:0')
Thumb force: tensor([0.4671, 0.2362, 0.0728], device='cuda:0')
tensor([-0.1016,  0.5536,  0.6150,  0.7564, -0.2562,  0.5625,  1.2124,  0.7009,
         1.0022,  0.4396,  0.2532,  0.8049,  0.5057], device='cuda:0')
Solve time for step 2 (global step 30) 3.1363433619844727
Current ori: tensor(0.5057, device='cuda:0')
Middle force: tensor([1.0204, 1.0368], device='cuda:0')
Thumb force: tensor([0.2323, 0.0739], device='cuda:0')
tensor([-0.0856,  0.5608,  0.6197,  0.7075, -0.2748,  0.5994,  1.1057,  0.8557,
         1.0854,  0.3451,  0.0971,  0.9825,  0.5064], device='cuda:0')
Solve time for step 3 (global step 31) 5.279210194945335
Current ori: tensor(0.5064, device='cuda:0')
Middle force: tensor([1.0297], device='cuda:0')
Thumb force: tensor([0.0859], device='cuda:0')
Current yaw: tensor([0.5227], device='cuda:0')
21 turn
Likelihood: -100.80091094970703
State is out of distribution
Final likelihood: tensor([-1.9749, -2.4760], device='cuda:0', grad_fn=<IndexBackward0>)
Final likelihood: tensor([-1.9749, -2.4760], device='cuda:0', grad_fn=<IndexBackward0>)
1 mode projection succeeded
New goal: tensor([-0.0363,  0.5885,  0.6370,  0.7797, -0.0543,  0.3085,  0.8790,  0.8103,
         1.2792,  0.1720,  0.0814,  1.0265, -0.0047], device='cuda:0')
Likelihood: -87.19971466064453
Likelihood: -64.53154754638672
Likelihood: -44.158058166503906
{'index': 87.19971466064453,
 'middle': 64.53154754638672,
 'thumb': 44.158058166503906}
Plan time: 68.5653073649737
Current yaw: tensor([0.5227], device='cuda:0')
22 thumb
tensor([-0.2473,  0.5804,  0.5964,  0.7711, -0.2615,  0.6257,  1.0597,  0.8805,
         1.0773,  0.3712,  0.1120,  0.9990,  0.5227], device='cuda:0')
Solve time for step 1 (global step 32) 0.4961504520033486
Current ori: tensor(0.5227, device='cuda:0')
Index force: tensor([1.0061, 1.0108, 1.0810], device='cuda:0')
Middle force: tensor([1.0061, 1.0108, 1.0810], device='cuda:0')
tensor([-0.1651,  0.5539,  0.6057,  0.7930, -0.2887,  0.6588,  0.9612,  1.0193,
         1.0580,  0.2708,  0.0619,  0.9721,  0.5228], device='cuda:0')
Solve time for step 2 (global step 33) 5.506126841006335
Current ori: tensor(0.5228, device='cuda:0')
Index force: tensor([0.9802, 1.0747], device='cuda:0')
Middle force: tensor([0.9802, 1.0747], device='cuda:0')
tensor([-0.1380,  0.5170,  0.5731,  0.7431, -0.3144,  0.6019,  1.0019,  1.0038,
         1.1062,  0.1995,  0.1117,  0.8474,  0.5228], device='cuda:0')
Solve time for step 3 (global step 34) 5.598157781001646
Current ori: tensor(0.5228, device='cuda:0')
Index force: tensor([1.0240], device='cuda:0')
Middle force: tensor([1.0240], device='cuda:0')
Current yaw: tensor([0.5227], device='cuda:0')
23 turn
Likelihood: -86.18384552001953
State is out of distribution
Final likelihood: tensor([-1.5011, -5.1483], device='cuda:0', grad_fn=<IndexBackward0>)
Final likelihood: tensor([-1.5011, -5.1483], device='cuda:0', grad_fn=<IndexBackward0>)
1 mode projection succeeded
New goal: tensor([ 0.0698,  0.5459,  0.7924,  0.8313,  0.0354,  0.4081,  0.8925,  0.7692,
         1.2983,  0.2385,  0.1288,  1.1482, -0.2295], device='cuda:0')
Likelihood: -77.88905334472656
Likelihood: -47.360984802246094
Likelihood: -88.00592803955078
{'index': 77.88905334472656,
 'middle': 47.360984802246094,
 'thumb': 88.00592803955078}
Plan time: 69.9540157589945
Current yaw: tensor([0.5227], device='cuda:0')
24 middle
tensor([-0.0776,  0.5192,  0.6916,  0.7282, -0.2460,  0.6612,  1.0011,  0.8758,
         1.1515,  0.0879,  0.2469,  0.7353,  0.5227], device='cuda:0')
Solve time for step 1 (global step 35) 0.2174265930079855
Current ori: tensor(0.5227, device='cuda:0')
Thumb force: tensor([1.3281, 1.2335, 1.3699], device='cuda:0')
tensor([-0.0419,  0.5061,  0.7840,  0.6777, -0.3631,  0.5626,  0.9693,  0.7638,
         1.0837,  0.3047,  0.1781,  0.9401,  0.4049], device='cuda:0')
Solve time for step 2 (global step 36) 5.911491215985734
Current ori: tensor(0.4049, device='cuda:0')
Thumb force: tensor([1.2283, 1.1994], device='cuda:0')
tensor([-0.0379,  0.6004,  0.5782,  0.8987, -0.3697,  0.5152,  0.9780,  0.8070,
         1.0812,  0.3588,  0.1564,  0.9862,  0.3363], device='cuda:0')
Solve time for step 3 (global step 37) 4.5896878489875235
Current ori: tensor(0.3363, device='cuda:0')
Thumb force: tensor([1.0250], device='cuda:0')
Current yaw: tensor([0.3327], device='cuda:0')
25 turn
Likelihood: -65.76718139648438
State is out of distribution
Final likelihood: tensor([-2.4499, -2.5900], device='cuda:0', grad_fn=<IndexBackward0>)
Final likelihood: tensor([-2.4499, -2.5900], device='cuda:0', grad_fn=<IndexBackward0>)
1 mode projection succeeded
New goal: tensor([ 0.0065,  0.5574,  0.5992,  0.8405, -0.1780,  0.3979,  1.0703,  0.7063,
         1.2604,  0.3171,  0.0662,  1.0377, -0.0705], device='cuda:0')
Likelihood: -61.97303771972656
Likelihood: -57.687278747558594
Likelihood: -40.008750915527344
{'index': 61.97303771972656,
 'middle': 57.687278747558594,
 'thumb': 40.008750915527344}
Plan time: 66.72139751299983
Current yaw: tensor([0.3327], device='cuda:0')
26 thumb
tensor([-0.0401,  0.6387,  0.5019,  0.9474, -0.1938,  0.5531,  1.0494,  0.8064,
         1.0314,  0.4303,  0.1684,  0.9717,  0.3327], device='cuda:0')
Solve time for step 1 (global step 38) 0.48675970098702237
Current ori: tensor(0.3327, device='cuda:0')
Index force: tensor([1.2462, 1.1180, 0.9255], device='cuda:0')
Middle force: tensor([1.2462, 1.1180, 0.9255], device='cuda:0')
tensor([-0.0086,  0.6351,  0.5254,  0.8910, -0.2024,  0.4387,  1.0614,  0.8200,
         1.0812,  0.3953,  0.1255,  0.9729,  0.3150], device='cuda:0')
Solve time for step 2 (global step 39) 3.8578659300110303
Current ori: tensor(0.3150, device='cuda:0')
Index force: tensor([1.1372, 0.9525], device='cuda:0')
Middle force: tensor([1.1372, 0.9525], device='cuda:0')
tensor([ 0.0166,  0.6597,  0.5007,  0.8666, -0.1698,  0.3478,  1.1652,  0.7968,
         1.1236,  0.4415,  0.0815,  0.9849,  0.2907], device='cuda:0')
Solve time for step 3 (global step 40) 3.5994071099557914
Current ori: tensor(0.2907, device='cuda:0')
Index force: tensor([0.9590], device='cuda:0')
Middle force: tensor([0.9590], device='cuda:0')
Current yaw: tensor([0.2289], device='cuda:0')
27 turn
Likelihood: -57.704803466796875
Sampling time 3.4338016230030917
tensor([ 0.0456,  0.6353,  0.6065,  0.7699, -0.1118,  0.1746,  1.3719,  0.6882,
         1.2816,  0.3648,  0.0254,  0.9422,  0.2289], device='cuda:0')
Solve time for step 1 (global step 41) 6.205358393955976
Current ori: tensor(0.2289, device='cuda:0')
Middle force: tensor([1.0606, 1.2486, 0.7014, 0.7573, 0.9259, 1.0169], device='cuda:0')
Thumb force: tensor([0.8325, 1.2605, 0.8120, 0.8265, 0.7120, 0.7818], device='cuda:0')
Index force: tensor([1.3820, 1.2745, 1.3007, 1.3818, 1.8405, 1.6020], device='cuda:0')
tensor([ 0.0418,  0.6348,  0.6256,  0.7692, -0.0996,  0.2177,  1.3114,  0.7821,
         1.2388,  0.4453,  0.0449,  0.9157,  0.2017], device='cuda:0')
Likelihood: -58.652408599853516
Solve time for step 2 (global step 42) 6.822675408038776
Current ori: tensor(0.2017, device='cuda:0')
Middle force: tensor([1.0926, 0.7060, 0.7132, 0.8659, 0.9247], device='cuda:0')
Thumb force: tensor([1.1771, 0.7897, 0.8185, 0.6389, 0.8242], device='cuda:0')
Index force: tensor([1.3059, 1.3516, 1.3974, 1.7778, 1.5160], device='cuda:0')
tensor([ 0.0430,  0.6391,  0.6498,  0.7663, -0.0775,  0.2635,  1.2993,  0.8177,
         1.1523,  0.5770,  0.1258,  0.9077,  0.1503], device='cuda:0')
Likelihood: -59.982540130615234
Solve time for step 3 (global step 43) 5.47166969900718
Current ori: tensor(0.1503, device='cuda:0')
Middle force: tensor([0.6217, 0.6019, 0.8372, 0.9826], device='cuda:0')
Thumb force: tensor([0.8485, 0.8914, 0.6578, 0.6700], device='cuda:0')
Index force: tensor([1.3274, 1.3914, 1.6933, 1.4481], device='cuda:0')
tensor([ 0.0420,  0.6474,  0.6657,  0.7459, -0.0737,  0.2898,  1.2919,  0.7982,
         1.2048,  0.4756,  0.0521,  0.9633,  0.1185], device='cuda:0')
Likelihood: -56.074668884277344
Solve time for step 4 (global step 44) 5.999060039990582
Current ori: tensor(0.1185, device='cuda:0')
Middle force: tensor([0.4452, 0.8482, 0.9755], device='cuda:0')
Thumb force: tensor([0.9700, 0.7503, 0.6983], device='cuda:0')
Index force: tensor([1.2927, 1.5431, 1.5330], device='cuda:0')
tensor([ 0.0421,  0.6496,  0.6775,  0.7233, -0.0771,  0.2944,  1.2887,  0.7740,
         1.2147,  0.4444,  0.0315,  0.9907,  0.1109], device='cuda:0')
Likelihood: -56.563201904296875
Solve time for step 5 (global step 45) 5.564678683003876
Current ori: tensor(0.1109, device='cuda:0')
Middle force: tensor([0.8388, 1.0158], device='cuda:0')
Thumb force: tensor([0.8021, 0.5741], device='cuda:0')
Index force: tensor([1.4015, 1.4314], device='cuda:0')
tensor([ 0.0433,  0.6596,  0.6719,  0.7108, -0.0796,  0.2991,  1.2832,  0.7565,
         1.1649,  0.5306,  0.0716,  1.0092,  0.1048], device='cuda:0')
Likelihood: -59.354698181152344
Solve time for step 6 (global step 46) 3.0563536600093357
Current ori: tensor(0.1048, device='cuda:0')
Middle force: tensor([1.0361], device='cuda:0')
Thumb force: tensor([0.4893], device='cuda:0')
Index force: tensor([1.3876], device='cuda:0')
Current yaw: tensor([0.1047], device='cuda:0')
28 turn
Likelihood: -55.24958038330078
Sampling time 3.504779437032994
tensor([ 0.0425,  0.6556,  0.6812,  0.7040, -0.0834,  0.3048,  1.2791,  0.7375,
         1.1820,  0.4906,  0.0419,  1.0294,  0.1047], device='cuda:0')
Solve time for step 1 (global step 47) 6.778964110999368
Current ori: tensor(0.1047, device='cuda:0')
Middle force: tensor([0.6039, 0.6200, 1.2303, 0.6609, 4.4568, 1.1970], device='cuda:0')
Thumb force: tensor([1.8789, 1.9947, 0.9219, 0.8576, 0.7184, 0.8685], device='cuda:0')
Index force: tensor([2.5387, 2.4001, 1.9408, 0.9850, 1.4440, 1.1063], device='cuda:0')
tensor([ 0.0759,  0.6737,  0.6795,  0.7221, -0.0630,  0.2908,  1.2450,  0.7937,
         1.2306,  0.4892, -0.0286,  1.1187,  0.0244], device='cuda:0')
Likelihood: -59.99366760253906
Solve time for step 2 (global step 48) 5.251964434981346
Current ori: tensor(0.0244, device='cuda:0')
Middle force: tensor([0.6216, 1.2140, 0.6464, 4.0992, 1.0537], device='cuda:0')
Thumb force: tensor([2.0739, 0.9289, 0.9162, 0.6900, 0.9722], device='cuda:0')
Index force: tensor([2.4632, 1.7507, 0.9954, 1.3919, 1.0914], device='cuda:0')
tensor([ 9.3056e-02,  6.9903e-01,  6.5996e-01,  7.0559e-01, -4.0801e-02,
         2.8180e-01,  1.2322e+00,  8.4436e-01,  1.2549e+00,  5.3884e-01,
        -7.7423e-02,  1.1766e+00, -9.4836e-04], device='cuda:0')
Likelihood: -66.77641296386719
State is out of distribution
Final likelihood: tensor([-1.5849, -2.1235], device='cuda:0', grad_fn=<IndexBackward0>)
Final likelihood: tensor([-1.5849, -2.1235], device='cuda:0', grad_fn=<IndexBackward0>)
1 mode projection succeeded
New goal: tensor([ 0.0986,  0.6624,  0.6518,  0.7766, -0.0690,  0.2491,  1.0824,  0.8158,
         1.2496,  0.2004,  0.0382,  1.0517,  0.0425], device='cuda:0')
Likelihood: -69.27249145507812
Likelihood: -81.50468444824219
Likelihood: -53.74205780029297
{'index': 69.27249145507812,
 'middle': 81.50468444824219,
 'thumb': 53.74205780029297}
Plan time: 67.57791958394228
Current yaw: tensor([-0.0010], device='cuda:0')
29 thumb
tensor([ 9.3131e-02,  6.9933e-01,  6.5999e-01,  7.0556e-01, -4.0683e-02,
         2.8211e-01,  1.2324e+00,  8.4453e-01,  1.2553e+00,  5.3900e-01,
        -7.6935e-02,  1.1770e+00, -9.5401e-04], device='cuda:0')
Solve time for step 1 (global step 49) 0.4105876119574532
Current ori: tensor(-0.0010, device='cuda:0')
Index force: tensor([1.0193, 1.0070, 1.0078], device='cuda:0')
Middle force: tensor([1.0193, 1.0070, 1.0078], device='cuda:0')
tensor([ 8.9996e-02,  7.0777e-01,  6.2208e-01,  7.5471e-01, -4.1420e-02,
         2.6335e-01,  1.2933e+00,  7.5035e-01,  1.1473e+00,  4.3524e-01,
        -8.3121e-02,  1.1075e+00, -1.2667e-03], device='cuda:0')
Solve time for step 2 (global step 50) 5.448227965040132
Current ori: tensor(-0.0013, device='cuda:0')
Index force: tensor([1.0048, 1.0051], device='cuda:0')
Middle force: tensor([1.0048, 1.0051], device='cuda:0')
tensor([ 0.0901,  0.6844,  0.6795,  0.7074, -0.0412,  0.2804,  1.2442,  0.8189,
         1.0950,  0.3883, -0.0517,  1.1729, -0.0017], device='cuda:0')
Solve time for step 3 (global step 51) 3.744291914976202
Current ori: tensor(-0.0017, device='cuda:0')
Index force: tensor([1.0039], device='cuda:0')
Middle force: tensor([1.0039], device='cuda:0')
Current yaw: tensor([-0.0019], device='cuda:0')
30 turn
Likelihood: -58.32516860961914
Sampling time 3.592994738020934
tensor([ 0.0842,  0.6860,  0.6999,  0.6667, -0.0451,  0.2994,  1.2048,  0.8382,
         1.2026,  0.3384,  0.0029,  1.1747, -0.0019], device='cuda:0')
Solve time for step 1 (global step 52) 6.672803196008317
Current ori: tensor(-0.0019, device='cuda:0')
Middle force: tensor([0.6383, 0.5301, 0.4833, 0.9366, 1.1570, 0.9030], device='cuda:0')
Thumb force: tensor([1.0206, 0.9610, 1.1025, 0.7410, 0.9694, 1.1620], device='cuda:0')
Index force: tensor([2.1838, 2.0074, 1.5924, 1.6000, 1.0140, 0.6597], device='cuda:0')
tensor([ 0.0851,  0.7078,  0.6836,  0.6552, -0.0394,  0.3026,  1.1799,  0.8860,
         1.2347,  0.3309, -0.0143,  1.1926, -0.0170], device='cuda:0')
Likelihood: -58.7303581237793
Solve time for step 2 (global step 53) 6.2354299340513535
Current ori: tensor(-0.0170, device='cuda:0')
Middle force: tensor([0.5862, 0.5272, 1.0155, 1.0287, 0.8399], device='cuda:0')
Thumb force: tensor([0.9416, 1.0713, 0.6011, 0.9812, 1.1989], device='cuda:0')
Index force: tensor([1.9906, 1.6534, 1.4828, 1.0369, 0.7478], device='cuda:0')
tensor([ 0.0879,  0.7214,  0.6983,  0.6128, -0.0385,  0.2980,  1.1699,  0.9179,
         1.2686,  0.2813, -0.0613,  1.2193, -0.0405], device='cuda:0')
Likelihood: -68.24047088623047
State is out of distribution
Final likelihood: tensor([-1.3228, -2.2105], device='cuda:0', grad_fn=<IndexBackward0>)
Final likelihood: tensor([-1.3228, -2.2105], device='cuda:0', grad_fn=<IndexBackward0>)
1 mode projection succeeded
New goal: tensor([ 0.0997,  0.6622,  0.6554,  0.7753, -0.0694,  0.2485,  1.0831,  0.8139,
         1.2500,  0.2002,  0.0392,  1.0529,  0.0479], device='cuda:0')
Likelihood: -75.28790283203125
Likelihood: -48.619232177734375
Likelihood: -47.9305534362793
{'index': 75.28790283203125,
 'middle': 48.619232177734375,
 'thumb': 47.9305534362793}
Plan time: 66.65021952294046
Current yaw: tensor([-0.0406], device='cuda:0')
31 thumb
tensor([ 0.0879,  0.7212,  0.6981,  0.6126, -0.0384,  0.2980,  1.1699,  0.9180,
         1.2686,  0.2812, -0.0617,  1.2193, -0.0406], device='cuda:0')
Solve time for step 1 (global step 54) 0.4049541150452569
Current ori: tensor(-0.0406, device='cuda:0')
Index force: tensor([1.0348, 1.0121, 1.0153], device='cuda:0')
Middle force: tensor([1.0348, 1.0121, 1.0153], device='cuda:0')
tensor([ 0.0861,  0.7428,  0.6658,  0.6170, -0.0378,  0.2826,  1.2163,  0.8435,
         1.1978,  0.2750, -0.1561,  1.1670, -0.0409], device='cuda:0')
Solve time for step 2 (global step 55) 5.490225868998095
Current ori: tensor(-0.0409, device='cuda:0')
Index force: tensor([1.0084, 1.0097], device='cuda:0')
Middle force: tensor([1.0084, 1.0097], device='cuda:0')
tensor([ 0.0819,  0.7544,  0.6257,  0.6634, -0.0320,  0.2971,  1.1866,  0.8546,
         1.1695,  0.2452, -0.0439,  1.1390, -0.0412], device='cuda:0')
Solve time for step 3 (global step 56) 4.495301309041679
Current ori: tensor(-0.0412, device='cuda:0')
Index force: tensor([1.0055], device='cuda:0')
Middle force: tensor([1.0055], device='cuda:0')
Current yaw: tensor([-0.0417], device='cuda:0')
32 turn
Likelihood: -61.56907653808594
State is out of distribution
Final likelihood: tensor([-1.3986, -1.5031], device='cuda:0', grad_fn=<IndexBackward0>)
Final likelihood: tensor([-1.3986, -1.5031], device='cuda:0', grad_fn=<IndexBackward0>)
1 mode projection succeeded
New goal: tensor([ 0.0992,  0.6626,  0.6526,  0.7769, -0.0681,  0.2477,  1.0841,  0.8134,
         1.2490,  0.2026,  0.0382,  1.0532,  0.0403], device='cuda:0')
Likelihood: -55.515159606933594
Likelihood: -49.63117218017578
Likelihood: -40.901309967041016
{'index': 55.515159606933594,
 'middle': 49.63117218017578,
 'thumb': 40.901309967041016}
Plan time: 67.23835482005961
Current yaw: tensor([-0.0417], device='cuda:0')
33 thumb
tensor([ 0.0846,  0.7564,  0.6486,  0.6140, -0.0297,  0.2711,  1.2527,  0.7811,
         1.2711,  0.2359,  0.0516,  1.0469, -0.0417], device='cuda:0')
Solve time for step 1 (global step 57) 0.4276892420020886
Current ori: tensor(-0.0417, device='cuda:0')
Index force: tensor([1.0449, 1.0314, 1.0532], device='cuda:0')
Middle force: tensor([1.0449, 1.0314, 1.0532], device='cuda:0')
tensor([ 0.0862,  0.7869,  0.6004,  0.6236, -0.0309,  0.2983,  1.1809,  0.8690,
         1.2387,  0.2259, -0.0614,  1.0165, -0.0424], device='cuda:0')
Solve time for step 2 (global step 58) 5.4062379589886405
Current ori: tensor(-0.0424, device='cuda:0')
Index force: tensor([1.0237, 1.0407], device='cuda:0')
Middle force: tensor([1.0237, 1.0407], device='cuda:0')
tensor([ 0.0908,  0.7898,  0.5886,  0.6387, -0.0283,  0.2772,  1.2314,  0.8199,
         1.2183,  0.1896, -0.0321,  1.0268, -0.0431], device='cuda:0')
Solve time for step 3 (global step 59) 4.3251569619751535
Current ori: tensor(-0.0431, device='cuda:0')
Index force: tensor([1.0339], device='cuda:0')
Middle force: tensor([1.0339], device='cuda:0')
Current yaw: tensor([-0.0443], device='cuda:0')
34 turn
Likelihood: -43.954036712646484
Sampling time 3.3822693140245974
tensor([ 0.0912,  0.7827,  0.5983,  0.6408, -0.0311,  0.3005,  1.1772,  0.8643,
         1.2835,  0.1953,  0.0592,  1.0041, -0.0443], device='cuda:0')
Solve time for step 1 (global step 60) 6.000000248022843
Current ori: tensor(-0.0443, device='cuda:0')
Middle force: tensor([1.6989, 0.4695, 0.5054, 0.7032, 0.6795, 1.5816], device='cuda:0')
Thumb force: tensor([1.8540, 0.9957, 0.9970, 0.7460, 1.0986, 0.3700], device='cuda:0')
Index force: tensor([2.5352, 1.3084, 1.3715, 1.1398, 1.6712, 1.3460], device='cuda:0')
tensor([ 0.0872,  0.7808,  0.6039,  0.6595, -0.0279,  0.3288,  1.1064,  0.8876,
         1.2569,  0.3330,  0.0951,  0.9968, -0.0702], device='cuda:0')
Likelihood: -35.572540283203125
Solve time for step 2 (global step 61) 6.0010990430018865
Current ori: tensor(-0.0702, device='cuda:0')
Middle force: tensor([0.4909, 0.8875, 0.8340, 1.4963, 1.5432], device='cuda:0')
Thumb force: tensor([0.9407, 0.5334, 0.7337, 0.7831, 0.6571], device='cuda:0')
Index force: tensor([1.3315, 1.0970, 1.2033, 1.3578, 1.3176], device='cuda:0')
tensor([ 0.0908,  0.7777,  0.6260,  0.6438, -0.0247,  0.3627,  1.0494,  0.9064,
         1.2593,  0.3577,  0.0661,  1.0029, -0.0929], device='cuda:0')
Likelihood: -43.351707458496094
Solve time for step 3 (global step 62) 5.876582390978001
Current ori: tensor(-0.0929, device='cuda:0')
Middle force: tensor([0.9445, 0.8641, 1.4335, 1.4623], device='cuda:0')
Thumb force: tensor([0.4428, 0.6620, 0.7775, 0.7285], device='cuda:0')
Index force: tensor([1.0713, 1.1311, 1.2630, 1.2165], device='cuda:0')
tensor([ 0.0928,  0.7643,  0.6643,  0.6095, -0.0240,  0.3788,  1.0330,  0.8914,
         1.2542,  0.3859,  0.0679,  1.0205, -0.0978], device='cuda:0')
Likelihood: -34.134971618652344
Solve time for step 4 (global step 63) 5.4003263440099545
Current ori: tensor(-0.0978, device='cuda:0')
Middle force: tensor([1.0177, 0.6976, 1.3154], device='cuda:0')
Thumb force: tensor([0.2558, 0.8349, 0.4051], device='cuda:0')
Index force: tensor([1.0294, 1.1439, 1.1069], device='cuda:0')
tensor([ 0.0966,  0.7618,  0.6742,  0.6032, -0.0239,  0.3904,  1.0234,  0.8763,
         1.2553,  0.3896,  0.0589,  1.0388, -0.1007], device='cuda:0')
Likelihood: -32.59356689453125
Solve time for step 5 (global step 64) 5.217089643003419
Current ori: tensor(-0.1007, device='cuda:0')
Middle force: tensor([0.6986, 1.2347], device='cuda:0')
Thumb force: tensor([0.7891, 0.3292], device='cuda:0')
Index force: tensor([1.1581, 1.0765], device='cuda:0')
tensor([ 0.1046,  0.7524,  0.6848,  0.6086, -0.0236,  0.3861,  1.0324,  0.8675,
         1.2334,  0.4241,  0.0570,  1.0350, -0.1010], device='cuda:0')
Likelihood: -49.97611999511719
Solve time for step 6 (global step 65) 5.250328145979438
Current ori: tensor(-0.1010, device='cuda:0')
Middle force: tensor([1.1996], device='cuda:0')
Thumb force: tensor([0.2677], device='cuda:0')
Index force: tensor([1.0599], device='cuda:0')
Current yaw: tensor([-0.1053], device='cuda:0')
35 turn
Likelihood: -46.966331481933594
Sampling time 3.2184502629679628
tensor([ 0.1093,  0.7532,  0.6830,  0.6143, -0.0217,  0.3820,  1.0393,  0.8615,
         1.2554,  0.3956,  0.0394,  1.0783, -0.1053], device='cuda:0')
Solve time for step 1 (global step 66) 6.158040569978766
Current ori: tensor(-0.1053, device='cuda:0')
Middle force: tensor([1.1019, 1.2660, 0.9137, 0.9221, 2.9469, 1.2088], device='cuda:0')
Thumb force: tensor([2.0409, 2.1552, 0.6205, 0.6278, 1.6489, 0.4225], device='cuda:0')
Index force: tensor([1.4784, 1.4694, 1.1971, 1.1683, 0.5710, 1.7832], device='cuda:0')
tensor([ 0.0920,  0.7551,  0.7228,  0.5655, -0.0048,  0.3710,  1.0428,  0.8590,
         1.2863,  0.3445,  0.0220,  1.1123, -0.1492], device='cuda:0')
Likelihood: -51.53974914550781
Solve time for step 2 (global step 67) 6.278763955982868
Current ori: tensor(-0.1492, device='cuda:0')
Middle force: tensor([1.1663, 0.8222, 0.8425, 2.7275, 1.2345], device='cuda:0')
Thumb force: tensor([2.0900, 0.7328, 0.7289, 1.5654, 0.3278], device='cuda:0')
Index force: tensor([1.4424, 1.2249, 1.2047, 0.3744, 1.6292], device='cuda:0')
tensor([ 0.0892,  0.7535,  0.7693,  0.5024,  0.0051,  0.3821,  0.9881,  0.9317,
         1.3100,  0.3145,  0.0085,  1.1240, -0.1798], device='cuda:0')
Likelihood: -64.30599212646484
State is out of distribution
Final likelihood: tensor([-1.9673, -2.1719], device='cuda:0', grad_fn=<IndexBackward0>)
Final likelihood: tensor([-1.9673, -2.1719], device='cuda:0', grad_fn=<IndexBackward0>)
1 mode projection succeeded
New goal: tensor([ 0.1848,  0.6722,  0.7362,  0.5520, -0.0771,  0.2867,  0.9688,  0.8350,
         1.2821,  0.1561,  0.0140,  1.0028,  0.0452], device='cuda:0')
Likelihood: -60.408287048339844
Likelihood: -55.93952941894531
Likelihood: -76.60026550292969
{'index': 60.408287048339844,
 'middle': 55.93952941894531,
 'thumb': 76.60026550292969}
Plan time: 65.32985633402131
Current yaw: tensor([-0.1798], device='cuda:0')
36 middle
tensor([ 0.0892,  0.7535,  0.7694,  0.5023,  0.0053,  0.3822,  0.9880,  0.9319,
         1.3101,  0.3145,  0.0083,  1.1240, -0.1798], device='cuda:0')
Solve time for step 1 (global step 68) 0.27579466497991234
Current ori: tensor(-0.1798, device='cuda:0')
Thumb force: tensor([0.6932, 0.9213, 0.9774], device='cuda:0')
tensor([ 0.0948,  0.7834,  0.7009,  0.5539, -0.1040,  0.2983,  0.9489,  0.9694,
         1.3047,  0.3309, -0.0036,  1.1307, -0.1805], device='cuda:0')
Solve time for step 2 (global step 69) 5.524895153997932
Current ori: tensor(-0.1805, device='cuda:0')
Thumb force: tensor([0.8892, 0.8991], device='cuda:0')
tensor([ 0.1003,  0.7712,  0.7371,  0.4989, -0.1188,  0.2963,  0.9014,  0.8937,
         1.2231,  0.5043,  0.0582,  1.0992, -0.1806], device='cuda:0')
Solve time for step 3 (global step 70) 4.623798293003347
Current ori: tensor(-0.1806, device='cuda:0')
Thumb force: tensor([0.8288], device='cuda:0')
Current yaw: tensor([-0.2713], device='cuda:0')
37 turn
Likelihood: -49.49940490722656
Sampling time 3.297788701020181
tensor([ 0.1004,  0.8007,  0.7353,  0.5140,  0.0990,  0.2429,  0.9640,  0.8161,
         1.2772,  0.4359,  0.0058,  1.1616, -0.2713], device='cuda:0')
Solve time for step 1 (global step 71) 6.72722276696004
Current ori: tensor(-0.2713, device='cuda:0')
Middle force: tensor([1.2026, 1.0547, 0.8827, 0.8585, 1.1837, 1.4594], device='cuda:0')
Thumb force: tensor([1.0639, 0.3394, 0.9816, 0.9783, 1.4578, 0.1746], device='cuda:0')
Index force: tensor([2.7731, 1.2293, 1.8616, 1.8040, 0.6683, 1.1283], device='cuda:0')
tensor([ 0.0916,  0.8064,  0.7461,  0.5145,  0.1272,  0.2387,  0.9697,  0.8466,
         1.2657,  0.4524,  0.0057,  1.1493, -0.3238], device='cuda:0')
Likelihood: -51.368370056152344
Solve time for step 2 (global step 72) 6.514713890966959
Current ori: tensor(-0.3238, device='cuda:0')
Middle force: tensor([1.0554, 0.8248, 0.8125, 1.0225, 1.4161], device='cuda:0')
Thumb force: tensor([0.2503, 0.8777, 0.9277, 1.4598, 0.3348], device='cuda:0')
Index force: tensor([1.1706, 1.7318, 1.6482, 0.7571, 1.0566], device='cuda:0')
tensor([ 0.1004,  0.8312,  0.7024,  0.5495,  0.1319,  0.2427,  0.9725,  0.8590,
         1.3082,  0.4280,  0.0178,  1.1803, -0.3408], device='cuda:0')
Likelihood: -56.112831115722656
Reached goal yaw
Reached goal yaw
Likelihood: -54.66655731201172
Average turn amount: -0.9655017852783203 over 1 trials
{}

Trial 6502
No action perturbation this trial
Loaded trajectory sampler
Current yaw: tensor([-0.3597], device='cuda:0')
Current yaw: tensor([-0.3549], device='cuda:0')
1 turn
Likelihood: -25.717634201049805
Sampling time 3.5181334170047194
tensor([ 0.1488,  0.5375,  0.6435,  0.8649, -0.0971,  0.3403,  0.9306,  0.9287,
         1.1348,  0.2173,  0.1386,  1.0624, -0.3549], device='cuda:0')
Solve time for step 1 (global step 0) 6.608488422003575
Current ori: tensor(-0.3549, device='cuda:0')
Middle force: tensor([1.7132, 2.1890, 0.4444, 1.1131, 0.9206, 1.0542], device='cuda:0')
Thumb force: tensor([1.0147, 0.8208, 1.0142, 0.3805, 1.0445, 0.0780], device='cuda:0')
Index force: tensor([1.3789, 1.8338, 1.3182, 1.2899, 1.5377, 0.8519], device='cuda:0')
tensor([ 0.1797,  0.5745,  0.6292,  0.9113, -0.0842,  0.3351,  0.9461,  0.9246,
         0.9184,  0.5300,  0.2242,  1.0309, -0.3536], device='cuda:0')
Likelihood: -71.84667205810547
State is out of distribution
Final likelihood: tensor([ -3.4184, -11.6631], device='cuda:0', grad_fn=<IndexBackward0>)
Final likelihood: tensor([ -3.4184, -11.6631], device='cuda:0', grad_fn=<IndexBackward0>)
1 mode projection succeeded
New goal: tensor([ 0.0919,  0.5070,  0.6641,  0.8416, -0.1843,  0.3580,  0.9270,  0.9552,
         1.1542,  0.2022,  0.2273,  1.0553, -0.2441], device='cuda:0')
Likelihood: -63.127872467041016
Likelihood: -35.350921630859375
Likelihood: -39.75613784790039
{'index': 63.127872467041016,
 'middle': 35.350921630859375,
 'thumb': 39.75613784790039}
Plan time: 71.1605447610491
Current yaw: tensor([-0.3536], device='cuda:0')
2 middle
tensor([ 0.1798,  0.5749,  0.6293,  0.9115, -0.0841,  0.3351,  0.9461,  0.9245,
         0.9179,  0.5308,  0.2242,  1.0307, -0.3536], device='cuda:0')
Solve time for step 1 (global step 1) 0.4005028119427152
Current ori: tensor(-0.3536, device='cuda:0')
Thumb force: tensor([1.1574, 0.8325, 1.0122], device='cuda:0')
tensor([ 0.1116,  0.6623,  0.5511,  0.9639, -0.0907,  0.3259,  0.9016,  0.8711,
         1.0355,  0.3335,  0.3086,  0.8218, -0.2948], device='cuda:0')
Solve time for step 2 (global step 2) 5.414014173031319
Current ori: tensor(-0.2948, device='cuda:0')
Thumb force: tensor([0.8647, 0.9762], device='cuda:0')
tensor([ 0.0806,  0.7009,  0.5935,  0.8956, -0.2089,  0.3558,  0.8399,  0.9136,
         0.8685,  0.5364,  0.5568,  0.5673, -0.2215], device='cuda:0')
Solve time for step 3 (global step 3) 4.803275058977306
Current ori: tensor(-0.2215, device='cuda:0')
Thumb force: tensor([0.8037], device='cuda:0')
Current yaw: tensor([-0.1088], device='cuda:0')
3 turn
Likelihood: -86.24043273925781
State is out of distribution
Final likelihood: tensor([-15.0587, -19.4047], device='cuda:0', grad_fn=<IndexBackward0>)
Final likelihood: tensor([-15.0587, -19.4047], device='cuda:0', grad_fn=<IndexBackward0>)
1 mode projection succeeded
New goal: tensor([ 0.1632,  0.7809,  0.7194,  0.9805,  0.1292,  0.4974,  0.8220,  0.7857,
         0.9495,  0.7469,  0.5627,  0.6054, -0.4716], device='cuda:0')
Likelihood: -61.95964813232422
Likelihood: -11.701210021972656
Likelihood: -66.7083969116211
{'index': 61.95964813232422,
 'middle': 11.701210021972656,
 'thumb': 66.7083969116211}
Plan time: 72.91633931803517
Current yaw: tensor([-0.1088], device='cuda:0')
4 middle
tensor([ 0.0264,  0.7463,  0.5684,  0.8532, -0.2202,  0.4317,  0.8996,  0.9622,
         1.0023,  0.3273,  0.6167,  0.3540, -0.1088], device='cuda:0')
Solve time for step 1 (global step 4) 0.2243111099814996
Current ori: tensor(-0.1088, device='cuda:0')
Thumb force: tensor([0.9035, 0.9705, 1.0207], device='cuda:0')
tensor([ 0.0704,  0.6811,  0.7543,  0.6718, -0.1042,  0.3704,  0.8302,  0.8651,
         0.7766,  0.6367,  0.6661,  0.3327, -0.1094], device='cuda:0')
Solve time for step 2 (global step 5) 5.702892553003039
Current ori: tensor(-0.1094, device='cuda:0')
Thumb force: tensor([0.9786, 1.0092], device='cuda:0')
tensor([ 0.0781,  0.7276,  0.6484,  0.7502, -0.0471,  0.3854,  0.7949,  0.8406,
         0.9639,  0.4269,  0.4111,  0.5740, -0.1104], device='cuda:0')
Solve time for step 3 (global step 6) 4.691828341979999
Current ori: tensor(-0.1104, device='cuda:0')
Thumb force: tensor([1.0220], device='cuda:0')
Current yaw: tensor([-0.1638], device='cuda:0')
5 turn
Likelihood: -37.68263244628906
Sampling time 3.4515308450208977
tensor([ 0.0875,  0.8038,  0.4840,  0.8730, -0.0080,  0.5362,  0.8139,  0.8219,
         0.9081,  0.5101,  0.4523,  0.5495, -0.1638], device='cuda:0')
Solve time for step 1 (global step 7) 6.614043247012887
Current ori: tensor(-0.1638, device='cuda:0')
Middle force: tensor([1.2391, 0.6407, 1.4265, 1.5286, 0.9068, 1.4262], device='cuda:0')
Thumb force: tensor([0.2478, 0.7867, 0.6053, 1.1547, 0.4140, 1.5340], device='cuda:0')
Index force: tensor([1.6999, 1.5602, 0.9075, 2.4056, 1.2319, 1.2344], device='cuda:0')
tensor([ 0.0612,  0.8152,  0.5237,  0.8519,  0.0181,  0.5443,  0.8069,  0.8113,
         0.9322,  0.5046,  0.4440,  0.5292, -0.2405], device='cuda:0')
Likelihood: -46.130455017089844
Solve time for step 2 (global step 8) 6.331519257975742
Current ori: tensor(-0.2405, device='cuda:0')
Middle force: tensor([1.0034, 0.8852, 0.9087, 0.4432, 0.5163], device='cuda:0')
Thumb force: tensor([0.1114, 0.6966, 1.1613, 0.9599, 1.0828], device='cuda:0')
Index force: tensor([1.0585, 1.1865, 1.4913, 1.1447, 1.4351], device='cuda:0')
tensor([ 0.1198,  0.8220,  0.4917,  0.9322,  0.0203,  0.5539,  0.7810,  0.8356,
         0.8829,  0.5485,  0.5005,  0.5449, -0.2463], device='cuda:0')
Likelihood: -29.66907501220703
Solve time for step 3 (global step 9) 4.997238896030467
Current ori: tensor(-0.2463, device='cuda:0')
Middle force: tensor([0.8810, 0.8280, 0.3717, 0.2384], device='cuda:0')
Thumb force: tensor([0.7776, 1.0123, 0.9597, 1.0646], device='cuda:0')
Index force: tensor([1.2353, 1.4238, 1.1720, 1.4630], device='cuda:0')
tensor([ 0.1346,  0.8445,  0.4194,  0.9645,  0.0220,  0.5773,  0.7402,  0.8501,
         0.8250,  0.6328,  0.4948,  0.6013, -0.2514], device='cuda:0')
Likelihood: -39.3251953125
Solve time for step 4 (global step 10) 5.6507278209901415
Current ori: tensor(-0.2514, device='cuda:0')
Middle force: tensor([0.7630, 0.3306, 0.2281], device='cuda:0')
Thumb force: tensor([1.1487, 0.9575, 1.0193], device='cuda:0')
Index force: tensor([1.4152, 1.2200, 1.4310], device='cuda:0')
tensor([ 0.1554,  0.8541,  0.4274,  0.9259,  0.0223,  0.5942,  0.6939,  0.8927,
         0.9483,  0.4995,  0.2716,  0.7707, -0.2514], device='cuda:0')
Likelihood: -44.98746109008789
Solve time for step 5 (global step 11) 4.08405921200756
Current ori: tensor(-0.2514, device='cuda:0')
Middle force: tensor([0.5007, 0.2743], device='cuda:0')
Thumb force: tensor([0.8927, 0.9847], device='cuda:0')
Index force: tensor([1.1402, 1.3925], device='cuda:0')
tensor([ 0.1888,  0.8616,  0.4305,  0.8635,  0.0228,  0.6012,  0.6797,  0.8948,
         0.8147,  0.7278,  0.4278,  0.7164, -0.2514], device='cuda:0')
Likelihood: -48.2913932800293
Solve time for step 6 (global step 12) 6.093838202999905
Current ori: tensor(-0.2514, device='cuda:0')
Middle force: tensor([0.4290], device='cuda:0')
Thumb force: tensor([1.1362], device='cuda:0')
Index force: tensor([1.3221], device='cuda:0')
Current yaw: tensor([-0.2520], device='cuda:0')
6 turn
Likelihood: -57.86363220214844
Sampling time 3.564750293036923
tensor([ 0.1886,  0.8951,  0.4256,  0.8792,  0.0221,  0.5960,  0.7017,  0.8749,
         0.8046,  0.6926,  0.5502,  0.5364, -0.2520], device='cuda:0')
Solve time for step 1 (global step 13) 6.474109202041291
Current ori: tensor(-0.2520, device='cuda:0')
Middle force: tensor([0.7381, 1.2796, 0.6592, 0.6252, 1.1550, 1.0014], device='cuda:0')
Thumb force: tensor([1.2531, 0.4387, 0.9229, 0.9749, 0.5347, 1.2333], device='cuda:0')
Index force: tensor([1.3848, 0.9070, 1.0961, 1.4648, 0.8147, 1.0574], device='cuda:0')
tensor([ 0.1825,  0.8761,  0.5058,  0.8067,  0.0295,  0.6058,  0.6737,  0.8929,
         0.8503,  0.6143,  0.5824,  0.4850, -0.2786], device='cuda:0')
Likelihood: -49.97150421142578
Solve time for step 2 (global step 14) 5.9998835229780525
Current ori: tensor(-0.2786, device='cuda:0')
Middle force: tensor([1.2072, 0.2430, 0.6093, 1.0222, 0.7455], device='cuda:0')
Thumb force: tensor([0.3632, 1.0280, 0.9244, 0.6502, 1.2401], device='cuda:0')
Index force: tensor([1.0093, 1.3597, 1.3230, 0.9299, 1.1657], device='cuda:0')
tensor([ 0.1832,  0.8795,  0.5554,  0.7658,  0.0456,  0.6132,  0.6609,  0.8770,
         0.8236,  0.6257,  0.5625,  0.5633, -0.3353], device='cuda:0')
Likelihood: -47.369895935058594
Solve time for step 3 (global step 15) 5.846926827041898
Current ori: tensor(-0.3353, device='cuda:0')
Middle force: tensor([0.6421, 1.0343, 0.9842, 0.5265], device='cuda:0')
Thumb force: tensor([0.8002, 1.0833, 0.5072, 1.4694], device='cuda:0')
Index force: tensor([1.2771, 1.5505, 0.9135, 1.5253], device='cuda:0')
tensor([ 0.1893,  0.8784,  0.5737,  0.7435,  0.0469,  0.6216,  0.6563,  0.8598,
         0.7270,  0.7387,  0.6378,  0.5080, -0.3412], device='cuda:0')
Likelihood: -57.71565246582031
Solve time for step 4 (global step 16) 5.614566156989895
Current ori: tensor(-0.3412, device='cuda:0')
Middle force: tensor([0.5848, 1.0367, 0.6703], device='cuda:0')
Thumb force: tensor([0.9699, 0.4027, 1.0733], device='cuda:0')
Index force: tensor([1.5907, 0.8829, 1.3464], device='cuda:0')
tensor([ 0.1949,  0.8942,  0.5618,  0.7245,  0.0416,  0.6244,  0.6381,  0.8826,
         0.7313,  0.7417,  0.5948,  0.5306, -0.3420], device='cuda:0')
Likelihood: -60.564579010009766
State is out of distribution
Final likelihood: tensor([-11.6170, -23.0650], device='cuda:0', grad_fn=<IndexBackward0>)
Final likelihood: tensor([-11.6170, -23.0650], device='cuda:0', grad_fn=<IndexBackward0>)
1 mode projection succeeded
New goal: tensor([ 0.3165,  0.8040,  0.8735,  0.9118,  0.2343,  0.5947,  0.6222,  0.9375,
         0.9291,  0.8761,  0.5248,  0.5528, -0.7248], device='cuda:0')
Likelihood: -25.446552276611328
Likelihood: -38.94275665283203
Likelihood: -51.67680740356445
{'index': 25.446552276611328,
 'middle': 38.94275665283203,
 'thumb': 51.67680740356445}
Plan time: 74.06219938705908
Current yaw: tensor([-0.3420], device='cuda:0')
7 index
tensor([ 0.1950,  0.8943,  0.5617,  0.7244,  0.0416,  0.6244,  0.6380,  0.8826,
         0.7312,  0.7418,  0.5946,  0.5306, -0.3420], device='cuda:0')
Solve time for step 1 (global step 17) 0.4956937810056843
Current ori: tensor(-0.3420, device='cuda:0')
Middle force: tensor([1.1522, 1.2954, 0.9910], device='cuda:0')
Thumb force: tensor([0.8091, 0.3989, 0.4069], device='cuda:0')
tensor([ 0.3109,  0.8502,  0.5977,  0.8619,  0.0432,  0.6549,  0.5618,  0.9175,
         0.6407,  0.8411,  0.6676,  0.4848, -0.3420], device='cuda:0')
Solve time for step 2 (global step 18) 5.905882116989233
Current ori: tensor(-0.3420, device='cuda:0')
Middle force: tensor([1.0685, 1.5220], device='cuda:0')
Thumb force: tensor([0.2852, 0.5757], device='cuda:0')
tensor([ 0.3199,  0.7110,  0.7207,  0.9616,  0.0435,  0.6440,  0.6137,  0.8769,
         0.7729,  0.7319,  0.5422,  0.5555, -0.3418], device='cuda:0')
Solve time for step 3 (global step 19) 5.528122588002589
Current ori: tensor(-0.3418, device='cuda:0')
Middle force: tensor([1.5050], device='cuda:0')
Thumb force: tensor([0.4953], device='cuda:0')
Current yaw: tensor([-0.3062], device='cuda:0')
8 turn
Likelihood: -68.90261840820312
State is out of distribution
Final likelihood: tensor([ -9.4072, -20.8702], device='cuda:0', grad_fn=<IndexBackward0>)
Final likelihood: tensor([ -9.4072, -20.8702], device='cuda:0', grad_fn=<IndexBackward0>)
1 mode projection succeeded
New goal: tensor([ 0.0961,  0.7808,  0.6709,  0.8954,  0.0621,  0.5629,  0.7508,  0.9067,
         1.2526,  0.3364,  0.3357,  0.8562, -0.3713], device='cuda:0')
Likelihood: -83.45068359375
Likelihood: -111.0762710571289
Likelihood: -75.15284729003906
{'index': 83.45068359375,
 'middle': 111.0762710571289,
 'thumb': 75.15284729003906}
Plan time: 67.61020573298447
Current yaw: tensor([-0.3062], device='cuda:0')
9 thumb
tensor([ 0.1060,  0.4692,  0.8244,  1.0368,  0.0364,  0.6729,  0.5550,  0.9259,
         0.9730,  0.4333,  0.4939,  0.4836, -0.3062], device='cuda:0')
Solve time for step 1 (global step 20) 0.49855951295467094
Current ori: tensor(-0.3062, device='cuda:0')
Index force: tensor([1.0377, 1.0228, 0.9984], device='cuda:0')
Middle force: tensor([1.0377, 1.0228, 0.9984], device='cuda:0')
tensor([ 0.1408,  0.4730,  0.8670,  1.0200,  0.0359,  0.6731,  0.5764,  0.8815,
         1.1320,  0.4899,  0.3110,  0.5765, -0.3060], device='cuda:0')
Solve time for step 2 (global step 21) 3.292675186006818
Current ori: tensor(-0.3060, device='cuda:0')
Index force: tensor([1.0217, 0.9960], device='cuda:0')
Middle force: tensor([1.0217, 0.9960], device='cuda:0')
tensor([ 0.1186,  0.5814,  0.6644,  1.2414,  0.0359,  0.6651,  0.5943,  0.8688,
         1.1788,  0.4882,  0.2663,  0.7202, -0.3059], device='cuda:0')
Solve time for step 3 (global step 22) 4.135649163974449
Current ori: tensor(-0.3059, device='cuda:0')
Index force: tensor([1.0013], device='cuda:0')
Middle force: tensor([1.0013], device='cuda:0')
Current yaw: tensor([-0.3059], device='cuda:0')
10 turn
Likelihood: -59.07424545288086
Sampling time 3.369783524016384
tensor([ 0.1064,  0.5703,  0.7786,  1.0967,  0.0360,  0.6482,  0.6357,  0.8348,
         1.2131,  0.3802,  0.3890,  0.7796, -0.3059], device='cuda:0')
Solve time for step 1 (global step 23) 6.371577611018438
Current ori: tensor(-0.3059, device='cuda:0')
Middle force: tensor([1.3028, 1.7946, 1.3611, 1.5850, 3.7135, 1.0856], device='cuda:0')
Thumb force: tensor([1.3451, 1.3541, 0.2028, 1.8691, 0.6207, 0.6297], device='cuda:0')
Index force: tensor([1.2377, 0.8232, 0.8104, 1.3912, 1.2386, 0.9653], device='cuda:0')
tensor([ 0.1462,  0.5706,  0.8374,  1.0593,  0.0217,  0.6612,  0.6018,  0.8521,
         1.2620,  0.3034,  0.3569,  0.7912, -0.3057], device='cuda:0')
Likelihood: -56.15740966796875
Solve time for step 2 (global step 24) 6.454500660998747
Current ori: tensor(-0.3057, device='cuda:0')
Middle force: tensor([1.6622, 1.1810, 1.3585, 3.4192, 1.0708], device='cuda:0')
Thumb force: tensor([1.3391, 0.2187, 1.5834, 0.8946, 0.5305], device='cuda:0')
Index force: tensor([0.5830, 0.9376, 1.3465, 1.1239, 0.9736], device='cuda:0')
tensor([ 0.1556,  0.6244,  0.7782,  1.1079,  0.0321,  0.6194,  0.6146,  0.7987,
         1.2731,  0.2725,  0.3019,  0.8150, -0.3416], device='cuda:0')
Likelihood: -57.64601135253906
Solve time for step 3 (global step 25) 6.114642001979519
Current ori: tensor(-0.3416, device='cuda:0')
Middle force: tensor([1.3331, 1.1220, 0.9518, 0.8365], device='cuda:0')
Thumb force: tensor([0.2886, 1.6804, 1.2352, 0.6299], device='cuda:0')
Index force: tensor([0.7017, 1.4944, 1.5391, 1.7092], device='cuda:0')
tensor([ 0.1700,  0.6231,  0.9262,  0.9343,  0.0836,  0.6617,  0.6192,  0.7578,
         1.1684,  0.5033,  0.3546,  0.8626, -0.4567], device='cuda:0')
Likelihood: -38.38092803955078
Solve time for step 4 (global step 26) 5.883919040032197
Current ori: tensor(-0.4567, device='cuda:0')
Middle force: tensor([0.7649, 0.7932, 0.8709], device='cuda:0')
Thumb force: tensor([1.3967, 0.9804, 0.5302], device='cuda:0')
Index force: tensor([1.5364, 1.4830, 1.5599], device='cuda:0')
tensor([ 0.2168,  0.6140,  1.0055,  0.8502,  0.0764,  0.6643,  0.6183,  0.7350,
         1.1603,  0.5143,  0.3048,  0.8948, -0.4637], device='cuda:0')
Likelihood: -51.07963562011719
Solve time for step 5 (global step 27) 5.265557762992103
Current ori: tensor(-0.4637, device='cuda:0')
Middle force: tensor([0.7621, 0.9003], device='cuda:0')
Thumb force: tensor([0.9905, 0.4627], device='cuda:0')
Index force: tensor([1.2710, 1.4313], device='cuda:0')
tensor([ 0.2205,  0.6331,  0.9330,  0.9435,  0.0814,  0.6713,  0.6223,  0.7228,
         1.0870,  0.5645,  0.4488,  0.7353, -0.4521], device='cuda:0')
Likelihood: -42.35948181152344
Solve time for step 6 (global step 28) 5.209769073000643
Current ori: tensor(-0.4521, device='cuda:0')
Middle force: tensor([0.8002], device='cuda:0')
Thumb force: tensor([0.6070], device='cuda:0')
Index force: tensor([1.3301], device='cuda:0')
Current yaw: tensor([-0.4658], device='cuda:0')
11 turn
Likelihood: -41.776405334472656
Sampling time 3.4167311770142987
tensor([ 0.2345,  0.6383,  0.9376,  0.9532,  0.0862,  0.6638,  0.6308,  0.7236,
         1.1297,  0.4995,  0.3975,  0.7319, -0.4658], device='cuda:0')
Solve time for step 1 (global step 29) 6.741719119949266
Current ori: tensor(-0.4658, device='cuda:0')
Middle force: tensor([1.4123, 1.4524, 1.1130, 1.1112, 1.4054, 1.5264], device='cuda:0')
Thumb force: tensor([0.2130, 0.1002, 1.0955, 0.6761, 0.1386, 1.7947], device='cuda:0')
Index force: tensor([1.2109, 1.1664, 1.4213, 1.4964, 1.3221, 0.9941], device='cuda:0')
tensor([ 0.2242,  0.6526,  0.9553,  0.9053,  0.0986,  0.6727,  0.6012,  0.7488,
         1.2267,  0.4018,  0.2340,  0.8364, -0.5034], device='cuda:0')
Likelihood: -48.35302734375
Solve time for step 2 (global step 30) 4.912276941991877
Current ori: tensor(-0.5034, device='cuda:0')
Middle force: tensor([1.2783, 1.0535, 1.1643, 1.3456, 1.3242], device='cuda:0')
Thumb force: tensor([0.1620, 1.1141, 0.2608, 0.1750, 1.5341], device='cuda:0')
Index force: tensor([1.2092, 1.3956, 1.3481, 1.2367, 1.2809], device='cuda:0')
tensor([ 0.2199,  0.6700,  0.9532,  0.9026,  0.1110,  0.6903,  0.5707,  0.7503,
         1.1738,  0.3927,  0.2492,  0.8133, -0.5420], device='cuda:0')
Likelihood: -46.974056243896484
Solve time for step 3 (global step 31) 5.67802913102787
Current ori: tensor(-0.5420, device='cuda:0')
Middle force: tensor([0.7027, 1.2270, 1.1367, 0.1465], device='cuda:0')
Thumb force: tensor([0.7922, 0.7954, 0.6784, 1.1212], device='cuda:0')
Index force: tensor([1.2404, 1.4786, 1.4331, 1.2803], device='cuda:0')
tensor([ 0.2143,  0.6880,  0.9340,  0.9033,  0.1159,  0.6862,  0.5958,  0.7065,
         1.1287,  0.4592,  0.2611,  0.7806, -0.5593], device='cuda:0')
Likelihood: -35.81137466430664
Solve time for step 4 (global step 32) 5.691333185008261
Current ori: tensor(-0.5593, device='cuda:0')
Middle force: tensor([0.9709, 0.4338, 0.9785], device='cuda:0')
Thumb force: tensor([0.2544, 0.9433, 1.2478], device='cuda:0')
Index force: tensor([1.0511, 1.4667, 1.1810], device='cuda:0')
tensor([ 0.2303,  0.6815,  0.9743,  0.8724,  0.1188,  0.6851,  0.6132,  0.6662,
         1.2432,  0.2720,  0.1482,  0.8174, -0.5686], device='cuda:0')
Likelihood: -64.3394546508789
State is out of distribution
Final likelihood: tensor([-2.0901, -2.1862], device='cuda:0', grad_fn=<IndexBackward0>)
Final likelihood: tensor([-2.0901, -2.1862], device='cuda:0', grad_fn=<IndexBackward0>)
1 mode projection succeeded
New goal: tensor([ 0.2571,  0.8554,  0.7593,  0.7801,  0.1081,  0.5419,  0.6738,  0.9336,
         1.4490,  0.2143,  0.0687,  1.1215, -0.5631], device='cuda:0')
Likelihood: -89.17112731933594
Likelihood: -46.436370849609375
Likelihood: -87.43042755126953
{'index': 89.17112731933594,
 'middle': 46.436370849609375,
 'thumb': 87.43042755126953}
Plan time: 65.61264982598368
Current yaw: tensor([-0.5687], device='cuda:0')
12 middle
tensor([ 0.2305,  0.6815,  0.9744,  0.8723,  0.1188,  0.6852,  0.6132,  0.6661,
         1.2433,  0.2717,  0.1477,  0.8175, -0.5687], device='cuda:0')
Solve time for step 1 (global step 33) 0.258417911012657
Current ori: tensor(-0.5687, device='cuda:0')
Thumb force: tensor([0.8155, 1.0582, 0.8010], device='cuda:0')
tensor([ 0.2390,  0.7600,  0.7696,  1.0658,  0.0760,  0.5565,  0.5849,  0.7196,
         1.3241, -0.0121,  0.2130,  0.7448, -0.5478], device='cuda:0')
Solve time for step 2 (global step 34) 5.682529325014912
Current ori: tensor(-0.5478, device='cuda:0')
Thumb force: tensor([1.0186, 0.8744], device='cuda:0')
tensor([ 0.2470,  0.7663,  0.7711,  1.0541,  0.1002,  0.5246,  0.6065,  0.7870,
         1.3818, -0.1050,  0.1711,  0.7467, -0.5482], device='cuda:0')
Solve time for step 3 (global step 35) 4.653870528971311
Current ori: tensor(-0.5482, device='cuda:0')
Thumb force: tensor([0.8717], device='cuda:0')
Current yaw: tensor([-0.5644], device='cuda:0')
13 turn
Likelihood: -37.79169845581055
Sampling time 3.3839785769814625
tensor([ 0.2505,  0.7688,  0.8013,  1.0075,  0.1154,  0.5545,  0.6874,  0.8842,
         1.2295,  0.1815,  0.1891,  0.7681, -0.5644], device='cuda:0')
Solve time for step 1 (global step 36) 7.280413152999245
Current ori: tensor(-0.5644, device='cuda:0')
Middle force: tensor([0.6618, 1.3290, 0.4109, 1.3530, 1.1960, 1.1255], device='cuda:0')
Thumb force: tensor([0.7928, 1.4560, 0.6962, 0.1887, 0.1658, 0.6192], device='cuda:0')
Index force: tensor([1.5346, 1.7436, 2.3075, 1.2264, 1.4196, 1.1792], device='cuda:0')
tensor([ 0.2637,  0.7878,  0.7781,  1.0191,  0.1176,  0.5667,  0.6535,  0.9223,
         1.3032,  0.0578,  0.2233,  0.7006, -0.5648], device='cuda:0')
Likelihood: -47.944358825683594
Solve time for step 2 (global step 37) 6.612845367984846
Current ori: tensor(-0.5648, device='cuda:0')
Middle force: tensor([1.3760, 0.4887, 1.3198, 1.1571, 0.9471], device='cuda:0')
Thumb force: tensor([1.4318, 0.8763, 0.1749, 0.0124, 0.6274], device='cuda:0')
Index force: tensor([1.6264, 2.1953, 1.0094, 1.3168, 1.2259], device='cuda:0')
tensor([ 0.2664,  0.8314,  0.7095,  1.0701,  0.1618,  0.5651,  0.6240,  0.8812,
         1.1025,  0.3708,  0.0320,  0.9742, -0.5869], device='cuda:0')
Likelihood: -44.987003326416016
Solve time for step 3 (global step 38) 5.923450578993652
Current ori: tensor(-0.5869, device='cuda:0')
Middle force: tensor([0.9968, 1.0548, 1.0702, 0.9477], device='cuda:0')
Thumb force: tensor([0.1966, 0.2877, 0.0834, 0.9008], device='cuda:0')
Index force: tensor([1.1582, 0.9368, 1.0168, 1.2275], device='cuda:0')
tensor([ 0.2514,  0.8510,  0.7186,  1.0367,  0.0920,  0.4712,  0.7381,  0.7978,
         1.2449,  0.1799, -0.0669,  1.0632, -0.6355], device='cuda:0')
Likelihood: -62.15678405761719
State is out of distribution
Final likelihood: tensor([-1.1580, -2.5729], device='cuda:0', grad_fn=<IndexBackward0>)
Final likelihood: tensor([-1.1580, -2.5729], device='cuda:0', grad_fn=<IndexBackward0>)
1 mode projection succeeded
New goal: tensor([ 0.2701,  0.6869,  0.7080,  0.8497,  0.0069,  0.3678,  0.9444,  0.8134,
         1.2715,  0.2574,  0.0804,  1.1674, -0.1549], device='cuda:0')
Likelihood: -58.17167663574219
Likelihood: -51.58567810058594
Likelihood: -73.13362121582031
{'index': 58.17167663574219,
 'middle': 51.58567810058594,
 'thumb': 73.13362121582031}
Plan time: 67.15433940989897
Current yaw: tensor([-0.6355], device='cuda:0')
14 middle
tensor([ 0.2515,  0.8511,  0.7186,  1.0366,  0.0919,  0.4713,  0.7386,  0.7977,
         1.2451,  0.1795, -0.0674,  1.0633, -0.6355], device='cuda:0')
Solve time for step 1 (global step 39) 0.4066206130082719
Current ori: tensor(-0.6355, device='cuda:0')
Thumb force: tensor([0.6050, 0.9697, 1.5948], device='cuda:0')
tensor([ 0.2659,  0.8019,  0.8598,  0.9119,  0.1164,  0.3542,  0.7920,  0.8283,
         1.0689,  0.4936,  0.1522,  0.9456, -0.6367], device='cuda:0')
Solve time for step 2 (global step 40) 4.656546429963782
Current ori: tensor(-0.6367, device='cuda:0')
Thumb force: tensor([0.9942, 1.4449], device='cuda:0')
tensor([ 0.2700,  0.8312,  0.8200,  0.9472,  0.1375,  0.3352,  0.8490,  0.7243,
         0.9767,  0.6208,  0.2650,  0.8431, -0.6560], device='cuda:0')
Solve time for step 3 (global step 41) 4.3336152540287
Current ori: tensor(-0.6560, device='cuda:0')
Thumb force: tensor([1.3023], device='cuda:0')
Current yaw: tensor([-0.6631], device='cuda:0')
15 turn
Likelihood: -71.50657653808594
State is out of distribution
Final likelihood: tensor([-1.6245, -2.3664], device='cuda:0', grad_fn=<IndexBackward0>)
Final likelihood: tensor([-1.6245, -2.3664], device='cuda:0', grad_fn=<IndexBackward0>)
1 mode projection succeeded
New goal: tensor([ 0.1819,  0.6764,  0.7381,  0.7369,  0.0082,  0.2671,  1.0171,  0.8127,
         1.3449,  0.1333, -0.0355,  1.1172, -0.1217], device='cuda:0')
Likelihood: -164.791015625
Likelihood: -158.48745727539062
Likelihood: -70.93601989746094
{'index': 164.791015625,
 'middle': 158.48745727539062,
 'thumb': 70.93601989746094}
Plan time: 73.94165291404352
Current yaw: tensor([-0.6631], device='cuda:0')
16 thumb
tensor([ 0.2893,  0.8323,  0.8488,  0.9312,  0.2283,  0.3609,  0.8948,  0.8208,
         1.1313,  0.3948,  0.0969,  0.9333, -0.6631], device='cuda:0')
Solve time for step 1 (global step 42) 0.20697809499688447
Current ori: tensor(-0.6631, device='cuda:0')
Index force: tensor([1.1228, 0.9491, 1.0469], device='cuda:0')
Middle force: tensor([1.1228, 0.9491, 1.0469], device='cuda:0')
tensor([ 0.3301,  0.7979,  0.8908,  0.9134,  0.1488,  0.3416,  0.8930,  0.8331,
         1.2775,  0.3521,  0.0233,  1.0693, -0.6632], device='cuda:0')
Solve time for step 2 (global step 43) 6.299096041009761
Current ori: tensor(-0.6632, device='cuda:0')
Index force: tensor([0.9303, 1.0375], device='cuda:0')
Middle force: tensor([0.9303, 1.0375], device='cuda:0')
tensor([ 0.3427,  0.7080,  0.8952,  0.9569,  0.1482,  0.3559,  0.8481,  0.9094,
         1.2986,  0.2773, -0.1237,  1.1913, -0.6632], device='cuda:0')
Solve time for step 3 (global step 44) 4.082320115994662
Current ori: tensor(-0.6632, device='cuda:0')
Index force: tensor([1.0374], device='cuda:0')
Middle force: tensor([1.0374], device='cuda:0')
Current yaw: tensor([-0.5152], device='cuda:0')
17 turn
Likelihood: -64.41160583496094
State is out of distribution
Final likelihood: tensor([ -2.2593, -11.6256], device='cuda:0', grad_fn=<IndexBackward0>)
Final likelihood: tensor([ -2.2593, -11.6256], device='cuda:0', grad_fn=<IndexBackward0>)
1 mode projection succeeded
New goal: tensor([ 0.3006,  0.7600,  0.5379,  1.0570,  0.0765,  0.3625,  0.7343,  1.1423,
         1.3268,  0.5718, -0.1264,  1.3085, -0.3177], device='cuda:0')
Likelihood: -67.29810333251953
