Importing module 'gym_38' (/home/abhinav/Documents/isaacgym/python/isaacgym/_bindings/linux-x86_64/gym_38.so)
Setting GYM_USD_PLUG_INFO_PATH to /home/abhinav/Documents/isaacgym/python/isaacgym/_bindings/linux-x86_64/usd/plugInfo.json
PyTorch version 2.4.1+cu121
Device count 2
/home/abhinav/Documents/isaacgym/python/isaacgym/_bindings/src/gymtorch
ninja: no work to do.
No ROS install found, continuing
CCAI_PATH /home/abhinav/Documents/ccai
robot pose [ 0.02  -0.35   0.376] [0, 0, 0.7071068, 0.7071068]
Not connected to PVD
Physics Engine: PhysX
Physics Device: cpu
GPU Pipeline: disabled
Using VHACD cache directory '/home/abhinav/.isaacgym/vhacd'
Found existing convex decomposition for mesh '/home/abhinav/Documents/github/isaacgym-arm-envs/isaac_victor_envs/assets/xela_models/mesh/allegro/base_ns.stl'
Found existing convex decomposition for mesh '/home/abhinav/Documents/github/isaacgym-arm-envs/isaac_victor_envs/assets/xela_models/mesh/allegro/link_1.0.stl'
Found existing convex decomposition for mesh '/home/abhinav/Documents/github/isaacgym-arm-envs/isaac_victor_envs/assets/xela_models/mesh/ft_c.stl'
[ models/temporal ] Channel dimensions: [(35, 128), (128, 256), (256, 512)]
[ models/temporal ] Channel dimensions: [(35, 128), (128, 256), (256, 512)]

Trial 17
No action perturbation this trial
Loaded trajectory sampler
Current yaw: tensor([-0.5301], device='cuda:1')
Current yaw: tensor([-0.5136], device='cuda:1')
1 turn
Sampling time 3.988193528028205
tensor([ 0.2154,  0.5211,  0.6639,  0.7870, -0.1443,  0.2260,  0.9782,  0.8694,
         1.1907,  0.1489,  0.0616,  0.9745, -0.5136], device='cuda:1')
Solve time for step 1 (global step 0) 6.2578778030583635
Current ori: tensor(-0.5136, device='cuda:1')
Middle force: tensor([1.5936, 1.2522, 0.5738, 1.2642, 1.4389, 1.0889, 0.9288, 0.8959, 1.7452,
        1.2563, 0.4091, 0.9192], device='cuda:1')
Thumb force: tensor([0.2314, 0.4641, 0.6123, 0.1183, 0.8390, 0.4915, 2.1719, 0.5630, 0.5461,
        0.1081, 0.2674, 0.3468], device='cuda:1')
Index force: tensor([0.5521, 1.4264, 0.7475, 0.5811, 2.1769, 1.0134, 0.8899, 0.9651, 1.1282,
        1.5097, 0.8185, 0.8574], device='cuda:1')
Q function output: 1.00
OOD detected by Q function: tensor([0.9991], device='cuda:1')
Current yaw: tensor([-0.5135], device='cuda:1')
2 mppi
tensor([ 0.2155,  0.5214,  0.6641,  0.7871, -0.1443,  0.2259,  0.9783,  0.8696,
         1.1905,  0.1488,  0.0614,  0.9745, -0.5135], device='cuda:1')
Solve time for step 1 (global step 0) 14.999016084009781
Current ori: tensor(-0.5135, device='cuda:1')
tensor([ 0.2722,  0.3714,  0.5785,  0.8020, -0.0427,  0.2143,  1.1330,  1.0821,
         1.1494,  0.0714,  0.1390,  1.1302, -0.3465], device='cuda:1')
MPPI returned state to ID. Exiting recovery loop
Current yaw: tensor([-0.3465], device='cuda:1')
3 turn
Sampling time 3.8659265380119905
tensor([ 0.2722,  0.3714,  0.5785,  0.8020, -0.0427,  0.2143,  1.1330,  1.0821,
         1.1494,  0.0714,  0.1390,  1.1302, -0.3465], device='cuda:1')
Solve time for step 1 (global step 1) 6.055192846106365
Current ori: tensor(-0.3465, device='cuda:1')
Middle force: tensor([1.6649, 1.0928, 1.1142, 0.9188, 1.1667, 1.2582, 1.4648, 0.7406, 1.1008,
        1.1011, 0.9622, 0.9494], device='cuda:1')
Thumb force: tensor([0.2839, 0.4854, 0.2900, 0.4320, 0.0750, 1.2629, 2.2782, 0.0510, 1.2238,
        0.6595, 0.2682, 0.6325], device='cuda:1')
Index force: tensor([0.7490, 1.0157, 0.6391, 0.9132, 2.0166, 0.5194, 0.8008, 1.3179, 1.6207,
        1.3003, 0.7600, 0.9022], device='cuda:1')
Q function output: 0.91
OOD detected by Q function: tensor([0.9123], device='cuda:1')
Current yaw: tensor([-0.3464], device='cuda:1')
4 mppi
tensor([ 0.2723,  0.3715,  0.5785,  0.8021, -0.0426,  0.2151,  1.1334,  1.0826,
         1.1494,  0.0712,  0.1388,  1.1307, -0.3464], device='cuda:1')
Solve time for step 1 (global step 1) 15.17045874800533
Current ori: tensor(-0.3464, device='cuda:1')
tensor([ 0.1919,  0.7060,  0.6332,  0.8360,  0.0781,  0.3397,  0.7663,  1.0364,
         1.1028,  0.1585,  0.1904,  1.0081, -0.3430], device='cuda:1')
MPPI returned state to ID. Exiting recovery loop
Current yaw: tensor([-0.3430], device='cuda:1')
5 turn
Sampling time 4.105677451938391
tensor([ 0.1919,  0.7060,  0.6332,  0.8360,  0.0781,  0.3397,  0.7663,  1.0364,
         1.1028,  0.1585,  0.1904,  1.0081, -0.3430], device='cuda:1')
Solve time for step 1 (global step 2) 6.275029170094058
Current ori: tensor(-0.3430, device='cuda:1')
Middle force: tensor([1.9924, 1.2328, 0.7165, 1.4595, 1.2647, 1.0835, 0.6988, 1.1339, 1.4473,
        0.9291, 0.7847, 0.7601], device='cuda:1')
Thumb force: tensor([0.5547, 0.4068, 0.8114, 0.2879, 0.2822, 0.8410, 1.4675, 0.6471, 0.0672,
        0.8914, 0.4247, 0.6322], device='cuda:1')
Index force: tensor([0.8541, 1.2735, 0.6157, 0.9586, 1.3748, 1.0228, 1.1381, 1.3945, 1.2732,
        0.3310, 0.3870, 1.0402], device='cuda:1')
Q function output: 1.00
OOD detected by Q function: tensor([1.0000], device='cuda:1')
Current yaw: tensor([-0.3430], device='cuda:1')
6 mppi
tensor([ 0.1918,  0.7070,  0.6332,  0.8360,  0.0783,  0.3406,  0.7653,  1.0364,
         1.1027,  0.1587,  0.1904,  1.0078, -0.3430], device='cuda:1')
Solve time for step 1 (global step 2) 14.864136273041368
Current ori: tensor(-0.3430, device='cuda:1')
tensor([ 0.0049,  0.5920,  0.5692,  1.1609, -0.0359,  0.4833,  0.8403,  1.0277,
         1.2853,  0.0736,  0.3247,  1.3131, -0.0736], device='cuda:1')
MPPI returned state to ID. Exiting recovery loop
Current yaw: tensor([-0.0736], device='cuda:1')
7 turn
Sampling time 3.9902084739878774
tensor([ 0.0049,  0.5920,  0.5692,  1.1609, -0.0359,  0.4833,  0.8403,  1.0277,
         1.2853,  0.0736,  0.3247,  1.3131, -0.0736], device='cuda:1')
Solve time for step 1 (global step 3) 6.423843828029931
Current ori: tensor(-0.0736, device='cuda:1')
Middle force: tensor([0.9033, 1.0567, 0.4466, 1.6327, 0.7713, 1.0683, 1.0881, 0.8666, 1.4377,
        1.5740, 0.9843, 0.8614], device='cuda:1')
Thumb force: tensor([0.6334, 0.2093, 0.3937, 0.3685, 0.9095, 0.7252, 1.6217, 0.5671, 0.3364,
        0.4993, 0.1752, 0.3734], device='cuda:1')
Index force: tensor([0.6154, 0.8226, 0.9425, 0.7173, 0.6492, 1.1569, 0.7269, 1.0845, 1.1131,
        1.4825, 0.8827, 1.0437], device='cuda:1')
Q function output: 0.00
tensor([ 0.0401,  0.5895,  0.7109,  1.0291, -0.0347,  0.4747,  0.8904,  0.9325,
         1.1341,  0.2984,  0.3619,  1.3235, -0.0803], device='cuda:1')
Solve time for step 2 (global step 4) 7.75757759809494
Current ori: tensor(-0.0803, device='cuda:1')
Middle force: tensor([1.3772, 1.0195, 1.0833, 0.9163, 1.3524, 1.1578, 0.7027, 1.0741, 1.0515,
        0.8228, 1.0679], device='cuda:1')
Thumb force: tensor([0.1157, 0.4222, 0.4382, 1.1278, 0.4461, 1.3302, 0.5647, 0.6316, 0.1709,
        0.7397, 0.3909], device='cuda:1')
Index force: tensor([1.0116, 0.7158, 0.6782, 0.6031, 0.6568, 0.4325, 0.7197, 1.0515, 1.2973,
        0.8875, 1.1594], device='cuda:1')
Q function output: 0.00
tensor([ 0.0486,  0.5425,  0.8543,  0.9000, -0.0180,  0.4559,  0.9273,  0.8756,
         1.1973,  0.2400,  0.2867,  1.4106, -0.1253], device='cuda:1')
Solve time for step 3 (global step 5) 5.788670463021845
Current ori: tensor(-0.1253, device='cuda:1')
Middle force: tensor([1.0565, 1.0773, 0.8053, 1.2552, 1.0164, 0.7925, 0.7994, 1.0109, 0.7389,
        0.9758], device='cuda:1')
Thumb force: tensor([0.4745, 0.5830, 1.1456, 0.4539, 1.3146, 0.8138, 0.8108, 0.0926, 0.8099,
        0.4566], device='cuda:1')
Index force: tensor([0.8437, 0.7259, 0.8156, 0.6514, 0.4376, 0.7971, 1.0799, 1.2325, 0.9344,
        1.1814], device='cuda:1')
Q function output: 0.41
OOD detected by Q function: tensor([0.4146], device='cuda:1')
Current yaw: tensor([-0.1254], device='cuda:1')
8 mppi
tensor([ 0.0486,  0.5424,  0.8547,  0.8997, -0.0188,  0.4557,  0.9274,  0.8755,
         1.1974,  0.2400,  0.2863,  1.4107, -0.1254], device='cuda:1')
Solve time for step 1 (global step 5) 15.084773557959124
Current ori: tensor(-0.1254, device='cuda:1')
tensor([ 0.2960,  0.5375,  0.6994,  0.9164, -0.1998,  0.5704,  0.9057,  0.8741,
         0.9975,  0.1501,  0.4235,  1.4877,  0.1622], device='cuda:1')
MPPI returned state to ID. Exiting recovery loop
Current yaw: tensor([0.1622], device='cuda:1')
9 turn
Sampling time 4.030474603059702
tensor([ 0.2960,  0.5375,  0.6994,  0.9164, -0.1998,  0.5704,  0.9057,  0.8741,
         0.9975,  0.1501,  0.4235,  1.4877,  0.1622], device='cuda:1')
Solve time for step 1 (global step 6) 7.051569552975707
Current ori: tensor(0.1622, device='cuda:1')
Middle force: tensor([1.1662, 1.2139, 1.0111, 1.1126, 0.8369, 0.9370, 1.1646, 1.6403, 1.1313,
        0.9423, 0.8121, 0.8088], device='cuda:1')
Thumb force: tensor([0.3183, 0.1667, 1.0570, 0.0684, 1.1024, 0.0990, 1.1995, 0.1629, 0.4571,
        0.8304, 0.1793, 0.4137], device='cuda:1')
Index force: tensor([0.7725, 1.0209, 1.3342, 0.9838, 1.6104, 1.3284, 0.5564, 0.5995, 1.1435,
        0.7083, 0.4102, 0.6046], device='cuda:1')
Q function output: 0.00
tensor([ 0.2981,  0.5159,  0.7338,  0.8731, -0.1606,  0.5996,  0.8674,  0.8955,
         0.9564,  0.3203,  0.4898,  1.3745,  0.2046], device='cuda:1')
Solve time for step 2 (global step 7) 5.809081263956614
Current ori: tensor(0.2046, device='cuda:1')
Middle force: tensor([1.1201, 0.8966, 1.0350, 0.8886, 0.9757, 1.0531, 1.4786, 0.9389, 0.9360,
        0.9285, 0.9837], device='cuda:1')
Thumb force: tensor([0.1995, 0.9935, 0.1798, 1.0971, 0.1673, 1.1959, 0.1357, 0.7016, 1.0642,
        0.1896, 0.3849], device='cuda:1')
Index force: tensor([1.0682, 1.3754, 1.0243, 1.5603, 1.3106, 0.7270, 0.8746, 1.0766, 0.6015,
        0.7042, 0.7738], device='cuda:1')
Q function output: 0.00
tensor([ 0.3060,  0.5255,  0.7425,  0.8456, -0.1454,  0.6206,  0.8048,  0.9628,
         1.0537,  0.2516,  0.4041,  1.4180,  0.2053], device='cuda:1')
Solve time for step 3 (global step 8) 5.493513874942437
Current ori: tensor(0.2053, device='cuda:1')
Middle force: tensor([0.8454, 0.9330, 0.8300, 0.9579, 0.7888, 1.3452, 0.7199, 0.7257, 0.9978,
        1.0589], device='cuda:1')
Thumb force: tensor([0.9078, 0.4645, 1.0780, 0.2952, 1.1891, 0.0707, 0.8573, 1.1536, 0.1119,
        0.4494], device='cuda:1')
Index force: tensor([1.4041, 1.0881, 1.5544, 1.2811, 0.9542, 1.0101, 1.0992, 0.8950, 0.8383,
        0.8380], device='cuda:1')
Q function output: 0.00
tensor([ 0.3425,  0.5264,  0.7935,  0.8275, -0.1435,  0.6087,  0.8591,  0.8701,
         0.9914,  0.3532,  0.4571,  1.3857,  0.2029], device='cuda:1')
Solve time for step 4 (global step 9) 7.4757891279878095
Current ori: tensor(0.2029, device='cuda:1')
Middle force: tensor([0.8846, 0.6617, 0.8787, 0.5611, 1.2714, 0.6470, 0.5672, 0.9969, 1.0404],
       device='cuda:1')
Thumb force: tensor([0.5641, 1.0091, 0.4858, 1.1400, 0.0875, 0.8728, 1.1286, 0.1151, 0.5640],
       device='cuda:1')
Index force: tensor([1.0651, 1.5130, 1.2173, 1.0778, 1.0149, 1.1108, 1.0634, 0.9842, 0.7874],
       device='cuda:1')
Q function output: 0.00
tensor([ 0.3491,  0.5387,  0.7968,  0.8226, -0.1341,  0.5782,  0.9234,  0.7921,
         1.0818,  0.2576,  0.3262,  1.4456,  0.1816], device='cuda:1')
Solve time for step 5 (global step 10) 5.613741661887616
Current ori: tensor(0.1816, device='cuda:1')
Middle force: tensor([0.5424, 0.8046, 0.5204, 1.2037, 0.7203, 0.5403, 0.9975, 1.0727],
       device='cuda:1')
Thumb force: tensor([0.9846, 0.6156, 1.0790, 0.2562, 0.7942, 1.0721, 0.2079, 0.5544],
       device='cuda:1')
Index force: tensor([1.4554, 1.1706, 1.1278, 0.9758, 1.0775, 1.0722, 0.9997, 0.7692],
       device='cuda:1')
Q function output: 0.03
tensor([ 0.3528,  0.5490,  0.7891,  0.8253, -0.1336,  0.5820,  0.9041,  0.8213,
         1.1371,  0.1496,  0.2392,  1.4921,  0.1796], device='cuda:1')
Solve time for step 6 (global step 11) 4.594718149048276
Current ori: tensor(0.1796, device='cuda:1')
Middle force: tensor([0.8333, 0.6322, 1.1161, 0.8114, 0.6345, 0.9915, 1.0773],
       device='cuda:1')
Thumb force: tensor([0.6043, 1.0159, 0.2844, 0.6885, 0.9246, 0.2350, 0.4543],
       device='cuda:1')
Index force: tensor([1.1261, 1.0755, 0.9696, 1.0528, 1.0641, 0.9994, 0.8540],
       device='cuda:1')
Q function output: 0.90
OOD detected by Q function: tensor([0.8950], device='cuda:1')
Current yaw: tensor([0.1796], device='cuda:1')
10 mppi
tensor([ 0.3530,  0.5499,  0.7894,  0.8254, -0.1335,  0.5820,  0.9041,  0.8214,
         1.1371,  0.1494,  0.2389,  1.4921,  0.1796], device='cuda:1')
Solve time for step 1 (global step 11) 15.064441367052495
Current ori: tensor(0.1796, device='cuda:1')
tensor([-0.0508,  0.7399,  0.5861,  0.7159, -0.4178,  0.5458,  0.8999,  1.0022,
         1.3090, -0.1050,  0.2256,  1.4903,  0.0853], device='cuda:1')
MPPI returned state to ID. Exiting recovery loop
Current yaw: tensor([0.0853], device='cuda:1')
11 turn
Sampling time 4.044626969029196
tensor([-0.0508,  0.7399,  0.5861,  0.7159, -0.4178,  0.5458,  0.8999,  1.0022,
         1.3090, -0.1050,  0.2256,  1.4903,  0.0853], device='cuda:1')
Solve time for step 1 (global step 12) 5.859423800953664
Current ori: tensor(0.0853, device='cuda:1')
Middle force: tensor([1.1997, 1.2990, 0.7877, 1.3639, 1.0105, 1.1853, 0.9525, 1.0605, 1.1766,
        1.1186, 0.4426, 0.7509], device='cuda:1')
Thumb force: tensor([0.2587, 0.2683, 0.7940, 0.1502, 0.3922, 0.0743, 1.0514, 0.4452, 0.2553,
        0.9794, 0.4646, 1.0885], device='cuda:1')
Index force: tensor([1.3226, 0.7867, 0.8786, 0.4492, 0.5891, 1.3792, 0.6556, 1.5523, 1.2680,
        0.9457, 0.6433, 0.1235], device='cuda:1')
Q function output: 0.00
tensor([-0.0338,  0.7269,  0.6320,  0.6515, -0.4167,  0.5315,  0.9354,  0.9692,
         1.2179,  0.0817,  0.2170,  1.5583,  0.0887], device='cuda:1')
Solve time for step 2 (global step 13) 5.64710656600073
Current ori: tensor(0.0887, device='cuda:1')
Middle force: tensor([1.1750, 0.5708, 0.7777, 0.8392, 1.1328, 0.5645, 0.7491, 1.1194, 0.9180,
        0.7072, 0.6629], device='cuda:1')
Thumb force: tensor([0.0257, 1.2134, 0.6561, 0.6880, 0.6388, 0.9313, 0.0259, 0.7375, 0.7015,
        0.1963, 0.6075], device='cuda:1')
Index force: tensor([1.0256, 0.9288, 0.9404, 1.0578, 0.9691, 1.3354, 0.9894, 0.8697, 0.5582,
        0.6903, 0.9769], device='cuda:1')
Q function output: 0.21
OOD detected by Q function: tensor([0.2057], device='cuda:1')
Current yaw: tensor([0.0886], device='cuda:1')
12 mppi
tensor([-0.0337,  0.7269,  0.6321,  0.6513, -0.4163,  0.5323,  0.9360,  0.9692,
         1.2177,  0.0821,  0.2168,  1.5584,  0.0886], device='cuda:1')
Solve time for step 1 (global step 13) 15.140671547036618
Current ori: tensor(0.0886, device='cuda:1')
tensor([-0.0299,  0.8415,  0.4030,  0.6449, -0.3120,  0.8381,  1.2784,  1.1039,
         1.4279,  0.0554,  0.5204,  1.5979,  0.2300], device='cuda:1')
MPPI returned state to ID. Exiting recovery loop
Current yaw: tensor([0.2300], device='cuda:1')
13 turn
Sampling time 3.972224987926893
tensor([-0.0299,  0.8415,  0.4030,  0.6449, -0.3120,  0.8381,  1.2784,  1.1039,
         1.4279,  0.0554,  0.5204,  1.5979,  0.2300], device='cuda:1')
Solve time for step 1 (global step 14) 6.2718550260178745
Current ori: tensor(0.2300, device='cuda:1')
Middle force: tensor([2.0535, 1.4759, 0.7282, 0.3268, 1.0337, 0.8783, 1.2010, 1.4097, 1.1341,
        0.9455, 0.5682, 0.6195], device='cuda:1')
Thumb force: tensor([0.9148, 0.2040, 0.5154, 1.1965, 1.3426, 0.1012, 0.7934, 0.1616, 1.0649,
        1.5801, 0.7327, 0.0621], device='cuda:1')
Index force: tensor([1.4028, 0.9102, 1.0172, 0.8824, 0.9680, 0.5884, 0.7747, 1.2070, 1.2147,
        1.1244, 0.8161, 0.4724], device='cuda:1')
Q function output: 1.00
OOD detected by Q function: tensor([1.], device='cuda:1')
Current yaw: tensor([0.2299], device='cuda:1')
14 mppi
tensor([-0.0299,  0.8419,  0.4025,  0.6449, -0.3105,  0.8406,  1.2789,  1.1039,
         1.4284,  0.0554,  0.5209,  1.5978,  0.2299], device='cuda:1')
Solve time for step 1 (global step 14) 14.97573705308605
Current ori: tensor(0.2299, device='cuda:1')
tensor([-0.1771,  0.7253,  0.3480,  0.4799, -0.4700,  1.0714,  1.5644,  1.0671,
         1.4153,  0.0604,  0.5190,  1.6942,  0.2517], device='cuda:1')
MPPI returned state to ID. Exiting recovery loop
Current yaw: tensor([0.2517], device='cuda:1')
15 turn
Sampling time 4.0001568129519
tensor([-0.1771,  0.7253,  0.3480,  0.4799, -0.4700,  1.0714,  1.5644,  1.0671,
         1.4153,  0.0604,  0.5190,  1.6942,  0.2517], device='cuda:1')
Solve time for step 1 (global step 15) 5.964329371927306
Current ori: tensor(0.2517, device='cuda:1')
Middle force: tensor([1.0492, 1.5958, 0.9940, 0.5931, 1.7153, 1.5836, 0.9533, 1.2755, 0.7660,
        0.7336, 0.5496, 0.3721], device='cuda:1')
Thumb force: tensor([0.3402, 0.3477, 0.1807, 0.7981, 0.0258, 0.4078, 0.2527, 0.0474, 0.2014,
        1.3772, 0.6237, 0.3313], device='cuda:1')
Index force: tensor([1.5699, 1.3337, 0.9562, 0.8572, 0.4353, 1.3772, 0.7951, 1.0035, 0.5228,
        1.2560, 0.9131, 0.7167], device='cuda:1')
Q function output: 1.00
OOD detected by Q function: tensor([1.], device='cuda:1')
Current yaw: tensor([0.2517], device='cuda:1')
16 mppi
tensor([-0.1772,  0.7253,  0.3481,  0.4796, -0.4700,  1.0718,  1.5650,  1.0669,
         1.4152,  0.0604,  0.5188,  1.6943,  0.2517], device='cuda:1')
Solve time for step 1 (global step 15) 14.86195323499851
Current ori: tensor(0.2517, device='cuda:1')
tensor([-0.1207,  0.9264,  0.1910,  0.6031, -0.2749,  1.3332,  1.5732,  1.1820,
         1.0920, -0.0874,  0.7104,  1.6927,  0.2639], device='cuda:1')
MPPI returned state to ID. Exiting recovery loop
Current yaw: tensor([0.2639], device='cuda:1')
17 turn
Sampling time 3.6281078619649634
tensor([-0.1207,  0.9264,  0.1910,  0.6031, -0.2749,  1.3332,  1.5732,  1.1820,
         1.0920, -0.0874,  0.7104,  1.6927,  0.2639], device='cuda:1')
Solve time for step 1 (global step 16) 6.04120644798968
Current ori: tensor(0.2639, device='cuda:1')
Middle force: tensor([0.8559, 0.5536, 1.7262, 0.3606, 1.2475, 0.7593, 0.8434, 1.5455, 1.3047,
        0.7903, 0.4179, 0.6729], device='cuda:1')
Thumb force: tensor([1.0456, 0.7909, 0.1588, 0.5096, 0.2579, 0.9673, 0.5504, 0.1583, 0.6946,
        0.9390, 0.5199, 0.2261], device='cuda:1')
Index force: tensor([1.1362, 1.2285, 0.4446, 0.5388, 0.9012, 0.9520, 0.9108, 0.6135, 0.5798,
        0.6084, 0.5154, 0.6072], device='cuda:1')
Q function output: 0.98
OOD detected by Q function: tensor([0.9816], device='cuda:1')
Current yaw: tensor([0.2639], device='cuda:1')
18 mppi
tensor([-0.1204,  0.9271,  0.1907,  0.6034, -0.2746,  1.3338,  1.5731,  1.1822,
         1.0913, -0.0877,  0.7105,  1.6926,  0.2639], device='cuda:1')
Solve time for step 1 (global step 16) 15.118893619044684
Current ori: tensor(0.2639, device='cuda:1')
tensor([-0.0573,  0.9003,  0.1004,  0.6965, -0.2647,  1.4249,  1.4545,  1.3205,
         1.2045, -0.1002,  0.7810,  1.7191,  0.2639], device='cuda:1')
MPPI returned state to ID. Exiting recovery loop
Current yaw: tensor([0.2639], device='cuda:1')
19 turn
Sampling time 4.318512202007696
tensor([-0.0573,  0.9003,  0.1004,  0.6965, -0.2647,  1.4249,  1.4545,  1.3205,
         1.2045, -0.1002,  0.7810,  1.7191,  0.2639], device='cuda:1')
Solve time for step 1 (global step 17) 7.401777938939631
Current ori: tensor(0.2639, device='cuda:1')
Middle force: tensor([1.3403, 0.7316, 1.3451, 0.5218, 1.3477, 1.2153, 0.6947, 2.2742, 0.5972,
        0.9786, 0.4860, 0.5371], device='cuda:1')
Thumb force: tensor([0.8714, 0.8268, 0.1727, 0.6494, 0.1479, 0.6863, 0.6554, 0.2803, 0.8113,
        0.5844, 0.2926, 0.2748], device='cuda:1')
Index force: tensor([1.2730, 0.8032, 0.6118, 0.6627, 1.2750, 0.3409, 1.0500, 0.6461, 0.6798,
        1.0645, 0.7288, 0.2012], device='cuda:1')
Q function output: 0.90
OOD detected by Q function: tensor([0.9044], device='cuda:1')
Current yaw: tensor([0.2639], device='cuda:1')
20 mppi
tensor([-0.0572,  0.9006,  0.1003,  0.6967, -0.2647,  1.4251,  1.4541,  1.3210,
         1.2047, -0.1001,  0.7811,  1.7191,  0.2639], device='cuda:1')
Solve time for step 1 (global step 17) 15.295205306028947
Current ori: tensor(0.2639, device='cuda:1')
tensor([-0.0299,  0.9743, -0.1664,  0.9713, -0.0524,  1.4090,  1.4795,  1.3211,
         1.1831, -0.0936,  0.7838,  1.7032,  0.2639], device='cuda:1')
MPPI returned state to ID. Exiting recovery loop
Current yaw: tensor([0.2639], device='cuda:1')
21 turn
Sampling time 4.075306975981221
tensor([-0.0299,  0.9743, -0.1664,  0.9713, -0.0524,  1.4090,  1.4795,  1.3211,
         1.1831, -0.0936,  0.7838,  1.7032,  0.2639], device='cuda:1')
Solve time for step 1 (global step 18) 7.981561981025152
Current ori: tensor(0.2639, device='cuda:1')
Middle force: tensor([1.6442, 1.1800, 1.3799, 0.9279, 1.2681, 0.9245, 1.2884, 1.2417, 1.4864,
        0.8190, 1.1257, 1.0414], device='cuda:1')
Thumb force: tensor([0.6095, 0.5558, 0.3580, 0.6937, 0.0073, 0.4301, 0.1541, 0.3726, 0.4664,
        0.5365, 0.0328, 0.0878], device='cuda:1')
Index force: tensor([1.2830, 1.4029, 0.9861, 0.9558, 1.3449, 1.1108, 0.9906, 0.4648, 0.8254,
        1.0259, 0.6644, 0.4095], device='cuda:1')
Q function output: 1.00
OOD detected by Q function: tensor([1.0000], device='cuda:1')
Current yaw: tensor([0.2639], device='cuda:1')
22 mppi
tensor([-0.0298,  0.9748, -0.1671,  0.9721, -0.0521,  1.4090,  1.4795,  1.3212,
         1.1830, -0.0936,  0.7839,  1.7031,  0.2639], device='cuda:1')
Solve time for step 1 (global step 18) 15.106588640017435
Current ori: tensor(0.2639, device='cuda:1')
tensor([-0.2604,  0.8257, -0.1740,  1.0501, -0.1982,  1.3322,  1.4817,  1.4853,
         1.2927, -0.1050,  0.7759,  1.6992,  0.3535], device='cuda:1')
MPPI returned state to ID. Exiting recovery loop
Current yaw: tensor([0.3535], device='cuda:1')
23 turn
Sampling time 3.976354462909512
tensor([-0.2604,  0.8257, -0.1740,  1.0501, -0.1982,  1.3322,  1.4817,  1.4853,
         1.2927, -0.1050,  0.7759,  1.6992,  0.3535], device='cuda:1')
Solve time for step 1 (global step 19) 7.697165038087405
Current ori: tensor(0.3535, device='cuda:1')
Middle force: tensor([1.6707, 1.4193, 1.2963, 0.7227, 1.0375, 0.9297, 1.5870, 1.6148, 1.2825,
        0.7313, 0.9092, 0.8024], device='cuda:1')
Thumb force: tensor([4.7220e-01, 4.3537e-01, 2.0835e-01, 5.8705e-01, 1.5683e+00, 1.0277e+00,
        6.0544e-01, 6.7117e-04, 5.8905e-01, 6.9089e-01, 2.2641e-01, 4.0611e-01],
       device='cuda:1')
Index force: tensor([0.8032, 0.8208, 0.4212, 0.6987, 1.1862, 1.4251, 1.7569, 0.9716, 1.4404,
        1.1465, 0.4860, 0.7327], device='cuda:1')
Q function output: 1.00
OOD detected by Q function: tensor([1.], device='cuda:1')
Current yaw: tensor([0.3537], device='cuda:1')
24 mppi
tensor([-0.2607,  0.8254, -0.1740,  1.0504, -0.1984,  1.3323,  1.4815,  1.4858,
         1.2928, -0.1050,  0.7758,  1.6991,  0.3537], device='cuda:1')
Solve time for step 1 (global step 19) 15.170442603062838
Current ori: tensor(0.3537, device='cuda:1')
tensor([-0.0640,  0.7480, -0.1558,  0.9230, -0.1800,  1.4540,  1.3541,  1.6187,
         1.1927, -0.1049,  0.8063,  1.6536,  0.3539], device='cuda:1')
MPPI returned state to ID. Exiting recovery loop
Current yaw: tensor([0.3539], device='cuda:1')
25 turn
Sampling time 4.026741600944661
tensor([-0.0640,  0.7480, -0.1558,  0.9230, -0.1800,  1.4540,  1.3541,  1.6187,
         1.1927, -0.1049,  0.8063,  1.6536,  0.3539], device='cuda:1')
Solve time for step 1 (global step 20) 8.101173634990118
Current ori: tensor(0.3539, device='cuda:1')
Middle force: tensor([1.5640, 1.3715, 1.2183, 0.8902, 1.5090, 0.8365, 1.3110, 0.9714, 1.0420,
        1.1796, 0.9140, 1.1865], device='cuda:1')
Thumb force: tensor([0.3944, 0.8067, 0.0498, 0.6032, 0.9139, 0.5890, 0.1914, 0.3558, 0.3236,
        1.2939, 0.3576, 0.3214], device='cuda:1')
Index force: tensor([0.3071, 1.4755, 0.9267, 0.6900, 1.0512, 0.9507, 0.9219, 0.8349, 0.8198,
        0.3414, 0.4418, 0.4287], device='cuda:1')
Q function output: 1.00
OOD detected by Q function: tensor([1.], device='cuda:1')
Current yaw: tensor([0.3539], device='cuda:1')
26 mppi
tensor([-0.0636,  0.7482, -0.1555,  0.9228, -0.1799,  1.4542,  1.3539,  1.6187,
         1.1925, -0.1049,  0.8063,  1.6534,  0.3539], device='cuda:1')
Solve time for step 1 (global step 20) 14.987281683948822
Current ori: tensor(0.3539, device='cuda:1')
tensor([-0.1507,  0.8204, -0.0087,  0.7518, -0.1844,  1.6100,  1.1913,  1.6180,
         1.2672, -0.1050,  0.7980,  1.7191,  0.3539], device='cuda:1')
MPPI returned state to ID. Exiting recovery loop
Current yaw: tensor([0.3539], device='cuda:1')
27 turn
Sampling time 3.8836515319999307
tensor([-0.1507,  0.8204, -0.0087,  0.7518, -0.1844,  1.6100,  1.1913,  1.6180,
         1.2672, -0.1050,  0.7980,  1.7191,  0.3539], device='cuda:1')
Solve time for step 1 (global step 21) 8.43462431896478
Current ori: tensor(0.3539, device='cuda:1')
Middle force: tensor([0.5737, 1.3092, 1.4495, 0.7349, 1.1235, 0.3640, 1.4893, 1.5505, 0.7101,
        0.9153, 0.6239, 0.9910], device='cuda:1')
Thumb force: tensor([0.9547, 0.0766, 0.1162, 0.2335, 0.8771, 0.3899, 0.0478, 0.4874, 0.0237,
        1.2412, 0.6142, 0.3688], device='cuda:1')
Index force: tensor([1.6821, 0.9305, 1.4493, 0.7256, 0.8803, 1.1674, 1.7068, 0.6443, 0.6919,
        0.7488, 0.9286, 0.7702], device='cuda:1')
Q function output: 0.74
OOD detected by Q function: tensor([0.7368], device='cuda:1')
Current yaw: tensor([0.3539], device='cuda:1')
28 mppi
tensor([-0.1508,  0.8208, -0.0082,  0.7514, -0.1844,  1.6100,  1.1912,  1.6180,
         1.2672, -0.1050,  0.7980,  1.7190,  0.3539], device='cuda:1')
Solve time for step 1 (global step 21) 14.962686698068865
Current ori: tensor(0.3539, device='cuda:1')
tensor([-0.0933,  0.9152,  0.0056,  0.6429, -0.1062,  1.4466,  1.2168,  1.6180,
         0.9763, -0.0705,  0.7166,  1.6881,  0.3539], device='cuda:1')
MPPI returned state to ID. Exiting recovery loop
Current yaw: tensor([0.3539], device='cuda:1')
29 turn
Sampling time 3.69784943992272
tensor([-0.0933,  0.9152,  0.0056,  0.6429, -0.1062,  1.4466,  1.2168,  1.6180,
         0.9763, -0.0705,  0.7166,  1.6881,  0.3539], device='cuda:1')
Solve time for step 1 (global step 22) 6.34062194195576
Current ori: tensor(0.3539, device='cuda:1')
Middle force: tensor([1.4805, 1.5931, 1.4205, 0.9846, 1.8714, 0.9763, 1.3721, 1.6607, 1.0502,
        1.1710, 0.6104, 1.4232], device='cuda:1')
Thumb force: tensor([0.4254, 1.0746, 0.2923, 0.5908, 0.0743, 0.4268, 0.3251, 0.3759, 0.7989,
        1.3648, 0.7560, 0.1143], device='cuda:1')
Index force: tensor([0.8150, 1.3612, 0.8050, 0.7804, 1.2076, 1.2747, 0.8523, 0.5479, 1.0346,
        1.0963, 0.9978, 1.1799], device='cuda:1')
Q function output: 1.00
OOD detected by Q function: tensor([1.0000], device='cuda:1')
Current yaw: tensor([0.3539], device='cuda:1')
30 mppi
tensor([-0.0932,  0.9157,  0.0058,  0.6427, -0.1061,  1.4466,  1.2170,  1.6180,
         0.9757, -0.0703,  0.7165,  1.6880,  0.3539], device='cuda:1')
