Hardware mode
Datetime: .04.27.25:10:47:36
Config: {'T': 3, 'T_orig': 12, 'receding_horizon': False, 'num_steps': 8, 'num_turns': 1, 'max_recovery_stages': 4, 'num_trials': 10, 'num_episodes': 50, 'visualize': True, 'experiment_name': 'allegro_screwdriver_recovery_model_hardware', 'mode': 'hardware', 'fingers': ['index', 'middle', 'thumb'], 'object_type': 'screwdriver', 'sim_device': 'cpu', 'friction_coefficient': 1.0, 'kp': 3.0, 'heuristic': 1000, 'max_depth': 11, 'goal': '-.5', 'prior': 1, 'multi_particle_search': True, 'replan': False, 'visualize_plan': False, 'visualize_recovery_plan': True, 'visualize_contact_plan': True, 'optimize_force': True, 'exclude_index': False, 'projected': False, 'use_saved_plans': True, 'use_saved_noise': False, 'use_guidance': False, 'sample_contact': False, 'use_partial_constraint': True, 'sine_cosine': True, 'project_state': False, 'compute_recovery_trajectory': False, 'rl_adjustment': False, 'test_recovery_trajectory': False, 'perturb_action': False, 'randomize_obj_start': False, 'external_wrench_perturb': True, 'viz_states': False, 'diff_init': True, 'live_recovery': True, 'new_projection': True, 'trajectory_condition': True, 'generate_context': True, 'true_s0': False, 'task_diffuse_goal': False, 'recovery_diff_traj': True, 'obj_gravity': True, 'type': 'diffusion', 'OOD_metric': 'likelihood', 'recovery_controller': 'csvgd', 'recovery_model_dir': 'data/training/allegro_screwdriver/allegro_screwdriver_recovery_pi_2_low_damping_diffusion', 'model_path': 'data/training/allegro_screwdriver/allegro_screwdriver_recovery_pi_2_low_damping_diffusion/allegro_screwdriver_diffusion.pt', 'model_dir': 'data/training/allegro_screwdriver/allegro_screwdriver_pi_2_diffusion', 'model_path_orig': 'data/training/allegro_screwdriver/allegro_screwdriver_pi_2_diffusion/allegro_screwdriver_diffusion.pt', 'likelihood_threshold': -170.0, 'drop_threshold': -1250, 'project_threshold': -105.0, 'sac_batch_size': 64, 'start_ind': 0, 'end_ind': 50, 'controllers': {'csvgd': {'N': 16, 'alpha_J': 0.01, 'alpha_C': 1, 'step_size': 0.1, 'momentum': 0.0, 'device': 'cuda:0', 'online_iters': 25, 'warmup_iters': 25, 'resample_steps': 16, 'resample_sigma': 0.01, 'resample_temperature': 0.1, 'penalty': 1000000, 'collision_checking': False, 'joint_friction': 0.0}}, 'ee_names': {'index': 'allegro_hand_hitosashi_finger_finger_0_aftc_base_link', 'middle': 'allegro_hand_naka_finger_finger_1_aftc_base_link', 'ring': 'allegro_hand_kusuri_finger_finger_2_aftc_base_link', 'thumb': 'allegro_hand_oya_finger_3_aftc_base_link'}, 'obj_dof': 3}
[ models/temporal ] Channel dimensions: [(37, 128), (128, 256), (256, 512)]
[ models/temporal ] Channel dimensions: [(37, 128), (128, 256), (256, 512)]
[ models/temporal ] Channel dimensions: [(37, 128), (128, 256), (256, 512)]
2048
4 128 4
[ models/temporal ] Channel dimensions: [(37, 128), (128, 256), (256, 512)]
[ models/temporal ] Channel dimensions: [(37, 128), (128, 256), (256, 512)]

Trial 1
No action perturbation this trial
Random perturbation %: 0.33
Loaded trajectory sampler
Current yaw: tensor([-0.0317,  0.0367,  0.4181], device='cuda:0')
Ready to pregrasp. Press <ENTER> to continue.tensor([-0.0338,  0.0138,  0.4160], device='cuda:0')
Pregrasp complete. Ready to execute. Press <ENTER> to continue.Current yaw: tensor([-0.0307,  0.0194,  0.4289], device='cuda:0')
1 turn
Likelihood: -64.7633056640625
Sampling time 3.343549616052769
tensor([ 0.1462,  0.6569,  0.5158,  0.5831, -0.0768,  0.5411,  0.8633,  0.8711,
         1.2123,  0.2829,  0.2473,  1.2106, -0.0307,  0.0153,  0.4303],
       device='cuda:0')
Solve time for step 1 (global step 0) 8.269610683084466
Current ori: tensor([-0.0264,  0.0152,  0.4309], device='cuda:0')
Middle force: tensor([1.0109, 0.9272, 0.9096, 1.0997, 0.8760, 1.1952, 1.3633, 0.9198, 0.7052,
        0.9428, 0.8752, 1.3576], device='cuda:0')
Thumb force: tensor([1.8544, 0.9640, 1.0357, 1.2776, 1.8034, 0.9752, 1.6781, 1.5255, 1.0833,
        1.0153, 1.0530, 0.8730], device='cuda:0')
Index force: tensor([0.9971, 1.0198, 1.0195, 0.8420, 1.0821, 1.1694, 0.9422, 0.9875, 1.0740,
        0.9404, 1.0242, 0.9464], device='cuda:0')
tensor([-0.0264,  0.0152,  0.4309], device='cuda:0')
tensor([ 0.1450,  0.7010,  0.4835,  0.5156, -0.0810,  0.5388,  0.8473,  0.9365,
         1.2963,  0.1968,  0.2567,  1.0351, -0.0382,  0.0269,  0.2025],
       device='cuda:0')
Likelihood: -95.13167572021484
Solve time for step 2 (global step 1) 7.793357115006074
Current ori: tensor([-0.0388,  0.0274,  0.2027], device='cuda:0')
Middle force: tensor([2.2837, 1.0008, 1.0114, 1.4028, 1.0183, 1.0145, 1.0007, 1.9788, 1.0261,
        1.0505, 1.0229], device='cuda:0')
Thumb force: tensor([1.5001, 1.9222, 1.0267, 2.1263, 1.5318, 1.4245, 1.6429, 1.7585, 1.2879,
        1.2248, 1.1207], device='cuda:0')
Index force: tensor([1.0124, 1.0383, 1.0362, 1.0701, 1.0186, 1.0249, 1.0076, 1.0230, 1.0238,
        1.0303, 1.0130], device='cuda:0')
tensor([-0.0388,  0.0274,  0.2027], device='cuda:0')
tensor([ 0.1493,  0.7088,  0.4826,  0.4728, -0.0752,  0.5237,  0.8480,  0.9884,
         1.3247,  0.2022,  0.2912,  0.8749, -0.0359,  0.0332,  0.0215],
       device='cuda:0')
Likelihood: -134.9520263671875
Solve time for step 3 (global step 2) 7.2187860870035365
Current ori: tensor([-0.0359,  0.0307,  0.0214], device='cuda:0')
Middle force: tensor([1.0006, 1.0099, 1.3735, 1.0163, 1.0130, 1.0005, 1.9366, 1.0233, 1.0460,
        1.0205], device='cuda:0')
Thumb force: tensor([1.8813, 1.0241, 2.0972, 1.5102, 1.3939, 1.6201, 1.7260, 1.2712, 1.2081,
        1.1104], device='cuda:0')
Index force: tensor([1.0556, 1.0349, 1.0587, 1.0165, 1.0235, 1.0065, 1.0206, 1.0211, 1.0289,
        1.0115], device='cuda:0')
tensor([-0.0359,  0.0307,  0.0214], device='cuda:0')
tensor([ 0.1879,  0.7224,  0.5125,  0.4827, -0.0818,  0.5355,  0.8456,  0.9832,
         1.2267,  0.4240,  0.3166,  0.8746, -0.0406,  0.0249,  0.0163],
       device='cuda:0')
Likelihood: -124.84162902832031
Solve time for step 4 (global step 3) 6.829795234021731
Current ori: tensor([-0.0394,  0.0260,  0.0161], device='cuda:0')
Middle force: tensor([1.0089, 1.3426, 1.0143, 1.0116, 1.0004, 1.8919, 1.0209, 1.0414, 1.0176],
       device='cuda:0')
Thumb force: tensor([1.0209, 2.0945, 1.4910, 1.3636, 1.6234, 1.6983, 1.2551, 1.2004, 1.1035],
       device='cuda:0')
Index force: tensor([1.0320, 1.0432, 1.0143, 1.0220, 1.0050, 1.0185, 1.0187, 1.0260, 1.0102],
       device='cuda:0')
tensor([-0.0394,  0.0260,  0.0161], device='cuda:0')
tensor([ 0.1745,  0.7205,  0.5005,  0.4774, -0.0797,  0.5333,  0.8420,  0.9950,
         1.2583,  0.3954,  0.3179,  0.8307, -0.0405,  0.0283, -0.0174],
       device='cuda:0')
Likelihood: -131.168701171875
Solve time for step 5 (global step 4) 6.33537773299031
Current ori: tensor([-0.0404,  0.0270, -0.0182], device='cuda:0')
Middle force: tensor([1.3201, 1.0129, 1.0104, 1.0003, 1.8595, 1.0186, 1.0372, 1.0148],
       device='cuda:0')
Thumb force: tensor([2.0559, 1.4687, 1.3339, 1.6062, 1.6583, 1.2398, 1.1897, 1.0963],
       device='cuda:0')
Index force: tensor([1.0358, 1.0126, 1.0205, 1.0042, 1.0170, 1.0165, 1.0239, 1.0090],
       device='cuda:0')
tensor([-0.0404,  0.0270, -0.0182], device='cuda:0')
tensor([ 0.1841,  0.7435,  0.4869,  0.4631, -0.0801,  0.5178,  0.8514,  1.0211,
         1.2899,  0.3507,  0.3293,  0.7745, -0.0415,  0.0239, -0.0722],
       device='cuda:0')
Likelihood: -150.34840393066406
Solve time for step 6 (global step 5) 5.9409926240332425
Current ori: tensor([-0.0375,  0.0278, -0.0715], device='cuda:0')
Middle force: tensor([1.1021, 1.0024, 1.0120, 1.0000, 1.0643, 1.0000, 1.0000],
       device='cuda:0')
Thumb force: tensor([1.0019, 1.3801, 1.0124, 1.2906, 1.5282, 1.0074, 2.1476],
       device='cuda:0')
Index force: tensor([1.0325, 1.0082, 1.0002, 1.0110, 1.0088, 1.0001, 1.0230],
       device='cuda:0')
tensor([-0.0375,  0.0278, -0.0715], device='cuda:0')
tensor([ 0.1964,  0.7578,  0.4774,  0.4585, -0.0800,  0.5060,  0.8600,  1.0697,
         1.3503,  0.2678,  0.3126,  0.6951, -0.0263,  0.0200, -0.2139],
       device='cuda:0')
Likelihood: -164.73876953125
Solve time for step 7 (global step 6) 5.656000183080323
Current ori: tensor([-0.0263,  0.0203, -0.2134], device='cuda:0')
Middle force: tensor([1.0019, 1.0109, 1.0002, 1.0550, 0.9999, 1.0001], device='cuda:0')
Thumb force: tensor([1.3301, 1.0097, 1.2646, 1.4845, 1.0071, 2.1118], device='cuda:0')
Index force: tensor([1.0068, 1.0002, 1.0088, 1.0072, 0.9993, 1.0200], device='cuda:0')
tensor([-0.0263,  0.0203, -0.2134], device='cuda:0')
tensor([ 0.1966,  0.7657,  0.4694,  0.4478, -0.0803,  0.4872,  0.8723,  1.1080,
         1.3847,  0.2410,  0.3221,  0.6241, -0.0339,  0.0206, -0.3143],
       device='cuda:0')
Likelihood: -192.07394409179688
State is out of distribution
Likelihoods: tensor([-2.5817, -3.1507, -3.4581, -3.4815, -3.5641, -3.5693, -3.6208, -3.6907,
        -3.7439, -3.8002, -4.1313, -4.1363, -4.1585, -4.2126, -4.2794, -4.3174],
       device='cuda:0')
Contact modes ['thumb_middle' 'thumb_middle' 'thumb_middle' 'thumb_middle'
 'thumb_middle' 'thumb_middle' 'thumb_middle' 'thumb_middle'
 'thumb_middle' 'thumb_middle' 'thumb_middle' 'thumb_middle'
 'thumb_middle' 'thumb_middle' 'thumb_middle' 'thumb_middle']
Likelihood grouped mean: {'thumb_middle': 0.026539354655104694}
Likelihood grouped sum: {'thumb_middle': 0.4246296744816751}
Contact mode with highest likelihood sum: thumb_middle
Plan time: 1.8789877479430288
Current yaw: tensor([-0.0420,  0.0208, -0.3126], device='cuda:0')
2 thumb_middle
tensor([ 0.1970,  0.7663,  0.4691,  0.4477, -0.0803,  0.4872,  0.8730,  1.1081,
         1.3851,  0.2415,  0.3220,  0.6243, -0.0343,  0.0204, -0.3154],
       device='cuda:0')
Solve time for step 1 (global step 7) 3.8987176979426295
Current ori: tensor([-0.0349,  0.0204, -0.3154], device='cuda:0')
Index force: tensor([1.0723, 1.0698, 1.0687], device='cuda:0')
tensor([-0.0349,  0.0204, -0.3154], device='cuda:0')
Apply perturbation now **INTO PALM**. Press <ENTER> to continuetensor([ 0.2290,  0.7566,  0.5191,  0.4733, -0.1851,  0.4618,  0.8497,  1.0118,
         1.2832,  0.2408,  0.2272,  0.8047, -0.0021, -0.0142, -0.4451],
       device='cuda:0')
Solve time for step 2 (global step 8) 3.6692507890984416
Current ori: tensor([-1.3611e-04, -1.4054e-02, -4.5010e-01], device='cuda:0')
Index force: tensor([1.0605, 1.0602], device='cuda:0')
tensor([-0.0012, -0.0145, -0.4509], device='cuda:0')
tensor([ 0.2042,  0.7525,  0.5074,  0.4430, -0.1847,  0.4619,  0.8496,  0.9624,
         1.2504,  0.2382,  0.2268,  0.9156, -0.0142, -0.0078, -0.4351],
       device='cuda:0')
Solve time for step 3 (global step 9) 3.4404883900424466
Current ori: tensor([-0.0133, -0.0096, -0.4414], device='cuda:0')
Index force: tensor([1.0517], device='cuda:0')
tensor([-0.0133, -0.0096, -0.4414], device='cuda:0')
Apply perturbation now **TO SIDE OF OBJECT**. Press <ENTER> to continueCurrent yaw: tensor([ 0.0004, -0.0204, -0.2152], device='cuda:0')
3 turn
Likelihood: -137.28775024414062
Sampling time 3.3942967030452564
tensor([ 0.1763,  0.7384,  0.4936,  0.4321, -0.0923,  0.5326,  0.9142,  1.0028,
         1.2505,  0.2430,  0.2649,  0.9513, -0.0064, -0.0115, -0.1490],
       device='cuda:0')
Solve time for step 1 (global step 10) 8.263702091062441
Current ori: tensor([-0.0074, -0.0111, -0.1442], device='cuda:0')
Middle force: tensor([0.9202, 0.9502, 1.1927, 0.9368, 0.9983, 0.7726, 1.0067, 1.0710, 1.2491,
        1.0272, 1.5238, 1.6271], device='cuda:0')
Thumb force: tensor([1.0267, 1.8420, 1.4947, 1.7284, 1.8032, 0.9868, 1.5775, 0.9595, 2.1102,
        1.0181, 1.0012, 1.6521], device='cuda:0')
Index force: tensor([1.0351, 0.9514, 0.9003, 1.0261, 1.0241, 1.1112, 1.0161, 1.0186, 1.0147,
        0.9379, 1.0140, 0.9972], device='cuda:0')
tensor([-0.0078, -0.0110, -0.1440], device='cuda:0')
tensor([ 0.1588,  0.7439,  0.4577,  0.4162, -0.1102,  0.5394,  0.9121,  1.0395,
         1.3062,  0.2130,  0.3072,  0.8314, -0.0148,  0.0037, -0.1557],
       device='cuda:0')
Likelihood: -147.04733276367188
Solve time for step 2 (global step 11) 7.892815868952312
Current ori: tensor([-0.0141,  0.0010, -0.1597], device='cuda:0')
Middle force: tensor([1.7488, 1.9912, 1.4802, 1.0202, 1.7359, 1.4332, 1.0194, 1.2380, 1.0248,
        1.0097, 1.0021], device='cuda:0')
Thumb force: tensor([1.0102, 1.2390, 2.6323, 1.4673, 3.6906, 1.1779, 1.0009, 1.0016, 1.0275,
        1.3319, 2.0053], device='cuda:0')
Index force: tensor([1.0453, 1.0731, 1.1984, 1.0216, 1.0061, 1.0241, 1.0371, 1.0385, 1.0157,
        1.0069, 1.0064], device='cuda:0')
tensor([-0.0141,  0.0010, -0.1597], device='cuda:0')
tensor([ 0.1596,  0.7626,  0.4339,  0.3713, -0.1122,  0.5399,  0.9241,  1.0378,
         1.4004,  0.0625,  0.2996,  0.7752, -0.0210,  0.0075, -0.2108],
       device='cuda:0')
Likelihood: -186.97325134277344
State is out of distribution
Likelihoods: tensor([-2.7362, -2.8734, -2.9018, -2.9070, -2.9461, -3.0297, -3.1060, -3.1104,
        -3.2521, -3.3445, -3.4725, -3.5518, -3.6092, -3.7012, -3.9982, -4.1589],
       device='cuda:0')
Contact modes ['thumb_middle' 'thumb_middle' 'thumb_middle' 'thumb_middle'
 'thumb_middle' 'thumb_middle' 'thumb_middle' 'thumb_middle'
 'thumb_middle' 'thumb_middle' 'thumb_middle' 'thumb_middle'
 'thumb_middle' 'thumb_middle' 'thumb_middle' 'thumb_middle']
Likelihood grouped mean: {'thumb_middle': 0.04003390365298745}
Likelihood grouped sum: {'thumb_middle': 0.6405424584477992}
Contact mode with highest likelihood sum: thumb_middle
Plan time: 2.040638462989591
Current yaw: tensor([-0.0216,  0.0057, -0.2090], device='cuda:0')
4 thumb_middle
tensor([ 0.1596,  0.7627,  0.4340,  0.3710, -0.1123,  0.5401,  0.9239,  1.0377,
         1.4007,  0.0622,  0.2998,  0.7752, -0.0210,  0.0066, -0.2101],
       device='cuda:0')
Solve time for step 1 (global step 12) 4.332068071002141
Current ori: tensor([-0.0217,  0.0063, -0.2093], device='cuda:0')
Index force: tensor([1.0645, 1.0609, 1.0629], device='cuda:0')
tensor([-0.0217,  0.0063, -0.2093], device='cuda:0')
tensor([ 0.1712,  0.7367,  0.4892,  0.4315, -0.2247,  0.5214,  0.8512,  0.9994,
         1.3073,  0.1616,  0.2021,  0.8733, -0.0123, -0.0065, -0.1339],
       device='cuda:0')
Solve time for step 2 (global step 13) 3.8829304120736197
Current ori: tensor([-0.0126, -0.0059, -0.1337], device='cuda:0')
Index force: tensor([1.0311, 1.0351], device='cuda:0')
tensor([-0.0126, -0.0056, -0.1336], device='cuda:0')
tensor([ 0.1606,  0.7487,  0.4580,  0.4366, -0.2247,  0.5217,  0.8510,  0.9640,
         1.2889,  0.2044,  0.1872,  0.9445, -0.0148, -0.0060, -0.1731],
       device='cuda:0')
Solve time for step 3 (global step 14) 3.493983332067728
Current ori: tensor([-0.0145, -0.0069, -0.1737], device='cuda:0')
Index force: tensor([1.0261], device='cuda:0')
tensor([-0.0145, -0.0069, -0.1737], device='cuda:0')
Current yaw: tensor([-0.0154, -0.0005, -0.1885], device='cuda:0')
5 turn
Likelihood: -146.64244079589844
Sampling time 3.439490449964069
tensor([ 0.1564,  0.7690,  0.4295,  0.3800, -0.1370,  0.5920,  0.8976,  0.9709,
         1.3108,  0.2483,  0.2263,  0.9444, -0.0159, -0.0037, -0.1848],
       device='cuda:0')
Solve time for step 1 (global step 15) 8.49706221697852
Current ori: tensor([-0.0152, -0.0040, -0.1848], device='cuda:0')
Middle force: tensor([1.0558, 1.3509, 2.8344, 1.0207, 1.1232, 1.0272, 1.0722, 1.0169, 1.0145,
        0.9227, 1.0630, 1.0045], device='cuda:0')
Thumb force: tensor([0.9821, 1.6380, 1.1738, 1.5581, 1.0124, 1.0749, 1.0297, 1.7411, 1.0687,
        1.3648, 1.0802, 1.6672], device='cuda:0')
Index force: tensor([1.3101, 1.0413, 1.0001, 1.0459, 1.1159, 1.0675, 1.0104, 1.0261, 1.0597,
        1.0907, 1.4156, 1.0294], device='cuda:0')
tensor([-0.0152, -0.0040, -0.1848], device='cuda:0')
tensor([ 0.1135,  0.7481,  0.4128,  0.3521, -0.1525,  0.5921,  0.8827,  0.9973,
         1.3772,  0.1464,  0.2412,  0.9019, -0.0137,  0.0173, -0.1960],
       device='cuda:0')
Likelihood: -152.75912475585938
Solve time for step 2 (global step 16) 7.887606751988642
Current ori: tensor([-0.0150,  0.0173, -0.1911], device='cuda:0')
Middle force: tensor([1.0035, 1.5036, 1.5741, 1.0223, 1.3761, 1.1598, 1.0100, 1.0009, 1.0078,
        1.0540, 1.3066], device='cuda:0')
Thumb force: tensor([1.7989, 1.2325, 1.3605, 1.0332, 1.0050, 1.0078, 1.0056, 1.2408, 1.2455,
        1.0356, 1.1519], device='cuda:0')
Index force: tensor([1.0070, 1.0062, 1.0064, 1.0569, 1.0322, 1.0338, 1.0007, 1.0091, 1.0199,
        1.0016, 1.0334], device='cuda:0')
tensor([-0.0150,  0.0173, -0.1911], device='cuda:0')
Apply perturbation now **TO SIDE OF OBJECT**. Press <ENTER> to continuetensor([ 0.1104,  0.7267,  0.4366,  0.3939, -0.1521,  0.5813,  0.9189,  1.0070,
         1.3010,  0.2935,  0.3341,  0.7520, -0.0171,  0.0125, -0.3256],
       device='cuda:0')
Likelihood: -154.94296264648438
Solve time for step 3 (global step 17) 7.4314549730625
Current ori: tensor([-0.0167,  0.0122, -0.3244], device='cuda:0')
Middle force: tensor([1.4664, 1.5754, 1.0194, 1.3552, 1.1446, 1.0081, 1.0005, 1.0056, 1.0513,
        1.2950], device='cuda:0')
Thumb force: tensor([1.1929, 1.3276, 1.0252, 1.0029, 1.0050, 1.0036, 1.2029, 1.2188, 1.0255,
        1.1326], device='cuda:0')
Index force: tensor([1.0049, 1.0041, 1.0479, 1.0265, 1.0293, 1.0003, 1.0068, 1.0165, 1.0008,
        1.0287], device='cuda:0')
tensor([-0.0167,  0.0122, -0.3244], device='cuda:0')
Apply perturbation now **TO SIDE OF OBJECT**. Press <ENTER> to continuetensor([ 0.1319,  0.6919,  0.4832,  0.4917, -0.1411,  0.5981,  0.9604,  1.0498,
         1.2920,  0.3352,  0.3579,  0.6711,  0.0350, -0.0406, -0.8578],
       device='cuda:0')
Likelihood: -167.94302368164062
Solve time for step 4 (global step 18) 6.827534658019431
Current ori: tensor([ 0.0357, -0.0400, -0.8602], device='cuda:0')
Middle force: tensor([1.5749, 1.0339, 1.3472, 1.1515, 1.0077, 1.0003, 1.0061, 1.0654, 1.2997],
       device='cuda:0')
Thumb force: tensor([1.2681, 1.0094, 1.0013, 1.0024, 1.0020, 1.1477, 1.1719, 1.0145, 1.1096],
       device='cuda:0')
Index force: tensor([1.0030, 1.0396, 1.0211, 1.0244, 1.0001, 1.0053, 1.0130, 1.0004, 1.0239],
       device='cuda:0')
tensor([ 0.0357, -0.0400, -0.8602], device='cuda:0')
tensor([ 0.1071,  0.6868,  0.4629,  0.4946, -0.1517,  0.5981,  0.9665,  1.0620,
         1.3877,  0.2181,  0.3721,  0.5438,  0.0406, -0.0332, -0.9695],
       device='cuda:0')
Likelihood: -202.98507690429688
State is out of distribution
Likelihoods: tensor([-3.7876, -3.9075, -4.0074, -4.1280, -4.1869, -4.3124, -4.3139, -4.3692,
        -4.4198, -4.4496, -4.4831, -4.6291, -4.9689, -5.0000, -5.1100, -5.1922],
       device='cuda:0')
Contact modes ['thumb_middle' 'thumb_middle' 'thumb_middle' 'thumb_middle'
 'thumb_middle' 'thumb_middle' 'thumb_middle' 'thumb_middle'
 'thumb_middle' 'thumb_middle' 'thumb_middle' 'thumb_middle'
 'thumb_middle' 'thumb_middle' 'thumb_middle' 'thumb_middle']
Likelihood grouped mean: {'thumb_middle': 0.012608858909729726}
Likelihood grouped sum: {'thumb_middle': 0.20174174255567562}
Contact mode with highest likelihood sum: thumb_middle
Plan time: 1.8268739529885352
Current yaw: tensor([ 0.0406, -0.0359, -0.9679], device='cuda:0')
6 thumb_middle
tensor([ 0.1070,  0.6867,  0.4627,  0.4946, -0.1517,  0.5982,  0.9669,  1.0613,
         1.3880,  0.2182,  0.3720,  0.5439,  0.0397, -0.0346, -0.9681],
       device='cuda:0')
Solve time for step 1 (global step 19) 3.790750565007329
Current ori: tensor([ 0.0398, -0.0348, -0.9681], device='cuda:0')
Index force: tensor([1.0531, 1.0540, 1.0573], device='cuda:0')
tensor([ 0.0398, -0.0348, -0.9681], device='cuda:0')
Apply perturbation now **TO SIDE OF OBJECT**. Press <ENTER> to continuetensor([ 0.0501,  0.6877,  0.4220,  0.4597, -0.2435,  0.5139,  0.8809,  0.9776,
         1.2855,  0.2211,  0.2954,  0.7458,  0.0578, -0.0410, -1.3526],
       device='cuda:0')
Solve time for step 2 (global step 20) 3.747602835064754
Current ori: tensor([ 0.0579, -0.0414, -1.3537], device='cuda:0')
Index force: tensor([1.0496, 1.0478], device='cuda:0')
tensor([ 0.0579, -0.0414, -1.3537], device='cuda:0')
tensor([ 0.0106,  0.6937,  0.4038,  0.3767, -0.2450,  0.5141,  0.8809,  0.9305,
         1.2143,  0.2511,  0.2838,  0.9743,  0.0399, -0.0181, -1.5206],
       device='cuda:0')
Solve time for step 3 (global step 21) 3.430621110019274
Current ori: tensor([ 0.0398, -0.0194, -1.5152], device='cuda:0')
Index force: tensor([1.0389], device='cuda:0')
tensor([ 0.0398, -0.0194, -1.5152], device='cuda:0')
Current yaw: tensor([ 0.0192, -0.0018, -1.1179], device='cuda:0')
7 turn
Likelihood: -209.06939697265625
State is out of distribution
Likelihoods: tensor([-3.6777, -3.9728, -4.0436, -4.2449, -4.2454, -4.5538, -4.9069, -5.2326,
        -5.4967, -5.6409, -5.7406, -5.9978, -6.4772, -6.5889, -6.6397, -6.6595],
       device='cuda:0')
Contact modes ['index' 'index' 'index' 'index' 'index' 'index' 'index' 'thumb_middle'
 'index' 'thumb_middle' 'thumb_middle' 'thumb_middle' 'thumb_middle'
 'thumb_middle' 'thumb_middle' 'thumb_middle']
Likelihood grouped mean: {'index': 0.01404092312699158, 'thumb_middle': 0.002511151524969002}
Likelihood grouped sum: {'index': 0.11232738501593265, 'thumb_middle': 0.020089212199752016}
Contact mode with highest likelihood sum: index
Plan time: 1.9872412499971688
Current yaw: tensor([ 0.0186, -0.0013, -1.1163], device='cuda:0')
8 index
tensor([-0.0081,  0.7309,  0.3405,  0.3076, -0.1769,  0.5143,  0.9888,  0.9894,
         1.2009,  0.2629,  0.2817,  1.2001,  0.0194, -0.0024, -1.1152],
       device='cuda:0')
Solve time for step 1 (global step 22) 4.59145031508524
Current ori: tensor([ 0.0201, -0.0019, -1.1141], device='cuda:0')
Middle force: tensor([1.0706, 1.0793, 1.0717], device='cuda:0')
Thumb force: tensor([1.0577, 1.0553, 1.0604], device='cuda:0')
tensor([ 0.0201, -0.0019, -1.1141], device='cuda:0')
tensor([ 1.0202e-01,  6.2489e-01,  3.4539e-01,  3.9718e-01, -1.8232e-01,
         5.7839e-01,  9.6466e-01,  9.4783e-01,  1.2291e+00,  2.2972e-01,
         2.8225e-01,  1.1160e+00, -1.4317e-03, -4.6486e-04, -1.1461e+00],
       device='cuda:0')
Solve time for step 2 (global step 23) 4.272238546051085
Current ori: tensor([-5.4563e-04,  9.9376e-04, -1.1445e+00], device='cuda:0')
Middle force: tensor([1.0687, 1.0597], device='cuda:0')
Thumb force: tensor([1.0410, 1.0480], device='cuda:0')
tensor([-5.4563e-04,  9.9376e-04, -1.1445e+00], device='cuda:0')
tensor([ 0.1361,  0.6110,  0.3944,  0.4653, -0.1823,  0.5911,  0.9451,  0.9120,
         1.2561,  0.2089,  0.2823,  1.0965, -0.0132,  0.0077, -1.1207],
       device='cuda:0')
Solve time for step 3 (global step 24) 4.044409697991796
Current ori: tensor([-0.0127,  0.0072, -1.1199], device='cuda:0')
Middle force: tensor([1.0478], device='cuda:0')
Thumb force: tensor([1.0359], device='cuda:0')
tensor([-0.0127,  0.0072, -1.1199], device='cuda:0')
Current yaw: tensor([-0.0149,  0.0102, -1.1061], device='cuda:0')
9 turn
Likelihood: -38.765987396240234
Sampling time 3.307019522995688
tensor([ 0.1277,  0.6743,  0.4905,  0.5359, -0.1825,  0.5921,  0.9456,  0.8921,
         1.2616,  0.2026,  0.2818,  1.0963, -0.0154,  0.0101, -1.1054],
       device='cuda:0')
Solve time for step 1 (global step 25) 8.276223072898574
Current ori: tensor([-0.0158,  0.0099, -1.1059], device='cuda:0')
Middle force: tensor([1.0562, 1.3289, 2.9312, 1.0618, 1.1674, 1.0353, 1.1949, 1.0526, 1.2225,
        1.0778, 1.0334, 1.0309], device='cuda:0')
Thumb force: tensor([0.9975, 1.6868, 1.2073, 1.6311, 1.0275, 1.0868, 1.4671, 1.3119, 1.0156,
        1.0738, 1.0980, 1.4044], device='cuda:0')
Index force: tensor([1.3451, 1.0539, 1.0009, 1.0664, 1.1683, 1.0841, 1.5053, 1.3245, 1.2537,
        1.0257, 1.0828, 1.0325], device='cuda:0')
tensor([-0.0158,  0.0099, -1.1059], device='cuda:0')
tensor([ 0.1046,  0.6924,  0.4665,  0.4650, -0.1832,  0.5915,  0.9254,  0.9549,
         1.3291,  0.1079,  0.2995,  0.9570, -0.0174,  0.0057, -1.2430],
       device='cuda:0')
Likelihood: -110.39289855957031
Solve time for step 2 (global step 26) 7.732074216008186
Current ori: tensor([-0.0194,  0.0076, -1.2449], device='cuda:0')
Middle force: tensor([1.3632, 1.2315, 1.0200, 1.7653, 2.6759, 1.1602, 1.0185, 1.0259, 1.2012,
        1.1372, 1.0112], device='cuda:0')
Thumb force: tensor([1.4768, 1.1724, 1.0422, 1.0229, 2.2878, 1.0064, 1.0268, 1.2054, 1.0756,
        1.0030, 1.0156], device='cuda:0')
Index force: tensor([1.0720, 1.0233, 1.0567, 1.0122, 1.0469, 1.0117, 1.0286, 1.0312, 1.0000,
        1.0148, 1.0790], device='cuda:0')
tensor([-0.0194,  0.0076, -1.2449], device='cuda:0')
Apply perturbation now **INTO PALM**. Press <ENTER> to continuetensor([ 0.0870,  0.6878,  0.4507,  0.4671, -0.1830,  0.5615,  0.9636,  1.0137,
         1.3338,  0.1715,  0.3643,  0.7489,  0.0032,  0.0020, -1.7242],
       device='cuda:0')
Likelihood: -178.7394561767578
State is out of distribution
Likelihoods: tensor([-2.9943, -3.0700, -3.1094, -3.1260, -3.1480, -3.2752, -3.4180, -3.5576,
        -3.7576, -3.7675, -3.8255, -4.0573, -4.1372, -4.4166, -4.8272, -5.1293],
       device='cuda:0')
Contact modes ['thumb_middle' 'thumb_middle' 'thumb_middle' 'thumb_middle'
 'thumb_middle' 'thumb_middle' 'thumb_middle' 'thumb_middle'
 'thumb_middle' 'thumb_middle' 'thumb_middle' 'thumb_middle'
 'thumb_middle' 'thumb_middle' 'thumb_middle' 'thumb_middle']
Likelihood grouped mean: {'thumb_middle': 0.02841064529849086}
Likelihood grouped sum: {'thumb_middle': 0.45457032477585374}
Contact mode with highest likelihood sum: thumb_middle
Plan time: 1.9150519770337269
Current yaw: tensor([ 3.3020e-03,  1.2186e-03, -1.7241e+00], device='cuda:0')
10 thumb_middle
tensor([ 0.0863,  0.6879,  0.4506,  0.4672, -0.1831,  0.5618,  0.9634,  1.0137,
         1.3345,  0.1714,  0.3643,  0.7489,  0.0035,  0.0027, -1.7236],
       device='cuda:0')
Solve time for step 1 (global step 27) 3.9692784369690344
Current ori: tensor([ 3.9492e-03,  1.6472e-03, -1.7229e+00], device='cuda:0')
Index force: tensor([1.0592, 1.0613, 1.0608], device='cuda:0')
tensor([ 2.4533e-03,  1.1763e-03, -1.7231e+00], device='cuda:0')
tensor([ 0.0854,  0.6796,  0.4718,  0.4629, -0.2365,  0.5115,  0.8969,  0.9669,
         1.2568,  0.1845,  0.2812,  0.8309, -0.0041,  0.0032, -1.6852],
       device='cuda:0')
Solve time for step 2 (global step 28) 3.578839816036634
Current ori: tensor([-0.0043,  0.0048, -1.6853], device='cuda:0')
Index force: tensor([1.0509, 1.0512], device='cuda:0')
tensor([-0.0043,  0.0048, -1.6853], device='cuda:0')
tensor([ 0.0891,  0.6852,  0.4676,  0.4634, -0.2364,  0.5116,  0.8967,  0.9364,
         1.2360,  0.1847,  0.2811,  0.8998,  0.0115, -0.0024, -1.6826],
       device='cuda:0')
Solve time for step 3 (global step 29) 3.3981547439470887
Current ori: tensor([ 1.1936e-02, -1.6278e-03, -1.6832e+00], device='cuda:0')
Index force: tensor([1.0434], device='cuda:0')
tensor([ 1.1936e-02, -1.6278e-03, -1.6832e+00], device='cuda:0')
Current yaw: tensor([ 1.0658e-02, -1.6245e-03, -1.6963e+00], device='cuda:0')
11 turn
Likelihood: -117.31101989746094
Sampling time 3.2717443889705464
tensor([ 0.0857,  0.6871,  0.4768,  0.4247, -0.1280,  0.5328,  0.9340,  0.9360,
         1.2701,  0.2031,  0.3243,  0.9454,  0.0057, -0.0099, -1.6876],
       device='cuda:0')
Solve time for step 1 (global step 30) 8.237752411980182
Current ori: tensor([ 1.0340e-02, -4.0261e-04, -1.6962e+00], device='cuda:0')
Middle force: tensor([1.2135, 2.1708, 1.5454, 1.1256, 1.0511, 1.0004, 0.9706, 1.6468, 0.9942,
        1.1606, 1.0258, 1.7161], device='cuda:0')
Thumb force: tensor([1.0025, 3.2474, 1.4080, 1.0372, 1.1096, 0.9932, 1.9770, 1.0499, 0.9438,
        1.4373, 1.0002, 1.1052], device='cuda:0')
Index force: tensor([1.0711, 0.9900, 0.9214, 0.9971, 1.0156, 1.0818, 0.9925, 0.9716, 1.0217,
        1.0144, 0.9781, 0.9231], device='cuda:0')
tensor([ 1.0340e-02, -4.0261e-04, -1.6962e+00], device='cuda:0')
tensor([ 8.4186e-02,  6.7595e-01,  4.7980e-01,  4.3688e-01, -1.2717e-01,
         5.3190e-01,  9.1963e-01,  9.9860e-01,  1.2742e+00,  1.9824e-01,
         3.5672e-01,  8.6795e-01,  2.3899e-02, -5.4118e-04, -1.7459e+00],
       device='cuda:0')
Likelihood: -144.49090576171875
Solve time for step 2 (global step 31) 7.690281581017189
Current ori: tensor([ 0.0229, -0.0030, -1.7452], device='cuda:0')
Middle force: tensor([1.2778, 2.7581, 1.0081, 1.1573, 1.0425, 1.0125, 1.2380, 1.0509, 1.0250,
        1.0784, 1.0230], device='cuda:0')
Thumb force: tensor([1.4943, 1.1607, 1.4813, 1.0058, 1.0670, 1.0145, 1.0005, 1.0125, 1.2815,
        1.0116, 1.6420], device='cuda:0')
Index force: tensor([1.0286, 1.0003, 1.0003, 1.1469, 1.0765, 1.0071, 1.0190, 1.0249, 1.0018,
        1.0056, 1.0048], device='cuda:0')
tensor([ 0.0229, -0.0030, -1.7452], device='cuda:0')
tensor([ 0.0607,  0.6919,  0.4413,  0.4002, -0.1797,  0.5443,  0.9168,  1.0368,
         1.3946,  0.0906,  0.3623,  0.7242, -0.0044,  0.0175, -1.8204],
       device='cuda:0')
Likelihood: -193.53387451171875
State is out of distribution
Likelihoods: tensor([-3.9231, -3.9367, -4.1613, -4.2214, -4.2442, -4.3033, -4.5303, -4.5313,
        -4.5663, -4.6474, -4.6522, -4.6914, -4.7692, -4.7829, -5.0218, -5.1332],
       device='cuda:0')
Contact modes ['thumb_middle' 'thumb_middle' 'thumb_middle' 'thumb_middle'
 'thumb_middle' 'thumb_middle' 'thumb_middle' 'thumb_middle'
 'thumb_middle' 'thumb_middle' 'thumb_middle' 'thumb_middle'
 'thumb_middle' 'thumb_middle' 'thumb_middle' 'thumb_middle']
Likelihood grouped mean: {'thumb_middle': 0.011688743331609531}
Likelihood grouped sum: {'thumb_middle': 0.1870198933057525}
Contact mode with highest likelihood sum: thumb_middle
Plan time: 1.8533070939593017
Current yaw: tensor([-0.0044,  0.0181, -1.8203], device='cuda:0')
12 thumb_middle
tensor([ 0.0603,  0.6919,  0.4415,  0.3999, -0.1790,  0.5447,  0.9161,  1.0368,
         1.3948,  0.0909,  0.3623,  0.7241, -0.0037,  0.0185, -1.8204],
       device='cuda:0')
Solve time for step 1 (global step 32) 3.906942711910233
Current ori: tensor([-0.0044,  0.0164, -1.8195], device='cuda:0')
Index force: tensor([1.0688, 1.0612, 1.0623], device='cuda:0')
tensor([-0.0044,  0.0164, -1.8195], device='cuda:0')
tensor([ 0.0845,  0.6931,  0.4512,  0.4477, -0.2719,  0.4954,  0.8779,  0.9539,
         1.2817,  0.1453,  0.2533,  0.8577, -0.0165,  0.0087, -1.7984],
       device='cuda:0')
Solve time for step 2 (global step 33) 3.645241330959834
Current ori: tensor([-7.2506e-04,  5.1524e-03, -1.7915e+00], device='cuda:0')
Index force: tensor([1.0389, 1.0382], device='cuda:0')
tensor([-7.2506e-04,  5.1524e-03, -1.7915e+00], device='cuda:0')
tensor([ 0.0989,  0.7267,  0.4224,  0.4130, -0.2719,  0.4958,  0.8778,  0.9248,
         1.2823,  0.1740,  0.2179,  0.9136,  0.0138, -0.0089, -1.7764],
       device='cuda:0')
Solve time for step 3 (global step 34) 3.3321124858921394
Current ori: tensor([ 1.6743e-03, -5.5897e-03, -1.7781e+00], device='cuda:0')
Index force: tensor([1.0293], device='cuda:0')
tensor([ 1.6743e-03, -5.5897e-03, -1.7781e+00], device='cuda:0')
Current yaw: tensor([-0.0156,  0.0108, -1.8312], device='cuda:0')
13 turn
Likelihood: -148.31967163085938
Sampling time 3.313851699931547
tensor([ 0.0815,  0.7866,  0.3383,  0.3225, -0.1361,  0.5621,  0.9139,  0.9184,
         1.2973,  0.1839,  0.2574,  1.0164, -0.0108,  0.0020, -1.8252],
       device='cuda:0')
Solve time for step 1 (global step 35) 8.164306567050517
Current ori: tensor([-0.0105,  0.0042, -1.8251], device='cuda:0')
Middle force: tensor([1.0579, 1.3360, 2.8210, 1.0318, 1.1661, 1.0335, 1.1821, 0.9989, 1.1207,
        1.2105, 1.0230, 1.0382], device='cuda:0')
Thumb force: tensor([0.9843, 1.6286, 1.1987, 1.5347, 1.0078, 1.1084, 1.2995, 1.0027, 1.0119,
        1.0202, 1.0570, 1.1066], device='cuda:0')
Index force: tensor([1.2465, 1.0541, 1.0037, 1.0531, 1.1427, 1.0822, 1.4496, 1.1244, 1.1218,
        0.9970, 1.0721, 1.0261], device='cuda:0')
tensor([-0.0105,  0.0042, -1.8251], device='cuda:0')
tensor([ 0.0867,  0.7690,  0.3663,  0.3399, -0.1453,  0.5576,  0.9082,  1.0017,
         1.3659,  0.0958,  0.2813,  0.8801, -0.0074, -0.0039, -1.9445],
       device='cuda:0')
Likelihood: -166.03741455078125
Solve time for step 2 (global step 36) 7.639641506015323
Current ori: tensor([-0.0077, -0.0032, -1.9405], device='cuda:0')
Middle force: tensor([1.6511, 1.9362, 1.4041, 1.0036, 1.0500, 2.0619, 1.0099, 1.1557, 1.0008,
        1.0579, 1.0153], device='cuda:0')
Thumb force: tensor([1.0027, 1.1513, 2.3765, 1.4651, 1.0134, 1.3980, 1.0345, 1.0061, 1.0191,
        1.0137, 1.2512], device='cuda:0')
Index force: tensor([1.0429, 1.0695, 1.1448, 1.0044, 1.0469, 1.0001, 1.0002, 1.0172, 1.0219,
        1.0172, 1.0069], device='cuda:0')
tensor([-0.0077, -0.0032, -1.9405], device='cuda:0')
tensor([ 1.0027e-01,  7.1753e-01,  4.3298e-01,  4.3278e-01, -1.4629e-01,
         5.4093e-01,  9.4104e-01,  1.0158e+00,  1.3617e+00,  1.1388e-01,
         2.8472e-01,  8.7990e-01, -1.9073e-03, -4.8285e-03, -1.9825e+00],
       device='cuda:0')
Likelihood: -142.53671264648438
Solve time for step 3 (global step 37) 7.274322725017555
Current ori: tensor([-9.7543e-04, -4.8098e-03, -1.9860e+00], device='cuda:0')
Middle force: tensor([1.8572, 1.3829, 1.0022, 1.0384, 2.0123, 1.0086, 1.1474, 1.0002, 1.0407,
        1.0107], device='cuda:0')
Thumb force: tensor([1.1131, 2.2510, 1.4214, 1.0059, 1.3454, 1.0276, 1.0028, 1.0156, 1.0101,
        1.2366], device='cuda:0')
Index force: tensor([1.0554, 1.1127, 1.0030, 1.0403, 1.0000, 1.0000, 1.0133, 1.0183, 1.0140,
        1.0053], device='cuda:0')
tensor([-8.2180e-04, -4.5845e-03, -1.9861e+00], device='cuda:0')
tensor([ 0.1111,  0.6956,  0.4658,  0.4698, -0.1462,  0.5166,  0.9709,  1.0374,
         1.3613,  0.1631,  0.3298,  0.7359,  0.0062, -0.0135, -2.0699],
       device='cuda:0')
Likelihood: -184.1465301513672
State is out of distribution
Likelihoods: tensor([-3.1574, -3.2258, -3.4277, -3.4716, -3.5835, -3.6652, -3.7377, -3.7509,
        -3.8902, -3.8912, -3.9405, -3.9502, -4.1205, -4.1726, -4.3536, -4.3751],
       device='cuda:0')
Contact modes ['thumb_middle' 'thumb_middle' 'thumb_middle' 'thumb_middle'
 'thumb_middle' 'thumb_middle' 'thumb_middle' 'thumb_middle'
 'thumb_middle' 'thumb_middle' 'thumb_middle' 'thumb_middle'
 'thumb_middle' 'thumb_middle' 'thumb_middle' 'thumb_middle']
Likelihood grouped mean: {'thumb_middle': 0.0239450127132084}
Likelihood grouped sum: {'thumb_middle': 0.3831202034113344}
Contact mode with highest likelihood sum: thumb_middle
Plan time: 1.8794533760519698
Current yaw: tensor([ 0.0075, -0.0141, -2.0697], device='cuda:0')
14 thumb_middle
tensor([ 0.1107,  0.6957,  0.4658,  0.4697, -0.1463,  0.5168,  0.9707,  1.0373,
         1.3613,  0.1629,  0.3298,  0.7359,  0.0073, -0.0131, -2.0700],
       device='cuda:0')
Solve time for step 1 (global step 38) 3.9975478830747306
Current ori: tensor([ 0.0044, -0.0200, -2.0666], device='cuda:0')
Index force: tensor([1.0638, 1.0674, 1.0677], device='cuda:0')
tensor([ 0.0044, -0.0200, -2.0666], device='cuda:0')
Apply perturbation now **TO SIDE OF OBJECT**. Press <ENTER> to continuetensor([ 0.0892,  0.6561,  0.4849,  0.5094, -0.2085,  0.4693,  0.8903,  0.9556,
         1.2691,  0.1950,  0.2499,  0.8793,  0.0287, -0.0353, -2.2540],
       device='cuda:0')
Solve time for step 2 (global step 39) 3.7785954020218924
Current ori: tensor([ 0.0289, -0.0349, -2.2544], device='cuda:0')
Index force: tensor([1.0666, 1.0645], device='cuda:0')
tensor([ 0.0289, -0.0349, -2.2544], device='cuda:0')
tensor([ 3.5404e-02,  6.8456e-01,  4.2113e-01,  4.2577e-01, -2.3169e-01,
         4.6930e-01,  8.9047e-01,  9.1097e-01,  1.2396e+00,  2.4811e-01,
         2.3636e-01,  9.6565e-01,  6.2963e-03,  2.0282e-03, -2.3487e+00],
       device='cuda:0')
Solve time for step 3 (global step 40) 3.3845509899547324
Current ori: tensor([ 1.0591e-03,  8.8037e-03, -2.3690e+00], device='cuda:0')
Index force: tensor([1.0536], device='cuda:0')
tensor([ 1.0591e-03,  8.8037e-03, -2.3690e+00], device='cuda:0')
Apply perturbation now **TO SIDE OF OBJECT**. Press <ENTER> to continueCurrent yaw: tensor([ 2.0908e-03, -2.7790e-03, -2.2544e+00], device='cuda:0')
15 turn
Likelihood: -145.4685516357422
Sampling time 3.3093863780377433
tensor([ 2.1206e-02,  6.9553e-01,  4.1736e-01,  3.5953e-01, -1.3224e-01,
         5.4200e-01,  9.3292e-01,  9.1761e-01,  1.2666e+00,  2.4123e-01,
         2.5294e-01,  1.0889e+00,  2.7397e-03,  4.9955e-04, -2.2520e+00],
       device='cuda:0')
Solve time for step 1 (global step 41) 8.17205370706506
Current ori: tensor([ 2.6613e-03,  5.5135e-04, -2.2519e+00], device='cuda:0')
Middle force: tensor([1.0288, 1.4720, 1.2711, 1.0976, 0.8958, 1.4236, 0.8182, 1.1952, 0.9119,
        1.0004, 1.0818, 2.1423], device='cuda:0')
Thumb force: tensor([1.1455, 2.0880, 0.9955, 0.8704, 1.2533, 0.9675, 0.9583, 1.0023, 0.8618,
        1.7275, 1.0013, 1.1432], device='cuda:0')
Index force: tensor([1.0088, 0.9744, 0.9087, 1.0073, 0.9535, 0.9479, 1.0372, 1.1143, 1.1695,
        0.9831, 0.9605, 1.0102], device='cuda:0')
tensor([ 2.6613e-03,  5.5135e-04, -2.2519e+00], device='cuda:0')
tensor([ 0.0296,  0.6535,  0.4400,  0.4531, -0.1304,  0.5039,  0.9728,  0.9954,
         1.3287,  0.1626,  0.2474,  1.0158,  0.0151, -0.0102, -2.4263],
       device='cuda:0')
Likelihood: -137.0645751953125
Solve time for step 2 (global step 42) 7.716168656013906
Current ori: tensor([ 0.0101, -0.0059, -2.4280], device='cuda:0')
Middle force: tensor([1.4449, 1.3242, 1.1142, 1.0411, 1.4474, 1.0540, 1.2046, 1.0285, 1.0000,
        1.0697, 2.0774], device='cuda:0')
Thumb force: tensor([1.8784, 1.0015, 1.0416, 1.1235, 1.0081, 1.0166, 1.0002, 1.0216, 1.6699,
        1.0001, 1.1024], device='cuda:0')
Index force: tensor([1.0088, 1.0177, 1.0048, 1.0270, 1.0234, 1.0324, 1.0899, 1.2291, 1.0070,
        1.0201, 1.0044], device='cuda:0')
tensor([ 0.0101, -0.0059, -2.4280], device='cuda:0')
Apply perturbation now **INTO PALM**. Press <ENTER> to continuetensor([ 0.0077,  0.6348,  0.4414,  0.4785, -0.1311,  0.4978,  1.0028,  1.0811,
         1.3636,  0.2211,  0.3117,  0.8151,  0.0739, -0.0379, -2.8065],
       device='cuda:0')
Likelihood: -197.5009765625
State is out of distribution
Likelihoods: tensor([-3.2863, -3.8133, -4.4761, -4.5298, -4.6292, -4.6403, -4.8260, -4.8520,
        -4.8547, -5.0841, -5.0862, -5.1433, -5.2407, -5.2591, -5.2785, -5.3280],
       device='cuda:0')
Contact modes ['index' 'index' 'thumb_middle' 'thumb_middle' 'thumb_middle'
 'thumb_middle' 'thumb_middle' 'thumb_middle' 'thumb_middle'
 'thumb_middle' 'thumb_middle' 'thumb_middle' 'thumb_middle'
 'thumb_middle' 'thumb_middle' 'thumb_middle']
Likelihood grouped mean: {'index': 0.02973351744068117, 'thumb_middle': 0.007418954008385502}
Likelihood grouped sum: {'index': 0.05946703488136234, 'thumb_middle': 0.10386535611739703}
Contact mode with highest likelihood sum: thumb_middle
Plan time: 1.8466662259306759
Current yaw: tensor([ 0.0816, -0.0336, -2.8054], device='cuda:0')
16 thumb_middle
tensor([ 0.0078,  0.6347,  0.4417,  0.4779, -0.1311,  0.4989,  1.0024,  1.0808,
         1.3639,  0.2213,  0.3114,  0.8149,  0.0740, -0.0369, -2.8060],
       device='cuda:0')
Solve time for step 1 (global step 43) 3.792276934022084
Current ori: tensor([ 0.0744, -0.0369, -2.8060], device='cuda:0')
Index force: tensor([1.1157, 1.0651, 1.0681], device='cuda:0')
tensor([ 0.0744, -0.0369, -2.8060], device='cuda:0')
tensor([-0.0567,  0.6191,  0.4267,  0.4541, -0.2690,  0.4403,  0.9153,  1.0053,
         1.2803,  0.2232,  0.2387,  0.9569,  0.0802, -0.0049, -2.8704],
       device='cuda:0')
Solve time for step 2 (global step 44) 3.652467416948639
Current ori: tensor([ 0.0764, -0.0062, -2.8717], device='cuda:0')
Index force: tensor([1.0606, 1.0621], device='cuda:0')
tensor([ 0.0764, -0.0062, -2.8717], device='cuda:0')
tensor([-0.0624,  0.6693,  0.3724,  0.3718, -0.2495,  0.4404,  0.9151,  1.0088,
         1.2638,  0.2270,  0.2006,  1.0730,  0.0524,  0.0039, -2.9500],
       device='cuda:0')
Solve time for step 3 (global step 45) 3.4094925489043817
Current ori: tensor([ 0.0511,  0.0046, -2.9507], device='cuda:0')
Index force: tensor([1.0551], device='cuda:0')
tensor([ 0.0511,  0.0046, -2.9507], device='cuda:0')
Current yaw: tensor([ 0.0164, -0.0053, -3.0142], device='cuda:0')
17 turn
Likelihood: -192.86221313476562
State is out of distribution
Likelihoods: tensor([-4.4100, -4.4569, -4.4686, -5.0943, -5.1555, -5.2016, -5.4207, -5.5361,
        -5.5464, -5.9439, -6.0716, -6.1976, -6.2904, -6.3499, -6.5830, -6.9609],
       device='cuda:0')
Contact modes ['index' 'index' 'index' 'index' 'index' 'thumb_middle' 'thumb_middle'
 'thumb_middle' 'thumb_middle' 'thumb_middle' 'thumb_middle'
 'thumb_middle' 'thumb_middle' 'thumb_middle' 'thumb_middle'
 'thumb_middle']
Likelihood grouped mean: {'index': 0.009423147822698211, 'thumb_middle': 0.0027882740753138614}
Likelihood grouped sum: {'index': 0.047115739113491054, 'thumb_middle': 0.030671014828452473}
Contact mode with highest likelihood sum: index
Plan time: 1.8693869420094416
Current yaw: tensor([ 0.0173, -0.0054, -3.0142], device='cuda:0')
18 index
tensor([-0.0580,  0.7215,  0.3269,  0.2864, -0.1455,  0.5032,  0.9141,  1.0499,
         1.2527,  0.2656,  0.2152,  1.2500,  0.0181, -0.0036, -3.0110],
       device='cuda:0')
Solve time for step 1 (global step 46) 4.678330483031459
Current ori: tensor([ 1.6101e-02, -2.6914e-03, -3.0102e+00], device='cuda:0')
Middle force: tensor([1.1086, 1.0329, 1.0912], device='cuda:0')
Thumb force: tensor([1.1431, 1.0717, 1.0369], device='cuda:0')
tensor([ 1.6101e-02, -2.6914e-03, -3.0102e+00], device='cuda:0')
Apply perturbation now **INTO PALM**. Press <ENTER> to continuetensor([ 0.0500,  0.5948,  0.3585,  0.3843, -0.1461,  0.5244,  0.9340,  1.0264,
         1.2334,  0.2979,  0.2194,  1.2254, -0.0102, -0.0176, -2.9609],
       device='cuda:0')
Solve time for step 2 (global step 47) 4.287353339022957
Current ori: tensor([-0.0108, -0.0075, -2.9645], device='cuda:0')
Middle force: tensor([1.0711, 1.1115], device='cuda:0')
Thumb force: tensor([1.0734, 1.0365], device='cuda:0')
tensor([-0.0108, -0.0075, -2.9645], device='cuda:0')
tensor([ 0.1035,  0.5169,  0.4443,  0.4668, -0.1457,  0.5484,  0.9776,  0.9380,
         1.1120,  0.5056,  0.3210,  1.1115, -0.0317, -0.0278, -3.0298],
       device='cuda:0')
Solve time for step 3 (global step 48) 4.054591209045611
Current ori: tensor([-0.0300, -0.0286, -3.0308], device='cuda:0')
Middle force: tensor([1.0822], device='cuda:0')
Thumb force: tensor([1.0259], device='cuda:0')
tensor([-0.0300, -0.0286, -3.0308], device='cuda:0')
Current yaw: tensor([-0.0397, -0.0190, -3.0143], device='cuda:0')
19 turn
Likelihood: -129.16696166992188
Sampling time 3.4860365859931335
tensor([ 0.0626,  0.7013,  0.4071,  0.4781, -0.1945,  0.6009,  0.9008,  0.9731,
         1.2061,  0.3864,  0.2856,  1.0984, -0.0364, -0.0053, -2.9679],
       device='cuda:0')
Solve time for step 1 (global step 49) 8.208424113923684
Current ori: tensor([-0.0358, -0.0057, -2.9682], device='cuda:0')
Middle force: tensor([1.0412, 1.4238, 0.9761, 0.9265, 0.9569, 1.1176, 0.9625, 1.1936, 1.8989,
        0.9249, 2.3245, 0.9412], device='cuda:0')
Thumb force: tensor([0.8671, 0.9950, 1.2134, 1.0050, 1.5028, 0.8884, 2.0750, 1.3807, 1.6857,
        1.0155, 2.0791, 0.9725], device='cuda:0')
Index force: tensor([1.3782, 1.0034, 1.0289, 1.2302, 1.0260, 1.0924, 1.0243, 1.0010, 0.9568,
        0.9865, 0.9898, 0.9813], device='cuda:0')
tensor([-0.0358, -0.0057, -2.9682], device='cuda:0')
tensor([ 0.0480,  0.7005,  0.4005,  0.4779, -0.1937,  0.5856,  0.9134,  1.0123,
         1.2235,  0.3567,  0.2966,  1.0175, -0.0231,  0.0073, -3.0422],
       device='cuda:0')
Likelihood: -100.81621551513672
Solve time for step 2 (global step 50) 7.730874098022468
Current ori: tensor([-0.0232,  0.0039, -3.0413], device='cuda:0')
Middle force: tensor([1.4136, 1.0064, 1.0162, 1.0217, 1.1499, 1.0327, 1.1830, 1.9382, 1.0277,
        2.3308, 1.0358], device='cuda:0')
Thumb force: tensor([1.0030, 1.2472, 1.0072, 1.4820, 1.0281, 1.9968, 1.3661, 1.6755, 1.0124,
        2.0044, 1.0148], device='cuda:0')
Index force: tensor([1.0025, 1.0386, 1.2528, 1.0312, 1.0923, 1.0229, 1.0011, 1.0170, 1.0153,
        1.0068, 1.0175], device='cuda:0')
tensor([-0.0232,  0.0039, -3.0413], device='cuda:0')
tensor([ 0.0324,  0.6606,  0.4235,  0.4937, -0.1934,  0.6228,  0.8667,  0.9510,
         1.2098,  0.3587,  0.2849,  1.1519, -0.0166,  0.0110, -2.7794],
       device='cuda:0')
Likelihood: -78.42688751220703
Solve time for step 3 (global step 51) 7.279166662017815
Current ori: tensor([-0.0168,  0.0106, -2.7785], device='cuda:0')
Middle force: tensor([1.5324, 1.1073, 1.0031, 1.0056, 1.1058, 1.0587, 1.1109, 1.3394, 1.0091,
        1.2759], device='cuda:0')
Thumb force: tensor([1.4091, 1.0357, 1.0625, 1.0243, 1.3583, 1.0376, 1.0028, 1.0382, 1.0154,
        1.4027], device='cuda:0')
Index force: tensor([1.0129, 1.0495, 1.0131, 1.0241, 1.0436, 1.0491, 1.0414, 1.0201, 1.4932,
        1.0367], device='cuda:0')
tensor([-0.0168,  0.0106, -2.7785], device='cuda:0')
Apply perturbation now **INTO PALM**. Press <ENTER> to continuetensor([ 0.0208,  0.6266,  0.4575,  0.4995, -0.1935,  0.6256,  0.8706,  0.9855,
         1.2283,  0.3262,  0.2816,  1.0937,  0.0161, -0.0037, -2.9706],
       device='cuda:0')
Likelihood: -101.68138122558594
Solve time for step 4 (global step 52) 6.842567495070398
Current ori: tensor([ 0.0158, -0.0051, -2.9704], device='cuda:0')
Middle force: tensor([1.1016, 1.0025, 1.0061, 1.1038, 1.0560, 1.1032, 1.3208, 1.0088, 1.2627],
       device='cuda:0')
Thumb force: tensor([1.0219, 1.0526, 1.0205, 1.3326, 1.0355, 1.0026, 1.0354, 1.0107, 1.3775],
       device='cuda:0')
Index force: tensor([1.0453, 1.0118, 1.0229, 1.0408, 1.0443, 1.0388, 1.0187, 1.4857, 1.0337],
       device='cuda:0')
tensor([ 0.0162, -0.0050, -2.9707], device='cuda:0')
Apply perturbation now **TO SIDE OF OBJECT**. Press <ENTER> to continuetensor([ 0.0235,  0.6110,  0.4869,  0.5027, -0.1835,  0.6384,  0.8943,  1.0254,
         1.2987,  0.2585,  0.2774,  1.0088,  0.0542, -0.0259,  2.7673],
       device='cuda:0')
Likelihood: -133.90908813476562
Solve time for step 5 (global step 53) 6.405227330047637
Current ori: tensor([ 0.0563, -0.0259,  2.7673], device='cuda:0')
Middle force: tensor([1.0021, 1.0282, 1.1071, 1.0704, 1.1065, 1.3111, 1.0149, 1.2834],
       device='cuda:0')
Thumb force: tensor([1.0439, 1.0155, 1.3158, 1.0271, 1.0021, 1.0319, 1.0071, 1.3277],
       device='cuda:0')
Index force: tensor([1.0096, 1.0048, 1.0374, 1.0356, 1.0351, 1.0168, 1.3928, 1.0293],
       device='cuda:0')
tensor([ 0.0576, -0.0268,  2.7677], device='cuda:0')
tensor([ 0.0101,  0.6042,  0.4815,  0.5005, -0.1869,  0.6463,  0.8811,  1.0344,
         1.3214,  0.2318,  0.2643,  1.0091,  0.0520, -0.0212,  2.7638],
       device='cuda:0')
Likelihood: -145.02003479003906
Solve time for step 6 (global step 54) 6.02373015997
Current ori: tensor([ 0.0522, -0.0214,  2.7646], device='cuda:0')
Middle force: tensor([1.0421, 1.1023, 1.0676, 1.1013, 1.3011, 1.0116, 1.2773],
       device='cuda:0')
Thumb force: tensor([1.0137, 1.3115, 1.0263, 1.0019, 1.0295, 1.0068, 1.3026],
       device='cuda:0')
Index force: tensor([1.0026, 1.0351, 1.0326, 1.0327, 1.0152, 1.3890, 1.0265],
       device='cuda:0')
tensor([ 0.0522, -0.0214,  2.7646], device='cuda:0')
tensor([-2.6417e-03,  6.2576e-01,  4.5804e-01,  4.5567e-01, -1.8817e-01,
         6.4727e-01,  8.6911e-01,  1.0342e+00,  1.2876e+00,  3.3409e-01,
         3.0475e-01,  9.3686e-01,  4.6740e-02, -2.4551e-02,  2.7257e+00],
       device='cuda:0')
Likelihood: -165.51119995117188
Solve time for step 7 (global step 55) 5.665455239941366
Current ori: tensor([ 0.0445, -0.0239,  2.7254], device='cuda:0')
Middle force: tensor([1.0938, 1.0624, 1.0939, 1.2853, 1.0107, 1.2552], device='cuda:0')
Thumb force: tensor([1.2965, 1.0261, 1.0018, 1.0274, 1.0063, 1.2910], device='cuda:0')
Index force: tensor([1.0324, 1.0296, 1.0308, 1.0141, 1.3770, 1.0252], device='cuda:0')
tensor([ 0.0445, -0.0239,  2.7254], device='cuda:0')
Apply perturbation now **INTO PALM**. Press <ENTER> to continuetensor([-0.0107,  0.6321,  0.4681,  0.4552, -0.1674,  0.6741,  0.9008,  1.0690,
         1.3285,  0.2890,  0.3085,  0.8546,  0.0780, -0.0479,  2.6220],
       device='cuda:0')
Likelihood: -172.63299560546875
State is out of distribution
{}

Trial 2
No action perturbation this trial
Random perturbation %: 0.33
Loaded trajectory sampler
Current yaw: tensor([ 0.3810, -0.3072,  2.9328], device='cuda:0')
Ready to pregrasp. Press <ENTER> to continue.