Hardware mode
Datetime: .04.26.25:05:50:19
Config: {'T': 3, 'T_orig': 12, 'receding_horizon': False, 'num_steps': 8, 'num_turns': 1, 'max_recovery_stages': 4, 'num_trials': 10, 'num_episodes': 25, 'visualize': True, 'experiment_name': 'allegro_screwdriver_safe_rl_recovery_hardware', 'mode': 'hardware', 'fingers': ['index', 'middle', 'thumb'], 'object_type': 'screwdriver', 'sim_device': 'cpu', 'friction_coefficient': 1.0, 'kp': 3.0, 'heuristic': 1000, 'max_depth': 11, 'goal': -1.5, 'prior': 1, 'multi_particle_search': True, 'replan': False, 'visualize_plan': False, 'visualize_recovery_plan': False, 'visualize_contact_plan': False, 'optimize_force': True, 'exclude_index': False, 'projected': False, 'use_saved_plans': True, 'use_saved_noise': False, 'use_guidance': False, 'sample_contact': False, 'use_partial_constraint': True, 'sine_cosine': True, 'project_state': False, 'compute_recovery_trajectory': False, 'rl_adjustment': False, 'test_recovery_trajectory': False, 'perturb_action': False, 'randomize_obj_start': True, 'external_wrench_perturb': False, 'viz_states': False, 'diff_init': True, 'live_recovery': True, 'new_projection': True, 'trajectory_condition': True, 'generate_context': True, 'true_s0': False, 'task_diffuse_goal': False, 'recovery_diff_traj': True, 'obj_gravity': True, 'type': 'diffusion', 'model_path': '/home/abhinav/Documents/ccai/data/training/allegro_screwdriver/safe_rl/safety_critic.pt', 'model_path_orig': 'data/training/allegro_screwdriver/allegro_screwdriver_pi_2_diffusion/allegro_screwdriver_diffusion.pt', 'likelihood_threshold': -160.0, 'drop_threshold': -1250, 'project_threshold': -105.0, 'sac_batch_size': 64, 'start_ind': 0, 'end_ind': 50, 'device': 'cuda:0', 'recovery_controller': 'mppi', 'OOD_metric': 'q_function', 'lambda_': 0.01, 'q_cutoff': 0.1, 'controllers': {'csvgd': {'N': 16, 'alpha_J': 0.01, 'alpha_C': 1, 'step_size': 0.1, 'momentum': 0.0, 'online_iters': 25, 'warmup_iters': 25, 'resample_steps': 16, 'resample_sigma': 0.01, 'resample_temperature': 0.1, 'penalty': 1000000, 'collision_checking': False, 'joint_friction': 0.0}}, 'ee_names': {'index': 'allegro_hand_hitosashi_finger_finger_0_aftc_base_link', 'middle': 'allegro_hand_naka_finger_finger_1_aftc_base_link', 'ring': 'allegro_hand_kusuri_finger_finger_2_aftc_base_link', 'thumb': 'allegro_hand_oya_finger_3_aftc_base_link'}, 'obj_dof': 3}
[ models/temporal ] Channel dimensions: [(37, 128), (128, 256), (256, 512)]
[ models/temporal ] Channel dimensions: [(37, 128), (128, 256), (256, 512)]

Trial 1
No action perturbation this trial
Loaded trajectory sampler
Current yaw: tensor([-0.0176,  0.0161, -0.4475], device='cuda:0')
Ready to pregrasp. Press <ENTER> to continue.tensor([-0.0216,  0.0153, -0.4285], device='cuda:0')
Pregrasp complete. Ready to execute. Press <ENTER> to continue.Current yaw: tensor([-0.0114,  0.0210, -0.4825], device='cuda:0')
1 turn
Sampling time 3.4913211800158024
tensor([ 0.1027,  0.5917,  0.5566,  0.6244, -0.1248,  0.5355,  0.9365,  0.9105,
         1.2138,  0.2886,  0.2385,  1.2439, -0.0111,  0.0205, -0.4808],
       device='cuda:0')
Solve time for step 1 (global step 0) 8.350808503921144
Current ori: tensor([-0.0186,  0.0128, -0.4845], device='cuda:0')
Middle force: tensor([0.8386, 0.6622, 0.8971, 1.0357, 1.0679, 0.7156, 0.8331, 1.2775, 0.6295,
        0.5292, 1.1776, 1.5315], device='cuda:0')
Thumb force: tensor([0.5253, 1.1367, 0.7266, 0.7725, 0.5801, 0.7839, 0.7070, 0.8313, 1.3874,
        0.9959, 1.1041, 1.3918], device='cuda:0')
Index force: tensor([0.7138, 0.6386, 0.7983, 0.5610, 0.8804, 0.7615, 0.9409, 0.6369, 0.8592,
        1.1577, 0.6401, 0.5094], device='cuda:0')
Q function output: 0.00
tensor([-0.0185,  0.0125, -0.4845], device='cuda:0')
tensor([ 0.0998,  0.6175,  0.5370,  0.5857, -0.1254,  0.5227,  0.9359,  0.9461,
         1.2364,  0.2843,  0.2629,  1.1017, -0.0111,  0.0188, -0.6688],
       device='cuda:0')
Solve time for step 2 (global step 1) 7.69147502805572
Current ori: tensor([-0.0078,  0.0158, -0.6599], device='cuda:0')
Middle force: tensor([0.6328, 1.0324, 1.7365, 0.7369, 1.4338, 0.6704, 0.8275, 1.7601, 0.5965,
        1.2914, 1.5230], device='cuda:0')
Thumb force: tensor([1.0350, 3.4689, 2.1065, 1.5954, 1.1009, 1.0580, 0.7022, 1.2957, 0.8546,
        1.0300, 0.5137], device='cuda:0')
Index force: tensor([0.6196, 0.9421, 0.6196, 0.5244, 0.6320, 0.7346, 0.6401, 1.0598, 0.6572,
        0.7515, 0.6789], device='cuda:0')
Q function output: 0.00
tensor([-0.0083,  0.0155, -0.6599], device='cuda:0')
tensor([ 0.1040,  0.6432,  0.5032,  0.5844, -0.1263,  0.5194,  0.9360,  0.9499,
         1.2739,  0.2526,  0.2678,  1.0199, -0.0227,  0.0256, -0.7660],
       device='cuda:0')
Solve time for step 3 (global step 2) 7.184722449048422
Current ori: tensor([-0.0240,  0.0246, -0.7669], device='cuda:0')
Middle force: tensor([1.0014, 1.7007, 0.7302, 1.4083, 0.6574, 0.8136, 1.7089, 0.5841, 1.2556,
        1.4869], device='cuda:0')
Thumb force: tensor([3.3780, 2.0528, 1.5587, 1.0795, 1.0500, 0.6947, 1.2789, 0.8547, 1.0119,
        0.5123], device='cuda:0')
Index force: tensor([0.9122, 0.6132, 0.5222, 0.6313, 0.7251, 0.6342, 1.0385, 0.6506, 0.7407,
        0.6728], device='cuda:0')
Q function output: 0.00
tensor([-0.0240,  0.0246, -0.7669], device='cuda:0')
tensor([ 0.1078,  0.6528,  0.4939,  0.5845, -0.1280,  0.4943,  0.9570,  0.9798,
         1.3180,  0.2303,  0.2669,  0.9567, -0.0354,  0.0119, -0.8959],
       device='cuda:0')
Solve time for step 4 (global step 3) 6.756807805970311
Current ori: tensor([-0.0369,  0.0152, -0.8983], device='cuda:0')
Middle force: tensor([0.5008, 1.6284, 0.7111, 0.8136, 0.5614, 0.5273, 1.0946, 1.0699, 1.3488],
       device='cuda:0')
Thumb force: tensor([0.6605, 1.3911, 0.5858, 1.0269, 1.0015, 0.5017, 0.5649, 0.6843, 1.1714],
       device='cuda:0')
Index force: tensor([1.0490, 1.1118, 0.5000, 0.6621, 0.9201, 0.6320, 0.6840, 0.7051, 0.7589],
       device='cuda:0')
Q function output: 0.00
tensor([-0.0366,  0.0117, -0.8968], device='cuda:0')
tensor([ 0.1169,  0.6368,  0.5234,  0.5956, -0.1261,  0.4911,  0.9627,  0.9936,
         1.2884,  0.2713,  0.2855,  0.9288, -0.0205,  0.0163, -0.9152],
       device='cuda:0')
Solve time for step 5 (global step 4) 6.342048206017353
Current ori: tensor([-0.0211,  0.0159, -0.9154], device='cuda:0')
Middle force: tensor([1.5779, 0.7021, 0.7919, 0.5381, 0.5237, 1.0493, 1.0363, 1.3063],
       device='cuda:0')
Thumb force: tensor([1.3503, 0.5749, 0.9952, 1.0012, 0.5008, 0.5606, 0.6698, 1.1474],
       device='cuda:0')
Index force: tensor([1.0854, 0.5000, 0.6533, 0.9164, 0.6256, 0.6726, 0.6958, 0.7510],
       device='cuda:0')
Q function output: 0.00
tensor([-0.0216,  0.0164, -0.9157], device='cuda:0')
tensor([ 0.1238,  0.6312,  0.5364,  0.5957, -0.1263,  0.4681,  0.9977,  1.0260,
         1.3200,  0.2390,  0.2959,  0.8349, -0.0295,  0.0122, -1.0197],
       device='cuda:0')
Solve time for step 6 (global step 5) 6.236373033025302
Current ori: tensor([-0.0304,  0.0131, -1.0198], device='cuda:0')
Middle force: tensor([0.6919, 0.7811, 0.5323, 0.5210, 1.0167, 1.0054, 1.2701],
       device='cuda:0')
Thumb force: tensor([0.5605, 0.9580, 0.9711, 0.5002, 0.5520, 0.6537, 1.1164],
       device='cuda:0')
Index force: tensor([0.5001, 0.6418, 0.8937, 0.6178, 0.6617, 0.6865, 0.7414],
       device='cuda:0')
Q function output: 0.00
tensor([-0.0304,  0.0131, -1.0198], device='cuda:0')
tensor([ 0.1308,  0.6309,  0.5424,  0.5956, -0.1221,  0.4599,  1.0087,  1.0525,
         1.3428,  0.2216,  0.3107,  0.7506, -0.0303, -0.0032, -1.0791],
       device='cuda:0')
Solve time for step 7 (global step 6) 5.845447422936559
Current ori: tensor([-0.0323,  0.0024, -1.0820], device='cuda:0')
Middle force: tensor([0.5028, 0.8799, 1.1953, 0.5652, 0.7843, 1.3171], device='cuda:0')
Thumb force: tensor([1.0158, 1.4136, 1.5976, 1.0333, 1.2831, 1.5177], device='cuda:0')
Index force: tensor([0.8580, 0.6623, 0.6628, 1.1370, 0.5271, 0.7427], device='cuda:0')
Q function output: 0.00
tensor([-0.0291, -0.0046, -1.0784], device='cuda:0')
tensor([ 0.1320,  0.6260,  0.5543,  0.5955, -0.1212,  0.4538,  1.0225,  1.0623,
         1.3479,  0.2210,  0.3209,  0.7169, -0.0360,  0.0018, -1.1085],
       device='cuda:0')
Solve time for step 8 (global step 7) 5.452193162054755
Current ori: tensor([-0.0360,  0.0021, -1.1088], device='cuda:0')
Middle force: tensor([0.8550, 1.1735, 0.5558, 0.7710, 1.2835], device='cuda:0')
Thumb force: tensor([1.3872, 1.5620, 1.0247, 1.2601, 1.4882], device='cuda:0')
Index force: tensor([0.6531, 0.6570, 1.1199, 0.5256, 0.7322], device='cuda:0')
Q function output: 0.00
tensor([-0.0360,  0.0021, -1.1088], device='cuda:0')
tensor([ 0.1325,  0.6162,  0.5696,  0.5956, -0.1223,  0.4463,  1.0310,  1.0765,
         1.3517,  0.2230,  0.3589,  0.6333, -0.0305, -0.0022, -1.1395],
       device='cuda:0')
Solve time for step 9 (global step 8) 5.094732328085229
Current ori: tensor([-3.1870e-02,  3.1233e-04, -1.1401e+00], device='cuda:0')
Middle force: tensor([0.8881, 0.5000, 1.0143, 0.5062], device='cuda:0')
Thumb force: tensor([0.5351, 0.8847, 0.6306, 0.9338], device='cuda:0')
Index force: tensor([0.5827, 0.6945, 0.6068, 0.6533], device='cuda:0')
Q function output: 0.00
tensor([-3.1870e-02,  3.1233e-04, -1.1401e+00], device='cuda:0')
tensor([ 0.1304,  0.6162,  0.5673,  0.5967, -0.1212,  0.4444,  1.0240,  1.1148,
         1.3864,  0.1900,  0.3978,  0.4916, -0.0321, -0.0019, -1.1788],
       device='cuda:0')
Solve time for step 10 (global step 9) 4.963018537033349
Current ori: tensor([-0.0315, -0.0020, -1.1785], device='cuda:0')
Middle force: tensor([0.5000, 0.9805, 0.5042], device='cuda:0')
Thumb force: tensor([0.8630, 0.6183, 0.9129], device='cuda:0')
Index force: tensor([0.6781, 0.6033, 0.6449], device='cuda:0')
Q function output: 0.00
tensor([-0.0315, -0.0020, -1.1785], device='cuda:0')
tensor([ 0.1279,  0.6159,  0.5645,  0.5979, -0.1211,  0.4391,  1.0220,  1.1325,
         1.4055,  0.1845,  0.4283,  0.3834, -0.0255, -0.0084, -1.1939],
       device='cuda:0')
Solve time for step 11 (global step 10) 4.756668749032542
Current ori: tensor([-0.0248, -0.0084, -1.1961], device='cuda:0')
Middle force: tensor([0.9442, 0.5026], device='cuda:0')
Thumb force: tensor([0.6023, 0.8963], device='cuda:0')
Index force: tensor([0.5978, 0.6368], device='cuda:0')
Q function output: 0.00
tensor([-0.0248, -0.0084, -1.1961], device='cuda:0')
tensor([ 0.1551,  0.6151,  0.5849,  0.6205, -0.0985,  0.4462,  1.0419,  1.1554,
         1.4054,  0.1822,  0.4294,  0.3383, -0.0199, -0.0245, -1.2529],
       device='cuda:0')
Solve time for step 12 (global step 11) 4.377667282009497
Current ori: tensor([-0.0190, -0.0232, -1.2527], device='cuda:0')
Middle force: tensor([0.5011], device='cuda:0')
Thumb force: tensor([0.8719], device='cuda:0')
Index force: tensor([0.6246], device='cuda:0')
Q function output: 0.00
tensor([-0.0190, -0.0232, -1.2527], device='cuda:0')
Current yaw: tensor([-0.0093, -0.0379, -1.3157], device='cuda:0')
2 turn
Sampling time 3.5386315339710563
tensor([ 0.1700,  0.6148,  0.5999,  0.6299, -0.0848,  0.4401,  1.0680,  1.1743,
         1.4278,  0.1563,  0.4574,  0.2225, -0.0148, -0.0377, -1.3098],
       device='cuda:0')
Solve time for step 1 (global step 12) 8.25274290703237
Current ori: tensor([ 0.0179, -0.0834, -1.5710], device='cuda:0')
Middle force: tensor([1.7624, 0.7390, 0.5376, 2.1423, 0.9962, 0.5285, 0.9357, 0.8833, 0.5679,
        1.3019, 1.1195, 0.8407], device='cuda:0')
Thumb force: tensor([0.6736, 0.6586, 4.4706, 1.7699, 0.8012, 2.5337, 1.0533, 0.5363, 0.5295,
        1.3878, 1.0835, 1.3112], device='cuda:0')
Index force: tensor([0.7426, 0.6036, 0.6967, 0.8328, 0.8483, 0.7164, 0.7127, 0.5570, 0.6006,
        0.8002, 0.9579, 0.9478], device='cuda:0')
Q function output: 0.00
tensor([ 0.0179, -0.0834, -1.5710], device='cuda:0')
tensor([ 0.1890,  0.6092,  0.6036,  0.6703, -0.0611,  0.5402,  0.9618,  1.1790,
         1.4036,  0.1627,  0.3073,  0.5348,  0.0136, -0.0825, -1.3689],
       device='cuda:0')
Solve time for step 2 (global step 13) 7.826348926057108
Current ori: tensor([ 0.0144, -0.0813, -1.3692], device='cuda:0')
Middle force: tensor([0.5028, 1.0052, 1.0880, 1.1910, 0.9406, 0.8258, 1.1091, 0.8992, 0.9552,
        1.0195, 1.8890], device='cuda:0')
Thumb force: tensor([1.0498, 0.8205, 2.0374, 1.8360, 0.8057, 0.5492, 1.6488, 0.7315, 0.7355,
        0.9989, 1.5462], device='cuda:0')
Index force: tensor([1.1213, 0.6798, 0.7198, 0.5149, 0.6113, 0.8433, 0.5184, 0.5473, 0.5758,
        0.5811, 0.8204], device='cuda:0')
Q function output: 0.00
tensor([ 0.0144, -0.0813, -1.3692], device='cuda:0')
tensor([ 0.1872,  0.5537,  0.6541,  0.7030, -0.0721,  0.5359,  0.9661,  1.1524,
         1.3894,  0.1628,  0.2794,  0.6721,  0.0274, -0.0692, -1.2274],
       device='cuda:0')
Solve time for step 3 (global step 14) 7.373895041993819
Current ori: tensor([ 0.0259, -0.0693, -1.2272], device='cuda:0')
Middle force: tensor([0.9485, 1.0561, 1.1523, 0.9170, 0.8139, 1.0761, 0.8728, 0.9251, 0.9919,
        1.8288], device='cuda:0')
Thumb force: tensor([0.8127, 1.9784, 1.7922, 0.7817, 0.5410, 1.6026, 0.7112, 0.7227, 0.9737,
        1.5066], device='cuda:0')
Index force: tensor([0.6900, 0.7171, 0.5127, 0.6030, 0.8286, 0.5151, 0.5411, 0.5702, 0.5725,
        0.8013], device='cuda:0')
Q function output: 0.00
tensor([ 0.0259, -0.0693, -1.2272], device='cuda:0')
tensor([ 0.1736,  0.5530,  0.6487,  0.6907, -0.0719,  0.5180,  0.9917,  1.1522,
         1.3887,  0.1961,  0.3573,  0.4681,  0.0156, -0.0731, -1.3814],
       device='cuda:0')
Solve time for step 4 (global step 15) 6.941981857991777
Current ori: tensor([ 0.0314, -0.0899, -1.5490], device='cuda:0')
Middle force: tensor([0.7895, 0.7879, 0.7658, 1.7244, 1.0836, 1.8493, 0.5128, 0.7596, 0.5138],
       device='cuda:0')
Thumb force: tensor([1.1919, 0.8064, 1.7635, 2.0303, 0.8287, 1.4085, 1.1184, 0.5001, 0.5967],
       device='cuda:0')
Index force: tensor([0.5370, 0.8124, 0.6702, 0.5278, 0.8800, 0.6624, 0.5271, 0.7295, 0.7259],
       device='cuda:0')
Q function output: 0.00
tensor([ 0.0314, -0.0899, -1.5490], device='cuda:0')
tensor([ 0.1341,  0.5329,  0.6354,  0.6734, -0.0711,  0.5108,  1.0100,  1.1590,
         1.4108,  0.1941,  0.4494,  0.2226,  0.0263, -0.0795, -1.6916],
       device='cuda:0')
Solve time for step 5 (global step 16) 6.436570117948577
Current ori: tensor([ 0.0258, -0.0800, -1.6900], device='cuda:0')
Middle force: tensor([0.5168, 1.4139, 0.5135, 0.8582, 1.5338, 0.6346, 1.0893, 0.5000],
       device='cuda:0')
Thumb force: tensor([1.1358, 2.0473, 1.0284, 0.9243, 1.6774, 1.4610, 1.0281, 0.8646],
       device='cuda:0')
Index force: tensor([1.3157, 0.6877, 0.6880, 0.5737, 0.7360, 0.5126, 0.9708, 0.5740],
       device='cuda:0')
Q function output: 0.00
tensor([ 0.0258, -0.0800, -1.6900], device='cuda:0')
tensor([ 0.1249,  0.5352,  0.6252,  0.6662, -0.0715,  0.5110,  1.0006,  1.1583,
         1.4695,  0.0419,  0.4581,  0.1067,  0.0319, -0.0768, -1.7155],
       device='cuda:0')
Solve time for step 6 (global step 17) 6.208796022925526
Current ori: tensor([ 0.0389, -0.0756, -1.7149], device='cuda:0')
Middle force: tensor([0.5013, 1.1101, 1.0743, 1.3304, 0.6278, 0.8738, 0.5084],
       device='cuda:0')
Thumb force: tensor([1.4497, 2.0030, 1.0242, 1.4381, 0.8555, 0.8467, 1.5382],
       device='cuda:0')
Index force: tensor([1.0000, 0.5678, 0.5008, 0.5575, 0.5475, 0.6678, 0.9348],
       device='cuda:0')
Q function output: 0.00
tensor([ 0.0389, -0.0756, -1.7149], device='cuda:0')
tensor([ 0.1213,  0.5346,  0.6208,  0.6675, -0.0747,  0.5034,  1.0142,  1.1440,
         1.4269,  0.1567,  0.4268,  0.3150,  0.0391, -0.0791, -1.6223],
       device='cuda:0')
Solve time for step 7 (global step 18) 5.776767792995088
Current ori: tensor([ 0.0545, -0.0761, -1.6235], device='cuda:0')
Middle force: tensor([0.5271, 0.8262, 0.8390, 0.5094, 1.2707, 0.8123], device='cuda:0')
Thumb force: tensor([0.7666, 1.2064, 0.5707, 0.8388, 1.2551, 0.5056], device='cuda:0')
Index force: tensor([0.8274, 0.5341, 0.5050, 0.5845, 0.5000, 0.5237], device='cuda:0')
Q function output: 0.00
tensor([ 0.0545, -0.0761, -1.6235], device='cuda:0')
tensor([ 0.1222,  0.5343,  0.6208,  0.6714, -0.0738,  0.5320,  0.9848,  1.0932,
         1.3744,  0.2234,  0.3657,  0.5442,  0.0459, -0.0754, -1.4279],
       device='cuda:0')
Solve time for step 8 (global step 19) 5.456510940915905
Current ori: tensor([ 0.0454, -0.0759, -1.4261], device='cuda:0')
Middle force: tensor([0.7737, 0.8089, 0.5082, 1.2387, 0.7924], device='cuda:0')
Thumb force: tensor([1.1889, 0.5648, 0.8154, 1.2194, 0.5035], device='cuda:0')
Index force: tensor([0.5417, 0.5044, 0.5744, 0.5000, 0.5209], device='cuda:0')
Q function output: 0.00
tensor([ 0.0454, -0.0759, -1.4261], device='cuda:0')
tensor([ 0.1197,  0.5345,  0.6207,  0.6593, -0.0726,  0.5391,  0.9761,  1.0908,
         1.4032,  0.1794,  0.3772,  0.4462,  0.0266, -0.0795, -1.4829],
       device='cuda:0')
Solve time for step 9 (global step 20) 5.311959985992871
Current ori: tensor([ 0.0282, -0.0798, -1.4808], device='cuda:0')
Middle force: tensor([0.9090, 0.5047, 0.6291, 0.6661], device='cuda:0')
Thumb force: tensor([1.3545, 0.7141, 0.5596, 0.5695], device='cuda:0')
Index force: tensor([0.7055, 0.5280, 0.5336, 0.6775], device='cuda:0')
Q function output: 0.00
tensor([ 0.0282, -0.0798, -1.4808], device='cuda:0')
tensor([ 0.1172,  0.5182,  0.6401,  0.6609, -0.0719,  0.5208,  1.0048,  1.0831,
         1.4847, -0.0070,  0.3994,  0.2576,  0.0316, -0.0738, -1.5781],
       device='cuda:0')
Solve time for step 10 (global step 21) 4.920987431076355
Current ori: tensor([ 0.0274, -0.0733, -1.5796], device='cuda:0')
Middle force: tensor([0.5014, 0.6223, 0.6541], device='cuda:0')
Thumb force: tensor([0.7104, 0.5509, 0.5557], device='cuda:0')
Index force: tensor([0.5328, 0.5277, 0.6673], device='cuda:0')
Q function output: 0.00
tensor([ 0.0274, -0.0733, -1.5796], device='cuda:0')
tensor([ 0.1157,  0.5155,  0.6416,  0.6617, -0.0723,  0.5121,  1.0166,  1.0780,
         1.4490,  0.1237,  0.4620,  0.0989,  0.0421, -0.0727, -1.6377],
       device='cuda:0')
Solve time for step 11 (global step 22) 4.580759188043885
Current ori: tensor([ 0.0351, -0.0814, -1.6312], device='cuda:0')
Middle force: tensor([0.5981, 0.6458], device='cuda:0')
Thumb force: tensor([0.5461, 0.5453], device='cuda:0')
Index force: tensor([0.5286, 0.6576], device='cuda:0')
Q function output: 0.00
tensor([ 0.0369, -0.0704, -1.6293], device='cuda:0')
tensor([ 0.1149,  0.5156,  0.6415,  0.6583, -0.0718,  0.5107,  1.0226,  1.0754,
         1.4507,  0.1241,  0.4907, -0.0130,  0.0273, -0.0683, -1.6710],
       device='cuda:0')
Solve time for step 12 (global step 23) 4.5374869119841605
Current ori: tensor([ 0.0271, -0.0705, -1.6691], device='cuda:0')
Middle force: tensor([0.6324], device='cuda:0')
Thumb force: tensor([0.5390], device='cuda:0')
Index force: tensor([0.6498], device='cuda:0')
Q function output: 0.00
tensor([ 0.0271, -0.0705, -1.6691], device='cuda:0')
Current yaw: tensor([ 0.0169, -0.0777, -1.7135], device='cuda:0')
3 turn
Sampling time 3.3315649878932163
tensor([ 0.1229,  0.4860,  0.6724,  0.6931, -0.0711,  0.4963,  1.0499,  1.0949,
         1.4279,  0.1978,  0.5011, -0.0216,  0.0167, -0.0775, -1.7147],
       device='cuda:0')
Solve time for step 1 (global step 24) 8.349547619000077
Current ori: tensor([ 0.0168, -0.0760, -1.7157], device='cuda:0')
Middle force: tensor([2.3589, 0.8954, 1.8619, 0.5751, 0.5669, 0.7455, 0.4764, 1.0784, 2.1440,
        1.2231, 1.3683, 0.5900], device='cuda:0')
Thumb force: tensor([3.8104, 1.5829, 2.0403, 1.5837, 0.5300, 0.9092, 0.5043, 0.6558, 2.6048,
        0.7398, 0.5803, 1.2589], device='cuda:0')
Index force: tensor([0.9073, 0.8784, 0.9767, 0.8300, 0.7423, 0.5340, 1.1916, 1.0210, 0.8616,
        0.6413, 1.0401, 0.6616], device='cuda:0')
Q function output: 0.00
tensor([ 0.0168, -0.0760, -1.7157], device='cuda:0')
tensor([ 0.0970,  0.4895,  0.6291,  0.6520, -0.0756,  0.4960,  1.0001,  1.0765,
         1.4276,  0.1524,  0.4933,  0.2404,  0.0259, -0.0669, -1.4688],
       device='cuda:0')
Solve time for step 2 (global step 25) 7.8454457089537755
Current ori: tensor([-0.0362, -0.0367, -1.2127], device='cuda:0')
Middle force: tensor([1.7713, 1.1959, 0.9616, 0.6721, 1.1860, 0.7351, 1.0451, 1.2198, 0.9429,
        0.9152, 0.6300], device='cuda:0')
Thumb force: tensor([2.9453, 1.4120, 0.9432, 1.5646, 1.0752, 0.5050, 1.1408, 0.7328, 1.1313,
        1.6010, 0.9974], device='cuda:0')
Index force: tensor([0.8526, 1.3427, 0.6237, 0.7534, 0.5548, 0.5669, 0.7853, 0.6635, 0.5401,
        0.8545, 0.5180], device='cuda:0')
Q function output: 0.00
tensor([-0.0362, -0.0367, -1.2127], device='cuda:0')
tensor([ 0.0812,  0.4648,  0.6467,  0.6823, -0.0756,  0.5315,  0.9496,  1.0497,
         1.4188,  0.0793,  0.3731,  0.5073,  0.0140, -0.0273, -0.9771],
       device='cuda:0')
Solve time for step 3 (global step 26) 7.4308624499244615
Current ori: tensor([ 0.0139, -0.0292, -0.9750], device='cuda:0')
Middle force: tensor([1.1380, 0.9468, 0.6508, 1.1352, 0.7091, 0.9822, 1.1548, 0.9074, 0.8402,
        0.6161], device='cuda:0')
Thumb force: tensor([1.3822, 0.9691, 1.5382, 1.0899, 0.5040, 1.1646, 0.7336, 1.1195, 1.5649,
        0.9877], device='cuda:0')
Index force: tensor([1.3050, 0.6190, 0.7467, 0.5564, 0.5627, 0.7875, 0.6749, 0.5373, 0.8640,
        0.5162], device='cuda:0')
Q function output: 0.00
tensor([ 0.0139, -0.0292, -0.9750], device='cuda:0')
tensor([ 0.0852,  0.5269,  0.6121,  0.6315, -0.0701,  0.5343,  0.9510,  1.0542,
         1.3241,  0.3367,  0.4906,  0.2690, -0.0116, -0.0398, -1.1396],
       device='cuda:0')
Solve time for step 4 (global step 27) 6.9428041049977764
Current ori: tensor([-0.0107, -0.0417, -1.1384], device='cuda:0')
Middle force: tensor([0.9493, 0.6423, 1.1095, 0.6944, 1.0004, 1.1003, 0.8872, 0.8091, 0.6048],
       device='cuda:0')
Thumb force: tensor([0.9517, 1.5071, 1.0769, 0.5024, 1.1174, 0.7221, 1.0914, 1.5070, 0.9768],
       device='cuda:0')
Index force: tensor([0.6038, 0.7340, 0.5552, 0.5568, 0.7618, 0.6823, 0.5340, 0.8497, 0.5142],
       device='cuda:0')
Q function output: 0.00
tensor([-0.0138, -0.0316, -1.1425], device='cuda:0')
tensor([ 0.0909,  0.5135,  0.6250,  0.6467, -0.0709,  0.5162,  0.9631,  1.0965,
         1.4691,  0.0113,  0.4693,  0.1324, -0.0070, -0.0379, -1.2254],
       device='cuda:0')
Solve time for step 5 (global step 28) 6.465250572073273
Current ori: tensor([-0.0079, -0.0373, -1.2260], device='cuda:0')
Middle force: tensor([1.2817, 0.9914, 0.6611, 0.8829, 0.5045, 0.9747, 0.6720, 0.8148],
       device='cuda:0')
Thumb force: tensor([0.9527, 1.5937, 1.1623, 0.6865, 0.9182, 0.7429, 0.9483, 0.5564],
       device='cuda:0')
Index force: tensor([0.5001, 0.5287, 1.1630, 0.5286, 0.6313, 0.6056, 0.7413, 0.5000],
       device='cuda:0')
Q function output: 0.00
tensor([-0.0079, -0.0373, -1.2260], device='cuda:0')
tensor([ 0.1070,  0.4753,  0.6684,  0.6963, -0.0706,  0.5120,  0.9681,  1.1495,
         1.3695,  0.3050,  0.5989, -0.0884, -0.0051, -0.0562, -1.2838],
       device='cuda:0')
Solve time for step 6 (global step 29) 6.060420401045121
Current ori: tensor([-0.0537, -0.0422, -0.9928], device='cuda:0')
Middle force: tensor([0.9455, 0.6546, 0.8709, 0.5034, 0.9636, 0.6740, 0.8078],
       device='cuda:0')
Thumb force: tensor([1.5401, 1.1293, 0.6808, 0.8896, 0.7390, 0.9101, 0.5490],
       device='cuda:0')
Index force: tensor([0.5318, 1.1241, 0.5250, 0.6227, 0.5989, 0.7188, 0.5000],
       device='cuda:0')
Q function output: 0.00
tensor([-0.0537, -0.0437, -0.9927], device='cuda:0')
tensor([ 0.1067,  0.4407,  0.6970,  0.7280, -0.0676,  0.5221,  0.9897,  1.1932,
         1.5065, -0.0461,  0.5473, -0.1789, -0.0427, -0.0420, -1.0298],
       device='cuda:0')
Solve time for step 7 (global step 30) 5.654838131042197
Current ori: tensor([-0.0435, -0.0408, -1.0307], device='cuda:0')
Middle force: tensor([0.9471, 0.6689, 0.8496, 0.6998, 1.3834, 0.5622], device='cuda:0')
Thumb force: tensor([0.9200, 0.5023, 1.1458, 0.6658, 1.9420, 0.5000], device='cuda:0')
Index force: tensor([0.7352, 0.5791, 0.5674, 0.5255, 0.5692, 0.5001], device='cuda:0')
Q function output: 0.00
tensor([-0.0435, -0.0408, -1.0307], device='cuda:0')
tensor([ 0.1189,  0.4106,  0.7298,  0.7717, -0.0658,  0.5026,  1.0270,  1.1970,
         1.4659,  0.0574,  0.4646,  0.0774, -0.0328, -0.0432, -1.0265],
       device='cuda:0')
Solve time for step 8 (global step 31) 5.343505989992991
Current ori: tensor([-0.0364, -0.0344, -1.0312], device='cuda:0')
Middle force: tensor([0.8489, 0.5017, 0.9444, 0.6232, 0.7883], device='cuda:0')
Thumb force: tensor([0.6644, 0.8527, 0.7467, 0.8598, 0.5361], device='cuda:0')
Index force: tensor([0.5209, 0.6166, 0.5818, 0.7027, 0.5000], device='cuda:0')
Q function output: 0.00
tensor([-0.0364, -0.0344, -1.0312], device='cuda:0')
tensor([ 0.1126,  0.3722,  0.7484,  0.8088, -0.0675,  0.5018,  1.0157,  1.2036,
         1.3946,  0.2183,  0.4621,  0.1929, -0.0266, -0.0422, -0.9570],
       device='cuda:0')
Solve time for step 9 (global step 32) 5.100132735911757
Current ori: tensor([-0.0266, -0.0405, -0.9574], device='cuda:0')
Middle force: tensor([0.5009, 0.9298, 0.6081, 0.7766], device='cuda:0')
Thumb force: tensor([0.8194, 0.7351, 0.8284, 0.5307], device='cuda:0')
Index force: tensor([0.6025, 0.5728, 0.6874, 0.5001], device='cuda:0')
Q function output: 0.01
tensor([-0.0266, -0.0405, -0.9574], device='cuda:0')
tensor([ 0.1093,  0.3727,  0.7483,  0.8105, -0.0631,  0.5006,  1.0155,  1.2156,
         1.4333,  0.1413,  0.5209, -0.0081, -0.0342, -0.0316, -1.0354],
       device='cuda:0')
Solve time for step 10 (global step 33) 4.833046886022203
Current ori: tensor([-0.0308, -0.0400, -1.0308], device='cuda:0')
Middle force: tensor([0.9098, 0.5887, 0.7623], device='cuda:0')
Thumb force: tensor([0.7056, 0.8056, 0.5258], device='cuda:0')
Index force: tensor([0.5645, 0.6739, 0.5000], device='cuda:0')
Q function output: 0.04
tensor([-0.0308, -0.0400, -1.0308], device='cuda:0')
tensor([ 0.1219,  0.3706,  0.7598,  0.8206, -0.0526,  0.5035,  1.0163,  1.2284,
         1.4990, -0.0503,  0.5216, -0.1525, -0.0254, -0.0418, -1.0600],
       device='cuda:0')
Solve time for step 11 (global step 34) 4.602655953029171
Current ori: tensor([-0.0232, -0.0488, -1.0566], device='cuda:0')
Middle force: tensor([0.5781, 0.7518], device='cuda:0')
Thumb force: tensor([0.7721, 0.5211], device='cuda:0')
Index force: tensor([0.6462, 0.5000], device='cuda:0')
Q function output: 0.01
tensor([-0.0232, -0.0488, -1.0566], device='cuda:0')
tensor([ 0.1160,  0.3704,  0.7563,  0.8203, -0.0541,  0.5036,  1.0141,  1.2281,
         1.4494,  0.0977,  0.5119, -0.0472, -0.0285, -0.0480, -1.0329],
       device='cuda:0')
Solve time for step 12 (global step 35) 4.358696116018109
Current ori: tensor([-0.0313, -0.0371, -1.0384], device='cuda:0')
Middle force: tensor([0.7323], device='cuda:0')
Thumb force: tensor([0.5161], device='cuda:0')
Index force: tensor([0.5000], device='cuda:0')
Q function output: 0.03
tensor([-0.0313, -0.0371, -1.0384], device='cuda:0')
Current yaw: tensor([-0.0250, -0.0497, -1.0556], device='cuda:0')
4 turn
Sampling time 3.3483623429201543
tensor([ 0.1315,  0.3575,  0.7787,  0.8507, -0.0474,  0.5067,  1.0177,  1.2414,
         1.4497,  0.0909,  0.5456, -0.2097, -0.0277, -0.0526, -1.0529],
       device='cuda:0')
Solve time for step 1 (global step 36) 8.339806639938615
Current ori: tensor([-0.0281, -0.0508, -1.0542], device='cuda:0')
Middle force: tensor([0.6793, 0.6899, 1.7774, 1.1329, 1.2658, 0.9553, 1.8405, 0.7701, 1.1382,
        1.7793, 1.0064, 0.5711], device='cuda:0')
Thumb force: tensor([1.0471, 0.8978, 1.4146, 1.5469, 1.3236, 0.7710, 1.1520, 1.2260, 0.7863,
        1.6601, 1.2076, 0.5717], device='cuda:0')
Index force: tensor([0.7785, 0.7576, 0.9482, 1.0107, 1.0054, 1.0235, 0.7088, 0.5205, 0.8230,
        0.5394, 0.5004, 0.7326], device='cuda:0')
Q function output: 0.00
tensor([-0.0275, -0.0406, -1.0590], device='cuda:0')
tensor([ 0.1169,  0.3848,  0.7347,  0.8505, -0.0784,  0.5198,  1.0180,  1.2034,
         1.4183,  0.2645,  0.4284,  0.1220, -0.0392, -0.0383, -1.0237],
       device='cuda:0')
Solve time for step 2 (global step 37) 7.780244497931562
Current ori: tensor([-0.0357, -0.0454, -1.0203], device='cuda:0')
Middle force: tensor([0.6767, 1.7143, 1.0860, 1.2379, 0.9397, 1.7779, 0.7545, 1.0804, 1.7310,
        0.9810, 0.5684], device='cuda:0')
Thumb force: tensor([0.8717, 1.3892, 1.5038, 1.2889, 0.7567, 1.1156, 1.2046, 0.7791, 1.6166,
        1.1768, 0.5637], device='cuda:0')
Index force: tensor([0.7674, 0.9330, 0.9869, 0.9826, 0.9826, 0.7017, 0.5176, 0.8092, 0.5386,
        0.5002, 0.7204], device='cuda:0')
Q function output: 0.00
tensor([-0.0357, -0.0454, -1.0203], device='cuda:0')
tensor([ 0.1007,  0.3807,  0.7237,  0.8507, -0.0801,  0.5208,  1.0293,  1.1585,
         1.4046,  0.2795,  0.2974,  0.4311, -0.0301, -0.0384, -0.8779],
       device='cuda:0')
Solve time for step 3 (global step 38) 7.289454190991819
Current ori: tensor([-0.0284, -0.0399, -0.8774], device='cuda:0')
Middle force: tensor([1.8254, 0.7063, 0.7845, 1.7066, 0.8458, 0.5271, 0.9870, 1.1002, 0.5916,
        1.3524], device='cuda:0')
Thumb force: tensor([0.8354, 1.0676, 0.8879, 1.1172, 0.8458, 1.4941, 1.2896, 1.3854, 1.3333,
        1.2860], device='cuda:0')
Index force: tensor([1.3769, 0.6283, 0.7399, 0.5833, 0.5118, 0.5063, 0.5127, 0.5180, 0.8571,
        0.8304], device='cuda:0')
Q function output: 0.04
tensor([-0.0284, -0.0399, -0.8774], device='cuda:0')
tensor([ 0.0799,  0.3592,  0.7331,  0.8498, -0.0846,  0.5120,  1.0344,  1.1772,
         1.4837,  0.0660,  0.2596,  0.4839, -0.0208, -0.0346, -0.8526],
       device='cuda:0')
Solve time for step 4 (global step 39) 6.848759479005821
Current ori: tensor([-0.0203, -0.0325, -0.8501], device='cuda:0')
Middle force: tensor([0.9832, 1.1919, 0.8961, 1.6456, 0.7303, 1.0179, 1.6506, 0.9403, 0.5569],
       device='cuda:0')
Thumb force: tensor([1.4103, 1.2250, 0.7235, 1.0537, 1.1575, 0.7445, 1.5311, 1.1228, 0.5509],
       device='cuda:0')
Index force: tensor([0.9430, 0.9349, 0.9292, 0.6983, 0.5135, 0.7741, 0.5335, 0.4999, 0.7062],
       device='cuda:0')
Q function output: 0.27
OOD detected by Q function: tensor([0.2691], device='cuda:0')
Current yaw: tensor([-0.0247, -0.0266, -0.8523], device='cuda:0')
5 mppi
tensor([ 0.0796,  0.3592,  0.7331,  0.8494, -0.0844,  0.5122,  1.0337,  1.1774,
         1.4836,  0.0660,  0.2594,  0.4839, -0.0202, -0.0328, -0.8507],
       device='cuda:0')
