Hardware mode
Datetime: .04.27.25:10:23:56
Config: {'T': 3, 'T_orig': 12, 'receding_horizon': False, 'num_steps': 8, 'num_turns': 1, 'max_recovery_stages': 4, 'num_trials': 10, 'num_episodes': 50, 'visualize': True, 'experiment_name': 'allegro_screwdriver_recovery_model_hardware', 'mode': 'hardware', 'fingers': ['index', 'middle', 'thumb'], 'object_type': 'screwdriver', 'sim_device': 'cpu', 'friction_coefficient': 1.0, 'kp': 3.0, 'heuristic': 1000, 'max_depth': 11, 'goal': '-.5', 'prior': 1, 'multi_particle_search': True, 'replan': False, 'visualize_plan': False, 'visualize_recovery_plan': True, 'visualize_contact_plan': True, 'optimize_force': True, 'exclude_index': False, 'projected': False, 'use_saved_plans': True, 'use_saved_noise': False, 'use_guidance': False, 'sample_contact': False, 'use_partial_constraint': True, 'sine_cosine': True, 'project_state': False, 'compute_recovery_trajectory': False, 'rl_adjustment': False, 'test_recovery_trajectory': False, 'perturb_action': False, 'randomize_obj_start': False, 'external_wrench_perturb': True, 'viz_states': False, 'diff_init': True, 'live_recovery': True, 'new_projection': True, 'trajectory_condition': True, 'generate_context': True, 'true_s0': False, 'task_diffuse_goal': False, 'recovery_diff_traj': True, 'obj_gravity': True, 'type': 'diffusion', 'OOD_metric': 'likelihood', 'recovery_controller': 'csvgd', 'recovery_model_dir': 'data/training/allegro_screwdriver/allegro_screwdriver_recovery_pi_2_low_damping_diffusion', 'model_path': 'data/training/allegro_screwdriver/allegro_screwdriver_recovery_pi_2_low_damping_diffusion/allegro_screwdriver_diffusion.pt', 'model_dir': 'data/training/allegro_screwdriver/allegro_screwdriver_pi_2_diffusion', 'model_path_orig': 'data/training/allegro_screwdriver/allegro_screwdriver_pi_2_diffusion/allegro_screwdriver_diffusion.pt', 'likelihood_threshold': -170.0, 'drop_threshold': -1250, 'project_threshold': -105.0, 'sac_batch_size': 64, 'start_ind': 0, 'end_ind': 50, 'controllers': {'csvgd': {'N': 16, 'alpha_J': 0.01, 'alpha_C': 1, 'step_size': 0.1, 'momentum': 0.0, 'device': 'cuda:0', 'online_iters': 25, 'warmup_iters': 25, 'resample_steps': 16, 'resample_sigma': 0.01, 'resample_temperature': 0.1, 'penalty': 1000000, 'collision_checking': False, 'joint_friction': 0.0}}, 'ee_names': {'index': 'allegro_hand_hitosashi_finger_finger_0_aftc_base_link', 'middle': 'allegro_hand_naka_finger_finger_1_aftc_base_link', 'ring': 'allegro_hand_kusuri_finger_finger_2_aftc_base_link', 'thumb': 'allegro_hand_oya_finger_3_aftc_base_link'}, 'obj_dof': 3}
[ models/temporal ] Channel dimensions: [(37, 128), (128, 256), (256, 512)]
[ models/temporal ] Channel dimensions: [(37, 128), (128, 256), (256, 512)]
[ models/temporal ] Channel dimensions: [(37, 128), (128, 256), (256, 512)]
2048
4 128 4
[ models/temporal ] Channel dimensions: [(37, 128), (128, 256), (256, 512)]
[ models/temporal ] Channel dimensions: [(37, 128), (128, 256), (256, 512)]

Trial 1
No action perturbation this trial
Random perturbation %: 0.33
Loaded trajectory sampler
Current yaw: tensor([ 0.0134,  0.0024, -2.1055], device='cuda:0')
Ready to pregrasp. Press <ENTER> to continue.tensor([-0.0026, -0.0276, -2.1432], device='cuda:0')
Pregrasp complete. Ready to execute. Press <ENTER> to continue.Current yaw: tensor([-0.0145, -0.0215, -2.1286], device='cuda:0')
1 turn
Likelihood: -94.35135650634766
Sampling time 3.594540263991803
tensor([ 0.1443,  0.5846,  0.6290,  0.5591, -0.1026,  0.5448,  0.9058,  0.8703,
         1.1359,  0.3282,  0.3281,  1.1563, -0.0142, -0.0216, -2.1279],
       device='cuda:0')
Solve time for step 1 (global step 0) 8.173507580067962
Current ori: tensor([-0.0147, -0.0180, -2.1299], device='cuda:0')
Middle force: tensor([1.0769, 1.0483, 0.9987, 1.3103, 1.2445, 0.8481, 1.4871, 1.0293, 1.7647,
        1.3111, 2.0802, 1.3589], device='cuda:0')
Thumb force: tensor([1.1804, 1.0355, 1.0137, 1.7657, 1.5501, 1.1522, 1.8417, 1.6218, 1.5535,
        1.2444, 1.2029, 2.2129], device='cuda:0')
Index force: tensor([1.0188, 1.0504, 1.0477, 1.0149, 1.2164, 1.4180, 0.9940, 0.9947, 1.0292,
        1.3742, 1.2405, 0.9208], device='cuda:0')
tensor([-0.0147, -0.0180, -2.1299], device='cuda:0')
tensor([ 0.1331,  0.6028,  0.5951,  0.5431, -0.1167,  0.5293,  0.9410,  0.9794,
         1.2060,  0.2828,  0.3263,  1.0027, -0.0298, -0.0103, -2.3860],
       device='cuda:0')
Likelihood: -80.25537872314453
Solve time for step 2 (global step 1) 7.742929200991057
Current ori: tensor([-0.0291, -0.0106, -2.3859], device='cuda:0')
Middle force: tensor([1.3116, 1.6370, 1.0234, 1.3628, 1.0352, 1.4606, 1.3757, 1.0310, 1.0832,
        1.0165, 2.0971], device='cuda:0')
Thumb force: tensor([1.9260, 1.2780, 2.0768, 1.1720, 1.0284, 1.8427, 1.5490, 1.0450, 1.0126,
        1.0498, 1.0013], device='cuda:0')
Index force: tensor([1.0284, 1.0317, 1.0498, 1.0140, 1.0386, 1.0095, 1.0084, 1.0304, 1.0289,
        1.0662, 1.0015], device='cuda:0')
tensor([-0.0291, -0.0106, -2.3859], device='cuda:0')
tensor([ 1.1753e-01,  6.3363e-01,  5.4451e-01,  5.2149e-01, -1.2309e-01,
         5.0970e-01,  9.3610e-01,  1.0358e+00,  1.3054e+00,  1.9848e-01,
         3.4686e-01,  8.1893e-01, -4.1162e-02, -8.4920e-04, -2.6110e+00],
       device='cuda:0')
Likelihood: -140.5734405517578
Solve time for step 3 (global step 2) 7.161351440940052
Current ori: tensor([-4.1753e-02, -6.4676e-04, -2.6133e+00], device='cuda:0')
Middle force: tensor([1.6043, 1.0185, 1.3366, 1.0294, 1.4207, 1.3432, 1.0232, 1.0759, 1.0118,
        2.0371], device='cuda:0')
Thumb force: tensor([1.2359, 2.0141, 1.1545, 1.0241, 1.7860, 1.5048, 1.0372, 1.0081, 1.0414,
        1.0001], device='cuda:0')
Index force: tensor([1.0271, 1.0447, 1.0109, 1.0324, 1.0074, 1.0060, 1.0260, 1.0242, 1.0594,
        1.0007], device='cuda:0')
tensor([-4.1753e-02, -6.4676e-04, -2.6133e+00], device='cuda:0')
Apply perturbation now **INTO PALM**. Press <ENTER> to continuetensor([ 0.1057,  0.6109,  0.5603,  0.5314, -0.1225,  0.5030,  0.9528,  1.0939,
         1.3482,  0.1447,  0.3615,  0.7045, -0.0202, -0.0239, -2.9519],
       device='cuda:0')
Likelihood: -199.43551635742188
State is out of distribution
Likelihoods: tensor([-3.1111, -3.2729, -3.2989, -3.3785, -3.4546, -3.4577, -3.4706, -3.5037,
        -3.6360, -3.8624, -3.9122, -4.1297, -4.1304, -4.1805, -4.2014, -4.3398],
       device='cuda:0')
Contact modes ['thumb_middle' 'thumb_middle' 'thumb_middle' 'thumb_middle'
 'thumb_middle' 'thumb_middle' 'thumb_middle' 'thumb_middle'
 'thumb_middle' 'thumb_middle' 'thumb_middle' 'thumb_middle'
 'thumb_middle' 'thumb_middle' 'thumb_middle' 'thumb_middle']
Likelihood grouped mean: {'thumb_middle': 0.026287269969107734}
Likelihood grouped sum: {'thumb_middle': 0.42059631950572374}
Contact mode with highest likelihood sum: thumb_middle
Plan time: 1.839803628041409
Current yaw: tensor([-0.0190, -0.0226, -2.9530], device='cuda:0')
2 thumb_middle
tensor([ 0.1053,  0.6110,  0.5602,  0.5311, -0.1229,  0.5030,  0.9527,  1.0941,
         1.3485,  0.1447,  0.3622,  0.7044, -0.0199, -0.0246, -2.9518],
       device='cuda:0')
Solve time for step 1 (global step 3) 3.7990585459629074
Current ori: tensor([-0.0199, -0.0236, -2.9526], device='cuda:0')
Index force: tensor([1.0561, 1.0521, 1.0557], device='cuda:0')
tensor([-0.0199, -0.0236, -2.9526], device='cuda:0')
tensor([ 6.2445e-02,  6.1647e-01,  5.1812e-01,  5.2097e-01, -1.9405e-01,
         4.5529e-01,  9.0655e-01,  9.7485e-01,  1.2572e+00,  1.4122e-01,
         2.7740e-01,  8.4635e-01, -6.3469e-03,  1.6745e-03, -2.8108e+00],
       device='cuda:0')
Solve time for step 2 (global step 4) 3.5218788519268855
Current ori: tensor([-1.4040e-02, -2.1034e-03, -2.8112e+00], device='cuda:0')
Index force: tensor([1.0408, 1.0443], device='cuda:0')
tensor([-1.4040e-02, -2.1034e-03, -2.8112e+00], device='cuda:0')
tensor([ 0.0714,  0.6620,  0.4806,  0.4698, -0.1937,  0.4557,  0.8822,  0.9332,
         1.2585,  0.1843,  0.2426,  0.9160, -0.0218, -0.0045, -2.8067],
       device='cuda:0')
Solve time for step 3 (global step 5) 3.301377760944888
Current ori: tensor([-0.0224, -0.0039, -2.8074], device='cuda:0')
Index force: tensor([1.0375], device='cuda:0')
tensor([-0.0224, -0.0039, -2.8074], device='cuda:0')
Apply perturbation now **INTO PALM**. Press <ENTER> to continueCurrent yaw: tensor([-0.0038, -0.0321, -2.6479], device='cuda:0')
3 turn
Likelihood: -100.32586669921875
Sampling time 3.283077389933169
tensor([ 0.0714,  0.6929,  0.4341,  0.4742, -0.0741,  0.5130,  0.9524,  0.9133,
         1.2868,  0.2254,  0.2636,  0.9617, -0.0066, -0.0252, -2.6505],
       device='cuda:0')
Solve time for step 1 (global step 6) 8.13467123103328
Current ori: tensor([-0.0042, -0.0358, -2.6428], device='cuda:0')
Middle force: tensor([1.0126, 1.0122, 1.1275, 1.6575, 1.0115, 1.0312, 1.0427, 1.8994, 1.1476,
        1.4223, 1.1035, 0.9352], device='cuda:0')
Thumb force: tensor([2.2148, 1.5805, 1.7656, 1.0572, 1.0127, 1.0303, 1.5568, 1.1626, 0.9748,
        1.6775, 1.0297, 0.9665], device='cuda:0')
Index force: tensor([1.0368, 1.0234, 1.0092, 0.9431, 0.9728, 1.0074, 1.0095, 0.9759, 1.1375,
        1.2225, 0.9943, 1.0272], device='cuda:0')
tensor([-0.0042, -0.0358, -2.6428], device='cuda:0')
tensor([ 0.0639,  0.6764,  0.4520,  0.4743, -0.0902,  0.5262,  0.9198,  0.9647,
         1.2230,  0.3981,  0.3023,  0.9371, -0.0044, -0.0254, -2.6896],
       device='cuda:0')
Likelihood: -113.61170196533203
Solve time for step 2 (global step 7) 7.618875354994088
Current ori: tensor([-0.0068, -0.0245, -2.6903], device='cuda:0')
Middle force: tensor([1.0095, 1.1252, 1.6640, 1.0101, 1.0240, 1.0361, 1.8569, 1.1345, 1.3840,
        1.0922, 1.0080], device='cuda:0')
Thumb force: tensor([1.5456, 1.7460, 1.0497, 1.0063, 1.0237, 1.4999, 1.1434, 1.0157, 1.6358,
        1.0247, 1.0195], device='cuda:0')
Index force: tensor([1.0183, 1.0062, 1.0167, 1.0128, 1.0047, 1.0060, 1.0135, 1.1221, 1.2022,
        1.0026, 1.0518], device='cuda:0')
tensor([-0.0068, -0.0245, -2.6903], device='cuda:0')
tensor([ 4.9400e-02,  6.7257e-01,  4.4757e-01,  4.5634e-01, -9.4740e-02,
         5.1240e-01,  9.2122e-01,  1.0008e+00,  1.2452e+00,  3.9202e-01,
         3.9254e-01,  7.3910e-01, -1.8200e-03, -1.8494e-02, -2.7755e+00],
       device='cuda:0')
Likelihood: -182.87445068359375
State is out of distribution
Likelihoods: tensor([-2.8628, -3.8609, -4.3045, -4.3218, -4.3570, -4.4084, -4.4362, -4.4473,
        -4.4642, -4.5164, -4.5458, -4.6024, -4.6482, -4.6880, -4.7039, -4.7694],
       device='cuda:0')
Contact modes ['thumb_middle' 'thumb_middle' 'thumb_middle' 'thumb_middle'
 'thumb_middle' 'thumb_middle' 'thumb_middle' 'thumb_middle'
 'thumb_middle' 'thumb_middle' 'thumb_middle' 'thumb_middle'
 'thumb_middle' 'thumb_middle' 'thumb_middle' 'thumb_middle']
Likelihood grouped mean: {'thumb_middle': 0.014555786310617632}
Likelihood grouped sum: {'thumb_middle': 0.2328925809698821}
Contact mode with highest likelihood sum: thumb_middle
Plan time: 1.7872025319375098
Current yaw: tensor([-7.2107e-04, -1.8399e-02, -2.7753e+00], device='cuda:0')
4 thumb_middle
tensor([ 4.9418e-02,  6.7250e-01,  4.4773e-01,  4.5571e-01, -9.4647e-02,
         5.1248e-01,  9.2120e-01,  1.0007e+00,  1.2453e+00,  3.9135e-01,
         3.9281e-01,  7.3882e-01, -7.5676e-04, -1.7546e-02, -2.7761e+00],
       device='cuda:0')
Solve time for step 1 (global step 8) 3.892997093964368
Current ori: tensor([-1.1207e-03, -1.8447e-02, -2.7755e+00], device='cuda:0')
Index force: tensor([1.0547, 1.0570, 1.0588], device='cuda:0')
tensor([-1.1207e-03, -1.8447e-02, -2.7755e+00], device='cuda:0')
tensor([ 0.0222,  0.6715,  0.4324,  0.4337, -0.2024,  0.4725,  0.8786,  0.9562,
         1.1907,  0.3074,  0.3055,  0.8641,  0.0077, -0.0054, -2.7945],
       device='cuda:0')
Solve time for step 2 (global step 9) 3.686219568015076
Current ori: tensor([ 0.0078, -0.0033, -2.7956], device='cuda:0')
Index force: tensor([1.0460, 1.0445], device='cuda:0')
tensor([ 0.0078, -0.0033, -2.7956], device='cuda:0')
tensor([ 0.0164,  0.7082,  0.3958,  0.3595, -0.2025,  0.4726,  0.8785,  0.9328,
         1.1876,  0.2740,  0.2735,  0.9621, -0.0034, -0.0031, -2.8154],
       device='cuda:0')
Solve time for step 3 (global step 10) 3.3431840010453016
Current ori: tensor([-0.0078, -0.0037, -2.8162], device='cuda:0')
Index force: tensor([1.0358], device='cuda:0')
tensor([-0.0078, -0.0037, -2.8162], device='cuda:0')
Current yaw: tensor([-0.0283, -0.0107, -2.8373], device='cuda:0')
5 turn
Likelihood: -203.9940185546875
State is out of distribution
Likelihoods: tensor([-2.6636, -3.2957, -3.3201, -3.3897, -3.4158, -3.6404, -3.7585, -3.7684,
        -3.7939, -3.8714, -3.9017, -4.3245, -5.5460, -5.8580, -5.9013, -8.1311],
       device='cuda:0')
Contact modes ['index' 'index' 'thumb_middle' 'index' 'index' 'thumb_middle' 'index'
 'index' 'thumb_middle' 'index' 'index' 'index' 'thumb_middle'
 'thumb_middle' 'thumb_middle' 'thumb_middle']
Likelihood grouped mean: {'index': 0.030443521250121612, 'thumb_middle': 0.013526763583609583}
Likelihood grouped sum: {'index': 0.2739916912510945, 'thumb_middle': 0.09468734508526708}
Contact mode with highest likelihood sum: index
Plan time: 1.8229374310467392
Current yaw: tensor([-0.0244, -0.0112, -2.8272], device='cuda:0')
6 index
tensor([ 0.0277,  0.7755,  0.3498,  0.2298, -0.1377,  0.5630,  0.9204,  0.9266,
         1.2412,  0.2816,  0.2815,  1.0285, -0.0235, -0.0102, -2.8287],
       device='cuda:0')
Solve time for step 1 (global step 11) 4.455154035007581
Current ori: tensor([-0.0238, -0.0082, -2.8298], device='cuda:0')
Middle force: tensor([1.0720, 1.0716, 1.0735], device='cuda:0')
Thumb force: tensor([1.0774, 1.0594, 1.0536], device='cuda:0')
tensor([-0.0238, -0.0082, -2.8298], device='cuda:0')
Apply perturbation now **INTO PALM**. Press <ENTER> to continuetensor([ 0.1197,  0.6486,  0.3531,  0.3442, -0.1364,  0.5935,  0.9100,  0.9100,
         1.2535,  0.2639,  0.2865,  0.9879, -0.0190, -0.0144, -2.8105],
       device='cuda:0')
Solve time for step 2 (global step 12) 4.201464931946248
Current ori: tensor([-0.0180, -0.0151, -2.8093], device='cuda:0')
Middle force: tensor([1.0574, 1.0599], device='cuda:0')
Thumb force: tensor([1.0468, 1.0413], device='cuda:0')
tensor([-0.0180, -0.0151, -2.8093], device='cuda:0')
tensor([ 0.1725,  0.6487,  0.3909,  0.4249, -0.1320,  0.6085,  0.8920,  0.8676,
         1.2848,  0.2335,  0.2799,  0.9434, -0.0273, -0.0177, -2.8113],
       device='cuda:0')
Solve time for step 3 (global step 13) 4.023661147104576
Current ori: tensor([-0.0273, -0.0174, -2.8110], device='cuda:0')
Middle force: tensor([1.0545], device='cuda:0')
Thumb force: tensor([1.0373], device='cuda:0')
tensor([-0.0273, -0.0174, -2.8110], device='cuda:0')
Current yaw: tensor([-0.0067, -0.0222, -2.7713], device='cuda:0')
7 turn
Likelihood: -70.85750579833984
Sampling time 3.4233082560822368
tensor([ 0.1978,  0.7260,  0.5049,  0.5277, -0.1240,  0.5814,  0.9395,  0.8825,
         1.2732,  0.2271,  0.2348,  1.0610, -0.0102, -0.0253, -2.7751],
       device='cuda:0')
Solve time for step 1 (global step 14) 8.512018235982396
Current ori: tensor([-0.0107, -0.0256, -2.7744], device='cuda:0')
Middle force: tensor([1.0380, 1.3993, 0.9648, 0.9871, 1.3975, 0.9052, 0.8155, 1.9022, 2.1563,
        3.0943, 1.0981, 0.9921], device='cuda:0')
Thumb force: tensor([1.5095, 0.9077, 1.0483, 0.9868, 1.3715, 1.4627, 1.5199, 2.1726, 2.4475,
        2.2125, 2.0809, 1.1858], device='cuda:0')
Index force: tensor([0.8591, 0.9616, 0.8903, 0.9440, 1.1752, 0.8913, 0.8644, 0.8441, 0.9245,
        1.0372, 0.9570, 0.9443], device='cuda:0')
tensor([-0.0107, -0.0256, -2.7744], device='cuda:0')
Apply perturbation now **TO SIDE OF OBJECT**. Press <ENTER> to continuetensor([ 1.7569e-01,  7.2227e-01,  4.8775e-01,  5.2197e-01, -1.2840e-01,
         5.8071e-01,  9.3638e-01,  9.5951e-01,  1.2993e+00,  2.5412e-01,
         2.3869e-01,  9.6352e-01, -1.2488e-03, -2.7502e-02, -3.1274e+00],
       device='cuda:0')
Likelihood: -85.10311889648438
Solve time for step 2 (global step 15) 7.87801093806047
Current ori: tensor([-0.0064, -0.0295, -3.1225], device='cuda:0')
Middle force: tensor([1.4082, 1.0273, 1.0075, 1.3681, 1.0297, 1.0432, 1.8494, 2.1186, 3.0657,
        1.1195, 1.0078], device='cuda:0')
Thumb force: tensor([1.0429, 1.0419, 1.0076, 1.3664, 1.5223, 1.5491, 2.1566, 2.3865, 2.2020,
        1.9927, 1.1626], device='cuda:0')
Index force: tensor([1.0191, 1.0432, 1.0303, 1.1633, 1.0417, 1.0544, 1.0574, 1.0390, 1.0287,
        1.0281, 1.0296], device='cuda:0')
tensor([-0.0064, -0.0295, -3.1225], device='cuda:0')
tensor([ 0.1607,  0.7162,  0.4789,  0.5216, -0.1285,  0.6227,  0.8695,  0.9507,
         1.3135,  0.2262,  0.2284,  0.9995, -0.0108, -0.0337, -3.0148],
       device='cuda:0')
Likelihood: -90.23721313476562
Solve time for step 3 (global step 16) 7.559720732970163
Current ori: tensor([-0.0114, -0.0340, -3.0141], device='cuda:0')
Middle force: tensor([1.0786, 1.0067, 1.3306, 1.0243, 1.0373, 1.8221, 2.0974, 3.0364, 1.1287,
        1.0076], device='cuda:0')
Thumb force: tensor([1.0475, 1.0048, 1.3757, 1.5220, 1.5266, 2.1080, 2.3048, 2.2171, 1.9364,
        1.1493], device='cuda:0')
Index force: tensor([1.0337, 1.0301, 1.1571, 1.0366, 1.0498, 1.0536, 1.0372, 1.0239, 1.0285,
        1.0280], device='cuda:0')
tensor([-0.0114, -0.0340, -3.0141], device='cuda:0')
tensor([ 0.1610,  0.7412,  0.4602,  0.4680, -0.1284,  0.7510,  0.7560,  0.7586,
         1.3002,  0.2173,  0.1880,  1.1718, -0.0092, -0.0069, -2.5665],
       device='cuda:0')
Likelihood: -103.75631713867188
Solve time for step 4 (global step 17) 6.746655949042179
Current ori: tensor([-0.0101, -0.0093, -2.5660], device='cuda:0')
Middle force: tensor([1.6879, 1.0056, 1.0556, 1.2977, 1.0067, 1.3490, 1.0041, 1.3819, 1.4192],
       device='cuda:0')
Thumb force: tensor([1.3574, 2.1813, 1.0395, 1.3405, 1.0365, 1.3669, 1.0008, 1.5439, 1.0261],
       device='cuda:0')
Index force: tensor([1.0218, 1.0016, 1.0472, 1.0296, 1.0336, 1.0168, 1.1414, 1.0346, 1.0569],
       device='cuda:0')
tensor([-0.0101, -0.0093, -2.5660], device='cuda:0')
tensor([ 0.1329,  0.7134,  0.4685,  0.4675, -0.1090,  0.9001,  0.6113,  0.5525,
         1.2627,  0.2335,  0.1703,  1.3533,  0.0163, -0.0038, -2.0884],
       device='cuda:0')
Likelihood: -178.76678466796875
State is out of distribution
Likelihoods: tensor([-5.8507, -5.8683, -5.9222, -5.9597, -6.0006, -6.0045, -6.2566, -6.2638,
        -6.2709, -6.3244, -6.3522, -6.3787, -6.5645, -6.7026, -6.7569, -6.8155],
       device='cuda:0')
Contact modes ['thumb_middle' 'thumb_middle' 'thumb_middle' 'thumb_middle'
 'thumb_middle' 'thumb_middle' 'thumb_middle' 'thumb_middle'
 'thumb_middle' 'thumb_middle' 'thumb_middle' 'thumb_middle'
 'thumb_middle' 'thumb_middle' 'thumb_middle' 'thumb_middle']
Likelihood grouped mean: {'thumb_middle': 0.001984473577980164}
Likelihood grouped sum: {'thumb_middle': 0.03175157724768263}
Contact mode with highest likelihood sum: thumb_middle
Plan time: 1.8149173069978133
Current yaw: tensor([ 0.0168, -0.0042, -2.0870], device='cuda:0')
8 thumb_middle
tensor([ 0.1317,  0.7128,  0.4684,  0.4677, -0.1108,  0.8994,  0.6114,  0.5524,
         1.2644,  0.2333,  0.1706,  1.3532,  0.0169, -0.0049, -2.0873],
       device='cuda:0')
Solve time for step 1 (global step 18) 3.9472744839731604
Current ori: tensor([ 0.0161, -0.0051, -2.0864], device='cuda:0')
Index force: tensor([1.0806, 1.0825, 1.0696], device='cuda:0')
tensor([ 0.0161, -0.0051, -2.0864], device='cuda:0')
Apply perturbation now **INTO PALM**. Press <ENTER> to continuetensor([ 0.1281,  0.7105,  0.4662,  0.4678, -0.2381,  0.7574,  0.6481,  0.6723,
         1.2643,  0.2319,  0.1428,  1.1293, -0.0098, -0.0053, -2.2876],
       device='cuda:0')
Solve time for step 2 (global step 19) 3.63378963409923
Current ori: tensor([-0.0089, -0.0052, -2.2884], device='cuda:0')
Index force: tensor([1.0349, 1.0403], device='cuda:0')
tensor([-0.0089, -0.0052, -2.2884], device='cuda:0')
tensor([ 0.1076,  0.7236,  0.4317,  0.4368, -0.2388,  0.7520,  0.6612,  0.6764,
         1.2508,  0.2319,  0.1438,  1.0194, -0.0146,  0.0146, -2.3714],
       device='cuda:0')
Solve time for step 3 (global step 20) 3.304413422010839
Current ori: tensor([-0.0160,  0.0167, -2.3755], device='cuda:0')
Index force: tensor([1.0323], device='cuda:0')
tensor([-0.0160,  0.0167, -2.3755], device='cuda:0')
Apply perturbation now **TO SIDE OF OBJECT**. Press <ENTER> to continueCurrent yaw: tensor([ 0.0057, -0.0349, -1.9171], device='cuda:0')
9 turn
Likelihood: -189.71920776367188
State is out of distribution
Likelihoods: tensor([-2.7842, -4.1440, -4.2737, -4.4012, -4.6249, -4.6322, -4.8148, -5.1071,
        -5.4105, -5.4793, -5.5357, -5.6335, -5.8267, -5.8604, -6.0504, -6.0784],
       device='cuda:0')
Contact modes ['thumb_middle' 'thumb_middle' 'thumb_middle' 'thumb_middle'
 'thumb_middle' 'index' 'thumb_middle' 'thumb_middle' 'thumb_middle'
 'thumb_middle' 'thumb_middle' 'thumb_middle' 'thumb_middle'
 'thumb_middle' 'thumb_middle' 'thumb_middle']
Likelihood grouped mean: {'thumb_middle': 0.010293849573692152, 'index': 0.009733468394745464}
Likelihood grouped sum: {'thumb_middle': 0.15440774360538229, 'index': 0.009733468394745464}
Contact mode with highest likelihood sum: thumb_middle
Plan time: 1.7999881929717958
Current yaw: tensor([ 0.0056, -0.0360, -1.9161], device='cuda:0')
10 thumb_middle
tensor([ 0.0967,  0.7433,  0.4120,  0.4035, -0.1022,  0.7906,  0.6919,  0.7197,
         1.2898,  0.2321,  0.2173,  0.9822,  0.0067, -0.0337, -1.9160],
       device='cuda:0')
Solve time for step 1 (global step 21) 3.979923122911714
Current ori: tensor([ 0.0053, -0.0341, -1.9170], device='cuda:0')
Index force: tensor([1.0653, 1.0545, 1.0551], device='cuda:0')
tensor([ 0.0053, -0.0341, -1.9170], device='cuda:0')
tensor([ 0.0399,  0.7054,  0.4095,  0.4108, -0.2029,  0.6838,  0.7001,  0.7239,
         1.2296,  0.2324,  0.2161,  1.0015,  0.0264, -0.0265, -1.9930],
       device='cuda:0')
Solve time for step 2 (global step 22) 3.6532690851017833
Current ori: tensor([ 0.0275, -0.0246, -1.9935], device='cuda:0')
Index force: tensor([1.0467, 1.0469], device='cuda:0')
tensor([ 0.0275, -0.0246, -1.9935], device='cuda:0')
Apply perturbation now **INTO PALM**. Press <ENTER> to continuetensor([-5.2756e-03,  7.1843e-01,  3.6022e-01,  3.5484e-01, -2.0182e-01,
         6.2638e-01,  7.5073e-01,  8.1265e-01,  1.2125e+00,  2.3243e-01,
         2.1855e-01,  1.0175e+00,  1.6077e-03, -9.6324e-03, -2.4394e+00],
       device='cuda:0')
Solve time for step 3 (global step 23) 3.3901870059780777
Current ori: tensor([ 0.0081, -0.0182, -2.4367], device='cuda:0')
Index force: tensor([1.0401], device='cuda:0')
tensor([ 1.7350e-03, -9.8004e-03, -2.4414e+00], device='cuda:0')
Current yaw: tensor([ 0.0071, -0.0119, -2.5087], device='cuda:0')
11 turn
Likelihood: -168.97503662109375
Sampling time 3.266853813896887
tensor([-0.0151,  0.7331,  0.3383,  0.3216, -0.1440,  0.5879,  0.9001,  0.9356,
         1.2323,  0.2780,  0.2676,  1.1148,  0.0089, -0.0104, -2.5061],
       device='cuda:0')
Solve time for step 1 (global step 24) 8.10629649402108
Current ori: tensor([ 1.7682e-03, -2.6455e-03, -2.5098e+00], device='cuda:0')
Middle force: tensor([1.0339, 1.5610, 1.3778, 1.1604, 0.9668, 1.3615, 0.9752, 1.3736, 0.9802,
        1.0519, 1.3216, 2.0625], device='cuda:0')
Thumb force: tensor([1.1636, 2.0891, 0.9887, 0.8651, 3.4995, 1.0107, 0.8402, 1.0018, 1.0044,
        0.9906, 1.6790, 1.0559], device='cuda:0')
Index force: tensor([1.0048, 0.9832, 0.9097, 1.0017, 1.0213, 0.8932, 1.0008, 1.0061, 1.0174,
        0.9764, 0.9393, 1.1979], device='cuda:0')
tensor([ 1.3368e-03, -3.5602e-03, -2.5092e+00], device='cuda:0')
tensor([-0.0137,  0.6867,  0.3768,  0.4086, -0.1512,  0.5424,  0.9510,  0.9930,
         1.3106,  0.1846,  0.2462,  1.0552,  0.0059, -0.0143, -2.6879],
       device='cuda:0')
Likelihood: -155.18006896972656
Solve time for step 2 (global step 25) 7.710050903027877
Current ori: tensor([ 0.0065, -0.0151, -2.6875], device='cuda:0')
Middle force: tensor([1.5625, 1.4251, 1.0993, 1.0271, 1.2896, 1.0102, 2.5867, 1.0328, 1.6696,
        1.0139, 2.1763], device='cuda:0')
Thumb force: tensor([1.9966, 1.0095, 1.0487, 3.3484, 1.5705, 1.1920, 1.0003, 1.0185, 1.6405,
        1.0257, 1.3522], device='cuda:0')
Index force: tensor([1.0138, 1.0223, 1.0046, 1.0065, 1.0015, 1.0091, 1.0157, 1.0505, 1.0315,
        1.0894, 1.3016], device='cuda:0')
tensor([ 0.0065, -0.0151, -2.6875], device='cuda:0')
tensor([-0.0170,  0.6674,  0.3897,  0.4413, -0.1520,  0.5347,  0.9536,  1.0537,
         1.3291,  0.1947,  0.2594,  0.9636,  0.0239, -0.0086, -2.8396],
       device='cuda:0')
Likelihood: -176.5091552734375
State is out of distribution
Likelihoods: tensor([-3.1356, -3.2765, -3.8701, -4.2387, -4.3297, -4.4069, -4.6254, -4.8910,
        -4.9433, -4.9685, -5.0198, -5.0903, -5.1733, -5.6370, -5.6529, -5.8987],
       device='cuda:0')
Contact modes ['index' 'index' 'index' 'thumb_middle' 'thumb_middle' 'thumb_middle'
 'thumb_middle' 'thumb_middle' 'thumb_middle' 'thumb_middle'
 'thumb_middle' 'thumb_middle' 'thumb_middle' 'thumb_middle'
 'thumb_middle' 'thumb_middle']
Likelihood grouped mean: {'index': 0.034029387893880374, 'thumb_middle': 0.007648552555885775}
Likelihood grouped sum: {'index': 0.10208816368164111, 'thumb_middle': 0.09943118322651508}
Contact mode with highest likelihood sum: index
Plan time: 1.8754340370651335
Current yaw: tensor([ 0.0187, -0.0109, -2.8453], device='cuda:0')
12 index
tensor([-0.0175,  0.6675,  0.3894,  0.4412, -0.1517,  0.5348,  0.9536,  1.0536,
         1.3293,  0.1947,  0.2596,  0.9633,  0.0168, -0.0105, -2.8398],
       device='cuda:0')
Solve time for step 1 (global step 26) 4.58873429603409
Current ori: tensor([ 0.0237, -0.0081, -2.8395], device='cuda:0')
Middle force: tensor([1.0942, 1.0457, 1.0599], device='cuda:0')
Thumb force: tensor([1.0402, 1.0786, 1.0708], device='cuda:0')
tensor([ 0.0237, -0.0081, -2.8395], device='cuda:0')
Apply perturbation now **INTO PALM**. Press <ENTER> to continuetensor([ 0.0883,  0.5700,  0.3991,  0.4656, -0.1400,  0.5748,  0.9398,  0.9768,
         1.3464,  0.1906,  0.2616,  0.8901,  0.0141, -0.0205, -2.6705],
       device='cuda:0')
Solve time for step 2 (global step 27) 4.328155042021535
Current ori: tensor([ 0.0082, -0.0238, -2.6693], device='cuda:0')
Middle force: tensor([1.0382, 1.0523], device='cuda:0')
Thumb force: tensor([1.0643, 1.0591], device='cuda:0')
tensor([ 0.0082, -0.0238, -2.6693], device='cuda:0')
tensor([ 0.1481,  0.5697,  0.4566,  0.5140, -0.1488,  0.5491,  0.9754,  1.0223,
         1.3461,  0.2272,  0.2605,  0.8771,  0.0297, -0.0264, -2.7765],
       device='cuda:0')
Solve time for step 3 (global step 28) 4.07956280792132
Current ori: tensor([ 0.0305, -0.0263, -2.7762], device='cuda:0')
Middle force: tensor([1.0689], device='cuda:0')
Thumb force: tensor([1.0584], device='cuda:0')
tensor([ 0.0301, -0.0269, -2.7764], device='cuda:0')
Current yaw: tensor([-2.2402e-03, -4.7794e-02, -2.8407e+00], device='cuda:0')
13 turn
Likelihood: -136.91757202148438
Sampling time 3.262073892983608
tensor([ 1.3546e-01,  6.0498e-01,  5.5679e-01,  6.2677e-01, -1.4596e-01,
         6.0563e-01,  9.6897e-01,  9.9201e-01,  1.3459e+00,  2.2852e-01,
         2.6687e-01,  7.9737e-01, -2.5370e-03, -4.9532e-02, -2.8445e+00],
       device='cuda:0')
Solve time for step 1 (global step 29) 8.100455336039886
Current ori: tensor([-2.3065e-03, -4.9418e-02, -2.8444e+00], device='cuda:0')
Middle force: tensor([1.0218, 1.0664, 1.0841, 1.3152, 0.9837, 0.9971, 1.6736, 1.4921, 1.0530,
        0.9869, 1.6618, 1.4918], device='cuda:0')
Thumb force: tensor([1.1585, 1.0195, 1.0058, 1.8031, 1.0158, 1.9193, 2.2602, 1.3806, 2.6320,
        2.3019, 0.9347, 1.0076], device='cuda:0')
Index force: tensor([1.0008, 1.0154, 1.0134, 1.0095, 1.0660, 1.0524, 1.0149, 0.9677, 0.9559,
        0.9000, 1.0028, 1.0197], device='cuda:0')
tensor([-2.3065e-03, -4.9418e-02, -2.8444e+00], device='cuda:0')
tensor([ 0.1237,  0.5840,  0.5781,  0.6271, -0.2022,  0.6312,  0.9735,  1.0206,
         1.3482,  0.2304,  0.2631,  0.8117,  0.0067, -0.0379, -2.8502],
       device='cuda:0')
Likelihood: -145.9347686767578
Solve time for step 2 (global step 30) 7.6925467810360715
Current ori: tensor([ 0.0067, -0.0398, -2.8527], device='cuda:0')
Middle force: tensor([1.0678, 1.1123, 1.3239, 1.0040, 1.0010, 1.6977, 1.5021, 1.0419, 1.0073,
        1.6316, 1.4768], device='cuda:0')
Thumb force: tensor([1.0137, 1.0037, 1.7295, 1.0097, 1.8663, 2.1755, 1.3393, 2.5809, 2.2874,
        1.0372, 1.0049], device='cuda:0')
Index force: tensor([1.0094, 1.0073, 1.0057, 1.1018, 1.0407, 1.0095, 1.0148, 1.0242, 1.0337,
        1.0015, 1.0158], device='cuda:0')
tensor([ 0.0067, -0.0398, -2.8527], device='cuda:0')
Apply perturbation now **TO SIDE OF OBJECT**. Press <ENTER> to continuetensor([ 0.1069,  0.5749,  0.5779,  0.6127, -0.2375,  0.6500,  0.9845,  1.0630,
         1.3810,  0.2298,  0.2944,  0.7303,  0.0339, -0.0297, -3.1106],
       device='cuda:0')
Likelihood: -156.3604736328125
Solve time for step 3 (global step 31) 7.261540970066562
Current ori: tensor([ 0.0317, -0.0313, -3.1097], device='cuda:0')
Middle force: tensor([1.0423, 1.0003, 1.0343, 1.2000, 1.0008, 1.0148, 1.5361, 1.0646, 1.2182,
        1.0068], device='cuda:0')
Thumb force: tensor([1.5503, 1.0012, 1.6016, 1.0382, 1.0237, 1.1972, 1.3928, 1.7380, 1.0184,
        1.0139], device='cuda:0')
Index force: tensor([1.2871, 1.0244, 1.0002, 1.0352, 1.0208, 1.0014, 1.0004, 1.0281, 1.0069,
        1.0407], device='cuda:0')
tensor([ 0.0382, -0.0315, -3.1084], device='cuda:0')
tensor([ 0.0775,  0.5914,  0.5421,  0.5823, -0.2902,  0.6703,  0.9851,  1.0560,
         1.3922,  0.2552,  0.3257,  0.6843,  0.0265, -0.0225, -3.1218],
       device='cuda:0')
Likelihood: -204.2720489501953
State is out of distribution
Likelihoods: tensor([-4.3348, -4.3660, -4.4302, -4.4853, -4.5123, -4.6703, -4.6928, -4.7863,
        -4.8167, -5.1143, -5.2232, -5.2772, -5.4069, -5.4227, -5.4356, -5.8992],
       device='cuda:0')
Contact modes ['thumb_middle' 'thumb_middle' 'thumb_middle' 'thumb_middle'
 'thumb_middle' 'thumb_middle' 'thumb_middle' 'thumb_middle'
 'thumb_middle' 'thumb_middle' 'thumb_middle' 'thumb_middle'
 'thumb_middle' 'thumb_middle' 'thumb_middle' 'thumb_middle']
Likelihood grouped mean: {'thumb_middle': 0.007964938961337577}
Likelihood grouped sum: {'thumb_middle': 0.12743902338140123}
Contact mode with highest likelihood sum: thumb_middle
Plan time: 1.9205198800191283
Current yaw: tensor([ 0.0268, -0.0232, -3.1210], device='cuda:0')
14 thumb_middle
tensor([ 0.0776,  0.5916,  0.5421,  0.5822, -0.2905,  0.6702,  0.9850,  1.0568,
         1.3926,  0.2555,  0.3260,  0.6843,  0.0260, -0.0207, -3.1233],
       device='cuda:0')
Solve time for step 1 (global step 32) 3.919741636957042
Current ori: tensor([ 0.0245, -0.0164, -3.1334], device='cuda:0')
Index force: tensor([1.4601, 0.9870, 0.9918], device='cuda:0')
tensor([ 0.0297, -0.0206, -3.1318], device='cuda:0')
tensor([ 0.1095,  0.6884,  0.4945,  0.4556, -0.2914,  0.5691,  0.9150,  0.9723,
         1.3093,  0.2569,  0.2455,  0.8341, -0.0059, -0.0474, -3.0690],
       device='cuda:0')
Solve time for step 2 (global step 33) 3.592682791990228
Current ori: tensor([-0.0150, -0.0760, -3.0661], device='cuda:0')
Index force: tensor([1.0158, 1.0028], device='cuda:0')
tensor([-0.0150, -0.0760, -3.0661], device='cuda:0')
Apply perturbation now **INTO PALM**. Press <ENTER> to continuetensor([ 0.0414,  0.6680,  0.4609,  0.4340, -0.2835,  0.5354,  0.8969,  0.9599,
         1.2523,  0.2048,  0.2452,  0.9199,  0.0340, -0.0599,  2.6293],
       device='cuda:0')
Solve time for step 3 (global step 34) 3.4523835559375584
Current ori: tensor([ 0.0359, -0.0604,  2.6288], device='cuda:0')
Index force: tensor([1.0019], device='cuda:0')
tensor([ 0.0314, -0.0579,  2.6271], device='cuda:0')
Apply perturbation now **TO SIDE OF OBJECT**. Press <ENTER> to continueProbably dropped the object
tensor([ 1.6203, -0.0217,  2.4158], device='cuda:0')
Likelihood: -369.5378723144531
State is out of distribution
{}

Trial 2
No action perturbation this trial
Random perturbation %: 0.33
Loaded trajectory sampler
Current yaw: tensor([ 1.6196, -0.0212,  2.4158], device='cuda:0')
Ready to pregrasp. Press <ENTER> to continue.tensor([ 2.5837e-03, -1.8170e-02,  2.9960e+00], device='cuda:0')
Pregrasp complete. Ready to execute. Press <ENTER> to continue.Current yaw: tensor([-1.3444e-04, -1.9096e-02,  3.0013e+00], device='cuda:0')
1 turn
Likelihood: -72.41183471679688
Sampling time 3.348258764948696
tensor([ 1.3187e-01,  5.5835e-01,  6.2267e-01,  6.2624e-01, -1.0760e-01,
         6.2123e-01,  8.1093e-01,  8.9648e-01,  1.1826e+00,  2.9635e-01,
         3.0705e-01,  1.1435e+00,  1.1129e-04, -1.9536e-02,  3.0012e+00],
       device='cuda:0')
Solve time for step 1 (global step 0) 8.278537348029204
Current ori: tensor([-6.5047e-04, -1.6487e-02,  3.0000e+00], device='cuda:0')
Middle force: tensor([2.3683, 1.0250, 1.8481, 0.9543, 1.0422, 1.4949, 1.0084, 1.8957, 1.0195,
        1.2476, 1.9253, 1.4505], device='cuda:0')
Thumb force: tensor([3.8395, 1.6072, 2.0977, 1.6553, 1.0359, 1.2803, 1.5233, 1.7912, 1.1745,
        1.0535, 1.0349, 1.5466], device='cuda:0')
Index force: tensor([1.0269, 1.0403, 1.0003, 1.0921, 1.0422, 1.0086, 1.0210, 1.0501, 1.0297,
        1.0263, 1.0278, 1.0442], device='cuda:0')
tensor([-6.5047e-04, -1.6487e-02,  3.0000e+00], device='cuda:0')
Apply perturbation now **INTO PALM**. Press <ENTER> to continuetensor([ 0.1021,  0.5786,  0.5904,  0.5801, -0.1448,  0.5621,  0.8773,  0.9576,
         1.2717,  0.2402,  0.3893,  0.9273,  0.0183, -0.0103,  2.4999],
       device='cuda:0')
Likelihood: -93.56167602539062
Solve time for step 2 (global step 1) 7.7998211060184985
Current ori: tensor([ 0.0153, -0.0086,  2.4995], device='cuda:0')
Middle force: tensor([1.0207, 1.8189, 1.0231, 1.0422, 1.4873, 1.0087, 1.8515, 1.0183, 1.2535,
        1.9021, 1.4443], device='cuda:0')
Thumb force: tensor([1.5551, 2.0426, 1.6214, 1.0253, 1.2393, 1.4623, 1.7344, 1.1486, 1.0390,
        1.0251, 1.4832], device='cuda:0')
Index force: tensor([1.0343, 1.0001, 1.0887, 1.0369, 1.0063, 1.0163, 1.0443, 1.0236, 1.0218,
        1.0213, 1.0373], device='cuda:0')
tensor([ 0.0153, -0.0086,  2.4995], device='cuda:0')
tensor([ 0.0825,  0.5773,  0.5777,  0.5710, -0.1956,  0.5624,  0.8841,  0.9762,
         1.3217,  0.1937,  0.3656,  0.9193,  0.0218,  0.0063,  2.4560],
       device='cuda:0')
Likelihood: -115.80706024169922
Solve time for step 3 (global step 2) 7.3477338429074734
Current ori: tensor([0.0209, 0.0070, 2.4553], device='cuda:0')
Middle force: tensor([1.7794, 1.0193, 1.0331, 1.4528, 1.0071, 1.8091, 1.0157, 1.2276, 1.8800,
        1.4098], device='cuda:0')
Thumb force: tensor([2.0033, 1.5962, 1.0238, 1.2234, 1.4311, 1.6821, 1.1336, 1.0360, 1.0178,
        1.4508], device='cuda:0')
Index force: tensor([1.0000, 1.0769, 1.0318, 1.0049, 1.0134, 1.0397, 1.0191, 1.0181, 1.0164,
        1.0325], device='cuda:0')
tensor([0.0241, 0.0033, 2.4556], device='cuda:0')
tensor([ 0.0843,  0.5782,  0.5750,  0.5710, -0.2062,  0.5365,  0.9228,  1.0196,
         1.4016,  0.1099,  0.3634,  0.8256,  0.0186,  0.0220,  2.2897],
       device='cuda:0')
Likelihood: -125.18374633789062
Solve time for step 4 (global step 3) 7.100812445976771
Current ori: tensor([0.0186, 0.0220, 2.2895], device='cuda:0')
Middle force: tensor([1.0137, 1.0230, 1.4028, 1.0042, 1.7595, 1.0107, 1.1923, 1.8267, 1.3648],
       device='cuda:0')
Thumb force: tensor([1.5872, 1.0248, 1.2200, 1.4287, 1.6380, 1.1304, 1.0370, 1.0135, 1.4285],
       device='cuda:0')
Index force: tensor([1.0663, 1.0292, 1.0038, 1.0126, 1.0356, 1.0165, 1.0145, 1.0134, 1.0288],
       device='cuda:0')
tensor([0.0186, 0.0220, 2.2895], device='cuda:0')
tensor([ 0.0843,  0.5713,  0.5781,  0.5831, -0.2376,  0.5550,  0.9288,  1.0197,
         1.3279,  0.2976,  0.3840,  0.7969,  0.0252,  0.0211,  2.2233],
       device='cuda:0')
Likelihood: -131.6263427734375
Solve time for step 5 (global step 4) 6.560518748010509
Current ori: tensor([0.0252, 0.0211, 2.2208], device='cuda:0')
Middle force: tensor([1.0177, 1.3673, 1.0033, 1.7120, 1.0082, 1.1760, 1.7931, 1.3275],
       device='cuda:0')
Thumb force: tensor([1.0246, 1.2184, 1.4087, 1.5981, 1.1191, 1.0361, 1.0092, 1.4079],
       device='cuda:0')
Index force: tensor([1.0232, 1.0027, 1.0099, 1.0321, 1.0134, 1.0109, 1.0104, 1.0247],
       device='cuda:0')
tensor([0.0252, 0.0211, 2.2208], device='cuda:0')
tensor([ 0.0900,  0.5997,  0.5595,  0.5496, -0.2190,  0.5537,  0.9463,  1.0404,
         1.3632,  0.2316,  0.3781,  0.7228,  0.0067,  0.0132,  2.1379],
       device='cuda:0')
Likelihood: -155.4302520751953
Solve time for step 6 (global step 5) 6.206197804072872
Current ori: tensor([0.0068, 0.0130, 2.1375], device='cuda:0')
Middle force: tensor([1.2558, 1.0192, 1.0117, 1.2610, 1.3323, 1.1434, 1.0233],
       device='cuda:0')
Thumb force: tensor([1.0058, 1.0160, 1.0211, 1.0616, 1.0425, 2.1284, 1.1926],
       device='cuda:0')
Index force: tensor([1.0171, 1.0261, 1.0174, 1.0033, 1.0004, 1.0185, 1.0086],
       device='cuda:0')
tensor([0.0068, 0.0130, 2.1375], device='cuda:0')
tensor([ 0.1127,  0.6128,  0.5661,  0.5476, -0.2194,  0.5452,  0.9726,  1.0982,
         1.4061,  0.1764,  0.3793,  0.6186,  0.0138,  0.0027,  1.9697],
       device='cuda:0')
Likelihood: -188.63510131835938
State is out of distribution
Likelihoods: tensor([-2.8841, -3.0193, -3.3017, -3.4123, -3.4456, -3.5041, -3.5332, -3.5433,
        -3.5763, -3.6294, -3.8004, -3.8756, -3.9266, -3.9316, -4.0379, -4.9817],
       device='cuda:0')
Contact modes ['thumb_middle' 'thumb_middle' 'thumb_middle' 'thumb_middle'
 'thumb_middle' 'thumb_middle' 'thumb_middle' 'thumb_middle'
 'thumb_middle' 'thumb_middle' 'thumb_middle' 'thumb_middle'
 'thumb_middle' 'thumb_middle' 'thumb_middle' 'thumb_middle']
Likelihood grouped mean: {'thumb_middle': 0.028502972333363005}
Likelihood grouped sum: {'thumb_middle': 0.4560475573338081}
Contact mode with highest likelihood sum: thumb_middle
Plan time: 1.9428247180767357
Current yaw: tensor([ 0.0078, -0.0038,  1.9796], device='cuda:0')
2 thumb_middle
tensor([ 0.1136,  0.6134,  0.5661,  0.5475, -0.2182,  0.5462,  0.9722,  1.0975,
         1.4068,  0.1762,  0.3792,  0.6186,  0.0045,  0.0161,  1.9647],
       device='cuda:0')
Solve time for step 1 (global step 6) 4.004104130086489
Current ori: tensor([1.3336e-02, 1.4471e-03, 1.9683e+00], device='cuda:0')
Index force: tensor([1.0634, 1.0654, 1.0668], device='cuda:0')
tensor([1.3336e-02, 1.4471e-03, 1.9683e+00], device='cuda:0')
tensor([ 0.1366,  0.6225,  0.5806,  0.5491, -0.3062,  0.5035,  0.8984,  1.0027,
         1.2799,  0.1884,  0.2998,  0.7547,  0.0028, -0.0107,  1.9982],
       device='cuda:0')
Solve time for step 2 (global step 7) 3.7364105849992484
Current ori: tensor([ 0.0026, -0.0110,  1.9976], device='cuda:0')
Index force: tensor([1.0569, 1.0589], device='cuda:0')
tensor([ 0.0026, -0.0110,  1.9976], device='cuda:0')
tensor([ 1.1924e-01,  6.2958e-01,  5.4718e-01,  5.5841e-01, -2.6314e-01,
         5.0346e-01,  9.0088e-01,  9.6914e-01,  1.2430e+00,  1.9517e-01,
         2.9991e-01,  8.5405e-01, -2.6662e-04,  5.3057e-03,  1.9804e+00],
       device='cuda:0')
Solve time for step 3 (global step 8) 3.5775859690038487
Current ori: tensor([-1.1768e-03,  4.7616e-03,  1.9815e+00], device='cuda:0')
Index force: tensor([1.0511], device='cuda:0')
tensor([-1.1768e-03,  4.7616e-03,  1.9815e+00], device='cuda:0')
Current yaw: tensor([ 0.0024, -0.0070,  1.9921], device='cuda:0')
3 turn
Likelihood: -101.82611083984375
Sampling time 3.2392836060607806
tensor([ 0.1340,  0.6352,  0.5610,  0.5410, -0.1257,  0.5361,  0.9310,  0.9958,
         1.2666,  0.2228,  0.3480,  0.8925,  0.0029, -0.0075,  1.9924],
       device='cuda:0')
Solve time for step 1 (global step 9) 8.515406654099934
Current ori: tensor([ 0.0030, -0.0078,  1.9903], device='cuda:0')
Middle force: tensor([1.8120, 2.9877, 2.0766, 0.9830, 1.0169, 1.6458, 1.2708, 0.9977, 1.0161,
        2.7343, 1.0041, 1.0138], device='cuda:0')
Thumb force: tensor([1.0207, 3.4052, 1.0047, 1.0896, 1.3713, 2.2701, 2.0775, 1.6034, 1.0179,
        1.8146, 1.8233, 1.2714], device='cuda:0')
Index force: tensor([1.2169, 1.0731, 1.0049, 1.0101, 1.3087, 0.9960, 0.9520, 1.2847, 1.0683,
        0.9850, 1.0312, 1.0066], device='cuda:0')
tensor([ 1.9706e-03, -8.7649e-03,  1.9908e+00], device='cuda:0')
tensor([ 0.1310,  0.6381,  0.5505,  0.5377, -0.1429,  0.5538,  0.9219,  1.0155,
         1.2073,  0.3569,  0.4226,  0.8013, -0.0059,  0.0023,  1.9620],
       device='cuda:0')
Likelihood: -125.177490234375
Solve time for step 2 (global step 10) 7.959471568930894
Current ori: tensor([-0.0054,  0.0024,  1.9626], device='cuda:0')
Middle force: tensor([2.9041, 2.0316, 1.0103, 1.0115, 1.6160, 1.2370, 1.0010, 1.0127, 2.6958,
        1.0033, 1.0116], device='cuda:0')
Thumb force: tensor([3.3166, 1.0041, 1.0894, 1.3819, 2.2300, 2.0796, 1.6073, 1.0171, 1.7571,
        1.7921, 1.2619], device='cuda:0')
Index force: tensor([1.0655, 1.0042, 1.0088, 1.3005, 1.0025, 1.0236, 1.2809, 1.0628, 1.0094,
        1.0282, 1.0058], device='cuda:0')
tensor([-0.0054,  0.0024,  1.9626], device='cuda:0')
tensor([ 1.3002e-01,  6.4030e-01,  5.5064e-01,  5.3392e-01, -1.4489e-01,
         5.5078e-01,  9.2092e-01,  1.0283e+00,  1.2662e+00,  3.2417e-01,
         4.2057e-01,  7.3537e-01, -1.5058e-02,  1.4973e-03,  1.8877e+00],
       device='cuda:0')
Likelihood: -135.86090087890625
Solve time for step 3 (global step 11) 7.550416167941876
Current ori: tensor([-1.4781e-02, -5.2964e-04,  1.8827e+00], device='cuda:0')
Middle force: tensor([1.4129, 1.0093, 1.0306, 1.0134, 1.0255, 1.0146, 1.0068, 1.0279, 1.0366,
        1.0207], device='cuda:0')
Thumb force: tensor([2.4088, 1.0064, 1.5917, 1.1291, 1.0634, 1.0255, 1.5071, 1.0285, 1.2076,
        1.0083], device='cuda:0')
Index force: tensor([1.0318, 1.0353, 1.0184, 1.0576, 1.0092, 1.0406, 1.0530, 1.0436, 1.0234,
        1.0002], device='cuda:0')
tensor([-1.4529e-02,  6.6065e-04,  1.8823e+00], device='cuda:0')
tensor([ 0.1281,  0.6357,  0.5500,  0.5390, -0.1446,  0.5195,  0.9432,  1.0669,
         1.3079,  0.2908,  0.4150,  0.6693, -0.0089, -0.0048,  1.7742],
       device='cuda:0')
Likelihood: -180.01443481445312
State is out of distribution
Likelihoods: tensor([-2.8308, -3.3428, -3.4493, -3.5187, -3.8547, -3.8736, -3.8816, -3.9464,
        -4.3001, -4.3133, -4.3184, -4.3643, -4.4422, -4.6070, -4.7643, -7.1060],
       device='cuda:0')
Contact modes ['thumb_middle' 'thumb_middle' 'thumb_middle' 'thumb_middle'
 'thumb_middle' 'thumb_middle' 'thumb_middle' 'thumb_middle'
 'thumb_middle' 'thumb_middle' 'thumb_middle' 'thumb_middle'
 'thumb_middle' 'thumb_middle' 'thumb_middle' 'thumb_middle']
Likelihood grouped mean: {'thumb_middle': 0.020107311524473395}
Likelihood grouped sum: {'thumb_middle': 0.3217169843915743}
Contact mode with highest likelihood sum: thumb_middle
Plan time: 1.9010124600026757
Current yaw: tensor([-0.0088, -0.0045,  1.7738], device='cuda:0')
4 thumb_middle
tensor([ 0.1274,  0.6358,  0.5499,  0.5387, -0.1449,  0.5193,  0.9432,  1.0669,
         1.3096,  0.2906,  0.4150,  0.6693, -0.0094, -0.0037,  1.7737],
       device='cuda:0')
Solve time for step 1 (global step 12) 3.8936082479776815
Current ori: tensor([-0.0087, -0.0043,  1.7739], device='cuda:0')
Index force: tensor([1.0532, 1.0508, 1.0525], device='cuda:0')
tensor([-0.0087, -0.0043,  1.7739], device='cuda:0')
tensor([ 1.1923e-01,  6.2220e-01,  5.6028e-01,  5.4059e-01, -1.9804e-01,
         4.7185e-01,  8.9546e-01,  9.9235e-01,  1.2201e+00,  2.9635e-01,
         3.0776e-01,  7.6304e-01, -1.9756e-03, -1.0787e-04,  1.8276e+00],
       device='cuda:0')
Solve time for step 2 (global step 13) 3.721520310966298
Current ori: tensor([-1.7238e-03,  5.1065e-04,  1.8268e+00], device='cuda:0')
Index force: tensor([1.0412, 1.0433], device='cuda:0')
tensor([-1.9841e-03,  7.0590e-04,  1.8262e+00], device='cuda:0')
Apply perturbation now **TO SIDE OF OBJECT**. Press <ENTER> to continuetensor([ 0.1205,  0.6209,  0.5583,  0.5626, -0.1978,  0.4720,  0.8954,  0.9506,
         1.2106,  0.2884,  0.3079,  0.8481, -0.0098, -0.0244,  1.1477],
       device='cuda:0')
Solve time for step 3 (global step 14) 3.486452863086015
Current ori: tensor([-0.0099, -0.0247,  1.1474], device='cuda:0')
Index force: tensor([1.0370], device='cuda:0')
tensor([-0.0099, -0.0247,  1.1474], device='cuda:0')
Current yaw: tensor([-0.0049,  0.0051,  1.1266], device='cuda:0')
5 turn
Likelihood: -83.65646362304688
Sampling time 3.181140327011235
tensor([ 0.0766,  0.5914,  0.5548,  0.5624, -0.1444,  0.5438,  0.9502,  0.9504,
         1.2126,  0.3200,  0.3607,  0.9143, -0.0046,  0.0045,  1.1265],
       device='cuda:0')
Solve time for step 1 (global step 15) 8.329620650038123
Current ori: tensor([-0.0053,  0.0040,  1.1273], device='cuda:0')
Middle force: tensor([1.8435, 3.0766, 1.0553, 1.0521, 0.9983, 0.9720, 1.0117, 1.0862, 1.6191,
        1.0180, 1.7265, 1.0259], device='cuda:0')
Thumb force: tensor([1.0129, 3.4409, 1.5018, 1.9998, 1.0270, 0.9421, 2.4470, 1.5753, 2.3393,
        1.0521, 1.8062, 1.0222], device='cuda:0')
Index force: tensor([1.2311, 1.0629, 1.0087, 1.0424, 1.0221, 1.2020, 0.9853, 0.9961, 0.9819,
        1.0212, 1.0832, 1.1348], device='cuda:0')
tensor([-0.0053,  0.0040,  1.1273], device='cuda:0')
tensor([ 0.0774,  0.6244,  0.5226,  0.5230, -0.1610,  0.5840,  0.9323,  0.9597,
         1.2153,  0.3641,  0.3998,  0.8220, -0.0189,  0.0053,  1.0846],
       device='cuda:0')
Likelihood: -125.13726043701172
Solve time for step 2 (global step 16) 7.720171240041964
Current ori: tensor([-0.0197,  0.0049,  1.0846], device='cuda:0')
Middle force: tensor([2.9028, 2.0892, 1.0415, 1.0004, 1.6631, 1.3856, 1.0078, 1.0168, 2.4810,
        1.0287, 1.0374], device='cuda:0')
Thumb force: tensor([3.2798, 1.0101, 1.3849, 1.0127, 1.4304, 2.0396, 1.1567, 1.0005, 1.6718,
        1.4533, 1.0406], device='cuda:0')
Index force: tensor([1.0800, 1.0124, 1.0480, 1.0091, 1.0148, 1.0372, 1.0996, 1.0341, 1.0218,
        1.0093, 1.0250], device='cuda:0')
tensor([-0.0197,  0.0049,  1.0846], device='cuda:0')
tensor([ 0.0766,  0.6191,  0.5290,  0.5297, -0.1674,  0.5865,  0.9232,  0.9726,
         1.2540,  0.3379,  0.3968,  0.8119, -0.0102,  0.0037,  1.0662],
       device='cuda:0')
Likelihood: -144.2415771484375
Solve time for step 3 (global step 17) 7.253216013079509
Current ori: tensor([-0.0098,  0.0032,  1.0670], device='cuda:0')
Middle force: tensor([1.0100, 1.6358, 1.0284, 1.2517, 1.4334, 1.0223, 1.0449, 1.0059, 1.0092,
        1.0309], device='cuda:0')
Thumb force: tensor([1.0079, 1.0000, 1.0006, 1.7985, 1.0515, 1.4325, 1.0246, 1.0007, 1.0179,
        1.0731], device='cuda:0')
Index force: tensor([1.0017, 1.0187, 1.0132, 1.0279, 1.0328, 1.0402, 1.0171, 1.2500, 1.3603,
        1.4220], device='cuda:0')
tensor([-0.0103,  0.0038,  1.0673], device='cuda:0')
Apply perturbation now **INTO PALM**. Press <ENTER> to continuetensor([ 0.0789,  0.5871,  0.5532,  0.5678, -0.1640,  0.6352,  0.9251,  0.9516,
         1.2699,  0.3138,  0.3305,  0.9139,  0.0308, -0.0087,  0.9900],
       device='cuda:0')
Likelihood: -119.0618896484375
Solve time for step 4 (global step 18) 6.85058950597886
Current ori: tensor([ 0.0303, -0.0084,  0.9900], device='cuda:0')
Middle force: tensor([1.6179, 1.0265, 1.2338, 1.4085, 1.0183, 1.0369, 1.0052, 1.0108, 1.0336],
       device='cuda:0')
Thumb force: tensor([1.0001, 1.0001, 1.7576, 1.0427, 1.4056, 1.0220, 1.0002, 1.0116, 1.0610],
       device='cuda:0')
Index force: tensor([1.0140, 1.0106, 1.0236, 1.0289, 1.0346, 1.0151, 1.2246, 1.3183, 1.3806],
       device='cuda:0')
tensor([ 0.0303, -0.0084,  0.9900], device='cuda:0')
Apply perturbation now **INTO PALM**. Press <ENTER> to continuetensor([ 0.0729,  0.5949,  0.5649,  0.5838, -0.1473,  0.6353,  0.9254,  0.9513,
         1.2878,  0.3183,  0.3274,  0.9346,  0.3444, -0.2011,  0.4693],
       device='cuda:0')
Likelihood: -293.2454833984375
State is out of distribution
