Hardware mode
Datetime: .04.26.25:11:28:04
Config: {'T': 3, 'T_orig': 12, 'receding_horizon': False, 'num_steps': 8, 'num_turns': 1, 'max_recovery_stages': 4, 'num_trials': 10, 'num_episodes': 50, 'visualize': True, 'experiment_name': 'allegro_screwdriver_recovery_model_hardware', 'mode': 'hardware', 'fingers': ['index', 'middle', 'thumb'], 'object_type': 'screwdriver', 'sim_device': 'cpu', 'friction_coefficient': 1.0, 'kp': 3.0, 'heuristic': 1000, 'max_depth': 11, 'goal': '-.5', 'prior': 1, 'multi_particle_search': True, 'replan': False, 'visualize_plan': False, 'visualize_recovery_plan': True, 'visualize_contact_plan': True, 'optimize_force': True, 'exclude_index': False, 'projected': False, 'use_saved_plans': True, 'use_saved_noise': False, 'use_guidance': False, 'sample_contact': False, 'use_partial_constraint': True, 'sine_cosine': True, 'project_state': False, 'compute_recovery_trajectory': False, 'rl_adjustment': False, 'test_recovery_trajectory': False, 'perturb_action': False, 'randomize_obj_start': True, 'external_wrench_perturb': False, 'viz_states': False, 'diff_init': True, 'live_recovery': True, 'new_projection': True, 'trajectory_condition': True, 'generate_context': True, 'true_s0': False, 'task_diffuse_goal': False, 'recovery_diff_traj': True, 'obj_gravity': True, 'type': 'diffusion', 'OOD_metric': 'likelihood', 'recovery_controller': 'csvgd', 'recovery_model_dir': 'data/training/allegro_screwdriver/allegro_screwdriver_recovery_pi_2_low_damping_diffusion', 'model_path': 'data/training/allegro_screwdriver/allegro_screwdriver_recovery_pi_2_low_damping_diffusion/allegro_screwdriver_diffusion.pt', 'model_dir': 'data/training/allegro_screwdriver/allegro_screwdriver_pi_2_diffusion', 'model_path_orig': 'data/training/allegro_screwdriver/allegro_screwdriver_pi_2_diffusion/allegro_screwdriver_diffusion.pt', 'likelihood_threshold': -170.0, 'drop_threshold': -1250, 'project_threshold': -105.0, 'sac_batch_size': 64, 'start_ind': 0, 'end_ind': 50, 'controllers': {'csvgd': {'N': 16, 'alpha_J': 0.01, 'alpha_C': 1, 'step_size': 0.1, 'momentum': 0.0, 'device': 'cuda:0', 'online_iters': 25, 'warmup_iters': 25, 'resample_steps': 16, 'resample_sigma': 0.01, 'resample_temperature': 0.1, 'penalty': 1000000, 'collision_checking': False, 'joint_friction': 0.0}}, 'ee_names': {'index': 'allegro_hand_hitosashi_finger_finger_0_aftc_base_link', 'middle': 'allegro_hand_naka_finger_finger_1_aftc_base_link', 'ring': 'allegro_hand_kusuri_finger_finger_2_aftc_base_link', 'thumb': 'allegro_hand_oya_finger_3_aftc_base_link'}, 'obj_dof': 3}
[ models/temporal ] Channel dimensions: [(37, 128), (128, 256), (256, 512)]
[ models/temporal ] Channel dimensions: [(37, 128), (128, 256), (256, 512)]
[ models/temporal ] Channel dimensions: [(37, 128), (128, 256), (256, 512)]
2048
4 128 4
[ models/temporal ] Channel dimensions: [(37, 128), (128, 256), (256, 512)]
[ models/temporal ] Channel dimensions: [(37, 128), (128, 256), (256, 512)]

Trial 1
No action perturbation this trial
Loaded trajectory sampler
Current yaw: tensor([-0.0411,  0.0464,  0.6262], device='cuda:0')
Ready to pregrasp. Press <ENTER> to continue.tensor([-0.0026,  0.0178,  0.4983], device='cuda:0')
Pregrasp complete. Ready to execute. Press <ENTER> to continue.Current yaw: tensor([-0.0088,  0.0200,  0.5042], device='cuda:0')
1 turn
Likelihood: -80.7357177734375
Sampling time 3.371409262996167
tensor([ 0.0992,  0.5673,  0.6165,  0.5773, -0.0712,  0.5343,  0.8790,  0.8543,
         1.1226,  0.4136,  0.3088,  1.2352, -0.0099,  0.0228,  0.5028],
       device='cuda:0')
Solve time for step 1 (global step 0) 8.378237696946599
Current ori: tensor([-0.0109,  0.0250,  0.5021], device='cuda:0')
Middle force: tensor([0.6182, 0.5119, 1.7421, 0.9963, 0.5618, 0.5022, 2.3722, 0.8192, 0.8821,
        1.3160, 0.5027, 0.8254], device='cuda:0')
Thumb force: tensor([1.5473, 0.5539, 2.5272, 1.8027, 0.8852, 2.2618, 1.8781, 0.8803, 0.6085,
        1.1319, 0.7945, 0.6609], device='cuda:0')
Index force: tensor([0.8222, 1.2320, 0.6516, 0.6116, 1.2591, 0.6030, 1.4095, 0.5091, 0.9066,
        0.6021, 0.5034, 0.7854], device='cuda:0')
tensor([-0.0109,  0.0250,  0.5021], device='cuda:0')
tensor([ 0.1055,  0.5976,  0.5893,  0.5604, -0.0757,  0.5277,  0.8559,  0.9096,
         1.2329,  0.3034,  0.2584,  1.1467, -0.0154,  0.0329,  0.3277],
       device='cuda:0')
Likelihood: -67.20128631591797
Solve time for step 2 (global step 1) 7.809922320069745
Current ori: tensor([-0.0159,  0.0326,  0.3285], device='cuda:0')
Middle force: tensor([0.5040, 1.7432, 0.9957, 0.5501, 0.5020, 2.3177, 0.8117, 0.8747, 1.2885,
        0.5022, 0.8124], device='cuda:0')
Thumb force: tensor([0.5441, 2.4614, 1.7611, 0.8763, 2.2047, 1.8347, 0.8621, 0.5988, 1.1115,
        0.7810, 0.6522], device='cuda:0')
Index force: tensor([1.3454, 0.6539, 0.6115, 1.2472, 0.5983, 1.3813, 0.5085, 0.8938, 0.5957,
        0.5029, 0.7771], device='cuda:0')
tensor([-0.0159,  0.0326,  0.3285], device='cuda:0')
tensor([ 0.1157,  0.6052,  0.5914,  0.5605, -0.0742,  0.5269,  0.8524,  0.9176,
         1.2565,  0.2496,  0.2405,  1.1405, -0.0144,  0.0315,  0.3116],
       device='cuda:0')
Likelihood: -59.8328857421875
Solve time for step 3 (global step 2) 7.35285024298355
Current ori: tensor([-0.0142,  0.0336,  0.3112], device='cuda:0')
Middle force: tensor([1.7463, 1.0026, 0.5430, 0.5017, 2.2646, 0.8022, 0.8596, 1.2646, 0.5018,
        0.7988], device='cuda:0')
Thumb force: tensor([2.3811, 1.7172, 0.8613, 2.1472, 1.7898, 0.8456, 0.5945, 1.0878, 0.7691,
        0.6468], device='cuda:0')
Index force: tensor([0.6551, 0.6124, 1.2406, 0.5934, 1.3495, 0.5077, 0.8797, 0.5898, 0.5024,
        0.7665], device='cuda:0')
tensor([-0.0128,  0.0308,  0.3121], device='cuda:0')
tensor([ 0.1182,  0.6228,  0.5767,  0.5505, -0.0766,  0.4931,  0.8705,  0.9762,
         1.3211,  0.1923,  0.2677,  0.9970, -0.0097,  0.0434,  0.0755],
       device='cuda:0')
Likelihood: -122.27723693847656
Solve time for step 4 (global step 3) 6.901974939042702
Current ori: tensor([-0.0097,  0.0437,  0.0763], device='cuda:0')
Middle force: tensor([1.0212, 0.5338, 0.5014, 2.2081, 0.7897, 0.8416, 1.2349, 0.5013, 0.7807],
       device='cuda:0')
Thumb force: tensor([1.6628, 0.8532, 2.0897, 1.7483, 0.8285, 0.5900, 1.0651, 0.7580, 0.6464],
       device='cuda:0')
Index force: tensor([0.6267, 1.2396, 0.5908, 1.3202, 0.5066, 0.8662, 0.5839, 0.5019, 0.7528],
       device='cuda:0')
tensor([-0.0097,  0.0437,  0.0763], device='cuda:0')
tensor([ 0.1199,  0.6319,  0.5619,  0.5484, -0.0800,  0.4812,  0.8741,  1.0050,
         1.3315,  0.1845,  0.2791,  0.9303, -0.0134,  0.0432, -0.0132],
       device='cuda:0')
Likelihood: -128.8533172607422
Solve time for step 5 (global step 4) 6.308293367968872
Current ori: tensor([-0.0119,  0.0454, -0.0140], device='cuda:0')
Middle force: tensor([0.5227, 0.5013, 2.1694, 0.7821, 0.8328, 1.2093, 0.5009, 0.7700],
       device='cuda:0')
Thumb force: tensor([0.8198, 2.0381, 1.7114, 0.8093, 0.5832, 1.0401, 0.7449, 0.6390],
       device='cuda:0')
Index force: tensor([1.3076, 0.5869, 1.2802, 0.5059, 0.8506, 0.5786, 0.5013, 0.7410],
       device='cuda:0')
tensor([-0.0119,  0.0454, -0.0140], device='cuda:0')
tensor([ 0.1311,  0.6434,  0.5612,  0.5485, -0.0785,  0.4812,  0.8755,  1.0083,
         1.3272,  0.1843,  0.2783,  0.9304, -0.0111,  0.0405, -0.0151],
       device='cuda:0')
Likelihood: -128.29718017578125
Solve time for step 6 (global step 5) 6.0029178040567786
Current ori: tensor([-0.0090,  0.0415, -0.0189], device='cuda:0')
Middle force: tensor([0.5013, 2.1367, 0.7779, 0.8244, 1.1885, 0.5007, 0.7593],
       device='cuda:0')
Thumb force: tensor([1.9733, 1.6779, 0.7932, 0.5792, 1.0178, 0.7342, 0.6342],
       device='cuda:0')
Index force: tensor([0.5920, 1.2441, 0.5057, 0.8362, 0.5743, 0.5010, 0.7302],
       device='cuda:0')
tensor([-0.0090,  0.0415, -0.0189], device='cuda:0')
tensor([ 0.1316,  0.6481,  0.5515,  0.5456, -0.0793,  0.4771,  0.8746,  1.0142,
         1.3318,  0.1879,  0.2918,  0.8982, -0.0177,  0.0461, -0.0506],
       device='cuda:0')
Likelihood: -129.6643829345703
Solve time for step 7 (global step 6) 5.742419522954151
Current ori: tensor([-0.0181,  0.0469, -0.0503], device='cuda:0')
Middle force: tensor([2.0938, 0.7730, 0.8185, 1.1618, 0.5004, 0.7487], device='cuda:0')
Thumb force: tensor([1.6229, 0.7758, 0.5722, 0.9974, 0.7204, 0.6258], device='cuda:0')
Index force: tensor([1.2510, 0.5057, 0.8244, 0.5711, 0.5007, 0.7202], device='cuda:0')
tensor([-0.0189,  0.0452, -0.0505], device='cuda:0')
tensor([ 0.1326,  0.6580,  0.5475,  0.5329, -0.0685,  0.4440,  0.9085,  1.0742,
         1.3382,  0.2077,  0.3249,  0.7709, -0.0155,  0.0356, -0.2501],
       device='cuda:0')
Likelihood: -177.0352783203125
State is out of distribution
Likelihoods: tensor([-3.2297, -3.2773, -3.3251, -3.4072, -3.4580, -3.5005, -3.5374, -3.5790,
        -3.6942, -3.7492, -3.8901, -3.8950, -3.9806, -4.1763, -4.6162, -6.5608],
       device='cuda:0')
Contact modes ['thumb_middle' 'thumb_middle' 'thumb_middle' 'thumb_middle'
 'thumb_middle' 'thumb_middle' 'thumb_middle' 'thumb_middle'
 'thumb_middle' 'thumb_middle' 'thumb_middle' 'thumb_middle'
 'thumb_middle' 'thumb_middle' 'thumb_middle' 'thumb_middle']
Likelihood grouped mean: {'thumb_middle': 0.02497455097695426}
Likelihood grouped sum: {'thumb_middle': 0.39959281563126814}
Contact mode with highest likelihood sum: thumb_middle
Plan time: 2.0104922999162227
Current yaw: tensor([-0.0157,  0.0363, -0.2511], device='cuda:0')
2 thumb_middle
tensor([ 0.1325,  0.6580,  0.5477,  0.5328, -0.0663,  0.4439,  0.9087,  1.0741,
         1.3384,  0.2078,  0.3248,  0.7708, -0.0157,  0.0355, -0.2510],
       device='cuda:0')
Solve time for step 1 (global step 7) 3.9274962809868157
Current ori: tensor([-0.0158,  0.0350, -0.2514], device='cuda:0')
Index force: tensor([0.6831, 0.5443, 0.5490], device='cuda:0')
tensor([-0.0158,  0.0350, -0.2514], device='cuda:0')
tensor([ 0.1730,  0.6581,  0.5875,  0.5402, -0.1893,  0.4447,  0.8778,  0.9815,
         1.2772,  0.2152,  0.2128,  0.8913, -0.0169,  0.0055, -0.1064],
       device='cuda:0')
Solve time for step 2 (global step 8) 3.643130768905394
Current ori: tensor([-0.0166,  0.0074, -0.1097], device='cuda:0')
Index force: tensor([0.5175, 0.5216], device='cuda:0')
tensor([-0.0166,  0.0074, -0.1097], device='cuda:0')
tensor([ 0.1726,  0.6952,  0.5467,  0.5339, -0.1897,  0.4764,  0.8776,  0.9145,
         1.2767,  0.2152,  0.2086,  0.9117, -0.0258,  0.0040, -0.1026],
       device='cuda:0')
Solve time for step 3 (global step 9) 3.353310955921188
Current ori: tensor([-0.0255,  0.0052, -0.1010], device='cuda:0')
Index force: tensor([0.5213], device='cuda:0')
tensor([-0.0255,  0.0052, -0.1010], device='cuda:0')
Current yaw: tensor([-0.0311,  0.0148, -0.0594], device='cuda:0')
3 turn
Likelihood: -111.37445831298828
Sampling time 3.37923054699786
tensor([ 0.1718,  0.7207,  0.5018,  0.5371, -0.0998,  0.5678,  0.9099,  0.9000,
         1.2996,  0.2255,  0.2394,  0.9337, -0.0287,  0.0233, -0.0573],
       device='cuda:0')
Solve time for step 1 (global step 10) 8.589438611990772
Current ori: tensor([-0.0283,  0.0219, -0.0576], device='cuda:0')
Middle force: tensor([1.0479, 0.8116, 0.9612, 0.5240, 0.5309, 0.5000, 1.2710, 0.6480, 1.0823,
        0.5317, 0.7302, 1.0041], device='cuda:0')
Thumb force: tensor([0.6434, 1.0246, 1.2461, 0.7568, 2.0256, 0.9142, 0.5634, 2.0423, 0.8974,
        1.6054, 1.4980, 1.7835], device='cuda:0')
Index force: tensor([0.6907, 0.6290, 0.8511, 0.8819, 0.5886, 0.7149, 0.5550, 0.5051, 0.5715,
        0.8131, 0.7620, 0.5222], device='cuda:0')
tensor([-0.0283,  0.0219, -0.0576], device='cuda:0')
tensor([ 0.1725,  0.7210,  0.5241,  0.4938, -0.1026,  0.5786,  0.8906,  0.9302,
         1.3171,  0.2119,  0.2429,  0.8885, -0.0352,  0.0180, -0.1008],
       device='cuda:0')
Likelihood: -122.4861068725586
Solve time for step 2 (global step 11) 7.918178031919524
Current ori: tensor([-0.0359,  0.0185, -0.1008], device='cuda:0')
Middle force: tensor([1.1518, 1.0987, 1.3360, 2.3621, 1.4541, 2.0184, 1.6007, 1.0030, 0.8353,
        0.5014, 0.8620], device='cuda:0')
Thumb force: tensor([0.9116, 1.2601, 2.8645, 1.6328, 1.3990, 2.6985, 1.1988, 1.2298, 1.0529,
        1.0402, 1.0219], device='cuda:0')
Index force: tensor([0.7396, 0.7520, 0.8672, 1.4922, 0.6425, 0.8138, 0.5716, 1.1941, 0.8975,
        1.0634, 0.5461], device='cuda:0')
tensor([-0.0359,  0.0185, -0.1008], device='cuda:0')
tensor([ 0.1721,  0.7213,  0.5200,  0.4952, -0.1024,  0.5764,  0.8877,  0.9441,
         1.3153,  0.2129,  0.2708,  0.8439, -0.0367,  0.0162, -0.1262],
       device='cuda:0')
Likelihood: -134.12033081054688
Solve time for step 3 (global step 12) 7.393253050977364
Current ori: tensor([-0.0364,  0.0200, -0.1225], device='cuda:0')
Middle force: tensor([0.7766, 0.7398, 0.8290, 0.9774, 0.6165, 0.8694, 0.5907, 0.6567, 0.5284,
        0.8574], device='cuda:0')
Thumb force: tensor([0.6384, 0.5405, 2.9780, 1.0325, 0.8612, 0.7301, 0.8496, 0.5808, 0.6222,
        0.8328], device='cuda:0')
Index force: tensor([0.8611, 1.0094, 1.5770, 0.7181, 0.7224, 0.5153, 0.6201, 0.5689, 0.6299,
        0.5205], device='cuda:0')
tensor([-0.0273,  0.0243, -0.1258], device='cuda:0')
tensor([ 0.1719,  0.7521,  0.4980,  0.4523, -0.1029,  0.5720,  0.8875,  0.9652,
         1.3127,  0.2525,  0.3261,  0.6998, -0.0334,  0.0187, -0.2092],
       device='cuda:0')
Likelihood: -137.01498413085938
Solve time for step 4 (global step 13) 6.9299289849586785
Current ori: tensor([-0.0384,  0.0063, -0.2116], device='cuda:0')
Middle force: tensor([0.7412, 0.8253, 0.9610, 0.6032, 0.8527, 0.5774, 0.6446, 0.5221, 0.8307],
       device='cuda:0')
Thumb force: tensor([0.5312, 2.8100, 0.9889, 0.8271, 0.7064, 0.8077, 0.5624, 0.6083, 0.8115],
       device='cuda:0')
Index force: tensor([0.9841, 1.5260, 0.7092, 0.7108, 0.5122, 0.6117, 0.5612, 0.6197, 0.5180],
       device='cuda:0')
tensor([-0.0384,  0.0063, -0.2116], device='cuda:0')
tensor([ 0.1720,  0.7733,  0.4757,  0.4224, -0.1027,  0.5603,  0.9009,  0.9757,
         1.3797,  0.1392,  0.3252,  0.6186, -0.0383,  0.0069, -0.2916],
       device='cuda:0')
Likelihood: -167.34353637695312
Solve time for step 5 (global step 14) 6.4886095999972895
Current ori: tensor([-0.0389,  0.0068, -0.2910], device='cuda:0')
Middle force: tensor([0.5008, 0.7009, 1.3941, 1.0193, 0.5155, 1.9097, 0.8548, 0.7837],
       device='cuda:0')
Thumb force: tensor([0.9798, 0.9335, 1.5608, 0.8217, 0.5113, 1.2352, 1.1754, 0.7787],
       device='cuda:0')
Index force: tensor([0.7260, 0.5885, 0.6891, 0.5054, 0.5234, 0.7205, 0.5025, 0.7016],
       device='cuda:0')
tensor([-0.0389,  0.0068, -0.2910], device='cuda:0')
tensor([ 0.1722,  0.7826,  0.4628,  0.4150, -0.1037,  0.5603,  0.9096,  0.9666,
         1.3499,  0.2059,  0.3515,  0.5745, -0.0400,  0.0093, -0.3029],
       device='cuda:0')
Likelihood: -172.75860595703125
State is out of distribution
Likelihoods: tensor([-3.1162, -3.2185, -3.3655, -3.5026, -3.5836, -3.7783, -3.8652, -3.9810,
        -4.1499, -4.1691, -4.2020, -4.2577, -4.2974, -4.5631, -4.5851, -4.8243],
       device='cuda:0')
Contact modes ['thumb_middle' 'thumb_middle' 'thumb_middle' 'thumb_middle'
 'thumb_middle' 'thumb_middle' 'thumb_middle' 'thumb_middle'
 'thumb_middle' 'thumb_middle' 'thumb_middle' 'thumb_middle'
 'thumb_middle' 'thumb_middle' 'thumb_middle' 'thumb_middle']
Likelihood grouped mean: {'thumb_middle': 0.021368118438141924}
Likelihood grouped sum: {'thumb_middle': 0.3418898950102708}
Contact mode with highest likelihood sum: thumb_middle
Plan time: 1.9722148400032893
Current yaw: tensor([-0.0408,  0.0155, -0.2968], device='cuda:0')
4 thumb_middle
tensor([ 0.1722,  0.7827,  0.4626,  0.4154, -0.1037,  0.5603,  0.9101,  0.9666,
         1.3500,  0.2065,  0.3517,  0.5745, -0.0401,  0.0073, -0.3036],
       device='cuda:0')
Solve time for step 1 (global step 15) 4.040618953993544
Current ori: tensor([-0.0387,  0.0109, -0.3038], device='cuda:0')
Index force: tensor([0.5405, 0.5381, 0.5558], device='cuda:0')
tensor([-0.0387,  0.0109, -0.3038], device='cuda:0')
tensor([ 0.1828,  0.7573,  0.4991,  0.4736, -0.1816,  0.4871,  0.8817,  0.9175,
         1.2886,  0.2349,  0.2460,  0.7635, -0.0314, -0.0029, -0.1976],
       device='cuda:0')
Solve time for step 2 (global step 16) 3.7244774859864265
Current ori: tensor([-0.0331, -0.0061, -0.1970], device='cuda:0')
Index force: tensor([0.5155, 0.5287], device='cuda:0')
tensor([-0.0331, -0.0061, -0.1970], device='cuda:0')
tensor([ 0.1829,  0.7408,  0.5113,  0.4955, -0.1817,  0.4872,  0.8858,  0.8931,
         1.2883,  0.2326,  0.2381,  0.8439, -0.0278, -0.0068, -0.1865],
       device='cuda:0')
Solve time for step 3 (global step 17) 3.48466959502548
Current ori: tensor([-0.0286, -0.0068, -0.1850], device='cuda:0')
Index force: tensor([0.5254], device='cuda:0')
tensor([-0.0286, -0.0068, -0.1850], device='cuda:0')
Current yaw: tensor([-0.0321,  0.0265, -0.1063], device='cuda:0')
5 turn
Likelihood: -136.4402618408203
Sampling time 3.2351244760211557
tensor([ 0.1788,  0.7575,  0.4900,  0.4783, -0.1312,  0.5336,  0.9570,  0.9365,
         1.3022,  0.2345,  0.2743,  0.8605, -0.0388,  0.0259, -0.1030],
       device='cuda:0')
Solve time for step 1 (global step 18) 8.374994148034602
Current ori: tensor([-0.0303,  0.0274, -0.1042], device='cuda:0')
Middle force: tensor([0.5135, 0.6689, 1.0003, 1.0370, 0.5121, 0.6232, 1.1550, 1.4491, 0.7961,
        1.2591, 0.5329, 1.7589], device='cuda:0')
Thumb force: tensor([0.7494, 1.0592, 0.6020, 1.0944, 1.8638, 1.3637, 0.9543, 0.7268, 0.6082,
        1.1909, 0.5185, 1.7481], device='cuda:0')
Index force: tensor([0.7328, 0.5769, 0.9821, 0.6147, 1.6184, 0.9515, 0.9347, 0.8055, 0.5803,
        0.5566, 0.5784, 0.5611], device='cuda:0')
tensor([-0.0303,  0.0274, -0.1042], device='cuda:0')
tensor([ 0.1784,  0.7576,  0.4899,  0.4755, -0.1337,  0.5341,  0.9355,  0.9712,
         1.3417,  0.2045,  0.2939,  0.8014, -0.0230,  0.0349, -0.1563],
       device='cuda:0')
Likelihood: -146.41995239257812
Solve time for step 2 (global step 19) 7.780722624971531
Current ori: tensor([ 0.0337,  0.0103, -0.4921], device='cuda:0')
Middle force: tensor([0.5076, 1.0257, 0.5927, 1.7986, 2.6651, 0.8936, 0.6001, 0.5145, 0.7438,
        0.9548, 0.6408], device='cuda:0')
Thumb force: tensor([0.7754, 0.8142, 1.3689, 0.7583, 1.8585, 1.3906, 2.2053, 0.5037, 0.6080,
        1.4838, 0.8150], device='cuda:0')
Index force: tensor([0.8297, 0.9112, 1.1936, 1.0982, 0.9701, 0.5815, 0.5004, 0.8206, 0.5482,
        0.7362, 0.6234], device='cuda:0')
tensor([ 0.0337,  0.0103, -0.4921], device='cuda:0')
tensor([ 0.1787,  0.7618,  0.4767,  0.4800, -0.1329,  0.5381,  0.9255,  0.9914,
         1.3452,  0.1939,  0.2957,  0.7992,  0.0320,  0.0107, -0.5028],
       device='cuda:0')
Likelihood: -161.13880920410156
Solve time for step 3 (global step 20) 7.416433913051151
Current ori: tensor([ 0.0321,  0.0114, -0.5020], device='cuda:0')
Middle force: tensor([0.6587, 0.5039, 0.8822, 1.3021, 0.6271, 1.9697, 0.5130, 0.5110, 0.7093,
        1.2114], device='cuda:0')
Thumb force: tensor([2.2659, 0.5071, 1.6266, 1.4560, 1.2088, 1.1383, 0.7173, 1.1584, 0.6492,
        0.7369], device='cuda:0')
Index force: tensor([0.6477, 0.7664, 0.9526, 0.8538, 0.7330, 0.7363, 0.6488, 1.0100, 0.6411,
        0.7603], device='cuda:0')
tensor([ 0.0321,  0.0114, -0.5020], device='cuda:0')
tensor([ 0.1778,  0.7568,  0.4750,  0.5176, -0.1362,  0.5542,  0.8862,  0.9960,
         1.3326,  0.2252,  0.2937,  0.8470,  0.0373,  0.0231, -0.4063],
       device='cuda:0')
Likelihood: -146.02047729492188
Solve time for step 4 (global step 21) 6.920200512977317
Current ori: tensor([ 0.0378,  0.0229, -0.4072], device='cuda:0')
Middle force: tensor([0.5030, 0.8583, 1.2634, 0.6167, 1.9193, 0.5116, 0.5102, 0.7034, 1.1889],
       device='cuda:0')
Thumb force: tensor([0.5057, 1.6024, 1.4276, 1.1831, 1.1043, 0.7093, 1.1273, 0.6353, 0.7211],
       device='cuda:0')
Index force: tensor([0.7651, 0.9218, 0.8355, 0.7219, 0.7290, 0.6421, 0.9941, 0.6349, 0.7494],
       device='cuda:0')
tensor([ 0.0378,  0.0229, -0.4072], device='cuda:0')
tensor([ 0.1811,  0.7573,  0.4752,  0.5177, -0.1342,  0.5703,  0.8734,  0.9985,
         1.3266,  0.2361,  0.2869,  0.8541,  0.0377,  0.0197, -0.3883],
       device='cuda:0')
Likelihood: -135.614990234375
Solve time for step 5 (global step 22) 6.438709322945215
Current ori: tensor([ 0.0376,  0.0209, -0.3893], device='cuda:0')
Middle force: tensor([0.6528, 1.4835, 1.4857, 1.3964, 0.5050, 1.0894, 0.7339, 0.5186],
       device='cuda:0')
Thumb force: tensor([1.5252, 1.7154, 1.7819, 1.1558, 0.5299, 0.9944, 0.7656, 0.9768],
       device='cuda:0')
Index force: tensor([0.7290, 0.5975, 0.7286, 0.5782, 0.6759, 0.5293, 0.5517, 0.8342],
       device='cuda:0')
tensor([ 0.0376,  0.0209, -0.3893], device='cuda:0')
tensor([ 0.1841,  0.7573,  0.4867,  0.5082, -0.1344,  0.5615,  0.8860,  1.0150,
         1.2405,  0.4203,  0.3537,  0.7865,  0.0477,  0.0197, -0.4637],
       device='cuda:0')
Likelihood: -141.18255615234375
Solve time for step 6 (global step 23) 6.023773881024681
Current ori: tensor([ 0.0443,  0.0154, -0.4548], device='cuda:0')
Middle force: tensor([1.4434, 1.4447, 1.3630, 0.5047, 1.0715, 0.7230, 0.5174],
       device='cuda:0')
Thumb force: tensor([1.6542, 1.7396, 1.1280, 0.5227, 0.9660, 0.7504, 0.9436],
       device='cuda:0')
Index force: tensor([0.5999, 0.7215, 0.5752, 0.6792, 0.5269, 0.5478, 0.8225],
       device='cuda:0')
tensor([ 0.0443,  0.0154, -0.4548], device='cuda:0')
tensor([ 0.1846,  0.7576,  0.4873,  0.4932, -0.1362,  0.5439,  0.8947,  1.0523,
         1.2881,  0.3621,  0.3492,  0.7408,  0.0383,  0.0108, -0.5474],
       device='cuda:0')
Likelihood: -143.5159912109375
Solve time for step 7 (global step 24) 5.738708074088208
Current ori: tensor([ 0.0383,  0.0112, -0.5480], device='cuda:0')
Middle force: tensor([0.5007, 0.6773, 0.8260, 1.4031, 0.7122, 0.6574], device='cuda:0')
Thumb force: tensor([0.8646, 1.1354, 1.4504, 0.9736, 1.0556, 1.1091], device='cuda:0')
Index force: tensor([0.7517, 0.6517, 0.5107, 0.7877, 0.7275, 0.6664], device='cuda:0')
tensor([ 0.0383,  0.0112, -0.5480], device='cuda:0')
tensor([ 0.1839,  0.7620,  0.4877,  0.4727, -0.1341,  0.5426,  0.8960,  1.0489,
         1.2978,  0.3383,  0.3407,  0.7407,  0.0365,  0.0107, -0.5565],
       device='cuda:0')
Likelihood: -155.42306518554688
Solve time for step 8 (global step 25) 5.42712492600549
Current ori: tensor([ 0.0366,  0.0100, -0.5559], device='cuda:0')
Middle force: tensor([0.6695, 0.8140, 1.3770, 0.7086, 0.6506], device='cuda:0')
Thumb force: tensor([1.0918, 1.4147, 0.9488, 1.0250, 1.0857], device='cuda:0')
Index force: tensor([0.6516, 0.5104, 0.7789, 0.7208, 0.6582], device='cuda:0')
tensor([ 0.0366,  0.0100, -0.5559], device='cuda:0')
tensor([ 0.1832,  0.7642,  0.4879,  0.4424, -0.1369,  0.5290,  0.9011,  1.0784,
         1.3514,  0.2528,  0.3298,  0.7027,  0.0404,  0.0110, -0.6137],
       device='cuda:0')
Likelihood: -178.96502685546875
State is out of distribution
Likelihoods: tensor([-3.5233, -3.6283, -3.7977, -3.8525, -4.0436, -4.3072, -4.3732, -4.5294,
        -4.6524, -4.7306, -4.8066, -4.8122, -4.8275, -4.8876, -4.9677, -5.1312],
       device='cuda:0')
Contact modes ['thumb_middle' 'thumb_middle' 'thumb_middle' 'thumb_middle'
 'thumb_middle' 'thumb_middle' 'thumb_middle' 'thumb_middle'
 'thumb_middle' 'thumb_middle' 'thumb_middle' 'thumb_middle'
 'thumb_middle' 'thumb_middle' 'thumb_middle' 'thumb_middle']
Likelihood grouped mean: {'thumb_middle': 0.013574588152440161}
Likelihood grouped sum: {'thumb_middle': 0.21719341043904258}
Contact mode with highest likelihood sum: thumb_middle
Plan time: 1.9167895389255136
Current yaw: tensor([ 0.0416,  0.0124, -0.6124], device='cuda:0')
6 thumb_middle
tensor([ 0.1834,  0.7641,  0.4877,  0.4423, -0.1367,  0.5290,  0.9013,  1.0783,
         1.3514,  0.2524,  0.3299,  0.7027,  0.0421,  0.0132, -0.6124],
       device='cuda:0')
Solve time for step 1 (global step 26) 4.069561609998345
Current ori: tensor([ 0.0418,  0.0129, -0.6123], device='cuda:0')
Index force: tensor([0.5611, 0.5380, 0.5502], device='cuda:0')
tensor([ 0.0418,  0.0129, -0.6123], device='cuda:0')
tensor([ 0.1846,  0.7642,  0.4876,  0.4450, -0.1975,  0.4705,  0.8717,  0.9760,
         1.3015,  0.2556,  0.2402,  0.8245,  0.0380,  0.0070, -0.5948],
       device='cuda:0')
Solve time for step 2 (global step 27) 3.7310548200039193
Current ori: tensor([ 0.0369,  0.0046, -0.5947], device='cuda:0')
Index force: tensor([0.5314, 0.5304], device='cuda:0')
tensor([ 0.0369,  0.0046, -0.5947], device='cuda:0')
tensor([ 0.1852,  0.7881,  0.4522,  0.4455, -0.1975,  0.4706,  0.8715,  0.9150,
         1.2384,  0.2767,  0.2403,  0.9358,  0.0349,  0.0036, -0.6044],
       device='cuda:0')
Solve time for step 3 (global step 28) 3.504510103026405
Current ori: tensor([ 0.0351,  0.0040, -0.6043], device='cuda:0')
Index force: tensor([0.5415], device='cuda:0')
tensor([ 0.0351,  0.0040, -0.6043], device='cuda:0')
Current yaw: tensor([ 0.0356,  0.0148, -0.5869], device='cuda:0')
7 turn
Likelihood: -140.38905334472656
Sampling time 3.4081691700266674
tensor([ 0.1852,  0.7885,  0.4520,  0.4211, -0.1402,  0.5451,  0.9345,  0.9018,
         1.2336,  0.3537,  0.2884,  0.9986,  0.0373,  0.0139, -0.5902],
       device='cuda:0')
Solve time for step 1 (global step 29) 8.413891350035556
Current ori: tensor([ 0.0375,  0.0136, -0.5901], device='cuda:0')
Middle force: tensor([0.5898, 0.9516, 0.5727, 1.7174, 0.5073, 1.0485, 0.8301, 0.6763, 0.5272,
        0.9778, 0.8745, 0.9313], device='cuda:0')
Thumb force: tensor([0.5529, 1.8682, 1.1957, 1.6405, 0.6873, 2.0031, 1.6244, 0.6564, 1.3436,
        0.8069, 0.5485, 1.1180], device='cuda:0')
Index force: tensor([0.5634, 0.5658, 0.7461, 0.5668, 0.7831, 1.0853, 0.5345, 0.7334, 0.5398,
        0.5226, 0.6300, 0.6332], device='cuda:0')
tensor([ 0.0375,  0.0136, -0.5901], device='cuda:0')
tensor([ 0.1759,  0.7926,  0.4186,  0.4758, -0.1422,  0.5457,  0.9115,  0.9592,
         1.2428,  0.3559,  0.3132,  0.9192,  0.0393,  0.0082, -0.6601],
       device='cuda:0')
Likelihood: -133.99632263183594
Solve time for step 2 (global step 30) 7.877008329029195
Current ori: tensor([ 0.0394,  0.0088, -0.6603], device='cuda:0')
Middle force: tensor([1.4476, 0.5915, 0.7557, 0.5084, 1.6055, 1.2906, 0.7042, 0.6500, 0.5518,
        0.5150, 0.5832], device='cuda:0')
Thumb force: tensor([2.2791, 2.1041, 1.0832, 1.1081, 2.4734, 1.6680, 0.6352, 0.6949, 0.6405,
        0.5584, 0.9049], device='cuda:0')
Index force: tensor([0.5919, 0.5771, 0.6759, 1.4463, 0.5783, 0.8617, 0.5379, 0.8199, 0.7362,
        0.7110, 0.5414], device='cuda:0')
tensor([ 0.0392,  0.0092, -0.6601], device='cuda:0')
tensor([ 0.1679,  0.8154,  0.4036,  0.3862, -0.1438,  0.5436,  0.8980,  0.9947,
         1.2799,  0.3388,  0.3409,  0.8027,  0.0239,  0.0263, -0.7959],
       device='cuda:0')
Likelihood: -150.07957458496094
Solve time for step 3 (global step 31) 7.304616488050669
Current ori: tensor([ 0.0234,  0.0265, -0.7971], device='cuda:0')
Middle force: tensor([1.3736, 1.2941, 0.8485, 0.5155, 1.0001, 0.8695, 0.6782, 1.1783, 0.7382,
        1.2753], device='cuda:0')
Thumb force: tensor([1.2321, 1.4138, 0.5360, 0.4993, 1.0362, 1.5865, 1.3363, 1.4374, 0.5341,
        0.5250], device='cuda:0')
Index force: tensor([0.7728, 0.7628, 0.8070, 0.7550, 0.5018, 0.5203, 0.5587, 0.6933, 0.5278,
        0.6429], device='cuda:0')
tensor([ 0.0235,  0.0271, -0.7969], device='cuda:0')
tensor([ 0.1685,  0.8153,  0.4038,  0.4207, -0.1442,  0.5709,  0.8741,  0.9875,
         1.2865,  0.3244,  0.3237,  0.8183,  0.0197,  0.0237, -0.7603],
       device='cuda:0')
Likelihood: -155.04693603515625
Solve time for step 4 (global step 32) 6.950875962967984
Current ori: tensor([ 0.0204,  0.0246, -0.7597], device='cuda:0')
Middle force: tensor([0.5183, 0.6598, 0.8911, 0.6608, 1.0804, 0.6819, 1.1767, 1.2194, 0.5172],
       device='cuda:0')
Thumb force: tensor([1.6132, 1.5964, 1.3444, 1.1404, 1.9258, 0.6729, 0.6928, 1.3241, 0.6126],
       device='cuda:0')
Index force: tensor([0.6634, 0.7331, 1.1063, 0.7045, 0.9226, 0.5198, 0.7221, 0.6817, 0.5313],
       device='cuda:0')
tensor([ 0.0204,  0.0246, -0.7597], device='cuda:0')
tensor([ 0.1750,  0.8081,  0.4281,  0.4170, -0.1418,  0.5383,  0.9083,  1.0253,
         1.2668,  0.3857,  0.3518,  0.7514,  0.0200,  0.0215, -0.8831],
       device='cuda:0')
Likelihood: -164.4754180908203
Solve time for step 5 (global step 33) 6.3326828620629385
Current ori: tensor([ 0.0376,  0.0182, -0.9770], device='cuda:0')
Middle force: tensor([0.7016, 1.5559, 1.2842, 0.5874, 1.4298, 1.0156, 0.6621, 0.9226],
       device='cuda:0')
Thumb force: tensor([1.2769, 3.2724, 1.0359, 0.6606, 1.0342, 1.6738, 0.9800, 0.9254],
       device='cuda:0')
Index force: tensor([0.6770, 0.8868, 0.6328, 0.7385, 0.9621, 0.5044, 0.5949, 0.5272],
       device='cuda:0')
tensor([ 0.0376,  0.0182, -0.9770], device='cuda:0')
tensor([ 0.2976,  0.8846,  0.5197,  0.3473, -0.1464,  0.5153,  0.9361,  1.0255,
         1.3520,  0.2409,  0.3321,  0.7274,  0.0361,  0.0289, -1.0177],
       device='cuda:0')
Likelihood: -226.14443969726562
State is out of distribution
Likelihoods: tensor([-3.6342, -5.2586, -5.5348, -5.5740, -5.6751, -5.9096, -5.9146, -5.9272,
        -6.0068, -6.1065, -6.1986, -6.2983, -6.3220, -6.4077, -6.4812, -6.6110],
       device='cuda:0')
Contact modes ['index' 'thumb_middle' 'thumb_middle' 'thumb_middle' 'thumb_middle'
 'thumb_middle' 'thumb_middle' 'thumb_middle' 'thumb_middle'
 'thumb_middle' 'thumb_middle' 'thumb_middle' 'thumb_middle'
 'thumb_middle' 'thumb_middle' 'thumb_middle']
Likelihood grouped mean: {'index': 0.02640616176056876, 'thumb_middle': 0.0026225680061206327}
Likelihood grouped sum: {'index': 0.02640616176056876, 'thumb_middle': 0.03933852009180949}
Contact mode with highest likelihood sum: thumb_middle
Plan time: 1.8552204120205715
Current yaw: tensor([ 0.0565,  0.0635, -0.9961], device='cuda:0')
8 thumb_middle
tensor([ 0.2445,  0.8430,  0.5100,  0.3391, -0.2196,  0.5043,  0.9359,  1.0265,
         1.3844,  0.2339,  0.3528,  0.7276,  0.0518,  0.0683, -1.0000],
       device='cuda:0')
Solve time for step 1 (global step 34) 3.9900248820194975
Current ori: tensor([ 0.0538,  0.0629, -0.9965], device='cuda:0')
Index force: tensor([0.7244, 0.5628, 0.5430], device='cuda:0')
tensor([ 0.0539,  0.0628, -0.9961], device='cuda:0')
tensor([ 0.2509,  0.8827,  0.5623,  0.0584, -0.2854,  0.5014,  0.8918,  0.9649,
         1.2542,  0.2314,  0.2464,  0.8598,  0.0591,  0.0946, -0.9303],
       device='cuda:0')
Solve time for step 2 (global step 35) 3.7700697529362515
Current ori: tensor([0.2442, 0.1147, 0.5425], device='cuda:0')
Index force: tensor([0.6748, 0.6924], device='cuda:0')
tensor([0.2442, 0.1147, 0.5425], device='cuda:0')
tensor([ 0.2745,  1.0313,  0.3821, -0.2602, -0.2888,  0.4980,  0.8902,  0.9342,
         1.2540,  0.2469,  0.2268,  0.9344,  0.2501,  0.1145,  0.5811],
       device='cuda:0')
Solve time for step 3 (global step 36) 3.425128436065279
Current ori: tensor([0.2499, 0.1142, 0.5806], device='cuda:0')
Index force: tensor([0.7226], device='cuda:0')
tensor([0.2499, 0.1142, 0.5806], device='cuda:0')
Current yaw: tensor([0.2919, 0.1410, 0.8777], device='cuda:0')
9 turn
Likelihood: -309.0964660644531
State is out of distribution
Likelihoods: tensor([ -8.0271,  -8.0874,  -8.1656,  -8.2960,  -8.2990,  -8.3385,  -8.9840,
         -9.0260,  -9.2449,  -9.3308,  -9.4893,  -9.8505,  -9.8960, -10.1787,
        -10.1812, -10.2882], device='cuda:0')
Contact modes ['index' 'index' 'index' 'index' 'index' 'index' 'thumb_middle' 'index'
 'thumb_middle' 'thumb_middle' 'thumb_middle' 'thumb_middle'
 'thumb_middle' 'thumb_middle' 'thumb_middle' 'thumb_middle']
Likelihood grouped mean: {'index': 0.0002536916991303351, 'thumb_middle': 6.658745073910022e-05}
Likelihood grouped sum: {'index': 0.0017758418939123458, 'thumb_middle': 0.000599287056651902}
Contact mode with highest likelihood sum: index
Plan time: 1.9196842850651592
Current yaw: tensor([0.2985, 0.1383, 0.8756], device='cuda:0')
10 index
tensor([ 0.1585,  0.9184,  0.6009, -0.1016, -0.5400,  0.3536,  0.8527,  0.9419,
         1.3005,  0.2761,  0.5483,  1.2689,  0.2992,  0.1370,  0.8757],
       device='cuda:0')
Solve time for step 1 (global step 37) 4.6939763081027195
Current ori: tensor([0.2932, 0.1347, 0.8725], device='cuda:0')
Middle force: tensor([0.5405, 0.5646, 0.6016], device='cuda:0')
Thumb force: tensor([0.5528, 0.5475, 0.5275], device='cuda:0')
tensor([0.2932, 0.1347, 0.8725], device='cuda:0')
tensor([ 0.4815,  0.5952,  0.5805,  0.2234, -0.4099,  0.3771,  1.0822,  1.1211,
         1.2496,  0.3548,  0.6075,  1.1563,  0.2916,  0.1118,  0.9175],
       device='cuda:0')
Solve time for step 2 (global step 38) 4.367579928948544
Current ori: tensor([0.1843, 0.1377, 0.5217], device='cuda:0')
Middle force: tensor([0.5303, 0.5193], device='cuda:0')
Thumb force: tensor([0.5163, 0.5223], device='cuda:0')
tensor([0.1843, 0.1377, 0.5217], device='cuda:0')
tensor([ 0.3341,  0.2647,  0.4398,  0.3359, -0.4856,  0.4027,  0.9251,  1.0384,
         1.2904,  0.3562,  0.5909,  1.1143,  0.3413,  0.0701,  1.9661],
       device='cuda:0')
Solve time for step 3 (global step 39) 4.079715191968717
Current ori: tensor([0.1309, 0.1910, 1.4016], device='cuda:0')
Middle force: tensor([0.5225], device='cuda:0')
Thumb force: tensor([0.5240], device='cuda:0')
tensor([0.1309, 0.1910, 1.4016], device='cuda:0')
Current yaw: tensor([0.1038, 0.1944, 1.1822], device='cuda:0')
11 turn
Likelihood: -207.38885498046875
State is out of distribution
Likelihoods: tensor([-6.9365, -8.0266, -8.1249, -8.1557, -8.2085, -8.2221, -8.2376, -8.7717,
        -8.8559, -9.0729, -9.1449, -9.1679, -9.2664, -9.6486, -9.7483, -9.7544],
       device='cuda:0')
Contact modes ['index' 'thumb_middle' 'index' 'thumb_middle' 'thumb_middle' 'index'
 'thumb_middle' 'thumb_middle' 'thumb_middle' 'thumb_middle'
 'thumb_middle' 'thumb_middle' 'thumb_middle' 'thumb_middle'
 'thumb_middle' 'thumb_middle']
Likelihood grouped mean: {'index': 0.0005121454019016594, 'thumb_middle': 0.0001576562822184634}
Likelihood grouped sum: {'index': 0.0015364362057049782, 'thumb_middle': 0.0020495316688400244}
Contact mode with highest likelihood sum: thumb_middle
Plan time: 1.9243261809460819
Current yaw: tensor([0.1095, 0.1978, 1.1857], device='cuda:0')
12 thumb_middle
tensor([-0.0068,  0.4138,  0.5505,  0.3781, -0.5586,  0.3819,  0.9431,  1.1090,
         1.4132,  0.2775,  0.5827,  0.9008,  0.1085,  0.1970,  1.1865],
       device='cuda:0')
Solve time for step 1 (global step 40) 4.086627768003382
Current ori: tensor([0.1078, 0.1966, 1.1873], device='cuda:0')
Index force: tensor([0.9130, 0.5303, 0.5549], device='cuda:0')
tensor([0.1078, 0.1966, 1.1873], device='cuda:0')
tensor([ 0.2577,  0.5583,  0.8860,  0.4851, -0.5411,  0.4288,  0.9312,  1.0243,
         1.2311,  0.2534,  0.3373,  0.9333,  0.3281,  0.0881,  2.9236],
       device='cuda:0')
Solve time for step 2 (global step 41) 3.6480719019891694
Current ori: tensor([ 0.3373,  0.0756, -3.1082], device='cuda:0')
Index force: tensor([0.5082, 0.5003], device='cuda:0')
tensor([ 0.3373,  0.0756, -3.1082], device='cuda:0')
tensor([ 0.3417,  0.5292,  1.2034,  0.7434, -0.4788,  0.3254,  0.9316,  1.0053,
         1.2185,  0.3047,  0.3712,  1.1297,  0.3429,  0.0691,  3.1215],
       device='cuda:0')
