Hardware mode
Datetime: .04.26.25:02:57:09
Config: {'T': 3, 'T_orig': 12, 'receding_horizon': False, 'num_steps': 8, 'num_turns': 1, 'max_recovery_stages': 4, 'num_trials': 10, 'num_episodes': 50, 'visualize': True, 'experiment_name': 'allegro_screwdriver_recovery_model_hardware', 'mode': 'hardware', 'fingers': ['index', 'middle', 'thumb'], 'object_type': 'screwdriver', 'sim_device': 'cpu', 'friction_coefficient': 1.0, 'kp': 3.0, 'heuristic': 1000, 'max_depth': 11, 'goal': '-.5', 'prior': 1, 'multi_particle_search': True, 'replan': False, 'visualize_plan': False, 'visualize_recovery_plan': True, 'visualize_contact_plan': True, 'optimize_force': True, 'exclude_index': False, 'projected': False, 'use_saved_plans': True, 'use_saved_noise': False, 'use_guidance': False, 'sample_contact': False, 'use_partial_constraint': True, 'sine_cosine': True, 'project_state': False, 'compute_recovery_trajectory': False, 'rl_adjustment': False, 'test_recovery_trajectory': False, 'perturb_action': False, 'randomize_obj_start': True, 'external_wrench_perturb': True, 'viz_states': False, 'diff_init': True, 'live_recovery': True, 'new_projection': True, 'trajectory_condition': True, 'generate_context': True, 'true_s0': False, 'task_diffuse_goal': False, 'recovery_diff_traj': True, 'obj_gravity': True, 'type': 'diffusion', 'OOD_metric': 'likelihood', 'recovery_controller': 'csvgd', 'recovery_model_dir': 'data/training/allegro_screwdriver/allegro_screwdriver_recovery_pi_2_low_damping_diffusion', 'model_path': 'data/training/allegro_screwdriver/allegro_screwdriver_recovery_pi_2_low_damping_diffusion/allegro_screwdriver_diffusion.pt', 'model_dir': 'data/training/allegro_screwdriver/allegro_screwdriver_pi_2_diffusion', 'model_path_orig': 'data/training/allegro_screwdriver/allegro_screwdriver_pi_2_diffusion/allegro_screwdriver_diffusion.pt', 'likelihood_threshold': -170.0, 'drop_threshold': -1250, 'project_threshold': -105.0, 'sac_batch_size': 64, 'start_ind': 0, 'end_ind': 50, 'controllers': {'csvgd': {'N': 16, 'alpha_J': 0.01, 'alpha_C': 1, 'step_size': 0.1, 'momentum': 0.0, 'device': 'cuda:0', 'online_iters': 25, 'warmup_iters': 25, 'resample_steps': 16, 'resample_sigma': 0.01, 'resample_temperature': 0.1, 'penalty': 1000000, 'collision_checking': False, 'joint_friction': 0.0}}, 'ee_names': {'index': 'allegro_hand_hitosashi_finger_finger_0_aftc_base_link', 'middle': 'allegro_hand_naka_finger_finger_1_aftc_base_link', 'ring': 'allegro_hand_kusuri_finger_finger_2_aftc_base_link', 'thumb': 'allegro_hand_oya_finger_3_aftc_base_link'}, 'obj_dof': 3}
[ models/temporal ] Channel dimensions: [(37, 128), (128, 256), (256, 512)]
[ models/temporal ] Channel dimensions: [(37, 128), (128, 256), (256, 512)]
[ models/temporal ] Channel dimensions: [(37, 128), (128, 256), (256, 512)]
2048
4 128 4
[ models/temporal ] Channel dimensions: [(37, 128), (128, 256), (256, 512)]
[ models/temporal ] Channel dimensions: [(37, 128), (128, 256), (256, 512)]

Trial 1
No action perturbation this trial
Random perturbation %: 0.33
Loaded trajectory sampler
Current yaw: tensor([-0.0117,  0.0200,  0.8320], device='cuda:0')
Ready to pregrasp. Press <ENTER> to continue.tensor([-0.0011, -0.0093,  0.8638], device='cuda:0')
Pregrasp complete. Ready to execute. Press <ENTER> to continue.Current yaw: tensor([-0.0016, -0.0100,  0.8640], device='cuda:0')
1 turn
Likelihood: -129.56936645507812
Sampling time 3.2431750029791147
tensor([ 0.1300,  0.5842,  0.6316,  0.5443, -0.0702,  0.4494,  0.9575,  0.8854,
         1.1782,  0.2973,  0.3078,  1.1981,  0.0013, -0.0141,  0.8651],
       device='cuda:0')
Solve time for step 1 (global step 0) 8.2009089080384
Current ori: tensor([ 3.7349e-05, -1.1132e-02,  8.6369e-01], device='cuda:0')
Middle force: tensor([0.8148, 0.6079, 1.8160, 1.2431, 1.2753, 0.5606, 2.2531, 0.9118, 0.7535,
        2.2495, 1.2080, 0.6342], device='cuda:0')
Thumb force: tensor([1.3221, 0.9502, 1.5264, 1.6441, 1.2196, 1.7221, 2.5496, 0.9025, 0.5609,
        2.0016, 1.4727, 0.9334], device='cuda:0')
Index force: tensor([0.8873, 0.9682, 0.9962, 1.0463, 0.6258, 0.7227, 0.5412, 0.6572, 0.5698,
        0.5378, 0.8628, 0.8773], device='cuda:0')
tensor([ 3.9627e-04, -1.1155e-02,  8.6368e-01], device='cuda:0')
tensor([ 0.1217,  0.5910,  0.6097,  0.5565, -0.0728,  0.4735,  0.9048,  0.9472,
         1.1843,  0.2905,  0.3426,  1.1162, -0.0123,  0.0077,  0.8423],
       device='cuda:0')
Likelihood: -76.94036865234375
Solve time for step 2 (global step 1) 7.71560790296644
Current ori: tensor([-0.0124,  0.0081,  0.8421], device='cuda:0')
Middle force: tensor([0.5869, 1.7731, 1.1945, 1.2395, 0.5418, 2.1857, 0.8876, 0.7388, 2.1985,
        1.1733, 0.6076], device='cuda:0')
Thumb force: tensor([0.9478, 1.5045, 1.6266, 1.1908, 1.6866, 2.4743, 0.8911, 0.5571, 1.9397,
        1.4432, 0.9381], device='cuda:0')
Index force: tensor([0.9600, 0.9788, 1.0257, 0.6191, 0.7350, 0.5379, 0.6512, 0.5673, 0.5349,
        0.8480, 0.8696], device='cuda:0')
tensor([-0.0124,  0.0081,  0.8421], device='cuda:0')
tensor([ 0.1164,  0.6217,  0.5641,  0.5441, -0.0731,  0.4676,  0.8940,  0.9580,
         1.2359,  0.2310,  0.3392,  1.0520, -0.0151,  0.0111,  0.7632],
       device='cuda:0')
Likelihood: -96.09817504882812
Solve time for step 3 (global step 2) 7.214090534020215
Current ori: tensor([-0.0229,  0.0123,  0.7503], device='cuda:0')
Middle force: tensor([1.7286, 1.1622, 1.2079, 0.5337, 2.1184, 0.8724, 0.7263, 2.1494, 1.1519,
        0.5949], device='cuda:0')
Thumb force: tensor([1.4771, 1.5971, 1.1604, 1.6434, 2.3995, 0.8703, 0.5532, 1.8807, 1.4017,
        0.9262], device='cuda:0')
Index force: tensor([0.9546, 1.0100, 0.6144, 0.7372, 0.5348, 0.6454, 0.5642, 0.5322, 0.8349,
        0.8586], device='cuda:0')
tensor([-0.0233,  0.0123,  0.7508], device='cuda:0')
tensor([ 0.1128,  0.6219,  0.5561,  0.5456, -0.0730,  0.4232,  0.9362,  1.0032,
         1.3018,  0.1449,  0.3439,  0.9574, -0.0293,  0.0199,  0.5989],
       device='cuda:0')
Likelihood: -132.12625122070312
Solve time for step 4 (global step 3) 6.807654027012177
Current ori: tensor([-0.0304,  0.0208,  0.5983], device='cuda:0')
Middle force: tensor([1.1346, 1.1758, 0.5260, 2.0497, 0.8569, 0.7143, 2.1043, 1.1313, 0.5812],
       device='cuda:0')
Thumb force: tensor([1.5603, 1.1286, 1.6027, 2.3209, 0.8496, 0.5493, 1.8192, 1.3588, 0.9162],
       device='cuda:0')
Index force: tensor([0.9826, 0.6088, 0.7400, 0.5325, 0.6389, 0.5610, 0.5296, 0.8223, 0.8483],
       device='cuda:0')
tensor([-0.0304,  0.0208,  0.5983], device='cuda:0')
Apply perturbation now. Press <ENTER> to continuetensor([ 0.0958,  0.6140,  0.5344,  0.5460, -0.0484,  0.4268,  0.9586,  1.0368,
         1.3405,  0.0812,  0.3456,  0.8919,  0.0339, -0.0201,  0.1797],
       device='cuda:0')
Likelihood: -199.38540649414062
State is out of distribution
Likelihoods: tensor([-4.5402, -4.5960, -4.5981, -4.6372, -4.6447, -4.7534, -4.7609, -4.7727,
        -4.8160, -4.8612, -4.8811, -4.9091, -4.9267, -4.9324, -5.2804, -5.3320],
       device='cuda:0')
Contact modes ['thumb_middle' 'thumb_middle' 'thumb_middle' 'thumb_middle'
 'thumb_middle' 'thumb_middle' 'thumb_middle' 'thumb_middle'
 'thumb_middle' 'thumb_middle' 'thumb_middle' 'thumb_middle'
 'thumb_middle' 'thumb_middle' 'thumb_middle' 'thumb_middle']
Likelihood grouped mean: {'thumb_middle': 0.008185213001621273}
Likelihood grouped sum: {'thumb_middle': 0.13096340802594036}
Contact mode with highest likelihood sum: thumb_middle
Plan time: 1.8734686750685796
Current yaw: tensor([ 0.0364, -0.0328,  0.1797], device='cuda:0')
2 thumb_middle
tensor([ 0.0960,  0.6139,  0.5343,  0.5460, -0.0483,  0.4279,  0.9579,  1.0365,
         1.3411,  0.0813,  0.3457,  0.8917,  0.0342, -0.0224,  0.1811],
       device='cuda:0')
Solve time for step 1 (global step 4) 3.873441598028876
Current ori: tensor([ 0.0259, -0.0102,  0.1876], device='cuda:0')
Index force: tensor([0.5406, 0.5267, 0.5607], device='cuda:0')
tensor([ 0.0259, -0.0102,  0.1876], device='cuda:0')
tensor([ 0.0549,  0.6366,  0.4799,  0.4943, -0.1763,  0.4280,  0.8985,  0.9520,
         1.2780,  0.1334,  0.2591,  0.9165,  0.0050,  0.0085,  0.2740],
       device='cuda:0')
Solve time for step 2 (global step 5) 3.657326814951375
Current ori: tensor([0.0125, 0.0134, 0.2734], device='cuda:0')
Index force: tensor([0.5171, 0.5410], device='cuda:0')
tensor([0.0125, 0.0134, 0.2734], device='cuda:0')
tensor([ 0.0630,  0.6741,  0.4524,  0.4564, -0.1763,  0.4649,  0.8758,  0.9020,
         1.2440,  0.1840,  0.2264,  0.9927, -0.0037,  0.0034,  0.2848],
       device='cuda:0')
Solve time for step 3 (global step 6) 3.457504406105727
Current ori: tensor([0.0015, 0.0040, 0.2895], device='cuda:0')
Index force: tensor([0.5374], device='cuda:0')
tensor([0.0015, 0.0040, 0.2895], device='cuda:0')
Current yaw: tensor([-0.0163, -0.0145,  0.3150], device='cuda:0')
3 turn
Likelihood: -116.40162658691406
Sampling time 3.296374954050407
tensor([ 0.0787,  0.7384,  0.3723,  0.4456, -0.1076,  0.5680,  0.9165,  0.8823,
         1.2965,  0.2188,  0.2266,  1.0426, -0.0214, -0.0055,  0.3132],
       device='cuda:0')
Solve time for step 1 (global step 7) 8.172081532073207
Current ori: tensor([-0.0217, -0.0061,  0.3132], device='cuda:0')
Middle force: tensor([0.8336, 0.5165, 0.5029, 1.0725, 0.5088, 0.5145, 1.7933, 0.5555, 1.1125,
        1.0148, 1.0441, 1.0165], device='cuda:0')
Thumb force: tensor([0.6296, 0.9074, 0.7106, 1.0471, 0.5031, 0.5281, 1.4888, 1.1563, 1.1176,
        1.0678, 1.3751, 0.8043], device='cuda:0')
Index force: tensor([0.7749, 0.9472, 0.8289, 0.6363, 0.9979, 0.6733, 0.6453, 0.5118, 0.6589,
        0.6618, 0.6313, 0.7482], device='cuda:0')
tensor([-0.0217, -0.0061,  0.3132], device='cuda:0')
tensor([ 0.0954,  0.7190,  0.4166,  0.4490, -0.1098,  0.5659,  0.9169,  0.9652,
         1.2966,  0.2697,  0.2754,  0.9057, -0.0017, -0.0256,  0.2266],
       device='cuda:0')
Likelihood: -136.9627685546875
Solve time for step 2 (global step 8) 7.710169586003758
Current ori: tensor([-0.0024, -0.0286,  0.2286], device='cuda:0')
Middle force: tensor([1.3657, 1.1917, 1.0409, 0.6002, 1.0848, 0.9579, 1.5225, 0.5066, 1.1620,
        0.5833, 1.8696], device='cuda:0')
Thumb force: tensor([1.9632, 0.8464, 0.5176, 3.3141, 1.5637, 1.2177, 1.2823, 0.7012, 1.0804,
        1.2150, 1.5238], device='cuda:0')
Index force: tensor([0.7558, 0.6029, 0.8488, 0.8368, 0.8477, 0.7297, 0.6498, 0.5700, 0.5973,
        0.8336, 0.9335], device='cuda:0')
tensor([-0.0024, -0.0286,  0.2286], device='cuda:0')
Apply perturbation now. Press <ENTER> to continuetensor([ 0.0889,  0.7146,  0.4195,  0.4613, -0.1196,  0.5425,  0.9391,  1.0273,
         1.3247,  0.2602,  0.2997,  0.7622, -0.0275, -0.0135,  0.2007],
       device='cuda:0')
Likelihood: -162.19305419921875
Solve time for step 3 (global step 9) 7.263889707974158
Current ori: tensor([-0.0292, -0.0146,  0.1987], device='cuda:0')
Middle force: tensor([1.5338, 1.9161, 0.8303, 0.5942, 0.9056, 0.5039, 0.6213, 1.6799, 0.5648,
        0.5023], device='cuda:0')
Thumb force: tensor([2.2069, 2.0250, 0.7137, 1.5967, 1.0542, 0.7988, 0.6726, 1.2703, 0.6852,
        0.7540], device='cuda:0')
Index force: tensor([0.5135, 0.6927, 0.6766, 0.8048, 0.6341, 0.8987, 0.7207, 0.6398, 0.7439,
        0.8066], device='cuda:0')
tensor([-0.0292, -0.0146,  0.1987], device='cuda:0')
tensor([ 9.2398e-02,  6.8462e-01,  4.5742e-01,  4.9307e-01, -1.2238e-01,
         5.2865e-01,  9.2791e-01,  1.0916e+00,  1.3675e+00,  2.1265e-01,
         3.2430e-01,  6.7260e-01, -8.3553e-03,  6.9093e-05,  7.0907e-02],
       device='cuda:0')
Likelihood: -173.2705078125
State is out of distribution
Likelihoods: tensor([-2.1128, -2.3599, -2.4895, -2.4974, -2.6359, -2.6918, -2.7452, -2.9467,
        -3.0168, -3.1118, -3.1654, -3.2333, -3.3023, -3.3502, -3.7271, -3.8788],
       device='cuda:0')
Contact modes ['thumb_middle' 'thumb_middle' 'thumb_middle' 'thumb_middle'
 'thumb_middle' 'thumb_middle' 'thumb_middle' 'thumb_middle'
 'thumb_middle' 'thumb_middle' 'thumb_middle' 'thumb_middle'
 'thumb_middle' 'thumb_middle' 'thumb_middle' 'thumb_middle']
Likelihood grouped mean: {'thumb_middle': 0.058028277761280084}
Likelihood grouped sum: {'thumb_middle': 0.9284524441804813}
Contact mode with highest likelihood sum: thumb_middle
Plan time: 1.8412391090532765
Current yaw: tensor([-0.0070,  0.0091,  0.0707], device='cuda:0')
4 thumb_middle
tensor([ 0.0924,  0.6848,  0.4576,  0.4930, -0.1224,  0.5279,  0.9283,  1.0919,
         1.3688,  0.2128,  0.3246,  0.6725, -0.0074,  0.0069,  0.0725],
       device='cuda:0')
Solve time for step 1 (global step 10) 4.13144355698023
Current ori: tensor([-0.0074,  0.0052,  0.0733], device='cuda:0')
Index force: tensor([0.5561, 0.5385, 0.5606], device='cuda:0')
tensor([-0.0081, -0.0002,  0.0708], device='cuda:0')
Apply perturbation now. Press <ENTER> to continuetensor([ 0.1144,  0.6496,  0.5163,  0.5255, -0.1931,  0.4692,  0.8555,  0.9799,
         1.2771,  0.2271,  0.2608,  0.8243,  0.0141, -0.0614, -0.0896],
       device='cuda:0')
Solve time for step 2 (global step 11) 3.7199829031014815
Current ori: tensor([ 0.0140, -0.0616, -0.0897], device='cuda:0')
Index force: tensor([0.6590, 0.5580], device='cuda:0')
tensor([ 0.0140, -0.0616, -0.0897], device='cuda:0')
tensor([ 3.1734e-02,  5.9511e-01,  5.1950e-01,  4.9564e-01, -1.9308e-01,
         4.6977e-01,  8.5539e-01,  9.2613e-01,  1.2576e+00,  2.2752e-01,
         2.1853e-01,  9.6342e-01, -7.2450e-04,  8.8739e-03, -4.2624e-02],
       device='cuda:0')
Solve time for step 3 (global step 12) 3.3590834010392427
Current ori: tensor([-0.0037,  0.0121, -0.0425], device='cuda:0')
Index force: tensor([0.5119], device='cuda:0')
tensor([-0.0037,  0.0121, -0.0425], device='cuda:0')
Apply perturbation now. Press <ENTER> to continueCurrent yaw: tensor([ 0.0043,  0.0412, -0.0308], device='cuda:0')
5 turn
Likelihood: -120.04786682128906
Sampling time 3.337701127049513
tensor([ 0.0434,  0.6448,  0.4727,  0.4814, -0.1481,  0.5265,  0.9106,  0.9110,
         1.2717,  0.2276,  0.2466,  1.1133,  0.0041,  0.0425, -0.0234],
       device='cuda:0')
Solve time for step 1 (global step 13) 8.39394432399422
Current ori: tensor([ 0.0051,  0.0424, -0.0229], device='cuda:0')
Middle force: tensor([1.2557, 0.7802, 0.9737, 2.0668, 0.5929, 0.8929, 0.6550, 0.7116, 0.8706,
        1.0719, 1.3928, 1.9195], device='cuda:0')
Thumb force: tensor([0.9847, 1.2320, 0.6403, 1.2271, 1.0631, 1.3897, 2.1188, 1.7545, 1.3871,
        1.0893, 0.5712, 0.7763], device='cuda:0')
Index force: tensor([0.9960, 0.5971, 0.5752, 0.6948, 0.8695, 1.2635, 0.6863, 0.8441, 0.6598,
        0.5089, 0.8880, 0.8865], device='cuda:0')
tensor([ 0.0051,  0.0424, -0.0229], device='cuda:0')
tensor([ 0.0635,  0.6231,  0.5158,  0.5011, -0.1440,  0.5282,  0.8767,  1.0079,
         1.2966,  0.2602,  0.2818,  1.0228,  0.0250,  0.0311, -0.0930],
       device='cuda:0')
Likelihood: -102.80978393554688
Solve time for step 2 (global step 14) 7.78141031798441
Current ori: tensor([ 0.0246,  0.0306, -0.0936], device='cuda:0')
Middle force: tensor([0.6299, 1.0256, 1.7017, 0.5451, 1.5790, 0.7669, 0.5243, 1.2542, 1.1827,
        1.1542, 1.0223], device='cuda:0')
Thumb force: tensor([1.0188, 3.4015, 2.1323, 1.5913, 1.2482, 1.0532, 0.6682, 1.6236, 1.3758,
        0.9799, 0.5358], device='cuda:0')
Index force: tensor([0.6331, 0.9323, 0.6165, 0.5219, 0.5974, 0.8564, 0.5633, 0.7618, 0.6389,
        0.6485, 0.6171], device='cuda:0')
tensor([ 0.0246,  0.0306, -0.0936], device='cuda:0')
Apply perturbation now. Press <ENTER> to continuetensor([ 0.0682,  0.6267,  0.4990,  0.5342, -0.1437,  0.5199,  0.9035,  0.9978,
         1.3045,  0.2544,  0.2680,  0.9870, -0.0285,  0.0302,  0.0213],
       device='cuda:0')
Likelihood: -79.81436157226562
Solve time for step 3 (global step 15) 7.359212568961084
Current ori: tensor([-0.0294,  0.0310,  0.0211], device='cuda:0')
Middle force: tensor([0.9881, 1.6972, 0.5419, 1.5526, 0.7753, 0.5236, 1.2383, 1.1316, 1.1112,
        0.9997], device='cuda:0')
Thumb force: tensor([3.3146, 2.0678, 1.5417, 1.2087, 1.0142, 0.6556, 1.5817, 1.3756, 0.9760,
        0.5342], device='cuda:0')
Index force: tensor([0.8987, 0.6052, 0.5192, 0.5944, 0.8400, 0.5608, 0.7449, 0.6297, 0.6421,
        0.6115], device='cuda:0')
tensor([-0.0281,  0.0306,  0.0197], device='cuda:0')
tensor([ 0.0707,  0.6146,  0.5032,  0.5739, -0.1443,  0.4958,  0.9412,  0.9986,
         1.3327,  0.2388,  0.2577,  0.9702, -0.0349,  0.0302, -0.0380],
       device='cuda:0')
Likelihood: -98.70339965820312
Solve time for step 4 (global step 16) 6.977840979001485
Current ori: tensor([-0.0347,  0.0302, -0.0371], device='cuda:0')
Middle force: tensor([1.6627, 0.5377, 1.5244, 0.7710, 0.5220, 1.2054, 1.0956, 1.0711, 0.9729],
       device='cuda:0')
Thumb force: tensor([2.0207, 1.4941, 1.1820, 0.9955, 0.6481, 1.5567, 1.3609, 0.9623, 0.5337],
       device='cuda:0')
Index force: tensor([0.5958, 0.5166, 0.5960, 0.8272, 0.5582, 0.7299, 0.6205, 0.6362, 0.6062],
       device='cuda:0')
tensor([-0.0347,  0.0302, -0.0371], device='cuda:0')
Apply perturbation now. Press <ENTER> to continuetensor([ 0.0979,  0.6208,  0.5116,  0.5957, -0.1670,  0.4881,  0.9701,  1.0254,
         1.3618,  0.2071,  0.3161,  0.8671,  0.0325,  0.0100,  0.2604],
       device='cuda:0')
Likelihood: -142.39691162109375
Solve time for step 5 (global step 17) 6.399560666992329
Current ori: tensor([0.0319, 0.0180, 0.2598], device='cuda:0')
Middle force: tensor([0.5048, 1.5251, 0.5113, 0.9034, 1.6728, 0.7639, 0.5895, 1.2702],
       device='cuda:0')
Thumb force: tensor([1.2001, 2.1163, 1.0896, 0.9723, 1.7888, 0.6302, 0.7032, 1.0003],
       device='cuda:0')
Index force: tensor([1.4950, 0.7534, 0.8283, 0.5826, 0.7461, 0.8154, 0.7579, 0.7219],
       device='cuda:0')
tensor([0.0319, 0.0180, 0.2598], device='cuda:0')
tensor([ 0.1007,  0.6512,  0.5080,  0.5276, -0.1670,  0.4888,  0.9716,  1.0753,
         1.4106,  0.1443,  0.3308,  0.7406,  0.0290,  0.0069,  0.1983],
       device='cuda:0')
Likelihood: -177.4986114501953
State is out of distribution
Likelihoods: tensor([-2.6038, -2.8656, -2.9065, -3.0523, -3.6647, -3.7328, -3.7843, -3.8115,
        -3.9204, -4.0001, -4.0110, -4.1060, -4.1962, -4.2439, -4.5465, -5.0402],
       device='cuda:0')
Contact modes ['thumb_middle' 'thumb_middle' 'thumb_middle' 'thumb_middle'
 'thumb_middle' 'thumb_middle' 'thumb_middle' 'thumb_middle'
 'thumb_middle' 'thumb_middle' 'thumb_middle' 'thumb_middle'
 'thumb_middle' 'thumb_middle' 'thumb_middle' 'thumb_middle']
Likelihood grouped mean: {'thumb_middle': 0.027903480516023666}
Likelihood grouped sum: {'thumb_middle': 0.44645568825637866}
Contact mode with highest likelihood sum: thumb_middle
Plan time: 1.8371075330069289
Current yaw: tensor([0.0290, 0.0061, 0.1977], device='cuda:0')
6 thumb_middle
tensor([ 0.1007,  0.6513,  0.5079,  0.5270, -0.1669,  0.4890,  0.9714,  1.0754,
         1.4108,  0.1444,  0.3308,  0.7404,  0.0291,  0.0062,  0.1977],
       device='cuda:0')
Solve time for step 1 (global step 18) 4.020735861035064
Current ori: tensor([0.0293, 0.0077, 0.1978], device='cuda:0')
Index force: tensor([0.6198, 0.5502, 0.5607], device='cuda:0')
tensor([0.0293, 0.0077, 0.1978], device='cuda:0')
Apply perturbation now. Press <ENTER> to continuetensor([ 0.1135,  0.6868,  0.4872,  0.4851, -0.2189,  0.4640,  0.9087,  0.9584,
         1.2775,  0.1722,  0.2432,  0.8724,  0.0517, -0.0563,  0.1434],
       device='cuda:0')
Solve time for step 2 (global step 19) 3.81130950700026
Current ori: tensor([ 0.0440, -0.0647,  0.1419], device='cuda:0')
Index force: tensor([0.8260, 0.5174], device='cuda:0')
tensor([ 0.0440, -0.0647,  0.1419], device='cuda:0')
tensor([ 0.0416,  0.6570,  0.4747,  0.4400, -0.2187,  0.4642,  0.9087,  0.9281,
         1.2477,  0.2310,  0.2118,  1.0408,  0.0500, -0.0382,  0.1614],
       device='cuda:0')
Solve time for step 3 (global step 20) 3.3917410270078108
Current ori: tensor([ 0.0498, -0.0383,  0.1616], device='cuda:0')
Index force: tensor([0.5541], device='cuda:0')
tensor([ 0.0498, -0.0383,  0.1616], device='cuda:0')
Apply perturbation now. Press <ENTER> to continueCurrent yaw: tensor([ 0.0121, -0.0206,  0.4331], device='cuda:0')
7 turn
Likelihood: -161.4764404296875
Sampling time 3.3514809790067375
tensor([-0.0160,  0.6407,  0.4506,  0.4278, -0.1040,  0.4688,  0.9964,  0.9951,
         1.1909,  0.3100,  0.2191,  1.2867,  0.0127, -0.0211,  0.4332],
       device='cuda:0')
Solve time for step 1 (global step 21) 8.23930922197178
Current ori: tensor([ 0.0123, -0.0210,  0.4330], device='cuda:0')
Middle force: tensor([0.9097, 1.2245, 2.0049, 1.2245, 1.2709, 0.8409, 1.1550, 2.2253, 0.7568,
        0.6860, 1.4173, 0.7510], device='cuda:0')
Thumb force: tensor([0.8486, 1.1524, 1.0954, 0.5386, 0.5405, 1.5473, 0.7095, 1.5977, 0.5765,
        1.6897, 1.2122, 0.5547], device='cuda:0')
Index force: tensor([0.5546, 0.6923, 0.9764, 1.2179, 0.6026, 0.5761, 0.7215, 0.6090, 0.5665,
        1.0995, 0.7166, 0.8839], device='cuda:0')
tensor([ 0.0123, -0.0210,  0.4330], device='cuda:0')
tensor([-0.0227,  0.6312,  0.4298,  0.5029, -0.1071,  0.4667,  0.9954,  1.0574,
         1.2342,  0.2649,  0.2198,  1.1742,  0.0098, -0.0017,  0.2373],
       device='cuda:0')
Likelihood: -142.91522216796875
Solve time for step 2 (global step 22) 7.736652717925608
Current ori: tensor([ 0.0013, -0.0028,  0.2380], device='cuda:0')
Middle force: tensor([1.1855, 1.9236, 1.1671, 1.2294, 0.8266, 1.1263, 2.1579, 0.7348, 0.6619,
        1.3779, 0.7281], device='cuda:0')
Thumb force: tensor([1.1152, 1.0917, 0.5368, 0.5336, 1.5029, 0.6967, 1.5570, 0.5690, 1.6380,
        1.1744, 0.5490], device='cuda:0')
Index force: tensor([0.6803, 0.9616, 1.1991, 0.5983, 0.5698, 0.7087, 0.6033, 0.5603, 1.0774,
        0.7009, 0.8683], device='cuda:0')
tensor([ 0.0013, -0.0028,  0.2380], device='cuda:0')
tensor([-0.0125,  0.5965,  0.4557,  0.5812, -0.0947,  0.4619,  0.9853,  1.1286,
         1.2686,  0.2305,  0.2186,  1.0794,  0.0082, -0.0217,  0.0433],
       device='cuda:0')
Likelihood: -180.98683166503906
State is out of distribution
Likelihoods: tensor([-4.4125, -4.9551, -5.0649, -5.2621, -5.3715, -5.6371, -5.6727, -5.7587,
        -5.8311, -5.8965, -5.8998, -5.9178, -5.9316, -6.1318, -6.2433, -6.6206],
       device='cuda:0')
Contact modes ['index' 'thumb_middle' 'thumb_middle' 'thumb_middle' 'thumb_middle'
 'thumb_middle' 'thumb_middle' 'thumb_middle' 'thumb_middle'
 'thumb_middle' 'thumb_middle' 'thumb_middle' 'thumb_middle'
 'thumb_middle' 'thumb_middle' 'thumb_middle']
Likelihood grouped mean: {'index': 0.012125257337373999, 'thumb_middle': 0.0035045377591574225}
Likelihood grouped sum: {'index': 0.012125257337373999, 'thumb_middle': 0.05256806638736134}
Contact mode with highest likelihood sum: thumb_middle
Plan time: 1.9837782370159402
Current yaw: tensor([ 0.0074, -0.0084,  0.0462], device='cuda:0')
8 thumb_middle
tensor([-0.0125,  0.5966,  0.4557,  0.5812, -0.0945,  0.4619,  0.9856,  1.1286,
         1.2688,  0.2307,  0.2194,  1.0796,  0.0069, -0.0114,  0.0413],
       device='cuda:0')
Solve time for step 1 (global step 23) 3.8953324410831556
Current ori: tensor([ 0.0082, -0.0008,  0.0480], device='cuda:0')
Index force: tensor([0.5589, 0.5318, 0.5535], device='cuda:0')
tensor([ 0.0082, -0.0008,  0.0480], device='cuda:0')
tensor([-3.0948e-02,  6.1596e-01,  4.4184e-01,  5.2047e-01, -2.2608e-01,
         4.6158e-01,  9.1658e-01,  9.9874e-01,  1.2399e+00,  2.3371e-01,
         2.0344e-01,  1.0362e+00,  1.0589e-03, -2.2026e-02,  2.6713e-01],
       device='cuda:0')
Solve time for step 2 (global step 24) 3.745554068009369
Current ori: tensor([-0.0010, -0.0108,  0.2669], device='cuda:0')
Index force: tensor([0.5443, 0.5344], device='cuda:0')
tensor([-0.0010, -0.0108,  0.2669], device='cuda:0')
tensor([-0.0538,  0.6166,  0.4412,  0.4761, -0.2260,  0.4617,  0.9166,  0.9704,
         1.2292,  0.2376,  0.2034,  1.0277, -0.0071,  0.0045,  0.2939],
       device='cuda:0')
Solve time for step 3 (global step 25) 3.5056518969358876
Current ori: tensor([-0.0053,  0.0008,  0.2966], device='cuda:0')
Index force: tensor([0.5324], device='cuda:0')
tensor([-0.0067,  0.0032,  0.2962], device='cuda:0')
Current yaw: tensor([-0.0112, -0.0027,  0.2852], device='cuda:0')
9 turn
Likelihood: -157.01168823242188
Sampling time 3.4262476419098675
tensor([-0.0378,  0.6164,  0.4558,  0.4749, -0.2227,  0.5198,  0.9595,  0.9681,
         1.2837,  0.2379,  0.2552,  1.0208, -0.0109, -0.0036,  0.2868],
       device='cuda:0')
Solve time for step 1 (global step 26) 8.287281095981598
Current ori: tensor([-0.0122, -0.0043,  0.2862], device='cuda:0')
Middle force: tensor([0.7460, 1.1909, 1.9702, 1.2601, 0.5535, 1.0390, 0.5480, 0.8655, 2.1057,
        1.0236, 0.5418, 0.8102], device='cuda:0')
Thumb force: tensor([0.6015, 1.0946, 1.1185, 1.2838, 0.8549, 1.0635, 1.1640, 1.5029, 0.9878,
        1.0638, 0.5085, 0.6204], device='cuda:0')
Index force: tensor([0.5721, 0.7040, 0.8568, 0.5535, 0.6761, 0.5545, 0.7357, 0.5565, 0.7438,
        0.7238, 0.7360, 0.5124], device='cuda:0')
tensor([-0.0122, -0.0043,  0.2862], device='cuda:0')
tensor([-0.0477,  0.5838,  0.4669,  0.5487, -0.2255,  0.5481,  1.0115,  1.0307,
         1.3208,  0.2237,  0.3011,  0.8775,  0.0113, -0.0020,  0.2862],
       device='cuda:0')
Likelihood: -174.84799194335938
State is out of distribution
Likelihoods: tensor([-4.7017, -4.7703, -4.7926, -4.8860, -4.9681, -4.9736, -4.9872, -5.1496,
        -5.1672, -5.2038, -5.4234, -5.4465, -5.4634, -5.5684, -5.6082, -5.6213],
       device='cuda:0')
Contact modes ['thumb_middle' 'thumb_middle' 'thumb_middle' 'thumb_middle'
 'thumb_middle' 'thumb_middle' 'thumb_middle' 'thumb_middle'
 'thumb_middle' 'thumb_middle' 'thumb_middle' 'thumb_middle'
 'thumb_middle' 'thumb_middle' 'thumb_middle' 'thumb_middle']
Likelihood grouped mean: {'thumb_middle': 0.005947772427901749}
Likelihood grouped sum: {'thumb_middle': 0.09516435884642799}
Contact mode with highest likelihood sum: thumb_middle
Plan time: 1.8732786470791325
Current yaw: tensor([0.0088, 0.0078, 0.2850], device='cuda:0')
10 thumb_middle
tensor([-0.0475,  0.5838,  0.4669,  0.5487, -0.2254,  0.5505,  1.0113,  1.0307,
         1.3213,  0.2236,  0.3023,  0.8774,  0.0109,  0.0017,  0.2843],
       device='cuda:0')
Solve time for step 1 (global step 27) 4.112880673026666
Current ori: tensor([0.0105, 0.0011, 0.2854], device='cuda:0')
Index force: tensor([0.5676, 0.5356, 0.5489], device='cuda:0')
tensor([0.0105, 0.0011, 0.2854], device='cuda:0')
Apply perturbation now. Press <ENTER> to continuetensor([-0.0559,  0.5846,  0.4773,  0.5592, -0.2254,  0.5507,  1.0115,  1.0308,
         1.3285,  0.2160,  0.3077,  0.8757,  0.4549, -0.2905,  0.5998],
       device='cuda:0')
Solve time for step 2 (global step 28) 3.815259131952189
Current ori: tensor([ 0.4564, -0.2912,  0.5981], device='cuda:0')
Index force: tensor([0.5479, 0.5277], device='cuda:0')
tensor([ 0.4564, -0.2912,  0.5981], device='cuda:0')
tensor([-0.0559,  0.5846,  0.4773,  0.5592, -0.2254,  0.5507,  1.0115,  1.0308,
         1.3285,  0.2160,  0.3077,  0.8757,  0.4552, -0.2898,  0.5994],
       device='cuda:0')
Solve time for step 3 (global step 29) 3.3142191839870065
Current ori: tensor([ 0.4570, -0.2908,  0.5993], device='cuda:0')
Index force: tensor([0.5491], device='cuda:0')
tensor([ 0.4570, -0.2908,  0.5993], device='cuda:0')
Probably dropped the object
tensor([ 0.4547, -0.2912,  0.5992], device='cuda:0')
Likelihood: -369.6923828125
State is out of distribution
{}

Trial 2
No action perturbation this trial
Random perturbation %: 0.33
Loaded trajectory sampler
Current yaw: tensor([ 0.4559, -0.2905,  0.5993], device='cuda:0')
Ready to pregrasp. Press <ENTER> to continue.tensor([ 0.0054,  0.0149, -0.4558], device='cuda:0')
Pregrasp complete. Ready to execute. Press <ENTER> to continue.Current yaw: tensor([ 0.0030,  0.0112, -0.4612], device='cuda:0')
1 turn
Likelihood: -73.6962890625
Sampling time 3.3117399819893762
tensor([ 0.0625,  0.5695,  0.5362,  0.6040, -0.1012,  0.4920,  0.9165,  0.9540,
         1.2591,  0.2063,  0.3423,  0.9803,  0.0036,  0.0114, -0.4594],
       device='cuda:0')
Solve time for step 1 (global step 0) 8.266306711011566
Current ori: tensor([ 0.0037,  0.0111, -0.4623], device='cuda:0')
Middle force: tensor([0.7596, 0.6349, 1.6068, 2.0353, 0.9114, 0.5687, 0.5008, 0.6556, 1.0614,
        1.6912, 0.5034, 1.0164], device='cuda:0')
Thumb force: tensor([0.6007, 1.4616, 2.4144, 2.1515, 0.7591, 1.6039, 1.4565, 1.1408, 1.3960,
        1.1444, 1.1520, 0.8722], device='cuda:0')
Index force: tensor([0.6740, 0.8053, 0.5448, 0.7030, 0.7571, 0.8388, 0.5162, 0.6941, 0.7890,
        0.8244, 0.5400, 1.1228], device='cuda:0')
tensor([ 0.0037,  0.0111, -0.4623], device='cuda:0')
Apply perturbation now. Press <ENTER> to continuetensor([ 0.0522,  0.5716,  0.5528,  0.6199, -0.0741,  0.4942,  0.9196,  1.0145,
         1.3258,  0.0904,  0.3133,  0.9338,  0.3858, -0.2362, -1.3359],
       device='cuda:0')
Likelihood: -377.44635009765625
State is out of distribution
Probably dropped the object
tensor([ 0.3929, -0.2379, -1.3297], device='cuda:0')
{}

Trial 3
No action perturbation this trial
Random perturbation %: 0.33
Loaded trajectory sampler
Current yaw: tensor([ 0.3771, -0.2730, -1.3417], device='cuda:0')
Ready to pregrasp. Press <ENTER> to continue.tensor([ 0.0328, -0.0063, -1.4224], device='cuda:0')
Pregrasp complete. Ready to execute. Press <ENTER> to continue.Current yaw: tensor([ 0.0373, -0.0043, -1.4156], device='cuda:0')
1 turn
Likelihood: -84.64775085449219
Sampling time 3.339077212032862
tensor([ 5.9969e-02,  5.8951e-01,  5.0821e-01,  6.0322e-01, -1.2596e-01,
         4.9829e-01,  9.8197e-01,  8.6414e-01,  1.1702e+00,  3.6045e-01,
         2.9214e-01,  1.1589e+00,  3.3931e-02,  2.5557e-04, -1.4203e+00],
       device='cuda:0')
Solve time for step 1 (global step 0) 8.334452750976197
Current ori: tensor([ 0.0261, -0.0016, -1.4162], device='cuda:0')
Middle force: tensor([0.6740, 0.9429, 1.1614, 0.9039, 1.8207, 0.9115, 0.7610, 0.9955, 0.5187,
        0.5089, 1.3114, 0.5772], device='cuda:0')
Thumb force: tensor([0.8864, 0.7378, 0.7951, 1.3423, 1.1857, 1.8027, 1.2238, 0.5524, 0.7472,
        0.5353, 0.6391, 0.6723], device='cuda:0')
Index force: tensor([1.2747, 0.6017, 0.6714, 0.6693, 0.9625, 0.6645, 0.7335, 0.7009, 0.8352,
        0.8044, 0.9015, 0.7778], device='cuda:0')
tensor([ 0.0261, -0.0016, -1.4162], device='cuda:0')
Apply perturbation now. Press <ENTER> to continuetensor([ 0.0272,  0.6441,  0.5131,  0.5934, -0.1088,  0.4992,  0.9784,  0.8969,
         1.1926,  0.3715,  0.3192,  1.0324,  0.3823, -0.2509, -0.7643],
       device='cuda:0')
Likelihood: -334.6584167480469
State is out of distribution
Probably dropped the object
tensor([ 0.3796, -0.2461, -0.7608], device='cuda:0')
{}

Trial 4
No action perturbation this trial
Random perturbation %: 0.33
Loaded trajectory sampler
Current yaw: tensor([ 0.3783, -0.2558, -0.7701], device='cuda:0')
Ready to pregrasp. Press <ENTER> to continue.tensor([-0.0427, -0.0093, -1.0706], device='cuda:0')
Pregrasp complete. Ready to execute. Press <ENTER> to continue.Current yaw: tensor([ 0.0196, -0.0234, -1.4023], device='cuda:0')
1 turn
Likelihood: -86.0745849609375
Sampling time 3.277661975938827
tensor([ 0.1681,  0.6139,  0.6094,  0.5829, -0.1146,  0.5326,  0.9410,  0.8903,
         1.1889,  0.2878,  0.2687,  1.2597,  0.0188, -0.0264, -1.4018],
       device='cuda:0')
Solve time for step 1 (global step 0) 8.3297050120309
Current ori: tensor([ 0.0172, -0.0202, -1.4041], device='cuda:0')
Middle force: tensor([0.7006, 0.5010, 0.9940, 2.1079, 1.1511, 0.6547, 1.1349, 1.0960, 0.5392,
        0.6367, 1.3119, 1.7082], device='cuda:0')
Thumb force: tensor([1.1037, 0.8164, 0.5990, 2.2603, 1.0827, 0.6464, 0.5974, 0.5167, 1.0218,
        0.8322, 1.3795, 0.9575], device='cuda:0')
Index force: tensor([0.8183, 0.7840, 0.5959, 1.3746, 0.5550, 0.9231, 0.7147, 0.7189, 0.6872,
        0.9766, 0.5703, 0.6420], device='cuda:0')
tensor([ 0.0172, -0.0202, -1.4041], device='cuda:0')
tensor([ 0.1561,  0.6145,  0.5983,  0.5686, -0.1194,  0.5073,  0.9550,  0.9247,
         1.1774,  0.3350,  0.3047,  1.1555,  0.0099, -0.0117, -1.5783],
       device='cuda:0')
Likelihood: -68.96143341064453
Solve time for step 2 (global step 1) 7.757134506013244
Current ori: tensor([ 0.0094, -0.0116, -1.5798], device='cuda:0')
Middle force: tensor([0.5003, 0.9713, 2.0561, 1.1197, 0.6225, 1.1077, 1.0613, 0.5297, 0.6179,
        1.2756, 1.6621], device='cuda:0')
Thumb force: tensor([0.8062, 0.5931, 2.1899, 1.0566, 0.6530, 0.5839, 0.5126, 1.0046, 0.8240,
        1.3421, 0.9336], device='cuda:0')
Index force: tensor([0.7898, 0.5895, 1.3321, 0.5485, 0.9060, 0.7043, 0.7079, 0.6816, 0.9574,
        0.5638, 0.6327], device='cuda:0')
tensor([ 0.0094, -0.0116, -1.5798], device='cuda:0')
tensor([ 1.4159e-01,  6.2312e-01,  5.7854e-01,  5.4174e-01, -1.2463e-01,
         5.0322e-01,  9.5604e-01,  9.3424e-01,  1.2251e+00,  2.7946e-01,
         3.0481e-01,  1.0673e+00,  6.8976e-04, -4.0736e-03, -1.6828e+00],
       device='cuda:0')
Likelihood: -34.41429901123047
Solve time for step 3 (global step 2) 7.270576601033099
Current ori: tensor([-1.4335e-03, -4.3794e-03, -1.6847e+00], device='cuda:0')
Middle force: tensor([0.9499, 2.0253, 1.0994, 0.6050, 1.0833, 1.0294, 0.5232, 0.6044, 1.2415,
        1.6156], device='cuda:0')
Thumb force: tensor([0.5834, 2.1115, 1.0256, 0.6495, 0.5725, 0.5095, 0.9869, 0.8131, 1.3073,
        0.9109], device='cuda:0')
Index force: tensor([0.5772, 1.2894, 0.5426, 0.8883, 0.6943, 0.6975, 0.6736, 0.9366, 0.5578,
        0.6260], device='cuda:0')
tensor([-1.4335e-03, -4.3794e-03, -1.6847e+00], device='cuda:0')
Apply perturbation now. Press <ENTER> to continuetensor([ 0.1290,  0.6366,  0.5420,  0.5232, -0.1219,  0.5027,  0.9969,  0.9634,
         1.2544,  0.2576,  0.2995,  0.9575, -0.0466, -0.0043, -1.7194],
       device='cuda:0')
Likelihood: -97.15184020996094
Solve time for step 4 (global step 3) 6.983643890009262
Current ori: tensor([-0.0481, -0.0117, -1.7190], device='cuda:0')
Middle force: tensor([2.0198, 1.1044, 0.6064, 1.0642, 1.0079, 0.5179, 0.5887, 1.2079, 1.5638],
       device='cuda:0')
Thumb force: tensor([2.0169, 0.9862, 0.6300, 0.5666, 0.5074, 0.9739, 0.8111, 1.2747, 0.8933],
       device='cuda:0')
Index force: tensor([1.2421, 0.5389, 0.8650, 0.6840, 0.6856, 0.6622, 0.9151, 0.5531, 0.6241],
       device='cuda:0')
tensor([-0.0481, -0.0117, -1.7190], device='cuda:0')
tensor([ 0.1323,  0.6352,  0.5411,  0.5280, -0.1208,  0.4720,  1.0251,  1.0045,
         1.3130,  0.2051,  0.3468,  0.7608, -0.0602, -0.0151, -1.9412],
       device='cuda:0')
Likelihood: -184.40554809570312
State is out of distribution
Likelihoods: tensor([-3.6169, -3.7421, -3.7937, -3.8003, -3.9448, -3.9739, -4.0448, -4.0698,
        -4.1522, -4.1572, -4.2111, -4.2387, -4.2904, -4.4242, -4.5347, -4.8161],
       device='cuda:0')
Contact modes ['thumb_middle' 'thumb_middle' 'thumb_middle' 'thumb_middle'
 'thumb_middle' 'thumb_middle' 'thumb_middle' 'thumb_middle'
 'thumb_middle' 'thumb_middle' 'thumb_middle' 'thumb_middle'
 'thumb_middle' 'thumb_middle' 'thumb_middle' 'thumb_middle']
Likelihood grouped mean: {'thumb_middle': 0.017084119471771724}
Likelihood grouped sum: {'thumb_middle': 0.2733459115483476}
Contact mode with highest likelihood sum: thumb_middle
Plan time: 1.8663527029566467
Current yaw: tensor([-0.0604, -0.0142, -1.9419], device='cuda:0')
2 thumb_middle
tensor([ 0.1323,  0.6353,  0.5413,  0.5277, -0.1209,  0.4722,  1.0233,  1.0091,
         1.3134,  0.2046,  0.3469,  0.7608, -0.0603, -0.0173, -1.9418],
       device='cuda:0')
Solve time for step 1 (global step 4) 3.8846458540065214
Current ori: tensor([-0.0599, -0.0149, -1.9415], device='cuda:0')
Index force: tensor([0.5556, 0.5253, 0.5397], device='cuda:0')
tensor([-0.0599, -0.0149, -1.9415], device='cuda:0')
Apply perturbation now. Press <ENTER> to continuetensor([ 0.1078,  0.5933,  0.5665,  0.5777, -0.1777,  0.4293,  0.9380,  0.9300,
         1.2306,  0.2077,  0.2618,  0.8776,  0.0172, -0.0408, -2.5415],
       device='cuda:0')
Solve time for step 2 (global step 5) 3.682889178977348
Current ori: tensor([ 0.0165, -0.0398, -2.5475], device='cuda:0')
Index force: tensor([0.5514, 0.5181], device='cuda:0')
tensor([ 0.0165, -0.0398, -2.5475], device='cuda:0')
tensor([ 0.0511,  0.6077,  0.5204,  0.5192, -0.1777,  0.4293,  0.9238,  0.8942,
         1.2213,  0.2157,  0.2619,  0.9655,  0.0056, -0.0122, -2.6525],
       device='cuda:0')
Solve time for step 3 (global step 6) 3.424582198029384
Current ori: tensor([ 0.0056, -0.0136, -2.6519], device='cuda:0')
Index force: tensor([0.5179], device='cuda:0')
tensor([ 0.0056, -0.0136, -2.6519], device='cuda:0')
Current yaw: tensor([ 0.0027, -0.0217, -2.6711], device='cuda:0')
3 turn
Likelihood: -100.02900695800781
Sampling time 3.2457310599274933
tensor([ 4.8636e-02,  6.6231e-01,  4.5499e-01,  4.7498e-01, -1.1545e-01,
         5.2494e-01,  9.0225e-01,  9.3181e-01,  1.2298e+00,  3.0303e-01,
         2.6246e-01,  1.1312e+00, -6.8084e-04, -1.6708e-02, -2.6710e+00],
       device='cuda:0')
Solve time for step 1 (global step 7) 8.300520024029538
Current ori: tensor([ 1.0415e-03, -1.7936e-02, -2.6703e+00], device='cuda:0')
Middle force: tensor([0.8202, 1.3606, 1.1717, 0.9857, 0.6302, 1.0671, 0.5007, 1.4631, 0.7529,
        0.9806, 1.1586, 2.4238], device='cuda:0')
Thumb force: tensor([1.1051, 1.9132, 0.8461, 0.5044, 3.1588, 1.5183, 0.5617, 1.2456, 0.5546,
        0.9285, 1.7204, 1.1972], device='cuda:0')
Index force: tensor([0.8001, 0.7560, 0.6028, 0.8442, 0.8300, 0.8370, 0.8911, 0.9261, 0.7629,
        0.6057, 0.6349, 1.3432], device='cuda:0')
tensor([ 1.0415e-03, -1.7936e-02, -2.6703e+00], device='cuda:0')
tensor([ 4.5193e-02,  6.5137e-01,  4.5471e-01,  4.9481e-01, -1.1972e-01,
         4.8842e-01,  9.2420e-01,  1.0001e+00,  1.3021e+00,  2.2281e-01,
         2.5703e-01,  1.0444e+00, -1.2659e-03, -1.8965e-02, -2.8420e+00],
       device='cuda:0')
Likelihood: -131.48382568359375
Solve time for step 2 (global step 8) 7.737276286934502
Current ori: tensor([-1.4017e-03, -1.8991e-02, -2.8415e+00], device='cuda:0')
Middle force: tensor([1.2230, 1.0939, 0.9554, 0.5962, 0.9734, 0.8957, 0.6994, 0.8189, 0.9299,
        0.6362, 0.8784], device='cuda:0')
Thumb force: tensor([1.6434, 0.7549, 0.5007, 2.6495, 1.2938, 1.1057, 1.1266, 0.8738, 1.2094,
        0.9375, 1.1589], device='cuda:0')
Index force: tensor([0.6971, 0.5822, 0.7622, 0.7833, 0.7799, 0.6847, 0.7867, 0.5011, 0.6178,
        0.7136, 0.8297], device='cuda:0')
tensor([-1.4017e-03, -1.8991e-02, -2.8415e+00], device='cuda:0')
tensor([ 4.3652e-02,  6.4013e-01,  4.6652e-01,  5.1225e-01, -1.2592e-01,
         4.5583e-01,  9.5373e-01,  1.0747e+00,  1.3248e+00,  2.5048e-01,
         3.0179e-01,  8.6652e-01, -2.6984e-03, -1.1490e-02, -2.9916e+00],
       device='cuda:0')
Likelihood: -175.55880737304688
State is out of distribution
Likelihoods: tensor([-3.0109, -3.2126, -3.2495, -3.2733, -3.4307, -3.4803, -3.5548, -3.5670,
        -3.6345, -3.7627, -3.7708, -3.7883, -3.8659, -4.0767, -4.1821, -5.3015],
       device='cuda:0')
Contact modes ['thumb_middle' 'thumb_middle' 'thumb_middle' 'thumb_middle'
 'thumb_middle' 'thumb_middle' 'thumb_middle' 'thumb_middle'
 'thumb_middle' 'thumb_middle' 'thumb_middle' 'thumb_middle'
 'thumb_middle' 'thumb_middle' 'thumb_middle' 'thumb_middle']
Likelihood grouped mean: {'thumb_middle': 0.02747563563212615}
Likelihood grouped sum: {'thumb_middle': 0.4396101701140184}
Contact mode with highest likelihood sum: thumb_middle
Plan time: 1.895786180975847
Current yaw: tensor([-0.0066, -0.0159, -2.9852], device='cuda:0')
4 thumb_middle
tensor([ 0.0431,  0.6393,  0.4665,  0.5121, -0.1276,  0.4560,  0.9537,  1.0747,
         1.3259,  0.2504,  0.3023,  0.8665, -0.0084, -0.0140, -2.9844],
       device='cuda:0')
Solve time for step 1 (global step 9) 4.0658117739949375
Current ori: tensor([-0.0032, -0.0125, -2.9916], device='cuda:0')
Index force: tensor([0.5483, 0.5411, 0.5564], device='cuda:0')
tensor([-0.0032, -0.0125, -2.9916], device='cuda:0')
Apply perturbation now. Press <ENTER> to continuetensor([ 0.0187,  0.6785,  0.4180,  0.4489, -0.1746,  0.4275,  0.9198,  0.9792,
         1.2317,  0.2389,  0.2440,  0.9340, -0.0561, -0.0313, -2.9144],
       device='cuda:0')
Solve time for step 2 (global step 10) 3.738320460077375
Current ori: tensor([-0.0577, -0.0283, -2.9160], device='cuda:0')
Index force: tensor([0.5595, 0.5275], device='cuda:0')
tensor([-0.0577, -0.0283, -2.9160], device='cuda:0')
tensor([-0.0072,  0.6674,  0.4206,  0.4246, -0.1745,  0.4277,  0.9042,  0.9304,
         1.1986,  0.2769,  0.2238,  0.9848, -0.0599, -0.0133, -2.9137],
       device='cuda:0')
Solve time for step 3 (global step 11) 3.50253265700303
Current ori: tensor([-0.0603, -0.0121, -2.9137], device='cuda:0')
Index force: tensor([0.5428], device='cuda:0')
tensor([-0.0603, -0.0121, -2.9137], device='cuda:0')
Current yaw: tensor([-0.0389, -0.0227, -2.8114], device='cuda:0')
5 turn
Likelihood: -158.7200469970703
Sampling time 3.4092183540342376
tensor([-0.0146,  0.6678,  0.4184,  0.4098, -0.0958,  0.5054,  0.9519,  0.8816,
         1.2727,  0.2778,  0.2562,  0.9851, -0.0393, -0.0215, -2.8127],
       device='cuda:0')
Solve time for step 1 (global step 12) 8.520620085066184
Current ori: tensor([-0.0391, -0.0248, -2.8109], device='cuda:0')
Middle force: tensor([0.9017, 0.5475, 0.5066, 1.0974, 0.5008, 0.5356, 1.2723, 0.5425, 1.3215,
        1.5883, 1.2228, 1.1470], device='cuda:0')
Thumb force: tensor([0.5202, 0.8638, 0.7554, 1.0450, 0.5159, 0.5293, 1.0530, 1.0476, 1.4476,
        1.1048, 1.7407, 0.5798], device='cuda:0')
Index force: tensor([0.7417, 0.8875, 0.8030, 0.6331, 1.0090, 0.5545, 0.7723, 0.5443, 0.6513,
        0.5230, 0.5329, 0.6631], device='cuda:0')
tensor([-0.0391, -0.0248, -2.8109], device='cuda:0')
tensor([-0.0103,  0.6311,  0.4508,  0.4633, -0.1001,  0.5010,  0.9495,  0.9896,
         1.2718,  0.3073,  0.3042,  0.8526, -0.0417, -0.0247, -2.8888],
       device='cuda:0')
Likelihood: -168.462890625
Solve time for step 2 (global step 13) 7.80556142097339
Current ori: tensor([-0.0421, -0.0255, -2.8909], device='cuda:0')
Middle force: tensor([1.3247, 1.2010, 1.0693, 0.6554, 1.2179, 0.9779, 1.6878, 0.5144, 1.2910,
        0.5018, 1.9531], device='cuda:0')
Thumb force: tensor([1.9485, 0.8244, 0.5051, 3.3226, 1.5494, 1.2024, 0.9119, 0.5017, 1.2757,
        0.9758, 1.2403], device='cuda:0')
Index force: tensor([0.7777, 0.6140, 0.8228, 0.7934, 0.8349, 0.7138, 0.8829, 0.7974, 0.5338,
        0.7935, 1.0308], device='cuda:0')
tensor([-0.0280, -0.0218, -2.8901], device='cuda:0')
tensor([-0.0048,  0.6044,  0.4707,  0.5279, -0.1020,  0.5037,  0.9418,  1.0185,
         1.2949,  0.2835,  0.2813,  0.8634, -0.0370, -0.0267, -2.9182],
       device='cuda:0')
Likelihood: -170.936767578125
State is out of distribution
Likelihoods: tensor([-4.2524, -4.5111, -4.5265, -4.5610, -4.5628, -4.7550, -4.8074, -4.8296,
        -4.8573, -4.9611, -5.0137, -5.0890, -5.1354, -5.5180, -5.5558, -6.0001],
       device='cuda:0')
Contact modes ['thumb_middle' 'thumb_middle' 'thumb_middle' 'thumb_middle'
 'thumb_middle' 'thumb_middle' 'thumb_middle' 'thumb_middle'
 'thumb_middle' 'thumb_middle' 'thumb_middle' 'thumb_middle'
 'thumb_middle' 'thumb_middle' 'thumb_middle' 'thumb_middle']
Likelihood grouped mean: {'thumb_middle': 0.007844802736587332}
Likelihood grouped sum: {'thumb_middle': 0.12551684378539732}
Contact mode with highest likelihood sum: thumb_middle
Plan time: 1.8519720549229532
Current yaw: tensor([-0.0364, -0.0286, -2.9159], device='cuda:0')
6 thumb_middle
tensor([-0.0054,  0.6045,  0.4705,  0.5278, -0.1013,  0.5038,  0.9420,  1.0182,
         1.2952,  0.2839,  0.2811,  0.8643, -0.0371, -0.0264, -2.9177],
       device='cuda:0')
Solve time for step 1 (global step 14) 3.95016728003975
Current ori: tensor([-0.0357, -0.0249, -2.9193], device='cuda:0')
Index force: tensor([0.5579, 0.5293, 0.5162], device='cuda:0')
tensor([-0.0357, -0.0249, -2.9193], device='cuda:0')
tensor([-0.0411,  0.5775,  0.4738,  0.5277, -0.2176,  0.4639,  0.8929,  0.9405,
         1.2196,  0.2809,  0.2148,  0.9368, -0.0211, -0.0054, -2.8933],
       device='cuda:0')
Solve time for step 2 (global step 15) 3.7628300840733573
Current ori: tensor([-0.0222, -0.0060, -2.8913], device='cuda:0')
Index force: tensor([0.5253, 0.5142], device='cuda:0')
tensor([-0.0222, -0.0060, -2.8913], device='cuda:0')
tensor([-0.0422,  0.5917,  0.4644,  0.4967, -0.2174,  0.4945,  0.8760,  0.8714,
         1.2180,  0.2816,  0.2101,  0.9624, -0.0267, -0.0042, -2.8934],
       device='cuda:0')
Solve time for step 3 (global step 16) 3.631647872971371
Current ori: tensor([-2.7683e-02, -2.1140e-03, -2.8949e+00], device='cuda:0')
Index force: tensor([0.5122], device='cuda:0')
tensor([-2.7683e-02, -2.1140e-03, -2.8949e+00], device='cuda:0')
Current yaw: tensor([-0.0277, -0.0240, -2.7935], device='cuda:0')
7 turn
Likelihood: -151.4645233154297
Sampling time 3.4755939659662545
tensor([-0.0355,  0.6341,  0.4472,  0.4244, -0.1261,  0.5690,  0.9109,  0.8501,
         1.2409,  0.3247,  0.2564,  1.0182, -0.0270, -0.0270, -2.7911],
       device='cuda:0')
Solve time for step 1 (global step 17) 8.661035644006915
Current ori: tensor([-0.0266, -0.0272, -2.7913], device='cuda:0')
Middle force: tensor([0.7575, 1.0416, 1.1954, 1.5945, 1.3030, 1.7997, 1.5696, 1.1822, 0.9185,
        0.5657, 0.6603, 0.8909], device='cuda:0')
Thumb force: tensor([2.0648, 1.6270, 1.6140, 1.0246, 1.0612, 1.2893, 1.2485, 0.6998, 1.3310,
        0.8705, 0.5275, 1.3978], device='cuda:0')
Index force: tensor([0.7596, 0.6631, 0.9164, 0.5751, 0.6922, 0.7016, 0.8554, 0.7959, 0.7575,
        0.8876, 0.6552, 0.5642], device='cuda:0')
tensor([-0.0266, -0.0272, -2.7913], device='cuda:0')
tensor([-0.0447,  0.6126,  0.4619,  0.4616, -0.1274,  0.5688,  0.8851,  0.9245,
         1.2347,  0.4019,  0.2794,  0.9560, -0.0295, -0.0213, -2.8584],
       device='cuda:0')
Likelihood: -148.39801025390625
Solve time for step 2 (global step 18) 7.956935973954387
Current ori: tensor([-0.0308, -0.0158, -2.8617], device='cuda:0')
Middle force: tensor([0.9649, 1.1496, 1.5004, 1.2058, 0.7464, 0.9671, 1.0905, 2.4646, 0.8249,
        0.9171, 0.8455], device='cuda:0')
Thumb force: tensor([1.5394, 1.5603, 0.9705, 1.0950, 1.2718, 1.5034, 1.0498, 1.0767, 0.7276,
        1.2445, 0.7747], device='cuda:0')
Index force: tensor([0.6700, 0.8971, 0.5652, 0.7085, 0.5693, 0.5482, 0.5965, 0.9883, 0.9291,
        0.6153, 0.7081], device='cuda:0')
tensor([-0.0308, -0.0158, -2.8617], device='cuda:0')
Apply perturbation now. Press <ENTER> to continuetensor([-0.0705,  0.5958,  0.5108,  0.5264, -0.1213,  0.5699,  0.9215,  1.0157,
         1.2826,  0.3539,  0.3245,  0.7740, -0.1225, -0.0062, -2.5668],
       device='cuda:0')
Likelihood: -169.08363342285156
Solve time for step 3 (global step 19) 7.519300931948237
Current ori: tensor([-0.1224, -0.0066, -2.5663], device='cuda:0')
Middle force: tensor([1.0682, 1.4504, 1.1274, 0.7398, 0.9420, 1.0634, 2.3742, 0.7790, 0.8844,
        0.8091], device='cuda:0')
Thumb force: tensor([1.5329, 1.0079, 1.0877, 1.2445, 1.4680, 1.0164, 1.0282, 0.7201, 1.2231,
        0.7574], device='cuda:0')
Index force: tensor([0.9237, 0.5906, 0.7124, 0.5647, 0.5424, 0.5861, 0.9577, 0.9134, 0.6097,
        0.7036], device='cuda:0')
tensor([-0.1224, -0.0066, -2.5663], device='cuda:0')
tensor([-0.0700,  0.5960,  0.5116,  0.5426, -0.1214,  0.5698,  0.9460,  1.0404,
         1.4048,  0.3238,  0.3446,  0.6327, -1.6202,  0.2081, -2.5538],
       device='cuda:0')
Likelihood: -314.58709716796875
State is out of distribution
Probably dropped the object
tensor([-1.6056,  0.0795, -2.3080], device='cuda:0')
{}

Trial 5
No action perturbation this trial
Random perturbation %: 0.33
Loaded trajectory sampler
Current yaw: tensor([-1.6055,  0.0801, -2.3084], device='cuda:0')
Ready to pregrasp. Press <ENTER> to continue.tensor([ 0.0151, -0.0056, -2.4655], device='cuda:0')
Pregrasp complete. Ready to execute. Press <ENTER> to continue.Current yaw: tensor([ 0.0138, -0.0061, -2.4927], device='cuda:0')
1 turn
Likelihood: -57.69330596923828
Sampling time 3.3321131819393486
tensor([ 0.1528,  0.5417,  0.6779,  0.6221, -0.1174,  0.5611,  0.8985,  0.9103,
         1.2040,  0.2429,  0.2914,  1.2014,  0.0134, -0.0055, -2.4926],
       device='cuda:0')
Solve time for step 1 (global step 0) 8.281074967002496
Current ori: tensor([ 0.0141, -0.0060, -2.4922], device='cuda:0')
Middle force: tensor([1.0614, 0.8582, 0.9331, 1.1732, 0.7912, 0.5561, 0.9194, 1.3059, 0.8442,
        1.7207, 1.7377, 1.1569], device='cuda:0')
Thumb force: tensor([0.5795, 1.0332, 1.3048, 0.7833, 1.0126, 0.8174, 0.5431, 1.0544, 0.6061,
        1.7450, 1.8764, 1.6981], device='cuda:0')
Index force: tensor([0.6919, 0.6428, 0.8908, 0.6020, 0.7600, 0.9154, 0.6038, 0.6784, 0.5182,
        0.6753, 0.5589, 0.7846], device='cuda:0')
tensor([ 0.0141, -0.0060, -2.4922], device='cuda:0')
Apply perturbation now. Press <ENTER> to continuetensor([ 0.1317,  0.5467,  0.6538,  0.6032, -0.1203,  0.5660,  0.9161,  0.9570,
         1.2635,  0.2172,  0.2923,  1.0966,  0.0568, -0.0245, -3.0248],
       device='cuda:0')
Likelihood: -88.6195068359375
Solve time for step 2 (global step 1) 7.8440721379593015
Current ori: tensor([ 0.0571, -0.0229, -3.0249], device='cuda:0')
Middle force: tensor([0.8229, 0.9011, 1.1416, 0.7856, 0.5504, 0.9049, 1.2893, 0.8285, 1.6781,
        1.6902, 1.1727], device='cuda:0')
Thumb force: tensor([1.0244, 1.2743, 0.7668, 0.9668, 0.7973, 0.5391, 1.0014, 0.5985, 1.6889,
        1.8101, 1.6097], device='cuda:0')
Index force: tensor([0.6559, 0.8710, 0.5963, 0.7465, 0.9014, 0.5967, 0.6666, 0.5168, 0.6667,
        0.5551, 0.7763], device='cuda:0')
tensor([ 0.0571, -0.0229, -3.0249], device='cuda:0')
tensor([ 0.1060,  0.5703,  0.6163,  0.5587, -0.1218,  0.5745,  0.9073,  0.9503,
         1.3144,  0.1668,  0.2917,  1.0071,  0.0508, -0.0151, -3.1316],
       device='cuda:0')
Likelihood: -93.76089477539062
Solve time for step 3 (global step 2) 7.345462652971037
Current ori: tensor([ 0.0506, -0.0137, -3.1324], device='cuda:0')
Middle force: tensor([0.8928, 1.1022, 0.7655, 0.5455, 0.8806, 1.2554, 0.8136, 1.6288, 1.6403,
        1.1640], device='cuda:0')
Thumb force: tensor([1.2730, 0.7663, 0.9447, 0.7923, 0.5385, 0.9745, 0.5933, 1.6511, 1.7574,
        1.5519], device='cuda:0')
Index force: tensor([0.8457, 0.6085, 0.7602, 0.8940, 0.5939, 0.6566, 0.5158, 0.6576, 0.5529,
        0.7706], device='cuda:0')
tensor([ 0.0506, -0.0137, -3.1324], device='cuda:0')
Apply perturbation now. Press <ENTER> to continuetensor([ 0.0929,  0.5465,  0.6215,  0.5853, -0.1278,  0.5985,  0.9140,  0.9338,
         1.2966,  0.1644,  0.2396,  1.0629,  0.0167, -0.0359, -2.8022],
       device='cuda:0')
Likelihood: -70.23482513427734
Solve time for step 4 (global step 3) 6.87893253902439
Current ori: tensor([ 0.0168, -0.0361, -2.8015], device='cuda:0')
Middle force: tensor([1.1579, 0.7961, 0.5396, 0.8602, 1.2472, 0.8015, 1.5991, 1.5966, 1.1444],
       device='cuda:0')
Thumb force: tensor([0.7880, 0.9357, 0.8010, 0.5450, 0.9308, 0.5873, 1.5999, 1.6953, 1.5014],
       device='cuda:0')
Index force: tensor([0.6040, 0.7747, 0.8940, 0.5877, 0.6473, 0.5148, 0.6435, 0.5509, 0.7686],
       device='cuda:0')
tensor([ 0.0168, -0.0361, -2.8015], device='cuda:0')
Apply perturbation now. Press <ENTER> to continuetensor([ 0.1229,  0.5685,  0.6152,  0.6081, -0.1259,  0.6760,  0.8686,  0.8203,
         1.2615,  0.2168,  0.2388,  1.2031,  0.0556, -0.0174, -2.7900],
       device='cuda:0')
Likelihood: -97.09656524658203
Solve time for step 5 (global step 4) 6.437296665972099
Current ori: tensor([ 0.0530, -0.0198, -2.7907], device='cuda:0')
Middle force: tensor([0.8071, 0.5406, 0.8202, 1.2484, 0.7891, 1.5581, 1.5541, 1.1408],
       device='cuda:0')
Thumb force: tensor([0.9266, 0.8222, 0.5680, 0.9278, 0.5863, 1.5650, 1.6324, 1.4380],
       device='cuda:0')
Index force: tensor([0.7572, 0.9017, 0.5903, 0.6421, 0.5145, 0.6333, 0.5469, 0.7616],
       device='cuda:0')
tensor([ 0.0530, -0.0198, -2.7907], device='cuda:0')
Apply perturbation now. Press <ENTER> to continuetensor([ 0.1117,  0.5851,  0.5899,  0.5960, -0.1214,  0.7253,  0.8859,  0.8214,
         1.2538,  0.2342,  0.2179,  1.2107,  0.0828, -0.0403, -3.0082],
       device='cuda:0')
Likelihood: -112.93545532226562
Solve time for step 6 (global step 5) 6.114678469952196
Current ori: tensor([ 0.0830, -0.0394, -3.0083], device='cuda:0')
Middle force: tensor([0.5615, 0.8239, 1.2704, 0.8020, 1.5516, 1.5415, 1.1667],
       device='cuda:0')
Thumb force: tensor([0.8832, 0.5886, 0.9560, 0.5930, 1.5575, 1.5763, 1.3737],
       device='cuda:0')
Index force: tensor([0.9299, 0.5935, 0.6379, 0.5138, 0.6137, 0.5395, 0.7443],
       device='cuda:0')
tensor([ 0.0830, -0.0394, -3.0083], device='cuda:0')
tensor([ 0.1229,  0.5727,  0.6090,  0.6095, -0.1214,  0.7776,  0.8718,  0.7824,
         1.1467,  0.3987,  0.2386,  1.2865,  0.0870, -0.0493, -2.8961],
       device='cuda:0')
Likelihood: -144.7937469482422
Solve time for step 7 (global step 6) 5.861761500011198
Current ori: tensor([ 0.0879, -0.0490, -2.8963], device='cuda:0')
Middle force: tensor([0.8045, 1.0295, 1.1246, 0.7949, 1.0496, 2.3649], device='cuda:0')
Thumb force: tensor([1.4623, 0.9321, 1.4045, 0.5578, 0.8148, 1.8190], device='cuda:0')
Index force: tensor([0.7710, 0.7133, 0.5567, 0.8314, 0.5408, 1.1058], device='cuda:0')
tensor([ 0.0879, -0.0490, -2.8963], device='cuda:0')
tensor([ 0.1447,  0.5428,  0.6664,  0.6261, -0.1216,  0.8678,  0.8466,  0.6573,
         1.1231,  0.3865,  0.1815,  1.5027,  0.0935, -0.0340, -2.5316],
       device='cuda:0')
Likelihood: -181.92359924316406
State is out of distribution
Likelihoods: tensor([-7.4356, -7.4537, -7.5403, -7.7305, -7.8789, -7.8819, -7.8929, -7.9063,
        -7.9953, -8.0062, -8.0315, -8.1113, -8.2066, -8.2388, -8.3609, -8.5684],
       device='cuda:0')
Contact modes ['thumb_middle' 'thumb_middle' 'thumb_middle' 'thumb_middle'
 'thumb_middle' 'thumb_middle' 'thumb_middle' 'thumb_middle'
 'thumb_middle' 'thumb_middle' 'thumb_middle' 'thumb_middle'
 'thumb_middle' 'thumb_middle' 'thumb_middle' 'thumb_middle']
Likelihood grouped mean: {'thumb_middle': 0.00036837864004279404}
Likelihood grouped sum: {'thumb_middle': 0.005894058240684705}
Contact mode with highest likelihood sum: thumb_middle
Plan time: 1.902981432969682
Current yaw: tensor([ 0.0930, -0.0320, -2.5276], device='cuda:0')
2 thumb_middle
tensor([ 0.1472,  0.5433,  0.6694,  0.6262, -0.1151,  0.8684,  0.8466,  0.6572,
         1.1224,  0.3881,  0.1807,  1.5028,  0.0938, -0.0329, -2.5311],
       device='cuda:0')
Solve time for step 1 (global step 7) 3.9931227810448036
Current ori: tensor([ 0.0938, -0.0331, -2.5309], device='cuda:0')
Index force: tensor([0.6432, 0.4999, 0.4977], device='cuda:0')
tensor([ 0.0938, -0.0331, -2.5309], device='cuda:0')
tensor([ 0.1047,  0.5278,  0.6385,  0.6472, -0.2516,  0.7036,  0.8037,  0.7085,
         1.1248,  0.3850,  0.1455,  1.2387,  0.1018, -0.0199, -2.6423],
       device='cuda:0')
Solve time for step 2 (global step 8) 3.7168154139071703
Current ori: tensor([ 0.1051, -0.0164, -2.6457], device='cuda:0')
Index force: tensor([0.5000, 0.4997], device='cuda:0')
tensor([ 0.1051, -0.0164, -2.6457], device='cuda:0')
tensor([ 0.1068,  0.5275,  0.5982,  0.6851, -0.2523,  0.5999,  0.8282,  0.8070,
         1.1245,  0.3851,  0.1756,  1.2259,  0.1246, -0.0475, -2.3368],
       device='cuda:0')
Solve time for step 3 (global step 9) 3.5396275939419866
Current ori: tensor([-0.0112,  0.0478,  2.0376], device='cuda:0')
Index force: tensor([0.5000], device='cuda:0')
tensor([-0.0125,  0.0444,  2.0395], device='cuda:0')
Current yaw: tensor([-0.0109,  0.0456,  2.0392], device='cuda:0')
3 turn
Likelihood: -146.05465698242188
Sampling time 3.3042119280435145
tensor([ 0.0220,  0.5156,  0.5953,  0.6861, -0.1349,  0.4613,  1.0365,  1.0492,
         1.1250,  0.4135,  0.2807,  1.3970, -0.0104,  0.0443,  2.0381],
       device='cuda:0')
Solve time for step 1 (global step 10) 8.389705626992509
Current ori: tensor([-0.0114,  0.0425,  2.0382], device='cuda:0')
Middle force: tensor([0.8609, 0.6191, 0.9237, 0.8040, 1.2874, 0.9234, 1.3070, 0.6516, 0.5238,
        0.7260, 1.5603, 1.0179], device='cuda:0')
Thumb force: tensor([0.5670, 1.1372, 0.7017, 1.0605, 0.6397, 0.6786, 0.6810, 0.8160, 0.5063,
        0.5124, 0.8056, 0.9885], device='cuda:0')
Index force: tensor([0.8574, 0.6382, 0.7685, 0.5232, 0.5732, 0.9884, 0.6824, 0.5525, 0.8084,
        0.6091, 0.5730, 0.5211], device='cuda:0')
tensor([-0.0114,  0.0425,  2.0382], device='cuda:0')
Apply perturbation now. Press <ENTER> to continuetensor([ 0.0218,  0.6043,  0.5664,  0.6351, -0.1350,  0.4611,  1.0576,  1.0745,
         1.1622,  0.4121,  0.2816,  1.1930, -0.0102,  0.0480,  2.0382],
       device='cuda:0')
Likelihood: -151.439208984375
Solve time for step 2 (global step 11) 7.952484569046646
Current ori: tensor([-0.0217,  0.0609,  2.0351], device='cuda:0')
Middle force: tensor([1.1063, 0.6130, 1.5939, 1.0133, 1.7275, 0.7129, 0.7651, 1.6710, 0.6539,
        0.5746, 1.2705], device='cuda:0')
Thumb force: tensor([0.8497, 0.8943, 2.3622, 1.4794, 1.5851, 0.8129, 0.9744, 1.0938, 0.5268,
        0.6848, 0.8452], device='cuda:0')
Index force: tensor([1.4225, 0.6506, 1.4553, 0.5825, 0.8614, 1.0366, 1.2602, 0.5713, 0.6760,
        0.5094, 0.6647], device='cuda:0')
tensor([-0.0217,  0.0609,  2.0351], device='cuda:0')
tensor([ 0.0214,  0.6620,  0.5390,  0.6146, -0.1349,  0.4612,  1.0520,  1.1665,
         1.3212,  0.2265,  0.2108,  1.1548,  0.3468, -0.2238, -0.0536],
       device='cuda:0')
Likelihood: -338.1767883300781
State is out of distribution
Likelihoods: tensor([-4.7610, -5.3956, -5.4456, -5.5394, -5.7541, -5.9515, -6.0848, -6.2238,
        -6.2547, -6.2909, -6.3478, -6.5642, -6.5863, -6.6729, -6.7404, -7.1506],
       device='cuda:0')
Contact modes ['index' 'thumb_middle' 'thumb_middle' 'thumb_middle' 'thumb_middle'
 'thumb_middle' 'thumb_middle' 'thumb_middle' 'thumb_middle'
 'thumb_middle' 'thumb_middle' 'thumb_middle' 'thumb_middle'
 'thumb_middle' 'thumb_middle' 'thumb_middle']
Likelihood grouped mean: {'index': 0.00855720994540402, 'thumb_middle': 0.0022904577471487514}
Likelihood grouped sum: {'index': 0.00855720994540402, 'thumb_middle': 0.034356866207231274}
Contact mode with highest likelihood sum: thumb_middle
Plan time: 1.9681513960240409
Current yaw: tensor([-0.0094,  0.0505,  2.0369], device='cuda:0')
4 thumb_middle
tensor([ 0.0220,  0.6619,  0.5384,  0.6143, -0.1326,  0.4624,  1.0416,  1.1689,
         1.3800,  0.2263,  0.2114,  1.1495,  1.6346, -0.7345,  0.8815],
       device='cuda:0')
Solve time for step 1 (global step 12) 4.052917620050721
Current ori: tensor([ 1.6317, -0.7356,  0.8790], device='cuda:0')
Index force: tensor([0.5639, 0.5708, 0.5543], device='cuda:0')
tensor([ 1.6317, -0.7356,  0.8790], device='cuda:0')
Apply perturbation now. Press <ENTER> to continuetensor([-0.0595,  0.9909,  0.3581,  0.2907, -0.1835,  0.4896,  0.9783,  1.0223,
         1.3504,  0.2596,  0.2032,  1.1494,  1.6336, -0.7359,  0.8832],
       device='cuda:0')
Solve time for step 2 (global step 13) 3.784908831003122
Current ori: tensor([ 1.6331, -0.7363,  0.8841], device='cuda:0')
Index force: tensor([0.6184, 0.4921], device='cuda:0')
tensor([ 1.6331, -0.7363,  0.8841], device='cuda:0')
Apply perturbation now. Press <ENTER> to continuetensor([-0.2468,  1.3168,  0.2291, -0.0307, -0.1833,  0.6366,  0.9061,  0.8563,
         1.3721,  0.2997,  0.1703,  1.0811,  1.6319, -0.7365,  0.8765],
       device='cuda:0')
Solve time for step 3 (global step 14) 3.5885081539163366
Current ori: tensor([ 1.6315, -0.7359,  0.8769], device='cuda:0')
Index force: tensor([0.5235], device='cuda:0')
tensor([ 1.6315, -0.7359,  0.8769], device='cuda:0')
Probably dropped the object
tensor([ 1.6274, -0.7408,  0.8748], device='cuda:0')
Likelihood: -794.5476684570312
State is out of distribution
{}

Trial 6
No action perturbation this trial
Random perturbation %: 0.33
Loaded trajectory sampler
Current yaw: tensor([ 1.6331, -0.7348,  0.8777], device='cuda:0')
Ready to pregrasp. Press <ENTER> to continue.tensor([-0.0027,  0.0195, -0.2251], device='cuda:0')
Pregrasp complete. Ready to execute. Press <ENTER> to continue.Current yaw: tensor([-0.0023,  0.0171, -0.2410], device='cuda:0')
1 turn
Likelihood: -44.29547882080078
Sampling time 3.3458736509783193
tensor([ 0.1354,  0.6159,  0.5537,  0.6429, -0.0946,  0.5014,  0.9621,  0.8740,
         1.2045,  0.2976,  0.2496,  1.2208, -0.0066,  0.0078, -0.2428],
       device='cuda:0')
Solve time for step 1 (global step 0) 8.435044848942198
Current ori: tensor([-0.0020,  0.0181, -0.2404], device='cuda:0')
Middle force: tensor([2.2217, 0.5247, 0.5068, 0.7281, 0.9164, 1.0073, 0.6503, 1.1023, 1.3982,
        1.3862, 0.8749, 1.3095], device='cuda:0')
Thumb force: tensor([2.2468, 0.6157, 2.4027, 0.6255, 1.3353, 0.7276, 1.0304, 1.2765, 0.8036,
        1.4046, 0.7431, 1.2102], device='cuda:0')
Index force: tensor([1.1090, 1.1365, 0.6182, 0.6003, 0.8258, 0.5290, 0.8423, 0.5775, 0.9529,
        0.5630, 0.5855, 0.6888], device='cuda:0')
tensor([-0.0020,  0.0181, -0.2404], device='cuda:0')
tensor([ 0.1344,  0.6344,  0.5529,  0.5868, -0.0997,  0.4649,  1.0014,  0.9468,
         1.2758,  0.2419,  0.2595,  1.0186, -0.0036,  0.0052, -0.5770],
       device='cuda:0')
Likelihood: -103.0020751953125
Solve time for step 2 (global step 1) 7.853561402997002
Current ori: tensor([ 0.0044,  0.0019, -0.5787], device='cuda:0')
Middle force: tensor([0.5203, 0.5051, 0.7070, 0.8878, 0.9942, 0.6462, 1.0814, 1.3706, 1.3575,
        0.8590, 1.2741], device='cuda:0')
Thumb force: tensor([0.6053, 2.3121, 0.6178, 1.3035, 0.7147, 1.0006, 1.2306, 0.7759, 1.3613,
        0.7231, 1.1799], device='cuda:0')
Index force: tensor([1.1157, 0.6157, 0.5942, 0.8118, 0.5252, 0.8275, 0.5710, 0.9346, 0.5570,
        0.5803, 0.6745], device='cuda:0')
tensor([ 0.0044,  0.0019, -0.5787], device='cuda:0')
tensor([ 0.1303,  0.6340,  0.5442,  0.5933, -0.0995,  0.4540,  1.0013,  0.9667,
         1.3443,  0.1327,  0.2421,  0.9887, -0.0023,  0.0101, -0.6440],
       device='cuda:0')
Likelihood: -119.64466857910156
Solve time for step 3 (global step 2) 7.569358187960461
Current ori: tensor([-0.0012,  0.0087, -0.6364], device='cuda:0')
Middle force: tensor([0.5035, 0.6877, 0.8585, 0.9771, 0.6378, 1.0564, 1.3371, 1.3246, 0.8407,
        1.2338], device='cuda:0')
Thumb force: tensor([2.2255, 0.6118, 1.2761, 0.7053, 0.9797, 1.1930, 0.7535, 1.3244, 0.7075,
        1.1579], device='cuda:0')
Index force: tensor([0.6089, 0.5877, 0.7972, 0.5221, 0.8127, 0.5642, 0.9200, 0.5519, 0.5751,
        0.6623], device='cuda:0')
tensor([-0.0014,  0.0092, -0.6360], device='cuda:0')
tensor([ 0.1234,  0.6338,  0.5350,  0.5938, -0.1189,  0.4487,  1.0014,  0.9841,
         1.3677,  0.1363,  0.2557,  0.9201, -0.0049,  0.0161, -0.6991],
       device='cuda:0')
Likelihood: -123.997802734375
Solve time for step 4 (global step 3) 6.943777590058744
Current ori: tensor([-0.0055,  0.0153, -0.6992], device='cuda:0')
Middle force: tensor([0.6675, 0.8262, 0.9597, 0.6314, 1.0348, 1.3028, 1.2897, 0.8239, 1.1906],
       device='cuda:0')
Thumb force: tensor([0.5984, 1.2577, 0.6969, 0.9556, 1.1500, 0.7325, 1.2898, 0.6905, 1.1400],
       device='cuda:0')
Index force: tensor([0.5794, 0.7785, 0.5191, 0.7965, 0.5571, 0.9029, 0.5468, 0.5697, 0.6502],
       device='cuda:0')
tensor([-0.0055,  0.0153, -0.6992], device='cuda:0')
tensor([ 0.1260,  0.6356,  0.5350,  0.5937, -0.1185,  0.4312,  1.0207,  1.0142,
         1.3574,  0.1848,  0.2895,  0.8288, -0.0125,  0.0162, -0.7839],
       device='cuda:0')
Likelihood: -147.58316040039062
Solve time for step 5 (global step 4) 6.464668795932084
Current ori: tensor([-0.0121,  0.0156, -0.7841], device='cuda:0')
Middle force: tensor([0.8001, 0.9462, 0.6258, 1.0117, 1.2671, 1.2584, 0.8067, 1.1542],
       device='cuda:0')
Thumb force: tensor([1.2195, 0.6876, 0.9326, 1.1102, 0.7158, 1.2566, 0.6742, 1.1174],
       device='cuda:0')
Index force: tensor([0.7628, 0.5165, 0.7821, 0.5508, 0.8870, 0.5422, 0.5649, 0.6407],
       device='cuda:0')
tensor([-0.0121,  0.0156, -0.7841], device='cuda:0')
tensor([ 0.1310,  0.6405,  0.5352,  0.5938, -0.1098,  0.4108,  1.0460,  1.0468,
         1.3796,  0.1743,  0.3006,  0.7505, -0.0072,  0.0130, -0.8917],
       device='cuda:0')
Likelihood: -159.0091552734375
Solve time for step 6 (global step 5) 6.120775098912418
Current ori: tensor([-0.0138,  0.0099, -0.8949], device='cuda:0')
Middle force: tensor([0.9316, 0.6182, 0.9852, 1.2361, 1.2287, 0.7896, 1.1209],
       device='cuda:0')
Thumb force: tensor([0.6698, 0.9167, 1.0777, 0.6967, 1.2267, 0.6600, 1.0959],
       device='cuda:0')
Index force: tensor([0.5142, 0.7676, 0.5446, 0.8731, 0.5382, 0.5604, 0.6313],
       device='cuda:0')
tensor([-0.0097,  0.0112, -0.8915], device='cuda:0')
tensor([ 0.1321,  0.6403,  0.5356,  0.5966, -0.1096,  0.3963,  1.0677,  1.0656,
         1.3851,  0.1741,  0.3252,  0.6893, -0.0125,  0.0116, -0.9634],
       device='cuda:0')
Likelihood: -189.54774475097656
State is out of distribution
Likelihoods: tensor([-2.9750, -3.0665, -3.2830, -3.3118, -3.3967, -3.4186, -3.4202, -3.4467,
        -3.4564, -3.5214, -3.5242, -3.5749, -3.6754, -3.7792, -3.9566, -4.4935],
       device='cuda:0')
Contact modes ['thumb_middle' 'thumb_middle' 'thumb_middle' 'thumb_middle'
 'thumb_middle' 'thumb_middle' 'thumb_middle' 'thumb_middle'
 'thumb_middle' 'thumb_middle' 'thumb_middle' 'thumb_middle'
 'thumb_middle' 'thumb_middle' 'thumb_middle' 'thumb_middle']
Likelihood grouped mean: {'thumb_middle': 0.031217376666664173}
Likelihood grouped sum: {'thumb_middle': 0.4994780266666268}
Contact mode with highest likelihood sum: thumb_middle
Plan time: 1.9067649020580575
Current yaw: tensor([-0.0123,  0.0104, -0.9669], device='cuda:0')
2 thumb_middle
tensor([ 0.1334,  0.6406,  0.5360,  0.5969, -0.1059,  0.3975,  1.0678,  1.0656,
         1.3851,  0.1743,  0.3246,  0.6889, -0.0111,  0.0065, -0.9652],
       device='cuda:0')
Solve time for step 1 (global step 6) 4.095995584037155
Current ori: tensor([-0.0103,  0.0066, -0.9646], device='cuda:0')
Index force: tensor([0.5400, 0.5394, 0.5384], device='cuda:0')
tensor([-0.0103,  0.0066, -0.9646], device='cuda:0')
tensor([ 0.1344,  0.6578,  0.5257,  0.5831, -0.2060,  0.4004,  0.9613,  0.9655,
         1.3066,  0.1833,  0.2427,  0.8173, -0.0161,  0.0087, -0.9420],
       device='cuda:0')
Solve time for step 2 (global step 7) 3.705194568959996
Current ori: tensor([-0.0135,  0.0040, -0.9399], device='cuda:0')
Index force: tensor([0.5196, 0.5251], device='cuda:0')
tensor([-0.0135,  0.0040, -0.9399], device='cuda:0')
tensor([ 0.1410,  0.6575,  0.5313,  0.5830, -0.2058,  0.4276,  0.9582,  0.9286,
         1.2678,  0.1908,  0.2268,  0.9168, -0.0135,  0.0098, -0.9310],
       device='cuda:0')
Solve time for step 3 (global step 8) 3.4921006180811673
Current ori: tensor([-0.0117,  0.0067, -0.9298], device='cuda:0')
Index force: tensor([0.5243], device='cuda:0')
tensor([-0.0117,  0.0067, -0.9298], device='cuda:0')
Current yaw: tensor([-0.0157,  0.0011, -0.9260], device='cuda:0')
3 turn
Likelihood: -77.8732681274414
Sampling time 3.370948469033465
tensor([ 0.1430,  0.6718,  0.5298,  0.5532, -0.1080,  0.5030,  0.9769,  0.9557,
         1.2880,  0.2091,  0.2558,  0.9962, -0.0166,  0.0016, -0.9256],
       device='cuda:0')
Solve time for step 1 (global step 9) 8.491017729975283
Current ori: tensor([-0.0166,  0.0016, -0.9261], device='cuda:0')
Middle force: tensor([1.6545, 1.7336, 1.9695, 1.3612, 0.7177, 1.6429, 1.4835, 1.5270, 0.7639,
        1.6795, 0.6133, 1.4112], device='cuda:0')
Thumb force: tensor([1.1380, 0.9746, 1.2669, 2.7316, 1.4555, 3.8818, 1.2842, 2.0524, 0.9108,
        1.4239, 1.2367, 1.0929], device='cuda:0')
Index force: tensor([0.8531, 1.0704, 1.0745, 1.2154, 0.6710, 0.9365, 1.0019, 1.0644, 1.1179,
        0.6921, 1.0928, 0.7815], device='cuda:0')
tensor([-0.0166,  0.0016, -0.9261], device='cuda:0')
tensor([ 0.1449,  0.6896,  0.5292,  0.5030, -0.1099,  0.5289,  0.9593,  0.9522,
         1.2914,  0.2118,  0.2561,  0.9687, -0.0226, -0.0030, -0.9403],
       device='cuda:0')
Likelihood: -104.0380630493164
Solve time for step 2 (global step 10) 7.76838649797719
Current ori: tensor([-0.0245, -0.0023, -0.9411], device='cuda:0')
Middle force: tensor([1.6922, 1.9346, 1.3525, 0.7096, 1.6198, 1.4584, 1.5134, 0.7546, 1.6455,
        0.6021, 1.3885], device='cuda:0')
Thumb force: tensor([0.9557, 1.2284, 2.6539, 1.4280, 3.7634, 1.2500, 1.9808, 0.8914, 1.3899,
        1.2179, 1.0617], device='cuda:0')
Index force: tensor([1.0466, 1.0519, 1.1841, 0.6630, 0.9240, 0.9824, 1.0463, 1.0977, 0.6832,
        1.0731, 0.7708], device='cuda:0')
tensor([-0.0245, -0.0023, -0.9411], device='cuda:0')
tensor([ 1.4477e-01,  6.8492e-01,  5.3819e-01,  5.0017e-01, -1.1245e-01,
         5.3328e-01,  9.5799e-01,  9.5254e-01,  1.3119e+00,  1.6663e-01,
         2.5319e-01,  9.6854e-01, -2.3503e-02,  5.3919e-04, -9.3263e-01],
       device='cuda:0')
Likelihood: -102.8092041015625
Solve time for step 3 (global step 11) 7.401881524012424
Current ori: tensor([-2.1356e-02, -1.8403e-04, -9.3056e-01], device='cuda:0')
Middle force: tensor([1.8924, 1.3266, 0.7020, 1.5870, 1.4205, 1.4852, 0.7248, 1.6104, 0.5858,
        1.3621], device='cuda:0')
Thumb force: tensor([1.1891, 2.5914, 1.4006, 3.6562, 1.2343, 1.9267, 0.8996, 1.3605, 1.2130,
        1.0358], device='cuda:0')
Index force: tensor([1.0345, 1.1541, 0.6556, 0.9097, 0.9642, 1.0268, 1.0760, 0.6750, 1.0539,
        0.7628], device='cuda:0')
tensor([-2.1356e-02, -1.8403e-04, -9.3056e-01], device='cuda:0')
tensor([ 0.1492,  0.6850,  0.5420,  0.5028, -0.1183,  0.5249,  0.9622,  0.9718,
         1.3223,  0.1735,  0.2670,  0.8989, -0.0246, -0.0060, -1.0120],
       device='cuda:0')
Likelihood: -119.50909423828125
Solve time for step 4 (global step 12) 7.269182969932444
Current ori: tensor([-0.0248, -0.0051, -1.0135], device='cuda:0')
Middle force: tensor([1.2981, 0.6953, 1.5620, 1.3898, 1.4690, 0.7204, 1.5752, 0.5798, 1.3399],
       device='cuda:0')
Thumb force: tensor([2.5242, 1.3720, 3.5503, 1.2128, 1.8658, 0.8791, 1.3331, 1.1939, 1.0095],
       device='cuda:0')
Index force: tensor([1.1251, 0.6503, 0.8916, 0.9454, 1.0089, 1.0569, 0.6676, 1.0332, 0.7548],
       device='cuda:0')
tensor([-0.0248, -0.0051, -1.0135], device='cuda:0')
tensor([ 0.1552,  0.6708,  0.5613,  0.5119, -0.1177,  0.5114,  0.9737,  1.0016,
         1.3212,  0.1748,  0.3180,  0.8042, -0.0227, -0.0085, -1.0363],
       device='cuda:0')
Likelihood: -141.48715209960938
Solve time for step 5 (global step 13) 6.417761549004354
Current ori: tensor([-0.0174, -0.0118, -1.0397], device='cuda:0')
Middle force: tensor([0.7497, 0.5771, 1.5627, 1.0286, 0.9611, 0.5098, 0.7493, 0.5892],
       device='cuda:0')
Thumb force: tensor([1.1230, 0.9034, 0.8817, 0.7721, 1.6681, 0.5014, 1.0699, 0.9440],
       device='cuda:0')
Index force: tensor([0.5252, 0.5546, 0.7946, 0.5520, 0.5124, 0.5147, 0.7166, 1.0426],
       device='cuda:0')
tensor([-0.0174, -0.0118, -1.0397], device='cuda:0')
tensor([ 0.1548,  0.6562,  0.5667,  0.5377, -0.1181,  0.5089,  0.9570,  1.0461,
         1.3219,  0.1749,  0.3329,  0.7738, -0.0303, -0.0047, -1.0747],
       device='cuda:0')
Likelihood: -146.05886840820312
Solve time for step 6 (global step 14) 6.100540722021833
Current ori: tensor([-0.0286, -0.0048, -1.0747], device='cuda:0')
Middle force: tensor([1.5020, 1.3359, 1.4286, 0.6957, 1.5120, 0.5687, 1.2892],
       device='cuda:0')
Thumb force: tensor([3.3466, 1.1697, 1.7594, 0.8535, 1.2782, 1.1536, 0.9695],
       device='cuda:0')
Index force: tensor([0.8643, 0.9159, 0.9778, 1.0226, 0.6543, 0.9963, 0.7400],
       device='cuda:0')
tensor([-0.0286, -0.0048, -1.0747], device='cuda:0')
Apply perturbation now. Press <ENTER> to continuetensor([ 0.1467,  0.6292,  0.5833,  0.5563, -0.2427,  0.5023,  0.9716,  1.0469,
         1.3689,  0.2433,  0.3749,  0.6983, -0.0348,  0.0474, -1.1650],
       device='cuda:0')
Likelihood: -175.65762329101562
State is out of distribution
Likelihoods: tensor([-3.3166, -3.5697, -4.0579, -4.3613, -4.6446, -4.7164, -4.7217, -4.8205,
        -4.8456, -4.8532, -4.9769, -5.0748, -5.4486, -5.4495, -5.7229, -6.0873],
       device='cuda:0')
Contact modes ['thumb_middle' 'thumb_middle' 'thumb_middle' 'thumb_middle'
 'thumb_middle' 'thumb_middle' 'thumb_middle' 'thumb_middle'
 'thumb_middle' 'thumb_middle' 'thumb_middle' 'thumb_middle'
 'thumb_middle' 'thumb_middle' 'thumb_middle' 'thumb_middle']
Likelihood grouped mean: {'thumb_middle': 0.010810326742457726}
Likelihood grouped sum: {'thumb_middle': 0.1729652278793236}
Contact mode with highest likelihood sum: thumb_middle
Plan time: 1.9014876370783895
Current yaw: tensor([-0.0404,  0.0461, -1.1600], device='cuda:0')
4 thumb_middle
tensor([ 0.1468,  0.6290,  0.5831,  0.5562, -0.2428,  0.5024,  0.9718,  1.0467,
         1.3693,  0.2447,  0.3749,  0.6982, -0.0359,  0.0511, -1.1672],
       device='cuda:0')
Solve time for step 1 (global step 15) 3.911418994073756
Current ori: tensor([-0.0367,  0.0500, -1.1668], device='cuda:0')
Index force: tensor([0.9144, 0.5367, 0.5679], device='cuda:0')
tensor([-0.0367,  0.0500, -1.1668], device='cuda:0')
tensor([ 0.2079,  0.6668,  0.6012,  0.5685, -0.2866,  0.5023,  0.9328,  0.9773,
         1.2605,  0.2376,  0.2472,  0.8198, -0.0328,  0.0181, -1.1966],
       device='cuda:0')
Solve time for step 2 (global step 16) 3.7707596560940146
Current ori: tensor([-0.0321,  0.0199, -1.2000], device='cuda:0')
Index force: tensor([0.5577, 0.5365], device='cuda:0')
tensor([-0.0321,  0.0199, -1.2000], device='cuda:0')
tensor([ 0.2239,  0.6659,  0.6177,  0.5686, -0.2866,  0.5025,  0.8762,  0.9300,
         1.2570,  0.2577,  0.2301,  0.8949, -0.0347,  0.0095, -1.2055],
       device='cuda:0')
Solve time for step 3 (global step 17) 3.5024559039156884
Current ori: tensor([-0.0349,  0.0088, -1.2058], device='cuda:0')
Index force: tensor([0.5330], device='cuda:0')
tensor([-0.0349,  0.0088, -1.2058], device='cuda:0')
Current yaw: tensor([-0.0308,  0.0099, -1.1931], device='cuda:0')
5 turn
Likelihood: -149.15921020507812
Sampling time 3.456360377953388
tensor([ 0.2237,  0.6661,  0.6079,  0.5929, -0.2857,  0.5709,  0.8784,  0.9872,
         1.2724,  0.2492,  0.3011,  0.9153, -0.0308,  0.0113, -1.1929],
       device='cuda:0')
Solve time for step 1 (global step 18) 8.2207866149256
Current ori: tensor([-1.6120e+00,  1.3566e-03, -2.3131e+00], device='cuda:0')
Middle force: tensor([0.5176, 0.8513, 0.5927, 1.3737, 0.9504, 1.2363, 1.4214, 0.6338, 1.0052,
        1.9306, 0.7742, 0.6452], device='cuda:0')
Thumb force: tensor([1.2177, 0.5988, 0.8933, 0.9689, 0.8000, 1.3726, 1.5031, 1.1277, 1.9902,
        2.0756, 1.3242, 1.5503], device='cuda:0')
Index force: tensor([0.6134, 0.5600, 0.5894, 0.9094, 0.8536, 0.6571, 0.5857, 0.6584, 0.6844,
        0.6494, 0.8075, 0.8029], device='cuda:0')
tensor([-1.6120e+00,  1.3566e-03, -2.3131e+00], device='cuda:0')
tensor([ 0.2289,  0.6701,  0.6075,  0.5952, -0.2215,  0.5849,  0.8932,  0.9867,
         1.2741,  0.2234,  0.3190,  0.9304, -1.6125,  0.0028, -2.3118],
       device='cuda:0')
Likelihood: -280.8458557128906
State is out of distribution
Probably dropped the object
tensor([-1.6121,  0.0024, -2.3125], device='cuda:0')
{}

Trial 7
No action perturbation this trial
Random perturbation %: 0.33
Loaded trajectory sampler
Current yaw: tensor([-1.6120,  0.0024, -2.3123], device='cuda:0')
Ready to pregrasp. Press <ENTER> to continue.tensor([ 0.0143, -0.0055, -1.3838], device='cuda:0')
Pregrasp complete. Ready to execute. Press <ENTER> to continue.Current yaw: tensor([ 1.1191e-03, -1.4713e-02, -1.3662e+00], device='cuda:0')
1 turn
Likelihood: -84.89701843261719
Sampling time 3.510355285019614
tensor([ 0.1608,  0.6273,  0.5755,  0.6099, -0.1046,  0.5698,  0.8413,  1.0139,
         1.1922,  0.3034,  0.3452,  0.9875,  0.0018, -0.0116, -1.3704],
       device='cuda:0')
Solve time for step 1 (global step 0) 8.301738389069214
Current ori: tensor([-6.6773e-04, -1.3523e-02, -1.3673e+00], device='cuda:0')
Middle force: tensor([1.2461, 0.7657, 0.9379, 0.5004, 0.7204, 0.9122, 1.5332, 0.8891, 2.1166,
        1.3077, 0.8361, 1.2315], device='cuda:0')
Thumb force: tensor([1.0379, 1.2654, 0.6860, 0.7733, 1.1024, 1.2885, 2.6412, 1.3552, 1.0931,
        1.7245, 1.1153, 0.9052], device='cuda:0')
Index force: tensor([0.9874, 0.5527, 0.5583, 0.5750, 0.9168, 0.9891, 0.7827, 0.5506, 0.8899,
        0.8874, 0.9586, 1.0206], device='cuda:0')
tensor([ 0.0018, -0.0111, -1.3712], device='cuda:0')
tensor([ 1.5272e-01,  6.2614e-01,  5.7602e-01,  5.9451e-01, -1.0677e-01,
         5.6991e-01,  8.3771e-01,  1.0206e+00,  1.2236e+00,  2.7738e-01,
         3.4667e-01,  9.2852e-01,  7.0624e-03,  1.1278e-03, -1.4690e+00],
       device='cuda:0')
Likelihood: -94.59268188476562
Solve time for step 2 (global step 1) 7.74855209805537
Current ori: tensor([-2.5605,  0.7078, -0.0808], device='cuda:0')
Middle force: tensor([0.7448, 0.9190, 0.5002, 0.6943, 0.8719, 1.4919, 0.8691, 2.0652, 1.2610,
        0.8157, 1.1715], device='cuda:0')
Thumb force: tensor([1.2312, 0.6689, 0.7637, 1.0936, 1.2903, 2.5737, 1.3233, 1.0636, 1.6993,
        1.0950, 0.9270], device='cuda:0')
Index force: tensor([0.5487, 0.5547, 0.5712, 0.8986, 0.9590, 0.7656, 0.5470, 0.8740, 0.8663,
        0.9377, 0.9906], device='cuda:0')
tensor([-2.5605,  0.7078, -0.0808], device='cuda:0')
tensor([ 0.1477,  0.6297,  0.5749,  0.5689, -0.1077,  0.5691,  0.8292,  1.0509,
         1.2496,  0.2652,  0.3626,  0.8288, -0.0060,  0.0146, -1.5882],
       device='cuda:0')
Likelihood: -97.10443115234375
Solve time for step 3 (global step 2) 7.256666973931715
Current ori: tensor([-0.0062,  0.0135, -1.5889], device='cuda:0')
Middle force: tensor([0.8987, 0.5001, 0.6722, 0.8343, 1.4606, 0.8513, 2.0078, 1.2209, 0.7997,
        1.1241], device='cuda:0')
Thumb force: tensor([0.6532, 0.7589, 1.0877, 1.2990, 2.5066, 1.2954, 1.0485, 1.6750, 1.0757,
        0.9421], device='cuda:0')
Index force: tensor([0.5523, 0.5670, 0.8790, 0.9265, 0.7489, 0.5436, 0.8581, 0.8452, 0.9181,
        0.9639], device='cuda:0')
tensor([-0.0062,  0.0135, -1.5889], device='cuda:0')
tensor([ 1.5019e-01,  6.2965e-01,  5.7909e-01,  5.6860e-01, -1.0725e-01,
         5.5615e-01,  8.4212e-01,  1.0706e+00,  1.2682e+00,  2.4076e-01,
         3.6064e-01,  7.9786e-01, -1.4491e-02,  3.0727e-04, -1.6316e+00],
       device='cuda:0')
Likelihood: -115.89796447753906
Solve time for step 4 (global step 3) 6.879580419976264
Current ori: tensor([-0.0139,  0.0022, -1.6322], device='cuda:0')
Middle force: tensor([0.5000, 0.6729, 0.8243, 1.4464, 0.8455, 1.9662, 1.1992, 0.7934, 1.1137],
       device='cuda:0')
Thumb force: tensor([0.7448, 1.0491, 1.2681, 2.4317, 1.2591, 1.0120, 1.6311, 1.0471, 0.9121],
       device='cuda:0')
Index force: tensor([0.5624, 0.8678, 0.9108, 0.7365, 0.5409, 0.8496, 0.8317, 0.9037, 0.9503],
       device='cuda:0')
tensor([-0.0139,  0.0022, -1.6322], device='cuda:0')
tensor([ 0.1507,  0.6364,  0.5797,  0.5541, -0.1061,  0.5358,  0.8668,  1.0947,
         1.3004,  0.2173,  0.3899,  0.6814, -0.0231, -0.0062, -1.7437],
       device='cuda:0')
Likelihood: -148.10888671875
Solve time for step 5 (global step 4) 6.403354921028949
Current ori: tensor([-0.0198,  0.0118, -1.7370], device='cuda:0')
Middle force: tensor([0.6729, 0.8146, 1.4270, 0.8388, 1.9226, 1.1782, 0.7850, 1.1067],
       device='cuda:0')
Thumb force: tensor([1.0162, 1.2396, 2.3666, 1.2275, 0.9834, 1.5887, 1.0230, 0.8808],
       device='cuda:0')
Index force: tensor([0.8471, 0.8959, 0.7222, 0.5386, 0.8403, 0.8184, 0.8896, 0.9370],
       device='cuda:0')
tensor([-0.0198,  0.0118, -1.7370], device='cuda:0')
tensor([ 0.1554,  0.6361,  0.5850,  0.5519, -0.1059,  0.5345,  0.8856,  1.1054,
         1.3064,  0.2165,  0.3909,  0.6417, -0.0222, -0.0049, -1.7889],
       device='cuda:0')
Likelihood: -163.95767211914062
Solve time for step 6 (global step 5) 6.0568018179619685
Current ori: tensor([-0.0231, -0.0059, -1.7888], device='cuda:0')
Middle force: tensor([0.7990, 1.3947, 0.8264, 1.8782, 1.1503, 0.7717, 1.0863],
       device='cuda:0')
Thumb force: tensor([1.2154, 2.3157, 1.2042, 0.9642, 1.5578, 1.0072, 0.8742],
       device='cuda:0')
Index force: tensor([0.8739, 0.7086, 0.5364, 0.8271, 0.8033, 0.8751, 0.9183],
       device='cuda:0')
tensor([-0.0231, -0.0059, -1.7888], device='cuda:0')
Apply perturbation now. Press <ENTER> to continuetensor([ 0.1530,  0.6284,  0.5883,  0.5542, -0.1060,  0.5487,  0.9031,  1.1275,
         1.3224,  0.1980,  0.4231,  0.6053, -2.5608,  0.7074, -0.0803],
       device='cuda:0')
Likelihood: -870.963134765625
State is out of distribution
Probably dropped the object
tensor([-2.5615,  0.7067, -0.0804], device='cuda:0')
{}

Trial 8
No action perturbation this trial
Random perturbation %: 0.33
Loaded trajectory sampler
Current yaw: tensor([-2.5609,  0.7072, -0.0799], device='cuda:0')
Ready to pregrasp. Press <ENTER> to continue.