Importing module 'gym_38' (/home/abhinav/Downloads/IsaacGym_Preview_4_Package/isaacgym/python/isaacgym/_bindings/linux-x86_64/gym_38.so)
Setting GYM_USD_PLUG_INFO_PATH to /home/abhinav/Downloads/IsaacGym_Preview_4_Package/isaacgym/python/isaacgym/_bindings/linux-x86_64/usd/plugInfo.json
PyTorch version 2.4.0+cu121
Device count 1
/home/abhinav/Downloads/IsaacGym_Preview_4_Package/isaacgym/python/isaacgym/_bindings/src/gymtorch
ninja: no work to do.
CCAI_PATH /home/abhinav/Documents/ccai
robot pose [ 0.02  -0.35   0.376] [0, 0, 0.7071068, 0.7071068]
Not connected to PVD
Physics Engine: PhysX
Physics Device: cpu
GPU Pipeline: disabled
Using VHACD cache directory '/home/abhinav/.isaacgym/vhacd'
Found existing convex decomposition for mesh '/home/abhinav/Documents/git_packages/isaacgym-arm-envs/isaac_victor_envs/assets/xela_models/mesh/allegro/base_ns.stl'
Found existing convex decomposition for mesh '/home/abhinav/Documents/git_packages/isaacgym-arm-envs/isaac_victor_envs/assets/xela_models/mesh/allegro/link_1.0.stl'
Found existing convex decomposition for mesh '/home/abhinav/Documents/git_packages/isaacgym-arm-envs/isaac_victor_envs/assets/xela_models/mesh/ft_c.stl'

Trial 1
Current yaw: tensor([-0.0059], device='cuda:0')
Current yaw: tensor([-0.0147], device='cuda:0')
1 turn
tensor([ 0.2643,  0.5958,  0.7270,  0.8863, -0.0469,  0.2788,  0.9772,  0.8108,
         1.3285,  0.0165,  0.3910,  0.3131, -0.0147], device='cuda:0')
Solve time for step 1 (global step 0) 11.94896993500879
Current ori: tensor(-0.0147, device='cuda:0')
Middle force: tensor([2.6029, 3.0434, 0.6429, 0.5993, 1.3502, 1.0962], device='cuda:0')
Thumb force: tensor([1.1421, 1.5529, 2.3594, 1.3149, 3.0806, 0.6477], device='cuda:0')
Index force: tensor([1.7676, 1.8117, 3.5675, 3.1484, 1.8052, 1.9912], device='cuda:0')
tensor([ 0.2334,  0.6632,  0.6712,  1.0379,  0.0087,  0.3888,  0.9622,  0.8744,
         1.3945,  0.0201,  0.1934,  0.6270, -0.1833], device='cuda:0')
Solve time for step 2 (global step 1) 5.738971090002451
Current ori: tensor(-0.1833, device='cuda:0')
Middle force: tensor([1.6505, 1.7677, 1.1019, 1.2802, 1.2482], device='cuda:0')
Thumb force: tensor([0.8980, 0.4182, 0.3646, 0.1015, 1.1305], device='cuda:0')
Index force: tensor([1.2736, 1.6855, 3.2224, 1.7619, 0.0657], device='cuda:0')
tensor([ 0.2522,  0.6811,  0.7699,  0.9892,  0.0978,  0.3164,  0.9154,  0.8519,
         1.4982,  0.0299,  0.1543,  0.6458, -0.3233], device='cuda:0')
Solve time for step 3 (global step 2) 4.561522819974925
Current ori: tensor(-0.3233, device='cuda:0')
Middle force: tensor([1.7013, 1.1735, 1.1800, 1.1628], device='cuda:0')
Thumb force: tensor([0.4737, 0.0725, 0.5151, 1.1783], device='cuda:0')
Index force: tensor([1.5355, 2.9646, 1.5630, 0.1539], device='cuda:0')
tensor([ 0.1354,  0.6720,  0.7835,  0.9220,  0.0772,  0.3695,  0.9398,  0.7987,
         1.4614,  0.0977,  0.1310,  0.6520, -0.3407], device='cuda:0')
Solve time for step 4 (global step 3) 6.361224004998803
Current ori: tensor(-0.3407, device='cuda:0')
Middle force: tensor([1.1537, 1.1695, 1.1292], device='cuda:0')
Thumb force: tensor([0.0213, 0.4800, 1.2420], device='cuda:0')
Index force: tensor([2.7563, 1.4811, 0.3489], device='cuda:0')
tensor([ 0.1286,  0.7098,  0.7193,  0.9368,  0.0976,  0.3627,  0.8691,  0.6435,
         1.5000,  0.0352,  0.0813,  0.6426, -0.3420], device='cuda:0')
Solve time for step 5 (global step 4) 5.970743240992306
Current ori: tensor(-0.3420, device='cuda:0')
Middle force: tensor([1.1639, 1.0126], device='cuda:0')
Thumb force: tensor([0.5200, 1.2375], device='cuda:0')
Index force: tensor([1.3622, 0.7199], device='cuda:0')
tensor([ 0.1094,  0.6499,  0.7679,  1.0153,  0.0766,  0.4959,  0.7978,  0.7285,
         1.5000, -0.0811,  0.1111,  0.6256, -0.3496], device='cuda:0')
Solve time for step 6 (global step 5) 3.478835468995385
Current ori: tensor(-0.3496, device='cuda:0')
Middle force: tensor([0.7868], device='cuda:0')
Thumb force: tensor([1.0392], device='cuda:0')
Index force: tensor([0.8846], device='cuda:0')
Current yaw: tensor([-0.3971], device='cuda:0')
2 turn
tensor([ 0.1314,  0.6761,  0.7606,  0.9810,  0.0774,  0.5410,  0.7801,  0.7387,
         1.5000,  0.0622,  0.2047,  0.6353, -0.3971], device='cuda:0')
Solve time for step 1 (global step 6) 14.673089283984154
Current ori: tensor(-0.3971, device='cuda:0')
Middle force: tensor([0.8007, 2.2271, 2.3582, 0.9826, 1.4328, 2.3395], device='cuda:0')
Thumb force: tensor([2.2677, 1.6168, 0.2477, 1.3654, 0.9705, 0.9672], device='cuda:0')
Index force: tensor([2.2270, 1.0719, 1.9850, 1.1542, 1.6408, 2.1077], device='cuda:0')
tensor([ 0.2039,  0.6977,  0.8090,  0.9599,  0.0617,  0.5279,  0.7331,  0.7673,
         1.5000,  0.0981,  0.1622,  0.6674, -0.4265], device='cuda:0')
Solve time for step 2 (global step 7) 7.0890213120146655
Current ori: tensor(-0.4265, device='cuda:0')
Middle force: tensor([2.0832, 2.0131, 0.8637, 1.4601, 2.1231], device='cuda:0')
Thumb force: tensor([1.7271, 0.5072, 1.1687, 0.9733, 0.7858], device='cuda:0')
Index force: tensor([1.0190, 1.8401, 1.1150, 1.2579, 1.9347], device='cuda:0')
tensor([ 0.2104,  0.7498,  0.7214,  1.1497,  0.1147,  0.6085,  0.6342,  0.8691,
         1.4689,  0.1171,  0.1957,  0.5884, -0.5351], device='cuda:0')
Solve time for step 3 (global step 8) 6.512850539991632
Current ori: tensor(-0.5351, device='cuda:0')
Middle force: tensor([2.1663, 0.8137, 1.3151, 1.9557], device='cuda:0')
Thumb force: tensor([0.0851, 0.9710, 0.9550, 0.9676], device='cuda:0')
Index force: tensor([1.2203, 0.9669, 1.1823, 1.7741], device='cuda:0')
tensor([ 0.2293,  0.7713,  0.7514,  1.1561,  0.1463,  0.5629,  0.7123,  0.8160,
         1.5000,  0.4144,  0.2323,  0.6111, -0.6208], device='cuda:0')
Solve time for step 4 (global step 9) 6.108865040994715
Current ori: tensor(-0.6208, device='cuda:0')
Middle force: tensor([0.9131, 1.2689, 1.6833], device='cuda:0')
Thumb force: tensor([0.8814, 0.8369, 0.7766], device='cuda:0')
Index force: tensor([0.7583, 1.1505, 1.7507], device='cuda:0')
tensor([ 0.2126,  0.7506,  0.7659,  1.1293,  0.1367,  0.5397,  0.7274,  0.8585,
         1.5000,  0.4134,  0.1811,  0.5970, -0.5889], device='cuda:0')
Solve time for step 5 (global step 10) 5.8341971789777745
Current ori: tensor(-0.5889, device='cuda:0')
Middle force: tensor([1.2695, 1.5293], device='cuda:0')
Thumb force: tensor([0.7474, 0.7424], device='cuda:0')
Index force: tensor([1.0970, 1.7246], device='cuda:0')
tensor([ 0.2222,  0.7379,  0.7790,  1.1634,  0.1334,  0.5420,  0.7025,  0.8970,
         1.5000,  0.2683,  0.1302,  0.6975, -0.5879], device='cuda:0')
Solve time for step 6 (global step 11) 5.426126493985066
Current ori: tensor(-0.5879, device='cuda:0')
Middle force: tensor([1.4944], device='cuda:0')
Thumb force: tensor([0.7395], device='cuda:0')
Index force: tensor([1.6510], device='cuda:0')
Current yaw: tensor([-0.6168], device='cuda:0')
Average turn amount: -0.6167673468589783 over 1 trials
{}

Trial 2
Current yaw: tensor([0.4047], device='cuda:0')
Current yaw: tensor([0.4052], device='cuda:0')
1 turn
tensor([ 0.3241,  0.6383,  0.6871,  0.7389, -0.0331,  0.2130,  0.8509,  0.7553,
         1.3201,  0.0497,  0.3142,  0.3715,  0.4052], device='cuda:0')
Solve time for step 1 (global step 0) 15.037646912998753
Current ori: tensor(0.4052, device='cuda:0')
Middle force: tensor([0.8406, 1.2159, 3.5798, 1.1429, 0.9348, 2.0898], device='cuda:0')
Thumb force: tensor([1.4150, 1.7974, 0.8957, 0.3532, 1.8319, 0.8442], device='cuda:0')
Index force: tensor([1.4636, 3.3689, 1.8806, 1.3079, 3.3259, 0.5936], device='cuda:0')
tensor([ 0.3526,  0.6642,  0.6736,  0.7322, -0.0019,  0.2689,  0.7137,  0.8386,
         1.2944,  0.0968,  0.3151,  0.3813,  0.4052], device='cuda:0')
Solve time for step 2 (global step 1) 7.375546641007531
Current ori: tensor(0.4052, device='cuda:0')
Middle force: tensor([1.2515, 3.1635, 1.1059, 1.1898, 1.9021], device='cuda:0')
Thumb force: tensor([1.5207, 0.6009, 0.3969, 1.6784, 0.7543], device='cuda:0')
Index force: tensor([2.9551, 1.6919, 1.1951, 2.8861, 0.6853], device='cuda:0')
tensor([ 0.3615,  0.7034,  0.6936,  0.7300, -0.0280,  0.2697,  0.7248,  0.8385,
         1.1924,  0.3304,  0.3196,  0.3152,  0.4052], device='cuda:0')
Solve time for step 3 (global step 2) 6.853740317019401
Current ori: tensor(0.4052, device='cuda:0')
Middle force: tensor([2.9207, 1.1002, 1.3878, 1.7644], device='cuda:0')
Thumb force: tensor([0.4602, 0.3739, 1.5637, 0.6575], device='cuda:0')
Index force: tensor([1.6181, 1.1344, 2.7157, 0.7633], device='cuda:0')
tensor([ 0.3786,  0.7473,  0.6684,  0.7687, -0.0418,  0.3050,  0.7125,  0.7759,
         1.2856,  0.2171,  0.2692,  0.1782,  0.4051], device='cuda:0')
Solve time for step 4 (global step 3) 6.529515993985115
Current ori: tensor(0.4051, device='cuda:0')
Middle force: tensor([1.1090, 1.5674, 1.6791], device='cuda:0')
Thumb force: tensor([0.3384, 1.4532, 0.6035], device='cuda:0')
Index force: tensor([1.0922, 2.5502, 0.7860], device='cuda:0')
tensor([ 0.4000,  0.7771,  0.7018,  0.7783, -0.0452,  0.2733,  0.7206,  0.8560,
         1.2764,  0.1756,  0.4190,  0.1000,  0.4051], device='cuda:0')
Solve time for step 5 (global step 4) 5.943066586012719
Current ori: tensor(0.4051, device='cuda:0')
Middle force: tensor([1.5295, 1.5774], device='cuda:0')
Thumb force: tensor([1.3830, 0.5244], device='cuda:0')
Index force: tensor([2.4902, 0.8273], device='cuda:0')
tensor([ 0.4165,  0.8718,  0.6407,  0.8159, -0.0683,  0.2926,  0.7086,  0.8369,
         1.3049, -0.0336,  0.3722,  0.0196,  0.4054], device='cuda:0')
Solve time for step 6 (global step 5) 5.495654447993729
Current ori: tensor(0.4054, device='cuda:0')
Middle force: tensor([1.5098], device='cuda:0')
Thumb force: tensor([0.4610], device='cuda:0')
Index force: tensor([0.8377], device='cuda:0')
Failed to turn past .15 rad
Average turn amount: -0.1056797206401825 over 2 trials
{}

Trial 3
Current yaw: tensor([0.1789], device='cuda:0')
Current yaw: tensor([0.1495], device='cuda:0')
1 turn
tensor([ 0.3332,  0.6079,  0.6981,  0.8256, -0.0262,  0.1786,  0.8780,  0.7833,
         1.2541,  0.1246,  0.4147,  0.3091,  0.1495], device='cuda:0')
Solve time for step 1 (global step 0) 11.972929267998552
Current ori: tensor(0.1495, device='cuda:0')
Middle force: tensor([3.5575, 1.5238, 1.6910, 2.2915, 2.2522, 1.9839], device='cuda:0')
Thumb force: tensor([0.5419, 0.0127, 1.2992, 1.1405, 0.2432, 0.0338], device='cuda:0')
Index force: tensor([1.8582, 1.6134, 1.4769, 1.0829, 1.5785, 2.4101], device='cuda:0')
tensor([0.3067, 0.5930, 0.6928, 0.7631, 0.0514, 0.1568, 0.8762, 0.8026, 1.2376,
        0.0941, 0.3297, 0.3695, 0.1478], device='cuda:0')
Solve time for step 2 (global step 1) 5.905387402977794
Current ori: tensor(0.1478, device='cuda:0')
Middle force: tensor([1.2550, 1.5889, 1.7100, 1.7057, 1.8693], device='cuda:0')
Thumb force: tensor([0.0067, 1.0970, 1.3368, 0.1093, 0.0185], device='cuda:0')
Index force: tensor([1.5989, 1.3497, 1.2384, 1.7088, 2.3461], device='cuda:0')
tensor([0.3336, 0.6522, 0.6745, 0.7663, 0.0135, 0.1967, 0.7723, 0.9310, 1.1401,
        0.4680, 0.3403, 0.2987, 0.1443], device='cuda:0')
Solve time for step 3 (global step 2) 4.804881819989532
Current ori: tensor(0.1443, device='cuda:0')
Middle force: tensor([1.3419, 1.4817, 1.3153, 1.6214], device='cuda:0')
Thumb force: tensor([1.0794, 1.3812, 0.2998, 0.1026], device='cuda:0')
Index force: tensor([1.2443, 1.3868, 1.6708, 2.2589], device='cuda:0')
tensor([ 0.3852,  0.6897,  0.7323,  0.7792, -0.0269,  0.2555,  0.7146,  0.9793,
         1.0245,  0.4298,  0.3622,  0.3991,  0.1443], device='cuda:0')
Solve time for step 4 (global step 3) 6.292468731000554
Current ori: tensor(0.1443, device='cuda:0')
Middle force: tensor([1.3637, 1.1172, 1.5696], device='cuda:0')
Thumb force: tensor([1.3095, 0.4337, 0.0428], device='cuda:0')
Index force: tensor([1.4201, 1.4575, 2.2062], device='cuda:0')
tensor([ 0.3901,  0.7019,  0.7286,  0.8213, -0.0690,  0.2720,  0.6980,  1.0500,
         1.1440,  0.3751,  0.3102,  0.6170,  0.0304], device='cuda:0')
Solve time for step 5 (global step 4) 5.975391234038398
Current ori: tensor(0.0304, device='cuda:0')
Middle force: tensor([1.0102, 1.2684], device='cuda:0')
Thumb force: tensor([0.5258, 0.3544], device='cuda:0')
Index force: tensor([1.3658, 1.9908], device='cuda:0')
tensor([ 0.4296,  0.6813,  0.7272,  0.8182, -0.0143,  0.1324,  0.7707,  1.1030,
         1.0884,  0.5282,  0.3734,  0.6124,  0.0059], device='cuda:0')
Solve time for step 6 (global step 5) 3.588169703958556
Current ori: tensor(0.0059, device='cuda:0')
Middle force: tensor([1.0603], device='cuda:0')
Thumb force: tensor([0.5482], device='cuda:0')
Index force: tensor([1.8204], device='cuda:0')
Current yaw: tensor([-0.0491], device='cuda:0')
2 turn
tensor([ 0.3321,  0.6740,  0.6774,  0.8872,  0.1007,  0.2061,  0.6757,  1.0845,
         1.1267,  0.5388,  0.3757,  0.7085, -0.0491], device='cuda:0')
Solve time for step 1 (global step 6) 14.60622954502469
Current ori: tensor(-0.0491, device='cuda:0')
Middle force: tensor([1.2521, 1.3762, 2.1706, 2.5879, 1.6667, 1.1354], device='cuda:0')
Thumb force: tensor([0.5890, 0.1993, 1.4873, 0.1046, 2.1391, 0.4330], device='cuda:0')
Index force: tensor([1.7878, 1.4278, 0.7921, 1.2634, 1.4735, 1.9418], device='cuda:0')
tensor([ 0.3294,  0.7159,  0.6295,  0.8839,  0.1434,  0.2224,  0.6153,  1.2514,
         1.1083,  0.6109,  0.3582,  0.7424, -0.0680], device='cuda:0')
Solve time for step 2 (global step 7) 7.19136991299456
Current ori: tensor(-0.0680, device='cuda:0')
Middle force: tensor([1.2609, 2.0701, 2.5329, 1.6585, 1.1602], device='cuda:0')
Thumb force: tensor([0.0606, 1.4620, 0.2617, 1.9099, 0.2945], device='cuda:0')
Index force: tensor([1.3892, 0.9043, 1.0976, 1.3104, 1.8779], device='cuda:0')
tensor([ 0.2895,  0.7274,  0.6521,  0.8212,  0.1336,  0.2200,  0.6481,  1.1982,
         1.0375,  0.6529,  0.2735,  0.7268, -0.1198], device='cuda:0')
Solve time for step 3 (global step 8) 6.650139354984276
Current ori: tensor(-0.1198, device='cuda:0')
Middle force: tensor([2.0494, 2.4840, 1.7248, 1.1395], device='cuda:0')
Thumb force: tensor([1.4038, 0.3062, 1.7558, 0.0747], device='cuda:0')
Index force: tensor([0.8627, 1.0113, 1.2190, 1.8710], device='cuda:0')
tensor([ 0.3007,  0.8420,  0.6599,  0.7823,  0.2360,  0.2717,  0.6178,  1.3106,
         1.1496,  0.7132,  0.3287,  0.8732, -0.3292], device='cuda:0')
Solve time for step 4 (global step 9) 6.162751859985292
Current ori: tensor(-0.3292, device='cuda:0')
Middle force: tensor([2.5176, 1.7921, 1.1297], device='cuda:0')
Thumb force: tensor([0.2301, 1.5293, 0.0561], device='cuda:0')
Index force: tensor([0.9392, 1.1036, 1.9156], device='cuda:0')
tensor([ 0.3206,  0.8525,  0.6429,  0.7403,  0.2828,  0.3059,  0.5802,  1.2806,
         1.0826,  0.8049,  0.4395,  0.8684, -0.4295], device='cuda:0')
Solve time for step 5 (global step 10) 5.686498209019192
Current ori: tensor(-0.4295, device='cuda:0')
Middle force: tensor([1.9391, 1.0731], device='cuda:0')
Thumb force: tensor([1.4063, 0.1057], device='cuda:0')
Index force: tensor([0.9658, 1.8578], device='cuda:0')
tensor([ 0.2488,  0.9928,  0.7079,  0.7071,  0.4700,  0.3643,  0.5947,  1.1821,
         1.1054,  0.8387,  0.5806,  0.7251, -0.7151], device='cuda:0')
Solve time for step 6 (global step 11) 5.413328476017341
Current ori: tensor(-0.7151, device='cuda:0')
Middle force: tensor([1.0548], device='cuda:0')
Thumb force: tensor([0.0450], device='cuda:0')
Index force: tensor([1.9515], device='cuda:0')
Current yaw: tensor([-0.8514], device='cuda:0')
Average turn amount: -0.35424645741780597 over 3 trials
{}

Trial 4
Current yaw: tensor([-0.7796], device='cuda:0')
Current yaw: tensor([-0.7664], device='cuda:0')
1 turn
tensor([ 0.3251,  0.6642,  0.7616,  0.8183, -0.0216,  0.3137,  0.7690,  0.8131,
         1.3048,  0.0479,  0.3586,  0.3137, -0.7664], device='cuda:0')
Solve time for step 1 (global step 0) 12.151535142038483
Current ori: tensor(-0.7664, device='cuda:0')
Middle force: tensor([1.2544, 0.5204, 1.2300, 1.1469, 0.9355, 2.9933], device='cuda:0')
Thumb force: tensor([0.9391, 1.1734, 0.0133, 0.6708, 1.1935, 1.5290], device='cuda:0')
Index force: tensor([0.8549, 1.2407, 1.5338, 0.7694, 1.6688, 2.3460], device='cuda:0')
tensor([ 0.2310,  0.6403,  0.7641,  0.8299, -0.1102,  0.3259,  0.8150,  0.7760,
         1.2705,  0.0782,  0.3134,  0.3347, -0.5385], device='cuda:0')
Solve time for step 2 (global step 1) 5.7777356849983335
Current ori: tensor(-0.5385, device='cuda:0')
Middle force: tensor([0.8027, 0.7780, 0.7472, 1.7765, 1.8637], device='cuda:0')
Thumb force: tensor([0.8565, 0.9223, 0.7948, 0.2164, 1.5376], device='cuda:0')
Index force: tensor([1.5521, 3.9932, 1.9865, 1.0275, 1.6421], device='cuda:0')
tensor([ 0.2113,  0.7130,  0.8074,  0.8304, -0.1359,  0.3315,  0.6473,  0.7459,
         1.2404,  0.1168,  0.3121,  0.3743, -0.5208], device='cuda:0')
Solve time for step 3 (global step 2) 4.757764709996991
Current ori: tensor(-0.5208, device='cuda:0')
Middle force: tensor([0.6176, 0.8500, 1.5615, 1.7518], device='cuda:0')
Thumb force: tensor([0.9090, 0.6209, 0.3334, 1.2730], device='cuda:0')
Index force: tensor([3.8577, 1.8963, 0.9762, 1.5670], device='cuda:0')
tensor([ 0.2066,  0.7415,  0.8150,  0.7726, -0.1176,  0.4576,  0.7170,  0.8088,
         1.1585,  0.1903,  0.4151,  0.2477, -0.4966], device='cuda:0')
Solve time for step 4 (global step 3) 6.283248175983317
Current ori: tensor(-0.4966, device='cuda:0')
Middle force: tensor([0.6563, 1.4153, 1.5199], device='cuda:0')
Thumb force: tensor([0.8381, 0.0517, 1.0986], device='cuda:0')
Index force: tensor([1.7657, 1.0110, 1.4837], device='cuda:0')
tensor([ 0.1662,  0.7411,  0.8535,  0.7540, -0.1038,  0.4610,  0.7745,  0.7065,
         1.0332,  0.3291,  0.5971,  0.1256, -0.4896], device='cuda:0')
Solve time for step 5 (global step 4) 5.960873155039735
Current ori: tensor(-0.4896, device='cuda:0')
Middle force: tensor([1.3233, 1.3450], device='cuda:0')
Thumb force: tensor([0.3543, 0.8596], device='cuda:0')
Index force: tensor([1.0354, 1.3548], device='cuda:0')
tensor([ 0.2644,  0.7620,  0.7282,  0.8001, -0.0812,  0.4588,  0.8303,  0.7655,
         0.9860,  0.3509,  0.7016,  0.0144, -0.3966], device='cuda:0')
Solve time for step 6 (global step 5) 3.5544867659918964
Current ori: tensor(-0.3966, device='cuda:0')
Middle force: tensor([1.1591], device='cuda:0')
Thumb force: tensor([0.7880], device='cuda:0')
Index force: tensor([1.3365], device='cuda:0')
Failed to turn past .15 rad
Average turn amount: -0.34999916702508926 over 4 trials
{}

Trial 5
Current yaw: tensor([0.0937], device='cuda:0')
Current yaw: tensor([0.0195], device='cuda:0')
1 turn
tensor([ 0.3332,  0.5841,  0.7502,  0.9053, -0.0620,  0.2606,  0.9623,  0.8252,
         1.2921,  0.1047,  0.4136,  0.3144,  0.0195], device='cuda:0')
Solve time for step 1 (global step 0) 11.972785693011247
Current ori: tensor(0.0195, device='cuda:0')
Middle force: tensor([0.6124, 1.1408, 1.4501, 1.6837, 0.8343, 0.9738], device='cuda:0')
Thumb force: tensor([1.3238, 1.3786, 1.5784, 1.2966, 2.3637, 1.6255], device='cuda:0')
Index force: tensor([3.2814, 0.7042, 2.5689, 1.4373, 2.5145, 1.8284], device='cuda:0')
tensor([ 0.3238,  0.6177,  0.7338,  0.9333, -0.0278,  0.2949,  0.9759,  0.8541,
         1.2678,  0.1237,  0.3571,  0.4178, -0.0534], device='cuda:0')
Solve time for step 2 (global step 1) 5.750417541014031
Current ori: tensor(-0.0534, device='cuda:0')
Middle force: tensor([1.1359, 1.5913, 1.7478, 0.6778, 0.8866], device='cuda:0')
Thumb force: tensor([1.2011, 1.1492, 1.2165, 2.2847, 1.4719], device='cuda:0')
Index force: tensor([0.9368, 2.3911, 1.3917, 2.3957, 1.7622], device='cuda:0')
tensor([ 0.3561,  0.7030,  0.7548,  0.9330,  0.0726,  0.2562,  0.9658,  0.8653,
         1.2624,  0.1489,  0.2125,  0.6607, -0.2380], device='cuda:0')
Solve time for step 3 (global step 2) 4.731539479980711
Current ori: tensor(-0.2380, device='cuda:0')
Middle force: tensor([1.8101, 1.9296, 0.7144, 0.8120], device='cuda:0')
Thumb force: tensor([0.9169, 1.2364, 2.3133, 1.4021], device='cuda:0')
Index force: tensor([2.3576, 1.3682, 2.2538, 1.7572], device='cuda:0')
tensor([ 0.2378,  0.8503,  0.7504,  0.8578,  0.2714,  0.3230,  0.8136,  0.8061,
         1.2689,  0.3155,  0.2085,  0.9391, -0.5845], device='cuda:0')
Solve time for step 4 (global step 3) 6.183895334019326
Current ori: tensor(-0.5845, device='cuda:0')
Middle force: tensor([1.7507, 0.8332, 0.8281], device='cuda:0')
Thumb force: tensor([1.1635, 2.2925, 1.3468], device='cuda:0')
Index force: tensor([1.4328, 2.1229, 1.6239], device='cuda:0')
tensor([ 0.4124,  0.9012,  0.8124,  0.7174,  0.2485,  0.1688,  0.9364,  0.7545,
         1.3385,  0.3697,  0.0051,  1.1858, -0.6037], device='cuda:0')
Solve time for step 5 (global step 4) 5.971154711034615
Current ori: tensor(-0.6037, device='cuda:0')
Middle force: tensor([0.9113, 0.8332], device='cuda:0')
Thumb force: tensor([2.2998, 1.3474], device='cuda:0')
Index force: tensor([1.9969, 1.6551], device='cuda:0')
tensor([ 0.3724,  1.0444,  0.7557,  0.6895,  0.3413,  0.1159,  1.0057,  0.7428,
         1.3045,  0.5657,  0.1116,  1.2263, -0.6082], device='cuda:0')
Solve time for step 6 (global step 5) 3.8734144950285554
Current ori: tensor(-0.6082, device='cuda:0')
Middle force: tensor([0.6980], device='cuda:0')
Thumb force: tensor([1.3110], device='cuda:0')
Index force: tensor([1.6500], device='cuda:0')
Current yaw: tensor([-0.8735], device='cuda:0')
2 turn
Reached goal yaw
tensor([ 0.2469,  1.0757,  0.6883,  0.7627,  0.4281,  0.2598,  1.1203,  0.5172,
         1.1114,  0.8489,  0.1026,  1.2675, -0.8735], device='cuda:0')
Solve time for step 1 (global step 6) 14.799415846006013
Current ori: tensor(-0.8735, device='cuda:0')
Middle force: tensor([1.0281, 0.7650, 1.1409, 1.1622, 1.3023, 0.3513], device='cuda:0')
Thumb force: tensor([0.7708, 0.8563, 0.7683, 0.8597, 0.3902, 1.0652], device='cuda:0')
Index force: tensor([1.3549, 2.6735, 2.2196, 1.8541, 1.0765, 1.9510], device='cuda:0')
tensor([ 0.2419,  1.1307,  0.7207,  0.6589,  0.4487,  0.2825,  1.1017,  0.6024,
         1.1605,  0.7983,  0.1007,  1.2010, -0.9558], device='cuda:0')
Reached goal yaw
Solve time for step 2 (global step 7) 7.232108428957872
Current ori: tensor(-0.9558, device='cuda:0')
Middle force: tensor([1.1206, 0.6178, 0.5038, 1.7045, 1.8608], device='cuda:0')
Thumb force: tensor([2.2238, 1.4331, 1.0033, 1.1415, 1.0001], device='cuda:0')
Index force: tensor([2.0753, 1.6373, 2.4096, 2.5029, 1.1359], device='cuda:0')
tensor([ 0.2406,  1.1568,  0.7281,  0.7207,  0.4322,  0.3021,  1.1299,  0.5396,
         1.1633,  0.8204,  0.1002,  1.2395, -1.0134], device='cuda:0')
Reached goal yaw
Solve time for step 3 (global step 8) 6.523105330008548
Current ori: tensor(-1.0134, device='cuda:0')
Middle force: tensor([1.4883, 0.8688, 0.8101, 2.2904], device='cuda:0')
Thumb force: tensor([0.9399, 0.8164, 0.7195, 0.8134], device='cuda:0')
Index force: tensor([1.3370, 2.4158, 1.8781, 1.6328], device='cuda:0')
tensor([ 0.3145,  1.1569,  0.8306,  0.5386,  0.4700,  0.2365,  1.2552,  0.5287,
         1.1402,  0.8073,  0.0423,  1.1404, -1.0180], device='cuda:0')
Reached goal yaw
Solve time for step 4 (global step 9) 6.3134939189767465
Current ori: tensor(-1.0180, device='cuda:0')
Middle force: tensor([0.8672, 0.7946, 2.1019], device='cuda:0')
Thumb force: tensor([0.7264, 0.6887, 0.7090], device='cuda:0')
Index force: tensor([2.3466, 1.8640, 1.5172], device='cuda:0')
tensor([ 0.3209,  1.3080,  0.4923,  0.3846,  0.4700,  0.1979,  1.3127,  0.4871,
         1.0924,  0.8335,  0.1850,  1.0801, -0.9460], device='cuda:0')
Reached goal yaw
Solve time for step 5 (global step 10) 5.77519445202779
Current ori: tensor(-0.9460, device='cuda:0')
Middle force: tensor([0.8832, 1.9800], device='cuda:0')
Thumb force: tensor([0.5231, 0.5746], device='cuda:0')
Index force: tensor([1.6876, 1.4753], device='cuda:0')
tensor([ 0.3313,  1.5061,  0.0812,  0.6742,  0.4700,  0.2571,  1.2098,  0.4919,
         1.0704,  0.9376,  0.2187,  0.9247, -0.9922], device='cuda:0')
Reached goal yaw
Solve time for step 6 (global step 11) 5.501409885007888
Current ori: tensor(-0.9922, device='cuda:0')
Middle force: tensor([1.8722], device='cuda:0')
Thumb force: tensor([0.6010], device='cuda:0')
Index force: tensor([1.4087], device='cuda:0')
Failed to turn past .15 rad
Average turn amount: -0.4793021023273468 over 5 trials
{}

Trial 6
