Importing module 'gym_38' (/home/abhinav/Documents/isaacgym/python/isaacgym/_bindings/linux-x86_64/gym_38.so)
Setting GYM_USD_PLUG_INFO_PATH to /home/abhinav/Documents/isaacgym/python/isaacgym/_bindings/linux-x86_64/usd/plugInfo.json
PyTorch version 2.4.1+cu121
Device count 2
/home/abhinav/Documents/isaacgym/python/isaacgym/_bindings/src/gymtorch
ninja: no work to do.
No ROS install found, continuing
CCAI_PATH /home/abhinav/Documents/ccai
robot pose [ 0.02  -0.35   0.376] [0, 0, 0.7071068, 0.7071068]
Not connected to PVD
Physics Engine: PhysX
Physics Device: cpu
GPU Pipeline: disabled
Using VHACD cache directory '/home/abhinav/.isaacgym/vhacd'
Found existing convex decomposition for mesh '/home/abhinav/Documents/github/isaacgym-arm-envs/isaac_victor_envs/assets/xela_models/mesh/allegro/base_ns.stl'
Found existing convex decomposition for mesh '/home/abhinav/Documents/github/isaacgym-arm-envs/isaac_victor_envs/assets/xela_models/mesh/allegro/link_1.0.stl'
Found existing convex decomposition for mesh '/home/abhinav/Documents/github/isaacgym-arm-envs/isaac_victor_envs/assets/xela_models/mesh/ft_c.stl'
[ models/temporal ] Channel dimensions: [(35, 128), (128, 256), (256, 512)]
[ models/temporal ] Channel dimensions: [(35, 128), (128, 256), (256, 512)]

Trial 3001
No action perturbation this trial
Loaded trajectory sampler
Current yaw: tensor([0.3796], device='cuda:0')
Current yaw: tensor([0.3733], device='cuda:0')
1 turn
Likelihood: -15.592529296875
Sampling time 3.7305750210070983
tensor([ 0.2549,  0.5305,  0.6294,  0.8387, -0.0382,  0.1741,  0.8505,  0.8037,
         1.2519,  0.0565,  0.3783,  0.3053,  0.3733], device='cuda:0')
Solve time for step 1 (global step 0) 4.9700631719315425
Current ori: tensor(0.3733, device='cuda:0')
Middle force: tensor([2.4393, 2.4965, 1.1575, 1.7088, 2.0678, 3.1464], device='cuda:0')
Thumb force: tensor([0.3623, 0.2757, 0.9197, 0.4258, 0.0107, 0.9510], device='cuda:0')
Index force: tensor([1.4042, 1.4111, 1.6054, 1.6874, 1.1936, 1.4055], device='cuda:0')
tensor([0.2671, 0.5306, 0.6443, 0.8276, 0.0392, 0.1872, 0.8579, 0.7682, 1.2305,
        0.1686, 0.2753, 0.5161, 0.3726], device='cuda:0')
Likelihood: -28.960060119628906
Solve time for step 2 (global step 1) 5.107100491062738
Current ori: tensor(0.3726, device='cuda:0')
Middle force: tensor([2.5189, 1.0775, 1.6411, 2.0173, 3.0992], device='cuda:0')
Thumb force: tensor([0.2254, 0.9831, 0.4735, 0.0207, 0.7704], device='cuda:0')
Index force: tensor([1.3747, 1.6007, 1.6184, 1.1956, 1.3998], device='cuda:0')
tensor([0.2730, 0.5314, 0.6516, 0.8213, 0.0879, 0.1872, 0.8479, 0.7531, 1.2562,
        0.1496, 0.1881, 0.6621, 0.3719], device='cuda:0')
Likelihood: -37.50342559814453
Solve time for step 3 (global step 2) 5.112587922951207
Current ori: tensor(0.3719, device='cuda:0')
Middle force: tensor([0.8715, 1.3232, 1.0861, 0.9145], device='cuda:0')
Thumb force: tensor([0.6815, 0.6455, 0.0179, 0.6036], device='cuda:0')
Index force: tensor([0.9330, 1.0488, 0.9593, 1.0051], device='cuda:0')
tensor([0.2767, 0.5303, 0.6599, 0.8347, 0.1102, 0.1958, 0.8278, 0.7484, 1.2332,
        0.1931, 0.1643, 0.7230, 0.3715], device='cuda:0')
Likelihood: -43.211143493652344
Solve time for step 4 (global step 3) 5.21775798802264
Current ori: tensor(0.3715, device='cuda:0')
Middle force: tensor([1.3031, 1.0778, 0.8571], device='cuda:0')
Thumb force: tensor([0.6192, 0.0115, 0.6771], device='cuda:0')
Index force: tensor([1.0481, 0.9624, 1.0045], device='cuda:0')
tensor([0.2923, 0.5510, 0.6544, 0.8285, 0.1113, 0.2079, 0.8036, 0.7597, 1.2207,
        0.2069, 0.1444, 0.7745, 0.3718], device='cuda:0')
Likelihood: -48.32080841064453
Solve time for step 5 (global step 4) 4.908479392062873
Current ori: tensor(0.3718, device='cuda:0')
Middle force: tensor([1.0734, 0.8532], device='cuda:0')
Thumb force: tensor([0.0090, 0.6827], device='cuda:0')
Index force: tensor([0.9583, 0.9944], device='cuda:0')
tensor([0.2933, 0.5486, 0.6675, 0.8116, 0.1283, 0.2127, 0.8013, 0.7327, 1.2359,
        0.1768, 0.0923, 0.8451, 0.3716], device='cuda:0')
Likelihood: -47.92353820800781
Solve time for step 6 (global step 5) 4.411963292979635
Current ori: tensor(0.3716, device='cuda:0')
Middle force: tensor([0.8594], device='cuda:0')
Thumb force: tensor([0.6644], device='cuda:0')
Index force: tensor([0.9883], device='cuda:0')
Current yaw: tensor([0.3716], device='cuda:0')
2 turn
Likelihood: -64.15560150146484
State is out of distribution
Final likelihood: tensor([-1.4777, -1.4803, -1.6123, -1.6666, -1.6772, -1.7585, -1.8621, -2.0866],
       device='cuda:0', grad_fn=<IndexBackward0>)
Final likelihood: tensor([-1.4777, -1.4803, -1.6123, -1.6666, -1.6772, -1.7585, -1.8621, -2.0866],
       device='cuda:0', grad_fn=<IndexBackward0>)
1 mode projection succeeded
New goal: tensor([ 0.3037,  0.6235,  0.7008,  0.8675, -0.0514,  0.2415,  0.9628,  0.8305,
         1.2953,  0.0847,  0.4024,  0.3174,  0.0111], device='cuda:0')
Likelihood: -61.92041778564453
Likelihood: -66.57569122314453
Likelihood: -53.56650924682617
{'index': 61.92041778564453,
 'middle': 66.57569122314453,
 'thumb': 53.56650924682617}
Plan time: 64.26545919396449
Current yaw: tensor([0.3716], device='cuda:0')
3 thumb
tensor([0.2957, 0.5441, 0.6701, 0.8241, 0.1337, 0.2252, 0.7880, 0.7308, 1.2038,
        0.2712, 0.0908, 0.8458, 0.3716], device='cuda:0')
Solve time for step 1 (global step 6) 0.37662811705376953
Current ori: tensor(0.3716, device='cuda:0')
Index force: tensor([1.1851, 1.0436, 1.1058], device='cuda:0')
Middle force: tensor([1.1851, 1.0436, 1.1058], device='cuda:0')
tensor([0.3101, 0.5821, 0.6803, 0.7862, 0.1410, 0.2278, 0.8062, 0.6871, 1.1733,
        0.2548, 0.1402, 0.5319, 0.3715], device='cuda:0')
Solve time for step 2 (global step 7) 4.309358561993577
Current ori: tensor(0.3715, device='cuda:0')
Index force: tensor([0.9922, 1.1337], device='cuda:0')
Middle force: tensor([0.9922, 1.1337], device='cuda:0')
tensor([0.3229, 0.6234, 0.6597, 0.8043, 0.1619, 0.2262, 0.8440, 0.6326, 1.2158,
        0.1138, 0.2091, 0.3300, 0.3715], device='cuda:0')
Solve time for step 3 (global step 8) 4.540290022036061
Current ori: tensor(0.3715, device='cuda:0')
Index force: tensor([1.1613], device='cuda:0')
Middle force: tensor([1.1613], device='cuda:0')
Current yaw: tensor([0.3714], device='cuda:0')
4 turn
Likelihood: -71.15203094482422
State is out of distribution
Final likelihood: tensor([-0.7812, -0.8699, -0.8795, -1.1771, -1.2524, -1.2888, -1.3870, -1.6955],
       device='cuda:0', grad_fn=<IndexBackward0>)
Final likelihood: tensor([-0.7812, -0.8699, -0.8795, -1.1771, -1.2524, -1.2888, -1.3870, -1.6955],
       device='cuda:0', grad_fn=<IndexBackward0>)
1 mode projection succeeded
New goal: tensor([ 0.3041,  0.6224,  0.7002,  0.8697, -0.0529,  0.2417,  0.9635,  0.8303,
         1.2963,  0.0873,  0.4014,  0.3197,  0.0134], device='cuda:0')
Likelihood: -63.151329040527344
Likelihood: -34.144981384277344
Likelihood: -70.53959655761719
{'index': 63.151329040527344,
 'middle': 34.144981384277344,
 'thumb': 70.53959655761719}
Plan time: 65.43394553021062
Current yaw: tensor([0.3714], device='cuda:0')
5 middle
tensor([0.3280, 0.6323, 0.6637, 0.8057, 0.2189, 0.2516, 0.8380, 0.6268, 1.2111,
        0.0683, 0.4980, 0.0706, 0.3714], device='cuda:0')
Solve time for step 1 (global step 9) 0.3767763099167496
Current ori: tensor(0.3714, device='cuda:0')
Thumb force: tensor([0.3698, 1.0331, 0.6444], device='cuda:0')
tensor([0.3457, 0.6405, 0.7235, 0.7666, 0.1113, 0.1509, 0.7840, 0.7521, 1.2105,
        0.0834, 0.4736, 0.1337, 0.3714], device='cuda:0')
Solve time for step 2 (global step 10) 4.644197097979486
Current ori: tensor(0.3714, device='cuda:0')
Thumb force: tensor([0.9974, 0.6127], device='cuda:0')
tensor([ 0.3605,  0.6861,  0.6919,  0.8082,  0.0767,  0.1091,  0.8657,  0.7143,
         1.2831, -0.0575,  0.4269,  0.2025,  0.3714], device='cuda:0')
Solve time for step 3 (global step 11) 4.717658363981172
Current ori: tensor(0.3714, device='cuda:0')
Thumb force: tensor([0.6082], device='cuda:0')
Current yaw: tensor([0.3714], device='cuda:0')
6 turn
Likelihood: -30.046659469604492
Sampling time 3.6623653910355642
tensor([ 0.3688,  0.7132,  0.6890,  0.7987, -0.1472,  0.1508,  0.9518,  0.8536,
         1.1646,  0.2343,  0.4167,  0.2741,  0.3714], device='cuda:0')
Solve time for step 1 (global step 12) 5.545968901016749
Current ori: tensor(0.3714, device='cuda:0')
Middle force: tensor([2.3612, 2.5117, 1.1534, 1.0843, 1.3834, 1.3764], device='cuda:0')
Thumb force: tensor([0.1365, 0.0024, 1.2679, 0.4486, 0.2066, 0.3819], device='cuda:0')
Index force: tensor([1.8080, 1.7670, 0.2236, 1.2152, 1.2880, 1.1716], device='cuda:0')
tensor([ 0.3783,  0.7383,  0.6980,  0.7729, -0.0936,  0.1539,  0.9166,  0.8596,
         1.1629,  0.3447,  0.3020,  0.5219,  0.3594], device='cuda:0')
Likelihood: -35.11094665527344
Solve time for step 2 (global step 13) 5.496789302909747
Current ori: tensor(0.3594, device='cuda:0')
Middle force: tensor([2.4649, 1.1163, 1.1927, 1.3337, 1.3593], device='cuda:0')
Thumb force: tensor([0.0556, 1.2667, 0.2626, 0.2286, 0.3487], device='cuda:0')
Index force: tensor([1.6762, 0.3410, 1.0965, 1.2937, 1.1561], device='cuda:0')
tensor([ 0.3836,  0.7498,  0.6947,  0.7578, -0.0215,  0.1590,  0.8781,  0.8710,
         1.1016,  0.5423,  0.2712,  0.6603,  0.3566], device='cuda:0')
Likelihood: -52.64605712890625
State is out of distribution
Final likelihood: tensor([ -0.9060,  -1.0878,  -1.8504,  -1.9328,  -1.9607,  -2.0432,  -7.2496,
        -12.6740], device='cuda:0', grad_fn=<IndexBackward0>)
Final likelihood: tensor([ -0.9060,  -1.0878,  -1.8504,  -1.9328,  -1.9607,  -2.0432,  -7.2496,
        -12.6740], device='cuda:0', grad_fn=<IndexBackward0>)
1 mode projection succeeded
New goal: tensor([ 0.3674,  0.6530,  0.7132,  0.8401, -0.0730,  0.2289,  0.8700,  0.8147,
         1.2818,  0.1731,  0.3563,  0.3616,  0.0730], device='cuda:0')
Likelihood: -47.237945556640625
Likelihood: -49.8786506652832
Likelihood: -29.433773040771484
{'index': 47.237945556640625,
 'middle': 49.8786506652832,
 'thumb': 29.433773040771484}
Plan time: 64.7685474260943
Current yaw: tensor([0.3566], device='cuda:0')
7 thumb
tensor([ 0.3846,  0.7498,  0.6938,  0.7573, -0.0213,  0.1589,  0.8780,  0.8710,
         1.1015,  0.5428,  0.2711,  0.6606,  0.3566], device='cuda:0')
Solve time for step 1 (global step 14) 0.34882824297528714
Current ori: tensor(0.3566, device='cuda:0')
Index force: tensor([1.1425, 1.1541, 1.1423], device='cuda:0')
Middle force: tensor([1.1425, 1.1541, 1.1423], device='cuda:0')
tensor([0.3848, 0.7481, 0.6983, 0.7528, 0.0130, 0.1567, 0.8698, 0.8678, 1.0788,
        0.4085, 0.2605, 0.4403, 0.3564], device='cuda:0')
Solve time for step 2 (global step 15) 4.175237688003108
Current ori: tensor(0.3564, device='cuda:0')
Index force: tensor([1.1355, 1.1324], device='cuda:0')
Middle force: tensor([1.1355, 1.1324], device='cuda:0')
tensor([0.3919, 0.7805, 0.6864, 0.7436, 0.0262, 0.1584, 0.8802, 0.8291, 1.0829,
        0.2980, 0.2969, 0.3850, 0.3563], device='cuda:0')
Solve time for step 3 (global step 16) 4.4765253940131515
Current ori: tensor(0.3563, device='cuda:0')
Index force: tensor([1.1131], device='cuda:0')
Middle force: tensor([1.1131], device='cuda:0')
Current yaw: tensor([0.3562], device='cuda:0')
8 turn
Likelihood: -30.425460815429688
Sampling time 3.833697999943979
tensor([0.3989, 0.8108, 0.6758, 0.7336, 0.0354, 0.1634, 0.8828, 0.7998, 1.1661,
        0.1981, 0.4277, 0.3017, 0.3562], device='cuda:0')
Solve time for step 1 (global step 17) 5.804659718065523
Current ori: tensor(0.3562, device='cuda:0')
Middle force: tensor([2.7203, 1.1512, 2.9880, 1.7480, 1.7864, 1.6024], device='cuda:0')
Thumb force: tensor([0.3534, 1.1641, 1.5585, 0.7472, 2.1130, 1.1869], device='cuda:0')
Index force: tensor([1.1953, 1.1431, 1.5556, 1.4575, 1.1485, 2.2341], device='cuda:0')
tensor([0.4039, 0.8430, 0.6436, 0.7527, 0.0554, 0.1616, 0.8740, 0.8108, 1.2625,
        0.0278, 0.2944, 0.4789, 0.3555], device='cuda:0')
Likelihood: -38.30925369262695
Solve time for step 2 (global step 18) 5.628071355982684
Current ori: tensor(0.3555, device='cuda:0')
Middle force: tensor([1.1458, 2.9834, 1.7088, 1.7516, 1.5904], device='cuda:0')
Thumb force: tensor([1.1358, 1.5825, 0.7101, 2.0759, 1.2381], device='cuda:0')
Index force: tensor([1.1641, 1.4876, 1.3145, 1.1809, 2.1212], device='cuda:0')
tensor([0.4133, 0.8698, 0.6662, 0.7354, 0.1057, 0.1610, 0.8701, 0.7867, 1.1950,
        0.2284, 0.2448, 0.6116, 0.3373], device='cuda:0')
Likelihood: -54.046043395996094
State is out of distribution
Final likelihood: tensor([-0.4827, -0.6492, -0.8646, -0.9236, -1.0290, -1.4430, -1.6579, -1.7047],
       device='cuda:0', grad_fn=<IndexBackward0>)
Final likelihood: tensor([-0.4827, -0.6492, -0.8646, -0.9236, -1.0290, -1.4430, -1.6579, -1.7047],
       device='cuda:0', grad_fn=<IndexBackward0>)
1 mode projection succeeded
New goal: tensor([ 0.3677,  0.6535,  0.7145,  0.8395, -0.0719,  0.2304,  0.8704,  0.8144,
         1.2829,  0.1753,  0.3560,  0.3616,  0.0740], device='cuda:0')
Likelihood: -50.402610778808594
Likelihood: -52.193546295166016
Likelihood: -59.63037872314453
{'index': 50.402610778808594,
 'middle': 52.193546295166016,
 'thumb': 59.63037872314453}
Plan time: 65.58127911714837
Current yaw: tensor([0.3373], device='cuda:0')
9 index
tensor([0.4133, 0.8700, 0.6664, 0.7355, 0.1059, 0.1611, 0.8701, 0.7867, 1.1949,
        0.2289, 0.2445, 0.6119, 0.3373], device='cuda:0')
Solve time for step 1 (global step 19) 0.2115850590635091
Current ori: tensor(0.3373, device='cuda:0')
Middle force: tensor([1.7769, 2.9765, 2.1510], device='cuda:0')
Thumb force: tensor([1.0266, 0.7128, 1.4283], device='cuda:0')
tensor([0.4700, 0.7733, 0.7282, 0.8166, 0.1359, 0.1549, 0.8760, 0.7720, 1.2006,
        0.2367, 0.1833, 0.7192, 0.3371], device='cuda:0')
Solve time for step 2 (global step 20) 3.8706612329697236
Current ori: tensor(0.3371, device='cuda:0')
Middle force: tensor([2.9556, 2.0994], device='cuda:0')
Thumb force: tensor([0.7414, 1.4544], device='cuda:0')
tensor([0.4700, 0.7220, 0.7037, 0.7695, 0.2067, 0.1777, 0.8616, 0.7654, 1.1364,
        0.3773, 0.1622, 0.8319, 0.3371], device='cuda:0')
Solve time for step 3 (global step 21) 3.986260870937258
Current ori: tensor(0.3371, device='cuda:0')
Middle force: tensor([2.0615], device='cuda:0')
Thumb force: tensor([1.4119], device='cuda:0')
Current yaw: tensor([0.3371], device='cuda:0')
10 turn
Likelihood: -75.66986846923828
State is out of distribution
Final likelihood: tensor([-1.2643, -1.5628, -1.5794, -1.5937, -1.7018, -2.6158, -7.0611, -9.5349],
       device='cuda:0', grad_fn=<IndexBackward0>)
Final likelihood: tensor([-1.2643, -1.5628, -1.5794, -1.5937, -1.7018, -2.6158, -7.0611, -9.5349],
       device='cuda:0', grad_fn=<IndexBackward0>)
1 mode projection succeeded
New goal: tensor([ 0.2709,  0.6091,  0.6935,  0.7341, -0.0512,  0.1687,  0.9305,  0.7351,
         1.2787,  0.0730,  0.3707,  0.3790,  0.1305], device='cuda:0')
Likelihood: -79.44610595703125
Likelihood: -68.42141723632812
Likelihood: -47.6826171875
{'index': 79.44610595703125,
 'middle': 68.42141723632812,
 'thumb': 47.6826171875}
Plan time: 66.520051249885
Current yaw: tensor([0.3371], device='cuda:0')
11 thumb
tensor([0.3405, 0.6325, 0.6882, 0.8100, 0.2266, 0.2092, 0.8245, 0.7722, 1.1623,
        0.4118, 0.1223, 0.8674, 0.3371], device='cuda:0')
Solve time for step 1 (global step 22) 0.3330996169243008
Current ori: tensor(0.3371, device='cuda:0')
Index force: tensor([1.3122, 1.1534, 1.2012], device='cuda:0')
Middle force: tensor([1.3122, 1.1534, 1.2012], device='cuda:0')
tensor([0.3498, 0.6388, 0.7399, 0.7498, 0.2008, 0.2028, 0.8355, 0.7415, 1.0838,
        0.2792, 0.1460, 0.6864, 0.3372], device='cuda:0')
Solve time for step 2 (global step 23) 4.5814945680322126
Current ori: tensor(0.3372, device='cuda:0')
Index force: tensor([1.1072, 1.1820], device='cuda:0')
Middle force: tensor([1.1072, 1.1820], device='cuda:0')
tensor([0.3468, 0.6396, 0.7458, 0.7203, 0.2270, 0.2241, 0.8074, 0.7643, 1.1394,
        0.1647, 0.2394, 0.4221, 0.3372], device='cuda:0')
Solve time for step 3 (global step 24) 4.49850063608028
Current ori: tensor(0.3372, device='cuda:0')
Index force: tensor([1.1338], device='cuda:0')
Middle force: tensor([1.1338], device='cuda:0')
Current yaw: tensor([0.3372], device='cuda:0')
12 turn
Likelihood: -57.8695182800293
State is out of distribution
Final likelihood: tensor([-0.7107, -0.7372, -0.7840, -1.0079, -1.2699, -1.4511, -1.5739, -1.7851],
       device='cuda:0', grad_fn=<IndexBackward0>)
Final likelihood: tensor([-0.7107, -0.7372, -0.7840, -1.0079, -1.2699, -1.4511, -1.5739, -1.7851],
       device='cuda:0', grad_fn=<IndexBackward0>)
1 mode projection succeeded
New goal: tensor([ 0.3514,  0.6548,  0.8242,  0.7004, -0.0206,  0.2618,  0.9042,  0.7262,
         1.3041,  0.1097,  0.3822,  0.2895, -0.0641], device='cuda:0')
Likelihood: -51.52830505371094
Likelihood: -25.42642593383789
Likelihood: -62.180519104003906
{'index': 51.52830505371094,
 'middle': 25.42642593383789,
 'thumb': 62.180519104003906}
Plan time: 63.77384827181231
Current yaw: tensor([0.3372], device='cuda:0')
13 middle
tensor([0.3556, 0.6656, 0.7465, 0.7123, 0.2268, 0.2243, 0.8176, 0.7475, 1.2261,
        0.0392, 0.4598, 0.1917, 0.3372], device='cuda:0')
Solve time for step 1 (global step 25) 0.20295854890719056
Current ori: tensor(0.3372, device='cuda:0')
Thumb force: tensor([1.0276, 0.7816, 0.6273], device='cuda:0')
tensor([ 0.3673,  0.7039,  0.7304,  0.7312,  0.1494,  0.1242,  0.8628,  0.6392,
         1.3051, -0.0452,  0.3741,  0.2768,  0.3372], device='cuda:0')
Solve time for step 2 (global step 26) 4.828594526974484
Current ori: tensor(0.3372, device='cuda:0')
Thumb force: tensor([0.8095, 0.5804], device='cuda:0')
tensor([ 0.3758,  0.7332,  0.6979,  0.7540, -0.0851,  0.1199,  0.8772,  0.7624,
         1.1997,  0.2376,  0.3467,  0.3695,  0.3371], device='cuda:0')
Solve time for step 3 (global step 27) 3.7753507340094075
Current ori: tensor(0.3371, device='cuda:0')
Thumb force: tensor([0.6100], device='cuda:0')
Current yaw: tensor([0.3371], device='cuda:0')
14 turn
Likelihood: -27.96695327758789
Sampling time 3.844129474950023
tensor([ 0.3859,  0.7573,  0.6988,  0.7421, -0.1485,  0.1333,  1.0022,  0.7940,
         1.2316,  0.1990,  0.2814,  0.4815,  0.3371], device='cuda:0')
Solve time for step 1 (global step 28) 5.581330157932825
Current ori: tensor(0.3371, device='cuda:0')
Middle force: tensor([2.4875, 1.8585, 1.3546, 1.3672, 1.2565, 1.6420], device='cuda:0')
Thumb force: tensor([0.9982, 0.4660, 0.7898, 0.1991, 1.0365, 0.6923], device='cuda:0')
Index force: tensor([2.3811, 1.1915, 1.6780, 1.1239, 0.6023, 0.8197], device='cuda:0')
tensor([ 0.3963,  0.7808,  0.6959,  0.7575, -0.1215,  0.1561,  0.9496,  0.8074,
         1.2057,  0.2575,  0.2362,  0.6096,  0.3369], device='cuda:0')
Likelihood: -38.00532913208008
Solve time for step 2 (global step 29) 5.016277233022265
Current ori: tensor(0.3369, device='cuda:0')
Middle force: tensor([1.7733, 1.2973, 1.3283, 1.1842, 1.4921], device='cuda:0')
Thumb force: tensor([0.4177, 0.7697, 0.1776, 1.0112, 0.7703], device='cuda:0')
Index force: tensor([1.1864, 1.6130, 1.1199, 0.6844, 0.7663], device='cuda:0')
tensor([ 0.4031,  0.8085,  0.6755,  0.7767, -0.0718,  0.1519,  0.9505,  0.7767,
         1.2283,  0.2011,  0.1595,  0.7358,  0.3356], device='cuda:0')
Likelihood: -42.42311096191406
Solve time for step 3 (global step 30) 4.767454767017625
Current ori: tensor(0.3356, device='cuda:0')
Middle force: tensor([1.2953, 1.3243, 1.0939, 1.3728], device='cuda:0')
Thumb force: tensor([0.7426, 0.2032, 1.0018, 0.7950], device='cuda:0')
Index force: tensor([1.5215, 1.0846, 0.7455, 0.7702], device='cuda:0')
tensor([ 0.4045,  0.8200,  0.6698,  0.7701, -0.0394,  0.1405,  0.9504,  0.7866,
         1.1296,  0.4891,  0.2002,  0.7542,  0.3355], device='cuda:0')
Likelihood: -57.48417663574219
State is out of distribution
Final likelihood: tensor([ -1.4080,  -1.6554,  -1.7511,  -3.2473,  -3.2638,  -8.5848, -11.5512,
        -12.9023], device='cuda:0', grad_fn=<IndexBackward0>)
Final likelihood: tensor([ -1.4080,  -1.6554,  -1.7511,  -3.2473,  -3.2638,  -8.5848, -11.5512,
        -12.9023], device='cuda:0', grad_fn=<IndexBackward0>)
1 mode projection succeeded
New goal: tensor([ 0.3444,  0.6615,  0.6883,  0.7810, -0.0822,  0.2445,  0.8379,  0.7192,
         1.3064,  0.0565,  0.3422,  0.3169,  0.3713], device='cuda:0')
Likelihood: -33.65460968017578
Likelihood: -55.024986267089844
Likelihood: -23.192550659179688
{'index': 33.65460968017578,
 'middle': 55.024986267089844,
 'thumb': 23.192550659179688}
Plan time: 65.43256636301521
Current yaw: tensor([0.3355], device='cuda:0')
15 thumb
tensor([ 0.4046,  0.8202,  0.6698,  0.7701, -0.0385,  0.1416,  0.9510,  0.7867,
         1.1298,  0.4900,  0.2006,  0.7543,  0.3355], device='cuda:0')
Solve time for step 1 (global step 31) 0.19913747592363507
Current ori: tensor(0.3355, device='cuda:0')
Index force: tensor([1.0397, 1.2565, 1.4405], device='cuda:0')
Middle force: tensor([1.0397, 1.2565, 1.4405], device='cuda:0')
tensor([ 0.4045,  0.8064,  0.7037,  0.7309, -0.0364,  0.1519,  0.9187,  0.8173,
         1.1748,  0.3863,  0.1098,  0.5854,  0.3354], device='cuda:0')
Solve time for step 2 (global step 32) 4.935443478054367
Current ori: tensor(0.3354, device='cuda:0')
Index force: tensor([1.2372, 1.4120], device='cuda:0')
Middle force: tensor([1.2372, 1.4120], device='cuda:0')
tensor([ 0.4043,  0.8010,  0.7136,  0.7218, -0.0194,  0.1559,  0.9006,  0.8308,
         1.1566,  0.2055,  0.1727,  0.4964,  0.3353], device='cuda:0')
Solve time for step 3 (global step 33) 3.939742453978397
Current ori: tensor(0.3353, device='cuda:0')
Index force: tensor([1.3534], device='cuda:0')
Middle force: tensor([1.3534], device='cuda:0')
Current yaw: tensor([0.3353], device='cuda:0')
16 turn
Likelihood: -27.03057098388672
Sampling time 3.8124582959571853
tensor([ 0.4042,  0.8093,  0.6919,  0.7474, -0.0039,  0.1532,  0.8989,  0.8312,
         1.2787,  0.1744,  0.2707,  0.4278,  0.3353], device='cuda:0')
Solve time for step 1 (global step 34) 5.897878716001287
Current ori: tensor(0.3353, device='cuda:0')
Middle force: tensor([1.5123, 1.7116, 1.5616, 1.8318, 0.9931, 2.0070], device='cuda:0')
Thumb force: tensor([0.0800, 1.2626, 2.1597, 0.2166, 1.2813, 1.5223], device='cuda:0')
Index force: tensor([1.2111, 0.8521, 0.9450, 1.1756, 0.7667, 1.1774], device='cuda:0')
tensor([0.4042, 0.8132, 0.6892, 0.7437, 0.0281, 0.1486, 0.8955, 0.8298, 1.2691,
        0.2349, 0.2623, 0.5055, 0.3351], device='cuda:0')
Likelihood: -30.1256103515625
Solve time for step 2 (global step 35) 5.386877238983288
Current ori: tensor(0.3351, device='cuda:0')
Middle force: tensor([1.6989, 1.5350, 1.8117, 0.9476, 1.9307], device='cuda:0')
Thumb force: tensor([1.2004, 2.1064, 0.2231, 1.2604, 1.4987], device='cuda:0')
Index force: tensor([0.8548, 0.9651, 1.1598, 0.8087, 1.2154], device='cuda:0')
tensor([0.4085, 0.8300, 0.6871, 0.7352, 0.0595, 0.1369, 0.9108, 0.8117, 1.2857,
        0.2199, 0.2136, 0.5921, 0.3348], device='cuda:0')
Likelihood: -42.687416076660156
Solve time for step 3 (global step 36) 5.320499513065442
Current ori: tensor(0.3348, device='cuda:0')
Middle force: tensor([1.5066, 1.7945, 0.9244, 1.8873], device='cuda:0')
Thumb force: tensor([2.0683, 0.2358, 1.2410, 1.4782], device='cuda:0')
Index force: tensor([0.9714, 1.1451, 0.8240, 1.2096], device='cuda:0')
tensor([0.4145, 0.8570, 0.6888, 0.7423, 0.0847, 0.1337, 0.9027, 0.8260, 1.3002,
        0.2127, 0.1793, 0.6492, 0.3345], device='cuda:0')
Likelihood: -49.46471405029297
Solve time for step 4 (global step 37) 4.9547899150056764
Current ori: tensor(0.3345, device='cuda:0')
Middle force: tensor([1.7740, 0.8987, 1.8338], device='cuda:0')
Thumb force: tensor([0.2252, 1.2188, 1.4623], device='cuda:0')
Index force: tensor([1.1383, 0.8385, 1.2103], device='cuda:0')
tensor([0.4233, 0.8878, 0.6821, 0.7640, 0.1245, 0.1190, 0.9268, 0.8117, 1.2808,
        0.3050, 0.1543, 0.7133, 0.3344], device='cuda:0')
Likelihood: -58.4703369140625
State is out of distribution
Final likelihood: tensor([ -0.6915,  -1.3404,  -1.5592,  -1.9169,  -2.0220,  -4.8975, -19.3237,
        -21.3961], device='cuda:0', grad_fn=<IndexBackward0>)
Final likelihood: tensor([ -0.6915,  -1.3404,  -1.5592,  -1.9169,  -2.0220,  -4.8975, -19.3237,
        -21.3961], device='cuda:0', grad_fn=<IndexBackward0>)
1 mode projection succeeded
New goal: tensor([ 0.3678,  0.6537,  0.7144,  0.8402, -0.0718,  0.2301,  0.8703,  0.8148,
         1.2824,  0.1757,  0.3559,  0.3610,  0.0744], device='cuda:0')
Likelihood: -74.75426483154297
Likelihood: -73.67561340332031
Likelihood: -64.12232971191406
{'index': 74.75426483154297,
 'middle': 73.67561340332031,
 'thumb': 64.12232971191406}
Plan time: 65.44016118103173
Current yaw: tensor([0.3344], device='cuda:0')
17 thumb
tensor([0.4235, 0.8882, 0.6822, 0.7641, 0.1247, 0.1188, 0.9269, 0.8117, 1.2808,
        0.3052, 0.1543, 0.7134, 0.3344], device='cuda:0')
Solve time for step 1 (global step 38) 0.20318896498065442
Current ori: tensor(0.3344, device='cuda:0')
Index force: tensor([1.1001, 1.0314, 1.2453], device='cuda:0')
Middle force: tensor([1.1001, 1.0314, 1.2453], device='cuda:0')
tensor([0.4308, 0.9122, 0.7025, 0.7253, 0.1248, 0.1240, 0.9128, 0.8257, 1.1582,
        0.1536, 0.1885, 0.5245, 0.3343], device='cuda:0')
Solve time for step 2 (global step 39) 4.791250968002714
Current ori: tensor(0.3343, device='cuda:0')
Index force: tensor([1.0524, 1.2423], device='cuda:0')
Middle force: tensor([1.0524, 1.2423], device='cuda:0')
tensor([0.4292, 0.9456, 0.7079, 0.7049, 0.1745, 0.1367, 0.8830, 0.8721, 1.1725,
        0.1908, 0.2058, 0.3913, 0.3516], device='cuda:0')
Solve time for step 3 (global step 40) 3.969949655001983
Current ori: tensor(0.3516, device='cuda:0')
Index force: tensor([1.2225], device='cuda:0')
Middle force: tensor([1.2225], device='cuda:0')
Current yaw: tensor([0.3515], device='cuda:0')
18 turn
Likelihood: -70.11451721191406
State is out of distribution
Final likelihood: tensor([-0.7778, -0.7941, -0.8227, -0.8257, -0.8373, -1.1350, -1.4132, -1.4433],
       device='cuda:0', grad_fn=<IndexBackward0>)
Final likelihood: tensor([-0.7778, -0.7941, -0.8227, -0.8257, -0.8373, -1.1350, -1.4132, -1.4433],
       device='cuda:0', grad_fn=<IndexBackward0>)
1 mode projection succeeded
New goal: tensor([ 0.3605,  0.6689,  0.7074,  0.8287, -0.0347,  0.1755,  0.9446,  0.8144,
         1.3120,  0.1002,  0.3526,  0.3359,  0.0280], device='cuda:0')
Likelihood: -61.116355895996094
Likelihood: -42.52729797363281
Likelihood: -83.31280517578125
{'index': 61.116355895996094,
 'middle': 42.52729797363281,
 'thumb': 83.31280517578125}
Plan time: 66.21676493308041
Current yaw: tensor([0.3515], device='cuda:0')
19 middle
tensor([0.4270, 0.9518, 0.6940, 0.7266, 0.1939, 0.1284, 0.9161, 0.8361, 1.1978,
        0.0962, 0.4491, 0.2400, 0.3515], device='cuda:0')
Solve time for step 1 (global step 41) 0.3706191119272262
Current ori: tensor(0.3515, device='cuda:0')
Thumb force: tensor([0.3327, 0.8386, 0.8849], device='cuda:0')
tensor([ 0.4288,  0.9917,  0.7114,  0.7372,  0.0432,  0.0942,  0.8475,  0.8302,
         1.2706, -0.0101,  0.3978,  0.2526,  0.3515], device='cuda:0')
Solve time for step 2 (global step 42) 4.62586624303367
Current ori: tensor(0.3515, device='cuda:0')
Thumb force: tensor([0.8568, 0.8125], device='cuda:0')
tensor([0.4118, 1.0531, 0.7059, 0.7694, 0.0747, 0.0367, 0.9153, 0.8672, 1.1692,
        0.3036, 0.3651, 0.3775, 0.3515], device='cuda:0')
Solve time for step 3 (global step 43) 4.302645783987828
Current ori: tensor(0.3515, device='cuda:0')
Thumb force: tensor([0.7462], device='cuda:0')
Current yaw: tensor([0.3515], device='cuda:0')
20 turn
Likelihood: -74.24378967285156
State is out of distribution
Final likelihood: tensor([-0.7431, -0.7464, -0.7863, -0.8105, -0.8931, -0.9543, -1.0232, -1.0417],
       device='cuda:0', grad_fn=<IndexBackward0>)
Final likelihood: tensor([-0.7431, -0.7464, -0.7863, -0.8105, -0.8931, -0.9543, -1.0232, -1.0417],
       device='cuda:0', grad_fn=<IndexBackward0>)
1 mode projection succeeded
New goal: tensor([ 0.3224,  0.7019,  0.7267,  0.7316, -0.0427,  0.2994,  0.9188,  0.8734,
         1.3244,  0.0460,  0.3971,  0.2613, -0.0809], device='cuda:0')
Likelihood: -44.35343933105469
Likelihood: -83.04115295410156
Likelihood: -92.76709747314453
{'index': 44.35343933105469,
 'middle': 83.04115295410156,
 'thumb': 92.76709747314453}
Plan time: 66.90688495384529
Current yaw: tensor([0.3515], device='cuda:0')
21 index
tensor([ 0.4117,  1.1098,  0.7188,  0.7345, -0.1355,  0.1330,  0.9942,  0.8011,
         1.2491,  0.1527,  0.2749,  0.4601,  0.3515], device='cuda:0')
Solve time for step 1 (global step 44) 0.3714598810765892
Current ori: tensor(0.3515, device='cuda:0')
Middle force: tensor([1.1602, 2.1558, 1.0594], device='cuda:0')
Thumb force: tensor([0.3398, 0.8841, 0.1035], device='cuda:0')
tensor([ 0.4700,  0.9551,  0.6701,  0.7156, -0.1342,  0.1595,  0.9588,  0.7955,
         1.1689,  0.3551,  0.2828,  0.4609,  0.3515], device='cuda:0')
Solve time for step 2 (global step 45) 4.169391621951945
Current ori: tensor(0.3515, device='cuda:0')
Middle force: tensor([2.2368, 1.0507], device='cuda:0')
Thumb force: tensor([1.0493, 0.0534], device='cuda:0')
tensor([ 0.4700,  0.7366,  0.6481,  0.7894, -0.0573,  0.1487,  0.9425,  0.7938,
         1.1059,  0.5761,  0.2788,  0.6448,  0.3514], device='cuda:0')
Solve time for step 3 (global step 46) 4.734663828043267
Current ori: tensor(0.3514, device='cuda:0')
Middle force: tensor([1.0406], device='cuda:0')
Thumb force: tensor([0.0716], device='cuda:0')
Current yaw: tensor([0.3514], device='cuda:0')
22 turn
Likelihood: -48.94024658203125
Sampling time 3.7988092369632795
tensor([ 0.3264,  0.6689,  0.6187,  0.7895, -0.0397,  0.1578,  0.9282,  0.7802,
         1.3085,  0.2769,  0.0495,  0.8094,  0.3514], device='cuda:0')
Solve time for step 1 (global step 47) 5.661158279981464
Current ori: tensor(0.3514, device='cuda:0')
Middle force: tensor([2.5307, 1.8011, 1.2860, 1.3252, 1.2316, 1.5633], device='cuda:0')
Thumb force: tensor([0.9564, 0.5856, 0.8388, 0.3198, 1.0852, 0.6579], device='cuda:0')
Index force: tensor([2.2912, 1.1786, 1.5630, 1.0927, 0.6198, 0.8797], device='cuda:0')
tensor([0.3370, 0.6820, 0.6354, 0.7898, 0.0021, 0.1724, 0.8921, 0.7766, 1.2899,
        0.3496, 0.0453, 0.9082, 0.3513], device='cuda:0')
Likelihood: -52.40510940551758
State is out of distribution
Final likelihood: tensor([ -1.5104,  -1.7296,  -1.8092,  -1.8884,  -1.9712,  -2.2989,  -8.1559,
        -11.7264], device='cuda:0', grad_fn=<IndexBackward0>)
Final likelihood: tensor([ -1.5104,  -1.7296,  -1.8092,  -1.8884,  -1.9712,  -2.2989,  -8.1559,
        -11.7264], device='cuda:0', grad_fn=<IndexBackward0>)
1 mode projection succeeded
New goal: tensor([ 0.3113,  0.6012,  0.6435,  0.8118, -0.0310,  0.1438,  0.9331,  0.8089,
         1.2787,  0.1200,  0.3761,  0.2609,  0.3594], device='cuda:0')
Likelihood: -46.186973571777344
Likelihood: -57.56110763549805
Likelihood: -22.33672332763672
{'index': 46.186973571777344,
 'middle': 57.56110763549805,
 'thumb': 22.33672332763672}
Plan time: 65.8469991410384
Current yaw: tensor([0.3513], device='cuda:0')
23 thumb
tensor([0.3372, 0.6821, 0.6355, 0.7898, 0.0022, 0.1724, 0.8919, 0.7766, 1.2898,
        0.3498, 0.0450, 0.9083, 0.3513], device='cuda:0')
Solve time for step 1 (global step 48) 0.3421892130281776
Current ori: tensor(0.3513, device='cuda:0')
Index force: tensor([1.4253, 1.2029, 1.0700], device='cuda:0')
Middle force: tensor([1.4253, 1.2029, 1.0700], device='cuda:0')
tensor([0.3366, 0.6988, 0.5906, 0.8368, 0.0241, 0.1806, 0.8602, 0.8030, 1.3329,
        0.2399, 0.0275, 0.6077, 0.3513], device='cuda:0')
Solve time for step 2 (global step 49) 4.679625195916742
Current ori: tensor(0.3513, device='cuda:0')
Index force: tensor([1.1780, 1.0638], device='cuda:0')
Middle force: tensor([1.1780, 1.0638], device='cuda:0')
tensor([0.3362, 0.6882, 0.6167, 0.8064, 0.0342, 0.1760, 0.8702, 0.7879, 1.2119,
        0.1836, 0.1687, 0.4104, 0.3512], device='cuda:0')
Solve time for step 3 (global step 50) 4.562315534101799
Current ori: tensor(0.3512, device='cuda:0')
Index force: tensor([1.0556], device='cuda:0')
Middle force: tensor([1.0556], device='cuda:0')
Current yaw: tensor([0.3512], device='cuda:0')
24 turn
Likelihood: -21.694076538085938
Sampling time 3.9316465670708567
tensor([0.3366, 0.6666, 0.6710, 0.7429, 0.0449, 0.1572, 0.9202, 0.7306, 1.2847,
        0.1102, 0.2767, 0.4122, 0.3512], device='cuda:0')
Solve time for step 1 (global step 51) 5.753832824993879
Current ori: tensor(0.3512, device='cuda:0')
Middle force: tensor([2.4295, 2.4799, 1.1927, 1.7001, 2.0423, 3.1232], device='cuda:0')
Thumb force: tensor([0.3872, 0.2991, 0.9321, 0.4001, 0.0681, 1.0573], device='cuda:0')
Index force: tensor([1.4323, 1.3942, 1.5755, 1.6773, 1.1740, 1.3988], device='cuda:0')
tensor([0.3453, 0.6752, 0.6858, 0.7274, 0.0865, 0.1629, 0.8938, 0.7385, 1.2851,
        0.1841, 0.2384, 0.5451, 0.3510], device='cuda:0')
Likelihood: -27.76340675354004
Solve time for step 2 (global step 52) 5.910724147921428
Current ori: tensor(0.3510, device='cuda:0')
Middle force: tensor([2.4780, 1.0980, 1.6518, 1.9435, 3.0001], device='cuda:0')
Thumb force: tensor([0.2192, 0.9819, 0.4082, 0.1276, 0.9365], device='cuda:0')
Index force: tensor([1.3296, 1.5502, 1.5892, 1.1351, 1.3919], device='cuda:0')
tensor([0.3511, 0.6871, 0.6803, 0.7328, 0.1264, 0.1645, 0.8769, 0.7401, 1.2892,
        0.2236, 0.1817, 0.6522, 0.3508], device='cuda:0')
Likelihood: -38.21614456176758
Solve time for step 3 (global step 53) 5.112352150026709
Current ori: tensor(0.3508, device='cuda:0')
Middle force: tensor([2.0941, 0.5023, 1.2920, 1.1046], device='cuda:0')
Thumb force: tensor([2.4905, 1.0092, 0.9340, 1.5636], device='cuda:0')
Index force: tensor([1.1066, 0.9835, 1.3293, 0.5388], device='cuda:0')
tensor([0.3577, 0.7036, 0.6913, 0.7076, 0.1509, 0.1642, 0.8725, 0.7408, 1.3021,
        0.2119, 0.1471, 0.7088, 0.3381], device='cuda:0')
Likelihood: -40.94387435913086
Solve time for step 4 (global step 54) 5.203451598994434
Current ori: tensor(0.3381, device='cuda:0')
Middle force: tensor([0.4801, 1.2518, 1.0742], device='cuda:0')
Thumb force: tensor([1.0031, 0.9384, 1.5528], device='cuda:0')
Index force: tensor([0.9893, 1.3061, 0.5644], device='cuda:0')
tensor([0.3687, 0.7102, 0.7252, 0.6894, 0.1518, 0.1588, 0.8821, 0.7340, 1.2909,
        0.2268, 0.1476, 0.7143, 0.3380], device='cuda:0')
Likelihood: -43.591766357421875
Solve time for step 5 (global step 55) 4.5443729280959815
Current ori: tensor(0.3380, device='cuda:0')
Middle force: tensor([1.2464, 1.0531], device='cuda:0')
Thumb force: tensor([0.8943, 1.5284], device='cuda:0')
Index force: tensor([1.2645, 0.5622], device='cuda:0')
tensor([0.3705, 0.7071, 0.7311, 0.6945, 0.1714, 0.1701, 0.8790, 0.7207, 1.3074,
        0.1947, 0.1201, 0.7237, 0.3380], device='cuda:0')
Likelihood: -45.166709899902344
Solve time for step 6 (global step 56) 4.254835012019612
Current ori: tensor(0.3380, device='cuda:0')
Middle force: tensor([1.0458], device='cuda:0')
Thumb force: tensor([1.4856], device='cuda:0')
Index force: tensor([0.5249], device='cuda:0')
Current yaw: tensor([0.3379], device='cuda:0')
25 turn
Likelihood: -45.532989501953125
Sampling time 4.292089567985386
tensor([0.3755, 0.7111, 0.7448, 0.6889, 0.1779, 0.1752, 0.8718, 0.7252, 1.3144,
        0.1875, 0.1260, 0.7398, 0.3379], device='cuda:0')
Solve time for step 1 (global step 57) 5.257109272060916
Current ori: tensor(0.3379, device='cuda:0')
Middle force: tensor([2.5032, 2.4947, 1.2464, 1.7415, 2.0030, 3.1182], device='cuda:0')
Thumb force: tensor([0.2499, 0.2457, 0.8917, 0.3388, 0.0790, 1.1008], device='cuda:0')
Index force: tensor([1.3484, 1.3194, 1.5463, 1.7224, 1.1639, 1.4122], device='cuda:0')
tensor([0.3843, 0.7373, 0.7375, 0.6977, 0.2439, 0.2034, 0.8660, 0.7208, 1.3017,
        0.2783, 0.0847, 0.8245, 0.3379], device='cuda:0')
Likelihood: -48.10283279418945
Solve time for step 2 (global step 58) 5.390708578983322
Current ori: tensor(0.3379, device='cuda:0')
Middle force: tensor([2.3411, 1.0845, 1.6126, 1.9196, 3.0176], device='cuda:0')
Thumb force: tensor([0.2253, 0.9288, 0.3512, 0.1839, 0.9120], device='cuda:0')
Index force: tensor([1.2051, 1.5345, 1.5568, 1.1347, 1.3472], device='cuda:0')
tensor([0.3851, 0.7519, 0.7136, 0.7186, 0.2902, 0.2516, 0.8885, 0.7195, 1.2934,
        0.3187, 0.0620, 0.8721, 0.3383], device='cuda:0')
Likelihood: -57.701866149902344
State is out of distribution
Final likelihood: tensor([-0.6711, -0.7365, -0.9315, -1.1362, -1.2485, -1.3411, -1.4180, -1.9056],
       device='cuda:0', grad_fn=<IndexBackward0>)
Final likelihood: tensor([-0.6711, -0.7365, -0.9315, -1.1362, -1.2485, -1.3411, -1.4180, -1.9056],
       device='cuda:0', grad_fn=<IndexBackward0>)
1 mode projection succeeded
New goal: tensor([ 0.3258,  0.6234,  0.8335,  0.7897, -0.0305,  0.2748,  0.9338,  0.8328,
         1.3086,  0.0816,  0.3927,  0.2950, -0.1207], device='cuda:0')
Likelihood: -66.9149169921875
