Importing module 'gym_38' (/home/abhinavkumar/Downloads/isaacgym/python/isaacgym/_bindings/linux-x86_64/gym_38.so)
Setting GYM_USD_PLUG_INFO_PATH to /home/abhinavkumar/Downloads/isaacgym/python/isaacgym/_bindings/linux-x86_64/usd/plugInfo.json
PyTorch version 2.4.0+cu121
Device count 4
/home/abhinavkumar/Downloads/isaacgym/python/isaacgym/_bindings/src/gymtorch
ninja: no work to do.
CCAI_PATH /home/abhinavkumar/Documents/ccai
robot pose [ 0.02  -0.35   0.376] [0, 0, 0.7071068, 0.7071068]
Not connected to PVD
Physics Engine: PhysX
Physics Device: cpu
GPU Pipeline: disabled
Using VHACD cache directory '/home/abhinavkumar/.isaacgym/vhacd'
Found existing convex decomposition for mesh '/home/abhinavkumar/Documents/git_packages/isaacgym-arm-envs/isaac_victor_envs/assets/xela_models/mesh/allegro/base_ns.stl'
Found existing convex decomposition for mesh '/home/abhinavkumar/Documents/git_packages/isaacgym-arm-envs/isaac_victor_envs/assets/xela_models/mesh/allegro/link_1.0.stl'
Found existing convex decomposition for mesh '/home/abhinavkumar/Documents/git_packages/isaacgym-arm-envs/isaac_victor_envs/assets/xela_models/mesh/ft_c.stl'

Trial 1
No action perturbation this trial
Current yaw: tensor([-0.0059], device='cuda:0')
Current yaw: tensor([-0.0060], device='cuda:0')
1 turn
tensor([ 0.1906,  0.6137,  0.6624,  0.9434, -0.0559,  0.3110,  0.9558,  0.8219,
         1.3292,  0.0384,  0.3656,  0.4075, -0.0060], device='cuda:0')
Solve time for step 1 (global step 0) 12.481248215772212
Current ori: tensor(-0.0060, device='cuda:0')
Middle force: tensor([2.2025, 3.1262, 1.2509, 1.1643, 1.4070, 0.8122], device='cuda:0')
Thumb force: tensor([1.2222, 1.4342, 2.3442, 1.7912, 3.0621, 0.5702], device='cuda:0')
Index force: tensor([1.4953, 2.1267, 3.7941, 3.0388, 1.9919, 1.8667], device='cuda:0')
tensor([ 0.2055,  0.6409,  0.7361,  0.8922,  0.0146,  0.3087,  0.9793,  0.7557,
         1.4375, -0.1050,  0.2063,  0.7162, -0.1427], device='cuda:0')
Solve time for step 2 (global step 1) 6.183268301188946
Current ori: tensor(-0.1427, device='cuda:0')
Middle force: tensor([2.1829, 1.5207, 1.8757, 2.4438, 1.4503], device='cuda:0')
Thumb force: tensor([0.5925, 0.1328, 0.8073, 0.2021, 0.6187], device='cuda:0')
Index force: tensor([2.4343, 1.0238, 1.6090, 1.0728, 1.4532], device='cuda:0')
tensor([ 0.2106,  0.6490,  0.7839,  0.8321,  0.0325,  0.2899,  1.0689,  0.6165,
         1.4512, -0.1050,  0.1796,  0.8178, -0.1909], device='cuda:0')
Solve time for step 3 (global step 2) 5.966353381983936
Current ori: tensor(-0.1909, device='cuda:0')
Middle force: tensor([1.4717, 1.8906, 2.0971, 0.9560], device='cuda:0')
Thumb force: tensor([0.1416, 0.3970, 0.4166, 0.3092], device='cuda:0')
Index force: tensor([1.0292, 1.4837, 1.0855, 1.5626], device='cuda:0')
tensor([ 0.2156,  0.6779,  0.8881,  0.7206,  0.0970,  0.3096,  0.9937,  0.6920,
         1.5000, -0.1050,  0.0868,  0.9272, -0.3330], device='cuda:0')
Solve time for step 4 (global step 3) 5.745731406845152
Current ori: tensor(-0.3330, device='cuda:0')
Middle force: tensor([1.8769, 1.9274, 0.8242], device='cuda:0')
Thumb force: tensor([0.3246, 0.3682, 0.2587], device='cuda:0')
Index force: tensor([1.4461, 0.9946, 1.6070], device='cuda:0')
tensor([ 0.2211,  0.7070,  0.9714,  0.6417,  0.1494,  0.3133,  1.0358,  0.6101,
         1.5000, -0.1050,  0.0298,  0.9844, -0.4591], device='cuda:0')
Solve time for step 5 (global step 4) 5.7311793230473995
Current ori: tensor(-0.4591, device='cuda:0')
Middle force: tensor([1.8629, 0.7450], device='cuda:0')
Thumb force: tensor([0.3616, 0.1931], device='cuda:0')
Index force: tensor([0.9888, 1.5470], device='cuda:0')
tensor([ 0.2306,  0.7618,  0.8739,  0.7192,  0.1596,  0.3535,  0.9167,  0.7443,
         1.5000,  0.1248, -0.0514,  1.0631, -0.4801], device='cuda:0')
Solve time for step 6 (global step 5) 5.422911246307194
Current ori: tensor(-0.4801, device='cuda:0')
Middle force: tensor([0.7499], device='cuda:0')
Thumb force: tensor([0.1468], device='cuda:0')
Index force: tensor([1.4889], device='cuda:0')
Current yaw: tensor([-0.5203], device='cuda:0')
2 turn
tensor([ 2.2849e-01,  7.9837e-01,  8.2068e-01,  7.6754e-01,  1.7453e-01,
         3.5900e-01,  9.2096e-01,  7.2904e-01,  1.5000e+00, -1.4467e-03,
        -4.5476e-02,  1.0331e+00, -5.2030e-01], device='cuda:0')
Solve time for step 1 (global step 6) 12.662741070147604
Current ori: tensor(-0.5203, device='cuda:0')
Middle force: tensor([1.3420, 2.4755, 2.5497, 1.5327, 1.5274, 2.7461], device='cuda:0')
Thumb force: tensor([2.0435, 1.6999, 0.5639, 1.2833, 1.0423, 0.9489], device='cuda:0')
Index force: tensor([2.1854, 1.1051, 2.3952, 0.8475, 2.0678, 2.3839], device='cuda:0')
tensor([ 0.2431,  0.7834,  0.9287,  0.6131,  0.1754,  0.3627,  0.9103,  0.7407,
         1.5000,  0.0811, -0.0731,  1.0871, -0.5228], device='cuda:0')
Solve time for step 2 (global step 7) 6.153190674260259
Current ori: tensor(-0.5228, device='cuda:0')
Middle force: tensor([2.3916, 2.3975, 1.2302, 1.4510, 2.7125], device='cuda:0')
Thumb force: tensor([1.4829, 0.7971, 1.1109, 1.0722, 0.7976], device='cuda:0')
Index force: tensor([1.1406, 2.2328, 0.8985, 1.8642, 2.2929], device='cuda:0')
tensor([ 0.2601,  0.7236,  1.2156,  0.2968,  0.2008,  0.3761,  0.8969,  0.7398,
         1.5000,  0.0775, -0.0321,  1.0843, -0.5857], device='cuda:0')
Solve time for step 3 (global step 8) 6.253582750912756
Current ori: tensor(-0.5857, device='cuda:0')
Middle force: tensor([2.2206, 1.0756, 1.2908, 2.6085], device='cuda:0')
Thumb force: tensor([0.5990, 0.8896, 1.2374, 0.6739], device='cuda:0')
Index force: tensor([1.9265, 0.8734, 1.7253, 2.2514], device='cuda:0')
tensor([ 0.2638,  0.8157,  1.0233,  0.4808,  0.2127,  0.3792,  0.9063,  0.7230,
         1.5000,  0.2397, -0.0077,  1.1227, -0.6202], device='cuda:0')
Solve time for step 4 (global step 9) 5.793269418179989
Current ori: tensor(-0.6202, device='cuda:0')
Middle force: tensor([1.1028, 1.2100, 2.5190], device='cuda:0')
Thumb force: tensor([0.7974, 1.2973, 0.6921], device='cuda:0')
Index force: tensor([0.8534, 1.6252, 2.1392], device='cuda:0')
tensor([ 0.2541,  0.8712,  0.9780,  0.4510,  0.2311,  0.3906,  0.8985,  0.7120,
         1.4716,  0.4987,  0.0326,  1.0482, -0.6656], device='cuda:0')
Solve time for step 5 (global step 10) 5.750998472329229
Current ori: tensor(-0.6656, device='cuda:0')
Middle force: tensor([1.0916, 2.3973], device='cuda:0')
Thumb force: tensor([1.3385, 0.6686], device='cuda:0')
Index force: tensor([1.5076, 2.0336], device='cuda:0')
tensor([ 0.2462,  0.8906,  0.9626,  0.4484,  0.2441,  0.4002,  0.8851,  0.7080,
         1.5000,  0.4206,  0.0189,  1.0082, -0.6937], device='cuda:0')
Solve time for step 6 (global step 11) 5.439750766847283
Current ori: tensor(-0.6937, device='cuda:0')
Middle force: tensor([2.3248], device='cuda:0')
Thumb force: tensor([0.5930], device='cuda:0')
Index force: tensor([2.1029], device='cuda:0')
Current yaw: tensor([-0.7315], device='cuda:0')
Average turn amount: -0.7314836382865906 over 1 trials
{}

Trial 2
No action perturbation this trial
Current yaw: tensor([0.3507], device='cuda:0')
Current yaw: tensor([0.3449], device='cuda:0')
1 turn
tensor([ 0.2167,  0.5477,  0.5890,  0.8401, -0.0268,  0.2005,  0.8655,  0.7640,
         1.2171,  0.0415,  0.3533,  0.4958,  0.3449], device='cuda:0')
Solve time for step 1 (global step 0) 12.440224205609411
Current ori: tensor(0.3449, device='cuda:0')
Middle force: tensor([0.8214, 1.1505, 3.9233, 1.0833, 1.2003, 1.9104], device='cuda:0')
Thumb force: tensor([1.3564, 2.1189, 1.1080, 0.0732, 1.9950, 0.7665], device='cuda:0')
Index force: tensor([1.5839, 3.6417, 1.8313, 1.1694, 3.2016, 0.8878], device='cuda:0')
tensor([0.2176, 0.5454, 0.5821, 0.8605, 0.0052, 0.1944, 0.8590, 0.7737, 1.2277,
        0.0194, 0.3031, 0.5845, 0.3444], device='cuda:0')
Solve time for step 2 (global step 1) 6.261265795212239
Current ori: tensor(0.3444, device='cuda:0')
Middle force: tensor([1.1658, 3.7319, 1.0158, 1.4156, 1.6179], device='cuda:0')
Thumb force: tensor([2.0363, 1.2375, 0.1762, 1.9240, 0.4881], device='cuda:0')
Index force: tensor([3.5770, 1.7738, 1.1308, 2.9900, 0.9113], device='cuda:0')
tensor([ 0.2376,  0.5657,  0.6013,  0.8316,  0.0418,  0.2064,  0.8262,  0.7772,
         1.2888, -0.0962,  0.1577,  0.8252,  0.2914], device='cuda:0')
Solve time for step 3 (global step 2) 6.056507281027734
Current ori: tensor(0.2914, device='cuda:0')
Middle force: tensor([3.6178, 0.9901, 1.4386, 1.3722], device='cuda:0')
Thumb force: tensor([1.2176, 0.2638, 1.8635, 0.2331], device='cuda:0')
Index force: tensor([1.7559, 1.1481, 2.8580, 0.9605], device='cuda:0')
tensor([0.2446, 0.5610, 0.6131, 0.8221, 0.0422, 0.2013, 0.8391, 0.7642, 1.2547,
        0.2080, 0.0696, 0.8784, 0.2905], device='cuda:0')
Solve time for step 4 (global step 3) 5.845645390916616
Current ori: tensor(0.2905, device='cuda:0')
Middle force: tensor([0.9573, 1.4200, 1.2687], device='cuda:0')
Thumb force: tensor([0.2269, 1.7924, 0.1316], device='cuda:0')
Index force: tensor([1.1157, 2.7220, 0.9461], device='cuda:0')
tensor([ 0.2775,  0.5760,  0.6128,  0.8501,  0.0754,  0.2105,  0.8138,  0.7656,
         1.3411, -0.0106, -0.0112,  0.9883,  0.2900], device='cuda:0')
Solve time for step 5 (global step 4) 5.773064355831593
Current ori: tensor(0.2900, device='cuda:0')
Middle force: tensor([1.2236, 1.1675], device='cuda:0')
Thumb force: tensor([1.7426, 0.0384], device='cuda:0')
Index force: tensor([2.6587, 0.9346], device='cuda:0')
tensor([ 0.3076,  0.5821,  0.6261,  0.8840,  0.1017,  0.2160,  0.8091,  0.7401,
         1.3807, -0.1050, -0.0606,  1.0646,  0.2805], device='cuda:0')
Solve time for step 6 (global step 5) 5.523921110201627
Current ori: tensor(0.2805, device='cuda:0')
Middle force: tensor([1.1144], device='cuda:0')
Thumb force: tensor([0.0537], device='cuda:0')
Index force: tensor([0.9126], device='cuda:0')
Current yaw: tensor([0.2804], device='cuda:0')
2 turn
tensor([ 0.3153,  0.5767,  0.6534,  0.8650,  0.1017,  0.2161,  0.8082,  0.7408,
         1.4507, -0.1050, -0.0963,  1.0853,  0.2804], device='cuda:0')
Solve time for step 1 (global step 6) 12.654994470998645
Current ori: tensor(0.2804, device='cuda:0')
Middle force: tensor([0.8469, 2.3596, 0.7770, 2.7843, 0.5410, 1.4738], device='cuda:0')
Thumb force: tensor([0.0248, 1.6792, 0.0168, 1.6797, 0.2915, 0.8157], device='cuda:0')
Index force: tensor([1.5762, 2.1899, 0.7169, 1.9709, 0.6272, 1.7399], device='cuda:0')
tensor([ 0.3483,  0.6363,  0.6497,  0.8847,  0.1306,  0.2348,  0.7579,  0.7786,
         1.4516, -0.0945, -0.1271,  1.1225,  0.2803], device='cuda:0')
Solve time for step 2 (global step 7) 6.511978077236563
Current ori: tensor(0.2803, device='cuda:0')
Middle force: tensor([2.0620, 0.5699, 2.6666, 0.5514, 1.0057], device='cuda:0')
Thumb force: tensor([1.8924, 0.5712, 1.7362, 0.1391, 1.0918], device='cuda:0')
Index force: tensor([2.3325, 0.5754, 1.8502, 0.5780, 1.5600], device='cuda:0')
tensor([ 0.3659,  0.6217,  0.7146,  0.9008,  0.2352,  0.2403,  0.7968,  0.7090,
         1.4472, -0.0971, -0.1464,  1.1687,  0.2801], device='cuda:0')
Solve time for step 3 (global step 8) 6.124263117089868
Current ori: tensor(0.2801, device='cuda:0')
Middle force: tensor([0.5225, 2.4741, 0.5165, 0.7142], device='cuda:0')
Thumb force: tensor([0.6528, 1.7947, 0.0955, 1.2477], device='cuda:0')
Index force: tensor([0.4913, 1.8573, 0.5960, 1.5747], device='cuda:0')
tensor([ 0.3781,  0.6349,  0.7497,  0.8853,  0.2350,  0.2485,  0.7634,  0.7545,
         1.4424, -0.0743, -0.1561,  1.1792,  0.2801], device='cuda:0')
Solve time for step 4 (global step 9) 5.874507965985686
Current ori: tensor(0.2801, device='cuda:0')
Middle force: tensor([2.3003, 0.5154, 0.6365], device='cuda:0')
Thumb force: tensor([1.6823, 0.0655, 1.2004], device='cuda:0')
Index force: tensor([1.7337, 0.5942, 1.5051], device='cuda:0')
tensor([ 0.3930,  0.6434,  0.7928,  0.8876,  0.2625,  0.2581,  0.7745,  0.7321,
         1.4955, -0.1050, -0.1892,  1.2083,  0.2817], device='cuda:0')
Solve time for step 5 (global step 10) 5.796738291159272
Current ori: tensor(0.2817, device='cuda:0')
Middle force: tensor([0.5172, 0.7226], device='cuda:0')
Thumb force: tensor([0.0563, 1.2307], device='cuda:0')
Index force: tensor([0.5937, 1.4042], device='cuda:0')
tensor([ 0.3985,  0.6700,  0.7929,  0.8593,  0.2620,  0.2552,  0.7818,  0.7249,
         1.4244,  0.1304, -0.1891,  1.2284,  0.2822], device='cuda:0')
Solve time for step 6 (global step 11) 5.42119388282299
Current ori: tensor(0.2822, device='cuda:0')
Middle force: tensor([0.7146], device='cuda:0')
Thumb force: tensor([1.2115], device='cuda:0')
Index force: tensor([1.3549], device='cuda:0')
Current yaw: tensor([0.2823], device='cuda:0')
Average turn amount: -0.22458843886852264 over 2 trials
{}

Trial 3
No action perturbation this trial
Current yaw: tensor([0.1802], device='cuda:0')
Current yaw: tensor([0.1611], device='cuda:0')
1 turn
tensor([ 0.3258,  0.6478,  0.6911,  0.7105, -0.0871,  0.1882,  0.8607,  0.8977,
         1.2738,  0.0669,  0.3753,  0.3731,  0.1611], device='cuda:0')
Solve time for step 1 (global step 0) 12.535616368986666
Current ori: tensor(0.1611, device='cuda:0')
Middle force: tensor([1.1867, 2.3095, 1.9087, 1.2104, 0.9400, 2.0699], device='cuda:0')
Thumb force: tensor([1.0688, 0.9640, 1.2142, 1.0527, 0.6396, 0.8323], device='cuda:0')
Index force: tensor([1.9484, 1.3880, 2.2547, 1.9321, 1.4006, 1.7130], device='cuda:0')
tensor([ 0.3351,  0.6606,  0.7098,  0.7001, -0.0540,  0.1840,  0.8432,  0.9107,
         1.3074,  0.0250,  0.2499,  0.6127,  0.1147], device='cuda:0')
Solve time for step 2 (global step 1) 6.267896676901728
Current ori: tensor(0.1147, device='cuda:0')
Middle force: tensor([0.9399, 1.9673, 1.7024, 2.2390, 1.1849], device='cuda:0')
Thumb force: tensor([0.6630, 0.1240, 0.7825, 1.5110, 1.6079], device='cuda:0')
Index force: tensor([1.2515, 1.6488, 2.5539, 1.5167, 0.5481], device='cuda:0')
tensor([ 0.3726,  0.7286,  0.7742,  0.6651,  0.0472,  0.1688,  0.8788,  0.8234,
         1.3836, -0.0149,  0.0662,  0.9215, -0.0618], device='cuda:0')
Solve time for step 3 (global step 2) 6.26701580081135
Current ori: tensor(-0.0618, device='cuda:0')
Middle force: tensor([1.8044, 1.9514, 2.0517, 1.3183], device='cuda:0')
Thumb force: tensor([0.0883, 0.5261, 1.4792, 1.1488], device='cuda:0')
Index force: tensor([1.3311, 2.4288, 1.3638, 0.7264], device='cuda:0')
tensor([ 0.4099,  0.8484,  0.7818,  0.6797,  0.1418,  0.1713,  0.9128,  0.7595,
         1.4778, -0.0721, -0.0213,  1.0271, -0.2283], device='cuda:0')
Solve time for step 4 (global step 3) 5.911656488664448
Current ori: tensor(-0.2283, device='cuda:0')
Middle force: tensor([1.9575, 1.9459, 1.4445], device='cuda:0')
Thumb force: tensor([0.4553, 1.4074, 0.9407], device='cuda:0')
Index force: tensor([2.3291, 1.3715, 0.7454], device='cuda:0')
tensor([ 0.4044,  0.9991,  0.7858,  0.6945,  0.2816,  0.2492,  0.8348,  0.7607,
         1.5000, -0.0851, -0.0599,  1.0969, -0.4821], device='cuda:0')
Solve time for step 5 (global step 4) 5.808089729398489
Current ori: tensor(-0.4821, device='cuda:0')
Middle force: tensor([1.8443, 1.5191], device='cuda:0')
Thumb force: tensor([1.3473, 0.8063], device='cuda:0')
Index force: tensor([1.3200, 0.7457], device='cuda:0')
tensor([ 0.3908,  1.0785,  0.7875,  0.6653,  0.4700,  0.3326,  0.8134,  0.7147,
         1.5000, -0.0146, -0.0811,  1.2058, -0.6078], device='cuda:0')
Solve time for step 6 (global step 5) 5.35703619197011
Current ori: tensor(-0.6078, device='cuda:0')
Middle force: tensor([1.4613], device='cuda:0')
Thumb force: tensor([0.8480], device='cuda:0')
Index force: tensor([0.5593], device='cuda:0')
Current yaw: tensor([-0.6090], device='cuda:0')
2 turn
tensor([ 0.3907,  1.0815,  0.7800,  0.6755,  0.4700,  0.3288,  0.8245,  0.7043,
         1.5000, -0.0317, -0.0119,  1.2076, -0.6090], device='cuda:0')
Solve time for step 1 (global step 6) 12.77328723622486
Current ori: tensor(-0.6090, device='cuda:0')
Middle force: tensor([1.5272, 1.1921, 2.7308, 2.3481, 1.8309, 1.1253], device='cuda:0')
Thumb force: tensor([0.4754, 0.1937, 1.8879, 0.1518, 2.2129, 0.0791], device='cuda:0')
Index force: tensor([1.7753, 1.4799, 1.1726, 1.1567, 1.8910, 1.9342], device='cuda:0')
tensor([ 0.3902,  1.0823,  0.7837,  0.6676,  0.4700,  0.3387,  0.7993,  0.7288,
         1.5000, -0.1050,  0.0680,  1.1651, -0.6119], device='cuda:0')
Solve time for step 2 (global step 7) 6.258117537945509
Current ori: tensor(-0.6119, device='cuda:0')
Middle force: tensor([1.1587, 2.5788, 2.1419, 1.7391, 1.1628], device='cuda:0')
Thumb force: tensor([0.1016, 1.9893, 0.0401, 2.2649, 0.0843], device='cuda:0')
Index force: tensor([1.3629, 0.9846, 1.0022, 1.6797, 1.8134], device='cuda:0')
tensor([ 0.3829,  1.1069,  0.7338,  0.6757,  0.4700,  0.2968,  0.8486,  0.6087,
         1.4373,  0.0500,  0.0421,  1.1377, -0.6159], device='cuda:0')
Solve time for step 3 (global step 8) 6.240627919789404
Current ori: tensor(-0.6159, device='cuda:0')
Middle force: tensor([2.4596, 2.0396, 1.6710, 1.1726], device='cuda:0')
Thumb force: tensor([1.9515, 0.0316, 2.2439, 0.0746], device='cuda:0')
Index force: tensor([0.9525, 0.9715, 1.5234, 1.7462], device='cuda:0')
tensor([ 0.3809,  1.1275,  0.6903,  0.7083,  0.4700,  0.3165,  0.7922,  0.6663,
         1.4744, -0.1050,  0.0880,  1.1592, -0.6194], device='cuda:0')
Solve time for step 4 (global step 9) 5.897913140244782
Current ori: tensor(-0.6194, device='cuda:0')
Middle force: tensor([1.9131, 1.5959, 1.1370], device='cuda:0')
Thumb force: tensor([0.0488, 2.1251, 0.0356], device='cuda:0')
Index force: tensor([0.9022, 1.3638, 1.6105], device='cuda:0')
tensor([ 0.3793,  1.1436,  0.6624,  0.7009,  0.4700,  0.3258,  0.7802,  0.6632,
         1.3535,  0.2036,  0.1033,  1.1861, -0.6212], device='cuda:0')
Solve time for step 5 (global step 10) 5.888091412838548
Current ori: tensor(-0.6212, device='cuda:0')
Middle force: tensor([1.5217, 1.1189], device='cuda:0')
Thumb force: tensor([2.1208, 0.0548], device='cuda:0')
Index force: tensor([1.3416, 1.5643], device='cuda:0')
tensor([ 0.3790,  1.1438,  0.6642,  0.6984,  0.4700,  0.3121,  0.8226,  0.6173,
         1.4131,  0.0816,  0.1006,  1.1906, -0.6227], device='cuda:0')
Solve time for step 6 (global step 11) 5.533812316600233
Current ori: tensor(-0.6227, device='cuda:0')
Middle force: tensor([1.0952], device='cuda:0')
Thumb force: tensor([0.0844], device='cuda:0')
Index force: tensor([1.5031], device='cuda:0')
Current yaw: tensor([-0.6237], device='cuda:0')
Average turn amount: -0.3576096793015798 over 3 trials
{}

Trial 4
No action perturbation this trial
Current yaw: tensor([-0.7683], device='cuda:0')
Current yaw: tensor([-0.7683], device='cuda:0')
1 turn
tensor([ 0.3300,  0.5900,  0.7266,  0.8829, -0.0265,  0.2102,  0.8872,  0.8544,
         1.2194, -0.0013,  0.3025,  0.5652, -0.7683], device='cuda:0')
Solve time for step 1 (global step 0) 12.579275795258582
Current ori: tensor(-0.7683, device='cuda:0')
Middle force: tensor([1.2449, 1.6680, 0.8823, 0.7890, 1.8729, 1.8602], device='cuda:0')
Thumb force: tensor([0.4072, 0.7697, 0.8880, 0.9435, 0.1162, 1.6448], device='cuda:0')
Index force: tensor([1.3945, 1.8465, 4.1817, 2.0612, 1.0852, 1.6612], device='cuda:0')
tensor([ 0.3516,  0.6370,  0.7223,  0.9104, -0.0292,  0.1942,  0.9289,  0.8097,
         1.3208, -0.1050,  0.2369,  0.5708, -0.7683], device='cuda:0')
Solve time for step 2 (global step 1) 6.393767422996461
Current ori: tensor(-0.7683, device='cuda:0')
Middle force: tensor([1.4005, 0.8925, 0.8492, 1.6844, 1.8302], device='cuda:0')
Thumb force: tensor([0.7342, 0.8865, 0.8066, 0.5798, 1.5077], device='cuda:0')
Index force: tensor([1.7006, 4.0590, 1.9822, 1.0914, 1.6528], device='cuda:0')
tensor([ 0.3237,  0.7159,  0.7282,  0.8847, -0.0390,  0.2033,  0.9083,  0.8178,
         1.2056,  0.2075,  0.1194,  0.7134, -0.7683], device='cuda:0')
Solve time for step 3 (global step 2) 6.112975675147027
Current ori: tensor(-0.7683, device='cuda:0')
Middle force: tensor([0.8651, 0.8682, 1.5899, 1.8007], device='cuda:0')
Thumb force: tensor([0.8647, 0.7457, 0.6635, 1.4143], device='cuda:0')
Index force: tensor([3.9275, 1.9302, 1.0870, 1.6426], device='cuda:0')
tensor([ 0.3238,  0.7527,  0.7509,  0.8604, -0.0392,  0.2221,  0.8604,  0.8651,
         1.2272,  0.1307,  0.1725,  0.7274, -0.7680], device='cuda:0')
Solve time for step 4 (global step 3) 5.740395583212376
Current ori: tensor(-0.7680, device='cuda:0')
Middle force: tensor([0.8508, 1.5566, 1.7697], device='cuda:0')
Thumb force: tensor([0.7579, 0.7216, 1.4026], device='cuda:0')
Index force: tensor([1.8879, 1.0646, 1.5506], device='cuda:0')
tensor([ 0.3048,  0.7567,  0.7669,  0.8230, -0.0376,  0.1933,  0.9318,  0.7987,
         1.2164,  0.1430,  0.2000,  0.6820, -0.7679], device='cuda:0')
Solve time for step 5 (global step 4) 5.789688181132078
Current ori: tensor(-0.7679, device='cuda:0')
Middle force: tensor([1.4438, 1.6200], device='cuda:0')
Thumb force: tensor([0.6654, 1.3141], device='cuda:0')
Index force: tensor([1.0610, 1.4118], device='cuda:0')
tensor([ 0.3042,  0.7969,  0.7745,  0.8103, -0.0521,  0.1936,  0.9071,  0.8369,
         1.2193,  0.0288,  0.2657,  0.6119, -0.7657], device='cuda:0')
Solve time for step 6 (global step 5) 5.418314702343196
Current ori: tensor(-0.7657, device='cuda:0')
Middle force: tensor([1.6031], device='cuda:0')
Thumb force: tensor([1.2717], device='cuda:0')
Index force: tensor([1.3829], device='cuda:0')
Current yaw: tensor([-0.7656], device='cuda:0')
2 turn
tensor([ 0.3041,  0.8247,  0.7708,  0.8202, -0.0517,  0.1830,  0.9307,  0.8172,
         1.1844,  0.0725,  0.2889,  0.6083, -0.7656], device='cuda:0')
Solve time for step 1 (global step 6) 12.713010077830404
Current ori: tensor(-0.7656, device='cuda:0')
Middle force: tensor([2.4215, 1.3881, 0.4614, 2.4229, 1.4687, 1.5071], device='cuda:0')
Thumb force: tensor([1.9498, 1.0090, 1.4370, 0.0379, 3.4923, 1.0117], device='cuda:0')
Index force: tensor([1.5479, 0.8549, 2.1944, 1.7631, 2.8442, 1.5418], device='cuda:0')
tensor([ 0.2883,  0.8539,  0.7221,  0.6672, -0.1028,  0.1571,  0.9615,  0.8736,
         1.1773,  0.0619,  0.4332,  0.3372, -0.7227], device='cuda:0')
Solve time for step 2 (global step 7) 6.3460669703781605
Current ori: tensor(-0.7227, device='cuda:0')
Middle force: tensor([1.3735, 0.4101, 2.2672, 1.6549, 1.4109], device='cuda:0')
Thumb force: tensor([0.8920, 1.1755, 0.1912, 3.0711, 1.3484], device='cuda:0')
Index force: tensor([0.8374, 2.0993, 1.7382, 2.8827, 1.1145], device='cuda:0')
tensor([ 0.2886,  0.9118,  0.6977,  0.6652, -0.1033,  0.1395,  1.0069,  0.8288,
         1.1253,  0.2544,  0.4093,  0.3752, -0.7225], device='cuda:0')
Solve time for step 3 (global step 8) 6.061655688099563
Current ori: tensor(-0.7225, device='cuda:0')
Middle force: tensor([0.3959, 2.2248, 1.6428, 1.3675], device='cuda:0')
Thumb force: tensor([1.1068, 0.1730, 2.9310, 1.3767], device='cuda:0')
Index force: tensor([2.0597, 1.7199, 2.7876, 1.0667], device='cuda:0')
tensor([ 0.2882,  0.9493,  0.6082,  0.7444, -0.1034,  0.0947,  1.1296,  0.6988,
         1.2790, -0.0586,  0.3490,  0.3574, -0.7224], device='cuda:0')
Solve time for step 4 (global step 9) 5.815910966601223
Current ori: tensor(-0.7224, device='cuda:0')
Middle force: tensor([2.1152, 1.5631, 1.3050], device='cuda:0')
Thumb force: tensor([0.1908, 2.8447, 1.3192], device='cuda:0')
Index force: tensor([1.6263, 2.5726, 1.0353], device='cuda:0')
tensor([ 0.2691,  0.9975,  0.6228,  0.7883, -0.0652,  0.1094,  1.1051,  0.7433,
         1.3076, -0.0107,  0.2515,  0.5457, -0.7216], device='cuda:0')
Solve time for step 5 (global step 10) 5.80833066534251
Current ori: tensor(-0.7216, device='cuda:0')
Middle force: tensor([1.4941, 1.2509], device='cuda:0')
Thumb force: tensor([2.6708, 1.2263], device='cuda:0')
Index force: tensor([2.4587, 1.0022], device='cuda:0')
tensor([ 0.2492,  1.0355,  0.5894,  0.8372, -0.0620,  0.1087,  1.0874,  0.8050,
         1.3235,  0.0096,  0.3067,  0.4419, -0.7215], device='cuda:0')
Solve time for step 6 (global step 11) 5.401399421971291
Current ori: tensor(-0.7215, device='cuda:0')
Middle force: tensor([1.2146], device='cuda:0')
Thumb force: tensor([1.1397], device='cuda:0')
Index force: tensor([0.9478], device='cuda:0')
Current yaw: tensor([-0.7214], device='cuda:0')
Average turn amount: -0.44855447858572006 over 4 trials
{}

Trial 5
No action perturbation this trial
Current yaw: tensor([0.0937], device='cuda:0')
Current yaw: tensor([0.0932], device='cuda:0')
1 turn
tensor([ 0.3690,  0.6684,  0.7207,  0.7816, -0.1104,  0.2955,  0.9520,  0.8301,
         1.2953,  0.0603,  0.3421,  0.4436,  0.0932], device='cuda:0')
Solve time for step 1 (global step 0) 12.868330150377005
Current ori: tensor(0.0932, device='cuda:0')
Middle force: tensor([0.7075, 1.1113, 1.0559, 1.6874, 1.7047, 0.8091], device='cuda:0')
Thumb force: tensor([1.2513, 1.6005, 2.0367, 1.0656, 2.5676, 1.5872], device='cuda:0')
Index force: tensor([3.4865, 0.6332, 2.8469, 1.1487, 2.6235, 2.1095], device='cuda:0')
tensor([ 0.4114,  0.7642,  0.7293,  0.8267, -0.0613,  0.2683,  0.9871,  0.7876,
         1.3440,  0.0402,  0.1686,  0.7380,  0.0126], device='cuda:0')
Solve time for step 2 (global step 1) 6.329825602006167
Current ori: tensor(0.0126, device='cuda:0')
Middle force: tensor([2.2099, 1.0096, 2.0337, 1.7617, 0.7055], device='cuda:0')
Thumb force: tensor([1.3949, 0.2411, 0.4981, 2.3971, 1.6091], device='cuda:0')
Index force: tensor([1.5675, 2.2489, 1.7734, 2.9542, 1.6465], device='cuda:0')
tensor([ 0.4285,  0.8395,  0.7262,  0.8349, -0.0302,  0.2751,  0.9818,  0.7852,
         1.3737,  0.0027,  0.0882,  0.8926, -0.0443], device='cuda:0')
Solve time for step 3 (global step 2) 6.190547533798963
Current ori: tensor(-0.0443, device='cuda:0')
Middle force: tensor([1.0414, 1.9746, 1.6799, 0.6944], device='cuda:0')
Thumb force: tensor([0.4513, 0.5235, 2.3869, 1.4371], device='cuda:0')
Index force: tensor([2.2016, 1.7971, 2.4995, 1.7002], device='cuda:0')
tensor([ 0.4451,  0.9533,  0.7660,  0.7960,  0.0739,  0.2799,  0.9517,  0.8038,
         1.5000, -0.1050, -0.0574,  1.0602, -0.2480], device='cuda:0')
Solve time for step 4 (global step 3) 5.7600355059839785
Current ori: tensor(-0.2480, device='cuda:0')
Middle force: tensor([1.9183, 1.6639, 0.5652], device='cuda:0')
Thumb force: tensor([0.6159, 2.3130, 1.2840], device='cuda:0')
Index force: tensor([1.9166, 2.0662, 1.6507], device='cuda:0')
tensor([ 0.4420,  1.0796,  0.7891,  0.7547,  0.1077,  0.2860,  0.9561,  0.7848,
         1.5000, -0.1050, -0.1106,  1.0643, -0.3240], device='cuda:0')
Solve time for step 5 (global step 4) 5.700011532753706
Current ori: tensor(-0.3240, device='cuda:0')
Middle force: tensor([1.4868, 0.4257], device='cuda:0')
Thumb force: tensor([2.2027, 1.2260], device='cuda:0')
Index force: tensor([1.5763, 1.5498], device='cuda:0')
tensor([ 0.4303,  1.1773,  0.8226,  0.7446,  0.0933,  0.3092,  0.9690,  0.7806,
         1.5000, -0.1050,  0.0278,  1.1008, -0.3247], device='cuda:0')
Solve time for step 6 (global step 5) 5.500898873899132
Current ori: tensor(-0.3247, device='cuda:0')
Middle force: tensor([0.4070], device='cuda:0')
Thumb force: tensor([1.2464], device='cuda:0')
Index force: tensor([1.5043], device='cuda:0')
Current yaw: tensor([-0.3647], device='cuda:0')
2 turn
tensor([ 0.4247,  1.2312,  0.8094,  0.7128,  0.1091,  0.3163,  0.9607,  0.7818,
         1.5000, -0.0263, -0.0407,  1.1225, -0.3647], device='cuda:0')
Solve time for step 1 (global step 6) 12.432760583702475
Current ori: tensor(-0.3647, device='cuda:0')
Middle force: tensor([1.2398, 1.5312, 1.3755, 1.4755, 1.7595, 0.4007], device='cuda:0')
Thumb force: tensor([0.3560, 0.5496, 0.1295, 0.3606, 0.5020, 0.9810], device='cuda:0')
Index force: tensor([1.3232, 2.4222, 2.5041, 1.5835, 1.0149, 2.0520], device='cuda:0')
tensor([ 0.4080,  1.3473,  0.8041,  0.7707,  0.1111,  0.3154,  0.9505,  0.7972,
         1.5000, -0.0169, -0.0828,  1.1348, -0.3653], device='cuda:0')
Solve time for step 2 (global step 7) 6.411206230986863
Current ori: tensor(-0.3653, device='cuda:0')
Middle force: tensor([1.6536, 1.1977, 1.0781, 1.2704, 3.3139], device='cuda:0')
Thumb force: tensor([0.1142, 0.4535, 0.4160, 0.1511, 0.6343], device='cuda:0')
Index force: tensor([0.7490, 0.9777, 0.6052, 1.0977, 1.4894], device='cuda:0')
tensor([ 0.4133,  1.4258,  0.8343,  0.7096,  0.1109,  0.3110,  0.9634,  0.7829,
         1.5000, -0.0977, -0.0684,  1.1678, -0.3654], device='cuda:0')
Solve time for step 3 (global step 8) 6.146201127208769
Current ori: tensor(-0.3654, device='cuda:0')
Middle force: tensor([1.1720, 1.0532, 1.1221, 3.1403], device='cuda:0')
Thumb force: tensor([0.4336, 0.3792, 0.0915, 0.7229], device='cuda:0')
Index force: tensor([1.0463, 0.6098, 1.0881, 1.2684], device='cuda:0')
tensor([ 0.4171,  1.4666,  0.8409,  0.6953,  0.1045,  0.3324,  0.9422,  0.8039,
         1.5000, -0.0297, -0.0878,  1.1872, -0.3654], device='cuda:0')
Solve time for step 4 (global step 9) 5.775492350105196
Current ori: tensor(-0.3654, device='cuda:0')
Middle force: tensor([1.0455, 1.0574, 3.0614], device='cuda:0')
Thumb force: tensor([0.3721, 0.1401, 0.7228], device='cuda:0')
Index force: tensor([0.5928, 1.0848, 1.2044], device='cuda:0')
tensor([ 0.3930,  1.5367,  0.8075,  0.6986,  0.1047,  0.3308,  0.9466,  0.7990,
         1.4774,  0.1068, -0.1180,  1.1996, -0.3657], device='cuda:0')
Solve time for step 5 (global step 10) 5.817232749890536
Current ori: tensor(-0.3657, device='cuda:0')
Middle force: tensor([1.0434, 3.0052], device='cuda:0')
Thumb force: tensor([0.1315, 0.6901], device='cuda:0')
Index force: tensor([1.0741, 1.1740], device='cuda:0')
tensor([ 0.3799,  1.5876,  0.8004,  0.6884,  0.1046,  0.3304,  0.9475,  0.7982,
         1.5000, -0.1050, -0.1555,  1.1968, -0.3658], device='cuda:0')
Solve time for step 6 (global step 11) 5.360418593976647
Current ori: tensor(-0.3658, device='cuda:0')
Middle force: tensor([2.8646], device='cuda:0')
Thumb force: tensor([0.7087], device='cuda:0')
Index force: tensor([1.1377], device='cuda:0')
Current yaw: tensor([-0.3659], device='cuda:0')
Average turn amount: -0.43203006982803344 over 5 trials
{}

Trial 6
No action perturbation this trial
Current yaw: tensor([0.5188], device='cuda:0')
Current yaw: tensor([0.5186], device='cuda:0')
1 turn
tensor([ 0.3333,  0.5076,  0.7071,  1.0309, -0.0259,  0.1562,  0.8754,  0.8621,
         1.2089,  0.0343,  0.3432,  0.4557,  0.5186], device='cuda:0')
Solve time for step 1 (global step 0) 12.713279523421079
Current ori: tensor(0.5186, device='cuda:0')
Middle force: tensor([1.7694, 1.3294, 2.0892, 2.8003, 2.3345, 2.5001], device='cuda:0')
Thumb force: tensor([0.2733, 0.6174, 1.0782, 0.8519, 2.6987, 0.9818], device='cuda:0')
Index force: tensor([3.4877, 3.0137, 0.9788, 1.4099, 2.5935, 1.8227], device='cuda:0')
tensor([0.3288, 0.5174, 0.6710, 1.0591, 0.0064, 0.1661, 0.8572, 0.8476, 1.2209,
        0.0282, 0.2587, 0.6028, 0.5186], device='cuda:0')
Solve time for step 2 (global step 1) 6.2138707879930735
Current ori: tensor(0.5186, device='cuda:0')
Middle force: tensor([1.3397, 1.8934, 2.4252, 2.3161, 2.4752], device='cuda:0')
Thumb force: tensor([0.4851, 1.2111, 0.8521, 2.5120, 1.0277], device='cuda:0')
Index force: tensor([2.8011, 0.8186, 1.3482, 2.7284, 1.6597], device='cuda:0')
tensor([0.3329, 0.5352, 0.6760, 1.0275, 0.0106, 0.1771, 0.8391, 0.8489, 1.2517,
        0.0227, 0.2042, 0.6741, 0.5185], device='cuda:0')
Solve time for step 3 (global step 2) 6.1399728320539
Current ori: tensor(0.5185, device='cuda:0')
Middle force: tensor([1.8021, 2.2233, 2.2418, 2.4249], device='cuda:0')
Thumb force: tensor([1.1553, 0.8289, 2.4053, 1.0208], device='cuda:0')
Index force: tensor([0.8346, 1.2587, 2.6502, 1.5806], device='cuda:0')
tensor([ 0.3462,  0.5494,  0.6785,  1.0404,  0.0243,  0.1771,  0.8400,  0.8355,
         1.3076, -0.1050,  0.1753,  0.7184,  0.5183], device='cuda:0')
Solve time for step 4 (global step 3) 5.867312379647046
Current ori: tensor(0.5183, device='cuda:0')
Middle force: tensor([2.0483, 2.1635, 2.3420], device='cuda:0')
Thumb force: tensor([0.7303, 2.3236, 0.9893], device='cuda:0')
Index force: tensor([1.2548, 2.5446, 1.5078], device='cuda:0')
tensor([0.3567, 0.5662, 0.6832, 1.0109, 0.0466, 0.1825, 0.8406, 0.7966, 1.1568,
        0.2075, 0.0783, 0.8832, 0.5182], device='cuda:0')
Solve time for step 5 (global step 4) 6.019716521259397
Current ori: tensor(0.5182, device='cuda:0')
Middle force: tensor([2.0082, 2.2269], device='cuda:0')
Thumb force: tensor([2.2001, 0.9520], device='cuda:0')
Index force: tensor([2.5186, 1.4708], device='cuda:0')
tensor([0.3559, 0.5736, 0.6633, 1.0309, 0.0848, 0.1699, 0.8727, 0.7916, 1.1682,
        0.1763, 0.0997, 0.9274, 0.5183], device='cuda:0')
Solve time for step 6 (global step 5) 5.46207864722237
Current ori: tensor(0.5183, device='cuda:0')
Middle force: tensor([2.1288], device='cuda:0')
Thumb force: tensor([0.9553], device='cuda:0')
Index force: tensor([1.4292], device='cuda:0')
Current yaw: tensor([0.5183], device='cuda:0')
2 turn
tensor([0.3561, 0.5739, 0.6627, 1.0312, 0.0899, 0.1646, 0.8942, 0.7658, 1.1649,
        0.1180, 0.1034, 0.9634, 0.5183], device='cuda:0')
Solve time for step 1 (global step 6) 12.840519735123962
Current ori: tensor(0.5183, device='cuda:0')
Middle force: tensor([1.7304, 0.3167, 0.7773, 1.2644, 0.4272, 2.0119], device='cuda:0')
Thumb force: tensor([0.1016, 1.4456, 0.7013, 1.5941, 0.0686, 0.3183], device='cuda:0')
Index force: tensor([0.8294, 1.8901, 0.8619, 1.8279, 1.1166, 0.5340], device='cuda:0')
tensor([0.3560, 0.5783, 0.6521, 1.0414, 0.0869, 0.1597, 0.9444, 0.6696, 1.1485,
        0.1962, 0.0663, 0.9710, 0.5183], device='cuda:0')
Solve time for step 2 (global step 7) 6.336580518167466
Current ori: tensor(0.5183, device='cuda:0')
Middle force: tensor([0.3378, 0.7714, 0.8909, 0.5333, 1.8780], device='cuda:0')
Thumb force: tensor([1.6069, 0.7534, 1.4319, 0.0547, 0.4179], device='cuda:0')
Index force: tensor([1.4782, 0.7359, 1.9232, 1.0749, 0.9593], device='cuda:0')
tensor([0.3659, 0.6096, 0.6448, 1.0437, 0.0849, 0.1483, 0.9926, 0.6012, 1.1750,
        0.1426, 0.0664, 0.9949, 0.5182], device='cuda:0')
Solve time for step 3 (global step 8) 6.223715568892658
Current ori: tensor(0.5182, device='cuda:0')
Middle force: tensor([0.7276, 0.8470, 0.5520, 1.6847], device='cuda:0')
Thumb force: tensor([0.7208, 1.2995, 0.1685, 0.5127], device='cuda:0')
Index force: tensor([0.6998, 1.8037, 1.0590, 1.0098], device='cuda:0')
tensor([0.3651, 0.6201, 0.6385, 1.0283, 0.0867, 0.1409, 1.0160, 0.5753, 1.2172,
        0.0654, 0.0455, 1.0030, 0.5181], device='cuda:0')
Solve time for step 4 (global step 9) 5.951056023128331
Current ori: tensor(0.5181, device='cuda:0')
Middle force: tensor([0.8765, 0.5881, 1.5299], device='cuda:0')
Thumb force: tensor([1.2117, 0.3566, 0.5718], device='cuda:0')
Index force: tensor([1.6903, 1.0765, 1.0576], device='cuda:0')
tensor([ 0.3689,  0.6325,  0.6468,  1.0000,  0.0866,  0.1560,  0.9275,  0.7164,
         1.2426, -0.0274,  0.0375,  1.0146,  0.5181], device='cuda:0')
Solve time for step 5 (global step 10) 5.820463329087943
Current ori: tensor(0.5181, device='cuda:0')
Middle force: tensor([0.5966, 1.4843], device='cuda:0')
Thumb force: tensor([0.3557, 0.5740], device='cuda:0')
Index force: tensor([1.0336, 1.0241], device='cuda:0')
tensor([ 0.3758,  0.6311,  0.6634,  1.0016,  0.1037,  0.1743,  0.9081,  0.7221,
         1.2413, -0.0286,  0.0175,  1.0507,  0.5181], device='cuda:0')
Solve time for step 6 (global step 11) 5.544667787384242
Current ori: tensor(0.5181, device='cuda:0')
Middle force: tensor([1.4064], device='cuda:0')
Thumb force: tensor([0.5423], device='cuda:0')
Index force: tensor([0.9873], device='cuda:0')
Current yaw: tensor([0.5181], device='cuda:0')
Average turn amount: -0.27367721994717914 over 6 trials
{}

Trial 7
No action perturbation this trial
Current yaw: tensor([-0.4250], device='cuda:0')
Current yaw: tensor([-0.4248], device='cuda:0')
1 turn
tensor([ 0.2444,  0.6889,  0.6931,  0.7966, -0.0502,  0.3484,  0.9023,  0.7464,
         1.3040,  0.0710,  0.3706,  0.4288, -0.4248], device='cuda:0')
Solve time for step 1 (global step 0) 13.38558271434158
Current ori: tensor(-0.4248, device='cuda:0')
Middle force: tensor([3.4618, 1.6976, 1.1732, 2.1612, 1.3683, 2.1729], device='cuda:0')
Thumb force: tensor([0.0341, 0.6334, 0.4449, 0.3576, 0.2500, 1.0089], device='cuda:0')
Index force: tensor([2.3174, 1.0999, 1.1973, 1.5882, 2.2225, 1.6746], device='cuda:0')
tensor([ 0.1638,  0.7182,  0.6517,  0.7652, -0.1285,  0.3422,  0.9260,  0.8076,
         1.3199, -0.1050,  0.5344,  0.1122, -0.4248], device='cuda:0')
Solve time for step 2 (global step 1) 6.5677464716136456
Current ori: tensor(-0.4248, device='cuda:0')
Middle force: tensor([1.6663, 1.1300, 2.1038, 1.3864, 2.0344], device='cuda:0')
Thumb force: tensor([0.5654, 0.3910, 0.3112, 0.1792, 0.9924], device='cuda:0')
Index force: tensor([1.1032, 1.1232, 1.4967, 2.0572, 1.5901], device='cuda:0')
tensor([ 0.1598,  0.7262,  0.6596,  0.7441, -0.1158,  0.3095,  1.0524,  0.6436,
         1.1725,  0.2054,  0.4635,  0.3109, -0.4247], device='cuda:0')
Solve time for step 3 (global step 2) 6.271175840869546
Current ori: tensor(-0.4247, device='cuda:0')
Middle force: tensor([1.0514, 1.9959, 1.3756, 1.9336], device='cuda:0')
Thumb force: tensor([0.5199, 0.2669, 0.1153, 0.9074], device='cuda:0')
Index force: tensor([1.0819, 1.4172, 1.9224, 1.5029], device='cuda:0')
tensor([ 0.1590,  0.7716,  0.6679,  0.7278, -0.1189,  0.2967,  1.1035,  0.5639,
         1.2735, -0.0576,  0.4872,  0.1534, -0.4246], device='cuda:0')
Solve time for step 4 (global step 3) 6.072827334981412
Current ori: tensor(-0.4246, device='cuda:0')
Middle force: tensor([1.8977, 1.3453, 1.7352], device='cuda:0')
Thumb force: tensor([0.2556, 0.0770, 0.8662], device='cuda:0')
Index force: tensor([1.3549, 1.7792, 1.4301], device='cuda:0')
tensor([ 0.1561,  0.8032,  0.6622,  0.6989, -0.1154,  0.3045,  1.0891,  0.5766,
         1.1551,  0.2560,  0.5020,  0.2151, -0.4244], device='cuda:0')
Solve time for step 5 (global step 4) 6.064560441765934
Current ori: tensor(-0.4244, device='cuda:0')
Middle force: tensor([1.2696, 1.5861], device='cuda:0')
Thumb force: tensor([0.0540, 0.8366], device='cuda:0')
Index force: tensor([1.7055, 1.4076], device='cuda:0')
tensor([ 0.1461,  0.8387,  0.5943,  0.6828, -0.0974,  0.3191,  1.0722,  0.6237,
         1.0040,  0.5045,  0.7563, -0.1133, -0.4028], device='cuda:0')
Solve time for step 6 (global step 5) 5.731407877989113
Current ori: tensor(-0.4028, device='cuda:0')
Middle force: tensor([1.5037], device='cuda:0')
Thumb force: tensor([0.8225], device='cuda:0')
Index force: tensor([1.3418], device='cuda:0')
Current yaw: tensor([-0.4010], device='cuda:0')
2 turn
tensor([ 0.1459,  0.8685,  0.5474,  0.6583, -0.0972,  0.3292,  1.0376,  0.6723,
         1.1406,  0.2567,  0.6042,  0.0567, -0.4010], device='cuda:0')
Solve time for step 1 (global step 6) 13.050877820700407
Current ori: tensor(-0.4010, device='cuda:0')
Middle force: tensor([1.9313, 1.2975, 1.3724, 3.8654, 1.0399, 0.5734], device='cuda:0')
Thumb force: tensor([1.4553, 0.2690, 0.7016, 0.9059, 0.3710, 0.2525], device='cuda:0')
Index force: tensor([1.6117, 0.7936, 0.6097, 1.4205, 0.9505, 4.3796], device='cuda:0')
tensor([ 0.1471,  0.9238,  0.5598,  0.6048, -0.1057,  0.3123,  1.0597,  0.6644,
         1.0804,  0.4305,  0.7629, -0.1620, -0.4009], device='cuda:0')
Solve time for step 2 (global step 7) 6.452931770123541
Current ori: tensor(-0.4009, device='cuda:0')
Middle force: tensor([1.0180, 1.1991, 3.7781, 1.0647, 0.4720], device='cuda:0')
Thumb force: tensor([0.2967, 0.5033, 0.6809, 0.3342, 0.2806], device='cuda:0')
Index force: tensor([0.9632, 0.6610, 1.3010, 0.8090, 3.9887], device='cuda:0')
tensor([ 0.1401,  0.9628,  0.5899,  0.4386, -0.1059,  0.3176,  1.0459,  0.6795,
         1.1646,  0.2837,  0.6540, -0.0052, -0.4008], device='cuda:0')
Solve time for step 3 (global step 8) 6.428400851320475
Current ori: tensor(-0.4008, device='cuda:0')
Middle force: tensor([1.1828, 3.6523, 0.9568, 0.4309], device='cuda:0')
Thumb force: tensor([0.4874, 0.5911, 0.0895, 0.3471], device='cuda:0')
Index force: tensor([0.5904, 1.2440, 0.7257, 3.7996], device='cuda:0')
tensor([ 0.1410,  1.0085,  0.4543,  0.6141, -0.0940,  0.3126,  1.0832,  0.6237,
         1.1582,  0.2895,  0.5290,  0.2505, -0.4008], device='cuda:0')
Solve time for step 4 (global step 9) 6.079345408827066
Current ori: tensor(-0.4008, device='cuda:0')
Middle force: tensor([3.4526, 0.8517, 0.3871], device='cuda:0')
Thumb force: tensor([0.5481, 0.3107, 0.3841], device='cuda:0')
Index force: tensor([1.2223, 0.7597, 3.6680], device='cuda:0')
tensor([ 0.1411,  1.0005,  0.4736,  0.5964, -0.0820,  0.3241,  1.0721,  0.6329,
         1.1149,  0.3343,  0.5767,  0.1508, -0.3980], device='cuda:0')
Solve time for step 5 (global step 10) 6.042085189837962
Current ori: tensor(-0.3980, device='cuda:0')
Middle force: tensor([0.8369, 0.3495], device='cuda:0')
Thumb force: tensor([0.3110, 0.4094], device='cuda:0')
Index force: tensor([0.7390, 3.5266], device='cuda:0')
tensor([ 0.1241,  0.9992,  0.4718,  0.5899, -0.0775,  0.3269,  1.0663,  0.6420,
         1.1812,  0.1227,  0.6371, -0.0521, -0.3980], device='cuda:0')
Solve time for step 6 (global step 11) 5.613153244368732
Current ori: tensor(-0.3980, device='cuda:0')
Middle force: tensor([0.4075], device='cuda:0')
Thumb force: tensor([0.3259], device='cuda:0')
Index force: tensor([3.4361], device='cuda:0')
Current yaw: tensor([-0.3980], device='cuda:0')
Average turn amount: -0.2914354758603232 over 7 trials
{}

Trial 8
No action perturbation this trial
Current yaw: tensor([0.0549], device='cuda:0')
Current yaw: tensor([0.0544], device='cuda:0')
1 turn
tensor([ 0.3360,  0.7355,  0.6081,  0.7619, -0.0644,  0.2126,  0.9064,  0.8598,
         1.2691,  0.1451,  0.3784,  0.4358,  0.0544], device='cuda:0')
Solve time for step 1 (global step 0) 12.970128552056849
Current ori: tensor(0.0544, device='cuda:0')
Middle force: tensor([1.0713, 1.0322, 3.3181, 1.1775, 2.1897, 3.3480], device='cuda:0')
Thumb force: tensor([0.7998, 1.1384, 0.3003, 0.3857, 0.0310, 2.2071], device='cuda:0')
Index force: tensor([2.1540, 1.0998, 0.9517, 0.9339, 2.0861, 1.1609], device='cuda:0')
tensor([ 0.3809,  0.8300,  0.6138,  0.7864,  0.0112,  0.2094,  0.9169,  0.8164,
         1.3271,  0.1316,  0.1688,  0.7447, -0.0747], device='cuda:0')
Solve time for step 2 (global step 1) 6.41125810937956
Current ori: tensor(-0.0747, device='cuda:0')
Middle force: tensor([1.1304, 2.9802, 1.0054, 1.8945, 3.0361], device='cuda:0')
Thumb force: tensor([0.9257, 0.3552, 0.2776, 0.2028, 1.6945], device='cuda:0')
Index force: tensor([1.0557, 0.9117, 0.9109, 1.9505, 1.1496], device='cuda:0')
tensor([ 0.3911,  0.8849,  0.5750,  0.8021,  0.0264,  0.2300,  0.8246,  0.9266,
         1.3474,  0.1765,  0.0946,  0.8474, -0.0910], device='cuda:0')
Solve time for step 3 (global step 2) 6.378596964292228
Current ori: tensor(-0.0910, device='cuda:0')
Middle force: tensor([2.7006, 0.9804, 1.8385, 2.8498], device='cuda:0')
Thumb force: tensor([0.2113, 0.2441, 0.2257, 1.2916], device='cuda:0')
Index force: tensor([0.9120, 0.8571, 1.9780, 1.2566], device='cuda:0')
tensor([ 0.3989,  0.9202,  0.5843,  0.7850,  0.0530,  0.2297,  0.8362,  0.9021,
         1.3504,  0.4141,  0.0089,  0.9377, -0.1377], device='cuda:0')
Solve time for step 4 (global step 3) 5.888085743878037
Current ori: tensor(-0.1377, device='cuda:0')
Middle force: tensor([1.0246, 1.8414, 2.5546], device='cuda:0')
Thumb force: tensor([0.1740, 0.1672, 1.1654], device='cuda:0')
Index force: tensor([0.7814, 2.0255, 1.2057], device='cuda:0')
tensor([ 0.4042,  0.9795,  0.5973,  0.7901,  0.1245,  0.2504,  0.8189,  0.8891,
         1.4212,  0.2827, -0.0671,  1.0484, -0.2644], device='cuda:0')
Solve time for step 5 (global step 4) 5.962811587844044
Current ori: tensor(-0.2644, device='cuda:0')
Middle force: tensor([1.8847, 2.2873], device='cuda:0')
Thumb force: tensor([0.1555, 1.1578], device='cuda:0')
Index force: tensor([2.0217, 1.2371], device='cuda:0')
tensor([ 0.4002,  1.0561,  0.6137,  0.7804,  0.2175,  0.2772,  0.7738,  0.9367,
         1.5000,  0.2979, -0.0929,  1.0933, -0.4231], device='cuda:0')
Solve time for step 6 (global step 5) 5.6789051573723555
Current ori: tensor(-0.4231, device='cuda:0')
Middle force: tensor([2.1393], device='cuda:0')
Thumb force: tensor([1.0861], device='cuda:0')
Index force: tensor([1.2266], device='cuda:0')
Current yaw: tensor([-0.4487], device='cuda:0')
2 turn
tensor([ 0.3972,  1.0741,  0.6057,  0.7766,  0.2285,  0.2846,  0.7753,  0.9151,
         1.5000,  0.3106, -0.1064,  1.1091, -0.4487], device='cuda:0')
Solve time for step 1 (global step 6) 12.963451196905226
Current ori: tensor(-0.4487, device='cuda:0')
Middle force: tensor([2.0338, 1.8858, 0.8391, 1.4070, 0.6714, 1.7467], device='cuda:0')
Thumb force: tensor([1.4655, 1.1563, 0.3795, 0.2222, 0.0445, 0.5256], device='cuda:0')
Index force: tensor([2.5809, 1.2946, 0.5971, 2.2589, 0.9532, 2.0587], device='cuda:0')
tensor([ 0.3846,  1.1361,  0.6004,  0.7724,  0.2809,  0.2920,  0.8224,  0.8473,
         1.5000,  0.4749, -0.0884,  1.1158, -0.5630], device='cuda:0')
Solve time for step 2 (global step 7) 6.335910115856677
Current ori: tensor(-0.5630, device='cuda:0')
Middle force: tensor([1.8950, 1.8628, 1.2864, 2.5363, 1.1884], device='cuda:0')
Thumb force: tensor([0.9836, 0.4607, 0.8587, 0.1445, 0.2952], device='cuda:0')
Index force: tensor([0.8334, 1.3626, 1.3515, 2.1729, 0.6185], device='cuda:0')
tensor([ 0.3841,  1.1675,  0.5269,  0.8482,  0.2748,  0.2845,  0.8665,  0.7978,
         1.4110,  0.5771, -0.0212,  1.1223, -0.5675], device='cuda:0')
Solve time for step 3 (global step 8) 6.241695250850171
Current ori: tensor(-0.5675, device='cuda:0')
Middle force: tensor([1.8051, 1.3070, 2.4186, 1.1389], device='cuda:0')
Thumb force: tensor([0.4447, 0.7441, 0.0827, 0.1775], device='cuda:0')
Index force: tensor([1.3574, 1.0755, 2.1335, 0.6884], device='cuda:0')
tensor([ 0.3700,  1.2156,  0.4824,  0.8197,  0.3043,  0.3245,  0.7618,  0.9092,
         1.5000,  0.3141, -0.0764,  1.1183, -0.6160], device='cuda:0')
Solve time for step 4 (global step 9) 5.953907600603998
Current ori: tensor(-0.6160, device='cuda:0')
Middle force: tensor([1.2909, 2.4011, 1.0990], device='cuda:0')
Thumb force: tensor([0.7748, 0.1547, 0.2026], device='cuda:0')
Index force: tensor([1.0225, 2.0356, 0.6606], device='cuda:0')
tensor([ 0.3710,  1.2190,  0.4749,  0.8368,  0.3010,  0.3421,  0.7235,  0.9480,
         1.5000,  0.1681, -0.0900,  1.2182, -0.6179], device='cuda:0')
Solve time for step 5 (global step 10) 5.836945466231555
Current ori: tensor(-0.6179, device='cuda:0')
Middle force: tensor([2.2999, 1.0813], device='cuda:0')
Thumb force: tensor([0.1682, 0.2167], device='cuda:0')
Index force: tensor([1.9446, 0.6355], device='cuda:0')
tensor([ 0.3515,  1.2587,  0.4824,  0.7755,  0.3361,  0.3651,  0.7136,  0.9486,
         1.5000,  0.1374, -0.0280,  1.2231, -0.7009], device='cuda:0')
Solve time for step 6 (global step 11) 5.775430446024984
Current ori: tensor(-0.7009, device='cuda:0')
Middle force: tensor([1.0550], device='cuda:0')
Thumb force: tensor([0.2256], device='cuda:0')
Index force: tensor([0.6175], device='cuda:0')
Current yaw: tensor([-0.8276], device='cuda:0')
Average turn amount: -0.35845673456788063 over 8 trials
{}

Trial 9
No action perturbation this trial
Current yaw: tensor([0.1538], device='cuda:0')
Current yaw: tensor([0.1538], device='cuda:0')
1 turn
tensor([0.4002, 0.7990, 0.6563, 0.8639, 0.0355, 0.1515, 0.8488, 0.9111, 1.2694,
        0.0242, 0.4149, 0.4251, 0.1538], device='cuda:0')
Solve time for step 1 (global step 0) 13.062653282191604
Current ori: tensor(0.1538, device='cuda:0')
Middle force: tensor([0.5061, 2.4315, 2.3605, 1.2259, 1.5496, 1.5216], device='cuda:0')
Thumb force: tensor([0.6399, 0.7358, 0.1579, 0.8689, 0.0865, 0.1512], device='cuda:0')
Index force: tensor([1.2094, 1.3403, 2.3480, 2.4519, 1.0289, 1.0437], device='cuda:0')
tensor([0.4085, 0.8322, 0.6786, 0.8417, 0.0727, 0.1220, 0.9248, 0.8242, 1.2711,
        0.0410, 0.3402, 0.4928, 0.1537], device='cuda:0')
Solve time for step 2 (global step 1) 6.259243746288121
Current ori: tensor(0.1537, device='cuda:0')
Middle force: tensor([2.3781, 2.3009, 1.2643, 1.4429, 1.2182], device='cuda:0')
Thumb force: tensor([0.5784, 0.0496, 0.8258, 0.1369, 0.1576], device='cuda:0')
Index force: tensor([1.3730, 2.0570, 2.4197, 1.0120, 0.9276], device='cuda:0')
tensor([ 0.4194,  0.8432,  0.7458,  0.7937,  0.0970,  0.0938,  1.0035,  0.7355,
         1.3030, -0.0603,  0.3135,  0.5715,  0.1537], device='cuda:0')
Solve time for step 3 (global step 2) 6.187821294181049
Current ori: tensor(0.1537, device='cuda:0')
Middle force: tensor([2.2968, 1.2174, 1.4049, 0.9944], device='cuda:0')
Thumb force: tensor([0.0060, 0.8481, 0.2982, 0.1328], device='cuda:0')
Index force: tensor([1.9052, 2.3961, 0.8609, 0.7074], device='cuda:0')
tensor([0.4193, 0.8490, 0.7426, 0.7940, 0.1732, 0.0906, 1.0258, 0.6965, 1.3026,
        0.0295, 0.1734, 0.7226, 0.1527], device='cuda:0')
Solve time for step 4 (global step 3) 5.874795577023178
Current ori: tensor(0.1527, device='cuda:0')
Middle force: tensor([1.1680, 1.3081, 0.9353], device='cuda:0')
Thumb force: tensor([0.8268, 0.4499, 0.1806], device='cuda:0')
Index force: tensor([2.3095, 0.7163, 0.5516], device='cuda:0')
tensor([ 0.4283,  0.8822,  0.7520,  0.7996,  0.1639,  0.1174,  0.9449,  0.7883,
         1.3526, -0.1022,  0.1760,  0.6932,  0.1528], device='cuda:0')
Solve time for step 5 (global step 4) 5.825921130832285
Current ori: tensor(0.1528, device='cuda:0')
Middle force: tensor([1.2990, 0.9208], device='cuda:0')
Thumb force: tensor([0.4433, 0.2302], device='cuda:0')
Index force: tensor([0.7256, 0.5003], device='cuda:0')
tensor([ 0.4287,  0.8950,  0.7337,  0.8143,  0.1711,  0.1144,  0.9524,  0.7867,
         1.3890, -0.1050,  0.1382,  0.6937,  0.1527], device='cuda:0')
Solve time for step 6 (global step 5) 5.63162377057597
Current ori: tensor(0.1527, device='cuda:0')
Middle force: tensor([0.8595], device='cuda:0')
Thumb force: tensor([0.2317], device='cuda:0')
Index force: tensor([0.4963], device='cuda:0')
Current yaw: tensor([0.1526], device='cuda:0')
2 turn
tensor([ 0.4353,  0.9331,  0.7246,  0.8159,  0.1711,  0.1104,  0.9636,  0.7752,
         1.3947, -0.1005,  0.1157,  0.7259,  0.1526], device='cuda:0')
Solve time for step 1 (global step 6) 12.712531885132194
Current ori: tensor(0.1526, device='cuda:0')
Middle force: tensor([1.3332, 0.7550, 0.9999, 1.2511, 1.4769, 2.0489], device='cuda:0')
Thumb force: tensor([2.2912, 1.0695, 0.6494, 1.1201, 0.5804, 1.1272], device='cuda:0')
Index force: tensor([0.5875, 2.0082, 2.1767, 1.4250, 2.0613, 1.1509], device='cuda:0')
tensor([0.4395, 0.9520, 0.7391, 0.7835, 0.1700, 0.0997, 0.9990, 0.7200, 1.3199,
        0.1306, 0.0252, 0.8032, 0.1526], device='cuda:0')
Solve time for step 2 (global step 7) 6.325402438174933
Current ori: tensor(0.1526, device='cuda:0')
Middle force: tensor([1.0072, 0.8755, 0.9758, 1.4609, 1.9411], device='cuda:0')
Thumb force: tensor([0.8536, 0.9057, 1.4422, 0.3104, 1.2636], device='cuda:0')
Index force: tensor([1.9981, 1.4763, 1.1248, 1.7078, 0.9321], device='cuda:0')
tensor([ 0.4406,  0.9721,  0.7167,  0.8006,  0.1940,  0.1337,  0.9105,  0.8078,
         1.3330,  0.0279, -0.0147,  0.9106,  0.1524], device='cuda:0')
Solve time for step 3 (global step 8) 6.259561771992594
Current ori: tensor(0.1524, device='cuda:0')
Middle force: tensor([0.8995, 0.9297, 1.3314, 1.7659], device='cuda:0')
Thumb force: tensor([0.9233, 1.4653, 0.1767, 1.2817], device='cuda:0')
Index force: tensor([1.2889, 1.0188, 1.5911, 0.8894], device='cuda:0')
tensor([0.4448, 1.0122, 0.7481, 0.7942, 0.1932, 0.0694, 1.0974, 0.6067, 1.3221,
        0.0171, 0.0219, 0.9414, 0.1524], device='cuda:0')
Solve time for step 4 (global step 9) 5.990011053159833
Current ori: tensor(0.1524, device='cuda:0')
Middle force: tensor([0.8931, 1.2196, 1.5918], device='cuda:0')
Thumb force: tensor([1.4188, 0.1235, 1.2991], device='cuda:0')
Index force: tensor([0.9889, 1.4890, 0.8288], device='cuda:0')
tensor([0.4414, 1.0538, 0.7727, 0.8022, 0.1831, 0.0683, 1.0942, 0.6193, 1.3202,
        0.0179, 0.0466, 0.8919, 0.1524], device='cuda:0')
Solve time for step 5 (global step 10) 6.021691670641303
Current ori: tensor(0.1524, device='cuda:0')
Middle force: tensor([1.1360, 1.5272], device='cuda:0')
Thumb force: tensor([0.0625, 1.2582], device='cuda:0')
Index force: tensor([1.4216, 0.7100], device='cuda:0')
tensor([ 0.4262,  1.1015,  0.7837,  0.8390,  0.1831,  0.0686,  1.0933,  0.6201,
         1.3671, -0.1050,  0.0752,  0.8450,  0.1524], device='cuda:0')
Solve time for step 6 (global step 11) 5.576930190902203
Current ori: tensor(0.1524, device='cuda:0')
Middle force: tensor([1.3994], device='cuda:0')
Thumb force: tensor([1.2756], device='cuda:0')
Index force: tensor([0.7241], device='cuda:0')
