Importing module 'gym_38' (/home/abhinav/Downloads/IsaacGym_Preview_4_Package/isaacgym/python/isaacgym/_bindings/linux-x86_64/gym_38.so)
Setting GYM_USD_PLUG_INFO_PATH to /home/abhinav/Downloads/IsaacGym_Preview_4_Package/isaacgym/python/isaacgym/_bindings/linux-x86_64/usd/plugInfo.json
PyTorch version 2.3.1+cu118
Device count 1
/home/abhinav/Downloads/IsaacGym_Preview_4_Package/isaacgym/python/isaacgym/_bindings/src/gymtorch
ninja: no work to do.
CCAI_PATH /home/abhinav/Documents/ccai
Not connected to PVD
+++ Using GPU PhysX
Physics Engine: PhysX
Physics Device: cuda:0
GPU Pipeline: enabled
Using VHACD cache directory '/home/abhinav/.isaacgym/vhacd'
Found existing convex decomposition for mesh '/home/abhinav/Documents/git_packages/isaacgym-arm-envs/isaac_victor_envs/assets/xela_models/mesh/allegro/base_ns.stl'
Found existing convex decomposition for mesh '/home/abhinav/Documents/git_packages/isaacgym-arm-envs/isaac_victor_envs/assets/xela_models/mesh/allegro/link_1.0.stl'
Found existing convex decomposition for mesh '/home/abhinav/Documents/git_packages/isaacgym-arm-envs/isaac_victor_envs/assets/xela_models/mesh/ft_c.stl'
[ models/temporal ] Channel dimensions: [(36, 128), (128, 256), (256, 512)]
[ models/temporal ] Channel dimensions: [(36, 128), (128, 256), (256, 512)]
[ models/temporal ] Channel dimensions: [(36, 128), (128, 256), (256, 512)]
2048
4 128 4
Loaded trajectory sampler
3 ((-1.0, -1.0, -1.0),) 0.06403148174285889
4 ((-1.0, -1.0, -1.0), (1.0, 1.0, 1.0)) 0.0016652345657348633
5 ((-1.0, -1.0, -1.0), (1.0, 1.0, 1.0), (1.0, -1.0, -1.0)) -0.0624731183052063
6 ((-1.0, -1.0, -1.0), (1.0, 1.0, 1.0), (-1.0, 1.0, 1.0)) -0.010330796241760254
7 ((-1.0, -1.0, -1.0), (1.0, 1.0, 1.0), (-1.0, 1.0, 1.0), (1.0, 1.0, 1.0)) -0.36341381072998047
8 ((-1.0, -1.0, -1.0), (1.0, -1.0, -1.0)) -0.05992001295089722
9 ((-1.0, -1.0, -1.0), (-1.0, 1.0, 1.0)) 0.022961020469665527
10 ((-1.0, -1.0, -1.0), (1.0, 1.0, 1.0), (1.0, -1.0, -1.0), (1.0, 1.0, 1.0)) -0.061708152294158936
11 ((-1.0, -1.0, -1.0), (1.0, 1.0, 1.0), (1.0, -1.0, -1.0), (-1.0, 1.0, 1.0)) -0.126956969499588
12 ((-1.0, -1.0, -1.0), (1.0, 1.0, 1.0), (-1.0, 1.0, 1.0), (1.0, 1.0, 1.0), (-1.0, 1.0, 1.0)) -0.3840779960155487
13 ((-1.0, -1.0, -1.0), (1.0, 1.0, 1.0), (-1.0, 1.0, 1.0), (1.0, 1.0, 1.0), (-1.0, 1.0, 1.0), (1.0, 1.0, 1.0)) -0.728655993938446
14 ((-1.0, -1.0, -1.0), (1.0, 1.0, 1.0), (-1.0, 1.0, 1.0), (1.0, 1.0, 1.0), (-1.0, 1.0, 1.0), (1.0, 1.0, 1.0), (1.0, 1.0, 1.0)) -1.0616495609283447
15 ((-1.0, -1.0, -1.0), (1.0, 1.0, 1.0), (-1.0, 1.0, 1.0), (1.0, 1.0, 1.0), (-1.0, 1.0, 1.0), (1.0, 1.0, 1.0), (1.0, 1.0, 1.0), (1.0, -1.0, -1.0)) -1.2063491344451904
16 ((-1.0, -1.0, -1.0), (1.0, 1.0, 1.0), (-1.0, 1.0, 1.0), (1.0, 1.0, 1.0), (-1.0, 1.0, 1.0), (1.0, 1.0, 1.0), (1.0, 1.0, 1.0), (-1.0, 1.0, 1.0)) -1.0837886333465576
17 ((-1.0, -1.0, -1.0), (1.0, 1.0, 1.0), (-1.0, 1.0, 1.0), (1.0, 1.0, 1.0), (-1.0, 1.0, 1.0), (1.0, 1.0, 1.0), (1.0, -1.0, -1.0)) -0.7846242189407349
18 ((-1.0, -1.0, -1.0), (1.0, 1.0, 1.0), (-1.0, 1.0, 1.0), (1.0, 1.0, 1.0), (-1.0, 1.0, 1.0), (1.0, 1.0, 1.0), (1.0, -1.0, -1.0), (1.0, 1.0, 1.0)) -1.1066532135009766
19 ((-1.0, -1.0, -1.0), (1.0, 1.0, 1.0), (-1.0, 1.0, 1.0), (1.0, 1.0, 1.0), (1.0, -1.0, -1.0)) -0.3785492777824402
20 ((-1.0, -1.0, -1.0), (1.0, 1.0, 1.0), (-1.0, 1.0, 1.0), (1.0, 1.0, 1.0), (1.0, -1.0, -1.0), (1.0, 1.0, 1.0)) -0.8317915201187134
21 ((-1.0, -1.0, -1.0), (1.0, 1.0, 1.0), (-1.0, 1.0, 1.0), (1.0, 1.0, 1.0), (1.0, -1.0, -1.0), (1.0, 1.0, 1.0), (1.0, 1.0, 1.0)) -1.1598012447357178
22 ((-1.0, -1.0, -1.0), (1.0, 1.0, 1.0), (-1.0, 1.0, 1.0), (1.0, 1.0, 1.0), (1.0, -1.0, -1.0), (1.0, 1.0, 1.0), (1.0, 1.0, 1.0), (1.0, 1.0, 1.0)) -1.415580153465271
23 ((-1.0, -1.0, -1.0), (1.0, 1.0, 1.0), (-1.0, 1.0, 1.0), (1.0, 1.0, 1.0), (1.0, -1.0, -1.0), (1.0, 1.0, 1.0), (1.0, 1.0, 1.0), (-1.0, 1.0, 1.0)) -1.1732628345489502
24 ((-1.0, -1.0, -1.0), (1.0, 1.0, 1.0), (-1.0, 1.0, 1.0), (1.0, 1.0, 1.0), (1.0, -1.0, -1.0), (1.0, 1.0, 1.0), (1.0, 1.0, 1.0), (1.0, -1.0, -1.0)) -1.1594527959823608
25 ((-1.0, -1.0, -1.0), (1.0, 1.0, 1.0), (-1.0, 1.0, 1.0), (1.0, 1.0, 1.0), (1.0, -1.0, -1.0), (1.0, 1.0, 1.0), (1.0, -1.0, -1.0)) -0.9262147545814514
26 ((-1.0, -1.0, -1.0), (1.0, 1.0, 1.0), (-1.0, 1.0, 1.0), (1.0, 1.0, 1.0), (1.0, -1.0, -1.0), (1.0, 1.0, 1.0), (1.0, -1.0, -1.0), (1.0, 1.0, 1.0)) -1.2272526025772095
27 ((-1.0, -1.0, -1.0), (1.0, 1.0, 1.0), (-1.0, 1.0, 1.0), (1.0, 1.0, 1.0), (1.0, -1.0, -1.0), (1.0, 1.0, 1.0), (1.0, -1.0, -1.0), (-1.0, 1.0, 1.0)) -1.0312260389328003
28 ((-1.0, -1.0, -1.0), (1.0, 1.0, 1.0), (-1.0, 1.0, 1.0), (1.0, 1.0, 1.0), (1.0, -1.0, -1.0), (1.0, 1.0, 1.0), (1.0, -1.0, -1.0), (1.0, -1.0, -1.0)) -1.0649194717407227
29 ((-1.0, -1.0, -1.0), (1.0, 1.0, 1.0), (-1.0, 1.0, 1.0), (1.0, 1.0, 1.0), (1.0, -1.0, -1.0), (1.0, 1.0, 1.0), (-1.0, 1.0, 1.0)) -0.8153451681137085
30 ((-1.0, -1.0, -1.0), (1.0, 1.0, 1.0), (-1.0, 1.0, 1.0), (1.0, 1.0, 1.0), (1.0, -1.0, -1.0), (1.0, 1.0, 1.0), (-1.0, 1.0, 1.0), (1.0, 1.0, 1.0)) -1.12921142578125
31 ((-1.0, -1.0, -1.0), (1.0, 1.0, 1.0), (-1.0, 1.0, 1.0), (1.0, 1.0, 1.0), (-1.0, 1.0, 1.0), (1.0, 1.0, 1.0), (1.0, 1.0, 1.0), (1.0, 1.0, 1.0)) -1.1198339462280273
32 ((-1.0, -1.0, -1.0), (1.0, -1.0, -1.0), (1.0, 1.0, 1.0)) -0.05637723207473755
33 ((-1.0, -1.0, -1.0), (1.0, 1.0, 1.0), (-1.0, 1.0, 1.0), (1.0, -1.0, -1.0)) -0.007637202739715576
34 ((-1.0, -1.0, -1.0), (1.0, 1.0, 1.0), (-1.0, 1.0, 1.0), (1.0, -1.0, -1.0), (1.0, 1.0, 1.0)) -0.407903790473938
35 ((-1.0, -1.0, -1.0), (1.0, 1.0, 1.0), (-1.0, 1.0, 1.0), (1.0, 1.0, 1.0), (-1.0, 1.0, 1.0), (1.0, 1.0, 1.0), (-1.0, 1.0, 1.0)) -0.7320097088813782
36 ((-1.0, -1.0, -1.0), (1.0, 1.0, 1.0), (-1.0, 1.0, 1.0), (1.0, 1.0, 1.0), (-1.0, 1.0, 1.0), (1.0, 1.0, 1.0), (-1.0, 1.0, 1.0), (1.0, 1.0, 1.0)) -1.2103770971298218
37 ((-1.0, -1.0, -1.0), (1.0, 1.0, 1.0), (-1.0, 1.0, 1.0), (1.0, 1.0, 1.0), (-1.0, 1.0, 1.0), (1.0, 1.0, 1.0), (-1.0, 1.0, 1.0), (1.0, -1.0, -1.0)) -1.0724784135818481
38 ((-1.0, -1.0, -1.0), (-1.0, 1.0, 1.0), (1.0, 1.0, 1.0)) -0.016418278217315674
39 ((-1.0, -1.0, -1.0), (1.0, 1.0, 1.0), (-1.0, 1.0, 1.0), (1.0, -1.0, -1.0), (1.0, 1.0, 1.0), (1.0, 1.0, 1.0)) -0.8567477464675903
40 ((-1.0, -1.0, -1.0), (1.0, 1.0, 1.0), (-1.0, 1.0, 1.0), (1.0, -1.0, -1.0), (1.0, 1.0, 1.0), (1.0, 1.0, 1.0), (1.0, 1.0, 1.0)) -1.1531447172164917
41 ((-1.0, -1.0, -1.0), (1.0, 1.0, 1.0), (-1.0, 1.0, 1.0), (1.0, -1.0, -1.0), (1.0, 1.0, 1.0), (1.0, 1.0, 1.0), (1.0, 1.0, 1.0), (1.0, 1.0, 1.0)) -1.3889307975769043
42 ((-1.0, -1.0, -1.0), (1.0, 1.0, 1.0), (-1.0, 1.0, 1.0), (1.0, -1.0, -1.0), (1.0, 1.0, 1.0), (1.0, 1.0, 1.0), (1.0, 1.0, 1.0), (1.0, -1.0, -1.0)) -1.1629767417907715
43 ((-1.0, -1.0, -1.0), (1.0, 1.0, 1.0), (-1.0, 1.0, 1.0), (1.0, -1.0, -1.0), (1.0, 1.0, 1.0), (1.0, 1.0, 1.0), (1.0, 1.0, 1.0), (-1.0, 1.0, 1.0)) -1.1141583919525146
44 ((-1.0, -1.0, -1.0), (1.0, 1.0, 1.0), (-1.0, 1.0, 1.0), (1.0, -1.0, -1.0), (1.0, 1.0, 1.0), (1.0, 1.0, 1.0), (-1.0, 1.0, 1.0)) -0.9431920647621155
45 ((-1.0, -1.0, -1.0), (1.0, 1.0, 1.0), (-1.0, 1.0, 1.0), (1.0, -1.0, -1.0), (1.0, 1.0, 1.0), (1.0, 1.0, 1.0), (-1.0, 1.0, 1.0), (1.0, 1.0, 1.0)) -1.2512612342834473
46 ((-1.0, -1.0, -1.0), (1.0, 1.0, 1.0), (-1.0, 1.0, 1.0), (1.0, -1.0, -1.0), (1.0, 1.0, 1.0), (1.0, 1.0, 1.0), (-1.0, 1.0, 1.0), (1.0, -1.0, -1.0)) -1.0649852752685547
47 ((-1.0, -1.0, -1.0), (1.0, 1.0, 1.0), (-1.0, 1.0, 1.0), (1.0, 1.0, 1.0), (1.0, 1.0, 1.0)) -0.6991773247718811
48 ((-1.0, -1.0, -1.0), (1.0, 1.0, 1.0), (-1.0, 1.0, 1.0), (1.0, 1.0, 1.0), (1.0, 1.0, 1.0), (1.0, -1.0, -1.0)) -1.1591237783432007
49 ((-1.0, -1.0, -1.0), (1.0, 1.0, 1.0), (-1.0, 1.0, 1.0), (1.0, 1.0, 1.0), (1.0, 1.0, 1.0), (1.0, -1.0, -1.0), (1.0, 1.0, 1.0)) -1.4031386375427246
50 ((-1.0, -1.0, -1.0), (1.0, 1.0, 1.0), (-1.0, 1.0, 1.0), (1.0, 1.0, 1.0), (1.0, 1.0, 1.0), (1.0, -1.0, -1.0), (1.0, 1.0, 1.0), (1.0, 1.0, 1.0)) -1.4909238815307617
51 ((-1.0, -1.0, -1.0), (1.0, 1.0, 1.0), (-1.0, 1.0, 1.0), (1.0, 1.0, 1.0), (1.0, 1.0, 1.0), (1.0, -1.0, -1.0), (1.0, 1.0, 1.0), (-1.0, 1.0, 1.0)) -1.4195518493652344
52 ((-1.0, -1.0, -1.0), (1.0, 1.0, 1.0), (-1.0, 1.0, 1.0), (1.0, 1.0, 1.0), (1.0, 1.0, 1.0), (1.0, -1.0, -1.0), (1.0, 1.0, 1.0), (1.0, -1.0, -1.0)) -1.4112234115600586
53 ((-1.0, -1.0, -1.0), (1.0, 1.0, 1.0), (-1.0, 1.0, 1.0), (1.0, 1.0, 1.0), (1.0, 1.0, 1.0), (1.0, -1.0, -1.0), (-1.0, 1.0, 1.0)) -1.2092151641845703
54 ((-1.0, -1.0, -1.0), (1.0, 1.0, 1.0), (-1.0, 1.0, 1.0), (1.0, 1.0, 1.0), (1.0, 1.0, 1.0), (1.0, -1.0, -1.0), (-1.0, 1.0, 1.0), (1.0, 1.0, 1.0)) -1.6947568655014038
Contact sequence search time: 70.44635895302054
['pregrasp', 'turn', 'index', 'turn', 'turn', 'thumb_middle', 'index', 'turn']
0 pregrasp
Sampling time 1.6203262289927807
Solve time for step 34.628201961517334
Solve time for step 8.384814739227295
Solve time for step 8.10527777671814
Solve time for step 7.603955030441284
Solve time for step 7.598765850067139
Solve time for step 7.2184531688690186
Solve time for step 6.956808567047119
Solve time for step 6.623764514923096
Solve time for step 6.3502514362335205
Solve time for step 6.212633371353149
Solve time for step 6.013858795166016
Solve time for step 5.713963985443115
Solve time for step 5.574682235717773
Solve time for step 5.34000563621521
Solve time for step 5.268404722213745
3 ((-1.0, -1.0, -1.0), (1.0, 1.0, 1.0)) -0.46067124605178833
4 ((-1.0, -1.0, -1.0), (1.0, 1.0, 1.0), (1.0, -1.0, -1.0)) -0.559079110622406
5 ((-1.0, -1.0, -1.0), (1.0, 1.0, 1.0), (1.0, -1.0, -1.0), (1.0, 1.0, 1.0)) -0.9777745008468628
6 ((-1.0, -1.0, -1.0), (1.0, 1.0, 1.0), (-1.0, 1.0, 1.0)) -0.5365490317344666
7 ((-1.0, -1.0, -1.0), (1.0, 1.0, 1.0), (1.0, -1.0, -1.0), (1.0, 1.0, 1.0), (-1.0, 1.0, 1.0)) -1.0697788000106812
8 ((-1.0, -1.0, -1.0), (1.0, 1.0, 1.0), (1.0, -1.0, -1.0), (1.0, 1.0, 1.0), (-1.0, 1.0, 1.0), (1.0, 1.0, 1.0)) -1.3167824745178223
9 ((-1.0, -1.0, -1.0), (1.0, 1.0, 1.0), (1.0, -1.0, -1.0), (1.0, 1.0, 1.0), (-1.0, 1.0, 1.0), (1.0, 1.0, 1.0), (1.0, 1.0, 1.0)) -1.5969496965408325
Contact sequence search time: 16.087871080002515
['turn', 'thumb_middle', 'turn', 'index', 'turn', 'turn']
1 turn
Sampling time 1.5904995950113516
Solve time for step 104.61702632904053
Solve time for step 23.79143500328064
Solve time for step 21.064394235610962
Solve time for step 18.498145818710327
Solve time for step 17.000355005264282
Solve time for step 15.042513608932495
Solve time for step 13.67257571220398
Solve time for step 12.575605392456055
Solve time for step 11.319634914398193
Solve time for step 10.376507997512817
Solve time for step 10.018843173980713
Solve time for step 9.277933120727539
Solve time for step 8.828478574752808
Solve time for step 8.502341508865356
Solve time for step 7.9951012134552
3 ((1.0, 1.0, 1.0), (-1.0, 1.0, 1.0)) -0.5211344957351685
4 ((1.0, 1.0, 1.0), (-1.0, 1.0, 1.0), (1.0, 1.0, 1.0)) -1.0314812660217285
5 ((1.0, 1.0, 1.0), (1.0, -1.0, -1.0)) -0.4570831060409546
6 ((1.0, 1.0, 1.0), (-1.0, 1.0, 1.0), (1.0, 1.0, 1.0), (1.0, 1.0, 1.0)) -1.3261873722076416
7 ((1.0, 1.0, 1.0), (-1.0, 1.0, 1.0), (1.0, 1.0, 1.0), (1.0, 1.0, 1.0), (1.0, 1.0, 1.0)) -1.6040312051773071
Contact sequence search time: 11.764470275986241
['index', 'turn', 'turn', 'turn']
2 index
Sampling time 1.658553913992364
Solve time for step 74.94156265258789
Solve time for step 17.60538625717163
Solve time for step 15.836742162704468
Solve time for step 15.03504467010498
Solve time for step 13.812915325164795
Solve time for step 12.796887159347534
Solve time for step 11.985004663467407
Solve time for step 11.459997177124023
Solve time for step 10.702823162078857
Solve time for step 10.1184983253479
Solve time for step 9.791806697845459
Solve time for step 9.37336540222168
Solve time for step 8.884883403778076
Solve time for step 8.615926504135132
Solve time for step 8.350862264633179
3 ((-1.0, 1.0, 1.0), (1.0, 1.0, 1.0)) -1.0859204530715942
4 ((-1.0, 1.0, 1.0), (1.0, 1.0, 1.0), (1.0, -1.0, -1.0)) -1.2781234979629517
5 ((-1.0, 1.0, 1.0), (1.0, 1.0, 1.0), (1.0, -1.0, -1.0), (1.0, 1.0, 1.0)) -1.650360345840454
Contact sequence search time: 6.956103071017424
['turn', 'thumb_middle', 'turn']
3 turn
Sampling time 1.6720441269862931
Solve time for step 104.81254386901855
Solve time for step 23.93950581550598
Solve time for step 21.16853928565979
Solve time for step 18.50957465171814
Solve time for step 17.091198682785034
Solve time for step 15.26483964920044
Solve time for step 13.685290813446045
Solve time for step 12.554810523986816
Solve time for step 11.59507131576538
Solve time for step 10.548898220062256
Solve time for step 10.069091558456421
Solve time for step 9.316744804382324
Solve time for step 8.834346771240234
Solve time for step 8.477460861206055
Solve time for step 8.187708139419556
3 ((1.0, 1.0, 1.0), (1.0, -1.0, -1.0)) -0.9914870262145996
4 ((1.0, 1.0, 1.0), (1.0, -1.0, -1.0), (1.0, 1.0, 1.0)) -1.3665688037872314
5 ((1.0, 1.0, 1.0), (1.0, -1.0, -1.0), (1.0, 1.0, 1.0), (-1.0, 1.0, 1.0)) -1.403111219406128
6 ((1.0, 1.0, 1.0), (1.0, -1.0, -1.0), (1.0, 1.0, 1.0), (-1.0, 1.0, 1.0), (1.0, 1.0, 1.0)) -1.7756469249725342
Contact sequence search time: 9.25220282599912
['thumb_middle', 'turn', 'index', 'turn']
4 thumb_middle
Sampling time 1.6189428610086907
Solve time for step 50.72151732444763
Solve time for step 12.281552076339722
Solve time for step 11.460285663604736
Solve time for step 10.859694957733154
Solve time for step 10.359382390975952
Solve time for step 9.737560749053955
Solve time for step 9.50448989868164
Solve time for step 8.945049047470093
Solve time for step 8.600589275360107
Solve time for step 8.30451512336731
Solve time for step 7.9267847537994385
Solve time for step 7.586806535720825
Solve time for step 7.381392240524292
Solve time for step 7.292806386947632
Solve time for step 6.994473218917847
3 ((1.0, -1.0, -1.0), (1.0, 1.0, 1.0)) -1.3005354404449463
4 ((1.0, -1.0, -1.0), (1.0, 1.0, 1.0), (1.0, 1.0, 1.0)) -1.5283854007720947
Contact sequence search time: 4.616722832986852
['turn', 'turn']
5 turn
Sampling time 1.607698074018117
Solve time for step 104.58327579498291
Solve time for step 23.87429928779602
Solve time for step 21.073002338409424
Solve time for step 18.457892656326294
Solve time for step 17.087881088256836
Solve time for step 15.167087078094482
Solve time for step 13.68970251083374
Solve time for step 12.504504442214966
Solve time for step 11.43426251411438
Solve time for step 10.661479949951172
Solve time for step 10.012797117233276
Solve time for step 9.377423524856567
Solve time for step 8.881057500839233
Solve time for step 8.588902950286865
Solve time for step 8.102356910705566
3 ((1.0, 1.0, 1.0), (1.0, -1.0, -1.0)) -0.7432723641395569
4 ((1.0, 1.0, 1.0), (1.0, -1.0, -1.0), (1.0, 1.0, 1.0)) -1.2403099536895752
5 ((1.0, 1.0, 1.0), (-1.0, 1.0, 1.0)) -0.3026295304298401
6 ((1.0, 1.0, 1.0), (1.0, -1.0, -1.0), (-1.0, 1.0, 1.0)) -0.8159660696983337
7 ((1.0, 1.0, 1.0), (-1.0, 1.0, 1.0), (1.0, 1.0, 1.0)) -0.6448512077331543
8 ((1.0, 1.0, 1.0), (1.0, -1.0, -1.0), (1.0, -1.0, -1.0)) -1.0065197944641113
9 ((1.0, 1.0, 1.0), (-1.0, 1.0, 1.0), (1.0, -1.0, -1.0)) -0.03496831655502319
10 ((1.0, 1.0, 1.0), (1.0, 1.0, 1.0)) -0.4374852180480957
11 ((1.0, 1.0, 1.0), (1.0, 1.0, 1.0), (-1.0, 1.0, 1.0)) -0.771351158618927
12 ((1.0, 1.0, 1.0), (1.0, 1.0, 1.0), (1.0, 1.0, 1.0)) -0.8046305179595947
13 ((1.0, 1.0, 1.0), (1.0, 1.0, 1.0), (1.0, -1.0, -1.0)) -0.3907039165496826
14 ((1.0, 1.0, 1.0), (-1.0, 1.0, 1.0), (-1.0, 1.0, 1.0)) -0.3019064664840698
Contact sequence search time: 9.59231212598388
No contact sequence found
['turn']
6 turn
Sampling time 1.6796734210220166
Solve time for step 105.01049137115479
Solve time for step 23.87318253517151
Solve time for step 21.098214626312256
Solve time for step 18.539900541305542
Solve time for step 17.066261529922485
Solve time for step 15.252950668334961
Solve time for step 13.62035059928894
Solve time for step 12.502660036087036
Solve time for step 11.542319536209106
Solve time for step 10.623430967330933
Solve time for step 9.902793407440186
Solve time for step 9.272850275039673
Solve time for step 8.850571393966675
Solve time for step 8.399250507354736
Solve time for step 8.219032287597656
3 ((1, 1, 1), (-1.0, 1.0, 1.0)) -0.5080326795578003
4 ((1, 1, 1), (1.0, -1.0, -1.0)) -0.13826754689216614
5 ((1, 1, 1), (1.0, 1.0, 1.0)) -0.2455120086669922
Contact sequence search time: 2.3041309190157335
No contact sequence found
Planner thinks task is complete
['pregrasp', 'turn', 'index', 'turn', 'thumb_middle', 'turn', 'turn']
csvgd, Average time per step: 0.0
{}
[ models/temporal ] Channel dimensions: [(36, 128), (128, 256), (256, 512)]
[ models/temporal ] Channel dimensions: [(36, 128), (128, 256), (256, 512)]
[ models/temporal ] Channel dimensions: [(36, 128), (128, 256), (256, 512)]
2048
4 128 4
Loaded trajectory sampler
3 ((-1.0, -1.0, -1.0),) 0.07860273122787476
4 ((-1.0, -1.0, -1.0), (1.0, 1.0, 1.0)) 0.03419369459152222
5 ((-1.0, -1.0, -1.0), (1.0, 1.0, 1.0), (-1.0, 1.0, 1.0)) 0.0053694844245910645
6 ((-1.0, -1.0, -1.0), (1.0, 1.0, 1.0), (1.0, -1.0, -1.0)) -0.004403829574584961
7 ((-1.0, -1.0, -1.0), (1.0, 1.0, 1.0), (1.0, -1.0, -1.0), (1.0, 1.0, 1.0)) -0.482488751411438
8 ((-1.0, -1.0, -1.0), (1.0, -1.0, -1.0)) 0.023254811763763428
9 ((-1.0, -1.0, -1.0), (-1.0, 1.0, 1.0)) 0.03250002861022949
10 ((-1.0, -1.0, -1.0), (1.0, 1.0, 1.0), (1.0, -1.0, -1.0), (1.0, 1.0, 1.0), (-1.0, 1.0, 1.0)) -0.5593518614768982
11 ((-1.0, -1.0, -1.0), (1.0, 1.0, 1.0), (1.0, -1.0, -1.0), (1.0, 1.0, 1.0), (-1.0, 1.0, 1.0), (1.0, 1.0, 1.0)) -1.023687481880188
12 ((-1.0, -1.0, -1.0), (1.0, 1.0, 1.0), (1.0, -1.0, -1.0), (1.0, 1.0, 1.0), (-1.0, 1.0, 1.0), (1.0, 1.0, 1.0), (1.0, 1.0, 1.0)) -1.4277162551879883
13 ((-1.0, -1.0, -1.0), (1.0, 1.0, 1.0), (1.0, -1.0, -1.0), (1.0, 1.0, 1.0), (-1.0, 1.0, 1.0), (1.0, 1.0, 1.0), (1.0, 1.0, 1.0), (1.0, 1.0, 1.0)) -1.4722511768341064
14 ((-1.0, -1.0, -1.0), (1.0, 1.0, 1.0), (1.0, -1.0, -1.0), (1.0, 1.0, 1.0), (-1.0, 1.0, 1.0), (1.0, 1.0, 1.0), (1.0, 1.0, 1.0), (-1.0, 1.0, 1.0)) -1.4595270156860352
15 ((-1.0, -1.0, -1.0), (1.0, 1.0, 1.0), (1.0, -1.0, -1.0), (1.0, 1.0, 1.0), (-1.0, 1.0, 1.0), (1.0, 1.0, 1.0), (1.0, 1.0, 1.0), (1.0, -1.0, -1.0)) -1.4486126899719238
16 ((-1.0, -1.0, -1.0), (1.0, 1.0, 1.0), (1.0, -1.0, -1.0), (1.0, 1.0, 1.0), (-1.0, 1.0, 1.0), (1.0, 1.0, 1.0), (-1.0, 1.0, 1.0)) -1.038321852684021
17 ((-1.0, -1.0, -1.0), (1.0, 1.0, 1.0), (1.0, -1.0, -1.0), (1.0, 1.0, 1.0), (-1.0, 1.0, 1.0), (1.0, 1.0, 1.0), (-1.0, 1.0, 1.0), (1.0, 1.0, 1.0)) -1.4485923051834106
18 ((-1.0, -1.0, -1.0), (1.0, 1.0, 1.0), (1.0, -1.0, -1.0), (1.0, 1.0, 1.0), (-1.0, 1.0, 1.0), (1.0, 1.0, 1.0), (1.0, -1.0, -1.0)) -0.9551314115524292
19 ((-1.0, -1.0, -1.0), (1.0, 1.0, 1.0), (1.0, -1.0, -1.0), (1.0, 1.0, 1.0), (-1.0, 1.0, 1.0), (1.0, 1.0, 1.0), (1.0, -1.0, -1.0), (1.0, 1.0, 1.0)) -1.3108348846435547
20 ((-1.0, -1.0, -1.0), (1.0, 1.0, 1.0), (1.0, -1.0, -1.0), (1.0, 1.0, 1.0), (-1.0, 1.0, 1.0), (1.0, 1.0, 1.0), (-1.0, 1.0, 1.0), (1.0, -1.0, -1.0)) -1.0460913181304932
21 ((-1.0, -1.0, -1.0), (1.0, 1.0, 1.0), (1.0, -1.0, -1.0), (1.0, 1.0, 1.0), (-1.0, 1.0, 1.0), (1.0, 1.0, 1.0), (1.0, -1.0, -1.0), (-1.0, 1.0, 1.0)) -1.019426703453064
22 ((-1.0, -1.0, -1.0), (1.0, 1.0, 1.0), (1.0, -1.0, -1.0), (1.0, 1.0, 1.0), (1.0, 1.0, 1.0)) -0.8726363778114319
23 ((-1.0, -1.0, -1.0), (1.0, 1.0, 1.0), (1.0, -1.0, -1.0), (1.0, 1.0, 1.0), (1.0, 1.0, 1.0), (1.0, 1.0, 1.0)) -1.4052481651306152
24 ((-1.0, -1.0, -1.0), (1.0, 1.0, 1.0), (1.0, -1.0, -1.0), (1.0, 1.0, 1.0), (1.0, 1.0, 1.0), (1.0, 1.0, 1.0), (1.0, 1.0, 1.0)) -1.4753756523132324
25 ((-1.0, -1.0, -1.0), (1.0, 1.0, 1.0), (1.0, -1.0, -1.0), (1.0, 1.0, 1.0), (1.0, 1.0, 1.0), (1.0, 1.0, 1.0), (1.0, 1.0, 1.0), (1.0, -1.0, -1.0)) -1.5511362552642822
Contact sequence search time: 37.45164919900708
['pregrasp', 'turn', 'thumb_middle', 'turn', 'turn', 'turn', 'turn', 'thumb_middle']
0 pregrasp
Sampling time 1.7216239309927914
Solve time for step 35.19258189201355
Solve time for step 8.573830604553223
Solve time for step 8.25725793838501
Solve time for step 7.863474369049072
Solve time for step 7.802347183227539
Solve time for step 7.420445680618286
Solve time for step 7.141199111938477
Solve time for step 6.884936332702637
Solve time for step 6.605178356170654
Solve time for step 6.351348638534546
Solve time for step 6.22520637512207
Solve time for step 5.907490491867065
Solve time for step 5.776939630508423
Solve time for step 5.676011323928833
Solve time for step 5.435980796813965
3 ((-1.0, -1.0, -1.0), (1.0, 1.0, 1.0)) -0.06619274616241455
4 ((-1.0, -1.0, -1.0), (1.0, 1.0, 1.0), (1.0, -1.0, -1.0)) -0.025257229804992676
5 ((-1.0, -1.0, -1.0), (1.0, 1.0, 1.0), (-1.0, 1.0, 1.0)) -0.017496049404144287
6 ((-1.0, -1.0, -1.0), (-1.0, 1.0, 1.0)) -0.03303748369216919
7 ((-1.0, -1.0, -1.0), (1.0, -1.0, -1.0)) -0.020269930362701416
8 ((-1.0, -1.0, -1.0), (1.0, -1.0, -1.0), (1.0, 1.0, 1.0)) -0.4615934491157532
9 ((-1.0, -1.0, -1.0), (1.0, -1.0, -1.0), (1.0, 1.0, 1.0), (1.0, -1.0, -1.0)) -0.5670496821403503
10 ((-1.0, -1.0, -1.0), (1.0, -1.0, -1.0), (1.0, 1.0, 1.0), (1.0, -1.0, -1.0), (1.0, 1.0, 1.0)) -0.9240883588790894
11 ((-1.0, -1.0, -1.0), (1.0, -1.0, -1.0), (1.0, 1.0, 1.0), (1.0, -1.0, -1.0), (1.0, 1.0, 1.0), (1.0, 1.0, 1.0)) -1.2729918956756592
12 ((-1.0, -1.0, -1.0), (1.0, -1.0, -1.0), (1.0, 1.0, 1.0), (1.0, -1.0, -1.0), (1.0, 1.0, 1.0), (1.0, 1.0, 1.0), (1.0, 1.0, 1.0)) -1.5844475030899048
Contact sequence search time: 23.78741787801846
['thumb_middle', 'turn', 'thumb_middle', 'turn', 'turn', 'turn']
1 thumb_middle
Sampling time 1.640540455991868
Solve time for step 51.20885705947876
Solve time for step 12.439971923828125
Solve time for step 11.48706316947937
Solve time for step 11.021205186843872
Solve time for step 10.466901063919067
Solve time for step 9.972195386886597
Solve time for step 9.488862752914429
Solve time for step 9.103774070739746
Solve time for step 8.66683316230774
Solve time for step 8.327778816223145
Solve time for step 8.001231908798218
Solve time for step 7.882313966751099
Solve time for step 7.659858465194702
Solve time for step 7.396275520324707
Solve time for step 7.2069993019104
3 ((1.0, -1.0, -1.0), (1.0, 1.0, 1.0)) -0.33534345030784607
4 ((1.0, -1.0, -1.0), (-1.0, 1.0, 1.0)) 0.016875088214874268
5 ((1.0, -1.0, -1.0), (1.0, 1.0, 1.0), (1.0, -1.0, -1.0)) -0.45828914642333984
6 ((1.0, -1.0, -1.0), (1.0, 1.0, 1.0), (1.0, -1.0, -1.0), (1.0, 1.0, 1.0)) -0.8810634613037109
7 ((1.0, -1.0, -1.0), (1.0, 1.0, 1.0), (1.0, -1.0, -1.0), (1.0, 1.0, 1.0), (1.0, 1.0, 1.0)) -1.3453607559204102
8 ((1.0, -1.0, -1.0), (1.0, 1.0, 1.0), (1.0, -1.0, -1.0), (1.0, 1.0, 1.0), (1.0, 1.0, 1.0), (1.0, 1.0, 1.0)) -1.6757553815841675
Contact sequence search time: 14.32242719901842
['turn', 'thumb_middle', 'turn', 'turn', 'turn']
2 turn
Sampling time 1.6450382359907962
Solve time for step 104.82056593894958
Solve time for step 23.812662601470947
Solve time for step 21.165207147598267
Solve time for step 18.540853261947632
Solve time for step 17.103485345840454
Solve time for step 15.260356426239014
Solve time for step 13.809860229492188
Solve time for step 12.588903188705444
Solve time for step 11.571174144744873
Solve time for step 10.709946155548096
Solve time for step 10.084130048751831
Solve time for step 9.389839887619019
Solve time for step 8.957401990890503
Solve time for step 8.666208505630493
Solve time for step 8.241844892501831
3 ((1.0, 1.0, 1.0), (-1.0, 1.0, 1.0)) -0.65725177526474
4 ((1.0, 1.0, 1.0), (-1.0, 1.0, 1.0), (1.0, 1.0, 1.0)) -1.0894691944122314
5 ((1.0, 1.0, 1.0), (1.0, -1.0, -1.0)) -0.44277334213256836
6 ((1.0, 1.0, 1.0), (-1.0, 1.0, 1.0), (1.0, 1.0, 1.0), (1.0, -1.0, -1.0)) -1.0888609886169434
7 ((1.0, 1.0, 1.0), (-1.0, 1.0, 1.0), (1.0, 1.0, 1.0), (1.0, -1.0, -1.0), (1.0, 1.0, 1.0)) -1.4970225095748901
8 ((1.0, 1.0, 1.0), (-1.0, 1.0, 1.0), (1.0, 1.0, 1.0), (1.0, -1.0, -1.0), (1.0, 1.0, 1.0), (-1.0, 1.0, 1.0)) -1.5486093759536743
Contact sequence search time: 14.17725864998647
['index', 'turn', 'thumb_middle', 'turn', 'index']
3 index
Sampling time 1.6854945970117114
Solve time for step 75.50253772735596
Solve time for step 17.742050170898438
Solve time for step 16.112247705459595
Solve time for step 15.091748237609863
Solve time for step 13.823451519012451
Solve time for step 13.024805307388306
Solve time for step 12.163457155227661
Solve time for step 11.618682146072388
Solve time for step 10.898875951766968
Solve time for step 10.386651277542114
Solve time for step 9.879905462265015
Solve time for step 9.446670770645142
Solve time for step 9.31870150566101
Solve time for step 8.755435466766357
Solve time for step 8.54107666015625
3 ((-1.0, 1.0, 1.0), (1.0, 1.0, 1.0)) -0.9212220907211304
4 ((-1.0, 1.0, 1.0), (1.0, 1.0, 1.0), (1.0, 1.0, 1.0)) -1.2901461124420166
5 ((-1.0, 1.0, 1.0), (1.0, 1.0, 1.0), (1.0, 1.0, 1.0), (1.0, 1.0, 1.0)) -1.6234841346740723
Contact sequence search time: 6.982003461977001
['turn', 'turn', 'turn']
4 turn
Sampling time 1.604471063008532
Solve time for step 104.92595934867859
Solve time for step 23.877377033233643
Solve time for step 21.112467288970947
Solve time for step 18.639699697494507
Solve time for step 17.05758237838745
Solve time for step 15.32370376586914
Solve time for step 13.579631090164185
Solve time for step 12.61780858039856
Solve time for step 11.784827709197998
Solve time for step 10.688926458358765
Solve time for step 9.986337661743164
Solve time for step 9.402637243270874
Solve time for step 8.956762790679932
Solve time for step 8.567168474197388
Solve time for step 8.2914400100708
3 ((1.0, 1.0, 1.0), (1.0, -1.0, -1.0)) -1.0074189901351929
4 ((1.0, 1.0, 1.0), (1.0, -1.0, -1.0), (1.0, 1.0, 1.0)) -1.3128942251205444
5 ((1.0, 1.0, 1.0), (1.0, -1.0, -1.0), (1.0, 1.0, 1.0), (1.0, 1.0, 1.0)) -1.6739592552185059
Contact sequence search time: 7.012377231003484
['thumb_middle', 'turn', 'turn']
5 thumb_middle
Sampling time 1.6176909829955548
Solve time for step 50.84027695655823
Solve time for step 12.384110450744629
Solve time for step 11.553581476211548
Solve time for step 10.953865766525269
Solve time for step 10.507326364517212
Solve time for step 9.93713903427124
Solve time for step 9.492897033691406
Solve time for step 9.093005180358887
Solve time for step 8.76114273071289
Solve time for step 8.455762386322021
Solve time for step 8.110671043395996
Solve time for step 7.904168128967285
Solve time for step 7.579298973083496
Solve time for step 7.3576672077178955
Solve time for step 7.127674102783203
3 ((1.0, -1.0, -1.0), (1.0, 1.0, 1.0)) -1.2394460439682007
4 ((1.0, -1.0, -1.0), (1.0, 1.0, 1.0), (1.0, 1.0, 1.0)) -1.6996146440505981
Contact sequence search time: 4.766500356985489
['turn', 'turn']
6 turn
Sampling time 1.5982216089905705
Solve time for step 105.21890091896057
Solve time for step 23.967796087265015
Solve time for step 21.31813883781433
Solve time for step 18.696619749069214
Solve time for step 17.06779384613037
Solve time for step 15.330481767654419
Solve time for step 13.750839471817017
Solve time for step 12.627188920974731
Solve time for step 11.610210180282593
Solve time for step 10.676885604858398
Solve time for step 10.230018854141235
Solve time for step 9.579473495483398
Solve time for step 8.910468816757202
Solve time for step 8.533553123474121
Solve time for step 8.341655015945435
3 ((1.0, 1.0, 1.0), (1.0, -1.0, -1.0)) -1.2836686372756958
4 ((1.0, 1.0, 1.0), (-1.0, 1.0, 1.0)) -1.1246376037597656
5 ((1.0, 1.0, 1.0), (1.0, 1.0, 1.0)) -1.3870973587036133
Contact sequence search time: 2.385010889993282
No contact sequence found
['turn']
7 turn
Sampling time 1.6450697779946495
Solve time for step 104.97021436691284
Solve time for step 23.907589197158813
Solve time for step 21.34708309173584
Solve time for step 18.648518323898315
Solve time for step 17.14279818534851
Solve time for step 15.366238117218018
Solve time for step 13.704075574874878
Solve time for step 12.851723909378052
Solve time for step 11.59093952178955
Solve time for step 10.546557188034058
Solve time for step 10.152268648147583
Solve time for step 9.555050373077393
Solve time for step 9.024747848510742
Solve time for step 8.474534511566162
Solve time for step 8.12163758277893
csvgd, Average time per step: 0.0
{}
[ models/temporal ] Channel dimensions: [(36, 128), (128, 256), (256, 512)]
[ models/temporal ] Channel dimensions: [(36, 128), (128, 256), (256, 512)]
[ models/temporal ] Channel dimensions: [(36, 128), (128, 256), (256, 512)]
2048
4 128 4
Loaded trajectory sampler
3 ((-1.0, -1.0, -1.0),) -0.037291109561920166
4 ((-1.0, -1.0, -1.0), (1.0, 1.0, 1.0)) -0.031619250774383545
5 ((-1.0, -1.0, -1.0), (1.0, 1.0, 1.0), (-1.0, 1.0, 1.0)) -0.052568912506103516
6 ((-1.0, -1.0, -1.0), (1.0, 1.0, 1.0), (1.0, -1.0, -1.0)) -0.01748746633529663
7 ((-1.0, -1.0, -1.0), (1.0, 1.0, 1.0), (1.0, -1.0, -1.0), (1.0, 1.0, 1.0)) -0.4606568515300751
8 ((-1.0, -1.0, -1.0), (-1.0, 1.0, 1.0)) -0.04368937015533447
9 ((-1.0, -1.0, -1.0), (1.0, -1.0, -1.0)) 0.0341036319732666
10 ((-1.0, -1.0, -1.0), (1.0, 1.0, 1.0), (-1.0, 1.0, 1.0), (1.0, 1.0, 1.0)) -0.09309455752372742
11 ((-1.0, -1.0, -1.0), (1.0, 1.0, 1.0), (1.0, -1.0, -1.0), (1.0, 1.0, 1.0), (1.0, 1.0, 1.0)) -0.8630704879760742
12 ((-1.0, -1.0, -1.0), (1.0, 1.0, 1.0), (1.0, -1.0, -1.0), (1.0, 1.0, 1.0), (1.0, 1.0, 1.0), (1.0, -1.0, -1.0)) -1.0187050104141235
13 ((-1.0, -1.0, -1.0), (1.0, 1.0, 1.0), (1.0, -1.0, -1.0), (1.0, 1.0, 1.0), (1.0, 1.0, 1.0), (1.0, -1.0, -1.0), (1.0, 1.0, 1.0)) -1.3323802947998047
14 ((-1.0, -1.0, -1.0), (1.0, 1.0, 1.0), (1.0, -1.0, -1.0), (1.0, 1.0, 1.0), (1.0, 1.0, 1.0), (1.0, -1.0, -1.0), (1.0, 1.0, 1.0), (1.0, 1.0, 1.0)) -1.6558555364608765
Contact sequence search time: 27.7748922460014
['pregrasp', 'turn', 'thumb_middle', 'turn', 'turn', 'thumb_middle', 'turn', 'turn']
0 pregrasp
Sampling time 1.6350148589990567
Solve time for step 35.22054362297058
Solve time for step 8.68487548828125
Solve time for step 8.299264907836914
Solve time for step 7.936391830444336
Solve time for step 7.591257333755493
Solve time for step 7.325615882873535
Solve time for step 7.220622301101685
Solve time for step 6.872360467910767
Solve time for step 6.683452606201172
Solve time for step 6.4231390953063965
Solve time for step 6.2078986167907715
Solve time for step 5.896016597747803
Solve time for step 5.694860219955444
Solve time for step 5.485995292663574
Solve time for step 5.34283447265625
3 ((-1.0, -1.0, -1.0), (1.0, 1.0, 1.0)) -0.5227488279342651
4 ((-1.0, -1.0, -1.0), (1.0, 1.0, 1.0), (1.0, -1.0, -1.0)) -0.8782950639724731
5 ((-1.0, -1.0, -1.0), (1.0, 1.0, 1.0), (1.0, -1.0, -1.0), (1.0, 1.0, 1.0)) -1.3458316326141357
6 ((-1.0, -1.0, -1.0), (1.0, 1.0, 1.0), (1.0, -1.0, -1.0), (1.0, 1.0, 1.0), (1.0, 1.0, 1.0)) -1.5936052799224854
Contact sequence search time: 9.32190533800167
['turn', 'thumb_middle', 'turn', 'turn']
1 turn
Sampling time 1.5908068310236558
Solve time for step 106.39106678962708
Solve time for step 24.228657484054565
Solve time for step 21.334931135177612
Solve time for step 18.7715060710907
Solve time for step 17.190013885498047
Solve time for step 15.390032291412354
Solve time for step 13.752994775772095
Solve time for step 12.678954362869263
Solve time for step 11.435372591018677
Solve time for step 10.570985555648804
Solve time for step 9.856313467025757
Solve time for step 9.402709245681763
Solve time for step 8.967303037643433
Solve time for step 8.421159505844116
Solve time for step 8.203421831130981
3 ((1.0, 1.0, 1.0), (1.0, -1.0, -1.0)) -0.8328837156295776
4 ((1.0, 1.0, 1.0), (1.0, -1.0, -1.0), (1.0, 1.0, 1.0)) -1.3416829109191895
5 ((1.0, 1.0, 1.0), (1.0, -1.0, -1.0), (1.0, 1.0, 1.0), (1.0, 1.0, 1.0)) -1.9298027753829956
Contact sequence search time: 7.064145386015298
['thumb_middle', 'turn', 'turn']
2 thumb_middle
Sampling time 1.612331100011943
Solve time for step 51.19338917732239
Solve time for step 12.44291639328003
Solve time for step 11.503038883209229
Solve time for step 10.912339448928833
Solve time for step 10.502705335617065
Solve time for step 10.288750410079956
Solve time for step 9.802528142929077
Solve time for step 9.318710565567017
Solve time for step 8.759476900100708
Solve time for step 8.361337661743164
Solve time for step 8.132980346679688
Solve time for step 7.876375675201416
Solve time for step 7.538071393966675
Solve time for step 7.335940361022949
Solve time for step 7.154933214187622
3 ((1.0, -1.0, -1.0), (1.0, 1.0, 1.0)) -0.9664939641952515
4 ((1.0, -1.0, -1.0), (1.0, 1.0, 1.0), (1.0, -1.0, -1.0)) -1.0847151279449463
5 ((1.0, -1.0, -1.0), (1.0, 1.0, 1.0), (1.0, -1.0, -1.0), (1.0, 1.0, 1.0)) -1.3736145496368408
6 ((1.0, -1.0, -1.0), (1.0, 1.0, 1.0), (1.0, -1.0, -1.0), (1.0, 1.0, 1.0), (1.0, 1.0, 1.0)) -1.6691697835922241
Contact sequence search time: 9.55848924300517
['turn', 'thumb_middle', 'turn', 'turn']
3 turn
Sampling time 1.6504592080018483
Solve time for step 104.94897699356079
Solve time for step 23.77324366569519
Solve time for step 21.247019052505493
Solve time for step 18.58193850517273
Solve time for step 17.12133765220642
Solve time for step 15.372369289398193
Solve time for step 13.720532894134521
Solve time for step 12.689108848571777
Solve time for step 11.488738298416138
Solve time for step 10.725337982177734
Solve time for step 10.152889728546143
Solve time for step 9.494518041610718
Solve time for step 8.998352527618408
Solve time for step 8.533182382583618
Solve time for step 8.275625467300415
3 ((1.0, 1.0, 1.0), (1.0, -1.0, -1.0)) -1.1666730642318726
4 ((1.0, 1.0, 1.0), (-1.0, 1.0, 1.0)) -1.0426892042160034
5 ((1.0, 1.0, 1.0), (-1.0, 1.0, 1.0), (1.0, 1.0, 1.0)) -1.4106624126434326
6 ((1.0, 1.0, 1.0), (-1.0, 1.0, 1.0), (1.0, 1.0, 1.0), (-1.0, 1.0, 1.0)) -1.453088641166687
7 ((1.0, 1.0, 1.0), (-1.0, 1.0, 1.0), (1.0, 1.0, 1.0), (-1.0, 1.0, 1.0), (-1.0, 1.0, 1.0)) -1.5063865184783936
Contact sequence search time: 12.00601760999416
['index', 'turn', 'index', 'index']
4 index
Sampling time 1.6837081929843407
Solve time for step 75.40145659446716
Solve time for step 17.738420486450195
Solve time for step 16.112802267074585
Solve time for step 15.224899053573608
Solve time for step 13.868982076644897
Solve time for step 12.980627059936523
Solve time for step 12.270585060119629
Solve time for step 11.61749005317688
Solve time for step 10.92775559425354
Solve time for step 10.41502046585083
Solve time for step 9.919341564178467
Solve time for step 9.468781232833862
Solve time for step 9.211312055587769
Solve time for step 8.88658094406128
Solve time for step 8.615499496459961
3 ((-1.0, 1.0, 1.0), (1.0, 1.0, 1.0)) -1.3229570388793945
4 ((-1.0, 1.0, 1.0), (1.0, 1.0, 1.0), (1.0, 1.0, 1.0)) -1.6756298542022705
Contact sequence search time: 4.808908236998832
['turn', 'turn']
5 turn
Sampling time 1.6495164159859996
Solve time for step 104.91690802574158
Solve time for step 23.756170749664307
Solve time for step 21.102612733840942
Solve time for step 18.560292720794678
Solve time for step 17.07927370071411
Solve time for step 15.2094886302948
Solve time for step 13.601377487182617
Solve time for step 12.57614254951477
Solve time for step 11.570061922073364
Solve time for step 10.64812445640564
Solve time for step 10.12700605392456
Solve time for step 9.575345039367676
Solve time for step 9.01262092590332
Solve time for step 8.74013900756836
Solve time for step 8.412280559539795
3 ((1.0, 1.0, 1.0), (1.0, -1.0, -1.0)) -1.389178991317749
4 ((1.0, 1.0, 1.0), (1.0, -1.0, -1.0), (1.0, 1.0, 1.0)) -1.5422340631484985
Contact sequence search time: 4.808228798996424
['thumb_middle', 'turn']
6 thumb_middle
Sampling time 1.6958293550123926
Solve time for step 51.45982265472412
Solve time for step 12.426716089248657
Solve time for step 11.493596076965332
Solve time for step 11.000555276870728
Solve time for step 10.704733610153198
Solve time for step 9.928651809692383
Solve time for step 9.551779985427856
Solve time for step 9.16961669921875
Solve time for step 8.820203065872192
Solve time for step 8.520087003707886
Solve time for step 8.172832727432251
Solve time for step 7.846581220626831
Solve time for step 7.702604532241821
Solve time for step 7.416924715042114
Solve time for step 7.169368505477905
3 ((1.0, -1.0, -1.0), (1.0, 1.0, 1.0)) -1.2634559869766235
4 ((1.0, -1.0, -1.0), (1.0, -1.0, -1.0)) -1.357511281967163
5 ((1.0, -1.0, -1.0), (-1.0, 1.0, 1.0)) -0.9194604158401489
Contact sequence search time: 2.3968728260078933
No contact sequence found
['turn']
7 turn
Sampling time 1.6884550069808029
Solve time for step 105.23020315170288
Solve time for step 23.98425602912903
Solve time for step 21.192411422729492
Solve time for step 18.630783557891846
Solve time for step 17.116660118103027
Solve time for step 15.31630825996399
Solve time for step 13.730305671691895
Solve time for step 12.652153491973877
Solve time for step 11.542187929153442
Solve time for step 10.711707592010498
Solve time for step 10.093037843704224
Solve time for step 9.507580757141113
Solve time for step 9.02138352394104
Solve time for step 8.766730785369873
Solve time for step 8.344858169555664
csvgd, Average time per step: 0.0
{}
[ models/temporal ] Channel dimensions: [(36, 128), (128, 256), (256, 512)]
[ models/temporal ] Channel dimensions: [(36, 128), (128, 256), (256, 512)]
[ models/temporal ] Channel dimensions: [(36, 128), (128, 256), (256, 512)]
2048
4 128 4
Loaded trajectory sampler
3 ((-1.0, -1.0, -1.0),) 0.0433429479598999
4 ((-1.0, -1.0, -1.0), (1.0, 1.0, 1.0)) 0.032095491886138916
5 ((-1.0, -1.0, -1.0), (1.0, 1.0, 1.0), (-1.0, 1.0, 1.0)) -0.03949707746505737
6 ((-1.0, -1.0, -1.0), (1.0, 1.0, 1.0), (1.0, -1.0, -1.0)) 0.0001958608627319336
7 ((-1.0, -1.0, -1.0), (1.0, 1.0, 1.0), (1.0, -1.0, -1.0), (1.0, 1.0, 1.0)) -0.40637683868408203
8 ((-1.0, -1.0, -1.0), (-1.0, 1.0, 1.0)) 0.018399298191070557
9 ((-1.0, -1.0, -1.0), (1.0, -1.0, -1.0)) 0.044721126556396484
10 ((-1.0, -1.0, -1.0), (1.0, -1.0, -1.0), (1.0, 1.0, 1.0)) -0.3426215648651123
11 ((-1.0, -1.0, -1.0), (1.0, 1.0, 1.0), (1.0, -1.0, -1.0), (1.0, 1.0, 1.0), (-1.0, 1.0, 1.0)) -0.5182293057441711
12 ((-1.0, -1.0, -1.0), (1.0, 1.0, 1.0), (1.0, -1.0, -1.0), (1.0, 1.0, 1.0), (-1.0, 1.0, 1.0), (1.0, 1.0, 1.0)) -0.9937233924865723
13 ((-1.0, -1.0, -1.0), (1.0, 1.0, 1.0), (1.0, -1.0, -1.0), (1.0, 1.0, 1.0), (-1.0, 1.0, 1.0), (1.0, 1.0, 1.0), (-1.0, 1.0, 1.0)) -1.061944842338562
14 ((-1.0, -1.0, -1.0), (1.0, 1.0, 1.0), (1.0, -1.0, -1.0), (1.0, 1.0, 1.0), (-1.0, 1.0, 1.0), (1.0, 1.0, 1.0), (1.0, -1.0, -1.0)) -1.0354090929031372
15 ((-1.0, -1.0, -1.0), (1.0, 1.0, 1.0), (1.0, -1.0, -1.0), (1.0, 1.0, 1.0), (-1.0, 1.0, 1.0), (1.0, 1.0, 1.0), (1.0, -1.0, -1.0), (-1.0, 1.0, 1.0)) -1.3652312755584717
16 ((-1.0, -1.0, -1.0), (1.0, 1.0, 1.0), (1.0, -1.0, -1.0), (1.0, 1.0, 1.0), (-1.0, 1.0, 1.0), (1.0, 1.0, 1.0), (1.0, -1.0, -1.0), (1.0, 1.0, 1.0)) -1.3461265563964844
17 ((-1.0, -1.0, -1.0), (1.0, 1.0, 1.0), (1.0, -1.0, -1.0), (1.0, 1.0, 1.0), (-1.0, 1.0, 1.0), (1.0, 1.0, 1.0), (-1.0, 1.0, 1.0), (-1.0, 1.0, 1.0)) -1.0962119102478027
18 ((-1.0, -1.0, -1.0), (1.0, 1.0, 1.0), (1.0, -1.0, -1.0), (1.0, 1.0, 1.0), (1.0, -1.0, -1.0)) -0.4817408323287964
19 ((-1.0, -1.0, -1.0), (1.0, 1.0, 1.0), (1.0, -1.0, -1.0), (1.0, 1.0, 1.0), (1.0, -1.0, -1.0), (1.0, 1.0, 1.0)) -0.9113246202468872
20 ((-1.0, -1.0, -1.0), (1.0, 1.0, 1.0), (1.0, -1.0, -1.0), (1.0, 1.0, 1.0), (1.0, -1.0, -1.0), (1.0, 1.0, 1.0), (1.0, 1.0, 1.0)) -1.3043560981750488
21 ((-1.0, -1.0, -1.0), (1.0, 1.0, 1.0), (1.0, -1.0, -1.0), (1.0, 1.0, 1.0), (1.0, -1.0, -1.0), (1.0, 1.0, 1.0), (1.0, 1.0, 1.0), (1.0, -1.0, -1.0)) -1.3766422271728516
22 ((-1.0, -1.0, -1.0), (1.0, 1.0, 1.0), (1.0, -1.0, -1.0), (1.0, 1.0, 1.0), (1.0, -1.0, -1.0), (1.0, 1.0, 1.0), (1.0, 1.0, 1.0), (-1.0, 1.0, 1.0)) -1.359199047088623
23 ((-1.0, -1.0, -1.0), (1.0, 1.0, 1.0), (1.0, -1.0, -1.0), (1.0, 1.0, 1.0), (1.0, -1.0, -1.0), (1.0, 1.0, 1.0), (1.0, 1.0, 1.0), (1.0, 1.0, 1.0)) -1.319366455078125
24 ((-1.0, -1.0, -1.0), (1.0, 1.0, 1.0), (1.0, -1.0, -1.0), (1.0, 1.0, 1.0), (1.0, -1.0, -1.0), (-1.0, 1.0, 1.0)) -0.9492990970611572
25 ((-1.0, -1.0, -1.0), (1.0, 1.0, 1.0), (1.0, -1.0, -1.0), (1.0, 1.0, 1.0), (1.0, -1.0, -1.0), (-1.0, 1.0, 1.0), (1.0, -1.0, -1.0)) -1.3616266250610352
26 ((-1.0, -1.0, -1.0), (1.0, 1.0, 1.0), (1.0, -1.0, -1.0), (1.0, 1.0, 1.0), (1.0, -1.0, -1.0), (-1.0, 1.0, 1.0), (1.0, -1.0, -1.0), (1.0, 1.0, 1.0)) -1.8471052646636963
Contact sequence search time: 42.91490296498523
['pregrasp', 'turn', 'thumb_middle', 'turn', 'thumb_middle', 'index', 'thumb_middle', 'turn']
0 pregrasp
Sampling time 1.7262819560128264
Solve time for step 35.90312194824219
Solve time for step 8.818825721740723
Solve time for step 8.358953952789307
Solve time for step 7.975092649459839
Solve time for step 7.642176866531372
Solve time for step 7.402503490447998
Solve time for step 7.134638071060181
Solve time for step 6.988898038864136
Solve time for step 6.679998874664307
Solve time for step 6.583183765411377
Solve time for step 6.189724683761597
Solve time for step 6.0477378368377686
Solve time for step 5.913691282272339
Solve time for step 5.657757520675659
Solve time for step 5.614879369735718
3 ((-1.0, -1.0, -1.0), (1.0, 1.0, 1.0)) -0.5484498739242554
4 ((-1.0, -1.0, -1.0), (1.0, 1.0, 1.0), (1.0, -1.0, -1.0)) -0.6356207728385925
5 ((-1.0, -1.0, -1.0), (1.0, 1.0, 1.0), (1.0, -1.0, -1.0), (1.0, 1.0, 1.0)) -0.9594465494155884
6 ((-1.0, -1.0, -1.0), (1.0, 1.0, 1.0), (-1.0, 1.0, 1.0)) -0.6227142810821533
7 ((-1.0, -1.0, -1.0), (1.0, 1.0, 1.0), (-1.0, 1.0, 1.0), (1.0, 1.0, 1.0)) -0.9524951577186584
8 ((-1.0, -1.0, -1.0), (1.0, 1.0, 1.0), (-1.0, 1.0, 1.0), (1.0, 1.0, 1.0), (1.0, 1.0, 1.0)) -1.2640769481658936
9 ((-1.0, -1.0, -1.0), (1.0, 1.0, 1.0), (-1.0, 1.0, 1.0), (1.0, 1.0, 1.0), (1.0, 1.0, 1.0), (1.0, 1.0, 1.0)) -1.5776464939117432
Contact sequence search time: 16.432452239008853
['turn', 'index', 'turn', 'turn', 'turn']
1 turn
Sampling time 1.6539218550024088
Solve time for step 105.37873530387878
Solve time for step 24.006330490112305
Solve time for step 21.21881365776062
Solve time for step 18.643242120742798
Solve time for step 17.201010942459106
Solve time for step 15.248163223266602
Solve time for step 13.804482460021973
Solve time for step 12.663783550262451
Solve time for step 11.56212067604065
Solve time for step 10.81255030632019
Solve time for step 10.185841083526611
Solve time for step 9.680768728256226
Solve time for step 9.063926458358765
Solve time for step 8.616002321243286
Solve time for step 8.278191566467285
3 ((1.0, 1.0, 1.0), (-1.0, 1.0, 1.0)) -0.6491562128067017
4 ((1.0, 1.0, 1.0), (-1.0, 1.0, 1.0), (1.0, 1.0, 1.0)) -1.1047449111938477
5 ((1.0, 1.0, 1.0), (-1.0, 1.0, 1.0), (1.0, 1.0, 1.0), (1.0, 1.0, 1.0)) -1.4479962587356567
6 ((1.0, 1.0, 1.0), (-1.0, 1.0, 1.0), (1.0, 1.0, 1.0), (1.0, 1.0, 1.0), (-1.0, 1.0, 1.0)) -1.4992380142211914
7 ((1.0, 1.0, 1.0), (-1.0, 1.0, 1.0), (1.0, 1.0, 1.0), (1.0, 1.0, 1.0), (-1.0, 1.0, 1.0), (1.0, 1.0, 1.0)) -1.542156457901001
Contact sequence search time: 11.792960524995578
['index', 'turn', 'turn', 'index', 'turn']
2 index
Sampling time 1.6344763769884594
Solve time for step 75.39946913719177
Solve time for step 17.755832195281982
Solve time for step 16.140811443328857
Solve time for step 15.307092905044556
Solve time for step 13.962503433227539
Solve time for step 13.168567895889282
Solve time for step 12.211980104446411
Solve time for step 11.507200241088867
Solve time for step 10.79584264755249
Solve time for step 10.496041059494019
Solve time for step 9.884668588638306
Solve time for step 9.507179737091064
Solve time for step 9.312054872512817
Solve time for step 8.798534631729126
Solve time for step 8.731119871139526
3 ((-1.0, 1.0, 1.0), (1.0, 1.0, 1.0)) -0.6912301778793335
4 ((-1.0, 1.0, 1.0), (1.0, -1.0, -1.0)) -0.7026464939117432
5 ((-1.0, 1.0, 1.0), (1.0, -1.0, -1.0), (1.0, 1.0, 1.0)) -1.27105712890625
6 ((-1.0, 1.0, 1.0), (1.0, -1.0, -1.0), (1.0, 1.0, 1.0), (1.0, -1.0, -1.0)) -1.2811676263809204
7 ((-1.0, 1.0, 1.0), (1.0, -1.0, -1.0), (1.0, 1.0, 1.0), (1.0, -1.0, -1.0), (1.0, 1.0, 1.0)) -1.6561741828918457
Contact sequence search time: 11.794356363010593
['thumb_middle', 'turn', 'thumb_middle', 'turn']
3 thumb_middle
Sampling time 1.6330160280049313
Solve time for step 51.15409541130066
Solve time for step 12.461246252059937
Solve time for step 11.523944854736328
Solve time for step 11.01436710357666
Solve time for step 10.667577266693115
Solve time for step 10.021034717559814
Solve time for step 9.644525051116943
Solve time for step 9.139273166656494
Solve time for step 8.713544130325317
Solve time for step 8.519752264022827
Solve time for step 8.188084363937378
Solve time for step 7.958051681518555
Solve time for step 7.591331481933594
Solve time for step 7.488342761993408
Solve time for step 7.1835126876831055
3 ((1.0, -1.0, -1.0), (1.0, 1.0, 1.0)) -1.156636118888855
4 ((1.0, -1.0, -1.0), (1.0, 1.0, 1.0), (1.0, 1.0, 1.0)) -1.6627686023712158
Contact sequence search time: 4.8129090380098205
['turn', 'turn']
4 turn
Sampling time 1.662468694994459
Solve time for step 105.30913209915161
Solve time for step 24.07965087890625
Solve time for step 21.26529049873352
Solve time for step 18.756285190582275
Solve time for step 17.195217609405518
Solve time for step 15.336776971817017
Solve time for step 13.81881332397461
Solve time for step 12.722626686096191
Solve time for step 11.576633214950562
Solve time for step 10.708492994308472
Solve time for step 10.27309536933899
Solve time for step 9.564123630523682
Solve time for step 9.079249143600464
Solve time for step 8.69681191444397
Solve time for step 8.403088569641113
3 ((1.0, 1.0, 1.0), (1.0, -1.0, -1.0)) -0.8862041234970093
4 ((1.0, 1.0, 1.0), (1.0, -1.0, -1.0), (1.0, 1.0, 1.0)) -1.3006272315979004
5 ((1.0, 1.0, 1.0), (1.0, -1.0, -1.0), (1.0, 1.0, 1.0), (1.0, 1.0, 1.0)) -1.634191632270813
Contact sequence search time: 7.13839539399487
['thumb_middle', 'turn', 'turn']
5 thumb_middle
Sampling time 1.6224686290079262
Solve time for step 51.325220346450806
Solve time for step 12.450685024261475
Solve time for step 11.616032123565674
Solve time for step 11.045109987258911
Solve time for step 10.553121328353882
Solve time for step 10.068422317504883
Solve time for step 9.535103797912598
Solve time for step 9.065680503845215
Solve time for step 8.748465299606323
Solve time for step 8.590298891067505
Solve time for step 8.14881181716919
Solve time for step 7.914180517196655
Solve time for step 7.808801174163818
Solve time for step 7.5016069412231445
Solve time for step 7.242615222930908
3 ((1.0, -1.0, -1.0), (1.0, 1.0, 1.0)) -1.0954140424728394
4 ((1.0, -1.0, -1.0), (1.0, 1.0, 1.0), (-1.0, 1.0, 1.0)) -1.1605359315872192
5 ((1.0, -1.0, -1.0), (1.0, 1.0, 1.0), (1.0, 1.0, 1.0)) -1.3384478092193604
6 ((1.0, -1.0, -1.0), (-1.0, 1.0, 1.0)) -0.7570674419403076
7 ((1.0, -1.0, -1.0), (-1.0, 1.0, 1.0), (1.0, 1.0, 1.0)) -1.1392772197723389
8 ((1.0, -1.0, -1.0), (1.0, 1.0, 1.0), (1.0, -1.0, -1.0)) -1.0617587566375732
9 ((1.0, -1.0, -1.0), (-1.0, 1.0, 1.0), (1.0, -1.0, -1.0)) -0.7424993515014648
10 ((1.0, -1.0, -1.0), (1.0, -1.0, -1.0)) -0.7537341713905334
11 ((1.0, -1.0, -1.0), (1.0, -1.0, -1.0), (1.0, 1.0, 1.0)) -1.1474144458770752
12 ((1.0, -1.0, -1.0), (1.0, -1.0, -1.0), (-1.0, 1.0, 1.0)) -0.8870434761047363
13 ((1.0, -1.0, -1.0), (-1.0, 1.0, 1.0), (-1.0, 1.0, 1.0)) -0.6999894380569458
14 ((1.0, -1.0, -1.0), (1.0, -1.0, -1.0), (1.0, -1.0, -1.0)) -0.8077021837234497
Contact sequence search time: 9.721189226023853
No contact sequence found
['turn', 'turn']
6 turn
Sampling time 1.7431991460034624
Solve time for step 105.66340684890747
Solve time for step 24.00708794593811
Solve time for step 21.30712890625
Solve time for step 18.595333337783813
Solve time for step 17.26557755470276
Solve time for step 15.460649490356445
Solve time for step 13.872381925582886
Solve time for step 12.69927430152893
Solve time for step 11.710474491119385
Solve time for step 10.824254512786865
Solve time for step 10.219105958938599
Solve time for step 9.663849592208862
Solve time for step 9.14157223701477
Solve time for step 8.721792697906494
Solve time for step 8.343894243240356
3 ((1, 1, 1), (-1.0, 1.0, 1.0)) -0.925018310546875
4 ((1, 1, 1), (1.0, -1.0, -1.0)) -0.8259443640708923
5 ((1, 1, 1), (1.0, 1.0, 1.0)) -1.2842377424240112
Contact sequence search time: 2.348519388004206
No contact sequence found
['turn']
7 turn
Sampling time 1.6330901010078378
Solve time for step 105.29664993286133
Solve time for step 24.07196354866028
Solve time for step 21.42995810508728
Solve time for step 18.556061506271362
Solve time for step 17.1395103931427
Solve time for step 15.297309637069702
Solve time for step 13.810372829437256
Solve time for step 12.75943374633789
Solve time for step 11.673964977264404
Solve time for step 10.733020782470703
Solve time for step 10.12274718284607
Solve time for step 9.58369779586792
Solve time for step 9.019473791122437
Solve time for step 8.765299320220947
Solve time for step 8.336501121520996
csvgd, Average time per step: 0.0
{}
[ models/temporal ] Channel dimensions: [(36, 128), (128, 256), (256, 512)]
[ models/temporal ] Channel dimensions: [(36, 128), (128, 256), (256, 512)]
[ models/temporal ] Channel dimensions: [(36, 128), (128, 256), (256, 512)]
2048
4 128 4
Loaded trajectory sampler
3 ((-1.0, -1.0, -1.0),) 0.04560363292694092
4 ((-1.0, -1.0, -1.0), (1.0, 1.0, 1.0)) -0.011908769607543945
5 ((-1.0, -1.0, -1.0), (1.0, 1.0, 1.0), (-1.0, 1.0, 1.0)) 0.011890530586242676
6 ((-1.0, -1.0, -1.0), (1.0, 1.0, 1.0), (1.0, -1.0, -1.0)) 0.005886077880859375
7 ((-1.0, -1.0, -1.0), (-1.0, 1.0, 1.0)) -0.001422882080078125
8 ((-1.0, -1.0, -1.0), (1.0, -1.0, -1.0)) 0.019646108150482178
9 ((-1.0, -1.0, -1.0), (1.0, 1.0, 1.0), (1.0, -1.0, -1.0), (1.0, 1.0, 1.0)) 0.000614464282989502
10 ((-1.0, -1.0, -1.0), (1.0, 1.0, 1.0), (-1.0, 1.0, 1.0), (1.0, 1.0, 1.0)) 0.011415839195251465
11 ((-1.0, -1.0, -1.0), (1.0, 1.0, 1.0), (-1.0, 1.0, 1.0), (1.0, -1.0, -1.0)) -0.006599068641662598
12 ((-1.0, -1.0, -1.0), (1.0, 1.0, 1.0), (1.0, -1.0, -1.0), (-1.0, 1.0, 1.0)) 0.018307149410247803
13 ((-1.0, -1.0, -1.0), (1.0, -1.0, -1.0), (1.0, 1.0, 1.0)) -0.005990266799926758
14 ((-1.0, -1.0, -1.0), (-1.0, 1.0, 1.0), (1.0, 1.0, 1.0)) 0.0031052827835083008
15 ((-1.0, -1.0, -1.0), (-1.0, 1.0, 1.0), (1.0, -1.0, -1.0)) -0.007721900939941406
16 ((-1.0, -1.0, -1.0), (-1.0, 1.0, 1.0), (1.0, -1.0, -1.0), (1.0, 1.0, 1.0)) -0.47888511419296265
17 ((-1.0, -1.0, -1.0), (-1.0, 1.0, 1.0), (1.0, -1.0, -1.0), (1.0, 1.0, 1.0), (1.0, 1.0, 1.0)) -0.9871199727058411
18 ((-1.0, -1.0, -1.0), (-1.0, 1.0, 1.0), (1.0, -1.0, -1.0), (1.0, 1.0, 1.0), (1.0, 1.0, 1.0), (1.0, 1.0, 1.0)) -1.404632806777954
19 ((-1.0, -1.0, -1.0), (-1.0, 1.0, 1.0), (1.0, -1.0, -1.0), (1.0, 1.0, 1.0), (1.0, 1.0, 1.0), (1.0, 1.0, 1.0), (1.0, 1.0, 1.0)) -1.6162365674972534
Contact sequence search time: 39.764074514998356
['pregrasp', 'index', 'thumb_middle', 'turn', 'turn', 'turn', 'turn']
0 pregrasp
Sampling time 1.624826168990694
Solve time for step 35.63402986526489
Solve time for step 8.724678993225098
Solve time for step 8.505683660507202
Solve time for step 8.041901588439941
Solve time for step 7.8094964027404785
Solve time for step 7.512732028961182
Solve time for step 7.310643196105957
Solve time for step 6.90941047668457
Solve time for step 6.77668309211731
Solve time for step 6.5463738441467285
Solve time for step 6.302875757217407
Solve time for step 6.075711965560913
Solve time for step 5.911639928817749
Solve time for step 5.8990819454193115
Solve time for step 5.609955549240112
3 ((-1.0, -1.0, -1.0), (1.0, 1.0, 1.0)) -0.46329474449157715
4 ((-1.0, -1.0, -1.0), (1.0, 1.0, 1.0), (1.0, -1.0, -1.0)) -0.5362900495529175
5 ((-1.0, -1.0, -1.0), (1.0, 1.0, 1.0), (1.0, -1.0, -1.0), (1.0, 1.0, 1.0)) -0.917770266532898
6 ((-1.0, -1.0, -1.0), (1.0, 1.0, 1.0), (1.0, -1.0, -1.0), (1.0, 1.0, 1.0), (1.0, 1.0, 1.0)) -1.3208413124084473
7 ((-1.0, -1.0, -1.0), (1.0, 1.0, 1.0), (1.0, -1.0, -1.0), (1.0, 1.0, 1.0), (1.0, 1.0, 1.0), (1.0, 1.0, 1.0)) -1.6655027866363525
Contact sequence search time: 11.888028867018875
['turn', 'thumb_middle', 'turn', 'turn', 'turn']
1 turn
Sampling time 1.648864571005106
Solve time for step 105.46353149414062
Solve time for step 24.100866317749023
Solve time for step 21.357226610183716
Solve time for step 18.763219594955444
Solve time for step 17.207785606384277
Solve time for step 15.394334316253662
Solve time for step 14.01257610321045
Solve time for step 12.88962197303772
Solve time for step 11.63574767112732
Solve time for step 10.728573322296143
Solve time for step 10.19237232208252
Solve time for step 9.766950845718384
Solve time for step 9.238600492477417
Solve time for step 8.804574012756348
Solve time for step 8.401437997817993
3 ((1.0, 1.0, 1.0), (1.0, -1.0, -1.0)) -0.571998655796051
4 ((1.0, 1.0, 1.0), (-1.0, 1.0, 1.0)) -0.48077523708343506
5 ((1.0, 1.0, 1.0), (1.0, -1.0, -1.0), (1.0, 1.0, 1.0)) -0.9509134888648987
6 ((1.0, 1.0, 1.0), (1.0, -1.0, -1.0), (1.0, 1.0, 1.0), (1.0, 1.0, 1.0)) -1.3482468128204346
7 ((1.0, 1.0, 1.0), (1.0, -1.0, -1.0), (1.0, 1.0, 1.0), (1.0, 1.0, 1.0), (1.0, 1.0, 1.0)) -1.7369457483291626
Contact sequence search time: 11.949793595995288
['thumb_middle', 'turn', 'turn', 'turn']
2 thumb_middle
Sampling time 1.6829327089944854
Solve time for step 51.29933452606201
Solve time for step 12.475563287734985
Solve time for step 11.748960256576538
Solve time for step 11.064913988113403
Solve time for step 10.619582414627075
Solve time for step 10.072579145431519
Solve time for step 9.658874750137329
Solve time for step 9.207244634628296
Solve time for step 8.923032760620117
Solve time for step 8.47725510597229
Solve time for step 8.126455307006836
Solve time for step 7.803110599517822
Solve time for step 7.662505865097046
Solve time for step 7.414455413818359
Solve time for step 7.221592903137207
3 ((1.0, -1.0, -1.0), (1.0, 1.0, 1.0)) -0.7888495922088623
4 ((1.0, -1.0, -1.0), (1.0, 1.0, 1.0), (-1.0, 1.0, 1.0)) -1.088030457496643
5 ((1.0, -1.0, -1.0), (1.0, 1.0, 1.0), (-1.0, 1.0, 1.0), (1.0, 1.0, 1.0)) -1.316141128540039
6 ((1.0, -1.0, -1.0), (1.0, 1.0, 1.0), (-1.0, 1.0, 1.0), (1.0, 1.0, 1.0), (-1.0, 1.0, 1.0)) -1.3316643238067627
7 ((1.0, -1.0, -1.0), (1.0, 1.0, 1.0), (-1.0, 1.0, 1.0), (1.0, 1.0, 1.0), (-1.0, 1.0, 1.0), (1.0, 1.0, 1.0)) -1.346205234527588
8 ((1.0, -1.0, -1.0), (1.0, 1.0, 1.0), (-1.0, 1.0, 1.0), (1.0, -1.0, -1.0)) -1.238563060760498
9 ((1.0, -1.0, -1.0), (1.0, 1.0, 1.0), (-1.0, 1.0, 1.0), (1.0, -1.0, -1.0), (1.0, 1.0, 1.0)) -1.4969336986541748
10 ((1.0, -1.0, -1.0), (1.0, 1.0, 1.0), (-1.0, 1.0, 1.0), (1.0, -1.0, -1.0), (1.0, 1.0, 1.0), (-1.0, 1.0, 1.0)) -1.5012174844741821
Contact sequence search time: 16.92812621599296
['turn', 'index', 'thumb_middle', 'turn', 'index']
3 turn
Sampling time 1.7010088259994518
Solve time for step 105.33804535865784
Solve time for step 24.13636326789856
Solve time for step 21.25491499900818
Solve time for step 18.6431303024292
Solve time for step 17.35183095932007
Solve time for step 15.380232334136963
Solve time for step 13.958986282348633
Solve time for step 12.699840068817139
Solve time for step 11.663140773773193
Solve time for step 10.728852033615112
Solve time for step 10.28186297416687
Solve time for step 9.620389223098755
Solve time for step 9.12106442451477
Solve time for step 8.715707540512085
Solve time for step 8.32464075088501
3 ((1.0, 1.0, 1.0), (1.0, -1.0, -1.0)) -0.9787501096725464
4 ((1.0, 1.0, 1.0), (1.0, -1.0, -1.0), (1.0, 1.0, 1.0)) -1.3887578248977661
5 ((1.0, 1.0, 1.0), (1.0, -1.0, -1.0), (1.0, 1.0, 1.0), (1.0, 1.0, 1.0)) -1.6703271865844727
Contact sequence search time: 7.179080622998299
['thumb_middle', 'turn', 'turn']
4 thumb_middle
Sampling time 1.680195658991579
Solve time for step 51.68251657485962
Solve time for step 12.501190900802612
Solve time for step 11.58024263381958
Solve time for step 11.21242380142212
Solve time for step 10.618053674697876
Solve time for step 10.053702354431152
Solve time for step 9.62087082862854
Solve time for step 9.131635665893555
Solve time for step 8.741552591323853
Solve time for step 8.521467685699463
Solve time for step 8.170871257781982
Solve time for step 7.865344524383545
Solve time for step 7.577039957046509
Solve time for step 7.526181697845459
Solve time for step 7.128688097000122
3 ((1.0, -1.0, -1.0), (1.0, 1.0, 1.0)) -1.286574125289917
4 ((1.0, -1.0, -1.0), (1.0, 1.0, 1.0), (-1.0, 1.0, 1.0)) -1.463639259338379
5 ((1.0, -1.0, -1.0), (1.0, 1.0, 1.0), (-1.0, 1.0, 1.0), (-1.0, 1.0, 1.0)) -1.5116500854492188
Contact sequence search time: 7.169508615974337
['turn', 'index', 'index']
5 turn
Sampling time 1.6223945940146223
Solve time for step 104.88060474395752
Solve time for step 24.040343046188354
Solve time for step 21.243041276931763
Solve time for step 18.73464870452881
Solve time for step 17.311408281326294
Solve time for step 15.780575513839722
Solve time for step 13.80356764793396
Solve time for step 12.677256345748901
Solve time for step 11.690063714981079
Solve time for step 10.625530242919922
Solve time for step 10.174036264419556
Solve time for step 9.589056015014648
Solve time for step 9.126644611358643
Solve time for step 8.725402116775513
Solve time for step 8.487857818603516
3 ((1.0, 1.0, 1.0), (1.0, 1.0, 1.0)) -1.3740055561065674
4 ((1.0, 1.0, 1.0), (1.0, 1.0, 1.0), (1.0, 1.0, 1.0)) -1.7826602458953857
Contact sequence search time: 4.892023311986122
['turn', 'turn']
6 turn
Sampling time 1.7078718319826294
Solve time for step 106.34936428070068
Solve time for step 24.36983299255371
Solve time for step 21.723172426223755
Solve time for step 18.95041537284851
Solve time for step 17.36466693878174
Solve time for step 15.559131383895874
Solve time for step 13.88100290298462
Solve time for step 12.893303394317627
Solve time for step 11.541893482208252
Solve time for step 10.557732343673706
Solve time for step 10.013761281967163
Solve time for step 9.459200620651245
Solve time for step 8.959852695465088
Solve time for step 8.580004930496216
Solve time for step 8.159821271896362
3 ((1.0, 1.0, 1.0), (1.0, -1.0, -1.0)) -1.1460580825805664
4 ((1.0, 1.0, 1.0), (-1.0, 1.0, 1.0)) -1.0543782711029053
5 ((1.0, 1.0, 1.0), (1.0, 1.0, 1.0)) -1.2685332298278809
Contact sequence search time: 2.3468944180058315
No contact sequence found
['turn']
7 turn
Sampling time 1.607420619984623
Solve time for step 107.11782670021057
Solve time for step 24.358175039291382
Solve time for step 21.502349376678467
Solve time for step 18.860211849212646
Solve time for step 17.30814003944397
Solve time for step 15.392107248306274
Solve time for step 13.841295957565308
Solve time for step 12.64746880531311
Solve time for step 11.732079267501831
Solve time for step 10.625508785247803
Solve time for step 10.063156127929688
Solve time for step 9.460048913955688
Solve time for step 8.927997589111328
Solve time for step 8.60813045501709
Solve time for step 8.225727319717407
csvgd, Average time per step: 0.0
{}
[ models/temporal ] Channel dimensions: [(36, 128), (128, 256), (256, 512)]
[ models/temporal ] Channel dimensions: [(36, 128), (128, 256), (256, 512)]
[ models/temporal ] Channel dimensions: [(36, 128), (128, 256), (256, 512)]
2048
4 128 4
Loaded trajectory sampler
3 ((-1.0, -1.0, -1.0),) 0.047060608863830566
4 ((-1.0, -1.0, -1.0), (1.0, 1.0, 1.0)) 0.0019627809524536133
5 ((-1.0, -1.0, -1.0), (1.0, 1.0, 1.0), (1.0, -1.0, -1.0)) -0.07437008619308472
6 ((-1.0, -1.0, -1.0), (1.0, 1.0, 1.0), (-1.0, 1.0, 1.0)) -0.057898521423339844
7 ((-1.0, -1.0, -1.0), (1.0, -1.0, -1.0)) -0.044021427631378174
8 ((-1.0, -1.0, -1.0), (-1.0, 1.0, 1.0)) 0.05355644226074219
9 ((-1.0, -1.0, -1.0), (1.0, 1.0, 1.0), (1.0, -1.0, -1.0), (1.0, 1.0, 1.0)) -0.07883942127227783
10 ((-1.0, -1.0, -1.0), (1.0, 1.0, 1.0), (-1.0, 1.0, 1.0), (1.0, 1.0, 1.0)) -0.069161057472229
11 ((-1.0, -1.0, -1.0), (1.0, 1.0, 1.0), (-1.0, 1.0, 1.0), (1.0, -1.0, -1.0)) -0.08554846048355103
12 ((-1.0, -1.0, -1.0), (1.0, 1.0, 1.0), (-1.0, 1.0, 1.0), (1.0, -1.0, -1.0), (1.0, 1.0, 1.0)) -0.4613998532295227
13 ((-1.0, -1.0, -1.0), (1.0, 1.0, 1.0), (-1.0, 1.0, 1.0), (1.0, -1.0, -1.0), (1.0, 1.0, 1.0), (-1.0, 1.0, 1.0)) -0.8229755163192749
14 ((-1.0, -1.0, -1.0), (1.0, 1.0, 1.0), (-1.0, 1.0, 1.0), (1.0, -1.0, -1.0), (1.0, 1.0, 1.0), (-1.0, 1.0, 1.0), (1.0, 1.0, 1.0)) -1.143202543258667
15 ((-1.0, -1.0, -1.0), (1.0, 1.0, 1.0), (-1.0, 1.0, 1.0), (1.0, -1.0, -1.0), (1.0, 1.0, 1.0), (-1.0, 1.0, 1.0), (1.0, 1.0, 1.0), (1.0, 1.0, 1.0)) -1.4050413370132446
16 ((-1.0, -1.0, -1.0), (1.0, 1.0, 1.0), (-1.0, 1.0, 1.0), (1.0, -1.0, -1.0), (1.0, 1.0, 1.0), (-1.0, 1.0, 1.0), (1.0, 1.0, 1.0), (-1.0, 1.0, 1.0)) -1.2063822746276855
17 ((-1.0, -1.0, -1.0), (1.0, 1.0, 1.0), (-1.0, 1.0, 1.0), (1.0, -1.0, -1.0), (1.0, 1.0, 1.0), (-1.0, 1.0, 1.0), (1.0, 1.0, 1.0), (1.0, -1.0, -1.0)) -1.1139836311340332
18 ((-1.0, -1.0, -1.0), (1.0, 1.0, 1.0), (-1.0, 1.0, 1.0), (1.0, -1.0, -1.0), (1.0, 1.0, 1.0), (-1.0, 1.0, 1.0), (1.0, -1.0, -1.0)) -0.9066945314407349
19 ((-1.0, -1.0, -1.0), (1.0, 1.0, 1.0), (-1.0, 1.0, 1.0), (1.0, -1.0, -1.0), (1.0, 1.0, 1.0), (-1.0, 1.0, 1.0), (1.0, -1.0, -1.0), (1.0, 1.0, 1.0)) -1.2502336502075195
20 ((-1.0, -1.0, -1.0), (1.0, 1.0, 1.0), (-1.0, 1.0, 1.0), (1.0, -1.0, -1.0), (1.0, 1.0, 1.0), (-1.0, 1.0, 1.0), (1.0, -1.0, -1.0), (-1.0, 1.0, 1.0)) -1.2550307512283325
21 ((-1.0, -1.0, -1.0), (1.0, 1.0, 1.0), (1.0, 1.0, 1.0)) -0.37705767154693604
22 ((-1.0, -1.0, -1.0), (1.0, 1.0, 1.0), (1.0, -1.0, -1.0), (-1.0, 1.0, 1.0)) -0.04087620973587036
23 ((-1.0, -1.0, -1.0), (1.0, 1.0, 1.0), (1.0, -1.0, -1.0), (-1.0, 1.0, 1.0), (1.0, 1.0, 1.0)) -0.484488844871521
24 ((-1.0, -1.0, -1.0), (1.0, -1.0, -1.0), (1.0, 1.0, 1.0)) -0.08398067951202393
25 ((-1.0, -1.0, -1.0), (1.0, 1.0, 1.0), (-1.0, 1.0, 1.0), (1.0, -1.0, -1.0), (1.0, 1.0, 1.0), (1.0, -1.0, -1.0)) -0.6265571713447571
26 ((-1.0, -1.0, -1.0), (1.0, 1.0, 1.0), (-1.0, 1.0, 1.0), (1.0, -1.0, -1.0), (1.0, 1.0, 1.0), (1.0, -1.0, -1.0), (1.0, 1.0, 1.0)) -0.9901001453399658
27 ((-1.0, -1.0, -1.0), (1.0, 1.0, 1.0), (-1.0, 1.0, 1.0), (1.0, -1.0, -1.0), (1.0, 1.0, 1.0), (1.0, -1.0, -1.0), (1.0, 1.0, 1.0), (1.0, 1.0, 1.0)) -1.3841400146484375
28 ((-1.0, -1.0, -1.0), (1.0, 1.0, 1.0), (-1.0, 1.0, 1.0), (1.0, -1.0, -1.0), (1.0, 1.0, 1.0), (1.0, -1.0, -1.0), (1.0, 1.0, 1.0), (-1.0, 1.0, 1.0)) -1.0873408317565918
29 ((-1.0, -1.0, -1.0), (1.0, 1.0, 1.0), (-1.0, 1.0, 1.0), (1.0, -1.0, -1.0), (1.0, 1.0, 1.0), (1.0, -1.0, -1.0), (1.0, 1.0, 1.0), (1.0, -1.0, -1.0)) -0.9620107412338257
30 ((-1.0, -1.0, -1.0), (-1.0, 1.0, 1.0), (1.0, 1.0, 1.0)) -0.002449214458465576
31 ((-1.0, -1.0, -1.0), (1.0, 1.0, 1.0), (1.0, 1.0, 1.0), (1.0, 1.0, 1.0)) -0.8195191621780396
32 ((-1.0, -1.0, -1.0), (1.0, 1.0, 1.0), (1.0, 1.0, 1.0), (1.0, 1.0, 1.0), (1.0, 1.0, 1.0)) -1.1661064624786377
33 ((-1.0, -1.0, -1.0), (1.0, 1.0, 1.0), (1.0, 1.0, 1.0), (1.0, 1.0, 1.0), (1.0, 1.0, 1.0), (1.0, 1.0, 1.0)) -1.483778476715088
34 ((-1.0, -1.0, -1.0), (1.0, 1.0, 1.0), (1.0, 1.0, 1.0), (1.0, 1.0, 1.0), (1.0, 1.0, 1.0), (1.0, 1.0, 1.0), (1.0, -1.0, -1.0)) -1.5407928228378296
Contact sequence search time: 55.555298452993156
['pregrasp', 'turn', 'turn', 'turn', 'turn', 'turn', 'thumb_middle']
0 pregrasp
Sampling time 1.6211088559939526
Solve time for step 35.13785457611084
Solve time for step 8.590815782546997
Solve time for step 8.24336552619934
Solve time for step 7.869269609451294
Solve time for step 7.765497922897339
Solve time for step 7.581940174102783
Solve time for step 7.118098735809326
Solve time for step 6.8272106647491455
Solve time for step 6.5532824993133545
Solve time for step 6.3495237827301025
Solve time for step 6.268403053283691
Solve time for step 5.930817127227783
Solve time for step 5.734917879104614
Solve time for step 5.547730207443237
Solve time for step 5.529040575027466
3 ((-1.0, -1.0, -1.0), (1.0, 1.0, 1.0)) -0.419134259223938
4 ((-1.0, -1.0, -1.0), (1.0, 1.0, 1.0), (1.0, -1.0, -1.0)) -0.6044367551803589
5 ((-1.0, -1.0, -1.0), (1.0, 1.0, 1.0), (1.0, -1.0, -1.0), (1.0, 1.0, 1.0)) -0.9422818422317505
6 ((-1.0, -1.0, -1.0), (1.0, 1.0, 1.0), (1.0, -1.0, -1.0), (1.0, 1.0, 1.0), (1.0, 1.0, 1.0)) -1.2357991933822632
7 ((-1.0, -1.0, -1.0), (1.0, 1.0, 1.0), (1.0, -1.0, -1.0), (1.0, 1.0, 1.0), (1.0, 1.0, 1.0), (1.0, -1.0, -1.0)) -1.5026311874389648
Contact sequence search time: 11.693375480012037
['turn', 'thumb_middle', 'turn', 'turn', 'thumb_middle']
1 turn
Sampling time 1.6049583550193347
Solve time for step 106.9223883152008
Solve time for step 24.353477478027344
Solve time for step 21.476789712905884
Solve time for step 18.86553454399109
Solve time for step 17.514812707901
Solve time for step 15.377581357955933
Solve time for step 13.929287910461426
Solve time for step 12.897327661514282
Solve time for step 11.752585887908936
Solve time for step 10.879814386367798
Solve time for step 10.213057041168213
Solve time for step 9.500915765762329
Solve time for step 9.101207494735718
Solve time for step 8.820207357406616
Solve time for step 8.544793844223022
3 ((1.0, 1.0, 1.0), (1.0, -1.0, -1.0)) -0.7395617961883545
4 ((1.0, 1.0, 1.0), (1.0, -1.0, -1.0), (1.0, 1.0, 1.0)) -1.154152274131775
5 ((1.0, 1.0, 1.0), (1.0, -1.0, -1.0), (1.0, 1.0, 1.0), (1.0, 1.0, 1.0)) -1.5663280487060547
Contact sequence search time: 7.177415472979192
['thumb_middle', 'turn', 'turn']
2 thumb_middle
Sampling time 1.639090258977376
Solve time for step 51.83306312561035
Solve time for step 12.644492387771606
Solve time for step 11.619500398635864
Solve time for step 11.228614807128906
Solve time for step 10.714605331420898
Solve time for step 10.221374034881592
Solve time for step 9.692819118499756
Solve time for step 9.303101062774658
Solve time for step 8.992921829223633
Solve time for step 8.694279193878174
Solve time for step 8.335625410079956
Solve time for step 7.997073411941528
Solve time for step 7.922379016876221
Solve time for step 7.56781005859375
Solve time for step 7.1892616748809814
3 ((1.0, -1.0, -1.0), (1.0, 1.0, 1.0)) -0.7875632643699646
4 ((1.0, -1.0, -1.0), (1.0, 1.0, 1.0), (1.0, 1.0, 1.0)) -1.3841619491577148
5 ((1.0, -1.0, -1.0), (1.0, 1.0, 1.0), (1.0, 1.0, 1.0), (-1.0, 1.0, 1.0)) -1.4609973430633545
6 ((1.0, -1.0, -1.0), (1.0, 1.0, 1.0), (1.0, 1.0, 1.0), (-1.0, 1.0, 1.0), (1.0, 1.0, 1.0)) -1.7377821207046509
Contact sequence search time: 9.551551534997998
['turn', 'turn', 'index', 'turn']
3 turn
Sampling time 1.663916360004805
Solve time for step 106.24374175071716
Solve time for step 24.121910095214844
Solve time for step 21.382824897766113
Solve time for step 18.7651526927948
Solve time for step 17.292340755462646
Solve time for step 15.449000597000122
Solve time for step 13.924896717071533
Solve time for step 12.916646957397461
Solve time for step 11.744896173477173
Solve time for step 10.841157913208008
Solve time for step 10.325244426727295
Solve time for step 9.56962776184082
Solve time for step 8.987557888031006
Solve time for step 8.834223747253418
Solve time for step 8.44338059425354
3 ((1.0, 1.0, 1.0), (1.0, -1.0, -1.0)) -0.8364218473434448
4 ((1.0, 1.0, 1.0), (1.0, -1.0, -1.0), (1.0, 1.0, 1.0)) -1.2514863014221191
5 ((1.0, 1.0, 1.0), (1.0, -1.0, -1.0), (1.0, 1.0, 1.0), (-1.0, 1.0, 1.0)) -1.2973052263259888
6 ((1.0, 1.0, 1.0), (1.0, -1.0, -1.0), (1.0, 1.0, 1.0), (-1.0, 1.0, 1.0), (1.0, 1.0, 1.0)) -1.7733749151229858
Contact sequence search time: 9.607273982983315
['thumb_middle', 'turn', 'index', 'turn']
4 thumb_middle
Sampling time 1.6624339380068704
Solve time for step 51.68465185165405
Solve time for step 12.544891357421875
Solve time for step 11.712749719619751
Solve time for step 11.08794116973877
Solve time for step 10.567397117614746
Solve time for step 10.054267406463623
Solve time for step 9.562037229537964
Solve time for step 9.158033609390259
Solve time for step 8.740083932876587
Solve time for step 8.533905267715454
Solve time for step 8.023058652877808
Solve time for step 7.79262638092041
Solve time for step 7.675220012664795
Solve time for step 7.483805418014526
Solve time for step 7.112319707870483
3 ((1.0, -1.0, -1.0), (1.0, 1.0, 1.0)) -1.1022939682006836
4 ((1.0, -1.0, -1.0), (1.0, 1.0, 1.0), (1.0, 1.0, 1.0)) -1.5033341646194458
Contact sequence search time: 4.654883551003877
['turn', 'turn']
5 turn
Sampling time 1.598314503004076
Solve time for step 107.06767630577087
Solve time for step 24.349997997283936
Solve time for step 21.368669986724854
Solve time for step 18.886639833450317
Solve time for step 17.244215488433838
Solve time for step 15.403192043304443
Solve time for step 13.885750532150269
Solve time for step 12.726127624511719
Solve time for step 11.707383155822754
Solve time for step 10.6519615650177
Solve time for step 10.223743677139282
Solve time for step 9.435243129730225
Solve time for step 9.059701919555664
Solve time for step 8.718140602111816
Solve time for step 8.395756959915161
3 ((1.0, 1.0, 1.0), (1.0, -1.0, -1.0)) -0.9475769400596619
4 ((1.0, 1.0, 1.0), (1.0, -1.0, -1.0), (1.0, 1.0, 1.0)) -1.3235533237457275
5 ((1.0, 1.0, 1.0), (-1.0, 1.0, 1.0)) -0.7512749433517456
6 ((1.0, 1.0, 1.0), (-1.0, 1.0, 1.0), (1.0, 1.0, 1.0)) -1.1932199001312256
7 ((1.0, 1.0, 1.0), (1.0, -1.0, -1.0), (-1.0, 1.0, 1.0)) -1.1005860567092896
8 ((1.0, 1.0, 1.0), (1.0, 1.0, 1.0)) -1.1846089363098145
9 ((1.0, 1.0, 1.0), (1.0, 1.0, 1.0), (1.0, 1.0, 1.0)) -1.873953938484192
Contact sequence search time: 9.597696051991079
['turn', 'turn']
6 turn
Sampling time 1.6480459880258422
Solve time for step 106.54531860351562
Solve time for step 24.159499168395996
Solve time for step 21.324164390563965
Solve time for step 18.752556324005127
Solve time for step 17.340909481048584
Solve time for step 15.361992835998535
Solve time for step 13.831599950790405
Solve time for step 12.627197504043579
Solve time for step 11.557898044586182
Solve time for step 10.645274639129639
Solve time for step 10.295916557312012
Solve time for step 9.534476041793823
Solve time for step 9.048667669296265
Solve time for step 8.706234455108643
Solve time for step 8.435189962387085
3 ((1.0, 1.0, 1.0), (1.0, -1.0, -1.0)) -1.3482550382614136
4 ((1.0, 1.0, 1.0), (1.0, 1.0, 1.0)) -1.4415863752365112
5 ((1.0, 1.0, 1.0), (-1.0, 1.0, 1.0)) -1.1848764419555664
Contact sequence search time: 2.3584704009990674
No contact sequence found
['turn']
7 turn
Sampling time 1.6182917630067095
Solve time for step 107.94410443305969
Solve time for step 24.7419855594635
Solve time for step 21.550734758377075
Solve time for step 19.01995301246643
Solve time for step 17.632869720458984
Solve time for step 15.424973011016846
Solve time for step 13.884225130081177
Solve time for step 12.78473162651062
Solve time for step 11.633633852005005
Solve time for step 10.73047661781311
Solve time for step 10.201483964920044
Solve time for step 9.537112951278687
Solve time for step 9.192995548248291
Solve time for step 8.714288711547852
Solve time for step 8.358206510543823
csvgd, Average time per step: 0.0
{}
[ models/temporal ] Channel dimensions: [(36, 128), (128, 256), (256, 512)]
[ models/temporal ] Channel dimensions: [(36, 128), (128, 256), (256, 512)]
[ models/temporal ] Channel dimensions: [(36, 128), (128, 256), (256, 512)]
2048
4 128 4
Loaded trajectory sampler
3 ((-1.0, -1.0, -1.0),) -0.0005020499229431152
4 ((-1.0, -1.0, -1.0), (1.0, 1.0, 1.0)) -0.031106114387512207
5 ((-1.0, -1.0, -1.0), (1.0, 1.0, 1.0), (-1.0, 1.0, 1.0)) -0.07165241241455078
6 ((-1.0, -1.0, -1.0), (1.0, 1.0, 1.0), (1.0, -1.0, -1.0)) -0.04400074481964111
7 ((-1.0, -1.0, -1.0), (-1.0, 1.0, 1.0)) -0.02591836452484131
8 ((-1.0, -1.0, -1.0), (1.0, -1.0, -1.0)) -0.029118001461029053
9 ((-1.0, -1.0, -1.0), (-1.0, 1.0, 1.0), (1.0, 1.0, 1.0)) -0.39195704460144043
10 ((-1.0, -1.0, -1.0), (1.0, 1.0, 1.0), (-1.0, 1.0, 1.0), (1.0, 1.0, 1.0)) -0.05741226673126221
11 ((-1.0, -1.0, -1.0), (1.0, 1.0, 1.0), (1.0, -1.0, -1.0), (1.0, 1.0, 1.0)) -0.01287996768951416
12 ((-1.0, -1.0, -1.0), (1.0, 1.0, 1.0), (-1.0, 1.0, 1.0), (1.0, -1.0, -1.0)) -0.0429154634475708
13 ((-1.0, -1.0, -1.0), (-1.0, 1.0, 1.0), (1.0, 1.0, 1.0), (1.0, 1.0, 1.0)) -0.8012614846229553
14 ((-1.0, -1.0, -1.0), (-1.0, 1.0, 1.0), (1.0, 1.0, 1.0), (1.0, 1.0, 1.0), (1.0, 1.0, 1.0)) -1.0584018230438232
15 ((-1.0, -1.0, -1.0), (-1.0, 1.0, 1.0), (1.0, 1.0, 1.0), (1.0, 1.0, 1.0), (1.0, 1.0, 1.0), (1.0, 1.0, 1.0)) -1.3637030124664307
16 ((-1.0, -1.0, -1.0), (-1.0, 1.0, 1.0), (1.0, 1.0, 1.0), (1.0, 1.0, 1.0), (1.0, 1.0, 1.0), (1.0, 1.0, 1.0), (-1.0, 1.0, 1.0)) -1.3619989156723022
17 ((-1.0, -1.0, -1.0), (-1.0, 1.0, 1.0), (1.0, 1.0, 1.0), (1.0, 1.0, 1.0), (1.0, 1.0, 1.0), (1.0, 1.0, 1.0), (-1.0, 1.0, 1.0), (1.0, 1.0, 1.0)) -1.4319812059402466
18 ((-1.0, -1.0, -1.0), (-1.0, 1.0, 1.0), (1.0, 1.0, 1.0), (1.0, 1.0, 1.0), (1.0, 1.0, 1.0), (1.0, 1.0, 1.0), (-1.0, 1.0, 1.0), (-1.0, 1.0, 1.0)) -1.3720712661743164
19 ((-1.0, -1.0, -1.0), (-1.0, 1.0, 1.0), (1.0, 1.0, 1.0), (1.0, 1.0, 1.0), (1.0, 1.0, 1.0), (1.0, 1.0, 1.0), (1.0, 1.0, 1.0)) -1.3585102558135986
20 ((-1.0, -1.0, -1.0), (-1.0, 1.0, 1.0), (1.0, 1.0, 1.0), (1.0, 1.0, 1.0), (1.0, 1.0, 1.0), (1.0, 1.0, 1.0), (1.0, 1.0, 1.0), (1.0, 1.0, 1.0)) -1.5797443389892578
Contact sequence search time: 37.785830759006785
['pregrasp', 'index', 'turn', 'turn', 'turn', 'turn', 'turn', 'turn']
0 pregrasp
Sampling time 1.6728994899895042
Solve time for step 35.681241273880005
Solve time for step 8.724273204803467
Solve time for step 8.392917156219482
Solve time for step 8.045274257659912
Solve time for step 7.757965326309204
Solve time for step 7.453720808029175
Solve time for step 7.231045722961426
Solve time for step 6.957775592803955
Solve time for step 6.722953796386719
Solve time for step 6.6160972118377686
Solve time for step 6.339994430541992
Solve time for step 6.032276391983032
Solve time for step 5.8293538093566895
Solve time for step 5.606653928756714
Solve time for step 5.616701602935791
3 ((-1.0, -1.0, -1.0), (1.0, 1.0, 1.0)) -0.5273110270500183
4 ((-1.0, -1.0, -1.0), (1.0, 1.0, 1.0), (1.0, -1.0, -1.0)) -0.5539703965187073
5 ((-1.0, -1.0, -1.0), (1.0, 1.0, 1.0), (1.0, -1.0, -1.0), (1.0, 1.0, 1.0)) -0.9278980493545532
6 ((-1.0, -1.0, -1.0), (1.0, 1.0, 1.0), (1.0, -1.0, -1.0), (1.0, 1.0, 1.0), (1.0, 1.0, 1.0)) -1.2807012796401978
7 ((-1.0, -1.0, -1.0), (1.0, 1.0, 1.0), (1.0, -1.0, -1.0), (1.0, 1.0, 1.0), (1.0, 1.0, 1.0), (1.0, 1.0, 1.0)) -1.6015970706939697
Contact sequence search time: 12.071638465975411
['turn', 'thumb_middle', 'turn', 'turn', 'turn']
1 turn
Sampling time 1.6863107619865332
Solve time for step 108.10340619087219
Solve time for step 24.60620927810669
Solve time for step 21.629617929458618
Solve time for step 19.003946781158447
Solve time for step 17.383237600326538
Solve time for step 15.416359186172485
Solve time for step 13.902337074279785
Solve time for step 12.84648871421814
Solve time for step 11.728910446166992
Solve time for step 10.758231401443481
Solve time for step 10.166990041732788
Solve time for step 9.590900659561157
Solve time for step 9.145950555801392
Solve time for step 8.542285919189453
Solve time for step 8.254035472869873
3 ((1.0, 1.0, 1.0), (1.0, -1.0, -1.0)) -0.4341641664505005
4 ((1.0, 1.0, 1.0), (-1.0, 1.0, 1.0)) -0.4162387549877167
5 ((1.0, 1.0, 1.0), (1.0, -1.0, -1.0), (1.0, 1.0, 1.0)) -0.8459680080413818
6 ((1.0, 1.0, 1.0), (1.0, -1.0, -1.0), (1.0, 1.0, 1.0), (1.0, 1.0, 1.0)) -1.2273938655853271
7 ((1.0, 1.0, 1.0), (1.0, -1.0, -1.0), (1.0, 1.0, 1.0), (1.0, 1.0, 1.0), (1.0, 1.0, 1.0)) -1.478081226348877
8 ((1.0, 1.0, 1.0), (1.0, -1.0, -1.0), (1.0, 1.0, 1.0), (1.0, 1.0, 1.0), (1.0, 1.0, 1.0), (-1.0, 1.0, 1.0)) -1.5213918685913086
Contact sequence search time: 14.167563216004055
['thumb_middle', 'turn', 'turn', 'turn', 'index']
2 thumb_middle
Sampling time 1.6337769990204833
Solve time for step 51.35134220123291
Solve time for step 12.534900188446045
Solve time for step 11.498924732208252
Solve time for step 11.002224445343018
Solve time for step 10.615610599517822
Solve time for step 10.022587537765503
Solve time for step 9.588239431381226
Solve time for step 9.149451732635498
Solve time for step 8.856424331665039
Solve time for step 8.482216835021973
Solve time for step 8.152061939239502
Solve time for step 7.9518959522247314
Solve time for step 7.6984076499938965
Solve time for step 7.462265968322754
Solve time for step 7.176414489746094
3 ((1.0, -1.0, -1.0), (1.0, 1.0, 1.0)) -0.6103179454803467
4 ((1.0, -1.0, -1.0), (-1.0, 1.0, 1.0)) -0.339957058429718
5 ((1.0, -1.0, -1.0), (-1.0, 1.0, 1.0), (1.0, 1.0, 1.0)) -0.8438974618911743
6 ((1.0, -1.0, -1.0), (1.0, 1.0, 1.0), (1.0, -1.0, -1.0)) -0.7136104106903076
7 ((1.0, -1.0, -1.0), (1.0, 1.0, 1.0), (1.0, -1.0, -1.0), (1.0, 1.0, 1.0)) -1.0666425228118896
8 ((1.0, -1.0, -1.0), (1.0, 1.0, 1.0), (1.0, -1.0, -1.0), (1.0, 1.0, 1.0), (1.0, 1.0, 1.0)) -1.584296703338623
Contact sequence search time: 14.430032165982993
['turn', 'thumb_middle', 'turn', 'turn']
3 turn
Sampling time 1.671641079010442
Solve time for step 106.9890525341034
Solve time for step 24.29762315750122
Solve time for step 21.58086919784546
Solve time for step 18.843374729156494
Solve time for step 17.47702193260193
Solve time for step 15.500234365463257
Solve time for step 13.918167114257812
Solve time for step 12.822508335113525
Solve time for step 11.732845067977905
Solve time for step 10.689039945602417
Solve time for step 10.173746585845947
Solve time for step 9.672732591629028
Solve time for step 9.182937145233154
Solve time for step 8.811042308807373
Solve time for step 8.443503618240356
3 ((1.0, 1.0, 1.0), (1.0, -1.0, -1.0)) -0.8037310838699341
4 ((1.0, 1.0, 1.0), (-1.0, 1.0, 1.0)) -0.6853034496307373
5 ((1.0, 1.0, 1.0), (-1.0, 1.0, 1.0), (1.0, 1.0, 1.0)) -1.3464150428771973
6 ((1.0, 1.0, 1.0), (-1.0, 1.0, 1.0), (1.0, 1.0, 1.0), (1.0, 1.0, 1.0)) -1.6710782051086426
Contact sequence search time: 9.351057797990507
['index', 'turn', 'turn']
4 index
Sampling time 1.6241122100036591
Solve time for step 76.90105986595154
Solve time for step 18.149303674697876
Solve time for step 16.317765474319458
Solve time for step 15.3334321975708
Solve time for step 14.012854099273682
Solve time for step 13.162415504455566
Solve time for step 12.397777318954468
Solve time for step 11.676562070846558
Solve time for step 10.805727481842041
Solve time for step 10.583908557891846
Solve time for step 10.057339906692505
Solve time for step 9.652606010437012
Solve time for step 9.148122549057007
Solve time for step 8.850706815719604
Solve time for step 8.726564407348633
3 ((-1.0, 1.0, 1.0), (1.0, 1.0, 1.0)) -1.0436642169952393
4 ((-1.0, 1.0, 1.0), (1.0, 1.0, 1.0), (1.0, 1.0, 1.0)) -1.5551607608795166
Contact sequence search time: 4.740000849007629
['turn', 'turn']
5 turn
Sampling time 1.6251145399874076
Solve time for step 107.99392175674438
Solve time for step 24.41839075088501
Solve time for step 21.705963611602783
Solve time for step 18.97124934196472
Solve time for step 17.481935739517212
Solve time for step 15.296367883682251
Solve time for step 13.944563388824463
Solve time for step 12.866036891937256
Solve time for step 11.728890895843506
Solve time for step 10.710766553878784
Solve time for step 10.265079498291016
Solve time for step 9.554267168045044
Solve time for step 9.232759714126587
Solve time for step 8.841151475906372
Solve time for step 8.448095560073853
3 ((1.0, 1.0, 1.0), (1.0, -1.0, -1.0)) -1.1046571731567383
4 ((1.0, 1.0, 1.0), (1.0, -1.0, -1.0), (1.0, 1.0, 1.0)) -1.437268614768982
5 ((1.0, 1.0, 1.0), (-1.0, 1.0, 1.0)) -0.8516011238098145
6 ((1.0, 1.0, 1.0), (-1.0, 1.0, 1.0), (1.0, 1.0, 1.0)) -1.4794543981552124
7 ((1.0, 1.0, 1.0), (1.0, -1.0, -1.0), (-1.0, 1.0, 1.0)) -1.1278398036956787
8 ((1.0, 1.0, 1.0), (-1.0, 1.0, 1.0), (1.0, -1.0, -1.0)) -0.9679603576660156
9 ((1.0, 1.0, 1.0), (1.0, -1.0, -1.0), (1.0, -1.0, -1.0)) -1.160060167312622
10 ((1.0, 1.0, 1.0), (1.0, 1.0, 1.0)) -0.8674587607383728
11 ((1.0, 1.0, 1.0), (1.0, 1.0, 1.0), (1.0, 1.0, 1.0)) -1.329704999923706
12 ((1.0, 1.0, 1.0), (1.0, 1.0, 1.0), (1.0, -1.0, -1.0)) -1.119166612625122
13 ((1.0, 1.0, 1.0), (-1.0, 1.0, 1.0), (-1.0, 1.0, 1.0)) -0.9014149308204651
14 ((1.0, 1.0, 1.0), (1.0, 1.0, 1.0), (-1.0, 1.0, 1.0)) -0.8306854367256165
Contact sequence search time: 9.648023383022519
No contact sequence found
['turn']
6 turn
Sampling time 1.7194027229852509
Solve time for step 108.06940507888794
Solve time for step 24.620402812957764
Solve time for step 21.693426609039307
Solve time for step 18.947087049484253
Solve time for step 17.327547788619995
Solve time for step 15.395990371704102
Solve time for step 14.033743381500244
Solve time for step 12.916979551315308
Solve time for step 11.695884466171265
Solve time for step 10.760493993759155
Solve time for step 10.142149209976196
Solve time for step 9.696108102798462
Solve time for step 9.058672666549683
Solve time for step 8.707758665084839
Solve time for step 8.428074598312378
3 ((1, 1, 1), (1.0, -1.0, -1.0)) -1.232616901397705
4 ((1, 1, 1), (-1.0, 1.0, 1.0)) -1.0335489511489868
5 ((1, 1, 1), (1.0, 1.0, 1.0)) -1.2366752624511719
Contact sequence search time: 2.379762386000948
No contact sequence found
Planner thinks task is complete
['pregrasp', 'turn', 'thumb_middle', 'turn', 'index', 'turn', 'turn']
csvgd, Average time per step: 0.0
{}
