Importing module 'gym_38' (/home/abhinav/Documents/isaacgym/python/isaacgym/_bindings/linux-x86_64/gym_38.so)
Setting GYM_USD_PLUG_INFO_PATH to /home/abhinav/Documents/isaacgym/python/isaacgym/_bindings/linux-x86_64/usd/plugInfo.json
PyTorch version 2.4.1+cu121
Device count 2
/home/abhinav/Documents/isaacgym/python/isaacgym/_bindings/src/gymtorch
ninja: no work to do.
No ROS install found, continuing
CCAI_PATH /home/abhinav/Documents/ccai
Not connected to PVD
Physics Engine: PhysX
Physics Device: cpu
GPU Pipeline: disabled
Using VHACD cache directory '/home/abhinav/.isaacgym/vhacd'
Found existing convex decomposition for mesh '/home/abhinav/Documents/github/isaacgym-arm-envs/isaac_victor_envs/assets/xela_models/mesh/allegro/base_ns.stl'
Found existing convex decomposition for mesh '/home/abhinav/Documents/github/isaacgym-arm-envs/isaac_victor_envs/assets/xela_models/mesh/allegro/link_1.0.stl'
Found existing convex decomposition for mesh '/home/abhinav/Documents/github/isaacgym-arm-envs/isaac_victor_envs/assets/xela_models/mesh/ft_c.stl'
[ models/temporal ] Channel dimensions: [(37, 128), (128, 256), (256, 512)]
[ models/temporal ] Channel dimensions: [(37, 128), (128, 256), (256, 512)]
[ models/temporal ] Channel dimensions: [(37, 128), (128, 256), (256, 512)]
2048
4 128 4
[ models/temporal ] Channel dimensions: [(37, 128), (128, 256), (256, 512)]
[ models/temporal ] Channel dimensions: [(37, 128), (128, 256), (256, 512)]

Trial 1
No action perturbation this trial
Loaded trajectory sampler
Current yaw: tensor([ 0.0123,  0.0127, -1.2297], device='cuda:0')
Current yaw: tensor([ 0.0123,  0.0127, -1.2297], device='cuda:0')
1 turn
Likelihood: -93.36257934570312
Sampling time 3.6963875889778137
tensor([ 0.1408,  0.5643,  0.6186,  0.6105, -0.0840,  0.5186,  0.8885,  0.8782,
         1.2139,  0.2907,  0.2560,  1.2167,  0.0123,  0.0127, -1.2297, -0.0730],
       device='cuda:0')
Solve time for step 1 (global step 0) 20.175603880081326
Current ori: tensor([ 0.0123,  0.0127, -1.2297], device='cuda:0')
Middle force: tensor([1.8268, 0.8280, 0.7904, 1.1934, 0.8425, 0.7777, 0.8840, 0.7882, 0.8072,
        0.7698, 0.8155, 0.7769], device='cuda:0')
Thumb force: tensor([1.0629, 0.8804, 1.5704, 1.1224, 0.8556, 1.0538, 0.8379, 0.8443, 1.7423,
        0.9616, 0.7624, 0.9267], device='cuda:0')
Index force: tensor([0.7808, 0.7899, 0.8372, 0.7775, 0.8099, 0.7791, 0.8488, 0.9811, 0.8452,
        0.9080, 0.8089, 0.9214], device='cuda:0')
Applying force: tensor([[-0.0734,  0.1377,  0.0676,  0.1618,  0.0623, -0.0838]])
tensor([ 1.4346e-01,  5.6556e-01,  6.1103e-01,  6.2830e-01, -8.0908e-02,
         4.5200e-01,  9.3693e-01,  1.0116e+00,  1.2744e+00,  2.3198e-01,
         2.5477e-01,  1.1049e+00,  1.8191e-02, -9.7264e-04, -1.4312e+00,
         4.3612e-01], device='cuda:0')
Likelihood: -114.3685302734375
Solve time for step 2 (global step 1) 5.459131720010191
Current ori: tensor([ 1.8191e-02, -9.7264e-04, -1.4312e+00], device='cuda:0')
Middle force: tensor([0.8261, 0.7887, 1.1897, 0.8422, 0.7769, 0.8777, 0.7880, 0.8050, 0.7703,
        0.8129, 0.7768], device='cuda:0')
Thumb force: tensor([0.8639, 1.5294, 1.0956, 0.8410, 1.0274, 0.8317, 0.8281, 1.7018, 0.9339,
        0.7601, 0.9063], device='cuda:0')
Index force: tensor([0.7860, 0.8307, 0.7746, 0.8060, 0.7770, 0.8421, 0.9787, 0.8410, 0.9023,
        0.8053, 0.9147], device='cuda:0')
Applying force: tensor([[ 0.1141, -0.1564,  0.1135, -0.3435,  0.7119, -0.1831]])
tensor([ 0.1176,  0.5570,  0.6064,  0.6444, -0.1468,  0.4158,  0.9435,  1.0313,
         1.3852,  0.1963,  0.2470,  1.0596,  0.1592,  0.0487, -0.8889,  0.0214],
       device='cuda:0')
Likelihood: -118.75439453125
Solve time for step 3 (global step 2) 5.304637758992612
Current ori: tensor([ 0.1592,  0.0487, -0.8889], device='cuda:0')
Middle force: tensor([0.8989, 0.7550, 0.8376, 0.8221, 0.7909, 0.7677, 0.8555, 0.7930, 0.7682,
        0.7512], device='cuda:0')
Thumb force: tensor([0.8093, 0.9443, 0.7529, 0.8361, 0.8642, 0.8613, 0.8559, 0.8793, 0.9735,
        0.7772], device='cuda:0')
Index force: tensor([0.8177, 0.7866, 0.8452, 0.8972, 0.9151, 0.9582, 0.8602, 0.9050, 0.7777,
        1.3245], device='cuda:0')
tensor([ 0.1063,  0.5656,  0.5744,  0.5317, -0.1186,  0.4373,  0.9545,  1.0537,
         1.4758,  0.1708,  0.3069,  0.9392,  0.1540,  0.0221, -0.9200,  0.3702],
       device='cuda:0')
Likelihood: -108.30209350585938
Solve time for step 4 (global step 3) 4.972899565007538
Current ori: tensor([ 0.1540,  0.0221, -0.9200], device='cuda:0')
Middle force: tensor([0.8049, 0.9549, 0.8918, 0.8080, 0.9071, 0.8049, 0.7915, 0.8445, 0.9535],
       device='cuda:0')
Thumb force: tensor([0.8847, 1.2698, 0.8068, 0.8769, 0.8123, 0.7703, 0.8317, 0.8819, 0.7981],
       device='cuda:0')
Index force: tensor([0.8778, 0.7699, 0.7911, 0.8482, 0.8157, 0.8157, 0.8162, 0.8129, 0.7840],
       device='cuda:0')
Applying force: tensor([[ 0.0958,  0.2750, -0.0219,  0.1038,  0.1606, -0.5470]])
tensor([ 0.1232,  0.5707,  0.5221,  0.5373, -0.0880,  0.4388,  1.0041,  1.0054,
         1.4623,  0.2729,  0.3450,  0.8513,  0.1768,  0.0135, -0.9439,  0.0677],
       device='cuda:0')
Likelihood: -142.64291381835938
Solve time for step 5 (global step 4) 4.666980891022831
Current ori: tensor([ 0.1768,  0.0135, -0.9439], device='cuda:0')
Middle force: tensor([0.9472, 0.8990, 0.8060, 0.9156, 0.7925, 0.7852, 0.8332, 0.9329],
       device='cuda:0')
Thumb force: tensor([1.2517, 0.8000, 0.8890, 0.8081, 0.7739, 0.8319, 0.8758, 0.7939],
       device='cuda:0')
Index force: tensor([0.7690, 0.7861, 0.8449, 0.8029, 0.8068, 0.8106, 0.8083, 0.7776],
       device='cuda:0')
Applying force: tensor([[ 0.2230,  0.1864, -0.0615,  0.2128, -0.0875,  0.4220]])
tensor([ 0.1807,  0.5987,  0.5305,  0.6085, -0.0639,  0.4549,  1.0565,  1.0116,
         1.5000,  0.1093,  0.3189,  0.8013,  0.2415, -0.1020, -0.9529, -0.9803],
       device='cuda:0')
Likelihood: -310.5367431640625
State is out of distribution
Final likelihood: tensor([ -66.2692,  -71.5098,  -74.6430,  -77.6858,  -78.0077,  -80.7564,
         -84.6251,  -90.7925,  -91.7302,  -92.2580,  -95.1630,  -95.2238,
        -102.3490, -105.4373, -107.0411, -112.5889], device='cuda:0',
       grad_fn=<IndexBackward0>)
Final likelihood: tensor([ -66.2692,  -71.5098,  -74.6430,  -77.6858,  -78.0077,  -80.7564,
         -84.6251,  -90.7925,  -91.7302,  -92.2580,  -95.1630,  -95.2238,
        -102.3490, -105.4373, -107.0411, -112.5889], device='cuda:0',
       grad_fn=<IndexBackward0>)
1 mode projection succeeded
New goal: tensor([ 0.1032,  0.3582,  0.7162,  0.8112, -0.0076,  0.5330,  0.6330,  1.1891,
         1.4449,  0.0735,  0.3098,  1.0314,  0.1060,  0.0024,  0.7058],
       device='cuda:0')
Likelihoods: tensor([-5.9550, -6.2656, -6.2842, -6.2961, -6.7405, -6.9881, -7.0001, -7.1558,
        -7.7901, -7.8892, -8.4050, -8.6373, -8.6546, -8.8059, -8.9118, -8.9788],
       device='cuda:0')
Contact modes ['thumb_middle' 'thumb_middle' 'thumb_middle' 'index' 'thumb_middle'
 'index' 'thumb_middle' 'thumb_middle' 'index' 'thumb_middle' 'index'
 'index' 'index' 'thumb_middle' 'thumb_middle' 'index']
Likelihood grouped mean: {'thumb_middle': 0.001099167811724997, 'index': 0.0005545186930700321}
Likelihood grouped sum: {'thumb_middle': 0.009892510305524974, 'index': 0.0038816308514902247}
Contact mode with highest likelihood sum: thumb_middle
Plan time: 2.125639090081677
Current yaw: tensor([ 0.2403, -0.1027, -0.9512], device='cuda:0')
2 thumb_middle
tensor([ 0.1803,  0.5999,  0.5302,  0.6085, -0.0641,  0.4551,  1.0567,  1.0117,
         1.5000,  0.1091,  0.3187,  0.8011,  0.2403, -0.1027, -0.9512, -0.9878],
       device='cuda:0')
Solve time for step 1 (global step 5) 9.959962239023298
Current ori: tensor([ 0.2403, -0.1027, -0.9512], device='cuda:0')
Index force: tensor([0.8619, 0.8370, 0.8352, 0.8150], device='cuda:0')
tensor([ 0.2277,  0.6644,  0.6770,  0.7080, -0.0084,  0.5530,  0.9655,  1.0555,
         1.4218,  0.0652,  0.2332,  0.8471,  0.3408, -0.2394, -0.9965,  0.5167],
       device='cuda:0')
Solve time for step 2 (global step 6) 2.759983483934775
Current ori: tensor([ 0.3408, -0.2394, -0.9965], device='cuda:0')
Index force: tensor([0.8295, 0.8278, 0.8088], device='cuda:0')
tensor([ 0.1458,  0.7493,  0.6977,  0.7616,  0.0805,  0.6465,  0.9262,  1.1321,
         1.3018,  0.0753,  0.2107,  0.8882,  0.3632, -0.3007, -0.8188, -0.8193],
       device='cuda:0')
Solve time for step 3 (global step 7) 2.778563654050231
Current ori: tensor([ 0.3632, -0.3007, -0.8188], device='cuda:0')
Index force: tensor([0.8168, 0.7977], device='cuda:0')
tensor([ 0.1333,  0.9247,  0.7133,  0.8714,  0.2491,  0.7869,  0.9264,  1.1560,
         1.1226,  0.0528,  0.2159,  0.9932,  0.3842, -0.3621, -0.6656, -2.0944],
       device='cuda:0')
Solve time for step 4 (global step 8) 2.4731605530250818
Current ori: tensor([ 0.3842, -0.3621, -0.6656], device='cuda:0')
Index force: tensor([0.8108], device='cuda:0')
Probably dropped the object
Likelihood: -294.431884765625
State is out of distribution
{}

Trial 2
No action perturbation this trial
Loaded trajectory sampler
Current yaw: tensor([ 0.0054,  0.0145, -2.9861], device='cuda:0')
Current yaw: tensor([ 0.0054,  0.0145, -2.9861], device='cuda:0')
1 turn
Likelihood: -91.69647216796875
Sampling time 3.8414720131549984
tensor([ 0.1411,  0.5889,  0.5902,  0.6022, -0.1196,  0.5401,  0.8909,  0.9529,
         1.2248,  0.2948,  0.2504,  1.1807,  0.0054,  0.0145, -2.9861, -0.0375],
       device='cuda:0')
Solve time for step 1 (global step 0) 20.45779096102342
Current ori: tensor([ 0.0054,  0.0145, -2.9861], device='cuda:0')
Middle force: tensor([1.6495, 0.9706, 0.7747, 1.7879, 0.8695, 0.7502, 0.8096, 0.9051, 0.9451,
        1.8355, 0.9269, 0.8181], device='cuda:0')
Thumb force: tensor([1.5428, 1.8212, 0.8106, 1.0953, 0.8855, 0.8104, 0.8271, 1.0970, 0.7549,
        0.9085, 0.8235, 0.8429], device='cuda:0')
Index force: tensor([0.7565, 0.7966, 0.9699, 0.7876, 0.8272, 1.0894, 0.8606, 0.7923, 0.8200,
        0.7465, 0.8516, 0.9264], device='cuda:0')
Applying force: tensor([[ 0.0667, -0.0537,  0.0396, -0.1654, -0.0106, -0.3332]])
tensor([ 0.1256,  0.6315,  0.5297,  0.5767, -0.0997,  0.7239,  0.7425,  0.6725,
         1.3082,  0.1507,  0.1663,  1.3944, -0.0081,  0.0056, -2.7096, -0.0895],
       device='cuda:0')
Likelihood: -140.27682495117188
Solve time for step 2 (global step 1) 5.485489320009947
Current ori: tensor([-0.0081,  0.0056, -2.7096], device='cuda:0')
Middle force: tensor([0.7515, 1.2575, 1.2765, 0.7504, 0.7819, 0.8550, 0.9481, 0.7867, 0.7727,
        0.7619, 0.8298], device='cuda:0')
Thumb force: tensor([0.8057, 1.1383, 0.9882, 0.9352, 0.8829, 0.7593, 1.1732, 0.8206, 0.8295,
        0.8704, 0.8684], device='cuda:0')
Index force: tensor([0.9775, 0.8328, 0.7651, 1.2017, 0.9025, 0.9442, 0.7517, 0.8362, 0.9095,
        0.9469, 0.8331], device='cuda:0')
tensor([ 1.4427e-01,  6.2653e-01,  5.5150e-01,  5.8556e-01, -1.2617e-01,
         7.0793e-01,  7.5604e-01,  8.0602e-01,  1.1243e+00,  4.3283e-01,
         2.6908e-01,  1.2752e+00, -6.8793e-03, -9.8027e-04, -2.8297e+00,
         2.8490e-02], device='cuda:0')
Likelihood: -169.553955078125
Solve time for step 3 (global step 2) 5.34839131613262
Current ori: tensor([-6.8793e-03, -9.8027e-04, -2.8297e+00], device='cuda:0')
Middle force: tensor([1.2222, 1.2515, 0.7507, 0.7766, 0.8444, 0.9386, 0.7794, 0.7670, 0.7586,
        0.8276], device='cuda:0')
Thumb force: tensor([1.1013, 0.9381, 0.9702, 0.8662, 0.7558, 1.1530, 0.8140, 0.8171, 0.8614,
        0.8531], device='cuda:0')
Index force: tensor([0.8166, 0.7600, 1.2195, 0.8888, 0.9298, 0.7507, 0.8269, 0.8998, 0.9308,
        0.8213], device='cuda:0')
Applying force: tensor([[ 0.1290,  0.1864, -0.0188, -0.1730, -0.1011,  0.0555]])
tensor([ 1.2947e-01,  6.0969e-01,  5.6742e-01,  5.6787e-01, -1.4993e-01,
         6.2736e-01,  8.1760e-01,  9.2785e-01,  1.2585e+00,  3.1711e-01,
         1.9855e-01,  1.2045e+00,  3.4599e-04,  9.0789e-03, -3.0145e+00,
         2.0001e-01], device='cuda:0')
Likelihood: -109.3812484741211
Solve time for step 4 (global step 3) 4.933668258832768
Current ori: tensor([ 3.4599e-04,  9.0789e-03, -3.0145e+00], device='cuda:0')
Middle force: tensor([1.2157, 0.7500, 0.7752, 0.8397, 0.9256, 0.7750, 0.7635, 0.7562, 0.8265],
       device='cuda:0')
Thumb force: tensor([0.9048, 0.9740, 0.8519, 0.7527, 1.1318, 0.8073, 0.8027, 0.8471, 0.8354],
       device='cuda:0')
Index force: tensor([0.7563, 1.2458, 0.8729, 0.9308, 0.7502, 0.8174, 0.8931, 0.9187, 0.8113],
       device='cuda:0')
tensor([ 1.2345e-01,  6.0997e-01,  5.7007e-01,  5.5032e-01, -1.4371e-01,
         6.6751e-01,  7.6111e-01,  8.8415e-01,  1.2704e+00,  2.9458e-01,
         1.8523e-01,  1.2291e+00, -1.8016e-03,  1.1420e-02, -2.9513e+00,
         1.5045e-01], device='cuda:0')
Likelihood: -120.121337890625
Solve time for step 5 (global step 4) 4.6634594078641385
Current ori: tensor([-1.8016e-03,  1.1420e-02, -2.9513e+00], device='cuda:0')
Middle force: tensor([0.7503, 0.7700, 0.8308, 0.9135, 0.7714, 0.7600, 0.7543, 0.8190],
       device='cuda:0')
Thumb force: tensor([0.9910, 0.8422, 0.7524, 1.1172, 0.8007, 0.7970, 0.8371, 0.8289],
       device='cuda:0')
Index force: tensor([1.2330, 0.8596, 0.9209, 0.7501, 0.8107, 0.8820, 0.9072, 0.8019],
       device='cuda:0')
tensor([ 0.1159,  0.6312,  0.5478,  0.5215, -0.1502,  0.6571,  0.7664,  0.8994,
         1.3020,  0.2641,  0.1844,  1.1843, -0.0078,  0.0153, -3.0183,  0.1505],
       device='cuda:0')
Likelihood: -126.45848083496094
Solve time for step 6 (global step 5) 4.378202747087926
Current ori: tensor([-0.0078,  0.0153, -3.0183], device='cuda:0')
Middle force: tensor([0.7677, 0.8308, 0.9067, 0.7686, 0.7577, 0.7530, 0.8170],
       device='cuda:0')
Thumb force: tensor([0.8285, 0.7507, 1.0926, 0.7941, 0.7869, 0.8260, 0.8155],
       device='cuda:0')
Index force: tensor([0.8460, 0.9242, 0.7500, 0.8019, 0.8752, 0.8973, 0.7938],
       device='cuda:0')
Applying force: tensor([[ 0.1443, -0.4409,  0.0566, -0.0589,  0.0755, -0.0693]])
tensor([ 0.1107,  0.6312,  0.5421,  0.5228, -0.1449,  0.6984,  0.7198,  0.8490,
         1.3290,  0.2163,  0.1479,  1.2429, -0.0087,  0.0167, -2.9468,  0.1199],
       device='cuda:0')
Likelihood: -135.89218139648438
Solve time for step 7 (global step 6) 4.1044467450119555
Current ori: tensor([-0.0087,  0.0167, -2.9468], device='cuda:0')
Middle force: tensor([0.8210, 0.9201, 0.7672, 0.7558, 0.7520, 0.8133], device='cuda:0')
Thumb force: tensor([0.7502, 1.0779, 0.7911, 0.7809, 0.8186, 0.8058], device='cuda:0')
Index force: tensor([0.9168, 0.7501, 0.7953, 0.8691, 0.8890, 0.7860], device='cuda:0')
Applying force: tensor([[ 0.1193, -0.0276,  0.0728,  0.1462,  0.0537, -0.1023]])
tensor([ 0.1105,  0.6407,  0.5352,  0.5093, -0.1368,  0.7524,  0.6686,  0.7912,
         1.3408,  0.1884,  0.1282,  1.2812, -0.0125,  0.0165, -2.8509, -0.0080],
       device='cuda:0')
Likelihood: -146.06948852539062
Solve time for step 8 (global step 7) 4.0176591069903225
Current ori: tensor([-0.0125,  0.0165, -2.8509], device='cuda:0')
Middle force: tensor([0.9082, 0.7671, 0.7553, 0.7515, 0.8108], device='cuda:0')
Thumb force: tensor([1.0468, 0.7904, 0.7735, 0.8092, 0.7970], device='cuda:0')
Index force: tensor([0.7501, 0.7899, 0.8747, 0.8869, 0.7809], device='cuda:0')
Applying force: tensor([[-0.0416,  0.1674,  0.0294, -0.0896,  0.1628, -0.2568]])
tensor([ 0.1113,  0.6468,  0.5299,  0.5013, -0.1377,  0.7517,  0.6647,  0.8021,
         1.2700,  0.2999,  0.1788,  1.2424, -0.0146,  0.0158, -2.8934,  0.0448],
       device='cuda:0')
Likelihood: -160.62774658203125
Solve time for step 9 (global step 8) 3.720368369948119
Current ori: tensor([-0.0146,  0.0158, -2.8934], device='cuda:0')
Middle force: tensor([0.7656, 0.7545, 0.7511, 0.8076], device='cuda:0')
Thumb force: tensor([0.7844, 0.7663, 0.8022, 0.7910], device='cuda:0')
Index force: tensor([0.7842, 0.8720, 0.8888, 0.7764], device='cuda:0')
Applying force: tensor([[-0.1821, -0.1802,  0.2779,  0.0472,  0.0760,  0.0707]])
tensor([ 0.1033,  0.6524,  0.5174,  0.4860, -0.1463,  0.7440,  0.6654,  0.8082,
         1.2799,  0.3001,  0.1964,  1.1956, -0.0184,  0.0212, -2.9453,  0.0369],
       device='cuda:0')
Likelihood: -165.19473266601562
Solve time for step 10 (global step 9) 3.7722763190977275
Current ori: tensor([-0.0184,  0.0212, -2.9453], device='cuda:0')
Middle force: tensor([0.7537, 0.7507, 0.8060], device='cuda:0')
Thumb force: tensor([0.7620, 0.7981, 0.7859], device='cuda:0')
Index force: tensor([0.8662, 0.8864, 0.7723], device='cuda:0')
Applying force: tensor([[ 0.5095,  0.0408, -0.0044,  0.2175, -0.0248, -0.2233]])
tensor([ 0.1212,  0.6560,  0.5283,  0.4944, -0.1451,  0.7127,  0.7047,  0.8818,
         1.3027,  0.2808,  0.1849,  1.1322, -0.0189,  0.0097, -3.0549,  0.2262],
       device='cuda:0')
Likelihood: -157.90145874023438
Solve time for step 11 (global step 10) 3.480602012015879
Current ori: tensor([-0.0189,  0.0097, -3.0549], device='cuda:0')
Middle force: tensor([0.7503, 0.8079], device='cuda:0')
Thumb force: tensor([0.7893, 0.7767], device='cuda:0')
Index force: tensor([0.8765, 0.7684], device='cuda:0')
Applying force: tensor([[-5.0262e-01,  8.4869e-06,  7.9004e-03,  1.1253e-01, -2.8300e-02,
         -9.2188e-02]])
tensor([ 0.1084,  0.6541,  0.5191,  0.4862, -0.1541,  0.7347,  0.6666,  0.8524,
         1.3037,  0.2886,  0.1882,  1.1555, -0.0219,  0.0208, -2.9977,  0.0422],
       device='cuda:0')
Likelihood: -165.81832885742188
Solve time for step 12 (global step 11) 3.472927168942988
Current ori: tensor([-0.0219,  0.0208, -2.9977], device='cuda:0')
Middle force: tensor([0.7980], device='cuda:0')
Thumb force: tensor([0.7722], device='cuda:0')
Index force: tensor([0.7632], device='cuda:0')
Applying force: tensor([[-0.4314, -0.0253,  0.4049, -0.1395, -0.0991,  0.3533]])
Current yaw: tensor([-0.0140,  0.0262, -3.0775], device='cuda:0')
2 turn
Likelihood: -154.80853271484375
Sampling time 3.9097788489889354
tensor([ 0.1005,  0.6309,  0.5392,  0.5081, -0.1650,  0.6966,  0.6915,  0.9126,
         1.3245,  0.2671,  0.1995,  1.1212, -0.0140,  0.0262, -3.0775,  0.1104],
       device='cuda:0')
Solve time for step 1 (global step 12) 20.96063338103704
Current ori: tensor([-0.0140,  0.0262, -3.0775], device='cuda:0')
Middle force: tensor([0.7853, 0.7562, 0.8501, 0.7627, 0.7588, 1.0780, 0.8459, 0.7982, 0.9469,
        0.7496, 0.7763, 0.9194], device='cuda:0')
Thumb force: tensor([0.9108, 0.8096, 1.5774, 2.6326, 0.8613, 1.8476, 0.8753, 0.9109, 0.8945,
        1.6943, 0.8051, 0.8428], device='cuda:0')
Index force: tensor([0.8719, 0.9468, 0.8673, 0.8806, 0.8465, 0.8485, 0.8655, 0.7558, 0.7503,
        0.9580, 0.8876, 0.8160], device='cuda:0')
tensor([ 0.1153,  0.6169,  0.5531,  0.5484, -0.1629,  0.6950,  0.7252,  0.8847,
         1.2739,  0.3317,  0.2144,  1.1435, -0.0086,  0.0192, -3.0703,  0.1319],
       device='cuda:0')
Likelihood: -129.51812744140625
Solve time for step 2 (global step 13) 5.467526691965759
Current ori: tensor([-0.0086,  0.0192, -3.0703], device='cuda:0')
Middle force: tensor([0.7549, 0.8415, 0.7595, 0.7573, 1.0634, 0.8321, 0.7910, 0.9393, 0.7503,
        0.7731, 0.9076], device='cuda:0')
Thumb force: tensor([0.8042, 1.5206, 2.5707, 0.8462, 1.8015, 0.8687, 0.9102, 0.8823, 1.6746,
        0.8009, 0.8390], device='cuda:0')
Index force: tensor([0.9265, 0.8535, 0.8633, 0.8369, 0.8379, 0.8575, 0.7539, 0.7501, 0.9758,
        0.8791, 0.8096], device='cuda:0')
Applying force: tensor([[-0.6530, -0.4099,  0.5977, -0.1256,  0.0119, -0.2831]])
tensor([ 0.1116,  0.6194,  0.5468,  0.5464, -0.1656,  0.6737,  0.7541,  0.8877,
         1.3178,  0.2743,  0.1923,  1.1317, -0.0085,  0.0204, -3.1218,  0.1966],
       device='cuda:0')
Likelihood: -118.03990936279297
Solve time for step 3 (global step 14) 4.981787486933172
Current ori: tensor([-0.0085,  0.0204, -3.1218], device='cuda:0')
Middle force: tensor([0.8373, 0.7573, 0.7562, 1.0494, 0.8260, 0.7867, 0.9245, 0.7501, 0.7711,
        0.9007], device='cuda:0')
Thumb force: tensor([1.4620, 2.5101, 0.8357, 1.7613, 0.8565, 0.9011, 0.8757, 1.6547, 0.7940,
        0.8298], device='cuda:0')
Index force: tensor([0.8403, 0.8537, 0.8288, 0.8301, 0.8513, 0.7528, 0.7498, 0.9824, 0.8746,
        0.8056], device='cuda:0')
Applying force: tensor([[-0.0045,  0.0320, -0.1388, -0.1144, -0.4900, -0.2810]])
tensor([ 0.0679,  0.5596,  0.5621,  0.5895, -0.2233,  0.6670,  0.7257,  0.8607,
         1.3571,  0.3134,  0.1830,  1.1854,  0.0037,  0.0659, -3.0175,  0.1146],
       device='cuda:0')
Likelihood: -223.89984130859375
State is out of distribution
Final likelihood: tensor([-2.7997, -2.9210, -3.0303, -3.3673, -3.4784, -3.5104, -3.6824, -3.7462,
        -3.7970, -3.8465, -3.9226, -4.0898, -4.0961, -4.7366, -4.8794, -4.9167],
       device='cuda:0', grad_fn=<IndexBackward0>)
Final likelihood: tensor([-2.7997, -2.9210, -3.0303, -3.3673, -3.4784, -3.5104, -3.6824, -3.7462,
        -3.7970, -3.8465, -3.9226, -4.0898, -4.0961, -4.7366, -4.8794, -4.9167],
       device='cuda:0', grad_fn=<IndexBackward0>)
1 mode projection succeeded
New goal: tensor([ 0.0669,  0.5612,  0.5714,  0.5690, -0.0813,  0.5290,  0.8411,  0.8711,
         1.2500,  0.3601,  0.2064,  1.1899,  0.0041,  0.0136,  3.1136],
       device='cuda:0')
Likelihoods: tensor([-4.3091, -4.5251, -4.5923, -4.6051, -4.6698, -4.8204, -4.8679, -4.9316,
        -4.9865, -5.0305, -5.0341, -5.1056, -5.2995, -5.4051, -5.5108, -6.7505],
       device='cuda:0')
Contact modes ['thumb_middle' 'index' 'thumb_middle' 'thumb_middle' 'thumb_middle'
 'thumb_middle' 'index' 'index' 'index' 'index' 'thumb_middle' 'index'
 'thumb_middle' 'index' 'thumb_middle' 'thumb_middle']
Likelihood grouped mean: {'thumb_middle': 0.007525924526426094, 'index': 0.007094241614288156}
Likelihood grouped sum: {'thumb_middle': 0.06773332073783485, 'index': 0.04965969130001709}
Contact mode with highest likelihood sum: thumb_middle
Plan time: 2.0143251300323755
Current yaw: tensor([ 0.0037,  0.0653, -3.0176], device='cuda:0')
3 thumb_middle
tensor([ 0.0685,  0.5601,  0.5622,  0.5895, -0.2223,  0.6673,  0.7259,  0.8607,
         1.3568,  0.3133,  0.1824,  1.1855,  0.0037,  0.0653, -3.0176,  0.1235],
       device='cuda:0')
Solve time for step 1 (global step 15) 10.23899884079583
Current ori: tensor([ 0.0037,  0.0653, -3.0176], device='cuda:0')
Index force: tensor([0.8700, 0.8813, 0.7489, 0.8612], device='cuda:0')
tensor([ 0.0840,  0.4893,  0.6032,  0.7294, -0.2510,  0.6168,  0.7487,  0.8341,
         1.2877,  0.2951,  0.1328,  1.1747,  0.0298,  0.0611, -3.0177,  0.1632],
       device='cuda:0')
Solve time for step 2 (global step 16) 2.7109824309591204
Current ori: tensor([ 0.0298,  0.0611, -3.0177], device='cuda:0')
Index force: tensor([0.7503, 0.8479, 0.8378], device='cuda:0')
tensor([ 0.0790,  0.4996,  0.5809,  0.7346, -0.2527,  0.6047,  0.7565,  0.8347,
         1.2790,  0.3185,  0.1391,  1.1705,  0.0270,  0.0650, -3.0176,  0.1650],
       device='cuda:0')
Solve time for step 3 (global step 17) 2.600008527049795
Current ori: tensor([ 0.0270,  0.0650, -3.0176], device='cuda:0')
Index force: tensor([0.8337, 0.8251], device='cuda:0')
tensor([ 0.0912,  0.5267,  0.5875,  0.6722, -0.2477,  0.6038,  0.7626,  0.8525,
         1.2423,  0.2896,  0.1687,  1.1878,  0.0158,  0.0567, -3.0176,  0.1427],
       device='cuda:0')
Solve time for step 4 (global step 18) 2.526724820025265
Current ori: tensor([ 0.0158,  0.0567, -3.0176], device='cuda:0')
Index force: tensor([0.8059], device='cuda:0')
Current yaw: tensor([ 0.0112,  0.0340, -3.0267], device='cuda:0')
4 turn
Likelihood: -165.45263671875
Sampling time 3.8855936399195343
tensor([ 0.1296,  0.5384,  0.6121,  0.6677, -0.1742,  0.6344,  0.8059,  0.8265,
         1.2866,  0.3225,  0.2136,  1.1965,  0.0112,  0.0340, -3.0267,  0.2316],
       device='cuda:0')
Solve time for step 1 (global step 19) 20.93345762300305
Current ori: tensor([ 0.0112,  0.0340, -3.0267], device='cuda:0')
Middle force: tensor([0.7756, 0.7585, 0.8620, 0.7792, 0.7838, 1.1674, 0.8937, 0.8327, 1.0574,
        0.7531, 0.7902, 0.9704], device='cuda:0')
Thumb force: tensor([0.9757, 0.8586, 1.6785, 2.6997, 0.9335, 1.8705, 0.9057, 0.9137, 0.8669,
        1.6390, 0.7892, 0.7603], device='cuda:0')
Index force: tensor([0.8911, 0.9622, 0.8779, 0.8547, 0.8459, 0.8728, 0.8659, 0.7729, 0.7482,
        0.8231, 0.8792, 0.8189], device='cuda:0')
tensor([ 1.3442e-01,  5.6362e-01,  5.9831e-01,  6.3617e-01, -1.6919e-01,
         6.5625e-01,  7.7216e-01,  8.3667e-01,  1.2769e+00,  3.4037e-01,
         2.2070e-01,  1.1710e+00,  2.9972e-03,  3.1083e-02, -3.0434e+00,
         2.0857e-01], device='cuda:0')
Likelihood: -155.46218872070312
Solve time for step 2 (global step 20) 5.661177419126034
Current ori: tensor([ 2.9972e-03,  3.1083e-02, -3.0434e+00], device='cuda:0')
Middle force: tensor([0.8141, 0.7529, 0.7777, 0.7834, 0.7570, 0.8308, 0.9158, 0.9367, 0.8551,
        0.7534, 0.8301], device='cuda:0')
Thumb force: tensor([0.8168, 1.0099, 0.8771, 0.8981, 1.4270, 0.7903, 0.8253, 1.2106, 0.8430,
        0.9749, 0.8869], device='cuda:0')
Index force: tensor([0.8700, 1.0910, 0.7715, 0.9038, 0.8085, 0.7811, 0.8252, 0.7988, 0.8692,
        0.9568, 0.8502], device='cuda:0')
Applying force: tensor([[-0.3900,  0.3501,  0.0741, -0.2725, -0.0595,  0.1726]])
tensor([ 0.1428,  0.5865,  0.5688,  0.6301, -0.1732,  0.6536,  0.7893,  0.8189,
         1.3373,  0.2936,  0.1955,  1.1911,  0.0489,  0.0420, -2.7924, -1.0431],
       device='cuda:0')
Likelihood: -174.9191436767578
Solve time for step 3 (global step 21) 5.0759324468672276
Current ori: tensor([ 0.0489,  0.0420, -2.7924], device='cuda:0')
Middle force: tensor([0.7526, 0.7758, 0.7784, 0.7563, 0.8210, 0.9058, 0.9306, 0.8410, 0.7525,
        0.8254], device='cuda:0')
Thumb force: tensor([1.0031, 0.8693, 0.9258, 1.4075, 0.8005, 0.8237, 1.1947, 0.8686, 1.0238,
        0.8825], device='cuda:0')
Index force: tensor([1.0883, 0.7708, 0.8796, 0.8027, 0.7733, 0.8203, 0.7958, 0.8439, 0.9239,
        0.8443], device='cuda:0')
Applying force: tensor([[ 0.1162, -0.1890, -0.5125,  0.1710, -0.2001, -0.0934]])
tensor([ 0.1603,  0.6116,  0.5579,  0.6218, -0.1746,  0.6333,  0.8229,  0.8350,
         1.2951,  0.3748,  0.2093,  1.1655,  0.0409,  0.0331, -2.8604, -0.9011],
       device='cuda:0')
Likelihood: -152.66537475585938
Solve time for step 4 (global step 22) 4.8918233250733465
Current ori: tensor([ 0.0409,  0.0331, -2.8604], device='cuda:0')
Middle force: tensor([0.7743, 0.7766, 0.7558, 0.8171, 0.9009, 0.9258, 0.8369, 0.7523, 0.8213],
       device='cuda:0')
Thumb force: tensor([0.8599, 0.9285, 1.3869, 0.7999, 0.8208, 1.1771, 0.8667, 1.0231, 0.8772],
       device='cuda:0')
Index force: tensor([0.7700, 0.8699, 0.7989, 0.7713, 0.8160, 0.7936, 0.8373, 0.9110, 0.8405],
       device='cuda:0')
Applying force: tensor([[ 0.3726, -0.3242, -0.0811,  0.0776, -0.0856,  0.1744]])
tensor([ 0.1807,  0.6470,  0.5384,  0.6100, -0.1594,  0.6378,  0.8323,  0.8356,
         1.3194,  0.3409,  0.1720,  1.1490,  0.0324,  0.0184, -2.9291, -0.8491],
       device='cuda:0')
Likelihood: -147.4224853515625
Solve time for step 5 (global step 23) 4.835498526925221
Current ori: tensor([ 0.0324,  0.0184, -2.9291], device='cuda:0')
Middle force: tensor([0.7755, 0.7554, 0.8145, 0.8952, 0.9201, 0.8340, 0.7522, 0.8179],
       device='cuda:0')
Thumb force: tensor([0.9207, 1.3656, 0.7967, 0.8179, 1.1618, 0.8604, 1.0137, 0.8723],
       device='cuda:0')
Index force: tensor([0.8628, 0.7960, 0.7704, 0.8129, 0.7916, 0.8339, 0.9041, 0.8367],
       device='cuda:0')
tensor([ 0.1903,  0.6850,  0.5128,  0.5767, -0.1535,  0.6321,  0.8436,  0.8481,
         1.3271,  0.3335,  0.1623,  1.1264,  0.0285,  0.0110, -2.9889, -0.8910],
       device='cuda:0')
Likelihood: -132.51010131835938
Solve time for step 6 (global step 24) 4.681456899968907
Current ori: tensor([ 0.0285,  0.0110, -2.9889], device='cuda:0')
Middle force: tensor([0.7549, 0.8120, 0.8904, 0.9140, 0.8310, 0.7520, 0.8147],
       device='cuda:0')
Thumb force: tensor([1.3511, 0.7941, 0.8149, 1.1482, 0.8556, 1.0048, 0.8676],
       device='cuda:0')
Index force: tensor([0.7920, 0.7696, 0.8100, 0.7897, 0.8304, 0.8978, 0.8330],
       device='cuda:0')
Applying force: tensor([[ 0.3529,  0.5333, -0.0401,  0.0904,  0.0931, -0.0763]])
tensor([ 0.1974,  0.6958,  0.5085,  0.5745, -0.1437,  0.6491,  0.8354,  0.8290,
         1.3310,  0.3301,  0.1587,  1.1024,  0.0226,  0.0052, -3.0314, -0.7848],
       device='cuda:0')
Likelihood: -138.44113159179688
Solve time for step 7 (global step 25) 4.3295828208792955
Current ori: tensor([ 0.0226,  0.0052, -3.0314], device='cuda:0')
Middle force: tensor([0.8090, 0.8840, 0.9080, 0.8277, 0.7519, 0.8110], device='cuda:0')
Thumb force: tensor([0.7902, 0.8122, 1.1355, 0.8504, 0.9960, 0.8634], device='cuda:0')
Index force: tensor([0.7686, 0.8079, 0.7879, 0.8278, 0.8919, 0.8291], device='cuda:0')
Applying force: tensor([[-0.1537, -0.2329, -0.4615,  0.1445, -0.2371,  0.0236]])
tensor([ 0.1850,  0.7142,  0.4864,  0.5414, -0.1479,  0.6522,  0.8243,  0.8300,
         1.3435,  0.3229,  0.1584,  1.0825,  0.0167,  0.0087, -3.0538, -0.7807],
       device='cuda:0')
Likelihood: -137.95867919921875
Solve time for step 8 (global step 26) 4.089182414114475
Current ori: tensor([ 0.0167,  0.0087, -3.0538], device='cuda:0')
Middle force: tensor([0.8738, 0.9024, 0.8244, 0.7517, 0.8075], device='cuda:0')
Thumb force: tensor([0.8092, 1.1205, 0.8464, 0.9897, 0.8589], device='cuda:0')
Index force: tensor([0.8045, 0.7858, 0.8239, 0.8844, 0.8254], device='cuda:0')
Applying force: tensor([[ 0.1588, -0.1513, -0.0709,  0.2631,  0.0716,  0.3718]])
tensor([ 1.9684e-01,  7.4090e-01,  4.7761e-01,  5.1959e-01, -1.3247e-01,
         6.6120e-01,  8.2449e-01,  8.3383e-01,  1.3608e+00,  3.1598e-01,
         1.3732e-01,  1.0359e+00,  2.3431e-03, -4.9478e-03, -3.1235e+00,
        -5.3046e-01], device='cuda:0')
Likelihood: -204.4618377685547
State is out of distribution
Final likelihood: tensor([-2.6520, -3.0315, -3.1811, -3.5590, -3.5837, -3.6675, -3.6900, -3.7781,
        -3.8776, -3.9288, -4.3253, -4.4540, -4.8067, -4.9895, -5.1319, -6.4364],
       device='cuda:0', grad_fn=<IndexBackward0>)
Final likelihood: tensor([-2.6520, -3.0315, -3.1811, -3.5590, -3.5837, -3.6675, -3.6900, -3.7781,
        -3.8776, -3.9288, -4.3253, -4.4540, -4.8067, -4.9895, -5.1319, -6.4364],
       device='cuda:0', grad_fn=<IndexBackward0>)
1 mode projection succeeded
New goal: tensor([ 9.1167e-02,  5.7279e-01,  5.8415e-01,  5.6357e-01, -5.0013e-02,
         4.8844e-01,  8.6139e-01,  8.4453e-01,  1.2265e+00,  3.9793e-01,
         2.4520e-01,  1.1286e+00, -9.8365e-04,  1.1734e-02, -3.1047e+00],
       device='cuda:0')
Likelihoods: tensor([-2.4300, -2.5078, -2.5361, -2.5661, -2.6271, -2.6970, -3.2430, -3.2563,
        -3.3967, -3.7658, -3.8744, -4.2994, -4.4561, -4.8266, -5.4725, -6.2382],
       device='cuda:0')
Contact modes ['thumb_middle' 'thumb_middle' 'thumb_middle' 'thumb_middle'
 'thumb_middle' 'thumb_middle' 'index' 'index' 'thumb_middle'
 'thumb_middle' 'index' 'index' 'thumb_middle' 'thumb_middle'
 'thumb_middle' 'thumb_middle']
Likelihood grouped mean: {'thumb_middle': 0.045632517936511206, 'index': 0.027980118218316044}
Likelihood grouped sum: {'thumb_middle': 0.5475902152381344, 'index': 0.11192047287326418}
Contact mode with highest likelihood sum: thumb_middle
Plan time: 1.9869498298503458
Current yaw: tensor([ 2.5743e-03, -5.0926e-03, -3.1237e+00], device='cuda:0')
5 thumb_middle
tensor([ 1.9619e-01,  7.4038e-01,  4.7748e-01,  5.1958e-01, -1.3232e-01,
         6.6082e-01,  8.2512e-01,  8.3426e-01,  1.3606e+00,  3.1575e-01,
         1.3752e-01,  1.0361e+00,  2.5743e-03, -5.0926e-03, -3.1237e+00,
        -5.0953e-01], device='cuda:0')
Solve time for step 1 (global step 27) 9.940599062945694
Current ori: tensor([ 2.5743e-03, -5.0926e-03, -3.1237e+00], device='cuda:0')
Index force: tensor([0.8479, 0.8368, 0.8542, 0.8602], device='cuda:0')
tensor([ 0.1615,  0.6865,  0.4995,  0.5442, -0.2157,  0.5792,  0.7940,  0.8314,
         1.3000,  0.3386,  0.0963,  1.0418,  0.0139,  0.0190, -3.1237, -0.5452],
       device='cuda:0')
Solve time for step 2 (global step 28) 2.832084671827033
Current ori: tensor([ 0.0139,  0.0190, -3.1237], device='cuda:0')
Index force: tensor([0.8281, 0.8457, 0.8509], device='cuda:0')
tensor([ 0.1467,  0.6572,  0.5311,  0.5299, -0.2032,  0.5435,  0.7918,  0.7995,
         1.2846,  0.3604,  0.1104,  1.0602,  0.0196,  0.0284, -3.1237, -0.5717],
       device='cuda:0')
Solve time for step 3 (global step 29) 2.5914028799161315
Current ori: tensor([ 0.0196,  0.0284, -3.1237], device='cuda:0')
Index force: tensor([0.8268, 0.8324], device='cuda:0')
tensor([ 0.1521,  0.6793,  0.5192,  0.5059, -0.1973,  0.5200,  0.8201,  0.8186,
         1.2494,  0.3571,  0.1424,  1.0623,  0.0133,  0.0234, -3.1237, -0.5719],
       device='cuda:0')
Solve time for step 4 (global step 30) 2.5393185049761087
Current ori: tensor([ 0.0133,  0.0234, -3.1237], device='cuda:0')
Index force: tensor([0.8116], device='cuda:0')
Current yaw: tensor([ 0.0062,  0.0267, -3.1259], device='cuda:0')
6 turn
Likelihood: -129.2437744140625
Sampling time 3.841052267001942
tensor([ 0.1421,  0.7037,  0.4894,  0.4698, -0.1329,  0.5868,  0.8318,  0.8065,
         1.3208,  0.3516,  0.2038,  1.0639,  0.0062,  0.0267, -3.1259, -0.5849],
       device='cuda:0')
Solve time for step 1 (global step 31) 21.16145770600997
Current ori: tensor([ 0.0062,  0.0267, -3.1259], device='cuda:0')
Middle force: tensor([1.0820, 0.8227, 0.7535, 1.5219, 0.8296, 0.7488, 0.8288, 0.8657, 0.7814,
        1.5945, 0.7724, 0.7784], device='cuda:0')
Thumb force: tensor([1.2661, 1.6539, 0.9132, 0.9239, 0.9422, 0.8220, 0.8017, 1.0469, 0.8171,
        0.8316, 0.7768, 0.8938], device='cuda:0')
Index force: tensor([0.7618, 0.8045, 1.0098, 0.7967, 0.8430, 1.1574, 0.8700, 0.8009, 0.8239,
        0.7563, 1.0948, 0.9414], device='cuda:0')
tensor([ 0.1286,  0.6938,  0.4767,  0.5034, -0.1233,  0.6537,  0.7597,  0.7419,
         1.3019,  0.3608,  0.1951,  1.1433,  0.0056,  0.0297, -2.9732, -0.5678],
       device='cuda:0')
Likelihood: -143.1475830078125
Solve time for step 2 (global step 32) 5.65732368407771
Current ori: tensor([ 0.0056,  0.0297, -2.9732], device='cuda:0')
Middle force: tensor([0.8329, 1.1374, 0.8059, 1.0732, 0.8894, 0.7675, 0.7510, 0.7648, 0.8799,
        0.7529, 0.7917], device='cuda:0')
Thumb force: tensor([0.7981, 0.7813, 1.2143, 0.9916, 0.8362, 0.7648, 0.9616, 0.8216, 0.8556,
        0.8364, 0.9092], device='cuda:0')
Index force: tensor([0.8339, 0.7759, 0.8031, 0.7851, 0.7501, 0.9766, 0.9401, 0.9640, 0.7774,
        1.0769, 0.8082], device='cuda:0')
Applying force: tensor([[ 0.3451,  0.1327, -0.1161,  0.1835, -0.1098,  0.2314]])
tensor([ 0.1348,  0.7035,  0.4658,  0.5105, -0.1211,  0.6324,  0.7448,  0.8386,
         1.3284,  0.3746,  0.1792,  1.0790,  0.0062,  0.0255, -3.0605, -0.5404],
       device='cuda:0')
Likelihood: -135.33349609375
