Importing module 'gym_38' (/home/abhinav/Documents/isaacgym/python/isaacgym/_bindings/linux-x86_64/gym_38.so)
Setting GYM_USD_PLUG_INFO_PATH to /home/abhinav/Documents/isaacgym/python/isaacgym/_bindings/linux-x86_64/usd/plugInfo.json
PyTorch version 2.4.1+cu121
Device count 2
/home/abhinav/Documents/isaacgym/python/isaacgym/_bindings/src/gymtorch
ninja: no work to do.
No ROS install found, continuing
CCAI_PATH /home/abhinav/Documents/ccai
Not connected to PVD
Physics Engine: PhysX
Physics Device: cpu
GPU Pipeline: disabled
Using VHACD cache directory '/home/abhinav/.isaacgym/vhacd'
Found existing convex decomposition for mesh '/home/abhinav/Documents/github/isaacgym-arm-envs/isaac_victor_envs/assets/xela_models/mesh/allegro/base_ns.stl'
Found existing convex decomposition for mesh '/home/abhinav/Documents/github/isaacgym-arm-envs/isaac_victor_envs/assets/xela_models/mesh/allegro/link_1.0.stl'
Found existing convex decomposition for mesh '/home/abhinav/Documents/github/isaacgym-arm-envs/isaac_victor_envs/assets/xela_models/mesh/ft_c.stl'
[ models/temporal ] Channel dimensions: [(37, 128), (128, 256), (256, 512)]
[ models/temporal ] Channel dimensions: [(37, 128), (128, 256), (256, 512)]

Trial 1
No action perturbation this trial
Loaded trajectory sampler
Current yaw: tensor([ 0.0137,  0.0139, -1.2280], device='cuda:1')
Current yaw: tensor([ 0.0137,  0.0139, -1.2280], device='cuda:1')
1 turn
Sampling time 3.830315481987782
tensor([ 0.0936,  0.6154,  0.5101,  0.5907, -0.1611,  0.5891,  0.8640,  0.9613,
         1.2294,  0.2824,  0.2653,  1.1859,  0.0137,  0.0139, -1.2280,  0.4939],
       device='cuda:1')
Likelihood: -95.80992126464844
Solve time for step 1 20.713228686945513
Current ori: tensor([ 0.0137,  0.0139, -1.2280], device='cuda:1')
Middle force: tensor([0.6095, 0.5067, 0.6049, 0.6353, 2.2332, 0.5779, 0.5019, 0.6425, 0.6889,
        0.5628, 0.5968, 0.5289], device='cuda:1')
Thumb force: tensor([0.5543, 1.7217, 1.4412, 1.8615, 0.7984, 0.6145, 0.6392, 0.8538, 0.5874,
        0.6138, 0.5558, 0.6153], device='cuda:1')
Index force: tensor([0.6016, 0.8829, 0.6451, 0.9347, 0.8128, 0.5801, 0.7285, 0.5695, 0.5467,
        0.6457, 0.6101, 0.5841], device='cuda:1')
tensor([ 0.0802,  0.6126,  0.5115,  0.5705, -0.1759,  0.5747,  0.8510,  1.0183,
         1.3291,  0.1927,  0.2387,  1.1138,  0.0128,  0.0198, -1.3074,  0.5637],
       device='cuda:1')
Likelihood: -94.01972961425781
Solve time for step 2 5.509018148994073
Current ori: tensor([ 0.0128,  0.0198, -1.3074], device='cuda:1')
Middle force: tensor([0.5056, 0.6010, 0.6348, 2.1882, 0.5774, 0.5019, 0.6381, 0.6865, 0.5621,
        0.5943, 0.5288], device='cuda:1')
Thumb force: tensor([1.7004, 1.4219, 1.8274, 0.7965, 0.6102, 0.6386, 0.8468, 0.5856, 0.6105,
        0.5544, 0.6107], device='cuda:1')
Index force: tensor([0.8718, 0.6406, 0.9185, 0.8051, 0.5775, 0.7215, 0.5674, 0.5445, 0.6409,
        0.6074, 0.5819], device='cuda:1')
tensor([ 0.0804,  0.6204,  0.5121,  0.5488, -0.1787,  0.5712,  0.8417,  1.0577,
         1.3994,  0.0913,  0.2162,  1.0793,  0.0092,  0.0207, -1.3746,  0.6025],
       device='cuda:1')
Likelihood: -123.56452941894531
Solve time for step 3 5.142497121938504
Current ori: tensor([ 0.0092,  0.0207, -1.3746], device='cuda:1')
Middle force: tensor([0.5981, 0.6294, 2.1491, 0.5754, 0.5016, 0.6351, 0.6820, 0.5598, 0.5919,
        0.5279], device='cuda:1')
Thumb force: tensor([1.3985, 1.7975, 0.7907, 0.6078, 0.6389, 0.8387, 0.5844, 0.6088, 0.5530,
        0.6083], device='cuda:1')
Index force: tensor([0.6363, 0.9054, 0.7959, 0.5752, 0.7179, 0.5653, 0.5428, 0.6377, 0.6047,
        0.5801], device='cuda:1')
tensor([ 0.0796,  0.6156,  0.5191,  0.5460, -0.1807,  0.5666,  0.8427,  1.0796,
         1.3541,  0.1793,  0.2333,  1.0643,  0.0099,  0.0207, -1.4113,  0.6444],
       device='cuda:1')
Likelihood: -129.18283081054688
Solve time for step 4 4.870292767998762
Current ori: tensor([ 0.0099,  0.0207, -1.4113], device='cuda:1')
Middle force: tensor([0.6208, 2.1110, 0.5739, 0.5016, 0.6324, 0.6784, 0.5586, 0.5896, 0.5274],
       device='cuda:1')
Thumb force: tensor([1.7659, 0.7809, 0.6049, 0.6337, 0.8304, 0.5823, 0.6060, 0.5516, 0.6051],
       device='cuda:1')
Index force: tensor([0.8954, 0.7886, 0.5732, 0.7122, 0.5632, 0.5414, 0.6338, 0.6021, 0.5781],
       device='cuda:1')
Applying wrench: tensor([[-0.0587,  0.1101,  0.0541,  0.1294,  0.0498, -0.0671]])
tensor([ 0.0821,  0.6218,  0.5183,  0.5362, -0.1792,  0.5720,  0.8399,  1.0823,
         1.3529,  0.1821,  0.2468,  1.0223,  0.0073,  0.0194, -1.4685,  0.7032],
       device='cuda:1')
Likelihood: -128.86691284179688
Solve time for step 5 4.727252262993716
Current ori: tensor([ 0.0073,  0.0194, -1.4685], device='cuda:1')
Middle force: tensor([2.0705, 0.5712, 0.5015, 0.6278, 0.6724, 0.5548, 0.5870, 0.5261],
       device='cuda:1')
Thumb force: tensor([0.7663, 0.6030, 0.6346, 0.8223, 0.5816, 0.6063, 0.5505, 0.6042],
       device='cuda:1')
Index force: tensor([0.7765, 0.5715, 0.7093, 0.5620, 0.5401, 0.6315, 0.5995, 0.5759],
       device='cuda:1')
tensor([ 0.1069,  0.6333,  0.5273,  0.5364, -0.1616,  0.5672,  0.8578,  1.1157,
         1.3627,  0.1587,  0.2266,  0.9957,  0.0054,  0.0027, -1.5634,  0.8512],
       device='cuda:1')
Likelihood: -135.4589385986328
Solve time for step 6 4.482943112961948
Current ori: tensor([ 0.0054,  0.0027, -1.5634], device='cuda:1')
Middle force: tensor([0.5689, 0.5015, 0.6265, 0.6707, 0.5547, 0.5851, 0.5258],
       device='cuda:1')
Thumb force: tensor([0.5979, 0.6282, 0.8136, 0.5784, 0.6019, 0.5490, 0.6006],
       device='cuda:1')
Index force: tensor([0.5688, 0.7037, 0.5596, 0.5388, 0.6279, 0.5970, 0.5740],
       device='cuda:1')
tensor([ 0.1092,  0.6250,  0.5356,  0.5471, -0.1613,  0.5641,  0.8582,  1.1181,
         1.3625,  0.1771,  0.2341,  0.9704,  0.0078,  0.0028, -1.5984,  0.8786],
       device='cuda:1')
Likelihood: -137.37411499023438
Solve time for step 7 4.301130111096427
Current ori: tensor([ 0.0078,  0.0028, -1.5984], device='cuda:1')
Middle force: tensor([0.5014, 0.6250, 0.6667, 0.5528, 0.5829, 0.5250], device='cuda:1')
Thumb force: tensor([0.6245, 0.8044, 0.5768, 0.5998, 0.5476, 0.5980], device='cuda:1')
Index force: tensor([0.7071, 0.5573, 0.5373, 0.6247, 0.5945, 0.5720], device='cuda:1')
tensor([ 0.1057,  0.6265,  0.5312,  0.5444, -0.1650,  0.5722,  0.8485,  1.1043,
         1.3754,  0.1677,  0.2395,  0.9453,  0.0074,  0.0051, -1.5995,  0.8702],
       device='cuda:1')
Likelihood: -135.2833709716797
Solve time for step 8 4.097043207031675
Current ori: tensor([ 0.0074,  0.0051, -1.5995], device='cuda:1')
Middle force: tensor([0.6203, 0.6625, 0.5507, 0.5804, 0.5240], device='cuda:1')
Thumb force: tensor([0.7914, 0.5750, 0.5980, 0.5461, 0.5949], device='cuda:1')
Index force: tensor([0.5541, 0.5355, 0.6209, 0.5915, 0.5696], device='cuda:1')
tensor([ 0.1058,  0.6245,  0.5328,  0.5472, -0.1642,  0.5662,  0.8554,  1.1139,
         1.3823,  0.1691,  0.2364,  0.9330,  0.0079,  0.0040, -1.6298,  0.9141],
       device='cuda:1')
Likelihood: -134.13888549804688
Solve time for step 9 3.9775124239968136
Current ori: tensor([ 0.0079,  0.0040, -1.6298], device='cuda:1')
Middle force: tensor([0.6574, 0.5501, 0.5780, 0.5234], device='cuda:1')
Thumb force: tensor([0.5698, 0.5938, 0.5445, 0.5905], device='cuda:1')
Index force: tensor([0.5350, 0.6166, 0.5886, 0.5671], device='cuda:1')
Applying wrench: tensor([[ 0.0913, -0.1251,  0.0908, -0.2748,  0.5695, -0.1464]])
tensor([ 0.1135,  0.5793,  0.5386,  0.5561, -0.2073,  0.5516,  0.8554,  1.1106,
         1.4174,  0.1885,  0.2479,  0.9103,  0.1510,  0.0433, -1.1405,  0.9584],
       device='cuda:1')
Likelihood: -107.73131561279297
Solve time for step 10 3.790424708975479
Current ori: tensor([ 0.1510,  0.0433, -1.1405], device='cuda:1')
Middle force: tensor([0.5014, 0.5093, 0.5280], device='cuda:1')
Thumb force: tensor([0.5258, 0.5436, 0.5653], device='cuda:1')
Index force: tensor([0.6009, 0.5807, 0.5680], device='cuda:1')
tensor([ 0.1140,  0.6106,  0.4713,  0.5221, -0.2174,  0.5631,  0.8684,  1.1242,
         1.4928,  0.1965,  0.3315,  0.8128,  0.1311,  0.0305, -1.1623,  1.1669],
       device='cuda:1')
Likelihood: -254.627197265625
State is out of distribution
Projection step: 0, Loss: 240.40185546875
Projection step: 1, Loss: 232.4869384765625
Projection step: 2, Loss: 200.53631591796875
Projection step: 3, Loss: 230.01400756835938
Projection step: 4, Loss: 241.7811737060547
Projection step: 5, Loss: 185.00662231445312
Projection step: 6, Loss: 232.13970947265625
Projection step: 7, Loss: 239.4893798828125
Projection step: 8, Loss: 236.82948303222656
Projection step: 9, Loss: 193.47958374023438
Projection step: 10, Loss: 238.6041259765625
Projection step: 11, Loss: 256.92388916015625
Projection step: 12, Loss: 246.7117156982422
Projection step: 13, Loss: 238.46421813964844
Projection step: 14, Loss: 263.31109619140625
Projection step: 15, Loss: 261.2617492675781
Projection step: 16, Loss: 265.94482421875
Projection step: 17, Loss: 248.76904296875
Projection step: 18, Loss: 249.31314086914062
Projection step: 19, Loss: 227.82977294921875
Projection step: 20, Loss: 216.45962524414062
Projection step: 21, Loss: 208.7602081298828
Projection step: 22, Loss: 202.6961669921875
Projection step: 23, Loss: 199.7644500732422
Projection step: 24, Loss: 185.67230224609375
Final likelihood: tensor([-178.0106, -166.5302, -167.3023, -161.1232, -174.6677, -175.4223,
        -183.4253, -184.1438, -188.5914, -174.0970, -185.9435, -175.3210,
        -181.8527, -179.9800, -176.0436, -178.7815])
1 mode projection failed, trying anyway
New goal: tensor([-0.0402,  0.5404,  0.3188,  0.8486, -0.1083,  0.5217,  0.7265,  0.9619,
         1.4364,  0.1462,  0.2007,  1.2735,  0.1112,  0.0386, -1.0237],
       device='cuda:1')
tensor([[0.0024]], device='cuda:1') tensor([[0.0029]], device='cuda:1') tensor([[0.0022]], device='cuda:1')
Likelihood: -205.37924194335938
Likelihood: -255.8165283203125
{'index': 255.8165283203125, 'thumb_middle': 205.37924194335938}
Current yaw: tensor([ 0.1311,  0.0305, -1.1623], device='cuda:1')
2 thumb_middle
tensor([ 0.1140,  0.6106,  0.4713,  0.5221, -0.2174,  0.5631,  0.8684,  1.1242,
         1.4928,  0.1965,  0.3315,  0.8128,  0.1311,  0.0305, -1.1623,  1.1669],
       device='cuda:1')
Solve time for step 1 10.295305865933187
Current ori: tensor([ 0.1311,  0.0305, -1.1623], device='cuda:1')
Index force: tensor([0.6010, 0.5945, 0.6148, 0.5966], device='cuda:1')
tensor([ 0.0919,  0.6010,  0.4418,  0.7244, -0.2642,  0.5364,  0.7892,  1.0514,
         1.4233,  0.1656,  0.2147,  0.9319,  0.1403,  0.0348, -1.1623,  1.1287],
       device='cuda:1')
Solve time for step 2 2.6997707550181076
Current ori: tensor([ 0.1403,  0.0348, -1.1623], device='cuda:1')
Index force: tensor([0.5842, 0.6079, 0.5899], device='cuda:1')
tensor([ 0.0636,  0.5838,  0.4492,  0.7676, -0.2534,  0.5448,  0.7782,  1.0099,
         1.4388,  0.1390,  0.1677,  1.0132,  0.1477,  0.0405, -1.1623,  1.2194],
       device='cuda:1')
Solve time for step 3 2.713035358930938
Current ori: tensor([ 0.1477,  0.0405, -1.1623], device='cuda:1')
Index force: tensor([0.6012, 0.5843], device='cuda:1')
tensor([ 0.0578,  0.5977,  0.4332,  0.7408, -0.2490,  0.5537,  0.7672,  1.0057,
         1.4279,  0.1440,  0.1508,  1.0473,  0.1432,  0.0409, -1.1636,  1.2036],
       device='cuda:1')
Solve time for step 4 2.496191601967439
Current ori: tensor([ 0.1432,  0.0409, -1.1636], device='cuda:1')
Index force: tensor([0.5682], device='cuda:1')
Likelihood: -132.04884338378906
Current yaw: tensor([ 0.1439,  0.0351, -1.1802], device='cuda:1')
3 turn
Sampling time 3.633072774973698
tensor([ 0.0470,  0.5983,  0.3742,  0.7328, -0.1377,  0.5810,  0.8031,  1.0498,
         1.4870,  0.1778,  0.2212,  1.0654,  0.1439,  0.0351, -1.1802,  0.8745],
       device='cuda:1')
Likelihood: -172.9974365234375
Solve time for step 1 20.506920678075403
Current ori: tensor([ 0.1439,  0.0351, -1.1802], device='cuda:1')
Middle force: tensor([0.6503, 0.8249, 0.5189, 1.0247, 0.8220, 1.0943, 0.7962, 0.9864, 0.7515,
        0.6411, 0.5672, 1.4064], device='cuda:1')
Thumb force: tensor([1.4321, 1.0962, 1.0878, 0.7720, 0.6073, 1.3917, 0.7026, 1.9307, 0.8259,
        0.5019, 1.6430, 1.0192], device='cuda:1')
Index force: tensor([0.9484, 0.6782, 0.5555, 0.5593, 0.6166, 0.5487, 0.8937, 0.8806, 0.5533,
        0.5888, 0.5436, 0.7623], device='cuda:1')
tensor([ 0.0524,  0.5776,  0.3712,  0.8472, -0.0996,  0.6043,  0.8429,  0.9572,
         1.4641,  0.2564,  0.1765,  1.1813,  0.1742,  0.0329, -1.1637,  0.6302],
       device='cuda:1')
Likelihood: -167.05882263183594
Solve time for step 2 5.534053909010254
Current ori: tensor([ 0.1742,  0.0329, -1.1637], device='cuda:1')
Middle force: tensor([0.9074, 0.9086, 0.8535, 0.8977, 0.7341, 0.7835, 0.9595, 0.5701, 0.7566,
        0.5750, 0.5865], device='cuda:1')
Thumb force: tensor([1.7614, 0.8021, 0.5396, 1.1079, 1.2970, 0.5881, 1.1573, 0.8204, 0.7866,
        0.5139, 0.5639], device='cuda:1')
Index force: tensor([1.2572, 0.6704, 0.5733, 0.5019, 0.7201, 0.5629, 1.1320, 0.6118, 0.6545,
        0.6004, 0.6107], device='cuda:1')
tensor([ 0.0633,  0.6194,  0.3349,  0.7169, -0.0808,  0.6223,  0.8220,  0.9938,
         1.4147,  0.3721,  0.2233,  1.0498,  0.1509,  0.0093, -1.2670,  1.1307],
       device='cuda:1')
Likelihood: -178.4822235107422
State is out of distribution
Projection step: 0, Loss: 151.8467559814453
Projection step: 1, Loss: 141.0706329345703
Projection step: 2, Loss: 146.20004272460938
Projection step: 3, Loss: 129.05621337890625
Projection step: 4, Loss: 129.01629638671875
Projection step: 5, Loss: 155.056396484375
Projection step: 6, Loss: 115.00238037109375
Projection step: 7, Loss: 120.29142761230469
Projection step: 8, Loss: 118.54000854492188
Projection step: 9, Loss: 119.69430541992188
Projection step: 10, Loss: 108.07301330566406
Projection step: 11, Loss: 117.99392700195312
Projection step: 12, Loss: 102.94908142089844
Final likelihood: tensor([-111.4477,  -84.2114, -128.8696, -118.6995,  -84.0094, -108.4503,
        -107.6308, -103.4552,  -85.1014, -100.2870, -107.5144,  -95.3042,
        -109.2226, -104.7914,  -95.3070, -102.8836])
1 mode projection succeeded
New goal: tensor([ 0.0622,  0.6149,  0.4698,  0.6667, -0.0910,  0.4795,  0.8684,  1.0118,
         1.3680,  0.2009,  0.2835,  1.1381,  0.1469,  0.0177,  0.9316],
       device='cuda:1')
tensor([[0.0026]], device='cuda:1') tensor([[0.0023]], device='cuda:1') tensor([[0.0016]], device='cuda:1')
Likelihood: -123.64592742919922
Likelihood: -172.45166015625
{'index': 172.45166015625, 'thumb_middle': 123.64592742919922}
Current yaw: tensor([ 0.1509,  0.0093, -1.2670], device='cuda:1')
4 thumb_middle
tensor([ 0.0633,  0.6194,  0.3349,  0.7169, -0.0808,  0.6223,  0.8220,  0.9938,
         1.4147,  0.3721,  0.2233,  1.0498,  0.1509,  0.0093, -1.2670,  1.1307],
       device='cuda:1')
Solve time for step 1 9.94373631500639
Current ori: tensor([ 0.1509,  0.0093, -1.2670], device='cuda:1')
Index force: tensor([0.6004, 0.5972, 0.5992, 0.5993], device='cuda:1')
tensor([ 0.0568,  0.6488,  0.3508,  0.6905, -0.1827,  0.5520,  0.7811,  0.9491,
         1.3507,  0.3031,  0.1742,  1.0346,  0.1869, -0.0566, -1.2641,  1.8966],
       device='cuda:1')
Solve time for step 2 2.704613712965511
Current ori: tensor([ 0.1869, -0.0566, -1.2641], device='cuda:1')
Index force: tensor([0.5900, 0.5921, 0.5923], device='cuda:1')
tensor([ 0.0434,  0.6469,  0.3367,  0.6240, -0.1377,  0.5923,  0.8035,  0.9306,
         1.3464,  0.2729,  0.1572,  1.0396,  0.1859, -0.0525, -1.2734,  1.8940],
       device='cuda:1')
Solve time for step 3 2.5469196969643235
Current ori: tensor([ 0.1859, -0.0525, -1.2734], device='cuda:1')
Index force: tensor([0.5860, 0.5871], device='cuda:1')
tensor([ 0.0359,  0.6395,  0.3542,  0.6261, -0.0929,  0.6999,  0.7695,  0.9191,
         1.3581,  0.2692,  0.1442,  1.0471,  0.1882, -0.0508, -1.2758,  1.8901],
       device='cuda:1')
Solve time for step 4 2.605278841103427
Current ori: tensor([ 0.1882, -0.0508, -1.2758], device='cuda:1')
Index force: tensor([0.5004], device='cuda:1')
Likelihood: -247.78831481933594
State is out of distribution
Projection step: 0, Loss: 261.0010986328125
Projection step: 1, Loss: 251.61538696289062
Projection step: 2, Loss: 230.36839294433594
Projection step: 3, Loss: 238.7493896484375
Projection step: 4, Loss: 223.48489379882812
Projection step: 5, Loss: 216.17840576171875
Projection step: 6, Loss: 200.74179077148438
Projection step: 7, Loss: 197.33078002929688
Projection step: 8, Loss: 189.0129852294922
Projection step: 9, Loss: 174.7052764892578
Projection step: 10, Loss: 193.13641357421875
Projection step: 11, Loss: 186.826904296875
Projection step: 12, Loss: 181.188720703125
Projection step: 13, Loss: 180.98324584960938
Projection step: 14, Loss: 181.15673828125
Projection step: 15, Loss: 178.9258270263672
Projection step: 16, Loss: 165.06280517578125
Projection step: 17, Loss: 170.72610473632812
Projection step: 18, Loss: 167.9097900390625
Projection step: 19, Loss: 159.05789184570312
Projection step: 20, Loss: 157.30953979492188
Projection step: 21, Loss: 154.52781677246094
Projection step: 22, Loss: 151.9691162109375
Projection step: 23, Loss: 163.06422424316406
Projection step: 24, Loss: 160.36392211914062
Final likelihood: tensor([-124.8255, -114.9558, -161.2766, -148.4191, -110.8191, -173.8141,
        -166.0564, -199.7987, -150.6471, -151.4038, -156.4893, -139.6137,
        -159.0052, -152.7575, -163.0510, -139.2788])
1 mode projection succeeded
New goal: tensor([ 0.0974,  0.5713,  0.6489,  0.5378, -0.0283,  0.6372,  0.7096,  0.8979,
         1.4111,  0.0115,  0.2855,  1.1119,  0.1620, -0.0533, -0.1698],
       device='cuda:1')
tensor([[0.0025]], device='cuda:1') tensor([[0.0025]], device='cuda:1') tensor([[0.0020]], device='cuda:1')
Likelihood: -470.64093017578125
Likelihood: -359.9447937011719
{'index': 359.9447937011719, 'thumb_middle': 470.64093017578125}
Current yaw: tensor([ 0.1811, -0.0677, -1.2824], device='cuda:1')
5 index
tensor([ 0.0752,  0.6821,  0.2845,  0.6462,  0.0505,  0.9198,  0.7307,  0.8544,
         1.4193,  0.2240,  0.2296,  1.0389,  0.1811, -0.0677, -1.2824,  1.8867],
       device='cuda:1')
Solve time for step 1 11.964654784998856
Current ori: tensor([ 0.1811, -0.0677, -1.2824], device='cuda:1')
Middle force: tensor([0.5711, 0.5110, 0.5386, 0.5829], device='cuda:1')
Thumb force: tensor([0.5538, 0.6009, 0.5361, 0.5366], device='cuda:1')
tensor([ 0.1340,  0.4850,  0.3942,  0.5812,  0.0471,  0.9284,  0.7441,  0.8412,
         1.4642,  0.1964,  0.1999,  1.0600,  0.3257, -0.2019, -1.2776,  3.5899],
       device='cuda:1')
Solve time for step 2 3.3031867439858615
Current ori: tensor([ 0.3257, -0.2019, -1.2776], device='cuda:1')
Middle force: tensor([0.5108, 0.5328, 0.5813], device='cuda:1')
Thumb force: tensor([0.5937, 0.5334, 0.5346], device='cuda:1')
tensor([ 0.2257,  0.2059,  0.4670,  0.5646,  0.0498,  0.8183,  0.8599,  0.8980,
         1.4511,  0.2039,  0.2343,  1.1216,  0.3539, -0.2422, -1.2329, -5.1860],
       device='cuda:1')
Solve time for step 3 3.0575918569229543
Current ori: tensor([ 0.3539, -0.2422, -1.2329], device='cuda:1')
Middle force: tensor([0.5291, 0.5770], device='cuda:1')
Thumb force: tensor([0.5298, 0.5289], device='cuda:1')
tensor([ 0.3428,  0.1937,  0.5083,  0.5740,  0.0275,  0.8053,  0.8932,  0.9811,
         1.4438,  0.2377,  0.1836,  1.2635,  0.3546, -0.2600, -1.1111, -4.0729],
       device='cuda:1')
Solve time for step 4 3.120427971938625
Current ori: tensor([ 0.3546, -0.2600, -1.1111], device='cuda:1')
Middle force: tensor([0.5757], device='cuda:1')
Thumb force: tensor([0.5271], device='cuda:1')
Likelihood: -830.1185913085938
State is out of distribution
Projection step: 0, Loss: 829.7109375
Projection step: 1, Loss: 888.4702758789062
Projection step: 2, Loss: 844.59521484375
Projection step: 3, Loss: 911.4393310546875
Projection step: 4, Loss: 906.68505859375
Projection step: 5, Loss: 942.5159912109375
Projection step: 6, Loss: 870.4298095703125
Projection step: 7, Loss: 865.5883178710938
Projection step: 8, Loss: 945.64599609375
Projection step: 9, Loss: 838.4715576171875
Projection step: 10, Loss: 821.1962890625
Projection step: 11, Loss: 839.5948486328125
Projection step: 12, Loss: 905.0089721679688
Projection step: 13, Loss: 844.3990478515625
Projection step: 14, Loss: 856.9285278320312
Projection step: 15, Loss: 844.8106689453125
Projection step: 16, Loss: 811.302978515625
Projection step: 17, Loss: 854.9862060546875
Projection step: 18, Loss: 885.754150390625
Projection step: 19, Loss: 881.7533569335938
Projection step: 20, Loss: 831.761474609375
Projection step: 21, Loss: 844.208251953125
Projection step: 22, Loss: 825.598876953125
Projection step: 23, Loss: 845.3365478515625
Projection step: 24, Loss: 844.6154174804688
Final likelihood: tensor([ -684.6453,  -970.5807,  -955.6232,  -560.4325,  -606.4291,  -931.3724,
         -634.6843,  -816.7780,  -899.9777,  -934.3605,  -874.9769, -1122.2263,
         -743.5463,  -624.5040,  -951.2416,  -785.8385])
1 mode projection failed, trying anyway
New goal: tensor([ 0.2980,  0.5951,  0.5760,  0.6508, -0.0728,  0.8568,  0.9515,  1.2686,
         1.3514,  0.1655,  0.1001,  1.3787,  0.3535, -0.2546, -1.1262],
       device='cuda:1')
tensor([[0.0023]], device='cuda:1') tensor([[0.0079]], device='cuda:1') tensor([[0.0063]], device='cuda:1')
Likelihood: -853.5946044921875
{'index': inf, 'thumb_middle': 853.5946044921875}
Current yaw: tensor([ 0.3543, -0.2560, -1.1411], device='cuda:1')
6 thumb_middle
tensor([ 0.2816,  0.5246,  0.4996,  0.5457, -0.1120,  0.9697,  1.0512,  1.0674,
         1.4867,  0.1299,  0.1188,  1.3867,  0.3543, -0.2560, -1.1411, -3.7773],
       device='cuda:1')
Solve time for step 1 10.03789549600333
Current ori: tensor([ 0.3543, -0.2560, -1.1411], device='cuda:1')
Index force: tensor([0.6074, 0.5912, 0.6084, 0.5977], device='cuda:1')
tensor([ 0.3094,  0.8400,  0.5394,  0.5698, -0.0885,  0.9992,  0.9306,  1.0549,
         1.3534,  0.3469, -0.1890,  1.3772,  0.3812, -0.3527, -1.0198, -3.3916],
       device='cuda:1')
Solve time for step 2 2.816638614051044
Current ori: tensor([ 0.3812, -0.3527, -1.0198], device='cuda:1')
Index force: tensor([0.5847, 0.6026, 0.5914], device='cuda:1')
tensor([ 0.2376,  1.1310,  0.5677,  0.5959, -0.0350,  1.0696,  0.8854,  1.0637,
         1.3084,  0.5030, -0.1890,  1.3725,  0.3923, -0.3813, -0.9916, -1.3660],
       device='cuda:1')
Solve time for step 3 2.51281669002492
Current ori: tensor([ 0.3923, -0.3813, -0.9916], device='cuda:1')
Index force: tensor([0.5828, 0.5770], device='cuda:1')
tensor([ 0.2205,  1.3680,  0.5622,  0.5894, -0.0502,  1.1415,  0.8265,  1.0387,
         1.2390,  0.6940, -0.1393,  1.4185,  0.3909, -0.3772, -1.0134,  0.3152],
       device='cuda:1')
Solve time for step 4 2.4210326559841633
Current ori: tensor([ 0.3909, -0.3772, -1.0134], device='cuda:1')
Index force: tensor([0.5744], device='cuda:1')
Likelihood: -1327.928955078125
State is out of distribution
Probably dropped the object
{}

Trial 2
No action perturbation this trial
Loaded trajectory sampler
Current yaw: tensor([ 0.0033,  0.0136, -2.9835], device='cuda:1')
Current yaw: tensor([ 0.0033,  0.0136, -2.9835], device='cuda:1')
1 turn
Sampling time 3.698912873980589
tensor([ 0.1661,  0.5622,  0.6194,  0.6653, -0.1128,  0.5496,  0.8626,  0.9387,
         1.2539,  0.2742,  0.2552,  1.1300,  0.0033,  0.0136, -2.9835,  0.0583],
       device='cuda:1')
Likelihood: -104.86328125
Solve time for step 1 20.87952705891803
Current ori: tensor([ 0.0033,  0.0136, -2.9835], device='cuda:1')
Middle force: tensor([1.5892, 2.0643, 0.8870, 0.5293, 0.6245, 1.0222, 1.2001, 0.5236, 0.7325,
        0.5110, 0.5313, 0.5689], device='cuda:1')
Thumb force: tensor([1.1252, 1.4745, 0.6466, 0.5592, 0.5304, 1.3166, 0.7391, 0.5390, 0.6098,
        0.5958, 0.7612, 0.5636], device='cuda:1')
Index force: tensor([0.9697, 2.0198, 0.5652, 0.5509, 0.5665, 0.7867, 0.5458, 0.6006, 0.5833,
        0.6724, 0.6662, 0.5297], device='cuda:1')
Applying wrench: tensor([[ 0.0534, -0.0430,  0.0317, -0.1323, -0.0085, -0.2666]])
tensor([ 0.1493,  0.5832,  0.5744,  0.6653, -0.1020,  0.7286,  0.7055,  0.7087,
         1.3194,  0.1454,  0.1704,  1.3165, -0.0124,  0.0098, -2.7044,  0.1649],
       device='cuda:1')
Likelihood: -156.8280487060547
Solve time for step 2 5.326994344010018
Current ori: tensor([-0.0124,  0.0098, -2.7044], device='cuda:1')
Middle force: tensor([0.5310, 0.5071, 0.5278, 1.4764, 0.5474, 0.6221, 1.6029, 0.7094, 0.5000,
        0.6289, 0.5304], device='cuda:1')
Thumb force: tensor([1.5474, 2.0998, 0.6465, 1.4211, 0.7767, 0.5937, 0.6461, 1.0900, 0.5239,
        0.6558, 0.5902], device='cuda:1')
Index force: tensor([0.5880, 0.6576, 0.5131, 0.7754, 0.6343, 0.5524, 0.7710, 0.5470, 1.0080,
        0.5580, 0.5413], device='cuda:1')
tensor([ 0.1619,  0.5856,  0.6076,  0.6187, -0.1095,  0.6428,  0.7925,  0.8064,
         1.3341,  0.1394,  0.1901,  1.1946, -0.0062,  0.0056, -2.9125,  0.1360],
       device='cuda:1')
Likelihood: -131.57244873046875
Solve time for step 3 5.205775120062754
Current ori: tensor([-0.0062,  0.0056, -2.9125], device='cuda:1')
Middle force: tensor([0.7141, 0.5926, 0.6169, 0.5010, 1.1571, 0.5148, 0.5737, 0.7019, 0.5151,
        0.8654], device='cuda:1')
Thumb force: tensor([0.8643, 0.9829, 1.1301, 0.6439, 1.5844, 0.6862, 0.8903, 0.9928, 0.5822,
        0.5217], device='cuda:1')
Index force: tensor([0.5226, 0.5420, 0.5847, 0.7768, 0.9649, 0.7699, 0.5684, 0.5863, 0.7479,
        0.6420], device='cuda:1')
Applying wrench: tensor([[ 0.1032,  0.1491, -0.0150, -0.1384, -0.0809,  0.0444]])
tensor([ 0.1389,  0.5794,  0.5734,  0.6555, -0.1128,  0.7431,  0.6951,  0.6785,
         1.2629,  0.2476,  0.2148,  1.2842, -0.0042,  0.0185, -2.7487, -0.0378],
       device='cuda:1')
Likelihood: -141.45486450195312
Solve time for step 4 4.8952455969993025
Current ori: tensor([-0.0042,  0.0185, -2.7487], device='cuda:1')
Middle force: tensor([0.6374, 0.6416, 0.5013, 1.2807, 0.5217, 0.5975, 0.7334, 0.5154, 0.8693],
       device='cuda:1')
Thumb force: tensor([0.9960, 1.2500, 0.6426, 1.6183, 0.6486, 0.9211, 0.9990, 0.5690, 0.5234],
       device='cuda:1')
Index force: tensor([0.5402, 0.5744, 0.8644, 0.9946, 0.7730, 0.5724, 0.6003, 0.7677, 0.6473],
       device='cuda:1')
tensor([ 0.1314,  0.5874,  0.5512,  0.6636, -0.0970,  0.8545,  0.5716,  0.5336,
         1.2621,  0.2398,  0.2201,  1.3546, -0.0141,  0.0187, -2.5791,  0.1815],
       device='cuda:1')
Likelihood: -194.11178588867188
State is out of distribution
Projection step: 0, Loss: 205.52236938476562
Projection step: 1, Loss: 167.59695434570312
Projection step: 2, Loss: 151.38821411132812
Projection step: 3, Loss: 145.73516845703125
Projection step: 4, Loss: 132.10848999023438
Projection step: 5, Loss: 120.63497161865234
Projection step: 6, Loss: 112.30307006835938
Projection step: 7, Loss: 107.38119506835938
Projection step: 8, Loss: 106.04581451416016
Projection step: 9, Loss: 104.81411743164062
Final likelihood: tensor([-125.2059, -112.9023,  -92.3304, -100.4854,  -96.0644, -121.5148,
        -101.3913, -126.2818,  -97.4517, -128.8066,  -93.0672,  -89.8997,
        -109.1426,  -97.8492,  -96.2919,  -88.3410])
1 mode projection succeeded
New goal: tensor([ 0.0970,  0.5932,  0.5235,  0.6206, -0.0993,  0.6613,  0.8580,  0.6954,
         1.3133,  0.2848,  0.2176,  1.2331, -0.0106,  0.0166,  2.4709],
       device='cuda:1')
tensor([[0.0021]], device='cuda:1') tensor([[0.0026]], device='cuda:1') tensor([[0.0028]], device='cuda:1')
Likelihood: -140.63412475585938
Likelihood: -185.68814086914062
{'index': 185.68814086914062, 'thumb_middle': 140.63412475585938}
Current yaw: tensor([-0.0141,  0.0187, -2.5791], device='cuda:1')
2 thumb_middle
tensor([ 0.1314,  0.5874,  0.5512,  0.6636, -0.0970,  0.8545,  0.5716,  0.5336,
         1.2621,  0.2398,  0.2201,  1.3546, -0.0141,  0.0187, -2.5791,  0.1815],
       device='cuda:1')
Solve time for step 1 10.279440801008604
Current ori: tensor([-0.0141,  0.0187, -2.5791], device='cuda:1')
Index force: tensor([0.6014, 0.6143, 0.5932, 0.5989], device='cuda:1')
tensor([ 0.1277,  0.5863,  0.5491,  0.6618, -0.1982,  0.7724,  0.6156,  0.5498,
         1.2116,  0.1910,  0.1651,  1.3013, -0.0141,  0.0210, -2.5791,  0.1789],
       device='cuda:1')
Solve time for step 2 2.7646717550233006
Current ori: tensor([-0.0141,  0.0210, -2.5791], device='cuda:1')
Index force: tensor([0.6061, 0.5867, 0.5941], device='cuda:1')
tensor([ 0.1253,  0.5846,  0.5502,  0.6607, -0.2089,  0.7444,  0.6704,  0.5848,
         1.2250,  0.2072,  0.1278,  1.2646, -0.0138,  0.0224, -2.5791,  0.1759],
       device='cuda:1')
Solve time for step 3 2.5902414869051427
Current ori: tensor([-0.0138,  0.0224, -2.5791], device='cuda:1')
Index force: tensor([0.5763, 0.5854], device='cuda:1')
tensor([ 0.0980,  0.5691,  0.5505,  0.6475, -0.2184,  0.7228,  0.7017,  0.5904,
         1.2431,  0.2035,  0.1432,  1.2572, -0.0109,  0.0387, -2.5791,  0.1327],
       device='cuda:1')
Solve time for step 4 2.631820256006904
Current ori: tensor([-0.0109,  0.0387, -2.5791], device='cuda:1')
Index force: tensor([0.5727], device='cuda:1')
Likelihood: -175.51858520507812
State is out of distribution
Projection step: 0, Loss: 163.15640258789062
Projection step: 1, Loss: 145.49935913085938
Projection step: 2, Loss: 143.56617736816406
Projection step: 3, Loss: 130.50875854492188
Projection step: 4, Loss: 122.5457763671875
Projection step: 5, Loss: 117.78973388671875
Projection step: 6, Loss: 114.15614318847656
Projection step: 7, Loss: 99.08015441894531
Final likelihood: tensor([-110.1523,  -91.8926, -101.3156,  -88.9862,  -82.8457,  -83.4846,
        -108.7703, -100.0053,  -93.1786,  -96.2821, -120.6236, -104.2977,
        -108.5138, -100.8432, -110.5460,  -83.5449])
1 mode projection succeeded
New goal: tensor([ 0.0980,  0.5758,  0.5536,  0.6028, -0.1120,  0.6741,  0.8368,  0.7085,
         1.3177,  0.2471,  0.2015,  1.2643, -0.0102,  0.0198,  2.9417],
       device='cuda:1')
tensor([[0.0028]], device='cuda:1') tensor([[0.0023]], device='cuda:1') tensor([[0.0030]], device='cuda:1')
Likelihood: -133.6800537109375
Likelihood: -162.39065551757812
{'index': 162.39065551757812, 'thumb_middle': 133.6800537109375}
Current yaw: tensor([-0.0097,  0.0321, -2.5861], device='cuda:1')
3 thumb_middle
tensor([ 0.1091,  0.5662,  0.5567,  0.6651, -0.1676,  0.7762,  0.7292,  0.6196,
         1.3162,  0.2435,  0.1713,  1.2619, -0.0097,  0.0321, -2.5861,  0.1698],
       device='cuda:1')
Solve time for step 1 10.034294868004508
Current ori: tensor([-0.0097,  0.0321, -2.5861], device='cuda:1')
Index force: tensor([0.6034, 0.6083, 0.6023, 0.6063], device='cuda:1')
tensor([ 0.1063,  0.5651,  0.5607,  0.6536, -0.2378,  0.7144,  0.7441,  0.6122,
         1.2648,  0.1980,  0.1179,  1.2441, -0.0097,  0.0342, -2.5861,  0.1526],
       device='cuda:1')
Solve time for step 2 2.7280148529680446
Current ori: tensor([-0.0097,  0.0342, -2.5861], device='cuda:1')
Index force: tensor([0.5979, 0.5945, 0.5987], device='cuda:1')
tensor([ 0.0990,  0.5596,  0.5625,  0.6516, -0.2442,  0.7055,  0.7508,  0.6462,
         1.2675,  0.2105,  0.1063,  1.2436, -0.0085,  0.0384, -2.5861,  0.1434],
       device='cuda:1')
Solve time for step 3 2.4846732040168718
Current ori: tensor([-0.0085,  0.0384, -2.5861], device='cuda:1')
Index force: tensor([0.5834, 0.5892], device='cuda:1')
tensor([ 0.1067,  0.5541,  0.5745,  0.6577, -0.2411,  0.7049,  0.7529,  0.6419,
         1.2557,  0.2178,  0.1048,  1.2609, -0.0069,  0.0342, -2.5861,  0.1569],
       device='cuda:1')
Solve time for step 4 2.51524757000152
Current ori: tensor([-0.0069,  0.0342, -2.5861], device='cuda:1')
Index force: tensor([0.5460], device='cuda:1')
Likelihood: -151.87271118164062
Current yaw: tensor([-0.0081,  0.0211, -2.5987], device='cuda:1')
4 turn
Sampling time 3.6434444029582664
tensor([ 0.1290,  0.5663,  0.5700,  0.6783, -0.1766,  0.7485,  0.7916,  0.6636,
         1.3267,  0.2464,  0.1310,  1.2713, -0.0081,  0.0211, -2.5987,  0.2067],
       device='cuda:1')
Likelihood: -146.72630310058594
Solve time for step 1 21.335548290982842
Current ori: tensor([-0.0081,  0.0211, -2.5987], device='cuda:1')
Middle force: tensor([0.7439, 0.9798, 0.6244, 1.5149, 0.6506, 0.4986, 0.5696, 0.5637, 0.5991,
        0.5662, 1.2186, 0.5568], device='cuda:1')
Thumb force: tensor([1.6125, 0.7875, 2.2833, 1.2385, 2.0238, 0.5022, 0.6510, 0.7289, 0.6057,
        0.5436, 0.6011, 0.6306], device='cuda:1')
Index force: tensor([0.9295, 0.8482, 0.5845, 0.8457, 0.7106, 0.9238, 0.6165, 0.5744, 0.6075,
        0.6074, 0.6167, 0.6155], device='cuda:1')
tensor([ 0.1231,  0.6040,  0.5517,  0.6004, -0.1985,  0.6954,  0.8266,  0.7498,
         1.3666,  0.2289,  0.1731,  1.0974, -0.0165,  0.0267, -2.8199,  0.2472],
       device='cuda:1')
Likelihood: -174.84349060058594
Solve time for step 2 5.555003315093927
Current ori: tensor([-0.0165,  0.0267, -2.8199], device='cuda:1')
Middle force: tensor([1.0851, 0.5228, 0.5768, 0.6083, 0.9386, 0.5006, 0.5008, 0.6131, 0.6313,
        0.5017, 0.5548], device='cuda:1')
Thumb force: tensor([1.0685, 0.8068, 0.8145, 0.5627, 1.4233, 0.5168, 0.6635, 0.8025, 0.5558,
        0.8146, 0.6206], device='cuda:1')
Index force: tensor([0.5924, 0.8144, 0.5425, 0.6389, 0.5600, 0.5727, 0.6690, 0.5118, 0.6342,
        0.5608, 0.6730], device='cuda:1')
tensor([ 0.1049,  0.6370,  0.5038,  0.5698, -0.1670,  0.8770,  0.6287,  0.5590,
         1.2960,  0.3080,  0.1440,  1.2560, -0.0385,  0.0261, -2.6023,  0.4171],
       device='cuda:1')
Likelihood: -191.69369506835938
State is out of distribution
Projection step: 0, Loss: 195.51429748535156
Projection step: 1, Loss: 180.60885620117188
Projection step: 2, Loss: 170.04270935058594
Projection step: 3, Loss: 159.1453094482422
Projection step: 4, Loss: 154.49781799316406
Projection step: 5, Loss: 138.4535369873047
Projection step: 6, Loss: 137.80728149414062
Projection step: 7, Loss: 130.61541748046875
Projection step: 8, Loss: 125.88428497314453
Projection step: 9, Loss: 119.22257232666016
Projection step: 10, Loss: 115.19413757324219
Projection step: 11, Loss: 112.38252258300781
Projection step: 12, Loss: 105.92489624023438
Projection step: 13, Loss: 101.20381164550781
Final likelihood: tensor([-112.8291, -121.8308, -100.0532, -107.2764,  -86.5869, -102.1513,
         -99.6888,  -99.8601, -123.1289, -103.6157,  -78.8703,  -87.3872,
        -117.4784, -114.9950,  -80.3014,  -83.2074])
1 mode projection succeeded
New goal: tensor([ 0.0898,  0.5854,  0.5134,  0.6275, -0.0742,  0.7356,  0.6561,  0.7984,
         1.3952,  0.1789,  0.2149,  1.0573, -0.0423,  0.0113,  2.5478],
       device='cuda:1')
tensor([[0.0031]], device='cuda:1') tensor([[0.0023]], device='cuda:1') tensor([[0.0023]], device='cuda:1')
Likelihood: -144.09149169921875
Likelihood: -180.8988037109375
{'index': 180.8988037109375, 'thumb_middle': 144.09149169921875}
Current yaw: tensor([-0.0385,  0.0261, -2.6023], device='cuda:1')
5 thumb_middle
tensor([ 0.1049,  0.6370,  0.5038,  0.5698, -0.1670,  0.8770,  0.6287,  0.5590,
         1.2960,  0.3080,  0.1440,  1.2560, -0.0385,  0.0261, -2.6023,  0.4171],
       device='cuda:1')
Solve time for step 1 10.391557148075663
Current ori: tensor([-0.0385,  0.0261, -2.6023], device='cuda:1')
Index force: tensor([0.6790, 0.4999, 0.6083, 0.6114], device='cuda:1')
tensor([ 0.1119,  0.5944,  0.4651,  0.7746, -0.2202,  0.7947,  0.6068,  0.6262,
         1.2719,  0.2318,  0.1049,  1.1734, -0.0138,  0.0248, -2.6023,  0.5073],
       device='cuda:1')
Solve time for step 2 2.940800906973891
Current ori: tensor([-0.0138,  0.0248, -2.6023], device='cuda:1')
Index force: tensor([0.5000, 0.6039, 0.6075], device='cuda:1')
tensor([ 0.1086,  0.5961,  0.4612,  0.7698, -0.2240,  0.7829,  0.6113,  0.6580,
         1.2919,  0.2006,  0.1027,  1.1397, -0.0146,  0.0267, -2.6023,  0.5009],
       device='cuda:1')
Solve time for step 3 2.631841891910881
Current ori: tensor([-0.0146,  0.0267, -2.6023], device='cuda:1')
Index force: tensor([0.5980, 0.6039], device='cuda:1')
tensor([ 0.0947,  0.6160,  0.4662,  0.6790, -0.2276,  0.7635,  0.6368,  0.6789,
         1.3132,  0.1938,  0.0979,  1.1023, -0.0264,  0.0336, -2.6023,  0.4576],
       device='cuda:1')
Solve time for step 4 2.493212837027386
Current ori: tensor([-0.0264,  0.0336, -2.6023], device='cuda:1')
Index force: tensor([0.5875], device='cuda:1')
Likelihood: -172.2731170654297
Current yaw: tensor([-0.0329,  0.0223, -2.6230], device='cuda:1')
6 turn
Sampling time 3.9001988660311326
tensor([ 0.1119,  0.6343,  0.4752,  0.6464, -0.1628,  0.8020,  0.6575,  0.7180,
         1.3854,  0.2108,  0.1440,  1.0879, -0.0329,  0.0223, -2.6230,  0.4904],
       device='cuda:1')
Likelihood: -164.41876220703125
Solve time for step 1 21.190966234076768
Current ori: tensor([-0.0329,  0.0223, -2.6230], device='cuda:1')
Middle force: tensor([0.6052, 0.6908, 0.5519, 0.5254, 0.6163, 0.5971, 0.5027, 0.5573, 0.5621,
        0.5007, 0.5713, 0.5155], device='cuda:1')
Thumb force: tensor([0.5749, 2.3523, 1.8139, 0.7171, 1.5273, 0.6101, 0.6488, 0.5866, 0.6162,
        0.5807, 0.6287, 1.0370], device='cuda:1')
Index force: tensor([0.6051, 0.7420, 0.5603, 0.5766, 1.2363, 0.6082, 0.5494, 0.5949, 0.5969,
        0.5768, 0.5357, 0.8715], device='cuda:1')
Applying wrench: tensor([[ 0.1155, -0.3527,  0.0453, -0.0471,  0.0604, -0.0554]])
tensor([ 0.1237,  0.5542,  0.5603,  0.7210, -0.1548,  0.8345,  0.5660,  0.8431,
         1.3472,  0.2553,  0.1352,  1.1735, -0.0127,  0.0160, -2.5858,  0.5291],
       device='cuda:1')
Likelihood: -173.36666870117188
Solve time for step 2 5.572689459077083
Current ori: tensor([-0.0127,  0.0160, -2.5858], device='cuda:1')
Middle force: tensor([0.6684, 0.5461, 0.5195, 0.6033, 0.5901, 0.5006, 0.5501, 0.5548, 0.5002,
        0.5641, 0.5114], device='cuda:1')
Thumb force: tensor([2.3085, 1.7803, 0.6930, 1.4960, 0.5994, 0.6364, 0.5755, 0.6016, 0.5710,
        0.6095, 1.0179], device='cuda:1')
Index force: tensor([0.7170, 0.5497, 0.5649, 1.2110, 0.5964, 0.5437, 0.5845, 0.5898, 0.5669,
        0.5291, 0.8550], device='cuda:1')
tensor([ 0.1347,  0.5307,  0.5894,  0.7485, -0.1555,  0.8052,  0.6000,  0.8880,
         1.3110,  0.3478,  0.1382,  1.1756, -0.0043,  0.0112, -2.6467,  0.6277],
       device='cuda:1')
Likelihood: -176.0225372314453
State is out of distribution
Projection step: 0, Loss: 169.9769287109375
Projection step: 1, Loss: 153.8096923828125
Projection step: 2, Loss: 148.37347412109375
Projection step: 3, Loss: 132.8445281982422
Projection step: 4, Loss: 122.30157470703125
Projection step: 5, Loss: 113.60054016113281
Projection step: 6, Loss: 101.80935668945312
Final likelihood: tensor([ -93.8963,  -99.8145, -119.4915,  -95.0581, -103.3427,  -95.9918,
         -96.3048,  -90.9469, -101.8072, -100.3699, -123.1702,  -98.7430,
        -101.3749, -109.6786, -110.7713,  -88.1880])
1 mode projection succeeded
New goal: tensor([ 9.5991e-02,  5.3674e-01,  5.9506e-01,  6.9858e-01, -1.0594e-01,
         6.8491e-01,  7.9020e-01,  8.0042e-01,  1.3154e+00,  2.9217e-01,
         1.7012e-01,  1.2368e+00,  2.5038e-04,  1.3902e-02, -2.9685e+00],
       device='cuda:1')
tensor([[0.0021]], device='cuda:1') tensor([[0.0026]], device='cuda:1') tensor([[0.0029]], device='cuda:1')
Likelihood: -190.31793212890625
Likelihood: -145.48785400390625
{'index': 145.48785400390625, 'thumb_middle': 190.31793212890625}
Current yaw: tensor([-0.0043,  0.0112, -2.6467], device='cuda:1')
7 index
tensor([ 0.1347,  0.5307,  0.5894,  0.7485, -0.1555,  0.8052,  0.6000,  0.8880,
         1.3110,  0.3478,  0.1382,  1.1756, -0.0043,  0.0112, -2.6467,  0.6277],
       device='cuda:1')
Solve time for step 1 12.48151662608143
Current ori: tensor([-0.0043,  0.0112, -2.6467], device='cuda:1')
Middle force: tensor([0.6051, 0.5365, 0.5609, 0.5439], device='cuda:1')
Thumb force: tensor([0.5630, 0.5666, 0.5899, 0.6098], device='cuda:1')
tensor([ 0.1664,  0.4687,  0.5496,  0.7015, -0.1540,  0.7876,  0.6502,  0.8337,
         1.3214,  0.3352,  0.1313,  1.1614, -0.0089,  0.0099, -2.6683,  0.8318],
       device='cuda:1')
Solve time for step 2 3.2869933020556346
Current ori: tensor([-0.0089,  0.0099, -2.6683], device='cuda:1')
Middle force: tensor([0.5333, 0.5566, 0.5411], device='cuda:1')
Thumb force: tensor([0.5626, 0.5860, 0.6050], device='cuda:1')
tensor([ 0.1661,  0.4752,  0.5361,  0.7050, -0.1634,  0.7733,  0.6717,  0.8178,
         1.3556,  0.2850,  0.1185,  1.1667, -0.0065,  0.0168, -2.6633,  0.9672],
       device='cuda:1')
Solve time for step 3 3.1434634409379214
Current ori: tensor([-0.0065,  0.0168, -2.6633], device='cuda:1')
Middle force: tensor([0.5535, 0.5380], device='cuda:1')
Thumb force: tensor([0.5798, 0.5998], device='cuda:1')
tensor([ 0.1629,  0.4785,  0.5342,  0.6948, -0.1578,  0.7735,  0.6896,  0.7817,
         1.3510,  0.2920,  0.1167,  1.1575, -0.0117,  0.0133, -2.6686,  1.1146],
       device='cuda:1')
Solve time for step 4 3.005814418080263
Current ori: tensor([-0.0117,  0.0133, -2.6686], device='cuda:1')
Middle force: tensor([0.5314], device='cuda:1')
Thumb force: tensor([0.5914], device='cuda:1')
Likelihood: -165.9934844970703
Current yaw: tensor([-0.0101,  0.0206, -2.6574], device='cuda:1')
8 turn
Sampling time 3.6446516590658575
tensor([ 0.1117,  0.5323,  0.5814,  0.7142, -0.1672,  0.7738,  0.6778,  0.7913,
         1.3556,  0.2894,  0.1278,  1.1524, -0.0101,  0.0206, -2.6574,  1.1359],
       device='cuda:1')
Likelihood: -166.00631713867188
Solve time for step 1 20.95956228300929
Current ori: tensor([-0.0101,  0.0206, -2.6574], device='cuda:1')
Middle force: tensor([0.5256, 0.5048, 1.1316, 0.5793, 0.8597, 0.5006, 2.0582, 1.2791, 0.5109,
        1.0201, 0.5569, 0.5281], device='cuda:1')
Thumb force: tensor([0.7972, 0.5218, 1.9469, 0.6040, 0.7005, 0.6942, 1.6433, 0.6450, 0.5719,
        0.6258, 0.5919, 0.7582], device='cuda:1')
Index force: tensor([0.5424, 0.5548, 1.0216, 0.5744, 0.5825, 0.7469, 0.5295, 0.5793, 0.6312,
        0.5657, 0.5142, 0.5623], device='cuda:1')
tensor([ 0.1161,  0.5281,  0.5576,  0.7827, -0.1755,  0.7301,  0.7053,  0.8863,
         1.3748,  0.2959,  0.1410,  1.0676, -0.0029,  0.0186, -2.7814,  1.2752],
       device='cuda:1')
Likelihood: -161.030029296875
Solve time for step 2 5.538237030035816
Current ori: tensor([-0.0029,  0.0186, -2.7814], device='cuda:1')
Middle force: tensor([0.6417, 0.5487, 0.5001, 0.7490, 1.0325, 0.5551, 0.5464, 0.5671, 0.5288,
        0.5889, 0.5000], device='cuda:1')
Thumb force: tensor([0.6094, 1.4555, 2.5521, 0.8599, 1.8286, 0.5876, 0.7345, 0.5328, 1.5860,
        0.5990, 0.5798], device='cuda:1')
Index force: tensor([0.7924, 0.5838, 0.6081, 0.5748, 0.5752, 0.5704, 0.5123, 0.4999, 0.7731,
        0.5859, 0.5723], device='cuda:1')
Applying wrench: tensor([[ 0.0954, -0.0221,  0.0583,  0.1170,  0.0430, -0.0818]])
tensor([ 1.4037e-01,  5.3425e-01,  5.9898e-01,  7.3207e-01, -1.5338e-01,
         7.3889e-01,  7.2133e-01,  8.6049e-01,  1.3707e+00,  2.9267e-01,
         1.1456e-01,  1.0740e+00, -9.5026e-03,  1.7303e-03, -2.8010e+00,
         1.3374e+00], device='cuda:1')
Likelihood: -154.8189239501953
Solve time for step 3 5.070207966025919
Current ori: tensor([-9.5026e-03,  1.7303e-03, -2.8010e+00], device='cuda:1')
Middle force: tensor([0.5444, 0.5001, 0.7411, 1.0092, 0.5426, 0.5400, 0.5565, 0.5256, 0.5801,
        0.5000], device='cuda:1')
Thumb force: tensor([1.3739, 2.5011, 0.8470, 1.7956, 0.5814, 0.7227, 0.5274, 1.5425, 0.5886,
        0.5703], device='cuda:1')
Index force: tensor([0.5691, 0.5915, 0.5634, 0.5651, 0.5628, 0.5083, 0.4997, 0.7468, 0.5746,
        0.5631], device='cuda:1')
tensor([ 0.1400,  0.4794,  0.6542,  0.7685, -0.1627,  0.7195,  0.7455,  0.8860,
         1.3738,  0.3186,  0.0983,  1.1114,  0.0060,  0.0050, -2.8412,  1.4136],
       device='cuda:1')
Likelihood: -150.90420532226562
Solve time for step 4 5.022823057021014
Current ori: tensor([ 0.0060,  0.0050, -2.8412], device='cuda:1')
Middle force: tensor([0.5001, 0.7358, 0.9851, 0.5311, 0.5341, 0.5488, 0.5189, 0.5699, 0.5000],
       device='cuda:1')
Thumb force: tensor([2.4543, 0.8354, 1.7670, 0.5742, 0.7107, 0.5224, 1.5103, 0.5801, 0.5620],
       device='cuda:1')
Index force: tensor([0.5837, 0.5521, 0.5566, 0.5555, 0.5050, 0.4999, 0.7302, 0.5653, 0.5548],
       device='cuda:1')
tensor([ 0.1218,  0.4671,  0.6561,  0.7608, -0.1745,  0.7089,  0.7458,  0.8840,
         1.3517,  0.4483,  0.1398,  1.0503,  0.0080,  0.0157, -2.9092,  1.4603],
       device='cuda:1')
Likelihood: -160.258544921875
Solve time for step 5 4.801895546959713
Current ori: tensor([ 0.0080,  0.0157, -2.9092], device='cuda:1')
Middle force: tensor([0.7195, 0.9568, 0.5204, 0.5280, 0.5402, 0.5131, 0.5602, 0.5000],
       device='cuda:1')
Thumb force: tensor([0.8231, 1.7385, 0.5688, 0.7051, 0.5184, 1.4846, 0.5734, 0.5533],
       device='cuda:1')
Index force: tensor([0.5423, 0.5483, 0.5487, 0.5024, 0.5001, 0.7156, 0.5551, 0.5467],
       device='cuda:1')
tensor([ 0.1334,  0.4798,  0.6580,  0.7463, -0.1672,  0.7031,  0.7572,  0.8977,
         1.3813,  0.4056,  0.1192,  1.0277,  0.0038,  0.0082, -2.9719,  1.5252],
       device='cuda:1')
Likelihood: -149.06533813476562
Solve time for step 6 4.578494891058654
Current ori: tensor([ 0.0038,  0.0082, -2.9719], device='cuda:1')
Middle force: tensor([0.9382, 0.5143, 0.5240, 0.5331, 0.5091, 0.5532, 0.5000],
       device='cuda:1')
Thumb force: tensor([1.7052, 0.5610, 0.6927, 0.5150, 1.4551, 0.5628, 0.5458],
       device='cuda:1')
Index force: tensor([0.5392, 0.5423, 0.5009, 0.4999, 0.7039, 0.5484, 0.5402],
       device='cuda:1')
tensor([ 1.3121e-01,  4.9118e-01,  6.5008e-01,  7.2682e-01, -1.7079e-01,
         6.9397e-01,  7.6659e-01,  9.1059e-01,  1.3832e+00,  4.5801e-01,
         1.3626e-01,  9.7604e-01, -6.9261e-04,  9.0923e-03, -3.0356e+00,
         1.5793e+00], device='cuda:1')
Likelihood: -156.97210693359375
Solve time for step 7 4.39687363000121
Current ori: tensor([-6.9261e-04,  9.0923e-03, -3.0356e+00], device='cuda:1')
Middle force: tensor([0.5089, 0.5198, 0.5269, 0.5065, 0.5472, 0.5000], device='cuda:1')
Thumb force: tensor([0.5530, 0.6844, 0.5121, 1.4280, 0.5542, 0.5389], device='cuda:1')
Index force: tensor([0.5371, 0.5001, 0.5000, 0.6931, 0.5417, 0.5338], device='cuda:1')
tensor([ 1.3779e-01,  4.9331e-01,  6.5419e-01,  7.2568e-01, -1.7038e-01,
         6.7203e-01,  7.9200e-01,  9.4797e-01,  1.3966e+00,  4.4132e-01,
         1.3978e-01,  9.3619e-01, -9.3167e-04,  5.1518e-03, -3.1100e+00,
         1.6483e+00], device='cuda:1')
Likelihood: -155.63104248046875
Solve time for step 8 4.3028739540604874
Current ori: tensor([-9.3167e-04,  5.1518e-03, -3.1100e+00], device='cuda:1')
Middle force: tensor([0.5171, 0.5240, 0.5050, 0.5425, 0.5000], device='cuda:1')
Thumb force: tensor([0.6594, 0.5095, 1.3990, 0.5463, 0.5328], device='cuda:1')
Index force: tensor([0.5003, 0.5001, 0.6856, 0.5379, 0.5290], device='cuda:1')
tensor([ 1.3824e-01,  4.9054e-01,  6.5976e-01,  7.2255e-01, -1.7059e-01,
         6.7001e-01,  7.9384e-01,  9.5139e-01,  1.4050e+00,  4.2706e-01,
         1.3207e-01,  9.3810e-01, -4.8894e-04,  5.0306e-03, -3.1160e+00,
         1.6538e+00], device='cuda:1')
Likelihood: -153.41595458984375
Solve time for step 9 4.022612269967794
Current ori: tensor([-4.8894e-04,  5.0306e-03, -3.1160e+00], device='cuda:1')
Middle force: tensor([0.5202, 0.5041, 0.5387, 0.5000], device='cuda:1')
Thumb force: tensor([0.5075, 1.3690, 0.5400, 0.5283], device='cuda:1')
Index force: tensor([0.5000, 0.6765, 0.5346, 0.5250], device='cuda:1')
tensor([ 1.3306e-01,  4.8365e-01,  6.6257e-01,  7.2530e-01, -1.7189e-01,
         6.7697e-01,  7.8333e-01,  9.3470e-01,  1.4059e+00,  4.4808e-01,
         1.2865e-01,  9.4490e-01,  7.4124e-04,  8.0755e-03, -3.1000e+00,
         1.6498e+00], device='cuda:1')
Likelihood: -158.61563110351562
Solve time for step 10 3.7697119519580156
Current ori: tensor([ 7.4124e-04,  8.0755e-03, -3.1000e+00], device='cuda:1')
Middle force: tensor([0.5032, 0.5181, 0.5520], device='cuda:1')
Thumb force: tensor([0.5060, 0.7400, 0.5387], device='cuda:1')
Index force: tensor([0.5487, 0.5302, 0.5233], device='cuda:1')
tensor([ 1.3474e-01,  4.7674e-01,  6.7766e-01,  7.1650e-01, -1.7254e-01,
         6.7055e-01,  7.8790e-01,  9.5176e-01,  1.4300e+00,  4.1765e-01,
         1.0461e-01,  9.4700e-01,  1.9655e-03,  7.2936e-03, -3.1228e+00,
         1.6628e+00], device='cuda:1')
Likelihood: -154.92587280273438
Solve time for step 11 3.751317879068665
Current ori: tensor([ 1.9655e-03,  7.2936e-03, -3.1228e+00], device='cuda:1')
Middle force: tensor([0.5153, 0.5486], device='cuda:1')
Thumb force: tensor([0.7239, 0.5360], device='cuda:1')
Index force: tensor([0.5265, 0.5206], device='cuda:1')
tensor([ 1.3146e-01,  4.7339e-01,  6.8392e-01,  7.0638e-01, -1.7574e-01,
         6.6608e-01,  7.9144e-01,  9.5613e-01,  1.4419e+00,  4.1273e-01,
         9.3777e-02,  9.4574e-01,  1.5960e-03,  9.1185e-03, -3.1402e+00,
         1.6848e+00], device='cuda:1')
Likelihood: -143.81878662109375
Solve time for step 12 3.6135549190221354
Current ori: tensor([ 1.5960e-03,  9.1185e-03, -3.1402e+00], device='cuda:1')
Middle force: tensor([0.5443], device='cuda:1')
Thumb force: tensor([0.5271], device='cuda:1')
Index force: tensor([0.5201], device='cuda:1')
Applying wrench: tensor([[-0.0333,  0.1339,  0.0235, -0.0717,  0.1303, -0.2055]])
Likelihood: -162.14768981933594
Current yaw: tensor([ 6.8654e-03,  1.7406e-03, -3.1773e+00], device='cuda:1')
9 turn
Sampling time 3.8089440600015223
tensor([ 1.3708e-01,  4.6139e-01,  7.0304e-01,  7.1138e-01, -1.7667e-01,
         6.7235e-01,  8.0119e-01,  9.7355e-01,  1.4517e+00,  3.9009e-01,
         7.7164e-02,  9.5649e-01,  6.8654e-03,  1.7406e-03, -3.1773e+00,
         1.5038e+00], device='cuda:1')
Likelihood: -155.78579711914062
Solve time for step 1 21.173385506030172
Current ori: tensor([ 6.8654e-03,  1.7406e-03, -3.1773e+00], device='cuda:1')
Middle force: tensor([0.5549, 0.5491, 0.5069, 1.0077, 0.5496, 0.5271, 0.5975, 0.5644, 0.8345,
        0.5232, 0.5928, 0.6500], device='cuda:1')
Thumb force: tensor([0.5976, 1.8051, 0.6586, 1.3536, 0.9839, 0.6625, 0.5890, 0.5566, 0.7388,
        0.6817, 0.6198, 0.5838], device='cuda:1')
Index force: tensor([0.8786, 0.7405, 0.6133, 0.5418, 0.5623, 0.6255, 0.5009, 0.6181, 0.7965,
        0.6567, 0.6230, 0.5735], device='cuda:1')
tensor([ 0.1335,  0.4861,  0.6523,  0.7418, -0.1834,  0.6847,  0.7955,  0.9594,
         1.4359,  0.4577,  0.1032,  0.9181,  0.0034,  0.0033, -3.2022,  1.5380],
       device='cuda:1')
Likelihood: -164.36129760742188
Solve time for step 2 5.598582737962715
Current ori: tensor([ 0.0034,  0.0033, -3.2022], device='cuda:1')
Middle force: tensor([0.5281, 1.4446, 0.5038, 0.5290, 0.6433, 0.5587, 0.5278, 0.5452, 0.5049,
        0.5048, 0.5337], device='cuda:1')
Thumb force: tensor([0.5799, 1.6205, 0.5008, 1.9175, 0.9383, 0.5151, 0.6013, 1.2637, 0.5766,
        0.6057, 0.6428], device='cuda:1')
Index force: tensor([0.6479, 0.5304, 0.7039, 0.7389, 0.5391, 0.5526, 0.6457, 0.5358, 0.6052,
        0.7135, 0.6249], device='cuda:1')
Applying wrench: tensor([[-0.1457, -0.1442,  0.2223,  0.0378,  0.0608,  0.0566]])
tensor([ 0.1339,  0.4744,  0.6630,  0.7527, -0.1893,  0.6756,  0.8131,  0.9758,
         1.4906,  0.3521,  0.0641,  0.9146,  0.0072,  0.0034, -3.2561,  1.5845],
       device='cuda:1')
Likelihood: -158.74508666992188
Solve time for step 3 5.121871504001319
Current ori: tensor([ 0.0072,  0.0034, -3.2561], device='cuda:1')
Middle force: tensor([1.2907, 0.5250, 0.9601, 0.5113, 0.7500, 0.5009, 0.5001, 0.5512, 0.5783,
        0.5410], device='cuda:1')
Thumb force: tensor([0.5238, 0.9149, 0.5616, 0.6387, 0.7416, 0.5966, 0.5410, 1.6708, 0.6287,
        0.5814], device='cuda:1')
Index force: tensor([0.5324, 0.8035, 0.5020, 0.7086, 0.5636, 0.7700, 0.8562, 0.5348, 0.5358,
        0.5261], device='cuda:1')
tensor([ 1.3823e-01,  4.4265e-01,  7.1830e-01,  7.3304e-01, -1.8959e-01,
         6.3456e-01,  8.9799e-01,  9.2635e-01,  1.4812e+00,  3.7335e-01,
         7.5279e-02,  9.1307e-01,  1.3192e-02,  1.5420e-03, -3.2820e+00,
         1.6187e+00], device='cuda:1')
Likelihood: -170.25216674804688
Solve time for step 4 4.985997698036954
Current ori: tensor([ 1.3192e-02,  1.5420e-03, -3.2820e+00], device='cuda:1')
Middle force: tensor([0.5243, 0.9523, 0.5102, 0.7438, 0.5008, 0.5001, 0.5491, 0.5765, 0.5404],
       device='cuda:1')
Thumb force: tensor([0.9091, 0.5547, 0.6332, 0.7323, 0.6000, 0.5388, 1.6413, 0.6250, 0.5763],
       device='cuda:1')
Index force: tensor([0.7832, 0.5016, 0.7043, 0.5610, 0.7703, 0.8988, 0.5327, 0.5333, 0.5246],
       device='cuda:1')
Applying wrench: tensor([[ 0.4076,  0.0327, -0.0035,  0.1740, -0.0198, -0.1786]])
tensor([ 0.1222,  0.4410,  0.7240,  0.6938, -0.2000,  0.6210,  0.9191,  0.8922,
         1.4998,  0.3832,  0.0684,  0.8929,  0.0098,  0.0102, -3.2862,  1.5930],
       device='cuda:1')
Likelihood: -170.04287719726562
Solve time for step 5 4.744676963076927
Current ori: tensor([ 0.0098,  0.0102, -3.2862], device='cuda:1')
Middle force: tensor([0.9432, 0.5085, 0.7400, 0.5007, 0.5000, 0.5469, 0.5745, 0.5391],
       device='cuda:1')
Thumb force: tensor([0.5506, 0.6422, 0.7242, 0.6028, 0.5391, 1.6176, 0.6248, 0.5766],
       device='cuda:1')
Index force: tensor([0.5014, 0.7001, 0.5591, 0.7696, 0.9437, 0.5308, 0.5310, 0.5229],
       device='cuda:1')
tensor([ 0.1323,  0.4335,  0.7455,  0.6892, -0.1935,  0.6090,  0.9453,  0.8926,
         1.5000,  0.3920,  0.0820,  0.8612,  0.0115,  0.0047, -3.3220,  1.6414],
       device='cuda:1')
Likelihood: -157.24192810058594
Solve time for step 6 4.699635741999373
Current ori: tensor([ 0.0115,  0.0047, -3.3220], device='cuda:1')
Middle force: tensor([0.6235, 0.5460, 0.5143, 0.5356, 0.5005, 0.5018, 0.5218],
       device='cuda:1')
Thumb force: tensor([0.8992, 0.5104, 0.6243, 1.2051, 0.5898, 0.6291, 0.6433],
       device='cuda:1')
Index force: tensor([0.5299, 0.5439, 0.6317, 0.5265, 0.6525, 0.7537, 0.6141],
       device='cuda:1')
tensor([ 1.3800e-01,  4.7686e-01,  6.8885e-01,  7.0061e-01, -1.8936e-01,
         6.2746e-01,  8.9604e-01,  9.6192e-01,  1.5000e+00,  3.2843e-01,
         1.0508e-01,  8.0462e-01,  2.0942e-03,  1.8344e-04, -3.3859e+00,
         1.7027e+00], device='cuda:1')
Likelihood: -154.80581665039062
Solve time for step 7 4.6095146159641445
Current ori: tensor([ 2.0942e-03,  1.8344e-04, -3.3859e+00], device='cuda:1')
Middle force: tensor([0.5445, 0.5142, 0.5352, 0.5004, 0.5017, 0.5212], device='cuda:1')
Thumb force: tensor([0.5096, 0.6159, 1.1830, 0.5877, 0.6225, 0.6367], device='cuda:1')
Index force: tensor([0.5408, 0.6313, 0.5256, 0.6552, 0.7515, 0.6124], device='cuda:1')
tensor([ 1.2554e-01,  4.8452e-01,  6.6150e-01,  7.1105e-01, -1.9915e-01,
         6.3285e-01,  8.6882e-01,  9.9177e-01,  1.5000e+00,  3.0359e-01,
         1.1123e-01,  7.8263e-01,  8.1193e-04,  7.1290e-03, -3.4036e+00,
         1.7126e+00], device='cuda:1')
Likelihood: -173.03289794921875
Solve time for step 8 4.308268047054298
Current ori: tensor([ 8.1193e-04,  7.1290e-03, -3.4036e+00], device='cuda:1')
Middle force: tensor([0.5128, 0.5342, 0.5004, 0.5015, 0.5202], device='cuda:1')
Thumb force: tensor([0.6145, 1.1664, 0.5862, 0.6210, 0.6332], device='cuda:1')
Index force: tensor([0.6293, 0.5242, 0.6567, 0.7482, 0.6102], device='cuda:1')
Applying wrench: tensor([[-4.0210e-01,  6.7895e-06,  6.3203e-03,  9.0023e-02, -2.2640e-02,
         -7.3750e-02]])
tensor([ 1.2076e-01,  4.8670e-01,  6.5016e-01,  7.1820e-01, -2.0367e-01,
         6.3440e-01,  8.5729e-01,  1.0046e+00,  1.5000e+00,  2.7989e-01,
         1.2696e-01,  7.5123e-01,  7.6139e-04,  1.0424e-02, -3.4110e+00,
         1.7193e+00], device='cuda:1')
Likelihood: -186.00228881835938
State is out of distribution
Projection step: 0, Loss: 180.99468994140625
Projection step: 1, Loss: 158.30465698242188
Projection step: 2, Loss: 131.4376220703125
Projection step: 3, Loss: 118.45915222167969
Projection step: 4, Loss: 105.49879455566406
Projection step: 5, Loss: 100.84497833251953
Final likelihood: tensor([-100.2001,  -96.8006, -109.8699,  -94.6334, -106.1270,  -90.4210,
        -103.6123,  -91.9532, -115.6524, -101.0848, -101.0623,  -81.3595,
         -87.2204, -111.5553,  -96.7048, -125.2627])
1 mode projection succeeded
New goal: tensor([ 1.3271e-01,  5.0333e-01,  6.0821e-01,  7.3319e-01, -1.0498e-01,
         5.9743e-01,  9.2339e-01,  9.2541e-01,  1.4782e+00,  3.4599e-01,
         1.4996e-01,  9.8572e-01,  6.2609e-04,  1.0780e-02, -2.8434e+00],
       device='cuda:1')
tensor([[0.0055]], device='cuda:1') tensor([[0.0025]], device='cuda:1') tensor([[0.0029]], device='cuda:1')
Likelihood: -132.83847045898438
Likelihood: -174.71218872070312
{'index': 174.71218872070312, 'thumb_middle': 132.83847045898438}
Current yaw: tensor([ 7.6139e-04,  1.0424e-02, -3.4110e+00], device='cuda:1')
10 thumb_middle
tensor([ 1.2076e-01,  4.8670e-01,  6.5016e-01,  7.1820e-01, -2.0367e-01,
         6.3440e-01,  8.5729e-01,  1.0046e+00,  1.5000e+00,  2.7989e-01,
         1.2696e-01,  7.5123e-01,  7.6139e-04,  1.0424e-02, -3.4110e+00,
         1.7193e+00], device='cuda:1')
Solve time for step 1 9.850097455899231
Current ori: tensor([ 7.6139e-04,  1.0424e-02, -3.4110e+00], device='cuda:1')
Index force: tensor([0.5988, 0.6190, 0.6497, 0.5001], device='cuda:1')
tensor([ 0.1258,  0.4272,  0.6659,  0.8616, -0.2577,  0.5649,  0.8507,  0.9514,
         1.4443,  0.2959,  0.0727,  0.8076,  0.0292,  0.0105, -3.4110,  1.7860],
       device='cuda:1')
Solve time for step 2 2.8603401710279286
Current ori: tensor([ 0.0292,  0.0105, -3.4110], device='cuda:1')
Index force: tensor([0.6060, 0.6408, 0.5000], device='cuda:1')
tensor([ 0.1395,  0.4007,  0.6528,  0.9740, -0.2619,  0.5913,  0.8352,  0.9419,
         1.4550,  0.3152,  0.0520,  0.8247,  0.0481,  0.0068, -3.4110,  1.8411],
       device='cuda:1')
Solve time for step 3 2.5623981719836593
Current ori: tensor([ 0.0481,  0.0068, -3.4110], device='cuda:1')
Index force: tensor([0.6284, 0.5000], device='cuda:1')
tensor([ 0.1467,  0.3643,  0.6485,  1.0790, -0.2532,  0.5744,  0.8544,  0.9199,
         1.4607,  0.3201,  0.0639,  0.8295,  0.0694,  0.0075, -3.4110,  1.8895],
       device='cuda:1')
Solve time for step 4 2.38041774998419
Current ori: tensor([ 0.0694,  0.0075, -3.4110], device='cuda:1')
Index force: tensor([0.5000], device='cuda:1')
Likelihood: -258.48101806640625
State is out of distribution
Projection step: 0, Loss: 265.22137451171875
Projection step: 1, Loss: 239.78005981445312
Projection step: 2, Loss: 209.67071533203125
Projection step: 3, Loss: 201.01806640625
Projection step: 4, Loss: 180.959716796875
Projection step: 5, Loss: 166.291015625
Projection step: 6, Loss: 165.48910522460938
Projection step: 7, Loss: 148.09689331054688
Projection step: 8, Loss: 159.26556396484375
Projection step: 9, Loss: 139.99578857421875
Projection step: 10, Loss: 138.49383544921875
Projection step: 11, Loss: 136.2103271484375
Projection step: 12, Loss: 126.15679168701172
Projection step: 13, Loss: 120.27562713623047
Projection step: 14, Loss: 127.39739227294922
Projection step: 15, Loss: 125.62226104736328
Projection step: 16, Loss: 122.96678924560547
Projection step: 17, Loss: 115.06620788574219
Projection step: 18, Loss: 114.92767333984375
Projection step: 19, Loss: 111.123779296875
Projection step: 20, Loss: 106.41924285888672
Projection step: 21, Loss: 108.97604370117188
Projection step: 22, Loss: 102.56305694580078
Final likelihood: tensor([ -86.3541, -105.9963,  -99.8544, -115.8954, -111.1650,  -98.7119,
        -115.5998, -116.5595,  -94.1143, -117.0703,  -94.9604,  -96.7905,
         -79.2669, -114.6740, -106.8701,  -87.1256])
1 mode projection succeeded
New goal: tensor([ 0.1444,  0.4908,  0.5946,  0.7028, -0.0694,  0.5113,  0.9508,  0.9494,
         1.3829,  0.3931,  0.1966,  1.0830,  0.0365,  0.0031, -1.5591],
       device='cuda:1')
tensor([[0.0040]], device='cuda:1') tensor([[0.0029]], device='cuda:1') tensor([[0.0027]], device='cuda:1')
Likelihood: -128.1996307373047
Likelihood: -190.33016967773438
{'index': 190.33016967773438, 'thumb_middle': 128.1996307373047}
Current yaw: tensor([ 6.5089e-02,  3.3847e-03, -3.4364e+00], device='cuda:1')
11 thumb_middle
tensor([ 1.5107e-01,  3.7685e-01,  6.4297e-01,  1.0667e+00, -2.0529e-01,
         6.3268e-01,  9.0334e-01,  9.6069e-01,  1.5000e+00,  3.3898e-01,
         1.2554e-01,  8.6302e-01,  6.5089e-02,  3.3847e-03, -3.4364e+00,
         1.8718e+00], device='cuda:1')
Solve time for step 1 10.151214809971862
Current ori: tensor([ 6.5089e-02,  3.3847e-03, -3.4364e+00], device='cuda:1')
Index force: tensor([0.5689, 0.6049, 0.6039, 0.6049], device='cuda:1')
tensor([ 0.1364,  0.3988,  0.6519,  0.9746, -0.2523,  0.5489,  0.8776,  0.9241,
         1.4067,  0.3507,  0.0609,  0.9163,  0.0485,  0.0078, -3.4364,  1.8418],
       device='cuda:1')
Solve time for step 2 2.739969279966317
Current ori: tensor([ 0.0485,  0.0078, -3.4364], device='cuda:1')
Index force: tensor([0.5966, 0.5979, 0.5993], device='cuda:1')
tensor([ 0.1266,  0.4268,  0.6465,  0.9039, -0.2375,  0.5331,  0.8688,  0.9021,
         1.3874,  0.3522,  0.0538,  0.9357,  0.0335,  0.0100, -3.4364,  1.8083],
       device='cuda:1')
Solve time for step 3 2.6097286470467225
Current ori: tensor([ 0.0335,  0.0100, -3.4364], device='cuda:1')
Index force: tensor([0.5882, 0.5915], device='cuda:1')
tensor([ 0.1210,  0.4421,  0.6374,  0.8697, -0.2433,  0.5174,  0.8884,  0.9110,
         1.3868,  0.3650,  0.0450,  0.9509,  0.0260,  0.0121, -3.4364,  1.7872],
       device='cuda:1')
Solve time for step 4 2.484937092056498
Current ori: tensor([ 0.0260,  0.0121, -3.4364], device='cuda:1')
Index force: tensor([0.5775], device='cuda:1')
Likelihood: -163.0769805908203
Current yaw: tensor([ 0.0275,  0.0100, -3.4437], device='cuda:1')
12 turn
Sampling time 3.5989405049476773
tensor([ 0.1243,  0.4347,  0.6525,  0.8659, -0.1704,  0.5673,  0.9247,  0.9269,
         1.4543,  0.3845,  0.0939,  0.9714,  0.0275,  0.0100, -3.4437,  1.7913],
       device='cuda:1')
Likelihood: -161.03533935546875
Solve time for step 1 21.402580764028244
Current ori: tensor([ 0.0275,  0.0100, -3.4437], device='cuda:1')
Middle force: tensor([1.8180, 0.6937, 0.7211, 0.5520, 1.4469, 0.7422, 0.5051, 0.7367, 0.5469,
        0.5522, 0.5433, 0.6716], device='cuda:1')
Thumb force: tensor([1.0896, 1.5745, 0.5716, 0.9083, 1.3586, 0.8257, 0.6373, 0.5733, 0.7541,
        0.5959, 0.5647, 0.5787], device='cuda:1')
Index force: tensor([1.2533, 0.5274, 0.5255, 0.5751, 0.5879, 0.5758, 0.7674, 0.5003, 0.5355,
        0.6504, 0.6813, 0.6141], device='cuda:1')
tensor([ 0.1596,  0.4660,  0.6602,  0.8357, -0.1577,  0.5478,  0.9743,  0.9876,
         1.4632,  0.3833,  0.1153,  0.8647,  0.0187, -0.0107, -3.5685,  1.9209],
       device='cuda:1')
Likelihood: -174.98916625976562
Solve time for step 2 5.4666509829694405
Current ori: tensor([ 0.0187, -0.0107, -3.5685], device='cuda:1')
Middle force: tensor([0.5889, 0.7896, 0.5262, 0.5011, 0.5544, 0.5719, 0.5265, 0.6225, 0.5016,
        0.5144, 0.5822], device='cuda:1')
Thumb force: tensor([0.5878, 0.5998, 0.6825, 0.5442, 0.5683, 0.6746, 0.5886, 1.6695, 0.6007,
        0.5874, 0.6119], device='cuda:1')
Index force: tensor([0.6117, 0.7565, 0.5687, 0.7820, 0.5449, 0.7302, 0.6175, 0.5655, 0.6384,
        0.7486, 0.6165], device='cuda:1')
Applying wrench: tensor([[-0.3451, -0.0202,  0.3239, -0.1116, -0.0793,  0.2826]])
tensor([ 1.3618e-01,  4.4603e-01,  6.7321e-01,  8.1393e-01, -1.7227e-01,
         5.7368e-01,  9.2597e-01,  9.6507e-01,  1.4727e+00,  3.5433e-01,
         8.1559e-02,  9.4188e-01,  1.9914e-02,  3.1536e-03, -3.4670e+00,
         1.8147e+00], device='cuda:1')
Likelihood: -150.4413299560547
Solve time for step 3 5.262600420042872
Current ori: tensor([ 1.9914e-02,  3.1536e-03, -3.4670e+00], device='cuda:1')
Middle force: tensor([0.7732, 0.5246, 0.5003, 0.5511, 0.5590, 0.5243, 0.6172, 0.5008, 0.5095,
        0.5786], device='cuda:1')
Thumb force: tensor([0.5973, 0.6766, 0.5349, 0.5687, 0.6830, 0.5868, 1.6404, 0.6191, 0.5995,
        0.6095], device='cuda:1')
Index force: tensor([0.7437, 0.5668, 0.8744, 0.5431, 0.7301, 0.6142, 0.5632, 0.6437, 0.7498,
        0.6124], device='cuda:1')
Applying wrench: tensor([[-0.5224, -0.3279,  0.4781, -0.1005,  0.0095, -0.2264]])
tensor([ 0.1212,  0.4264,  0.6824,  0.8190, -0.1783,  0.6054,  0.8796,  0.9359,
         1.4698,  0.3736,  0.0589,  1.0081,  0.0246,  0.0119, -3.3637,  1.6917],
       device='cuda:1')
Likelihood: -166.09661865234375
Solve time for step 4 4.998378325020894
Current ori: tensor([ 0.0246,  0.0119, -3.3637], device='cuda:1')
Middle force: tensor([0.8211, 0.5098, 1.4233, 0.5008, 0.7114, 0.5419, 0.5055, 0.5275, 0.5848],
       device='cuda:1')
Thumb force: tensor([1.3443, 0.7800, 0.5025, 0.6077, 1.4586, 0.5757, 0.5032, 0.6058, 0.5839],
       device='cuda:1')
Index force: tensor([0.5253, 0.6345, 0.8092, 0.5771, 0.5368, 0.7229, 0.6853, 0.6638, 0.5154],
       device='cuda:1')
Applying wrench: tensor([[-0.0036,  0.0256, -0.1110, -0.0915, -0.3920, -0.2248]])
tensor([ 0.0901,  0.4203,  0.6527,  0.8371, -0.2011,  0.6092,  0.8633,  0.8984,
         1.4971,  0.3360,  0.0280,  1.0623,  0.0275,  0.0309, -3.2819,  1.6522],
       device='cuda:1')
Likelihood: -195.96444702148438
State is out of distribution
Projection step: 0, Loss: 199.45877075195312
Projection step: 1, Loss: 175.85943603515625
Projection step: 2, Loss: 159.26568603515625
Projection step: 3, Loss: 148.17628479003906
Projection step: 4, Loss: 133.28497314453125
Projection step: 5, Loss: 120.44529724121094
Projection step: 6, Loss: 110.42994689941406
Projection step: 7, Loss: 100.19029235839844
Final likelihood: tensor([ -98.3309, -103.9729, -101.5986, -105.5890, -109.4615, -106.1466,
        -104.9102,  -94.6592,  -97.3382,  -97.7997, -104.5012, -107.1912,
         -98.0700,  -94.1764,  -85.1393,  -94.1598])
1 mode projection succeeded
New goal: tensor([ 0.1031,  0.5105,  0.5942,  0.6965, -0.1001,  0.5746,  0.8514,  0.8564,
         1.4400,  0.3982,  0.1348,  1.0819,  0.0212,  0.0212, -2.3622],
       device='cuda:1')
tensor([[0.0024]], device='cuda:1') tensor([[0.0028]], device='cuda:1') tensor([[0.0028]], device='cuda:1')
Likelihood: -154.83718872070312
Likelihood: -143.82855224609375
{'index': 143.82855224609375, 'thumb_middle': 154.83718872070312}
Current yaw: tensor([ 0.0275,  0.0309, -3.2819], device='cuda:1')
13 index
tensor([ 0.0901,  0.4203,  0.6527,  0.8371, -0.2011,  0.6092,  0.8633,  0.8984,
         1.4971,  0.3360,  0.0280,  1.0623,  0.0275,  0.0309, -3.2819,  1.6522],
       device='cuda:1')
Solve time for step 1 12.502779498929158
Current ori: tensor([ 0.0275,  0.0309, -3.2819], device='cuda:1')
Middle force: tensor([0.6043, 0.5060, 0.5516, 0.5403], device='cuda:1')
Thumb force: tensor([0.5972, 0.5511, 0.5293, 0.5843], device='cuda:1')
tensor([ 0.1389,  0.3885,  0.5875,  0.7792, -0.1800,  0.6469,  0.8334,  0.8519,
         1.4952,  0.3417,  0.0298,  1.0088,  0.0063,  0.0208, -3.3076,  3.8670],
       device='cuda:1')
Solve time for step 2 3.4035492710536346
Current ori: tensor([ 0.0063,  0.0208, -3.3076], device='cuda:1')
Middle force: tensor([0.5052, 0.5480, 0.5365], device='cuda:1')
Thumb force: tensor([0.5462, 0.5274, 0.5804], device='cuda:1')
tensor([ 0.1310,  0.4051,  0.5759,  0.7471, -0.1903,  0.6504,  0.8429,  0.8549,
         1.4759,  0.3869,  0.0338,  1.0306,  0.0081,  0.0214, -3.3023,  5.1665],
       device='cuda:1')
Solve time for step 3 3.3202152129961178
Current ori: tensor([ 0.0081,  0.0214, -3.3023], device='cuda:1')
Middle force: tensor([0.5455, 0.5320], device='cuda:1')
Thumb force: tensor([0.5227, 0.5739], device='cuda:1')
tensor([ 0.1274,  0.4171,  0.5730,  0.7206, -0.1826,  0.6432,  0.8579,  0.8637,
         1.4703,  0.3920,  0.0174,  1.0637,  0.0138,  0.0146, -3.3024,  5.8638],
       device='cuda:1')
Solve time for step 4 3.276296998024918
Current ori: tensor([ 0.0138,  0.0146, -3.3024], device='cuda:1')
Middle force: tensor([0.5280], device='cuda:1')
Thumb force: tensor([0.5541], device='cuda:1')
Likelihood: -161.41302490234375
Current yaw: tensor([ 0.0178,  0.0147, -3.2843], device='cuda:1')
14 turn
Sampling time 3.7135757280047983
tensor([ 6.6894e-02,  4.7377e-01,  6.0613e-01,  7.4125e-01, -1.8283e-01,
         6.4407e-01,  8.5234e-01,  8.7424e-01,  1.4786e+00,  3.7024e-01,
         1.1509e-03,  1.0886e+00,  1.7757e-02,  1.4736e-02, -3.2843e+00,
         5.9903e+00], device='cuda:1')
Likelihood: -155.0975341796875
Solve time for step 1 21.034584108972922
Current ori: tensor([ 0.0178,  0.0147, -3.2843], device='cuda:1')
Middle force: tensor([1.5076, 0.9283, 0.9738, 1.5546, 1.4323, 0.6971, 0.6218, 0.7816, 0.5013,
        0.7086, 0.5241, 0.7168], device='cuda:1')
Thumb force: tensor([0.5605, 0.5356, 0.5874, 0.6557, 1.0687, 1.1853, 0.8444, 0.6560, 0.5699,
        0.5600, 0.5872, 0.5799], device='cuda:1')
Index force: tensor([0.7889, 0.7426, 0.7268, 0.5233, 0.9845, 0.8232, 0.5423, 0.5270, 0.5449,
        0.5457, 0.6012, 0.5552], device='cuda:1')
tensor([ 0.0716,  0.4797,  0.5996,  0.7472, -0.1822,  0.6289,  0.8764,  0.8872,
         1.4850,  0.3880,  0.0084,  1.0470,  0.0168,  0.0119, -3.3420,  6.0491],
       device='cuda:1')
Likelihood: -167.52615356445312
Solve time for step 2 5.570015083998442
Current ori: tensor([ 0.0168,  0.0119, -3.3420], device='cuda:1')
Middle force: tensor([0.6135, 0.5141, 1.0327, 0.5453, 0.5196, 0.5923, 0.5508, 0.8464, 0.5955,
        1.1969, 0.6132], device='cuda:1')
Thumb force: tensor([1.7925, 0.6322, 1.2915, 0.9547, 0.6178, 0.5582, 0.5689, 0.6926, 0.5702,
        0.5637, 0.5989], device='cuda:1')
Index force: tensor([0.7395, 0.6051, 0.5439, 0.5518, 0.6365, 0.5012, 0.6331, 0.8047, 0.5496,
        0.6251, 0.6201], device='cuda:1')
tensor([ 0.0774,  0.4921,  0.5793,  0.7650, -0.1828,  0.6188,  0.8680,  0.9624,
         1.5000,  0.2800,  0.0352,  1.0037,  0.0160,  0.0089, -3.3799,  6.1051],
       device='cuda:1')
Likelihood: -164.01620483398438
Solve time for step 3 5.249693885096349
Current ori: tensor([ 0.0160,  0.0089, -3.3799], device='cuda:1')
Middle force: tensor([0.5158, 1.0134, 0.5463, 0.5171, 0.5899, 0.5492, 0.8372, 0.5912, 1.1830,
        0.6071], device='cuda:1')
Thumb force: tensor([0.6170, 1.2808, 0.9406, 0.6169, 0.5583, 0.5664, 0.6837, 0.5699, 0.5598,
        0.5936], device='cuda:1')
Index force: tensor([0.6020, 0.5415, 0.5527, 0.6395, 0.5011, 0.6319, 0.8034, 0.5484, 0.6238,
        0.6242], device='cuda:1')
tensor([ 0.0757,  0.5103,  0.5557,  0.7582, -0.1793,  0.6549,  0.8164,  0.9549,
         1.4865,  0.3047,  0.0078,  1.0656,  0.0104,  0.0095, -3.3390,  6.0519],
       device='cuda:1')
Likelihood: -164.0668182373047
Solve time for step 4 5.008451018016785
Current ori: tensor([ 0.0104,  0.0095, -3.3390], device='cuda:1')
Middle force: tensor([1.0032, 0.5450, 0.5186, 0.5898, 0.5487, 0.8356, 0.5900, 1.1716, 0.6068],
       device='cuda:1')
Thumb force: tensor([1.2558, 0.9324, 0.6069, 0.5551, 0.5644, 0.6711, 0.5675, 0.5560, 0.5880],
       device='cuda:1')
Index force: tensor([0.5389, 0.5506, 0.6343, 0.5012, 0.6279, 0.7997, 0.5471, 0.6211, 0.6229],
       device='cuda:1')
Applying wrench: tensor([[-0.3120,  0.2801,  0.0593, -0.2180, -0.0476,  0.1381]])
tensor([ 0.0750,  0.5138,  0.5488,  0.7613, -0.1772,  0.6753,  0.7923,  0.9289,
         1.4834,  0.3286, -0.0159,  1.1037,  0.0100,  0.0099, -3.2630,  5.9793],
       device='cuda:1')
Likelihood: -166.1324920654297
Solve time for step 5 4.620721815037541
Current ori: tensor([ 0.0100,  0.0099, -3.2630], device='cuda:1')
Middle force: tensor([0.5427, 0.5220, 0.5914, 0.5490, 0.8373, 0.5916, 1.1426, 0.6110],
       device='cuda:1')
Thumb force: tensor([0.9174, 0.5938, 0.5514, 0.5611, 0.6550, 0.5631, 0.5523, 0.5809],
       device='cuda:1')
Index force: tensor([0.5483, 0.6269, 0.5012, 0.6215, 0.7964, 0.5456, 0.6228, 0.6191],
       device='cuda:1')
Applying wrench: tensor([[ 0.0929, -0.1512, -0.4100,  0.1368, -0.1601, -0.0748]])
tensor([ 0.0591,  0.5211,  0.5281,  0.7530, -0.1860,  0.6824,  0.7757,  0.9138,
         1.4880,  0.3237, -0.0104,  1.0979,  0.0072,  0.0184, -3.2452,  5.9351],
       device='cuda:1')
Likelihood: -165.29779052734375
Solve time for step 6 4.663165161036886
Current ori: tensor([ 0.0072,  0.0184, -3.2452], device='cuda:1')
Middle force: tensor([0.5207, 0.5906, 0.5481, 0.8342, 0.5927, 1.1293, 0.6099],
       device='cuda:1')
Thumb force: tensor([0.5915, 0.5490, 0.5592, 0.6466, 0.5592, 0.5502, 0.5776],
       device='cuda:1')
Index force: tensor([0.6260, 0.5012, 0.6177, 0.7896, 0.5442, 0.6195, 0.6163],
       device='cuda:1')
tensor([ 6.9203e-02,  5.2974e-01,  5.2581e-01,  7.5219e-01, -1.7737e-01,
         6.9602e-01,  7.6601e-01,  9.0428e-01,  1.4904e+00,  3.2556e-01,
        -1.9040e-02,  1.0920e+00,  4.9551e-03,  1.2613e-02, -3.2366e+00,
         5.9333e+00], device='cuda:1')
Likelihood: -164.54437255859375
Solve time for step 7 4.316418889909983
Current ori: tensor([ 0.0050,  0.0126, -3.2366], device='cuda:1')
Middle force: tensor([0.5846, 0.5467, 0.8248, 0.5909, 1.1124, 0.6074], device='cuda:1')
Thumb force: tensor([0.5482, 0.5577, 0.6441, 0.5574, 0.5496, 0.5757], device='cuda:1')
Index force: tensor([0.5012, 0.6155, 0.7814, 0.5432, 0.6159, 0.6134], device='cuda:1')
tensor([ 8.4951e-02,  5.4534e-01,  5.2237e-01,  7.4580e-01, -1.6347e-01,
         7.1156e-01,  7.5766e-01,  8.9136e-01,  1.4921e+00,  3.2502e-01,
        -3.1636e-02,  1.0863e+00,  8.9891e-04,  3.4331e-03, -3.2323e+00,
         5.9403e+00], device='cuda:1')
Likelihood: -171.94082641601562
Solve time for step 8 4.330668622045778
Current ori: tensor([ 8.9891e-04,  3.4331e-03, -3.2323e+00], device='cuda:1')
Middle force: tensor([0.5453, 0.8175, 0.5899, 1.0979, 0.6052], device='cuda:1')
Thumb force: tensor([0.5560, 0.6409, 0.5555, 0.5489, 0.5739], device='cuda:1')
Index force: tensor([0.6091, 0.7732, 0.5417, 0.6118, 0.6102], device='cuda:1')
tensor([ 7.7440e-02,  5.3526e-01,  5.2501e-01,  7.5450e-01, -1.7019e-01,
         7.0071e-01,  7.6403e-01,  9.0393e-01,  1.5000e+00,  3.3993e-01,
        -3.0057e-02,  1.0742e+00,  4.2019e-03,  7.8154e-03, -3.2430e+00,
         5.9474e+00], device='cuda:1')
Likelihood: -165.55166625976562
Solve time for step 9 4.140561222098768
Current ori: tensor([ 0.0042,  0.0078, -3.2430], device='cuda:1')
Middle force: tensor([0.8125, 0.5883, 1.0833, 0.6021], device='cuda:1')
Thumb force: tensor([0.6339, 0.5541, 0.5486, 0.5727], device='cuda:1')
Index force: tensor([0.7621, 0.5404, 0.6078, 0.6072], device='cuda:1')
Applying wrench: tensor([[ 0.2981, -0.2594, -0.0649,  0.0621, -0.0685,  0.1395]])
tensor([ 8.5489e-02,  5.5213e-01,  5.1676e-01,  7.3939e-01, -1.6328e-01,
         7.0867e-01,  7.5888e-01,  9.0029e-01,  1.5000e+00,  3.3939e-01,
        -3.4941e-02,  1.0671e+00, -9.0127e-04,  2.8477e-03, -3.2579e+00,
         5.9663e+00], device='cuda:1')
Likelihood: -172.26246643066406
Solve time for step 10 3.878623783006333
Current ori: tensor([-9.0127e-04,  2.8477e-03, -3.2579e+00], device='cuda:1')
Middle force: tensor([0.5831, 1.0698, 0.5996], device='cuda:1')
Thumb force: tensor([0.5536, 0.5477, 0.5710], device='cuda:1')
Index force: tensor([0.5390, 0.6041, 0.6047], device='cuda:1')
Applying wrench: tensor([[ 0.2823,  0.4266, -0.0320,  0.0723,  0.0745, -0.0611]])
tensor([ 9.5555e-02,  5.5351e-01,  5.2133e-01,  7.4637e-01, -1.6106e-01,
         7.0845e-01,  7.7021e-01,  9.0981e-01,  1.5000e+00,  3.3627e-01,
        -2.2311e-02,  1.0340e+00, -6.1258e-04, -2.8417e-03, -3.2896e+00,
         6.0098e+00], device='cuda:1')
Likelihood: -172.81825256347656
Solve time for step 11 3.972286022035405
Current ori: tensor([-6.1258e-04, -2.8417e-03, -3.2896e+00], device='cuda:1')
Middle force: tensor([1.0573, 0.5967], device='cuda:1')
Thumb force: tensor([0.5449, 0.5694], device='cuda:1')
Index force: tensor([0.5990, 0.6026], device='cuda:1')
Applying wrench: tensor([[-0.1229, -0.1863, -0.3692,  0.1156, -0.1897,  0.0189]])
tensor([ 7.6929e-02,  5.5263e-01,  5.0896e-01,  7.3677e-01, -1.7726e-01,
         6.8638e-01,  7.8309e-01,  9.3452e-01,  1.5000e+00,  3.2424e-01,
         8.0046e-03,  9.8450e-01, -1.7598e-03,  7.7646e-03, -3.3625e+00,
         6.0581e+00], device='cuda:1')
Likelihood: -184.64556884765625
State is out of distribution
Projection step: 0, Loss: 165.34422302246094
Projection step: 1, Loss: 143.95578002929688
Projection step: 2, Loss: 133.50267028808594
Projection step: 3, Loss: 122.23130798339844
Projection step: 4, Loss: 108.0189208984375
Projection step: 5, Loss: 102.60894775390625
Final likelihood: tensor([ -88.7627, -104.9016, -139.5799,  -98.8623,  -85.4239, -118.7260,
        -101.5996, -125.8237,  -99.6407, -104.3411,  -99.4265,  -95.0145,
         -82.8937, -107.2374,  -95.4199,  -94.0895])
1 mode projection succeeded
New goal: tensor([ 1.0095e-01,  5.5239e-01,  5.7826e-01,  6.9213e-01, -1.0437e-01,
         6.1588e-01,  8.3455e-01,  8.9034e-01,  1.4695e+00,  3.4044e-01,
         1.0245e-01,  1.0631e+00,  1.1150e-03,  1.2834e-02, -2.8935e+00],
       device='cuda:1')
tensor([[0.0033]], device='cuda:1') tensor([[0.0023]], device='cuda:1') tensor([[0.0028]], device='cuda:1')
Likelihood: -150.75271606445312
Likelihood: -161.853271484375
{'index': 161.853271484375, 'thumb_middle': 150.75271606445312}
Current yaw: tensor([-1.7598e-03,  7.7646e-03, -3.3625e+00], device='cuda:1')
15 thumb_middle
tensor([ 7.6929e-02,  5.5263e-01,  5.0896e-01,  7.3677e-01, -1.7726e-01,
         6.8638e-01,  7.8309e-01,  9.3452e-01,  1.5000e+00,  3.2424e-01,
         8.0046e-03,  9.8450e-01, -1.7598e-03,  7.7646e-03, -3.3625e+00,
         6.0581e+00], device='cuda:1')
Solve time for step 1 9.863023997982964
Current ori: tensor([-1.7598e-03,  7.7646e-03, -3.3625e+00], device='cuda:1')
Index force: tensor([0.5658, 0.5549, 0.5972, 0.5833], device='cuda:1')
tensor([ 5.7218e-02,  5.3258e-01,  5.1238e-01,  7.4900e-01, -2.4397e-01,
         6.3119e-01,  7.6321e-01,  8.9929e-01,  1.4434e+00,  3.1440e-01,
        -2.5539e-02,  9.5978e-01,  3.8028e-03,  1.9183e-02, -3.3625e+00,
         6.0367e+00], device='cuda:1')
Solve time for step 2 2.6375986409839243
Current ori: tensor([ 0.0038,  0.0192, -3.3625], device='cuda:1')
Index force: tensor([0.5473, 0.5898, 0.5765], device='cuda:1')
tensor([ 4.8110e-02,  5.2239e-01,  5.3529e-01,  7.1478e-01, -2.5028e-01,
         6.3730e-01,  7.6336e-01,  8.8708e-01,  1.4381e+00,  3.1489e-01,
        -3.2107e-02,  9.8819e-01,  2.8203e-03,  2.4252e-02, -3.3625e+00,
         6.0159e+00], device='cuda:1')
Solve time for step 3 2.5119212850695476
Current ori: tensor([ 2.8203e-03,  2.4252e-02, -3.3625e+00], device='cuda:1')
Index force: tensor([0.5812, 0.5700], device='cuda:1')
tensor([ 6.4259e-02,  5.2557e-01,  5.5372e-01,  6.9910e-01, -2.4509e-01,
         6.3704e-01,  7.6588e-01,  8.8788e-01,  1.4395e+00,  3.3418e-01,
        -4.3561e-02,  9.7477e-01,  6.4849e-04,  1.5128e-02, -3.3625e+00,
         6.0324e+00], device='cuda:1')
Solve time for step 4 2.5528556059580296
Current ori: tensor([ 6.4849e-04,  1.5128e-02, -3.3625e+00], device='cuda:1')
Index force: tensor([0.5555], device='cuda:1')
Likelihood: -169.23292541503906
Current yaw: tensor([ 1.6400e-03,  1.3001e-02, -3.3723e+00], device='cuda:1')
16 turn
Sampling time 3.801500931964256
tensor([ 6.7614e-02,  5.2957e-01,  5.4335e-01,  7.1517e-01, -1.9059e-01,
         6.7856e-01,  8.1047e-01,  9.0983e-01,  1.5000e+00,  3.3280e-01,
         6.0539e-03,  1.0167e+00,  1.6400e-03,  1.3001e-02, -3.3723e+00,
         6.0575e+00], device='cuda:1')
Likelihood: -175.45571899414062
State is out of distribution
Projection step: 0, Loss: 164.1655731201172
Projection step: 1, Loss: 150.18975830078125
Projection step: 2, Loss: 139.19320678710938
Projection step: 3, Loss: 122.16291809082031
Projection step: 4, Loss: 109.08433532714844
Projection step: 5, Loss: 98.49067687988281
Final likelihood: tensor([ -95.7871, -103.3122,  -82.0297,  -97.1353, -101.9254,  -98.5074,
        -110.4348, -114.0414,  -97.3749,  -93.8427,  -90.2486,  -98.2717,
         -90.3662,  -97.3768, -112.9506,  -92.2462])
1 mode projection succeeded
New goal: tensor([ 9.7679e-02,  5.4060e-01,  5.9626e-01,  6.9269e-01, -1.0902e-01,
         6.2173e-01,  8.2479e-01,  8.7517e-01,  1.4533e+00,  3.4175e-01,
         9.9527e-02,  1.0851e+00,  2.3507e-03,  1.4211e-02, -2.7387e+00],
       device='cuda:1')
tensor([[0.0028]], device='cuda:1') tensor([[0.0023]], device='cuda:1') tensor([[0.0029]], device='cuda:1')
Likelihood: -133.45082092285156
Likelihood: -163.49252319335938
{'index': 163.49252319335938, 'thumb_middle': 133.45082092285156}
Current yaw: tensor([ 1.6400e-03,  1.3001e-02, -3.3723e+00], device='cuda:1')
17 thumb_middle
tensor([ 6.7614e-02,  5.2957e-01,  5.4335e-01,  7.1517e-01, -1.9059e-01,
         6.7856e-01,  8.1047e-01,  9.0983e-01,  1.5000e+00,  3.3280e-01,
         6.0539e-03,  1.0167e+00,  1.6400e-03,  1.3001e-02, -3.3723e+00,
         6.0575e+00], device='cuda:1')
Solve time for step 1 10.11616843601223
Current ori: tensor([ 1.6400e-03,  1.3001e-02, -3.3723e+00], device='cuda:1')
Index force: tensor([0.5852, 0.5965, 0.5875, 0.6171], device='cuda:1')
tensor([ 5.9471e-02,  5.2659e-01,  5.4066e-01,  7.1236e-01, -2.5606e-01,
         6.4692e-01,  7.8496e-01,  8.7292e-01,  1.4273e+00,  3.2051e-01,
        -3.8308e-02,  1.0198e+00,  1.9353e-03,  1.7715e-02, -3.3723e+00,
         6.0435e+00], device='cuda:1')
Solve time for step 2 2.753958038985729
Current ori: tensor([ 1.9353e-03,  1.7715e-02, -3.3723e+00], device='cuda:1')
Index force: tensor([0.5864, 0.5796, 0.6090], device='cuda:1')
tensor([ 5.8361e-02,  5.2191e-01,  5.4136e-01,  7.2290e-01, -2.5107e-01,
         6.3744e-01,  7.9326e-01,  8.6330e-01,  1.4336e+00,  3.0950e-01,
        -4.0851e-02,  1.0037e+00,  4.0467e-03,  1.8357e-02, -3.3723e+00,
         6.0468e+00], device='cuda:1')
Solve time for step 3 2.634669777005911
Current ori: tensor([ 0.0040,  0.0184, -3.3723], device='cuda:1')
Index force: tensor([0.5694, 0.5989], device='cuda:1')
tensor([ 0.0548,  0.5069,  0.5648,  0.7109, -0.2470,  0.6301,  0.7865,  0.8581,
         1.4183,  0.3083, -0.0334,  1.0315,  0.0064,  0.0205, -3.3723,  6.0406],
       device='cuda:1')
Solve time for step 4 2.4760285019874573
Current ori: tensor([ 0.0064,  0.0205, -3.3723], device='cuda:1')
Index force: tensor([0.5645], device='cuda:1')
Likelihood: -184.46365356445312
State is out of distribution
Projection step: 0, Loss: 180.8121795654297
Projection step: 1, Loss: 161.38470458984375
Projection step: 2, Loss: 140.25762939453125
Projection step: 3, Loss: 132.04443359375
Projection step: 4, Loss: 114.10018920898438
Projection step: 5, Loss: 104.6361312866211
Final likelihood: tensor([-108.0638, -118.1353,  -96.8307, -105.9364,  -97.0345,  -87.9995,
        -111.7007, -105.3051, -108.0083,  -90.5481, -102.4621, -123.0717,
        -103.2140, -108.1891,  -81.7631, -125.9156])
1 mode projection succeeded
New goal: tensor([ 0.0827,  0.5276,  0.6115,  0.6924, -0.1227,  0.6223,  0.8132,  0.8562,
         1.4337,  0.3373,  0.0937,  1.1281,  0.0056,  0.0178, -2.3276],
       device='cuda:1')
tensor([[0.0027]], device='cuda:1') tensor([[0.0027]], device='cuda:1') tensor([[0.0029]], device='cuda:1')
Likelihood: -177.66656494140625
Likelihood: -169.99974060058594
{'index': 169.99974060058594, 'thumb_middle': 177.66656494140625}
Current yaw: tensor([ 0.0090,  0.0235, -3.3807], device='cuda:1')
18 index
tensor([ 0.0490,  0.4978,  0.5717,  0.7121, -0.2083,  0.6690,  0.8281,  0.8836,
         1.4922,  0.3304,  0.0128,  1.0571,  0.0090,  0.0235, -3.3807,  6.0535],
       device='cuda:1')
Solve time for step 1 12.808254854055122
Current ori: tensor([ 0.0090,  0.0235, -3.3807], device='cuda:1')
Middle force: tensor([0.5483, 0.5806, 0.5928, 0.5242], device='cuda:1')
Thumb force: tensor([0.5853, 0.6073, 0.5833, 0.6339], device='cuda:1')
tensor([ 1.0300e-01,  4.4210e-01,  5.2934e-01,  6.9695e-01, -2.1028e-01,
         6.7726e-01,  8.3200e-01,  8.6960e-01,  1.4963e+00,  3.2290e-01,
         1.1374e-02,  1.0433e+00,  4.2420e-03,  2.1952e-02, -3.3893e+00,
        -6.1090e+00], device='cuda:1')
Solve time for step 2 3.351675090030767
Current ori: tensor([ 0.0042,  0.0220, -3.3893], device='cuda:1')
Middle force: tensor([0.5739, 0.5886, 0.5228], device='cuda:1')
Thumb force: tensor([0.6026, 0.5793, 0.6297], device='cuda:1')
tensor([ 1.1516e-01,  4.4615e-01,  5.4249e-01,  6.7332e-01, -2.0237e-01,
         6.9025e-01,  8.3550e-01,  8.4707e-01,  1.4788e+00,  3.5492e-01,
         1.5953e-02,  1.0374e+00, -1.2566e-03,  1.4521e-02, -3.3860e+00,
        -5.9013e+00], device='cuda:1')
Solve time for step 3 3.370792820933275
Current ori: tensor([-1.2566e-03,  1.4521e-02, -3.3860e+00], device='cuda:1')
Middle force: tensor([0.5071, 0.5216], device='cuda:1')
Thumb force: tensor([0.6546, 0.5068], device='cuda:1')
tensor([ 0.1205,  0.4518,  0.5399,  0.6678, -0.2048,  0.7151,  0.7947,  0.8362,
         1.4901,  0.3409,  0.0245,  0.9924, -0.0150,  0.0194, -3.3921, -5.8078],
       device='cuda:1')
Solve time for step 4 3.219257052987814
Current ori: tensor([-0.0150,  0.0194, -3.3921], device='cuda:1')
Middle force: tensor([0.5181], device='cuda:1')
Thumb force: tensor([0.5042], device='cuda:1')
Likelihood: -184.86151123046875
State is out of distribution
Projection step: 0, Loss: 178.3197021484375
Projection step: 1, Loss: 165.1220703125
Projection step: 2, Loss: 148.9217071533203
Projection step: 3, Loss: 135.89552307128906
Projection step: 4, Loss: 135.11956787109375
Projection step: 5, Loss: 122.18708801269531
Projection step: 6, Loss: 115.2116928100586
Projection step: 7, Loss: 107.20344543457031
Projection step: 8, Loss: 93.8603515625
Final likelihood: tensor([-104.1925, -122.1401,  -87.5293,  -83.4315,  -87.2138,  -86.2321,
         -93.4178,  -92.1025,  -91.3302,  -79.8175,  -97.2180, -105.5757,
         -95.9406,  -92.2861,  -81.2208, -102.1171])
1 mode projection succeeded
New goal: tensor([ 0.1017,  0.5381,  0.5932,  0.6733, -0.0986,  0.6120,  0.8456,  0.8206,
         1.4217,  0.3267,  0.1344,  1.1050, -0.0081,  0.0168,  3.1143],
       device='cuda:1')
tensor([[0.0027]], device='cuda:1') tensor([[0.0026]], device='cuda:1') tensor([[0.0028]], device='cuda:1')
Likelihood: -115.79120635986328
Likelihood: -161.05914306640625
{'index': 161.05914306640625, 'thumb_middle': 115.79120635986328}
Current yaw: tensor([-0.0106,  0.0188, -3.4062], device='cuda:1')
19 thumb_middle
tensor([ 7.3011e-02,  5.1103e-01,  5.8781e-01,  6.8628e-01, -2.1061e-01,
         7.0287e-01,  8.1614e-01,  8.5548e-01,  1.4957e+00,  3.3913e-01,
         2.0149e-03,  1.0254e+00, -1.0627e-02,  1.8795e-02, -3.4062e+00,
        -5.7958e+00], device='cuda:1')
Solve time for step 1 10.060204948997125
Current ori: tensor([-0.0106,  0.0188, -3.4062], device='cuda:1')
Index force: tensor([0.5430, 0.6215, 0.4999, 0.6032], device='cuda:1')
[1;33m[Open3D WARNING] Read JSON failed: * Line 1, Column 1
  Syntax error: value, object or array expected.
.[0;m
[1;33m[Open3D WARNING] Cannot convert string to view status.[0;m
[1;33m[Open3D WARNING] Cannot convert string to view status.[0;m
