Importing module 'gym_38' (/home/abhinav/Documents/isaacgym/python/isaacgym/_bindings/linux-x86_64/gym_38.so)
Setting GYM_USD_PLUG_INFO_PATH to /home/abhinav/Documents/isaacgym/python/isaacgym/_bindings/linux-x86_64/usd/plugInfo.json
PyTorch version 2.4.1+cu121
Device count 2
/home/abhinav/Documents/isaacgym/python/isaacgym/_bindings/src/gymtorch
ninja: no work to do.
No ROS install found, continuing
CCAI_PATH /home/abhinav/Documents/ccai
Not connected to PVD
Physics Engine: PhysX
Physics Device: cpu
GPU Pipeline: disabled
Using VHACD cache directory '/home/abhinav/.isaacgym/vhacd'
Found existing convex decomposition for mesh '/home/abhinav/Documents/github/isaacgym-arm-envs/isaac_victor_envs/assets/xela_models/mesh/allegro/base_ns.stl'
Found existing convex decomposition for mesh '/home/abhinav/Documents/github/isaacgym-arm-envs/isaac_victor_envs/assets/xela_models/mesh/allegro/link_1.0.stl'
Found existing convex decomposition for mesh '/home/abhinav/Documents/github/isaacgym-arm-envs/isaac_victor_envs/assets/xela_models/mesh/ft_c.stl'
[ models/temporal ] Channel dimensions: [(37, 128), (128, 256), (256, 512)]
[ models/temporal ] Channel dimensions: [(37, 128), (128, 256), (256, 512)]

Trial 1
Loaded trajectory sampler
Current yaw: tensor([ 0.0137,  0.0139, -1.2280], device='cuda:0')
Current yaw: tensor([ 0.0137,  0.0139, -1.2280], device='cuda:0')
1 turn
Sampling time 3.7627637769910507
tensor([ 0.1411,  0.5494,  0.6312,  0.6261, -0.1245,  0.5691,  0.8871,  0.8685,
         1.2170,  0.3259,  0.2338,  1.2232,  0.0137,  0.0139, -1.2280,  0.4939],
       device='cuda:0')
Likelihood: -106.77307891845703
Solve time for step 1 13.866420695965644
Current ori: tensor([ 0.0137,  0.0139, -1.2280], device='cuda:0')
Middle force: tensor([2.1310, 1.2559, 1.2761, 0.5579, 0.8635, 0.9937, 1.0554, 0.5304, 1.0761,
        0.5924, 0.5238, 0.5913], device='cuda:0')
Thumb force: tensor([1.0343, 0.5575, 1.4940, 0.7657, 0.8090, 1.3940, 0.5048, 0.5882, 0.8728,
        1.8258, 0.5255, 0.5783], device='cuda:0')
Index force: tensor([0.7239, 0.5028, 0.5661, 0.5526, 0.8336, 1.1135, 0.5204, 0.5779, 0.7849,
        0.5844, 0.5650, 0.5618], device='cuda:0')
tensor([ 1.3021e-01,  5.7313e-01,  6.0550e-01,  5.9388e-01, -1.2075e-01,
         5.9870e-01,  8.4226e-01,  8.5922e-01,  1.2606e+00,  2.7754e-01,
         2.1053e-01,  1.1954e+00, -5.5885e-04,  6.6853e-03, -1.2342e+00,
         6.3688e-01], device='cuda:0')
Likelihood: -100.1966552734375
Solve time for step 2 5.412264917977154
Current ori: tensor([-5.5885e-04,  6.6853e-03, -1.2342e+00], device='cuda:0')
Middle force: tensor([1.2392, 1.2494, 0.5555, 0.8512, 1.0037, 1.0415, 0.5299, 1.0704, 0.5904,
        0.5226, 0.5891], device='cuda:0')
Thumb force: tensor([0.5524, 1.4731, 0.7505, 0.7975, 1.3423, 0.5042, 0.5789, 0.8492, 1.7895,
        0.5237, 0.5742], device='cuda:0')
Index force: tensor([0.5025, 0.5617, 0.5503, 0.8231, 1.0987, 0.5191, 0.5774, 0.7783, 0.5800,
        0.5622, 0.5583], device='cuda:0')
tensor([ 1.4287e-01,  5.7629e-01,  6.1036e-01,  6.0182e-01, -1.1141e-01,
         5.9564e-01,  8.4439e-01,  8.8672e-01,  1.2754e+00,  2.5684e-01,
         2.0004e-01,  1.1726e+00, -3.1307e-04, -9.4693e-04, -1.2797e+00,
         6.8481e-01], device='cuda:0')
Likelihood: -115.73054504394531
Solve time for step 3 4.876630676968489
Current ori: tensor([-3.1307e-04, -9.4693e-04, -1.2797e+00], device='cuda:0')
Middle force: tensor([1.2209, 0.5517, 0.8410, 0.9966, 1.0281, 0.5284, 1.0602, 0.5861, 0.5213,
        0.5865], device='cuda:0')
Thumb force: tensor([1.4474, 0.7405, 0.7862, 1.3083, 0.5037, 0.5747, 0.8322, 1.7576, 0.5222,
        0.5705], device='cuda:0')
Index force: tensor([0.5575, 0.5480, 0.8117, 1.0828, 0.5177, 0.5748, 0.7705, 0.5759, 0.5594,
        0.5553], device='cuda:0')
tensor([ 1.3884e-01,  5.7086e-01,  6.1135e-01,  6.0577e-01, -1.1811e-01,
         5.8372e-01,  8.5291e-01,  9.0164e-01,  1.2938e+00,  2.3726e-01,
         2.0263e-01,  1.1571e+00,  1.1228e-03,  2.8339e-03, -1.3131e+00,
         7.2081e-01], device='cuda:0')
Likelihood: -99.27153015136719
Solve time for step 4 4.778755857027136
Current ori: tensor([ 1.1228e-03,  2.8339e-03, -1.3131e+00], device='cuda:0')
Middle force: tensor([0.5461, 0.8308, 0.9804, 1.0141, 0.5263, 1.0458, 0.5809, 0.5198, 0.5834],
       device='cuda:0')
Thumb force: tensor([0.7324, 0.7751, 1.2843, 0.5032, 0.5731, 0.8211, 1.7280, 0.5207, 0.5669],
       device='cuda:0')
Index force: tensor([0.5445, 0.8013, 1.0651, 0.5163, 0.5710, 0.7614, 0.5717, 0.5565, 0.5525],
       device='cuda:0')
tensor([ 0.1508,  0.5617,  0.6407,  0.5975, -0.1093,  0.4905,  1.0139,  0.8715,
         1.3077,  0.2429,  0.1796,  1.1326,  0.0054, -0.0065, -1.4206,  0.7648],
       device='cuda:0')
Likelihood: -112.13880157470703
Solve time for step 5 4.426891647046432
Current ori: tensor([ 0.0054, -0.0065, -1.4206], device='cuda:0')
Middle force: tensor([0.8209, 0.9860, 1.0000, 0.5249, 1.0434, 0.5771, 0.5187, 0.5811],
       device='cuda:0')
Thumb force: tensor([0.7631, 1.2417, 0.5029, 0.5711, 0.7965, 1.7001, 0.5195, 0.5635],
       device='cuda:0')
Index force: tensor([0.7869, 1.0493, 0.5151, 0.5673, 0.7562, 0.5672, 0.5538, 0.5499],
       device='cuda:0')
tensor([ 1.2125e-01,  5.5646e-01,  6.1727e-01,  5.9869e-01, -1.2486e-01,
         5.0939e-01,  9.5440e-01,  9.1547e-01,  1.3298e+00,  2.2679e-01,
         1.8950e-01,  1.1087e+00,  1.0476e-03,  5.3965e-03, -1.4254e+00,
         7.9388e-01], device='cuda:0')
Likelihood: -94.79685974121094
Solve time for step 6 4.346196377009619
Current ori: tensor([ 1.0476e-03,  5.3965e-03, -1.4254e+00], device='cuda:0')
Middle force: tensor([0.9741, 0.9894, 0.5246, 1.0378, 0.5752, 0.5179, 0.5789],
       device='cuda:0')
Thumb force: tensor([1.2110, 0.5026, 0.5660, 0.7788, 1.6695, 0.5183, 0.5606],
       device='cuda:0')
Index force: tensor([1.0385, 0.5140, 0.5653, 0.7491, 0.5636, 0.5512, 0.5476],
       device='cuda:0')
tensor([ 0.1199,  0.5447,  0.6216,  0.6185, -0.1214,  0.5250,  0.9188,  0.9331,
         1.3386,  0.2112,  0.1930,  1.0948,  0.0037,  0.0060, -1.4461,  0.8218],
       device='cuda:0')
Likelihood: -86.56282043457031
Solve time for step 7 4.132201616943348
Current ori: tensor([ 0.0037,  0.0060, -1.4461], device='cuda:0')
Middle force: tensor([0.9809, 0.5235, 1.0260, 0.5721, 0.5169, 0.5761], device='cuda:0')
Thumb force: tensor([0.5022, 0.5622, 0.7710, 1.6397, 0.5170, 0.5577], device='cuda:0')
Index force: tensor([0.5123, 0.5630, 0.7393, 0.5602, 0.5487, 0.5453], device='cuda:0')
tensor([ 0.1140,  0.5484,  0.6136,  0.6130, -0.1257,  0.5291,  0.9059,  0.9446,
         1.3428,  0.2103,  0.1965,  1.0852,  0.0023,  0.0090, -1.4555,  0.8229],
       device='cuda:0')
Likelihood: -89.3371810913086
Solve time for step 8 3.8659670900087804
Current ori: tensor([ 0.0023,  0.0090, -1.4555], device='cuda:0')
Middle force: tensor([0.5225, 1.0137, 0.5685, 0.5158, 0.5736], device='cuda:0')
Thumb force: tensor([0.5582, 0.7615, 1.6120, 0.5159, 0.5548], device='cuda:0')
Index force: tensor([0.5590, 0.7319, 0.5572, 0.5464, 0.5431], device='cuda:0')
tensor([ 0.1333,  0.4823,  0.6519,  0.7522, -0.2251,  0.4913,  0.8972,  1.0594,
         1.2926,  0.1894,  0.1848,  0.9559,  0.0303,  0.0039, -1.4555,  0.9152],
       device='cuda:0')
Likelihood: -229.93798828125
State is out of distribution
Final likelihood: tensor([-3.2779, -3.4727, -3.7979, -3.8544, -3.9603, -4.0585, -4.3144, -4.5421,
        -4.8958, -5.5606, -5.6081, -5.8605, -6.3107, -6.4005, -6.4682, -6.5848],
       device='cuda:0', grad_fn=<IndexBackward0>)
Final likelihood: tensor([-3.2779, -3.4727, -3.7979, -3.8544, -3.9603, -4.0585, -4.3144, -4.5421,
        -4.8958, -5.5606, -5.6081, -5.8605, -6.3107, -6.4005, -6.4682, -6.5848],
       device='cuda:0', grad_fn=<IndexBackward0>)
1 mode projection succeeded
New goal: tensor([ 0.0391,  0.5365,  0.5404,  0.6496, -0.0562,  0.5215,  0.8120,  0.8575,
         1.2747,  0.3040,  0.2121,  1.1694,  0.0041,  0.0146, -2.2944],
       device='cuda:0')
tensor([[0.0146]], device='cuda:0') tensor([[0.0100]], device='cuda:0') tensor([[0.0027]], device='cuda:0')
Likelihood: -129.49652099609375
{'index': inf, 'thumb_middle': 129.49652099609375}
Current yaw: tensor([ 0.0303,  0.0039, -1.4555], device='cuda:0')
2 thumb_middle
tensor([ 0.1333,  0.4823,  0.6519,  0.7522, -0.2251,  0.4913,  0.8972,  1.0594,
         1.2926,  0.1894,  0.1848,  0.9559,  0.0303,  0.0039, -1.4555,  0.9152],
       device='cuda:0')
Solve time for step 1 8.75104314199416
Current ori: tensor([ 0.0303,  0.0039, -1.4555], device='cuda:0')
Index force: tensor([0.5953, 0.5510, 0.6083, 0.5998], device='cuda:0')
tensor([ 0.1048,  0.5268,  0.5982,  0.6839, -0.2038,  0.5872,  0.7494,  0.8430,
         1.2153,  0.2011,  0.1942,  1.1362,  0.0130,  0.0165, -1.4555,  0.8400],
       device='cuda:0')
Solve time for step 2 3.4120600649621338
Current ori: tensor([ 0.0130,  0.0165, -1.4555], device='cuda:0')
Index force: tensor([0.5446, 0.5996, 0.5927], device='cuda:0')
tensor([ 0.0738,  0.5514,  0.5565,  0.6404, -0.2129,  0.6158,  0.7215,  0.7897,
         1.1922,  0.1971,  0.2308,  1.2199,  0.0035,  0.0323, -1.4555,  0.7814],
       device='cuda:0')
Solve time for step 3 3.2156501650460996
Current ori: tensor([ 0.0035,  0.0323, -1.4555], device='cuda:0')
Index force: tensor([0.5917, 0.5885], device='cuda:0')
tensor([ 0.0847,  0.5346,  0.5774,  0.6655, -0.2042,  0.6314,  0.7084,  0.7653,
         1.1704,  0.1836,  0.2464,  1.2666,  0.0094,  0.0270, -1.4555,  0.8036],
       device='cuda:0')
Solve time for step 4 3.2008891699952073
Current ori: tensor([ 0.0094,  0.0270, -1.4555], device='cuda:0')
Index force: tensor([0.5890], device='cuda:0')
Likelihood: -152.7866668701172
Current yaw: tensor([ 0.0221,  0.0130, -1.4336], device='cuda:0')
3 turn
Sampling time 3.6753051299601793
tensor([ 0.1137,  0.5033,  0.6164,  0.7288, -0.0883,  0.7262,  0.6902,  0.7168,
         1.2270,  0.2429,  0.2617,  1.2948,  0.0221,  0.0130, -1.4336,  0.8553],
       device='cuda:0')
Likelihood: -161.99838256835938
Solve time for step 1 13.651994781044777
Current ori: tensor([ 0.0221,  0.0130, -1.4336], device='cuda:0')
Middle force: tensor([0.5565, 0.5747, 1.1961, 0.5606, 1.1698, 0.6285, 0.5385, 0.5531, 0.5168,
        0.8240, 0.8986, 0.5904], device='cuda:0')
Thumb force: tensor([0.9678, 0.8325, 0.7976, 1.1762, 1.0313, 0.6242, 0.5284, 0.8218, 0.5358,
        0.5338, 0.5238, 0.5771], device='cuda:0')
Index force: tensor([0.5974, 0.5945, 0.5507, 0.5742, 0.8540, 0.5409, 1.0131, 0.8861, 0.6368,
        0.6133, 0.4744, 0.5972], device='cuda:0')
tensor([ 0.1184,  0.5221,  0.5992,  0.7211, -0.0930,  0.7306,  0.6435,  0.8151,
         1.2129,  0.2746,  0.2773,  1.2330,  0.0167,  0.0129, -1.5494,  1.0378],
       device='cuda:0')
Likelihood: -154.80296325683594
Solve time for step 2 5.317027067998424
Current ori: tensor([ 0.0167,  0.0129, -1.5494], device='cuda:0')
Middle force: tensor([0.7497, 0.7341, 0.9759, 0.5900, 0.5011, 0.5400, 0.5314, 0.5631, 0.5457,
        0.5856, 0.7576], device='cuda:0')
Thumb force: tensor([1.9655, 0.5755, 0.6981, 0.5942, 2.4518, 0.5395, 0.7639, 0.5339, 0.6960,
        0.6581, 0.8560], device='cuda:0')
Index force: tensor([0.5886, 0.6231, 0.5197, 0.6027, 0.5038, 0.6189, 0.5512, 0.5323, 0.6257,
        0.5904, 0.5394], device='cuda:0')
tensor([ 0.1101,  0.5642,  0.5569,  0.6740, -0.0849,  0.6882,  0.6442,  0.8607,
         1.2917,  0.1933,  0.2485,  1.1680,  0.0081,  0.0143, -1.6901,  0.9929],
       device='cuda:0')
Likelihood: -125.70187377929688
Solve time for step 3 5.002313702018
Current ori: tensor([ 0.0081,  0.0143, -1.6901], device='cuda:0')
Middle force: tensor([1.1644, 0.5518, 1.1289, 0.6175, 0.5343, 0.5296, 0.5148, 0.7977, 0.9056,
        0.5853], device='cuda:0')
Thumb force: tensor([0.7775, 1.1476, 1.0144, 0.6129, 0.5238, 0.8317, 0.5336, 0.5349, 0.5208,
        0.5711], device='cuda:0')
Index force: tensor([0.5446, 0.5668, 0.8312, 0.5383, 0.9998, 0.8749, 0.6368, 0.6017, 0.5104,
        0.5903], device='cuda:0')
tensor([ 0.0844,  0.5043,  0.5819,  0.7370, -0.1498,  0.6738,  0.5539,  1.0066,
         1.2795,  0.2061,  0.2319,  1.0728,  0.0271,  0.0313, -1.6901,  0.9894],
       device='cuda:0')
Likelihood: -191.09506225585938
State is out of distribution
Final likelihood: tensor([-2.5867, -3.0072, -3.1372, -3.8323, -3.9051, -3.9928, -4.3617, -4.4612,
        -4.6027, -4.7548, -4.9734, -5.0297, -5.0702, -5.3125, -5.8859, -5.9402],
       device='cuda:0', grad_fn=<IndexBackward0>)
Final likelihood: tensor([-2.5867, -3.0072, -3.1372, -3.8323, -3.9051, -3.9928, -4.3617, -4.4612,
        -4.6027, -4.7548, -4.9734, -5.0297, -5.0702, -5.3125, -5.8859, -5.9402],
       device='cuda:0', grad_fn=<IndexBackward0>)
1 mode projection succeeded
New goal: tensor([ 0.0417,  0.5158,  0.5640,  0.6602, -0.0610,  0.5018,  0.8267,  0.9010,
         1.2856,  0.2631,  0.2139,  1.1728,  0.0040,  0.0143, -0.9353],
       device='cuda:0')
tensor([[0.0102]], device='cuda:0') tensor([[0.0066]], device='cuda:0') tensor([[0.0030]], device='cuda:0')
Likelihood: -129.77496337890625
{'index': inf, 'thumb_middle': 129.77496337890625}
Current yaw: tensor([ 0.0271,  0.0313, -1.6901], device='cuda:0')
4 thumb_middle
tensor([ 0.0844,  0.5043,  0.5819,  0.7370, -0.1498,  0.6738,  0.5539,  1.0066,
         1.2795,  0.2061,  0.2319,  1.0728,  0.0271,  0.0313, -1.6901,  0.9894],
       device='cuda:0')
Solve time for step 1 8.74036990199238
Current ori: tensor([ 0.0271,  0.0313, -1.6901], device='cuda:0')
Index force: tensor([0.5883, 0.5852, 0.5672, 0.6003], device='cuda:0')
tensor([ 0.1084,  0.5142,  0.6014,  0.7185, -0.1957,  0.6450,  0.6655,  0.8485,
         1.1928,  0.1154,  0.2529,  1.2290,  0.0231,  0.0178, -1.6901,  1.0133],
       device='cuda:0')
Solve time for step 2 3.368508493003901
Current ori: tensor([ 0.0231,  0.0178, -1.6901], device='cuda:0')
Index force: tensor([0.5805, 0.5654, 0.5981], device='cuda:0')
tensor([ 0.1306,  0.5254,  0.6163,  0.7021, -0.1775,  0.6505,  0.6895,  0.8150,
         1.1743,  0.0952,  0.2527,  1.2699,  0.0194,  0.0051, -1.6901,  1.0351],
       device='cuda:0')
Solve time for step 3 3.2683176329592243
Current ori: tensor([ 0.0194,  0.0051, -1.6901], device='cuda:0')
Index force: tensor([0.5516, 0.5823], device='cuda:0')
tensor([ 0.1176,  0.5603,  0.5824,  0.6496, -0.1778,  0.6490,  0.6907,  0.7718,
         1.2101,  0.1065,  0.2030,  1.2563,  0.0066,  0.0099, -1.6901,  0.9959],
       device='cuda:0')
Solve time for step 4 3.2546486090286635
Current ori: tensor([ 0.0066,  0.0099, -1.6901], device='cuda:0')
Index force: tensor([0.5583], device='cuda:0')
Likelihood: -115.56745910644531
Current yaw: tensor([-2.2042e-04,  1.6301e-02, -1.7101e+00], device='cuda:0')
5 turn
Sampling time 3.5273282540147193
tensor([ 1.0213e-01,  5.7673e-01,  5.6751e-01,  6.0424e-01, -1.1497e-01,
         6.6515e-01,  7.4362e-01,  7.9370e-01,  1.3019e+00,  1.5587e-01,
         2.3459e-01,  1.2577e+00, -2.2042e-04,  1.6301e-02, -1.7101e+00,
         9.6242e-01], device='cuda:0')
Likelihood: -104.29792022705078
Solve time for step 1 14.057184765988495
Current ori: tensor([-2.2042e-04,  1.6301e-02, -1.7101e+00], device='cuda:0')
Middle force: tensor([0.5100, 0.5229, 1.4439, 0.5862, 0.5709, 0.5763, 0.5187, 0.5458, 0.5401,
        0.5609, 0.6237, 0.6095], device='cuda:0')
Thumb force: tensor([0.6598, 0.8598, 1.8672, 0.7913, 1.0394, 0.5819, 0.6370, 0.7261, 1.9992,
        0.5724, 0.5457, 0.6195], device='cuda:0')
Index force: tensor([0.5656, 0.8819, 0.5556, 0.5639, 0.6072, 0.5759, 0.6875, 0.8817, 0.6574,
        0.5951, 0.5570, 0.6129], device='cuda:0')
tensor([ 0.1577,  0.5512,  0.6476,  0.6303, -0.0592,  0.6004,  0.8285,  0.8313,
         1.1977,  0.2271,  0.1982,  1.1465,  0.0096, -0.0158, -1.7624,  1.1717],
       device='cuda:0')
Likelihood: -136.60922241210938
Solve time for step 2 5.464772894978523
Current ori: tensor([ 0.0096, -0.0158, -1.7624], device='cuda:0')
Middle force: tensor([0.5235, 1.4267, 0.5836, 0.5658, 0.5724, 0.5178, 0.5328, 0.5362, 0.5596,
        0.6178, 0.6068], device='cuda:0')
Thumb force: tensor([0.8496, 1.8345, 0.7819, 1.0230, 0.5795, 0.6282, 0.7393, 1.9624, 0.5692,
        0.5444, 0.6136], device='cuda:0')
Index force: tensor([0.8603, 0.5532, 0.5632, 0.6104, 0.5732, 0.6882, 0.8904, 0.6578, 0.5926,
        0.5561, 0.6108], device='cuda:0')
tensor([ 0.1494,  0.5758,  0.5993,  0.6392, -0.0663,  0.6071,  0.8226,  0.8090,
         1.2462,  0.2332,  0.2683,  1.0900,  0.0035, -0.0107, -1.7549,  1.1221],
       device='cuda:0')
Likelihood: -108.79029083251953
Solve time for step 3 5.251522072008811
Current ori: tensor([ 0.0035, -0.0107, -1.7549], device='cuda:0')
Middle force: tensor([1.3919, 0.5824, 0.5640, 0.5690, 0.5104, 0.5282, 0.5327, 0.5572, 0.6122,
        0.6030], device='cuda:0')
Thumb force: tensor([1.8056, 0.7737, 1.0067, 0.5768, 0.6373, 0.7425, 1.9303, 0.5676, 0.5438,
        0.6109], device='cuda:0')
Index force: tensor([0.5488, 0.5607, 0.6083, 0.5710, 0.7062, 0.8861, 0.6546, 0.5899, 0.5545,
        0.6069], device='cuda:0')
tensor([ 0.1495,  0.5848,  0.5801,  0.6533, -0.0683,  0.5714,  0.8528,  0.8550,
         1.3084,  0.1619,  0.2618,  1.0202,  0.0027, -0.0107, -1.8996,  1.2633],
       device='cuda:0')
Likelihood: -113.55192565917969
Solve time for step 4 4.917429226974491
Current ori: tensor([ 0.0027, -0.0107, -1.8996], device='cuda:0')
Middle force: tensor([0.5805, 0.5623, 0.5660, 0.5087, 0.5261, 0.5308, 0.5551, 0.6085, 0.5998],
       device='cuda:0')
Thumb force: tensor([0.7613, 0.9916, 0.5715, 0.6358, 0.7347, 1.8959, 0.5654, 0.5418, 0.6079],
       device='cuda:0')
Index force: tensor([0.5572, 0.6036, 0.5693, 0.7092, 0.8795, 0.6500, 0.5868, 0.5528, 0.6028],
       device='cuda:0')
tensor([ 0.0854,  0.4979,  0.5558,  0.7958, -0.0274,  0.6127,  0.8209,  0.8737,
         1.3199,  0.1462,  0.2064,  0.9919, -0.0139, -0.0379, -1.9902,  1.1664],
       device='cuda:0')
Likelihood: -105.90628051757812
Solve time for step 5 4.569288936036173
Current ori: tensor([-0.0139, -0.0379, -1.9902], device='cuda:0')
Middle force: tensor([0.5384, 0.7768, 0.7902, 0.5606, 0.5494, 0.6010, 0.5623, 0.5446],
       device='cuda:0')
Thumb force: tensor([0.5270, 1.0996, 0.9821, 0.5371, 0.7665, 0.5693, 0.5738, 0.5338],
       device='cuda:0')
Index force: tensor([0.5971, 0.5397, 0.5396, 0.5614, 0.5516, 0.5588, 0.6053, 0.5382],
       device='cuda:0')
tensor([ 0.0892,  0.5022,  0.5686,  0.7655, -0.0242,  0.6010,  0.8569,  0.8303,
         1.2951,  0.2012,  0.2445,  0.9150, -0.0227, -0.0383, -2.0571,  1.1490],
       device='cuda:0')
Likelihood: -99.05299377441406
Solve time for step 6 4.448695761966519
Current ori: tensor([-0.0227, -0.0383, -2.0571], device='cuda:0')
Middle force: tensor([0.7017, 0.5109, 0.6093, 0.8050, 0.5856, 0.5332, 0.5665],
       device='cuda:0')
Thumb force: tensor([0.9752, 0.5518, 0.5033, 0.7258, 0.5517, 0.6881, 0.5496],
       device='cuda:0')
Index force: tensor([0.5266, 0.5971, 0.6022, 0.5065, 0.5728, 0.5712, 0.5716],
       device='cuda:0')
tensor([ 0.0608,  0.4842,  0.5720,  0.7535, -0.0515,  0.5853,  0.8490,  0.8428,
         1.3279,  0.1757,  0.2934,  0.8209, -0.0279, -0.0183, -2.0998,  1.1114],
       device='cuda:0')
Likelihood: -86.47145080566406
Solve time for step 7 4.279036250023637
Current ori: tensor([-0.0279, -0.0183, -2.0998], device='cuda:0')
Middle force: tensor([0.5105, 0.6056, 0.7941, 0.5824, 0.5315, 0.5636], device='cuda:0')
Thumb force: tensor([0.5479, 0.5028, 0.7162, 0.5492, 0.6815, 0.5469], device='cuda:0')
Index force: tensor([0.5883, 0.5953, 0.5058, 0.5690, 0.5676, 0.5685], device='cuda:0')
tensor([ 0.0413,  0.4761,  0.5695,  0.7462, -0.0711,  0.5729,  0.8453,  0.8510,
         1.3483,  0.1661,  0.3133,  0.7859, -0.0294, -0.0039, -2.1212,  1.0788],
       device='cuda:0')
Likelihood: -91.62164306640625
Solve time for step 8 4.054900720017031
Current ori: tensor([-0.0294, -0.0039, -2.1212], device='cuda:0')
Middle force: tensor([0.5975, 0.7840, 0.5780, 0.5291, 0.5603], device='cuda:0')
Thumb force: tensor([0.5023, 0.7061, 0.5469, 0.6753, 0.5446], device='cuda:0')
Index force: tensor([0.5896, 0.5051, 0.5659, 0.5651, 0.5655], device='cuda:0')
tensor([ 0.0898,  0.4016,  0.7097,  0.7369, -0.1065,  0.5752,  0.8052,  0.8400,
         1.3185,  0.2155,  0.3467,  0.8531, -0.0128,  0.0213, -2.0098,  5.1402],
       device='cuda:0')
Likelihood: -102.42095184326172
Solve time for step 9 4.049192579986993
Current ori: tensor([-0.0128,  0.0213, -2.0098], device='cuda:0')
Middle force: tensor([0.5403, 0.5034, 0.5795, 0.5575], device='cuda:0')
Thumb force: tensor([0.7036, 0.5473, 0.5857, 0.5555], device='cuda:0')
Index force: tensor([0.5403, 0.7969, 0.5790, 0.5588], device='cuda:0')
tensor([ 0.0872,  0.3814,  0.7348,  0.7579, -0.1034,  0.5658,  0.8270,  0.8203,
         1.3570,  0.1529,  0.3160,  0.8842, -0.0061,  0.0202, -2.0230,  5.2865],
       device='cuda:0')
Likelihood: -86.94013977050781
Solve time for step 10 3.8471420709975064
Current ori: tensor([-0.0061,  0.0202, -2.0230], device='cuda:0')
Middle force: tensor([0.5023, 0.5755, 0.5529], device='cuda:0')
Thumb force: tensor([0.5508, 0.5812, 0.5544], device='cuda:0')
Index force: tensor([0.7941, 0.5750, 0.5566], device='cuda:0')
tensor([ 8.9804e-02,  3.7600e-01,  7.4300e-01,  7.6034e-01, -1.0173e-01,
         5.5313e-01,  8.4577e-01,  8.2257e-01,  1.3736e+00,  1.2628e-01,
         3.0576e-01,  8.8711e-01, -4.2860e-03,  1.8812e-02, -2.0431e+00,
         5.3119e+00], device='cuda:0')
Likelihood: -97.60687255859375
Solve time for step 11 3.585460426984355
Current ori: tensor([-0.0043,  0.0188, -2.0431], device='cuda:0')
Middle force: tensor([0.5707, 0.5499], device='cuda:0')
Thumb force: tensor([0.5763, 0.5520], device='cuda:0')
Index force: tensor([0.5698, 0.5539], device='cuda:0')
tensor([ 0.0602,  0.3249,  0.7558,  0.8232, -0.1311,  0.5134,  0.8820,  0.8432,
         1.3557,  0.1638,  0.3586,  0.8646,  0.0143,  0.0343, -2.0630,  5.3146],
       device='cuda:0')
Likelihood: -125.59861755371094
Solve time for step 12 3.5976659370353445
Current ori: tensor([ 0.0143,  0.0343, -2.0630], device='cuda:0')
Middle force: tensor([0.5743], device='cuda:0')
Thumb force: tensor([0.5785], device='cuda:0')
Index force: tensor([0.5778], device='cuda:0')
Likelihood: -123.19956970214844
Current yaw: tensor([ 0.0088,  0.0220, -2.1187], device='cuda:0')
6 turn
Sampling time 3.5980994069832377
tensor([ 0.0829,  0.3519,  0.7340,  0.8345, -0.1119,  0.5179,  0.8859,  0.8550,
         1.3641,  0.1458,  0.3442,  0.8403,  0.0088,  0.0220, -2.1187,  5.3956],
       device='cuda:0')
Likelihood: -106.86746215820312
Solve time for step 1 13.74839384999359
Current ori: tensor([ 0.0088,  0.0220, -2.1187], device='cuda:0')
Middle force: tensor([0.5694, 0.5144, 0.5529, 0.5523, 0.5593, 0.7444, 1.0716, 1.7047, 0.5212,
        0.5782, 0.7975, 0.5858], device='cuda:0')
Thumb force: tensor([0.5210, 0.8805, 0.9638, 0.7318, 0.5057, 0.5727, 0.5592, 1.4320, 0.5598,
        1.8533, 1.0057, 0.5776], device='cuda:0')
Index force: tensor([0.6100, 0.5392, 0.5118, 0.5339, 0.5829, 0.5419, 0.5020, 0.7977, 0.5969,
        0.5462, 0.7713, 0.5877], device='cuda:0')
tensor([ 0.1453,  0.4086,  0.6883,  0.8965, -0.1605,  0.5179,  0.9446,  0.8878,
         1.4191,  0.0611,  0.3307,  0.8463,  0.0193,  0.0239, -2.1626,  4.7363],
       device='cuda:0')
Likelihood: -173.96090698242188
Solve time for step 2 5.42788831400685
Current ori: tensor([ 0.0193,  0.0239, -2.1626], device='cuda:0')
Middle force: tensor([0.5084, 0.5455, 0.5475, 0.5553, 0.7338, 1.0557, 1.6785, 0.5160, 0.5748,
        0.7752, 0.5736], device='cuda:0')
Thumb force: tensor([0.8904, 0.9543, 0.7360, 0.5046, 0.5697, 0.5546, 1.4062, 0.5700, 1.8177,
        1.0151, 0.5835], device='cuda:0')
Index force: tensor([0.5368, 0.5108, 0.5302, 0.5778, 0.5384, 0.5016, 0.7766, 0.5866, 0.5430,
        0.7499, 0.5816], device='cuda:0')
tensor([ 0.1433,  0.4213,  0.6877,  0.8583, -0.1615,  0.5141,  0.9366,  0.9228,
         1.4092,  0.0957,  0.3763,  0.7348,  0.0113,  0.0236, -2.2575,  4.8409],
       device='cuda:0')
Likelihood: -184.98382568359375
State is out of distribution
Final likelihood: tensor([-2.9490, -2.9641, -2.9845, -3.0607, -3.1131, -3.1296, -3.8170, -4.0967,
        -4.1695, -4.4189, -4.9495, -5.6833, -5.7725, -5.9796, -6.0158, -6.3120],
       device='cuda:0', grad_fn=<IndexBackward0>)
Final likelihood: tensor([-2.9490, -2.9641, -2.9845, -3.0607, -3.1131, -3.1296, -3.8170, -4.0967,
        -4.1695, -4.4189, -4.9495, -5.6833, -5.7725, -5.9796, -6.0158, -6.3120],
       device='cuda:0', grad_fn=<IndexBackward0>)
1 mode projection succeeded
New goal: tensor([ 0.0387,  0.5361,  0.5415,  0.6472, -0.0563,  0.5215,  0.8113,  0.8578,
         1.2748,  0.3041,  0.2120,  1.1683,  0.0040,  0.0147, -2.6086],
       device='cuda:0')
tensor([[0.0026]], device='cuda:0') tensor([[0.0026]], device='cuda:0') tensor([[0.0028]], device='cuda:0')
Likelihood: -175.6724395751953
Likelihood: -128.45404052734375
{'index': 128.45404052734375, 'thumb_middle': 175.6724395751953}
Current yaw: tensor([ 0.0113,  0.0236, -2.2575], device='cuda:0')
7 index
tensor([ 0.1433,  0.4213,  0.6877,  0.8583, -0.1615,  0.5141,  0.9366,  0.9228,
         1.4092,  0.0957,  0.3763,  0.7348,  0.0113,  0.0236, -2.2575,  4.8409],
       device='cuda:0')
Solve time for step 1 10.412534158967901
Current ori: tensor([ 0.0113,  0.0236, -2.2575], device='cuda:0')
Middle force: tensor([0.5723, 0.5463, 0.6005, 0.5812], device='cuda:0')
Thumb force: tensor([0.5211, 0.6629, 0.5516, 0.5844], device='cuda:0')
tensor([ 0.1811,  0.5258,  0.5083,  0.6746, -0.1630,  0.5013,  0.9475,  0.9735,
         1.3752,  0.1375,  0.3698,  0.7913,  0.0259,  0.0187, -2.2591,  4.6864],
       device='cuda:0')
Solve time for step 2 4.065836313995533
Current ori: tensor([ 0.0259,  0.0187, -2.2591], device='cuda:0')
Middle force: tensor([0.5414, 0.5977, 0.5796], device='cuda:0')
Thumb force: tensor([0.6564, 0.5467, 0.5769], device='cuda:0')
tensor([ 0.1933,  0.5929,  0.4556,  0.6005, -0.1229,  0.5111,  0.9669,  0.9843,
         1.3200,  0.1941,  0.3293,  0.8636,  0.0300, -0.0104, -2.2764,  4.6438],
       device='cuda:0')
Solve time for step 3 3.937063502962701
Current ori: tensor([ 0.0300, -0.0104, -2.2764], device='cuda:0')
Middle force: tensor([0.5477, 0.5987], device='cuda:0')
Thumb force: tensor([0.5280, 0.5608], device='cuda:0')
tensor([ 0.1906,  0.6230,  0.4157,  0.5471, -0.1013,  0.5554,  0.9425,  0.9624,
         1.3277,  0.1720,  0.2939,  0.8634,  0.0165, -0.0273, -2.2851,  4.7433],
       device='cuda:0')
Solve time for step 4 3.7163932580151595
Current ori: tensor([ 0.0165, -0.0273, -2.2851], device='cuda:0')
Middle force: tensor([0.5016], device='cuda:0')
Thumb force: tensor([0.5814], device='cuda:0')
Likelihood: -155.05657958984375
Current yaw: tensor([ 0.0023, -0.0292, -2.2762], device='cuda:0')
8 turn
Sampling time 3.75474689505063
tensor([ 8.6892e-02,  7.0697e-01,  4.0573e-01,  5.0157e-01, -9.4242e-02,
         5.8315e-01,  9.1500e-01,  9.2661e-01,  1.3177e+00,  1.9762e-01,
         2.8363e-01,  8.5634e-01,  2.3383e-03, -2.9248e-02, -2.2762e+00,
         4.7296e+00], device='cuda:0')
Likelihood: -162.09739685058594
Solve time for step 1 13.715181350999046
Current ori: tensor([ 0.0023, -0.0292, -2.2762], device='cuda:0')
Middle force: tensor([1.0118, 0.8632, 0.5832, 0.5448, 0.8599, 0.9165, 0.5684, 0.8133, 0.5649,
        0.5687, 0.5518, 0.5110], device='cuda:0')
Thumb force: tensor([0.8317, 0.5820, 1.0127, 1.0316, 0.5628, 0.5839, 0.6073, 0.7361, 0.8900,
        0.6990, 0.5509, 0.5605], device='cuda:0')
Index force: tensor([0.5383, 0.9715, 0.5451, 0.5079, 0.5624, 0.5456, 0.6524, 0.5471, 0.5630,
        0.5726, 0.5894, 0.5290], device='cuda:0')
tensor([ 0.0473,  0.6120,  0.5154,  0.4937, -0.1322,  0.6139,  0.8699,  0.9713,
         1.3761,  0.1340,  0.1661,  1.0142,  0.0110, -0.0164, -2.2296,  4.4241],
       device='cuda:0')
Likelihood: -132.00245666503906
Solve time for step 2 5.2698147659539245
Current ori: tensor([ 0.0110, -0.0164, -2.2296], device='cuda:0')
Middle force: tensor([0.8807, 0.5797, 0.5451, 0.8546, 0.9019, 0.5696, 0.8028, 0.5697, 0.5788,
        0.5618, 0.5116], device='cuda:0')
Thumb force: tensor([0.5675, 0.9947, 1.0082, 0.5578, 0.5783, 0.5987, 0.7244, 0.8666, 0.6884,
        0.5461, 0.5563], device='cuda:0')
Index force: tensor([0.9304, 0.5415, 0.5063, 0.5557, 0.5426, 0.6387, 0.5433, 0.5529, 0.5570,
        0.5707, 0.5228], device='cuda:0')
tensor([ 1.5806e-02,  6.0587e-01,  5.1986e-01,  3.9565e-01, -1.5106e-01,
         6.4405e-01,  9.2752e-01,  8.8575e-01,  1.4086e+00,  8.1960e-02,
         1.4476e-01,  1.0201e+00,  3.6080e-03, -2.6317e-02, -2.2279e+00,
         4.4296e+00], device='cuda:0')
Likelihood: -156.13522338867188
Solve time for step 3 4.984437840001192
Current ori: tensor([ 0.0036, -0.0263, -2.2279], device='cuda:0')
Middle force: tensor([0.5107, 1.2983, 0.8764, 0.5456, 0.5581, 0.8075, 1.1128, 0.5098, 0.5755,
        0.5049], device='cuda:0')
Thumb force: tensor([1.0344, 0.5919, 0.5905, 0.5042, 1.0038, 0.5086, 1.0127, 0.5169, 0.5732,
        0.8214], device='cuda:0')
Index force: tensor([0.5820, 0.6954, 0.5302, 0.5599, 0.5667, 0.5461, 0.5559, 0.6369, 0.5056,
        0.5230], device='cuda:0')
tensor([-1.4144e-03,  6.0239e-01,  4.8998e-01,  4.4731e-01, -1.6820e-01,
         6.4283e-01,  8.9605e-01,  8.9797e-01,  1.4132e+00,  1.8389e-01,
         2.2360e-01,  8.2760e-01, -9.5628e-03, -8.4997e-03, -2.2824e+00,
         4.0980e+00], device='cuda:0')
Likelihood: -160.8458251953125
Solve time for step 4 4.690728672023397
Current ori: tensor([-0.0096, -0.0085, -2.2824], device='cuda:0')
Middle force: tensor([1.2641, 0.8584, 0.5402, 0.5546, 0.7962, 1.0882, 0.5077, 0.5721, 0.5039],
       device='cuda:0')
Thumb force: tensor([0.5827, 0.5881, 0.5033, 0.9861, 0.5078, 0.9978, 0.5155, 0.5696, 0.8149],
       device='cuda:0')
Index force: tensor([0.6812, 0.5286, 0.5600, 0.5634, 0.5434, 0.5533, 0.6373, 0.5049, 0.5225],
       device='cuda:0')
tensor([-0.0114,  0.5678,  0.5147,  0.5041, -0.1706,  0.6309,  0.8952,  0.9431,
         1.4238,  0.1851,  0.2574,  0.7468, -0.0050, -0.0074, -2.3270,  4.0254],
       device='cuda:0')
Likelihood: -163.5032958984375
Solve time for step 5 4.592832481022924
Current ori: tensor([-0.0050, -0.0074, -2.3270], device='cuda:0')
Middle force: tensor([0.8480, 0.5388, 0.5519, 0.7889, 1.0688, 0.5069, 0.5696, 0.5034],
       device='cuda:0')
Thumb force: tensor([0.5813, 0.5025, 0.9702, 0.5069, 0.9822, 0.5139, 0.5660, 0.8059],
       device='cuda:0')
Index force: tensor([0.5250, 0.5567, 0.5601, 0.5407, 0.5505, 0.6291, 0.5043, 0.5203],
       device='cuda:0')
tensor([-1.1978e-02,  6.1579e-01,  4.2790e-01,  5.2893e-01, -1.4303e-01,
         6.2926e-01,  9.1574e-01,  9.6737e-01,  1.4144e+00,  2.1106e-01,
         2.5411e-01,  7.0505e-01, -2.4497e-03, -3.0442e-02, -2.3952e+00,
         4.0790e+00], device='cuda:0')
Likelihood: -185.0930633544922
State is out of distribution
Final likelihood: tensor([ -2.0788,  -3.0563,  -3.1265,  -3.2068,  -3.5032,  -3.7417,  -3.9299,
         -4.1627,  -4.4699,  -4.7981,  -4.8726,  -6.2301,  -6.9011,  -6.9582,
         -9.6594, -12.8741], device='cuda:0', grad_fn=<IndexBackward0>)
Final likelihood: tensor([ -2.0788,  -3.0563,  -3.1265,  -3.2068,  -3.5032,  -3.7417,  -3.9299,
         -4.1627,  -4.4699,  -4.7981,  -4.8726,  -6.2301,  -6.9011,  -6.9582,
         -9.6594, -12.8741], device='cuda:0', grad_fn=<IndexBackward0>)
1 mode projection succeeded
New goal: tensor([ 0.0390,  0.5361,  0.5404,  0.6496, -0.0562,  0.5219,  0.8114,  0.8567,
         1.2743,  0.3043,  0.2123,  1.1689,  0.0040,  0.0146, -2.0613],
       device='cuda:0')
tensor([[0.0026]], device='cuda:0') tensor([[0.0023]], device='cuda:0') tensor([[0.0023]], device='cuda:0')
Likelihood: -143.95372009277344
Likelihood: -209.51806640625
{'index': 209.51806640625, 'thumb_middle': 143.95372009277344}
Current yaw: tensor([-0.0024, -0.0304, -2.3952], device='cuda:0')
9 thumb_middle
tensor([-1.1978e-02,  6.1579e-01,  4.2790e-01,  5.2893e-01, -1.4303e-01,
         6.2926e-01,  9.1574e-01,  9.6737e-01,  1.4144e+00,  2.1106e-01,
         2.5411e-01,  7.0505e-01, -2.4497e-03, -3.0442e-02, -2.3952e+00,
         4.0790e+00], device='cuda:0')
Solve time for step 1 8.653399346978404
Current ori: tensor([-0.0024, -0.0304, -2.3952], device='cuda:0')
Index force: tensor([0.5971, 0.6220, 0.6278, 0.6283], device='cuda:0')
tensor([-0.0638,  0.6175,  0.3970,  0.4924, -0.1812,  0.6271,  0.7513,  0.7989,
         1.2794,  0.1676,  0.1836,  0.9654, -0.0121, -0.0063, -2.3952,  3.9720],
       device='cuda:0')
Solve time for step 2 3.512002776027657
Current ori: tensor([-0.0121, -0.0063, -2.3952], device='cuda:0')
Index force: tensor([0.6130, 0.6204, 0.6238], device='cuda:0')
tensor([-1.0097e-01,  5.7576e-01,  4.2180e-01,  5.0951e-01, -1.8838e-01,
         6.2835e-01,  7.2349e-01,  7.6699e-01,  1.2476e+00,  1.4022e-01,
         1.9711e-01,  1.1112e+00, -2.6564e-03,  1.2852e-02, -2.3952e+00,
         3.9310e+00], device='cuda:0')
Solve time for step 3 3.314679845003411
Current ori: tensor([-0.0027,  0.0129, -2.3952], device='cuda:0')
Index force: tensor([0.6178, 0.6352], device='cuda:0')
tensor([-0.1364,  0.4985,  0.4705,  0.5886, -0.1949,  0.6091,  0.7143,  0.7605,
         1.2380,  0.1313,  0.2123,  1.2009,  0.0055,  0.0412, -2.3952,  3.7623],
       device='cuda:0')
Solve time for step 4 3.157433628977742
Current ori: tensor([ 0.0055,  0.0412, -2.3952], device='cuda:0')
Index force: tensor([0.6564], device='cuda:0')
Likelihood: -157.93544006347656
Current yaw: tensor([ 0.0172,  0.0188, -2.3389], device='cuda:0')
10 turn
Sampling time 3.5802406590082683
tensor([-0.0966,  0.4432,  0.5267,  0.6879, -0.0912,  0.6400,  0.7439,  0.7854,
         1.2768,  0.1587,  0.2757,  1.2984,  0.0172,  0.0188, -2.3389,  3.6143],
       device='cuda:0')
Likelihood: -148.45474243164062
Solve time for step 1 14.157158973044716
Current ori: tensor([ 0.0172,  0.0188, -2.3389], device='cuda:0')
Middle force: tensor([0.5699, 1.9305, 0.9412, 1.0174, 0.7584, 0.5583, 1.1286, 0.5440, 0.6149,
        1.1612, 0.6106, 0.5524], device='cuda:0')
Thumb force: tensor([0.5228, 1.1616, 0.5530, 1.3391, 0.8273, 0.8244, 1.0006, 0.5553, 0.9797,
        0.8691, 0.5962, 0.5220], device='cuda:0')
Index force: tensor([0.5823, 0.5146, 0.5178, 0.5117, 0.5316, 0.5733, 0.7648, 0.5033, 0.5249,
        0.5024, 0.5928, 0.6300], device='cuda:0')
tensor([-0.1073,  0.3943,  0.5512,  0.7621, -0.1026,  0.5922,  0.8007,  0.8054,
         1.2564,  0.1976,  0.2956,  1.2268,  0.0146,  0.0214, -2.4822,  3.5750],
       device='cuda:0')
Likelihood: -139.07276916503906
Solve time for step 2 5.645947063982021
Current ori: tensor([ 0.0146,  0.0214, -2.4822], device='cuda:0')
Middle force: tensor([1.8590, 0.9013, 0.9755, 0.7393, 0.5536, 1.0892, 0.5362, 0.6042, 1.1405,
        0.6010, 0.5430], device='cuda:0')
Thumb force: tensor([1.1160, 0.5400, 1.2835, 0.7910, 0.8091, 0.9665, 0.5471, 0.9572, 0.8472,
        0.5879, 0.5177], device='cuda:0')
Index force: tensor([0.5099, 0.5104, 0.5073, 0.5254, 0.5535, 0.7451, 0.5020, 0.5182, 0.5009,
        0.5834, 0.6221], device='cuda:0')
tensor([-0.0912,  0.3830,  0.5716,  0.7808, -0.0793,  0.5798,  0.8334,  0.8036,
         1.2376,  0.2343,  0.2889,  1.1128, -0.0046,  0.0042, -2.6677,  3.5075],
       device='cuda:0')
Likelihood: -134.80947875976562
Solve time for step 3 5.283921865047887
Current ori: tensor([-0.0046,  0.0042, -2.6677], device='cuda:0')
Middle force: tensor([0.8542, 0.9341, 0.7199, 0.5466, 1.0596, 0.5299, 0.5937, 1.1248, 0.5892,
        0.5372], device='cuda:0')
Thumb force: tensor([0.5296, 1.2389, 0.7622, 0.7922, 0.9340, 0.5400, 0.9361, 0.8286, 0.5810,
        0.5143], device='cuda:0')
Index force: tensor([0.5059, 0.5032, 0.5194, 0.5425, 0.7241, 0.5014, 0.5136, 0.4999, 0.5761,
        0.6080], device='cuda:0')
tensor([-0.0901,  0.3537,  0.6092,  0.8259, -0.0542,  0.5647,  0.8709,  0.8236,
         1.2348,  0.2430,  0.2814,  1.0545, -0.0118, -0.0141, -2.7689,  3.5199],
       device='cuda:0')
Likelihood: -169.70565795898438
Solve time for step 4 5.070339764992241
Current ori: tensor([-0.0118, -0.0141, -2.7689], device='cuda:0')
Middle force: tensor([0.5002, 0.8888, 0.6489, 0.5201, 0.7167, 0.5958, 0.5569, 0.5743, 0.5939],
       device='cuda:0')
Thumb force: tensor([0.5003, 0.5261, 0.5002, 0.8352, 0.6823, 0.5334, 0.5287, 0.5799, 0.5600],
       device='cuda:0')
Index force: tensor([0.6255, 0.5141, 0.6110, 0.5519, 0.5171, 0.5330, 0.5283, 0.5722, 0.5695],
       device='cuda:0')
tensor([-0.0989,  0.3579,  0.5931,  0.8464, -0.1490,  0.5516,  0.8963,  0.8038,
         1.3497,  0.1793,  0.2582,  1.0364, -0.0703,  0.0387, -2.7619,  2.9262],
       device='cuda:0')
Likelihood: -204.36935424804688
State is out of distribution
Final likelihood: tensor([-2.6630, -3.2914, -3.5273, -3.6478, -4.2354, -4.2794, -4.5105, -4.7846,
        -4.8836, -4.9052, -5.1104, -5.3686, -5.9101, -6.1918, -7.3609, -9.8162],
       device='cuda:0', grad_fn=<IndexBackward0>)
Final likelihood: tensor([-2.6630, -3.2914, -3.5273, -3.6478, -4.2354, -4.2794, -4.5105, -4.7846,
        -4.8836, -4.9052, -5.1104, -5.3686, -5.9101, -6.1918, -7.3609, -9.8162],
       device='cuda:0', grad_fn=<IndexBackward0>)
1 mode projection succeeded
New goal: tensor([ 4.8196e-02,  5.8256e-01,  4.9868e-01,  6.1789e-01, -3.1341e-02,
         4.8176e-01,  8.9445e-01,  8.2614e-01,  1.3279e+00,  2.9972e-01,
         1.5792e-01,  1.0712e+00, -2.6565e-02,  1.5571e-03, -1.7940e+00],
       device='cuda:0')
tensor([[0.0024]], device='cuda:0') tensor([[0.0027]], device='cuda:0') tensor([[0.0018]], device='cuda:0')
Likelihood: -216.50379943847656
Likelihood: -114.12518310546875
{'index': 114.12518310546875, 'thumb_middle': 216.50379943847656}
Current yaw: tensor([-0.0703,  0.0387, -2.7619], device='cuda:0')
11 index
tensor([-0.0989,  0.3579,  0.5931,  0.8464, -0.1490,  0.5516,  0.8963,  0.8038,
         1.3497,  0.1793,  0.2582,  1.0364, -0.0703,  0.0387, -2.7619,  2.9262],
       device='cuda:0')
Solve time for step 1 10.745537283015437
Current ori: tensor([-0.0703,  0.0387, -2.7619], device='cuda:0')
Middle force: tensor([0.5913, 0.5401, 0.6184, 0.5352], device='cuda:0')
Thumb force: tensor([0.5575, 0.6066, 0.5739, 0.6540], device='cuda:0')
tensor([ 0.1505,  0.5524,  0.4455,  0.6332, -0.1546,  0.5621,  0.9170,  0.8160,
         1.3549,  0.1977,  0.2379,  1.0365, -0.1036,  0.0424, -2.7758,  1.7981],
       device='cuda:0')
Solve time for step 2 4.112669970956631
Current ori: tensor([-0.1036,  0.0424, -2.7758], device='cuda:0')
Middle force: tensor([0.5369, 0.6131, 0.5335], device='cuda:0')
Thumb force: tensor([0.6018, 0.5710, 0.6462], device='cuda:0')
tensor([ 0.2035,  0.6380,  0.4110,  0.5721, -0.1527,  0.5685,  0.9326,  0.8422,
         1.3495,  0.2524,  0.2302,  1.0728, -0.1350,  0.0507, -2.8051,  1.4862],
       device='cuda:0')
Solve time for step 3 4.206412633007858
Current ori: tensor([-0.1350,  0.0507, -2.8051], device='cuda:0')
Middle force: tensor([0.5151, 0.5624], device='cuda:0')
Thumb force: tensor([0.5590, 0.5451], device='cuda:0')
tensor([ 0.1828,  0.6470,  0.4050,  0.5711, -0.1589,  0.5802,  0.9452,  0.8480,
         1.3965,  0.2377,  0.2161,  1.1003, -0.1801,  0.0710, -2.8256,  1.5479],
       device='cuda:0')
Solve time for step 4 3.847720114979893
Current ori: tensor([-0.1801,  0.0710, -2.8256], device='cuda:0')
Middle force: tensor([0.5554], device='cuda:0')
Thumb force: tensor([0.5347], device='cuda:0')
Likelihood: -990.1522827148438
State is out of distribution
Final likelihood: tensor([ -915.1858,  -919.4675,  -947.1476,  -948.9528,  -951.2036,  -951.7504,
         -965.0056,  -968.0063,  -968.0159,  -969.2513,  -979.4700,  -979.5512,
         -981.1791,  -993.1264, -1000.7551, -1001.8383], device='cuda:0',
       grad_fn=<IndexBackward0>)
Final likelihood: tensor([ -915.1858,  -919.4675,  -947.1476,  -948.9528,  -951.2036,  -951.7504,
         -965.0056,  -968.0063,  -968.0159,  -969.2513,  -979.4700,  -979.5512,
         -981.1791,  -993.1264, -1000.7551, -1001.8383], device='cuda:0',
       grad_fn=<IndexBackward0>)
1 mode projection failed, trying anyway
New goal: tensor([ 0.0217,  0.7937, -0.2220,  1.7210,  0.1483,  0.4474,  1.7775,  1.9324,
         1.4626, -0.3165,  0.2790,  1.0719, -0.4411,  0.1276, -2.3266],
       device='cuda:0')
tensor([[0.0226]], device='cuda:0') tensor([[0.0218]], device='cuda:0') tensor([[0.0408]], device='cuda:0')
Likelihood: -841.4002075195312
Likelihood: -842.4839477539062
{'index': 842.4839477539062, 'thumb_middle': 841.4002075195312}
Current yaw: tensor([-0.4126,  0.1633, -2.8272], device='cuda:0')
12 thumb_middle
tensor([-0.1010,  0.6364,  0.4443,  0.6125, -0.1498,  0.6231,  0.9439,  0.8344,
         1.4449,  0.2369,  0.2385,  1.0806, -0.4126,  0.1633, -2.8272,  2.0476],
       device='cuda:0')
Solve time for step 1 8.7913949440117
Current ori: tensor([-0.4126,  0.1633, -2.8272], device='cuda:0')
Index force: tensor([0.6034, 0.5014, 0.5049, 0.5118], device='cuda:0')
tensor([-0.1322,  0.9288,  0.1431,  0.9273, -0.2068,  0.7953,  1.1189,  1.1487,
         1.5000,  0.0138,  0.4835,  1.1903, -0.9578,  0.3394, -2.8272,  4.3261],
       device='cuda:0')
Solve time for step 2 3.4934052990283817
Current ori: tensor([-0.9578,  0.3394, -2.8272], device='cuda:0')
Index force: tensor([0.5011, 0.5050, 0.5119], device='cuda:0')
tensor([-0.3763,  1.1029,  0.1528,  1.1991, -0.2380,  0.8569,  1.1243,  1.2079,
         1.5000,  0.1077,  0.5027,  1.1917, -1.7466,  0.4147, -2.8271,  5.4204],
       device='cuda:0')
Solve time for step 3 3.616634850972332
Current ori: tensor([-1.7466,  0.4147, -2.8271], device='cuda:0')
Index force: tensor([0.5028, 0.5034], device='cuda:0')
tensor([-0.3835,  1.2977,  0.0089,  0.8632, -0.2497,  1.0049,  1.0196,  1.0972,
         1.5000,  0.1220,  0.4165,  1.1282, -2.0449,  0.2987, -2.8271,  4.1570],
       device='cuda:0')
Solve time for step 4 3.1800469529698603
Current ori: tensor([-2.0449,  0.2987, -2.8271], device='cuda:0')
Index force: tensor([0.5016], device='cuda:0')
Likelihood: -2586.684814453125
State is out of distribution
Probably dropped the object
{}

Trial 2
Loaded trajectory sampler
Current yaw: tensor([ 0.0055,  0.0140, -2.9881], device='cuda:0')
Current yaw: tensor([ 0.0055,  0.0140, -2.9881], device='cuda:0')
1 turn
Sampling time 3.7130150979501195
tensor([ 0.1472,  0.5995,  0.5797,  0.6060, -0.1211,  0.5452,  0.8912,  0.9445,
         1.2307,  0.2955,  0.2465,  1.1772,  0.0055,  0.0140, -2.9881,  0.0850],
       device='cuda:0')
Likelihood: -97.41643524169922
Solve time for step 1 13.997865517972969
Current ori: tensor([ 0.0055,  0.0140, -2.9881], device='cuda:0')
Middle force: tensor([1.2753, 1.9824, 0.8513, 0.5218, 0.5840, 0.9868, 1.1772, 0.5047, 0.7258,
        0.5077, 0.5098, 0.5241], device='cuda:0')
Thumb force: tensor([0.8912, 1.2886, 0.5812, 0.5190, 0.4755, 1.2640, 0.7024, 0.5332, 0.5608,
        0.5305, 0.5958, 0.5428], device='cuda:0')
Index force: tensor([0.9482, 1.8867, 0.5250, 0.5710, 0.5501, 0.8069, 0.5080, 0.5695, 0.5966,
        0.6410, 0.6100, 0.5046], device='cuda:0')
tensor([ 0.1406,  0.6366,  0.5468,  0.5576, -0.1197,  0.5909,  0.8406,  0.8940,
         1.2449,  0.2499,  0.2215,  1.2332, -0.0057,  0.0053, -2.9094,  0.1108],
       device='cuda:0')
Likelihood: -113.93362426757812
Solve time for step 2 5.53423325001495
Current ori: tensor([-0.0057,  0.0053, -2.9094], device='cuda:0')
Middle force: tensor([0.8242, 0.5035, 0.5952, 0.7125, 1.2716, 0.5593, 0.5537, 0.5705, 0.5200,
        0.5703, 0.5663], device='cuda:0')
Thumb force: tensor([1.1715, 0.5806, 0.5975, 0.7175, 0.5256, 0.5900, 1.2991, 1.4352, 0.6327,
        0.6027, 1.0524], device='cuda:0')
Index force: tensor([1.3123, 0.8306, 0.5751, 0.8605, 0.7878, 0.5556, 0.5433, 0.5882, 0.5761,
        0.6122, 0.5333], device='cuda:0')
tensor([ 1.0898e-01,  5.2471e-01,  6.2587e-01,  6.2358e-01, -1.1688e-01,
         5.7410e-01,  8.4125e-01,  9.5506e-01,  1.2527e+00,  2.4581e-01,
         2.1879e-01,  1.2161e+00, -2.5620e-03,  3.8771e-03, -2.9835e+00,
         1.5821e+00], device='cuda:0')
Likelihood: -107.81295013427734
Solve time for step 3 5.217048314982094
Current ori: tensor([-2.5620e-03,  3.8771e-03, -2.9835e+00], device='cuda:0')
Middle force: tensor([0.5037, 0.5906, 0.7403, 1.2727, 0.5652, 0.5512, 0.5662, 0.5230, 0.5778,
        0.5656], device='cuda:0')
Thumb force: tensor([0.5713, 0.5863, 0.6543, 0.5148, 0.5726, 1.2789, 1.4112, 0.6061, 0.5794,
        1.0281], device='cuda:0')
Index force: tensor([0.8165, 0.5766, 0.8773, 0.7995, 0.5556, 0.5395, 0.5844, 0.5745, 0.6144,
        0.5318], device='cuda:0')
tensor([ 1.1100e-01,  5.3029e-01,  6.0485e-01,  6.7403e-01, -1.2476e-01,
         5.9266e-01,  8.1852e-01,  9.9110e-01,  1.2611e+00,  2.3944e-01,
         2.2933e-01,  1.1743e+00,  2.2412e-04,  2.2680e-03, -3.0311e+00,
         1.6861e+00], device='cuda:0')
Likelihood: -125.82988739013672
Solve time for step 4 4.78502071701223
Current ori: tensor([ 2.2412e-04,  2.2680e-03, -3.0311e+00], device='cuda:0')
Middle force: tensor([0.5874, 0.7455, 1.2583, 0.5645, 0.5497, 0.5636, 0.5232, 0.5759, 0.5634],
       device='cuda:0')
Thumb force: tensor([0.5822, 0.6384, 0.5122, 0.5689, 1.2583, 1.3882, 0.5987, 0.5760, 1.0140],
       device='cuda:0')
Index force: tensor([0.5719, 0.8680, 0.7929, 0.5531, 0.5373, 0.5812, 0.5712, 0.6104, 0.5303],
       device='cuda:0')
tensor([ 0.0938,  0.5513,  0.5817,  0.6268, -0.1082,  0.6121,  0.7977,  1.0048,
         1.3063,  0.1768,  0.1742,  1.1879, -0.0074, -0.0096, -3.0692,  1.8607],
       device='cuda:0')
Likelihood: -131.65716552734375
Solve time for step 5 4.419545674987603
Current ori: tensor([-0.0074, -0.0096, -3.0692], device='cuda:0')
Middle force: tensor([0.7563, 1.2478, 0.5692, 0.5484, 0.5608, 0.5291, 0.5817, 0.5635],
       device='cuda:0')
Thumb force: tensor([0.6170, 0.5094, 0.5617, 1.2383, 1.3656, 0.5821, 0.5655, 0.9946],
       device='cuda:0')
Index force: tensor([0.8559, 0.7875, 0.5504, 0.5356, 0.5787, 0.5639, 0.6066, 0.5289],
       device='cuda:0')
tensor([ 0.0831,  0.5465,  0.5685,  0.6472, -0.1188,  0.6007,  0.7978,  1.0276,
         1.3065,  0.1907,  0.1937,  1.1582, -0.0052, -0.0035, -3.0973,  1.8835],
       device='cuda:0')
Likelihood: -128.12362670898438
Solve time for step 6 4.461143883003388
Current ori: tensor([-0.0052, -0.0035, -3.0973], device='cuda:0')
Middle force: tensor([1.2333, 0.5686, 0.5471, 0.5584, 0.5299, 0.5790, 0.5612],
       device='cuda:0')
Thumb force: tensor([0.5077, 0.5589, 1.2196, 1.3438, 0.5769, 0.5632, 0.9816],
       device='cuda:0')
Index force: tensor([0.7760, 0.5483, 0.5335, 0.5759, 0.5598, 0.6032, 0.5276],
       device='cuda:0')
tensor([ 0.0900,  0.5529,  0.5631,  0.6539, -0.1142,  0.6023,  0.7992,  1.0313,
         1.2952,  0.2060,  0.1943,  1.1538, -0.0062, -0.0074, -3.1129,  1.9082],
       device='cuda:0')
Likelihood: -132.99049377441406
Solve time for step 7 4.240302802994847
Current ori: tensor([-0.0062, -0.0074, -3.1129], device='cuda:0')
Middle force: tensor([0.5655, 0.5461, 0.5559, 0.5293, 0.5760, 0.5595], device='cuda:0')
Thumb force: tensor([0.5558, 1.2009, 1.3232, 0.5729, 0.5609, 0.9674], device='cuda:0')
Index force: tensor([0.5459, 0.5307, 0.5724, 0.5563, 0.5993, 0.5260], device='cuda:0')
tensor([ 7.7437e-02,  5.6078e-01,  5.4679e-01,  6.4028e-01, -1.2288e-01,
         5.9993e-01,  7.9426e-01,  1.0305e+00,  1.3178e+00,  1.8298e-01,
         2.0371e-01,  1.1238e+00, -9.8068e-03, -6.3298e-04, -3.1307e+00,
         1.8859e+00], device='cuda:0')
Likelihood: -115.86846923828125
Solve time for step 8 4.2846412869985215
Current ori: tensor([-9.8068e-03, -6.3298e-04, -3.1307e+00], device='cuda:0')
Middle force: tensor([0.5431, 0.5525, 0.5265, 0.5728, 0.5568], device='cuda:0')
Thumb force: tensor([1.1804, 1.3038, 0.5717, 0.5582, 0.9549], device='cuda:0')
Index force: tensor([0.5266, 0.5689, 0.5536, 0.5950, 0.5242], device='cuda:0')
tensor([ 0.0646,  0.5446,  0.5498,  0.6545, -0.1333,  0.5960,  0.7901,  1.0307,
         1.3322,  0.1870,  0.1946,  1.1298, -0.0109,  0.0073, -3.1365,  1.8381],
       device='cuda:0')
Likelihood: -115.41908264160156
Solve time for step 9 3.950419511005748
Current ori: tensor([-0.0109,  0.0073, -3.1365], device='cuda:0')
Middle force: tensor([0.5464, 0.5251, 0.5715, 0.5544], device='cuda:0')
Thumb force: tensor([1.2803, 0.5703, 0.5544, 0.9431], device='cuda:0')
Index force: tensor([0.5632, 0.5486, 0.5902, 0.5224], device='cuda:0')
tensor([ 0.0156,  0.5234,  0.4729,  0.6701, -0.1323,  0.6218,  0.7660,  0.9949,
         1.2811,  0.2307,  0.2484,  1.1041, -0.0167,  0.0093, -3.0697,  1.6917],
       device='cuda:0')
Likelihood: -100.72172546386719
Solve time for step 10 3.85715507902205
Current ori: tensor([-0.0167,  0.0093, -3.0697], device='cuda:0')
Middle force: tensor([0.5255, 0.5816, 0.5568], device='cuda:0')
Thumb force: tensor([0.5552, 0.5435, 0.9195], device='cuda:0')
Index force: tensor([0.5430, 0.5830, 0.5207], device='cuda:0')
tensor([ 0.1016,  0.6004,  0.4020,  0.5297, -0.1374,  0.6766,  0.7298,  0.9564,
         1.2442,  0.1613,  0.1620,  1.1966, -0.0471,  0.0064, -3.0675,  1.6933],
       device='cuda:0')
Likelihood: -158.53652954101562
Solve time for step 11 3.6164830260095187
Current ori: tensor([-0.0471,  0.0064, -3.0675], device='cuda:0')
Middle force: tensor([0.5121, 0.5007], device='cuda:0')
Thumb force: tensor([0.5004, 0.5057], device='cuda:0')
Index force: tensor([0.6092, 0.7196], device='cuda:0')
tensor([ 6.9744e-02,  6.1905e-01,  4.7128e-01,  5.9797e-01, -1.3367e-01,
         7.0146e-01,  7.2553e-01,  9.3934e-01,  1.3371e+00,  9.6922e-02,
         2.0774e-01,  1.1536e+00, -6.3881e-02, -1.4870e-03, -3.0617e+00,
         1.5840e+00], device='cuda:0')
Likelihood: -157.56565856933594
Solve time for step 12 3.4850041450117715
Current ori: tensor([-6.3881e-02, -1.4870e-03, -3.0617e+00], device='cuda:0')
Middle force: tensor([0.5004], device='cuda:0')
Thumb force: tensor([0.5038], device='cuda:0')
Index force: tensor([0.7050], device='cuda:0')
Likelihood: -142.34190368652344
Current yaw: tensor([-0.0542,  0.0080, -3.0660], device='cuda:0')
2 turn
Sampling time 3.675652945006732
tensor([ 0.0842,  0.5593,  0.5164,  0.7070, -0.1203,  0.6897,  0.6462,  1.0222,
         1.3293,  0.0879,  0.2893,  1.0460, -0.0542,  0.0080, -3.0660,  0.8893],
       device='cuda:0')
Likelihood: -138.2344970703125
Solve time for step 1 13.654472209978849
Current ori: tensor([-0.0542,  0.0080, -3.0660], device='cuda:0')
Middle force: tensor([0.5778, 1.7991, 0.5001, 0.5870, 0.7987, 0.6371, 0.6318, 0.5845, 1.0047,
        0.6242, 0.6524, 0.7777], device='cuda:0')
Thumb force: tensor([0.5058, 2.1461, 0.7532, 1.2319, 0.5211, 0.5281, 0.6895, 0.5976, 1.4887,
        0.6070, 0.5690, 0.5459], device='cuda:0')
Index force: tensor([0.5916, 0.5543, 0.6967, 1.0147, 0.6330, 0.5905, 0.6069, 0.6270, 0.5785,
        0.6305, 0.6157, 0.5829], device='cuda:0')
tensor([ 0.1261,  0.6437,  0.4515,  0.6889, -0.0865,  0.7959,  0.5430,  0.8948,
         1.2574,  0.1557,  0.2506,  1.1104, -0.0725, -0.0274, -3.0636,  0.9987],
       device='cuda:0')
Likelihood: -184.39993286132812
State is out of distribution
Final likelihood: tensor([-2.4599, -2.7029, -2.8069, -2.8173, -2.8399, -2.9879, -3.0203, -3.1836,
        -3.3058, -3.6346, -3.6666, -3.9004, -3.9339, -4.0181, -4.6273, -5.7802],
       device='cuda:0', grad_fn=<IndexBackward0>)
Final likelihood: tensor([-2.4599, -2.7029, -2.8069, -2.8173, -2.8399, -2.9879, -3.0203, -3.1836,
        -3.3058, -3.6346, -3.6666, -3.9004, -3.9339, -4.0181, -4.6273, -5.7802],
       device='cuda:0', grad_fn=<IndexBackward0>)
1 mode projection succeeded
New goal: tensor([ 1.0089e-02,  5.6025e-01,  4.8462e-01,  6.3072e-01, -2.1869e-02,
         6.3747e-01,  6.2802e-01,  8.9148e-01,  1.2237e+00,  4.2234e-01,
         3.3759e-01,  8.5896e-01, -2.0233e-02, -7.0757e-05,  2.7359e+00],
       device='cuda:0')
tensor([[0.0024]], device='cuda:0') tensor([[0.0051]], device='cuda:0') tensor([[0.0025]], device='cuda:0')
Likelihood: -87.05935668945312
Likelihood: -264.4317626953125
{'index': 264.4317626953125, 'thumb_middle': 87.05935668945312}
Current yaw: tensor([-0.0725, -0.0274, -3.0636], device='cuda:0')
3 thumb_middle
tensor([ 0.1261,  0.6437,  0.4515,  0.6889, -0.0865,  0.7959,  0.5430,  0.8948,
         1.2574,  0.1557,  0.2506,  1.1104, -0.0725, -0.0274, -3.0636,  0.9987],
       device='cuda:0')
Solve time for step 1 8.804989908006974
Current ori: tensor([-0.0725, -0.0274, -3.0636], device='cuda:0')
Index force: tensor([0.5834, 0.6023, 0.6001, 0.6019], device='cuda:0')
tensor([ 0.1031,  0.5683,  0.5158,  0.7218, -0.1224,  0.7076,  0.5561,  0.8337,
         1.2123,  0.2167,  0.2224,  0.9348, -0.0532, -0.0117, -3.0637,  0.9976],
       device='cuda:0')
Solve time for step 2 3.5003075529821217
Current ori: tensor([-0.0532, -0.0117, -3.0637], device='cuda:0')
Index force: tensor([0.5902, 0.5903, 0.5920], device='cuda:0')
tensor([ 8.5496e-02,  4.9146e-01,  5.7254e-01,  7.8574e-01, -1.3992e-01,
         7.0997e-01,  5.5096e-01,  8.0402e-01,  1.2438e+00,  2.6674e-01,
         2.1562e-01,  8.8211e-01, -2.9060e-02, -1.6424e-05, -3.0637e+00,
         1.0147e+00], device='cuda:0')
Solve time for step 3 3.3834420979837887
Current ori: tensor([-2.9060e-02, -1.6424e-05, -3.0637e+00], device='cuda:0')
Index force: tensor([0.5751, 0.5788], device='cuda:0')
tensor([ 0.0682,  0.4890,  0.5684,  0.7682, -0.1499,  0.7339,  0.5317,  0.7594,
         1.2689,  0.3021,  0.1912,  0.8710, -0.0309,  0.0113, -3.0637,  0.9826],
       device='cuda:0')
Solve time for step 4 3.1240668520331383
Current ori: tensor([-0.0309,  0.0113, -3.0637], device='cuda:0')
Index force: tensor([0.5702], device='cuda:0')
Likelihood: -126.27223205566406
Current yaw: tensor([-0.0447,  0.0124, -3.0483], device='cuda:0')
4 turn
Sampling time 3.7276978259906173
tensor([ 0.0545,  0.5281,  0.5297,  0.7118, -0.0867,  0.8227,  0.5221,  0.7149,
         1.3240,  0.3455,  0.2306,  0.9070, -0.0447,  0.0124, -3.0483,  0.9485],
       device='cuda:0')
Likelihood: -134.681640625
Solve time for step 1 13.968520604015794
Current ori: tensor([-0.0447,  0.0124, -3.0483], device='cuda:0')
Middle force: tensor([0.8930, 0.8427, 0.5012, 0.8718, 0.5721, 0.5670, 0.5085, 0.5227, 0.5293,
        0.5294, 0.5498, 0.5403], device='cuda:0')
Thumb force: tensor([0.5086, 0.6719, 0.5575, 0.7758, 0.6000, 0.4835, 0.5348, 0.6668, 0.8667,
        0.5940, 1.1202, 0.5073], device='cuda:0')
Index force: tensor([0.5348, 0.9717, 0.5019, 0.8224, 0.8179, 0.5833, 0.7299, 0.5215, 0.6298,
        0.6016, 0.5547, 0.5878], device='cuda:0')
tensor([ 0.0436,  0.4466,  0.6135,  0.7487, -0.0956,  0.8061,  0.5105,  0.7964,
         1.3565,  0.2904,  0.1858,  1.0028, -0.0224,  0.0186, -3.0382,  0.9528],
       device='cuda:0')
Likelihood: -146.63624572753906
Solve time for step 2 5.468462606018875
Current ori: tensor([-0.0224,  0.0186, -3.0382], device='cuda:0')
Middle force: tensor([0.8217, 0.5002, 0.8536, 0.5621, 0.5661, 0.5065, 0.5199, 0.5243, 0.5271,
        0.5467, 0.5364], device='cuda:0')
Thumb force: tensor([0.6666, 0.5515, 0.7626, 0.5934, 0.5085, 0.5295, 0.6560, 0.8600, 0.5869,
        1.0953, 0.5060], device='cuda:0')
Index force: tensor([0.9473, 0.5011, 0.8092, 0.8139, 0.5777, 0.7327, 0.5177, 0.6394, 0.5929,
        0.5507, 0.5828], device='cuda:0')
tensor([ 0.0521,  0.4058,  0.6631,  0.7748, -0.0935,  0.7746,  0.5402,  0.8599,
         1.3524,  0.3195,  0.2136,  0.9430, -0.0099,  0.0151, -3.1010,  1.0451],
       device='cuda:0')
Likelihood: -137.0540771484375
Solve time for step 3 5.129126565007027
Current ori: tensor([-0.0099,  0.0151, -3.1010], device='cuda:0')
Middle force: tensor([0.5000, 0.8413, 0.5580, 0.5618, 0.5067, 0.5186, 0.5225, 0.5253, 0.5438,
        0.5346], device='cuda:0')
Thumb force: tensor([0.5454, 0.7620, 0.5809, 0.5072, 0.5212, 0.6436, 0.8431, 0.5798, 1.0728,
        0.5047], device='cuda:0')
Index force: tensor([0.5004, 0.7993, 0.8188, 0.5768, 0.7274, 0.5144, 0.6406, 0.5857, 0.5474,
        0.5767], device='cuda:0')
tensor([ 0.0376,  0.4010,  0.6636,  0.7617, -0.1003,  0.7932,  0.5124,  0.8284,
         1.3473,  0.3363,  0.1954,  0.9996, -0.0103,  0.0229, -3.0631,  1.0094],
       device='cuda:0')
Likelihood: -150.65887451171875
Solve time for step 4 4.739076747035142
Current ori: tensor([-0.0103,  0.0229, -3.0631], device='cuda:0')
Middle force: tensor([0.7872, 1.0628, 0.5004, 0.5008, 0.6254, 0.5013, 0.5108, 0.5638, 0.5586],
       device='cuda:0')
Thumb force: tensor([0.5001, 0.6118, 0.5371, 1.2198, 0.8307, 0.5492, 1.3681, 0.7968, 0.6140],
       device='cuda:0')
Index force: tensor([0.5266, 0.8993, 0.5470, 0.5535, 0.7089, 0.7360, 0.5287, 0.5707, 0.5716],
       device='cuda:0')
tensor([ 0.0595,  0.4082,  0.6583,  0.7916, -0.0837,  0.7847,  0.5379,  0.8370,
         1.3509,  0.3355,  0.1901,  0.9705, -0.0094,  0.0106, -3.1063,  1.0505],
       device='cuda:0')
Likelihood: -124.54936218261719
Solve time for step 5 4.637325603980571
Current ori: tensor([-0.0094,  0.0106, -3.1063], device='cuda:0')
Middle force: tensor([1.0578, 0.5002, 0.5006, 0.6274, 0.5011, 0.5113, 0.5610, 0.5571],
       device='cuda:0')
Thumb force: tensor([0.5995, 0.5347, 1.1962, 0.8074, 0.5427, 1.3389, 0.7812, 0.6099],
       device='cuda:0')
Index force: tensor([0.8811, 0.5455, 0.5516, 0.6969, 0.7273, 0.5236, 0.5667, 0.5663],
       device='cuda:0')
tensor([ 0.0874,  0.3832,  0.6737,  0.8865, -0.0811,  0.8573,  0.5024,  0.8529,
         1.3461,  0.3175,  0.1293,  1.0915,  0.0133, -0.0064, -3.0961,  1.1735],
       device='cuda:0')
Likelihood: -204.5421905517578
State is out of distribution
Final likelihood: tensor([-2.9618, -3.1094, -3.2838, -3.3141, -3.4099, -3.6978, -3.9642, -4.1626,
        -4.6514, -5.2406, -5.3719, -5.6050, -5.6350, -5.7358, -6.4684, -6.7792],
       device='cuda:0', grad_fn=<IndexBackward0>)
Final likelihood: tensor([-2.9618, -3.1094, -3.2838, -3.3141, -3.4099, -3.6978, -3.9642, -4.1626,
        -4.6514, -5.2406, -5.3719, -5.6050, -5.6350, -5.7358, -6.4684, -6.7792],
       device='cuda:0', grad_fn=<IndexBackward0>)
1 mode projection succeeded
New goal: tensor([ 0.0316,  0.4842,  0.5185,  0.8162, -0.0141,  0.5698,  0.6876,  0.8806,
         1.2871,  0.2959,  0.2635,  0.9891, -0.0028,  0.0069, -1.6674],
       device='cuda:0')
tensor([[0.0030]], device='cuda:0') tensor([[0.0023]], device='cuda:0') tensor([[0.0026]], device='cuda:0')
Likelihood: -113.28933715820312
Likelihood: -195.4564971923828
{'index': 195.4564971923828, 'thumb_middle': 113.28933715820312}
Current yaw: tensor([ 0.0133, -0.0064, -3.0961], device='cuda:0')
5 thumb_middle
tensor([ 0.0874,  0.3832,  0.6737,  0.8865, -0.0811,  0.8573,  0.5024,  0.8529,
         1.3461,  0.3175,  0.1293,  1.0915,  0.0133, -0.0064, -3.0961,  1.1735],
       device='cuda:0')
Solve time for step 1 8.804169595008716
Current ori: tensor([ 0.0133, -0.0064, -3.0961], device='cuda:0')
Index force: tensor([0.5645, 0.5660, 0.6021, 0.5036], device='cuda:0')
tensor([ 0.0820,  0.3988,  0.6200,  0.9434, -0.1185,  0.6916,  0.5660,  0.7927,
         1.3310,  0.2163,  0.1383,  0.9266,  0.0160, -0.0037, -3.0961,  1.1866],
       device='cuda:0')
Solve time for step 2 3.611925563949626
Current ori: tensor([ 0.0160, -0.0037, -3.0961], device='cuda:0')
Index force: tensor([0.5561, 0.5000, 0.5566], device='cuda:0')
tensor([ 7.4638e-02,  3.8090e-01,  6.2457e-01,  9.6605e-01, -1.3562e-01,
         6.6221e-01,  6.1872e-01,  8.0452e-01,  1.3558e+00,  1.7523e-01,
         1.4498e-01,  8.9159e-01,  2.3049e-02,  8.0946e-04, -3.0961e+00,
         1.1878e+00], device='cuda:0')
Solve time for step 3 3.3205189449945465
Current ori: tensor([ 2.3049e-02,  8.0946e-04, -3.0961e+00], device='cuda:0')
Index force: tensor([0.5000, 0.5483], device='cuda:0')
tensor([ 0.0659,  0.3849,  0.6241,  0.9433, -0.1328,  0.6388,  0.6267,  0.7881,
         1.3723,  0.1617,  0.1516,  0.8632,  0.0189,  0.0053, -3.0961,  1.1677],
       device='cuda:0')
Solve time for step 4 3.269939766963944
Current ori: tensor([ 0.0189,  0.0053, -3.0961], device='cuda:0')
Index force: tensor([0.5376], device='cuda:0')
Likelihood: -164.35317993164062
Current yaw: tensor([ 0.0190,  0.0292, -3.0992], device='cuda:0')
6 turn
Sampling time 3.662129794014618
tensor([ 0.0152,  0.3796,  0.6068,  0.9074, -0.0939,  0.6605,  0.6668,  0.8346,
         1.4266,  0.1575,  0.2588,  0.8872,  0.0190,  0.0292, -3.0992,  1.2532],
       device='cuda:0')
Likelihood: -171.66127014160156
Solve time for step 1 13.946012922970112
Current ori: tensor([ 0.0190,  0.0292, -3.0992], device='cuda:0')
Middle force: tensor([0.5076, 0.8607, 1.5849, 0.5369, 0.5550, 1.2809, 0.5976, 0.5909, 0.5664,
        0.5713, 0.5924, 0.5056], device='cuda:0')
Thumb force: tensor([0.9149, 0.5489, 1.1492, 1.0066, 1.6999, 1.9913, 0.6971, 1.2403, 0.6839,
        0.5684, 0.5832, 0.9121], device='cuda:0')
Index force: tensor([0.5283, 0.5624, 0.6798, 0.6573, 0.5224, 0.5452, 0.5824, 0.6320, 0.5744,
        0.7228, 0.5772, 0.6672], device='cuda:0')
tensor([ 0.0700,  0.4301,  0.5570,  0.9539,  0.0385,  0.6878,  0.5752,  0.7015,
         1.3869,  0.1785,  0.2200,  1.0342,  0.0580,  0.0078, -3.1000,  2.4062],
       device='cuda:0')
Likelihood: -203.84085083007812
State is out of distribution
Final likelihood: tensor([-3.1462, -3.1761, -3.2573, -3.3079, -4.0079, -4.6700, -5.1418, -5.5237,
        -5.5784, -5.8275, -5.8768, -5.9266, -6.2249, -6.2655, -6.5050, -6.9192],
       device='cuda:0', grad_fn=<IndexBackward0>)
Final likelihood: tensor([-3.1462, -3.1761, -3.2573, -3.3079, -4.0079, -4.6700, -5.1418, -5.5237,
        -5.5784, -5.8275, -5.8768, -5.9266, -6.2249, -6.2655, -6.5050, -6.9192],
       device='cuda:0', grad_fn=<IndexBackward0>)
1 mode projection succeeded
New goal: tensor([ 0.0382,  0.5214,  0.5827,  0.6009, -0.0645,  0.5087,  0.8026,  0.9352,
         1.2460,  0.3268,  0.2591,  1.1255,  0.0059,  0.0159, -2.7174],
       device='cuda:0')
tensor([[0.0028]], device='cuda:0') tensor([[0.0026]], device='cuda:0') tensor([[0.0028]], device='cuda:0')
Likelihood: -151.72579956054688
Likelihood: -197.14190673828125
{'index': 197.14190673828125, 'thumb_middle': 151.72579956054688}
Current yaw: tensor([ 0.0580,  0.0078, -3.1000], device='cuda:0')
7 thumb_middle
tensor([ 0.0700,  0.4301,  0.5570,  0.9539,  0.0385,  0.6878,  0.5752,  0.7015,
         1.3869,  0.1785,  0.2200,  1.0342,  0.0580,  0.0078, -3.1000,  2.4062],
       device='cuda:0')
Solve time for step 1 8.70616030500969
Current ori: tensor([ 0.0580,  0.0078, -3.1000], device='cuda:0')
Index force: tensor([0.5596, 0.5825, 0.5898, 0.5550], device='cuda:0')
tensor([ 0.0417,  0.4295,  0.6197,  0.7905, -0.1397,  0.5924,  0.6612,  0.7841,
         1.3303,  0.1627,  0.1713,  0.9926,  0.0401,  0.0197, -3.1000,  2.3345],
       device='cuda:0')
Solve time for step 2 3.351393888005987
Current ori: tensor([ 0.0401,  0.0197, -3.1000], device='cuda:0')
Index force: tensor([0.5716, 0.5801, 0.5480], device='cuda:0')
tensor([ 0.0332,  0.4542,  0.6200,  0.7053, -0.1697,  0.5712,  0.7025,  0.8212,
         1.3049,  0.1310,  0.1871,  1.0304,  0.0258,  0.0241, -3.1000,  2.2986],
       device='cuda:0')
Solve time for step 3 3.2406844030483626
Current ori: tensor([ 0.0258,  0.0241, -3.1000], device='cuda:0')
Index force: tensor([0.5687, 0.5403], device='cuda:0')
tensor([ 0.0171,  0.4621,  0.6130,  0.6697, -0.1951,  0.5585,  0.7261,  0.8354,
         1.3010,  0.1067,  0.1863,  1.0930,  0.0203,  0.0324, -3.1000,  2.2665],
       device='cuda:0')
Solve time for step 4 3.272932021995075
Current ori: tensor([ 0.0203,  0.0324, -3.1000], device='cuda:0')
Index force: tensor([0.5347], device='cuda:0')
Likelihood: -146.32464599609375
Current yaw: tensor([ 0.0407,  0.0211, -3.0720], device='cuda:0')
8 turn
Sampling time 3.73699744802434
tensor([ 0.0398,  0.4060,  0.6823,  0.7226, -0.1085,  0.5870,  0.7902,  0.8841,
         1.3255,  0.1028,  0.2732,  1.2125,  0.0407,  0.0211, -3.0720,  2.2992],
       device='cuda:0')
Likelihood: -149.93310546875
Solve time for step 1 14.030254123965278
Current ori: tensor([ 0.0407,  0.0211, -3.0720], device='cuda:0')
Middle force: tensor([0.6926, 0.9849, 1.6211, 0.7167, 0.8759, 0.4648, 0.3608, 0.5240, 0.5301,
        0.4707, 0.4268, 0.6635], device='cuda:0')
Thumb force: tensor([1.5294, 0.5817, 1.3404, 0.4989, 0.9778, 0.4520, 0.4672, 0.5079, 0.5420,
        0.8054, 0.5579, 0.5132], device='cuda:0')
Index force: tensor([0.5018, 0.5010, 0.6212, 0.5225, 0.5175, 0.5277, 0.6215, 0.5995, 0.4946,
        0.5007, 0.5004, 0.5296], device='cuda:0')
tensor([ 0.0821,  0.5343,  0.4850,  0.6138, -0.0564,  0.6232,  0.7591,  0.7008,
         1.3479,  0.0607,  0.2546,  1.3456,  0.0688,  0.0260, -2.9508,  0.2998],
       device='cuda:0')
Likelihood: -204.2222137451172
State is out of distribution
Final likelihood: tensor([-3.5034, -3.5660, -4.5084, -4.7222, -4.9336, -4.9355, -5.0409, -5.3781,
        -5.4116, -5.5612, -5.7701, -5.8414, -5.8684, -5.8780, -6.7460, -7.7776],
       device='cuda:0', grad_fn=<IndexBackward0>)
Final likelihood: tensor([-3.5034, -3.5660, -4.5084, -4.7222, -4.9336, -4.9355, -5.0409, -5.3781,
        -5.4116, -5.5612, -5.7701, -5.8414, -5.8684, -5.8780, -6.7460, -7.7776],
       device='cuda:0', grad_fn=<IndexBackward0>)
1 mode projection succeeded
New goal: tensor([ 0.0572,  0.5757,  0.5392,  0.5781, -0.0729,  0.4993,  0.8825,  0.8482,
         1.2976,  0.2514,  0.1996,  1.1719,  0.0034,  0.0121,  3.0193],
       device='cuda:0')
tensor([[0.0024]], device='cuda:0') tensor([[0.0027]], device='cuda:0') tensor([[0.0091]], device='cuda:0')
Likelihood: -185.1467742919922
{'index': 185.1467742919922, 'thumb_middle': inf}
Current yaw: tensor([ 0.0688,  0.0260, -2.9508], device='cuda:0')
9 index
tensor([ 0.0821,  0.5343,  0.4850,  0.6138, -0.0564,  0.6232,  0.7591,  0.7008,
         1.3479,  0.0607,  0.2546,  1.3456,  0.0688,  0.0260, -2.9508,  0.2998],
       device='cuda:0')
Solve time for step 1 9.854610314010642
Current ori: tensor([ 0.0688,  0.0260, -2.9508], device='cuda:0')
Middle force: tensor([0.5202, 0.5001, 0.5491, 0.5374], device='cuda:0')
Thumb force: tensor([0.5665, 0.6539, 0.5558, 0.6316], device='cuda:0')
tensor([ 0.1738,  0.5335,  0.4936,  0.6038, -0.0629,  0.6404,  0.7325,  0.6776,
         1.2956,  0.1422,  0.2954,  1.2669,  0.0541,  0.0298, -2.9958,  0.5383],
       device='cuda:0')
Solve time for step 2 4.100950453022961
Current ori: tensor([ 0.0541,  0.0298, -2.9958], device='cuda:0')
Middle force: tensor([0.5000, 0.5451, 0.5330], device='cuda:0')
Thumb force: tensor([0.6505, 0.5496, 0.6245], device='cuda:0')
tensor([ 0.2050,  0.5614,  0.4939,  0.5873, -0.0696,  0.6613,  0.7039,  0.6403,
         1.3002,  0.1469,  0.3097,  1.2242,  0.0422,  0.0353, -2.9998,  0.9756],
       device='cuda:0')
Solve time for step 3 3.754666416964028
Current ori: tensor([ 0.0422,  0.0353, -2.9998], device='cuda:0')
Middle force: tensor([0.5415, 0.5287], device='cuda:0')
Thumb force: tensor([0.5398, 0.6145], device='cuda:0')
tensor([ 0.1928,  0.5824,  0.4796,  0.5637, -0.0530,  0.6908,  0.6808,  0.6122,
         1.2909,  0.1544,  0.2937,  1.2156,  0.0308,  0.0255, -3.0099,  1.5119],
       device='cuda:0')
Solve time for step 4 3.8496024209889583
Current ori: tensor([ 0.0308,  0.0255, -3.0099], device='cuda:0')
Middle force: tensor([0.5251], device='cuda:0')
Thumb force: tensor([0.5976], device='cuda:0')
Likelihood: -151.8924102783203
Current yaw: tensor([ 0.0213,  0.0225, -2.9925], device='cuda:0')
10 turn
Sampling time 3.5985108569730073
tensor([ 0.0847,  0.6444,  0.4779,  0.5520, -0.0469,  0.7204,  0.6505,  0.5778,
         1.2918,  0.1533,  0.2861,  1.2095,  0.0213,  0.0225, -2.9925,  1.7608],
       device='cuda:0')
Likelihood: -156.75265502929688
Solve time for step 1 14.283719031955115
Current ori: tensor([ 0.0213,  0.0225, -2.9925], device='cuda:0')
Middle force: tensor([0.5353, 0.5004, 1.0750, 0.5484, 0.8672, 0.4986, 1.9612, 1.2499, 0.5143,
        0.6086, 0.5452, 0.6294], device='cuda:0')
Thumb force: tensor([0.8161, 0.5048, 1.8753, 0.5149, 0.6439, 0.5328, 1.5924, 0.5577, 0.7773,
        0.5937, 0.6061, 0.5613], device='cuda:0')
Index force: tensor([0.5409, 0.5066, 1.0582, 0.5535, 0.5608, 0.7570, 0.5141, 0.5440, 0.6807,
        0.6978, 0.6217, 0.5728], device='cuda:0')
tensor([ 0.0884,  0.6346,  0.4457,  0.6472, -0.0540,  0.6720,  0.6655,  0.7367,
         1.2656,  0.2245,  0.3061,  1.1285,  0.0312,  0.0226, -3.1409,  1.9559],
       device='cuda:0')
Likelihood: -150.6984100341797
Solve time for step 2 5.468546356016304
Current ori: tensor([ 0.0312,  0.0226, -3.1409], device='cuda:0')
Middle force: tensor([0.5000, 1.0650, 0.5479, 0.8568, 0.4996, 1.9219, 1.2218, 0.5100, 0.6080,
        0.5435, 0.6161], device='cuda:0')
Thumb force: tensor([0.5027, 1.8557, 0.5102, 0.6346, 0.5206, 1.5570, 0.5442, 0.7577, 0.5804,
        0.5908, 0.5528], device='cuda:0')
Index force: tensor([0.5043, 1.0053, 0.5485, 0.5527, 0.7392, 0.5110, 0.5350, 0.6661, 0.6763,
        0.6073, 0.5630], device='cuda:0')
tensor([ 0.1013,  0.6407,  0.4344,  0.6649, -0.0434,  0.6960,  0.6219,  0.8111,
         1.3104,  0.1152,  0.2582,  1.2697,  0.0553,  0.0168, -3.0215,  1.6348],
       device='cuda:0')
Likelihood: -193.481201171875
State is out of distribution
Final likelihood: tensor([-3.2600, -3.3868, -3.5348, -3.6124, -3.7062, -3.7769, -3.8989, -4.5786,
        -4.8750, -5.5552, -5.6964, -6.0183, -6.7473, -7.8080, -8.3339, -8.4127],
       device='cuda:0', grad_fn=<IndexBackward0>)
Final likelihood: tensor([-3.2600, -3.3868, -3.5348, -3.6124, -3.7062, -3.7769, -3.8989, -4.5786,
        -4.8750, -5.5552, -5.6964, -6.0183, -6.7473, -7.8080, -8.3339, -8.4127],
       device='cuda:0', grad_fn=<IndexBackward0>)
1 mode projection succeeded
New goal: tensor([ 0.0612,  0.5827,  0.5112,  0.6187, -0.0580,  0.4850,  0.8668,  0.8614,
         1.2818,  0.2668,  0.2519,  1.0984,  0.0039,  0.0138, -2.2253],
       device='cuda:0')
tensor([[0.0026]], device='cuda:0') tensor([[0.0025]], device='cuda:0') tensor([[0.0029]], device='cuda:0')
Likelihood: -174.68743896484375
Likelihood: -153.55722045898438
{'index': 153.55722045898438, 'thumb_middle': 174.68743896484375}
Current yaw: tensor([ 0.0553,  0.0168, -3.0215], device='cuda:0')
11 index
tensor([ 0.1013,  0.6407,  0.4344,  0.6649, -0.0434,  0.6960,  0.6219,  0.8111,
         1.3104,  0.1152,  0.2582,  1.2697,  0.0553,  0.0168, -3.0215,  1.6348],
       device='cuda:0')
Solve time for step 1 10.771904121036641
Current ori: tensor([ 0.0553,  0.0168, -3.0215], device='cuda:0')
Middle force: tensor([0.5223, 0.5086, 0.5288, 0.5537], device='cuda:0')
Thumb force: tensor([0.5115, 0.5521, 0.5498, 0.5000], device='cuda:0')
tensor([ 0.1854,  0.5575,  0.4478,  0.6418, -0.0474,  0.6685,  0.6822,  0.7541,
         1.4177, -0.0308,  0.2184,  1.2648,  0.0512,  0.0178, -3.0642,  1.8741],
       device='cuda:0')
Solve time for step 2 4.361990190984216
Current ori: tensor([ 0.0512,  0.0178, -3.0642], device='cuda:0')
Middle force: tensor([0.5080, 0.5269, 0.5506], device='cuda:0')
Thumb force: tensor([0.5473, 0.5470, 0.5000], device='cuda:0')
tensor([ 0.2088,  0.5523,  0.4630,  0.6401, -0.0546,  0.6645,  0.7126,  0.7328,
         1.2630,  0.2074,  0.2601,  1.2545,  0.0475,  0.0166, -3.0936,  2.0940],
       device='cuda:0')
Solve time for step 3 4.055953614995815
Current ori: tensor([ 0.0475,  0.0166, -3.0936], device='cuda:0')
Middle force: tensor([0.5235, 0.5459], device='cuda:0')
Thumb force: tensor([0.5407, 0.5000], device='cuda:0')
tensor([ 0.1903,  0.5722,  0.4539,  0.6135, -0.0583,  0.6804,  0.7014,  0.6857,
         1.2810,  0.1911,  0.2597,  1.2316,  0.0388,  0.0196, -3.0923,  2.2367],
       device='cuda:0')
Solve time for step 4 3.842604398028925
Current ori: tensor([ 0.0388,  0.0196, -3.0923], device='cuda:0')
Middle force: tensor([0.5390], device='cuda:0')
Thumb force: tensor([0.5001], device='cuda:0')
Likelihood: -154.658935546875
Current yaw: tensor([ 0.0287,  0.0149, -3.0777], device='cuda:0')
12 turn
Sampling time 3.6525658780010417
tensor([ 0.0953,  0.6279,  0.4774,  0.6188, -0.0494,  0.7193,  0.6683,  0.6369,
         1.2708,  0.2031,  0.2553,  1.2224,  0.0287,  0.0149, -3.0777,  2.2822],
       device='cuda:0')
Likelihood: -154.90345764160156
Solve time for step 1 14.222948441049084
Current ori: tensor([ 0.0287,  0.0149, -3.0777], device='cuda:0')
Middle force: tensor([0.5815, 0.5958, 1.2039, 0.5834, 1.1820, 0.6940, 0.5577, 0.6322, 0.6092,
        0.5202, 0.5104, 0.5698], device='cuda:0')
Thumb force: tensor([0.9906, 0.8044, 0.9122, 1.2303, 1.0050, 0.6544, 0.5179, 0.8208, 0.5792,
        1.1847, 0.6224, 0.5494], device='cuda:0')
Index force: tensor([0.6145, 0.5975, 0.5608, 0.5825, 0.8110, 0.5374, 0.9301, 0.8461, 0.5681,
        0.5752, 0.6401, 0.6016], device='cuda:0')
tensor([ 0.0938,  0.5888,  0.5163,  0.6461, -0.0505,  0.7639,  0.5952,  0.6517,
         1.2918,  0.1748,  0.2268,  1.3155,  0.0394,  0.0196, -3.0304,  2.2186],
       device='cuda:0')
Likelihood: -190.94296264648438
State is out of distribution
Final likelihood: tensor([-2.9562, -3.0474, -3.1315, -3.1662, -3.8643, -4.1265, -4.4490, -4.4562,
        -4.8396, -5.2767, -5.4056, -5.4453, -5.4909, -5.7660, -6.7248, -7.3055],
       device='cuda:0', grad_fn=<IndexBackward0>)
Final likelihood: tensor([-2.9562, -3.0474, -3.1315, -3.1662, -3.8643, -4.1265, -4.4490, -4.4562,
        -4.8396, -5.2767, -5.4056, -5.4453, -5.4909, -5.7660, -6.7248, -7.3055],
       device='cuda:0', grad_fn=<IndexBackward0>)
1 mode projection succeeded
New goal: tensor([ 0.0384,  0.5212,  0.5831,  0.6011, -0.0651,  0.5081,  0.8044,  0.9340,
         1.2467,  0.3246,  0.2580,  1.1292,  0.0057,  0.0161, -2.7984],
       device='cuda:0')
tensor([[0.0025]], device='cuda:0') tensor([[0.0027]], device='cuda:0') tensor([[0.0028]], device='cuda:0')
Likelihood: -115.315185546875
Likelihood: -208.30770874023438
{'index': 208.30770874023438, 'thumb_middle': 115.315185546875}
Current yaw: tensor([ 0.0394,  0.0196, -3.0304], device='cuda:0')
13 thumb_middle
tensor([ 0.0938,  0.5888,  0.5163,  0.6461, -0.0505,  0.7639,  0.5952,  0.6517,
         1.2918,  0.1748,  0.2268,  1.3155,  0.0394,  0.0196, -3.0304,  2.2186],
       device='cuda:0')
Solve time for step 1 8.792224374017678
Current ori: tensor([ 0.0394,  0.0196, -3.0304], device='cuda:0')
Index force: tensor([0.5518, 0.5754, 0.5708, 0.5965], device='cuda:0')
tensor([ 0.0866,  0.5598,  0.5737,  0.5975, -0.1589,  0.6250,  0.6462,  0.7608,
         1.2744,  0.1214,  0.1863,  1.1651,  0.0419,  0.0232, -3.0304,  2.2006],
       device='cuda:0')
Solve time for step 2 3.6694085199851543
Current ori: tensor([ 0.0419,  0.0232, -3.0304], device='cuda:0')
Index force: tensor([0.5750, 0.5731, 0.6021], device='cuda:0')
tensor([ 0.1113,  0.5430,  0.6124,  0.6144, -0.1537,  0.6050,  0.6984,  0.7932,
         1.3004,  0.1168,  0.1564,  1.0967,  0.0471,  0.0119, -3.0304,  2.2464],
       device='cuda:0')
Solve time for step 3 3.524258669000119
Current ori: tensor([ 0.0471,  0.0119, -3.0304], device='cuda:0')
Index force: tensor([0.5756, 0.6101], device='cuda:0')
tensor([ 1.3991e-01,  5.1535e-01,  6.5510e-01,  6.6034e-01, -1.3858e-01,
         6.5005e-01,  6.9304e-01,  7.5967e-01,  1.2783e+00,  1.3270e-01,
         1.5904e-01,  1.0928e+00,  5.8004e-02, -8.9212e-04, -3.0304e+00,
         2.2976e+00], device='cuda:0')
Solve time for step 4 3.421910326986108
Current ori: tensor([ 5.8004e-02, -8.9212e-04, -3.0304e+00], device='cuda:0')
Index force: tensor([0.6139], device='cuda:0')
Likelihood: -257.92877197265625
State is out of distribution
Final likelihood: tensor([ -3.6251,  -3.6847,  -3.8959,  -4.1370,  -4.2266,  -4.2724,  -4.3140,
         -4.4147,  -4.4938,  -4.5941,  -4.9076,  -5.0331,  -5.2387,  -6.7063,
        -10.0561, -14.0806], device='cuda:0', grad_fn=<IndexBackward0>)
Final likelihood: tensor([ -3.6251,  -3.6847,  -3.8959,  -4.1370,  -4.2266,  -4.2724,  -4.3140,
         -4.4147,  -4.4938,  -4.5941,  -4.9076,  -5.0331,  -5.2387,  -6.7063,
        -10.0561, -14.0806], device='cuda:0', grad_fn=<IndexBackward0>)
1 mode projection succeeded
New goal: tensor([ 0.0388,  0.5205,  0.5856,  0.5992, -0.0647,  0.5079,  0.8053,  0.9338,
         1.2464,  0.3269,  0.2585,  1.1267,  0.0059,  0.0159, -2.7928],
       device='cuda:0')
tensor([[0.0023]], device='cuda:0') tensor([[0.0026]], device='cuda:0') tensor([[0.0029]], device='cuda:0')
Likelihood: -126.52897644042969
Likelihood: -242.81838989257812
{'index': 242.81838989257812, 'thumb_middle': 126.52897644042969}
Current yaw: tensor([ 0.0681, -0.0306, -2.9996], device='cuda:0')
14 thumb_middle
tensor([ 0.1788,  0.5056,  0.6870,  0.7027, -0.0066,  0.8730,  0.6155,  0.6407,
         1.3017,  0.1508,  0.2071,  1.1709,  0.0681, -0.0306, -2.9996,  2.2487],
       device='cuda:0')
Solve time for step 1 9.279468176013324
Current ori: tensor([ 0.0681, -0.0306, -2.9996], device='cuda:0')
Index force: tensor([0.6090, 0.6146, 0.6070, 0.6070], device='cuda:0')
tensor([ 0.1173,  0.4983,  0.6518,  0.6679, -0.1333,  0.6666,  0.6577,  0.7449,
         1.3029,  0.1672,  0.1562,  1.0577,  0.0628, -0.0053, -2.9996,  2.0822],
       device='cuda:0')
Solve time for step 2 3.5334940149914473
Current ori: tensor([ 0.0628, -0.0053, -2.9996], device='cuda:0')
Index force: tensor([0.6067, 0.6024, 0.6038], device='cuda:0')
tensor([ 0.0673,  0.5149,  0.6096,  0.6129, -0.1724,  0.6081,  0.6882,  0.7915,
         1.3156,  0.1740,  0.1627,  1.0470,  0.0521,  0.0150, -2.9996,  1.9570],
       device='cuda:0')
Solve time for step 3 3.4418005609768443
Current ori: tensor([ 0.0521,  0.0150, -2.9996], device='cuda:0')
Index force: tensor([0.5976, 0.6062], device='cuda:0')
tensor([ 0.1114,  0.5010,  0.6508,  0.6512, -0.1456,  0.6008,  0.7426,  0.8353,
         1.2711,  0.1466,  0.1633,  1.0718,  0.0602, -0.0050, -2.9996,  2.0357],
       device='cuda:0')
Solve time for step 4 3.340888259001076
Current ori: tensor([ 0.0602, -0.0050, -2.9996], device='cuda:0')
Index force: tensor([0.6191], device='cuda:0')
Likelihood: -205.4276123046875
State is out of distribution
Final likelihood: tensor([ -3.0319,  -3.0410,  -4.1967,  -4.4493,  -4.5335,  -4.6867,  -5.2168,
         -5.3636,  -5.4653,  -5.7981,  -6.5140,  -6.5248,  -6.5816,  -7.3589,
         -9.1696, -10.4850], device='cuda:0', grad_fn=<IndexBackward0>)
Final likelihood: tensor([ -3.0319,  -3.0410,  -4.1967,  -4.4493,  -4.5335,  -4.6867,  -5.2168,
         -5.3636,  -5.4653,  -5.7981,  -6.5140,  -6.5248,  -6.5816,  -7.3589,
         -9.1696, -10.4850], device='cuda:0', grad_fn=<IndexBackward0>)
1 mode projection succeeded
New goal: tensor([ 0.0385,  0.5210,  0.5838,  0.6004, -0.0648,  0.5086,  0.8045,  0.9334,
         1.2459,  0.3252,  0.2582,  1.1293,  0.0060,  0.0159, -1.4877],
       device='cuda:0')
tensor([[0.0021]], device='cuda:0') tensor([[0.0025]], device='cuda:0') tensor([[0.0029]], device='cuda:0')
Likelihood: -122.8018569946289
Likelihood: -200.2123565673828
{'index': 200.2123565673828, 'thumb_middle': 122.8018569946289}
Current yaw: tensor([ 0.0742, -0.0248, -2.9642], device='cuda:0')
15 thumb_middle
tensor([ 0.1406,  0.4667,  0.6957,  0.7101, -0.0097,  0.7159,  0.7318,  0.7868,
         1.2696,  0.1498,  0.2375,  1.2183,  0.0742, -0.0248, -2.9642,  1.9826],
       device='cuda:0')
Solve time for step 1 8.882548432971817
Current ori: tensor([ 0.0742, -0.0248, -2.9642], device='cuda:0')
Index force: tensor([0.5953, 0.5980, 0.6044, 0.5900], device='cuda:0')
tensor([ 9.3724e-02,  4.9976e-01,  6.3663e-01,  6.4914e-01, -1.3318e-01,
         6.1406e-01,  7.0785e-01,  8.0116e-01,  1.2756e+00,  1.6796e-01,
         1.6185e-01,  1.0830e+00,  5.8694e-02, -7.6910e-04, -2.9642e+00,
         1.9456e+00], device='cuda:0')
Solve time for step 2 3.5168538570287637
Current ori: tensor([ 5.8694e-02, -7.6910e-04, -2.9642e+00], device='cuda:0')
Index force: tensor([0.5862, 0.5954, 0.5849], device='cuda:0')
tensor([ 0.0448,  0.5211,  0.5907,  0.5927, -0.1793,  0.5777,  0.7159,  0.8133,
         1.3005,  0.1637,  0.1776,  1.0616,  0.0478,  0.0213, -2.9642,  1.8567],
       device='cuda:0')
Solve time for step 3 3.4460926249739714
Current ori: tensor([ 0.0478,  0.0213, -2.9642], device='cuda:0')
Index force: tensor([0.5937, 0.5913], device='cuda:0')
tensor([ 0.0685,  0.4880,  0.6324,  0.6420, -0.1636,  0.5717,  0.7382,  0.8443,
         1.2686,  0.1369,  0.1855,  1.1022,  0.0604,  0.0119, -2.9642,  1.9169],
       device='cuda:0')
Solve time for step 4 3.2979776119464077
Current ori: tensor([ 0.0604,  0.0119, -2.9642], device='cuda:0')
Index force: tensor([0.5994], device='cuda:0')
Likelihood: -186.58096313476562
State is out of distribution
Final likelihood: tensor([ -3.8073,  -4.0074,  -4.1361,  -4.2562,  -4.3549,  -4.7191,  -4.7520,
         -4.9703,  -5.3304,  -5.5387,  -5.6313,  -5.6752,  -5.7935,  -6.3449,
         -6.7655, -10.7312], device='cuda:0', grad_fn=<IndexBackward0>)
Final likelihood: tensor([ -3.8073,  -4.0074,  -4.1361,  -4.2562,  -4.3549,  -4.7191,  -4.7520,
         -4.9703,  -5.3304,  -5.5387,  -5.6313,  -5.6752,  -5.7935,  -6.3449,
         -6.7655, -10.7312], device='cuda:0', grad_fn=<IndexBackward0>)
1 mode projection succeeded
New goal: tensor([ 3.8746e-02,  5.8074e-01,  5.1225e-01,  5.8378e-01, -8.9230e-02,
         5.3208e-01,  8.4694e-01,  8.8606e-01,  1.2853e+00,  2.8151e-01,
         2.0248e-01,  1.1743e+00,  1.0501e-04,  1.2528e-02, -2.3444e+00],
       device='cuda:0')
tensor([[0.0020]], device='cuda:0') tensor([[0.0023]], device='cuda:0') tensor([[0.0027]], device='cuda:0')
Likelihood: -178.86386108398438
Likelihood: -161.53103637695312
{'index': 161.53103637695312, 'thumb_middle': 178.86386108398438}
Current yaw: tensor([ 0.0758, -0.0078, -2.9392], device='cuda:0')
16 index
tensor([ 0.0991,  0.4493,  0.6778,  0.7122, -0.0333,  0.6283,  0.7768,  0.8547,
         1.2716,  0.1260,  0.2765,  1.2306,  0.0758, -0.0078, -2.9392,  1.9025],
       device='cuda:0')
[1;34mwandb[0m:  View run [33mallegro_screwdriver_recovery_data_5_10_15_action_perturb_.2_std_.1_th_m_q_weight_zero_vel_before_recovery_new_projection_.005_cpc_2025-03-20-14-06-54[0m at: [34mhttps://wandb.ai/abhinavk99/ccai-screwdriver/runs/pbkqntrm[0m
[1;34mwandb[0m: Find logs at: [1;35mwandb/run-20250320_140659-pbkqntrm/logs[0m
