robot pose [ 0.02  -0.35   0.376] [0, 0, 0.7071068, 0.7071068]
[ models/temporal ] Channel dimensions: [(35, 128), (128, 256), (256, 512)]
[ models/temporal ] Channel dimensions: [(35, 128), (128, 256), (256, 512)]

Trial 1
Loaded trajectory sampler
Current yaw: tensor([1.2851e-11], device='cuda:0')
Current yaw: tensor([-0.0004], device='cuda:0')
1 turn
Likelihood: -19.22282600402832
Sampling time 4.531946971000252
tensor([ 2.9113e-01,  6.1794e-01,  6.8541e-01,  8.4627e-01, -5.3923e-02,
         2.7468e-01,  9.2955e-01,  8.1161e-01,  1.2705e+00, -3.6908e-02,
         7.0066e-02,  4.0494e-01, -3.7960e-04], device='cuda:0')
Solve time for step 1 (global step 0) 4.488349479000135
Current ori: tensor(-0.0004, device='cuda:0')
Middle force: tensor([2.1532, 2.3015, 1.0124, 1.0487, 2.0226, 2.2339], device='cuda:0')
Thumb force: tensor([1.8680, 0.0840, 0.5126, 0.4045, 0.5983, 0.3594], device='cuda:0')
Index force: tensor([1.0948, 1.0106, 0.7761, 0.8507, 1.9668, 1.0049], device='cuda:0')
tensor([ 4.2020e-01,  6.2147e-01,  5.1951e-01,  9.0752e-01, -1.1314e-01,
         1.5295e-01,  1.1355e+00,  7.3997e-01,  1.2223e+00,  1.2824e-01,
        -6.6319e-02,  4.4998e-01, -3.8419e-04], device='cuda:0')
Likelihood: -52.52745819091797
Solve time for step 2 (global step 1) 4.348328135999509
Current ori: tensor(-0.0004, device='cuda:0')
Middle force: tensor([2.2633, 0.9237, 1.0285, 1.9834, 2.1812], device='cuda:0')
Thumb force: tensor([0.0955, 0.6662, 0.4044, 0.5862, 0.3710], device='cuda:0')
Index force: tensor([0.9848, 0.7549, 0.8196, 1.9334, 0.9781], device='cuda:0')
tensor([ 3.4018e-01,  7.3126e-01,  4.8633e-01,  8.9834e-01, -8.1949e-02,
         2.5089e-01,  1.0773e+00,  5.0740e-01,  1.2587e+00,  2.2471e-01,
         4.5444e-02,  8.0872e-01, -1.2359e-03], device='cuda:0')
Likelihood: -66.44115447998047
Solve time for step 3 (global step 2) 4.101600573999349
Current ori: tensor(-0.0012, device='cuda:0')
Middle force: tensor([0.9303, 1.0236, 1.9435, 2.1376], device='cuda:0')
Thumb force: tensor([0.6243, 0.3829, 0.5809, 0.3591], device='cuda:0')
Index force: tensor([0.7255, 0.7939, 1.8967, 0.9476], device='cuda:0')
tensor([ 0.3248,  0.8372,  0.3950,  0.7894, -0.0461,  0.2396,  1.1090,  0.4180,
         1.2861,  0.2976, -0.1890,  1.0911, -0.0190], device='cuda:0')
Likelihood: -78.03618621826172
Solve time for step 4 (global step 3) 3.7904679410003155
Current ori: tensor(-0.0190, device='cuda:0')
Middle force: tensor([0.9956, 1.9264, 2.0849], device='cuda:0')
Thumb force: tensor([0.4027, 0.5135, 0.3564], device='cuda:0')
Index force: tensor([0.7821, 1.8645, 0.9047], device='cuda:0')
tensor([ 0.1901,  0.8381,  0.5030,  0.6432, -0.0375,  0.2916,  1.0273,  0.4461,
         1.2188,  0.2835, -0.1890,  1.1482, -0.0378], device='cuda:0')
Likelihood: -81.69415283203125
Solve time for step 5 (global step 4) 3.6814812599996003
Current ori: tensor(-0.0378, device='cuda:0')
Middle force: tensor([1.8896, 2.0211], device='cuda:0')
Thumb force: tensor([0.5121, 0.3962], device='cuda:0')
Index force: tensor([1.8185, 0.9281], device='cuda:0')
tensor([ 0.4196,  0.9413,  0.5469,  0.5705,  0.0414,  0.5074,  0.8936,  0.3919,
         1.2208,  0.3135, -0.1777,  1.4537, -0.2379], device='cuda:0')
Likelihood: -72.57991027832031
Solve time for step 6 (global step 5) 3.331682942000043
Current ori: tensor(-0.2379, device='cuda:0')
Middle force: tensor([1.9611], device='cuda:0')
Thumb force: tensor([0.4124], device='cuda:0')
Index force: tensor([0.9278], device='cuda:0')
Current yaw: tensor([-0.3949], device='cuda:0')
2 turn
Likelihood: -53.90720748901367
Sampling time 4.360676486999182
tensor([ 0.3759,  0.8679,  0.6792,  0.8113,  0.0354,  0.5592,  0.7684,  0.5144,
         1.3614,  0.4404, -0.1027,  1.3204, -0.3949], device='cuda:0')
Solve time for step 1 (global step 6) 4.469183197000348
Current ori: tensor(-0.3949, device='cuda:0')
Middle force: tensor([0.9031, 1.3153, 1.0052, 0.6455, 2.8308, 0.7975], device='cuda:0')
Thumb force: tensor([0.4518, 0.9315, 1.2163, 1.0220, 0.5479, 0.7079], device='cuda:0')
Index force: tensor([0.9698, 0.4984, 1.0592, 1.1513, 3.2496, 1.6935], device='cuda:0')
tensor([ 0.3390,  0.8436,  0.8356,  0.6639,  0.0863,  0.6918,  0.6515,  0.5916,
         1.2893,  0.7092, -0.0476,  1.3346, -0.4706], device='cuda:0')
Likelihood: -61.956520080566406
Solve time for step 2 (global step 7) 4.233792351999909
Current ori: tensor(-0.4706, device='cuda:0')
Middle force: tensor([1.3490, 1.0035, 0.5539, 2.8183, 0.8994], device='cuda:0')
Thumb force: tensor([0.7598, 1.1927, 1.0737, 0.5216, 0.7135], device='cuda:0')
Index force: tensor([0.4474, 1.0389, 1.1709, 3.1252, 1.4458], device='cuda:0')
tensor([ 0.2809,  0.8572,  0.8431,  0.5309,  0.0339,  0.7910,  0.3154,  0.8914,
         1.3305,  0.6219, -0.1183,  1.3208, -0.4717], device='cuda:0')
Likelihood: -102.83270263671875
Solve time for step 3 (global step 8) 4.036991354999373
Current ori: tensor(-0.4717, device='cuda:0')
Middle force: tensor([1.3157, 0.6438, 0.7871, 2.0714], device='cuda:0')
Thumb force: tensor([0.0790, 0.8832, 1.0006, 0.1681], device='cuda:0')
Index force: tensor([1.4369, 0.5893, 0.6236, 1.4383], device='cuda:0')
tensor([ 0.2890,  0.9277,  0.8648,  0.2502,  0.0833,  0.8674,  0.3497,  0.6612,
         1.1137,  0.8038, -0.1890,  1.2699, -0.4728], device='cuda:0')
Likelihood: -114.27955627441406
Solve time for step 4 (global step 9) 3.8960300389999247
Current ori: tensor(-0.4728, device='cuda:0')
Middle force: tensor([0.7490, 1.3732, 1.2070], device='cuda:0')
Thumb force: tensor([1.0496, 0.1780, 0.3407], device='cuda:0')
Index force: tensor([1.7703, 1.1637, 0.5789], device='cuda:0')
tensor([ 0.3042,  0.9191,  0.9098,  0.0137,  0.0813,  0.8144,  0.5385,  0.4345,
         1.0252,  0.5245, -0.0292,  1.1068, -0.4728], device='cuda:0')
Likelihood: -105.49032592773438
Solve time for step 5 (global step 10) 3.5434287799998856
Current ori: tensor(-0.4728, device='cuda:0')
Middle force: tensor([1.2855, 1.1342], device='cuda:0')
Thumb force: tensor([0.1655, 0.2045], device='cuda:0')
Index force: tensor([1.1402, 0.5136], device='cuda:0')
tensor([ 0.2646,  0.9747,  0.9028,  0.1642,  0.1187,  0.8164,  0.5042,  0.4686,
         0.9888,  0.5538,  0.0098,  0.9940, -0.5831], device='cuda:0')
Likelihood: -107.5652084350586
Solve time for step 6 (global step 11) 3.3698934009998993
Current ori: tensor(-0.5831, device='cuda:0')
Middle force: tensor([1.0777], device='cuda:0')
Thumb force: tensor([0.1792], device='cuda:0')
Index force: tensor([0.4785], device='cuda:0')
Current yaw: tensor([-0.5988], device='cuda:0')
3 turn
Likelihood: -120.0431137084961
State is out of distribution
Final likelihood: tensor([-1.1496, -1.2793, -1.3762, -1.6783, -1.7086, -1.7915, -1.8849, -1.9167,
        -2.0163, -2.1206, -2.6307, -2.9705, -3.5475, -3.6763, -4.7089, -7.7727],
       device='cuda:0', grad_fn=<IndexBackward0>)
Final likelihood: tensor([-1.1496, -1.2793, -1.3762, -1.6783, -1.7086, -1.7915, -1.8849, -1.9167,
        -2.0163, -2.1206, -2.6307, -2.9705, -3.5475, -3.6763, -4.7089, -7.7727],
       device='cuda:0', grad_fn=<IndexBackward0>)
1 mode projection succeeded
New goal: tensor([ 0.2849,  1.0586,  0.8491,  0.5288,  0.3204,  0.5040,  0.7802,  0.5964,
         1.4967, -0.0969,  0.0741,  0.9743, -0.8457], device='cuda:0')
Likelihood: -77.06887817382812
Likelihood: -61.77928161621094
Likelihood: -81.53459167480469
{'index': 77.06887817382812,
 'middle': 61.77928161621094,
 'thumb': 81.53459167480469}
Plan time: 24.02346535400011
Current yaw: tensor([-0.5988], device='cuda:0')
4 middle
tensor([ 0.1802,  0.9654,  0.8340,  0.2202,  0.1192,  0.9061,  0.3707,  0.4522,
         1.0915,  0.5944, -0.1045,  0.8852, -0.5988], device='cuda:0')
Solve time for step 1 (global step 12) 3.4966768350004713
Current ori: tensor(-0.5988, device='cuda:0')
Thumb force: tensor([0.9441, 0.3048, 0.5835], device='cuda:0')
tensor([ 0.1898,  0.9642,  0.8986,  0.0990,  0.1772,  0.7482,  0.4706,  0.4784,
         1.0523,  0.3519, -0.1856,  1.0730, -0.5990], device='cuda:0')
Solve time for step 2 (global step 13) 3.250146887000483
Current ori: tensor(-0.5990, device='cuda:0')
Thumb force: tensor([0.2587, 0.4370], device='cuda:0')
tensor([ 0.1908,  0.9837,  0.8347,  0.1747,  0.2033,  0.6099,  0.5647,  0.5215,
         1.1296,  0.0396, -0.1890,  1.1044, -0.5992], device='cuda:0')
Solve time for step 3 (global step 14) 3.0802361779997227
Current ori: tensor(-0.5992, device='cuda:0')
Thumb force: tensor([0.0951], device='cuda:0')
Current yaw: tensor([-0.5996], device='cuda:0')
5 turn
Likelihood: -79.24554443359375
Sampling time 4.622281262999422
tensor([ 0.1940,  0.9909,  0.8458,  0.1360,  0.2476,  0.5473,  0.6418,  0.5348,
         1.1729, -0.1050, -0.1893,  1.1492, -0.5996], device='cuda:0')
Solve time for step 1 (global step 15) 4.82363529200029
Current ori: tensor(-0.5996, device='cuda:0')
Middle force: tensor([1.3137, 1.6118, 2.7442, 1.9055, 1.0360, 0.9745], device='cuda:0')
Thumb force: tensor([0.3633, 0.2332, 1.3031, 0.3445, 0.8357, 0.8126], device='cuda:0')
Index force: tensor([1.3073, 1.9234, 1.2484, 1.1343, 0.8827, 0.9400], device='cuda:0')
tensor([ 0.3164,  1.0512,  0.8134,  0.2227,  0.2649,  0.4071,  0.7980,  0.6138,
         1.1675, -0.1050, -0.1890,  1.1352, -0.6018], device='cuda:0')
Likelihood: -70.15652465820312
Solve time for step 2 (global step 16) 4.43585032899955
Current ori: tensor(-0.6018, device='cuda:0')
Middle force: tensor([1.5579, 2.6702, 1.8508, 1.0421, 0.9984], device='cuda:0')
Thumb force: tensor([0.2899, 1.1552, 0.2251, 0.8015, 0.8405], device='cuda:0')
Index force: tensor([1.8230, 1.1466, 1.1301, 0.8147, 0.8341], device='cuda:0')
tensor([ 0.3022,  1.0241,  0.9456,  0.0460,  0.1699,  0.5780,  0.7599,  0.5436,
         1.1783,  0.0206, -0.1891,  1.1850, -0.6224], device='cuda:0')
Likelihood: -64.27822875976562
Solve time for step 3 (global step 17) 4.280086055000538
Current ori: tensor(-0.6224, device='cuda:0')
Middle force: tensor([2.6407, 1.8240, 0.9657, 0.9335], device='cuda:0')
Thumb force: tensor([1.0701, 0.1816, 0.7616, 0.7559], device='cuda:0')
Index force: tensor([1.0839, 1.0594, 0.8486, 0.8524], device='cuda:0')
tensor([ 0.4161,  1.0420,  1.0027,  0.0723,  0.0107,  0.4942,  0.6245,  0.5777,
         1.1973, -0.1050, -0.1891,  1.1593, -0.6228], device='cuda:0')
Likelihood: -83.98519897460938
Solve time for step 4 (global step 18) 3.9398852220001572
Current ori: tensor(-0.6228, device='cuda:0')
Middle force: tensor([1.5131, 0.5845, 0.4786], device='cuda:0')
Thumb force: tensor([0.1256, 1.1385, 1.0917], device='cuda:0')
Index force: tensor([1.5529, 0.7552, 0.7807], device='cuda:0')
tensor([ 0.4128,  1.0850,  0.9049,  0.1625, -0.0118,  0.5349,  0.7077,  0.5532,
         1.1873, -0.0532, -0.1890,  1.1368, -0.6356], device='cuda:0')
Likelihood: -86.06668090820312
Solve time for step 5 (global step 19) 3.6029805999996825
Current ori: tensor(-0.6356, device='cuda:0')
Middle force: tensor([1.4917, 0.3938], device='cuda:0')
Thumb force: tensor([0.3416, 1.0892], device='cuda:0')
Index force: tensor([1.4272, 0.7482], device='cuda:0')
tensor([ 0.4002,  1.1467,  0.8309,  0.0876, -0.0219,  0.3350,  0.8297,  0.4288,
         1.1479, -0.1050, -0.1890,  1.0159, -0.6361], device='cuda:0')
Likelihood: -101.8304443359375
Solve time for step 6 (global step 20) 3.3298113230002855
Current ori: tensor(-0.6361, device='cuda:0')
Middle force: tensor([0.3139], device='cuda:0')
Thumb force: tensor([0.9336], device='cuda:0')
Index force: tensor([0.7243], device='cuda:0')
Current yaw: tensor([-0.6369], device='cuda:0')
6 turn
Likelihood: -83.3260726928711
Sampling time 4.621231708000778
tensor([ 2.7938e-01,  1.1132e+00,  7.6066e-01,  1.2599e-01, -9.0492e-04,
         3.6958e-01,  8.8237e-01,  5.6115e-01,  1.2348e+00, -1.0500e-01,
        -1.8900e-01,  1.0671e+00, -6.3690e-01], device='cuda:0')
Solve time for step 1 (global step 21) 4.495217107999451
Current ori: tensor(-0.6369, device='cuda:0')
Middle force: tensor([0.6672, 1.3696, 0.2695, 0.8450, 0.9038, 0.9171], device='cuda:0')
Thumb force: tensor([0.5981, 0.8388, 1.3085, 2.0036, 0.2403, 0.2530], device='cuda:0')
Index force: tensor([1.1297, 2.3897, 1.7568, 2.0606, 0.5321, 0.5702], device='cuda:0')
tensor([ 0.2783,  1.1136,  0.8030,  0.0558,  0.0374,  0.4293,  0.8217,  0.6995,
         1.2038,  0.1430, -0.1721,  1.1077, -0.6504], device='cuda:0')
Likelihood: -85.42255401611328
Solve time for step 2 (global step 22) 4.498184026000672
Current ori: tensor(-0.6504, device='cuda:0')
Middle force: tensor([1.2671, 0.1838, 0.8664, 0.8352, 0.8496], device='cuda:0')
Thumb force: tensor([0.7952, 1.3058, 1.9242, 0.3298, 0.3477], device='cuda:0')
Index force: tensor([2.3209, 1.6670, 1.9947, 0.5808, 0.6119], device='cuda:0')
tensor([ 0.2966,  1.1425,  0.6441,  0.3334,  0.0505,  0.4323,  0.9065,  0.5372,
         1.1496,  0.0162, -0.1890,  0.9564, -0.6510], device='cuda:0')
Likelihood: -68.09700775146484
Solve time for step 3 (global step 23) 4.119606299000225
Current ori: tensor(-0.6510, device='cuda:0')
Middle force: tensor([0.1697, 0.9122, 0.7970, 0.8135], device='cuda:0')
Thumb force: tensor([1.2308, 1.8123, 0.3339, 0.3493], device='cuda:0')
Index force: tensor([1.6229, 1.9387, 0.6248, 0.6546], device='cuda:0')
tensor([ 0.3874,  1.2912,  0.4718,  0.3677,  0.0914,  0.4389,  0.9432,  0.5271,
         1.1470, -0.1050, -0.1650,  0.9385, -0.6515], device='cuda:0')
Likelihood: -69.40840911865234
Solve time for step 4 (global step 24) 3.909712579999905
Current ori: tensor(-0.6515, device='cuda:0')
Middle force: tensor([1.5689, 0.5549, 0.5130], device='cuda:0')
Thumb force: tensor([0.2970, 1.0902, 1.0731], device='cuda:0')
Index force: tensor([1.5391, 0.9999, 1.0024], device='cuda:0')
tensor([ 0.3746,  1.2832,  0.5856,  0.1291,  0.1104,  0.4065,  0.9780,  0.5825,
         1.1456, -0.0633, -0.1890,  0.8220, -0.6523], device='cuda:0')
Likelihood: -79.88568115234375
Solve time for step 5 (global step 25) 3.7409065900001224
Current ori: tensor(-0.6523, device='cuda:0')
Middle force: tensor([0.2584, 0.2824], device='cuda:0')
Thumb force: tensor([0.4749, 0.5108], device='cuda:0')
Index force: tensor([1.1749, 1.1900], device='cuda:0')
tensor([ 0.4700,  1.2237,  0.7908,  0.1222,  0.1861,  0.3854,  1.0590,  0.5266,
         1.0437, -0.1050, -0.1733,  0.7566, -0.6684], device='cuda:0')
Likelihood: -87.36997985839844
Solve time for step 6 (global step 26) 3.43142722399989
Current ori: tensor(-0.6684, device='cuda:0')
Middle force: tensor([0.3350], device='cuda:0')
Thumb force: tensor([0.4783], device='cuda:0')
Index force: tensor([1.1598], device='cuda:0')
Current yaw: tensor([-0.7573], device='cuda:0')
7 turn
Likelihood: -76.28499603271484
Sampling time 4.461695744000281
tensor([ 0.4700,  1.2229,  0.8271,  0.2823,  0.2150,  0.4109,  1.0239,  0.5351,
         1.1088, -0.0750, -0.1761,  0.6569, -0.7573], device='cuda:0')
Solve time for step 1 (global step 27) 4.672368591999657
Current ori: tensor(-0.7573, device='cuda:0')
Middle force: tensor([0.5804, 1.4501, 2.4559, 1.2131, 1.2698, 0.3054], device='cuda:0')
Thumb force: tensor([0.3497, 0.0403, 1.0120, 1.1111, 1.0758, 0.7615], device='cuda:0')
Index force: tensor([1.6403, 2.1148, 1.5184, 1.5966, 1.5615, 0.7238], device='cuda:0')
tensor([ 0.3852,  1.1828,  0.7692,  0.3472,  0.1652,  0.3309,  1.0154,  0.6837,
         0.9846,  0.0383, -0.1890,  0.6833, -0.7590], device='cuda:0')
Likelihood: -90.04539489746094
Solve time for step 2 (global step 28) 4.286362642000313
Current ori: tensor(-0.7590, device='cuda:0')
Middle force: tensor([1.2605, 1.6971, 1.0681, 0.1783, 0.1873], device='cuda:0')
Thumb force: tensor([0.1297, 1.0881, 0.9518, 0.7086, 0.7065], device='cuda:0')
Index force: tensor([1.8458, 1.5153, 1.4971, 0.7473, 0.7576], device='cuda:0')
tensor([ 0.3489,  1.1875,  0.6637,  0.4675,  0.2509,  0.3619,  0.9202,  0.8356,
         0.9587,  0.0970, -0.1906,  0.7786, -0.7576], device='cuda:0')
Likelihood: -77.75080108642578
Solve time for step 3 (global step 29) 4.182383553999898
Current ori: tensor(-0.7576, device='cuda:0')
Middle force: tensor([1.5627, 0.9309, 0.1717, 0.1297], device='cuda:0')
Thumb force: tensor([1.3405, 0.9834, 0.7309, 0.7397], device='cuda:0')
Index force: tensor([1.6248, 1.4369, 0.7255, 0.7616], device='cuda:0')
tensor([ 0.3699,  1.2216,  0.5754,  0.5699,  0.2460,  0.3917,  0.9052,  0.7764,
         0.8949, -0.1050, -0.1905,  1.0087, -0.7507], device='cuda:0')
Likelihood: -86.19831848144531
Solve time for step 4 (global step 30) 3.7133895079996364
Current ori: tensor(-0.7507, device='cuda:0')
Middle force: tensor([0.9294, 0.1892, 0.1659], device='cuda:0')
Thumb force: tensor([1.3387, 0.7211, 0.7317], device='cuda:0')
Index force: tensor([1.4209, 0.7260, 0.7657], device='cuda:0')
tensor([ 0.3748,  1.2553,  0.5049,  0.6218,  0.2215,  0.2120,  1.3311,  0.4901,
         0.7302,  0.2433, -0.1891,  1.2555, -0.7529], device='cuda:0')
Likelihood: -85.00347137451172
Solve time for step 5 (global step 31) 3.5589559780000855
Current ori: tensor(-0.7529, device='cuda:0')
Middle force: tensor([0.2173, 0.2203], device='cuda:0')
Thumb force: tensor([0.6697, 0.6609], device='cuda:0')
Index force: tensor([0.7203, 0.7497], device='cuda:0')
tensor([ 0.3712,  1.3160,  0.3954,  0.6471,  0.1922,  0.2216,  1.2790,  0.4903,
         0.7713,  0.0975, -0.1894,  1.2425, -0.7537], device='cuda:0')
Likelihood: -81.6567611694336
Solve time for step 6 (global step 32) 3.3212555019999854
Current ori: tensor(-0.7537, device='cuda:0')
Middle force: tensor([0.2035], device='cuda:0')
Thumb force: tensor([0.6493], device='cuda:0')
Index force: tensor([0.7480], device='cuda:0')
Current yaw: tensor([-0.7535], device='cuda:0')
8 turn
Likelihood: -95.73949432373047
Sampling time 4.423845024000002
tensor([ 0.4354,  1.1711,  0.5395,  0.6826,  0.1722,  0.1868,  1.2797,  0.5507,
         0.5894,  0.0565, -0.1716,  1.4107, -0.7535], device='cuda:0')
Solve time for step 1 (global step 33) 4.42422231799992
Current ori: tensor(-0.7535, device='cuda:0')
Middle force: tensor([2.4208, 0.6380, 0.6487, 2.8890, 0.6363, 1.6708], device='cuda:0')
Thumb force: tensor([0.4236, 0.5655, 0.4561, 0.9357, 0.0141, 1.1464], device='cuda:0')
Index force: tensor([1.2992, 0.6479, 0.5911, 1.7272, 0.6921, 1.5034], device='cuda:0')
tensor([ 0.4463,  1.2936,  0.4849,  0.5929,  0.1865,  0.2120,  1.1562,  0.8262,
         0.8106, -0.1050,  0.0868,  1.0492, -0.7534], device='cuda:0')
Likelihood: -89.6956787109375
Solve time for step 2 (global step 34) 4.171322746000442
Current ori: tensor(-0.7534, device='cuda:0')
Middle force: tensor([3.0830, 0.8282, 1.9870, 1.1905, 1.2704], device='cuda:0')
Thumb force: tensor([0.7845, 0.3600, 0.1283, 0.6501, 0.6502], device='cuda:0')
Index force: tensor([1.6444, 0.5145, 0.6308, 1.2497, 1.2095], device='cuda:0')
tensor([ 0.4700,  1.2908,  0.2903,  0.5419,  0.2538,  0.2347,  1.1481,  0.8712,
         0.8113, -0.1050,  0.1192,  0.8753, -0.7530], device='cuda:0')
Likelihood: -93.77521514892578
Solve time for step 3 (global step 35) 4.229822125999817
Current ori: tensor(-0.7530, device='cuda:0')
Middle force: tensor([2.1531, 2.2304, 1.2407, 0.3324], device='cuda:0')
Thumb force: tensor([1.1974, 1.2125, 1.1808, 0.7550], device='cuda:0')
Index force: tensor([1.3629, 1.2455, 1.1867, 0.7084], device='cuda:0')
tensor([ 0.3312,  1.3049,  0.5193,  0.4713,  0.4700,  0.2444,  1.0347,  0.9378,
         1.0176, -0.1050,  0.2049,  1.4116, -0.8171], device='cuda:0')
Likelihood: -94.60252380371094
Solve time for step 4 (global step 36) 3.8299139869995997
Current ori: tensor(-0.8171, device='cuda:0')
Middle force: tensor([1.0006, 0.9889, 0.9452], device='cuda:0')
Thumb force: tensor([0.2512, 0.2054, 0.3604], device='cuda:0')
Index force: tensor([2.8031, 0.8571, 0.7697], device='cuda:0')
tensor([ 0.3461,  1.3280,  0.3340,  0.5270,  0.4700,  0.2722,  1.3163,  0.8999,
         0.7783,  0.1625,  0.1223,  1.4976, -0.8171], device='cuda:0')
Likelihood: -98.99008178710938
Solve time for step 5 (global step 37) 3.62830367999959
Current ori: tensor(-0.8171, device='cuda:0')
Middle force: tensor([0.4861, 1.4868], device='cuda:0')
Thumb force: tensor([0.2856, 0.9752], device='cuda:0')
Index force: tensor([0.6205, 1.3555], device='cuda:0')
tensor([ 0.2551,  1.3737,  0.3180,  0.5552,  0.2872,  0.4624,  1.4191,  0.8389,
         0.8435, -0.1050, -0.0317,  1.2643, -0.8616], device='cuda:0')
Likelihood: -118.77226257324219
Solve time for step 6 (global step 38) 3.3965046949997486
Current ori: tensor(-0.8616, device='cuda:0')
Middle force: tensor([0.8946], device='cuda:0')
Thumb force: tensor([0.9991], device='cuda:0')
Index force: tensor([1.6183], device='cuda:0')
Current yaw: tensor([-0.9843], device='cuda:0')
9 turn
Likelihood: -136.8810577392578
State is out of distribution
Final likelihood: tensor([ -1.0405,  -1.0678,  -1.0786,  -1.2658,  -1.3652,  -1.5268,  -1.6908,
         -1.7461,  -1.8425,  -2.1306,  -2.2675,  -2.2818,  -2.2833,  -2.3567,
         -2.3919, -14.1932], device='cuda:0', grad_fn=<IndexBackward0>)
Final likelihood: tensor([ -1.0405,  -1.0678,  -1.0786,  -1.2658,  -1.3652,  -1.5268,  -1.6908,
         -1.7461,  -1.8425,  -2.1306,  -2.2675,  -2.2818,  -2.2833,  -2.3567,
         -2.3919, -14.1932], device='cuda:0', grad_fn=<IndexBackward0>)
1 mode projection succeeded
New goal: tensor([ 0.3359,  1.0708,  1.0091,  0.4055,  0.4671,  0.2789,  0.9936,  0.8025,
         1.4967, -0.0530, -0.1336,  0.5387, -0.8971], device='cuda:0')
Likelihood: -91.26513671875
Likelihood: -46.57987976074219
Likelihood: -100.978271484375
{'index': 91.26513671875,
 'middle': 46.57987976074219,
 'thumb': 100.978271484375}
Plan time: 24.150395677999768
Current yaw: tensor([-0.9845], device='cuda:0')
10 middle
tensor([ 0.2481,  1.4974,  0.3124,  0.3868,  0.3100,  0.5974,  1.2357,  1.1683,
         0.8511,  0.0536, -0.1889,  1.4505, -0.9845], device='cuda:0')
Solve time for step 1 (global step 39) 3.737514421999549
Current ori: tensor(-0.9845, device='cuda:0')
Thumb force: tensor([0.4457, 0.5801, 1.0358], device='cuda:0')
tensor([ 0.2655,  1.4744,  0.4475,  0.2939,  0.4437,  0.4294,  1.2389,  1.1351,
         0.8963, -0.1050, -0.1185,  1.1582, -1.0101], device='cuda:0')
Solve time for step 2 (global step 40) 3.558746210999743
Current ori: tensor(-1.0101, device='cuda:0')
Thumb force: tensor([0.1692, 1.2183], device='cuda:0')
tensor([ 0.2749,  1.4747,  0.5731,  0.2202,  0.4700,  0.2376,  1.0708,  0.9666,
         0.9858, -0.1050, -0.1891,  1.4591, -1.1710], device='cuda:0')
Solve time for step 3 (global step 41) 3.2459021810000195
Current ori: tensor(-1.1710, device='cuda:0')
Thumb force: tensor([0.2332], device='cuda:0')
Reached goal yaw
Likelihood: -101.34970092773438
Average turn amount: -1.1840521097183228 over 1 trials
{}

Trial 2
Loaded trajectory sampler
Current yaw: tensor([1.2851e-11], device='cuda:0')
Current yaw: tensor([-0.0005], device='cuda:0')
1 turn
Likelihood: -16.533748626708984
Sampling time 4.73490770799981
tensor([ 3.0648e-01,  5.8991e-01,  7.2979e-01,  8.3459e-01, -5.2264e-02,
         2.6539e-01,  8.7993e-01,  7.7911e-01,  1.2732e+00, -3.4610e-03,
         2.0548e-01,  4.6249e-01, -4.6350e-04], device='cuda:0')
Solve time for step 1 (global step 0) 4.721149020999292
Current ori: tensor(-0.0005, device='cuda:0')
Middle force: tensor([1.1544, 0.3211, 0.2122, 1.5977, 3.0955, 1.2610], device='cuda:0')
Thumb force: tensor([1.6298, 0.5608, 0.5534, 0.2048, 0.8027, 0.7223], device='cuda:0')
Index force: tensor([2.3270, 0.7383, 0.7267, 0.8304, 1.9115, 2.2601], device='cuda:0')
tensor([ 0.3069,  0.6352,  0.6172,  0.9360, -0.0960,  0.3185,  0.6325,  0.8882,
         1.2126, -0.1050,  0.1037,  0.7223, -0.0017], device='cuda:0')
Likelihood: -53.74645233154297
Solve time for step 2 (global step 1) 4.454787831999965
Current ori: tensor(-0.0017, device='cuda:0')
Middle force: tensor([0.4987, 0.3121, 1.5744, 3.0154, 1.1907], device='cuda:0')
Thumb force: tensor([0.4975, 0.5347, 0.2391, 0.7468, 0.7813], device='cuda:0')
Index force: tensor([0.7500, 0.6762, 0.8027, 1.8402, 2.2351], device='cuda:0')
tensor([ 0.2774,  0.6054,  0.6362,  0.9886, -0.1037,  0.3100,  0.5113,  0.8011,
         1.4665, -0.1050,  0.3512,  0.7921, -0.2622], device='cuda:0')
Likelihood: -106.46524047851562
Solve time for step 3 (global step 2) 4.401243753999552
Current ori: tensor(-0.2622, device='cuda:0')
Middle force: tensor([0.6659, 2.2451, 0.3702, 0.3737], device='cuda:0')
Thumb force: tensor([0.0841, 0.3829, 0.5487, 0.5413], device='cuda:0')
Index force: tensor([1.5814, 0.1880, 0.9582, 0.9213], device='cuda:0')
tensor([ 0.2979,  0.6372,  0.6788,  1.3233,  0.1075,  0.2563,  0.6912,  0.5714,
         1.4665, -0.1050,  0.3507,  0.7893, -0.2640], device='cuda:0')
Likelihood: -87.2221450805664
Solve time for step 4 (global step 3) 4.137558562999402
Current ori: tensor(-0.2640, device='cuda:0')
Middle force: tensor([2.0274, 0.5396, 1.7600], device='cuda:0')
Thumb force: tensor([0.2399, 0.7118, 0.9953], device='cuda:0')
Index force: tensor([0.9154, 0.5862, 1.6469], device='cuda:0')
tensor([ 0.3606,  0.6485,  0.6740,  1.2794,  0.1900,  0.3572,  0.5741,  0.6559,
         1.4795, -0.1050,  0.3378,  0.7376, -0.3104], device='cuda:0')
Likelihood: -62.74504089355469
Solve time for step 5 (global step 4) 3.5871410339996146
Current ori: tensor(-0.3104, device='cuda:0')
Middle force: tensor([2.8223, 1.2817], device='cuda:0')
Thumb force: tensor([0.5709, 0.5905], device='cuda:0')
Index force: tensor([1.6987, 2.1653], device='cuda:0')
tensor([ 0.3491,  0.7587,  0.6689,  1.2245,  0.0933,  0.6105,  0.5722,  0.5938,
         1.5000, -0.1050,  0.3212,  0.7410, -0.4122], device='cuda:0')
Likelihood: -58.44001770019531
Solve time for step 6 (global step 5) 3.6017800390000048
Current ori: tensor(-0.4122, device='cuda:0')
Middle force: tensor([0.7010], device='cuda:0')
Thumb force: tensor([0.8031], device='cuda:0')
Index force: tensor([1.8752], device='cuda:0')
Current yaw: tensor([-0.4126], device='cuda:0')
2 turn
Likelihood: -129.87271118164062
State is out of distribution
Final likelihood: tensor([ -1.1433,  -1.1813,  -1.2011,  -1.2493,  -1.2806,  -1.3716,  -1.5389,
         -1.7458,  -1.7784,  -1.8108,  -1.8519,  -2.2037,  -2.3003,  -2.4075,
         -2.7236, -13.6228], device='cuda:0', grad_fn=<IndexBackward0>)
Final likelihood: tensor([ -1.1433,  -1.1813,  -1.2011,  -1.2493,  -1.2806,  -1.3716,  -1.5389,
         -1.7458,  -1.7784,  -1.8108,  -1.8519,  -2.2037,  -2.3003,  -2.4075,
         -2.7236, -13.6228], device='cuda:0', grad_fn=<IndexBackward0>)
1 mode projection succeeded
New goal: tensor([ 0.2831,  1.0014,  0.7635,  0.7279,  0.2761,  0.4619,  0.8097,  0.6554,
         1.4797, -0.0219,  0.0214,  1.1115, -0.7614], device='cuda:0')
Likelihood: -54.00054168701172
Likelihood: -57.037044525146484
Likelihood: -63.86732482910156
{'index': 54.00054168701172,
 'middle': 57.037044525146484,
 'thumb': 63.86732482910156}
Plan time: 23.862512905000585
Current yaw: tensor([-0.4126], device='cuda:0')
3 index
tensor([ 0.1300,  0.6661,  0.7043,  1.2134,  0.1085,  0.7134,  0.4957,  0.5813,
         1.5000, -0.1050,  0.3115,  0.8202, -0.4126], device='cuda:0')
Solve time for step 1 (global step 6) 3.497783268000603
Current ori: tensor(-0.4126, device='cuda:0')
Middle force: tensor([1.0321, 0.5698, 2.6471], device='cuda:0')
Thumb force: tensor([0.1967, 0.6117, 0.4596], device='cuda:0')
tensor([ 0.3625,  0.7668,  0.7474,  1.0413,  0.1127,  0.7141,  0.5181,  0.5170,
         1.5000, -0.1050,  0.2736,  0.8897, -0.4211], device='cuda:0')
Solve time for step 2 (global step 7) 3.3416730060007467
Current ori: tensor(-0.4211, device='cuda:0')
Middle force: tensor([2.7580, 0.6703], device='cuda:0')
Thumb force: tensor([0.3173, 0.5950], device='cuda:0')
tensor([ 0.4154,  0.8447,  0.7314,  0.9387,  0.1213,  0.7346,  0.5258,  0.4407,
         1.4972, -0.0674,  0.2392,  1.0210, -0.4518], device='cuda:0')
Solve time for step 3 (global step 8) 3.145128936999754
Current ori: tensor(-0.4518, device='cuda:0')
Middle force: tensor([0.8312], device='cuda:0')
Thumb force: tensor([0.5882], device='cuda:0')
Current yaw: tensor([-0.4828], device='cuda:0')
4 turn
Likelihood: -70.57386016845703
Sampling time 4.498012435000419
tensor([ 0.2834,  0.8640,  0.7089,  0.8185,  0.1329,  0.7542,  0.5148,  0.3921,
         1.5000, -0.1050,  0.2189,  1.0177, -0.4828], device='cuda:0')
Solve time for step 1 (global step 9) 4.6866173539992815
Current ori: tensor(-0.4828, device='cuda:0')
Middle force: tensor([1.0699, 2.3690, 1.5342, 2.0476, 2.1309, 1.1338], device='cuda:0')
Thumb force: tensor([0.0923, 0.1478, 1.3074, 0.4556, 0.4726, 1.0169], device='cuda:0')
Index force: tensor([0.8395, 1.7487, 0.7853, 1.5884, 1.6131, 2.2283], device='cuda:0')
tensor([ 0.3093,  0.9200,  0.6507,  0.7662,  0.1062,  0.7662,  0.4409,  0.2009,
         1.5001, -0.1050,  0.2409,  0.9809, -0.4656], device='cuda:0')
Likelihood: -81.29960632324219
Solve time for step 2 (global step 10) 4.381391512999471
Current ori: tensor(-0.4656, device='cuda:0')
Middle force: tensor([2.3213, 1.4370, 1.9833, 2.0767, 1.1774], device='cuda:0')
Thumb force: tensor([0.1533, 1.3027, 0.5399, 0.5382, 0.9494], device='cuda:0')
Index force: tensor([1.7190, 0.7802, 1.5501, 1.5776, 2.0659], device='cuda:0')
tensor([ 0.3759,  0.7911,  0.6728,  0.4524,  0.1090,  0.7627,  0.5560,  0.1879,
         1.5000, -0.1050,  0.2836,  0.9186, -0.3952], device='cuda:0')
Likelihood: -86.39765167236328
Solve time for step 3 (global step 11) 4.113962987999912
Current ori: tensor(-0.3952, device='cuda:0')
Middle force: tensor([1.4198, 1.9326, 2.0397, 1.1618], device='cuda:0')
Thumb force: tensor([1.2506, 0.5489, 0.5118, 0.9327], device='cuda:0')
Index force: tensor([0.6597, 1.5224, 1.5370, 2.0327], device='cuda:0')
tensor([ 0.4700,  0.9703,  0.7033,  0.6202,  0.1291,  0.8058,  0.4375,  0.2818,
         1.3810, -0.1050,  0.1544,  1.0166, -0.4412], device='cuda:0')
Likelihood: -84.54694366455078
Solve time for step 4 (global step 12) 3.798492535999685
Current ori: tensor(-0.4412, device='cuda:0')
Middle force: tensor([1.5006, 1.4408, 0.9294], device='cuda:0')
Thumb force: tensor([0.2351, 0.1552, 1.2067], device='cuda:0')
Index force: tensor([1.6642, 1.6581, 0.7826], device='cuda:0')
tensor([ 0.4700,  0.9140,  0.8591,  0.5242,  0.1419,  0.7707,  0.4871,  0.2784,
         1.4780, -0.1050,  0.1801,  1.1460, -0.4636], device='cuda:0')
Likelihood: -80.86798095703125
Solve time for step 5 (global step 13) 3.74040561000038
Current ori: tensor(-0.4636, device='cuda:0')
Middle force: tensor([1.3718, 0.9269], device='cuda:0')
Thumb force: tensor([0.1459, 1.1251], device='cuda:0')
Index force: tensor([1.5960, 0.6791], device='cuda:0')
tensor([ 0.4224,  0.8520,  0.8749,  0.5697,  0.0907,  0.8257,  0.5266,  0.3329,
         1.2199,  0.3229,  0.0472,  1.0807, -0.4637], device='cuda:0')
Likelihood: -84.81414794921875
Solve time for step 6 (global step 14) 3.5201750070000344
Current ori: tensor(-0.4637, device='cuda:0')
Middle force: tensor([0.8526], device='cuda:0')
Thumb force: tensor([1.1394], device='cuda:0')
Index force: tensor([0.7266], device='cuda:0')
Current yaw: tensor([-0.5023], device='cuda:0')
5 turn
Likelihood: -66.37940979003906
Sampling time 4.494233663000159
tensor([ 0.4440,  0.9550,  0.8091,  0.5563,  0.1123,  0.8313,  0.5072,  0.2919,
         1.3234,  0.2679,  0.0422,  0.9427, -0.5023], device='cuda:0')
Solve time for step 1 (global step 15) 4.589801162000185
Current ori: tensor(-0.5023, device='cuda:0')
Middle force: tensor([0.8086, 1.5822, 1.5716, 1.2801, 1.2546, 1.2378], device='cuda:0')
Thumb force: tensor([1.5125, 0.4720, 1.6228, 0.1656, 0.8729, 0.8677], device='cuda:0')
Index force: tensor([1.7387, 2.2697, 1.6703, 1.0319, 0.7678, 0.7911], device='cuda:0')
tensor([ 0.4383,  0.9905,  0.7784,  0.5761,  0.1131,  0.9435,  0.3293,  0.3388,
         1.3496,  0.0222,  0.1144,  0.7932, -0.5360], device='cuda:0')
Likelihood: -93.56417846679688
Solve time for step 2 (global step 16) 4.201474864999909
Current ori: tensor(-0.5360, device='cuda:0')
Middle force: tensor([2.9519, 1.8984, 0.8257, 1.4675, 1.4595], device='cuda:0')
Thumb force: tensor([1.7331, 1.4869, 0.5060, 0.3155, 0.2803], device='cuda:0')
Index force: tensor([0.9884, 1.3753, 0.7332, 0.8546, 0.8671], device='cuda:0')
tensor([ 0.4302,  1.1602,  0.5858,  0.6016,  0.1470,  1.0002,  0.3044,  0.1285,
         1.3441,  0.0785,  0.1114,  0.9594, -0.6250], device='cuda:0')
Likelihood: -96.7116928100586
Solve time for step 3 (global step 17) 4.066244362999896
Current ori: tensor(-0.6250, device='cuda:0')
Middle force: tensor([1.8073, 0.7643, 1.3731, 1.3700], device='cuda:0')
Thumb force: tensor([1.3843, 0.4990, 0.3232, 0.3153], device='cuda:0')
Index force: tensor([1.3075, 0.6773, 0.8586, 0.8720], device='cuda:0')
tensor([ 0.4307,  1.1190,  0.6628,  0.5695,  0.1435,  1.0366,  0.2192,  0.1922,
         1.3768, -0.1050,  0.1754,  0.7746, -0.6217], device='cuda:0')
Likelihood: -109.52015686035156
Solve time for step 4 (global step 18) 3.7520726080001623
Current ori: tensor(-0.6217, device='cuda:0')
Middle force: tensor([0.7178, 1.3016, 1.2989], device='cuda:0')
Thumb force: tensor([0.4785, 0.3040, 0.3313], device='cuda:0')
Index force: tensor([0.6677, 0.8450, 0.8895], device='cuda:0')
tensor([ 0.3673,  1.1017,  0.5897,  0.5709,  0.1373,  0.9924,  0.2934,  0.2532,
         1.3285, -0.0193,  0.1331,  0.8242, -0.6218], device='cuda:0')
Likelihood: -96.68536376953125
Solve time for step 5 (global step 19) 3.642137441000159
Current ori: tensor(-0.6218, device='cuda:0')
Middle force: tensor([1.2420, 1.2364], device='cuda:0')
Thumb force: tensor([0.2659, 0.3058], device='cuda:0')
Index force: tensor([0.8247, 0.8842], device='cuda:0')
tensor([ 0.3323,  1.1131,  0.5305,  0.6915,  0.0497,  0.9025,  0.3326,  0.3231,
         1.3707, -0.0311,  0.0626,  1.0367, -0.6210], device='cuda:0')
Likelihood: -95.08429718017578
Solve time for step 6 (global step 20) 3.575905230999524
Current ori: tensor(-0.6210, device='cuda:0')
Middle force: tensor([1.1962], device='cuda:0')
Thumb force: tensor([0.2928], device='cuda:0')
Index force: tensor([0.8569], device='cuda:0')
Current yaw: tensor([-0.6210], device='cuda:0')
6 turn
Likelihood: -99.3604736328125
Sampling time 4.56266127500021
tensor([ 0.3072,  1.0797,  0.4897,  0.5913,  0.1034,  0.8390,  0.3055,  0.1665,
         1.3474,  0.0772, -0.0054,  0.9532, -0.6210], device='cuda:0')
Solve time for step 1 (global step 21) 4.733850793999409
Current ori: tensor(-0.6210, device='cuda:0')
Middle force: tensor([1.5340, 1.3259, 1.2728, 1.5940, 1.4280, 1.1111], device='cuda:0')
Thumb force: tensor([1.3908, 1.4439, 1.3855, 0.4365, 2.1239, 0.7284], device='cuda:0')
Index force: tensor([2.1978, 0.6245, 0.5717, 1.1038, 0.7879, 1.2338], device='cuda:0')
tensor([ 0.3668,  1.1113,  0.5393,  0.7452,  0.1199,  1.0046, -0.0129,  0.6398,
         1.4313, -0.0938,  0.1537,  0.9210, -0.6219], device='cuda:0')
Likelihood: -109.63093566894531
Solve time for step 2 (global step 22) 4.401475110999854
Current ori: tensor(-0.6219, device='cuda:0')
Middle force: tensor([1.1059, 1.4774, 1.3105, 1.0626, 1.0175], device='cuda:0')
Thumb force: tensor([1.3997, 0.4379, 0.3124, 1.9830, 0.6667], device='cuda:0')
Index force: tensor([0.7728, 1.1816, 1.1099, 0.9823, 1.0963], device='cuda:0')
tensor([ 0.4266,  1.1340,  0.6375,  0.5676,  0.1284,  0.8150,  0.4534,  0.5626,
         1.4432, -0.1050,  0.1012,  1.0415, -0.6226], device='cuda:0')
Likelihood: -45.457950592041016
Solve time for step 3 (global step 23) 4.131047937999938
Current ori: tensor(-0.6226, device='cuda:0')
Middle force: tensor([1.3826, 0.9596, 1.0030, 1.0253], device='cuda:0')
Thumb force: tensor([0.4134, 1.8169, 1.7678, 0.6395], device='cuda:0')
Index force: tensor([1.0843, 0.8197, 0.7888, 0.9973], device='cuda:0')
tensor([ 0.3332,  1.1359,  0.4132,  0.7144,  0.1133,  0.7662,  0.4312,  0.5807,
         1.4634, -0.1050,  0.1436,  0.9827, -0.6226], device='cuda:0')
Likelihood: -54.21470642089844
