Importing module 'gym_38' (/home/abhinav/Documents/isaacgym/python/isaacgym/_bindings/linux-x86_64/gym_38.so)
Setting GYM_USD_PLUG_INFO_PATH to /home/abhinav/Documents/isaacgym/python/isaacgym/_bindings/linux-x86_64/usd/plugInfo.json
PyTorch version 2.4.1+cu121
Device count 2
/home/abhinav/Documents/isaacgym/python/isaacgym/_bindings/src/gymtorch
ninja: no work to do.
No ROS install found, continuing
CCAI_PATH /home/abhinav/Documents/ccai
Not connected to PVD
Physics Engine: PhysX
Physics Device: cpu
GPU Pipeline: disabled
Using VHACD cache directory '/home/abhinav/.isaacgym/vhacd'
Found existing convex decomposition for mesh '/home/abhinav/Documents/github/isaacgym-arm-envs/isaac_victor_envs/assets/xela_models/mesh/allegro/base_ns.stl'
Found existing convex decomposition for mesh '/home/abhinav/Documents/github/isaacgym-arm-envs/isaac_victor_envs/assets/xela_models/mesh/allegro/link_1.0.stl'
Found existing convex decomposition for mesh '/home/abhinav/Documents/github/isaacgym-arm-envs/isaac_victor_envs/assets/xela_models/mesh/ft_c.stl'
[ models/temporal ] Channel dimensions: [(37, 128), (128, 256), (256, 512)]
[ models/temporal ] Channel dimensions: [(37, 128), (128, 256), (256, 512)]

Trial 601
No action perturbation this trial
Random perturbation %: 0.33
Loaded trajectory sampler
Current yaw: tensor([-0.0037,  0.0042,  0.2886], device='cuda:1')
Current yaw: tensor([-0.0037,  0.0042,  0.2886], device='cuda:1')
1 turn
Likelihood: -45.53788375854492
Sampling time 3.929514108982403
tensor([ 0.1172,  0.5717,  0.5920,  0.6698, -0.1042,  0.5386,  0.9002,  0.9426,
         1.2202,  0.3098,  0.2886,  1.1580, -0.0037,  0.0042,  0.2886],
       device='cuda:1')
Solve time for step 1 (global step 0) 9.276059304946102
Current ori: tensor([-0.0037,  0.0042,  0.2886], device='cuda:1')
Middle force: tensor([0.5224, 1.0304, 0.6106, 0.7405, 0.5523, 1.0642, 1.1060, 1.1968, 1.9929,
        0.9651, 0.7717, 1.2172], device='cuda:1')
Thumb force: tensor([2.7438, 1.1460, 2.2449, 1.1752, 0.5432, 1.4233, 1.1862, 1.0118, 1.3085,
        0.8715, 1.9063, 1.8329], device='cuda:1')
Index force: tensor([0.6758, 1.0883, 0.7033, 0.5684, 0.6383, 0.7446, 0.9357, 0.9313, 0.6553,
        0.5724, 0.9142, 0.5198], device='cuda:1')
Applying force: tensor([[0.8492, 0.3728, 0.0000]]) at position: (-0.019, -0.007, 0.012)
tensor([ 0.0884,  0.6119,  0.5311,  0.6227, -0.1243,  0.5344,  0.8856,  0.9629,
         1.2811,  0.3261,  0.2691,  1.0733, -0.0199,  0.0229,  0.1793],
       device='cuda:1')
Likelihood: -63.716796875
Solve time for step 2 (global step 1) 9.363513958989643
Current ori: tensor([-0.0199,  0.0229,  0.1793], device='cuda:1')
Middle force: tensor([0.9664, 0.6044, 0.7213, 0.5419, 1.0591, 1.0658, 1.1611, 1.9273, 0.9439,
        0.7471, 1.1745], device='cuda:1')
Thumb force: tensor([1.1389, 2.1807, 1.1537, 0.5364, 1.3843, 1.1582, 0.9902, 1.2809, 0.8525,
        1.8708, 1.7959], device='cuda:1')
Index force: tensor([1.0781, 0.6779, 0.5642, 0.6317, 0.7304, 0.9118, 0.9170, 0.6461, 0.5678,
        0.8857, 0.5161], device='cuda:1')
tensor([ 0.1018,  0.6298,  0.5197,  0.6230, -0.1168,  0.5184,  0.9122,  1.0193,
         1.2916,  0.3190,  0.2566,  1.0382, -0.0228,  0.0139,  0.0793],
       device='cuda:1')
Likelihood: -97.39094543457031
Solve time for step 3 (global step 2) 8.931275198992807
Current ori: tensor([-0.0228,  0.0139,  0.0793], device='cuda:1')
Middle force: tensor([0.6039, 0.7063, 0.5343, 1.0545, 1.0328, 1.1320, 1.8634, 0.9302, 0.7322,
        1.1492], device='cuda:1')
Thumb force: tensor([2.1057, 1.1383, 0.5304, 1.3454, 1.1242, 0.9675, 1.2535, 0.8326, 1.8246,
        1.7460], device='cuda:1')
Index force: tensor([0.6613, 0.5592, 0.6253, 0.7196, 0.8924, 0.9021, 0.6391, 0.5634, 0.8637,
        0.5139], device='cuda:1')
Applying force: tensor([[0.0681, 0.8437, 0.0000]]) at position: (-0.001, -0.020, 0.036)
tensor([ 0.0906,  0.6523,  0.4907,  0.5947, -0.1196,  0.5072,  0.9210,  1.0322,
         1.3261,  0.3087,  0.2529,  0.9754, -0.0297,  0.0199,  0.0131],
       device='cuda:1')
Likelihood: -119.60649871826172
Solve time for step 4 (global step 3) 8.879770320025273
Current ori: tensor([-0.0297,  0.0199,  0.0131], device='cuda:1')
Middle force: tensor([0.6934, 0.5286, 1.0483, 0.9990, 1.1037, 1.8035, 0.9162, 0.7146, 1.1247],
       device='cuda:1')
Thumb force: tensor([1.1212, 0.5271, 1.3108, 1.1000, 0.9491, 1.2282, 0.8171, 1.7873, 1.7043],
       device='cuda:1')
Index force: tensor([0.5550, 0.6190, 0.7087, 0.8744, 0.8894, 0.6341, 0.5601, 0.8438, 0.5123],
       device='cuda:1')
tensor([ 0.0845,  0.6694,  0.4769,  0.5629, -0.1174,  0.4930,  0.9405,  1.0374,
         1.3413,  0.3235,  0.2646,  0.8967, -0.0360,  0.0225, -0.0761],
       device='cuda:1')
Likelihood: -130.2682647705078
Solve time for step 5 (global step 4) 8.033772886032239
Current ori: tensor([-0.0360,  0.0225, -0.0761], device='cuda:1')
Middle force: tensor([1.0377, 0.8557, 0.9729, 0.5198, 0.6735, 0.9318, 0.8510, 1.0978],
       device='cuda:1')
Thumb force: tensor([0.8516, 1.2380, 0.8032, 0.5060, 0.8949, 0.5392, 1.0478, 1.2625],
       device='cuda:1')
Index force: tensor([0.6854, 0.5141, 0.6314, 0.5000, 0.7631, 0.6708, 0.6864, 0.6887],
       device='cuda:1')
Applying force: tensor([[0.4439, 0.6546, 0.0000]]) at position: (-0.010, -0.017, 0.023)
tensor([ 0.0875,  0.6870,  0.4618,  0.5460, -0.1085,  0.5063,  0.9076,  1.0996,
         1.3705,  0.2868,  0.2617,  0.8477, -0.0410,  0.0200, -0.1572],
       device='cuda:1')
Likelihood: -151.02813720703125
Solve time for step 6 (global step 5) 7.925994326011278
Current ori: tensor([-0.0410,  0.0200, -0.1572], device='cuda:1')
Middle force: tensor([0.8575, 0.9696, 0.5191, 0.6664, 0.9044, 0.8313, 1.0667],
       device='cuda:1')
Thumb force: tensor([1.2045, 0.7844, 0.5047, 0.8682, 0.5338, 1.0168, 1.2258],
       device='cuda:1')
Index force: tensor([0.5136, 0.6286, 0.5000, 0.7470, 0.6679, 0.6756, 0.6793],
       device='cuda:1')
tensor([ 0.0919,  0.7003,  0.4520,  0.5269, -0.0996,  0.5073,  0.8962,  1.1412,
         1.4199,  0.2163,  0.2591,  0.7805, -0.0444,  0.0178, -0.2550],
       device='cuda:1')
Likelihood: -161.64854431152344
Solve time for step 7 (global step 6) 7.399243149033282
Current ori: tensor([-0.0444,  0.0178, -0.2550], device='cuda:1')
Middle force: tensor([2.4137, 1.2366, 0.6980, 0.8687, 0.8281, 0.6681], device='cuda:1')
Thumb force: tensor([1.8351, 1.3823, 0.6405, 0.7162, 0.9742, 0.8006], device='cuda:1')
Index force: tensor([0.5574, 0.5438, 0.5816, 0.5201, 0.6060, 0.8437], device='cuda:1')
tensor([ 0.0977,  0.6878,  0.4787,  0.5275, -0.0957,  0.5080,  0.9097,  1.1209,
         1.3972,  0.2446,  0.2514,  0.8192, -0.0417,  0.0136, -0.2140],
       device='cuda:1')
Likelihood: -161.17626953125
Solve time for step 8 (global step 7) 6.969946125987917
Current ori: tensor([-0.0417,  0.0136, -0.2140], device='cuda:1')
Middle force: tensor([1.0316, 1.5963, 0.8670, 0.6678, 1.0400], device='cuda:1')
Thumb force: tensor([0.8677, 1.1275, 0.7612, 1.6306, 1.5414], device='cuda:1')
Index force: tensor([0.8350, 0.6182, 0.5492, 0.7861, 0.5083], device='cuda:1')
tensor([ 0.0900,  0.6985,  0.4583,  0.5115, -0.0999,  0.4847,  0.9434,  1.1060,
         1.4146,  0.2585,  0.2700,  0.7485, -0.0454,  0.0189, -0.2781],
       device='cuda:1')
Likelihood: -180.37454223632812
State is out of distribution
Final likelihood: tensor([-2.9912, -3.2279, -4.2082, -4.5067, -4.7851, -5.1805, -5.2327, -5.8804,
        -5.9735, -6.0923, -6.6885, -6.8716, -7.6590, -8.2200, -8.3255, -8.8096],
       device='cuda:1', grad_fn=<IndexBackward0>)
Final likelihood: tensor([-2.9912, -3.2279, -4.2082, -4.5067, -4.7851, -5.1805, -5.2327, -5.8804,
        -5.9735, -6.0923, -6.6885, -6.8716, -7.6590, -8.2200, -8.3255, -8.8096],
       device='cuda:1', grad_fn=<IndexBackward0>)
1 mode projection succeeded
New goal: tensor([ 0.1264,  0.6253,  0.5397,  0.5765, -0.1091,  0.5582,  0.8986,  0.8182,
         1.1954,  0.3538,  0.2669,  1.1640, -0.0115,  0.0132, -0.2787],
       device='cuda:1')
tensor([[0.0007]], device='cuda:1') tensor([[0.0005]], device='cuda:1') tensor([[0.0009]], device='cuda:1')
Likelihood: -68.54318237304688
Likelihood: -159.13601684570312
{'index': 159.13601684570312, 'thumb_middle': 68.54318237304688}
Plan time: 20.175917878048494
Current yaw: tensor([-0.0454,  0.0187, -0.2787], device='cuda:1')
2 thumb_middle
tensor([ 0.0897,  0.6984,  0.4582,  0.5114, -0.0996,  0.4846,  0.9435,  1.1060,
         1.4147,  0.2585,  0.2699,  0.7483, -0.0454,  0.0187, -0.2787],
       device='cuda:1')
Solve time for step 1 (global step 8) 0.46080467000138015
Current ori: tensor([-0.0454,  0.0187, -0.2787], device='cuda:1')
Index force: tensor([0.5876, 0.5642, 0.5339], device='cuda:1')
Applying force: tensor([[0.8634, 0.1482, 0.0000]]) at position: (-0.020, -0.004, 0.089)
tensor([ 0.0872,  0.6683,  0.4906,  0.5259, -0.1819,  0.4802,  0.8959,  0.9927,
         1.2819,  0.2623,  0.1978,  0.8802, -0.0403,  0.0727, -0.2418],
       device='cuda:1')
Solve time for step 2 (global step 9) 5.75201166496845
Current ori: tensor([-0.0403,  0.0727, -0.2418], device='cuda:1')
Index force: tensor([0.6553, 0.5364], device='cuda:1')
tensor([ 0.1799,  0.7118,  0.5159,  0.5596, -0.2025,  0.5246,  0.8558,  0.8873,
         1.2313,  0.3042,  0.1828,  0.9766, -0.0534,  0.0112, -0.2418],
       device='cuda:1')
Solve time for step 3 (global step 10) 4.395496082026511
Current ori: tensor([-0.0534,  0.0112, -0.2418], device='cuda:1')
Index force: tensor([0.5294], device='cuda:1')
Current yaw: tensor([-0.0499,  0.0007, -0.2406], device='cuda:1')
3 turn
Likelihood: -88.24720001220703
Sampling time 4.23268503905274
tensor([ 1.9721e-01,  7.0817e-01,  5.2985e-01,  5.8120e-01, -1.0395e-01,
         6.0400e-01,  8.8681e-01,  8.5643e-01,  1.2726e+00,  3.1129e-01,
         2.5573e-01,  1.0267e+00, -4.9923e-02,  6.9122e-04, -2.4063e-01],
       device='cuda:1')
Solve time for step 1 (global step 11) 9.538407035986893
Current ori: tensor([-0.0499,  0.0007, -0.2406], device='cuda:1')
Middle force: tensor([0.5237, 0.7160, 0.9746, 0.9942, 1.2676, 0.9263, 1.6988, 1.2271, 0.9094,
        0.8570, 0.8961, 0.7647], device='cuda:1')
Thumb force: tensor([0.7523, 0.9688, 0.5867, 1.0699, 1.2114, 1.1704, 1.5080, 0.6064, 1.2500,
        0.6300, 1.2654, 0.9848], device='cuda:1')
Index force: tensor([0.7577, 0.5416, 0.9826, 0.6333, 0.5584, 0.8701, 0.7827, 0.5445, 0.5719,
        0.5678, 0.6949, 0.8428], device='cuda:1')
tensor([ 0.1753,  0.7324,  0.4868,  0.5381, -0.1191,  0.6082,  0.8561,  0.8817,
         1.3488,  0.2422,  0.2423,  0.9556, -0.0608,  0.0137, -0.3009],
       device='cuda:1')
Likelihood: -105.06417846679688
Solve time for step 2 (global step 12) 9.333888926019426
Current ori: tensor([-0.0608,  0.0137, -0.3009], device='cuda:1')
Middle force: tensor([0.7666, 1.4539, 1.4430, 0.6894, 0.6581, 0.9351, 1.0889, 1.0445, 0.7462,
        0.6584, 1.4054], device='cuda:1')
Thumb force: tensor([1.8195, 1.2857, 1.4712, 0.7195, 0.5296, 0.8698, 0.8853, 1.4219, 1.0905,
        0.5420, 1.3024], device='cuda:1')
Index force: tensor([0.6564, 0.8260, 0.8126, 0.5311, 0.7315, 0.6448, 0.5839, 0.7374, 0.5992,
        0.5580, 0.5088], device='cuda:1')
Applying force: tensor([[-0.2675,  0.9665,  0.0000]]) at position: (0.004, -0.020, 0.021)
tensor([ 0.1772,  0.7316,  0.5011,  0.5069, -0.1169,  0.5964,  0.8710,  0.9009,
         1.3029,  0.3200,  0.2924,  0.8866, -0.0661,  0.0125, -0.3545],
       device='cuda:1')
Likelihood: -119.8050537109375
Solve time for step 3 (global step 13) 9.096370514947921
Current ori: tensor([-0.0661,  0.0125, -0.3545], device='cuda:1')
Middle force: tensor([1.6088, 0.7674, 0.6668, 1.5851, 1.5421, 1.4427, 1.5094, 2.0131, 0.8119,
        0.5079], device='cuda:1')
Thumb force: tensor([1.4324, 1.4435, 1.6881, 1.8323, 1.8452, 1.2288, 1.2139, 3.2443, 0.5382,
        0.7993], device='cuda:1')
Index force: tensor([0.9854, 0.8024, 0.7684, 0.6424, 0.7552, 0.5905, 0.7916, 0.6740, 0.7007,
        0.8876], device='cuda:1')
tensor([ 0.1859,  0.7636,  0.4784,  0.4720, -0.0980,  0.5703,  0.8852,  1.0036,
         1.4177,  0.1321,  0.2317,  0.8460, -0.0599,  0.0039, -0.5303],
       device='cuda:1')
Likelihood: -158.38662719726562
Solve time for step 4 (global step 14) 8.324214096006472
Current ori: tensor([-0.0599,  0.0039, -0.5303], device='cuda:1')
Middle force: tensor([0.9042, 1.2242, 0.8342, 1.5621, 1.1279, 0.8724, 0.8110, 0.8696, 0.7138],
       device='cuda:1')
Thumb force: tensor([1.0228, 1.1372, 1.0879, 1.4029, 0.5750, 1.1309, 0.5977, 1.1601, 0.9166],
       device='cuda:1')
Index force: tensor([0.6381, 0.5431, 0.8284, 0.7612, 0.5424, 0.5553, 0.5564, 0.6744, 0.8050],
       device='cuda:1')
tensor([ 0.1755,  0.7826,  0.4429,  0.4511, -0.1035,  0.5509,  0.9052,  1.0083,
         1.4196,  0.1454,  0.2694,  0.7750, -0.0617,  0.0112, -0.5945],
       device='cuda:1')
Likelihood: -182.13296508789062
State is out of distribution
Final likelihood: tensor([ -3.1755,  -4.2891,  -5.0068,  -5.0623,  -5.2085,  -5.2399,  -5.2690,
         -5.4723,  -5.8517,  -6.0479,  -6.4893,  -6.8093,  -6.9834,  -7.1702,
         -7.7187, -10.2682], device='cuda:1', grad_fn=<IndexBackward0>)
Final likelihood: tensor([ -3.1755,  -4.2891,  -5.0068,  -5.0623,  -5.2085,  -5.2399,  -5.2690,
         -5.4723,  -5.8517,  -6.0479,  -6.4893,  -6.8093,  -6.9834,  -7.1702,
         -7.7187, -10.2682], device='cuda:1', grad_fn=<IndexBackward0>)
1 mode projection succeeded
New goal: tensor([ 1.5961e-01,  6.4567e-01,  5.5868e-01,  5.4992e-01, -1.2985e-01,
         5.9683e-01,  8.6365e-01,  9.1242e-01,  1.2449e+00,  3.3771e-01,
         2.1917e-01,  1.1325e+00, -1.1223e-02, -1.6354e-05, -5.9459e-01],
       device='cuda:1')
tensor([[0.0008]], device='cuda:1') tensor([[0.0001]], device='cuda:1') tensor([[0.0006]], device='cuda:1')
Likelihood: -74.31745910644531
Likelihood: -128.90130615234375
{'index': 128.90130615234375, 'thumb_middle': 74.31745910644531}
Plan time: 20.726707076013554
Current yaw: tensor([-0.0616,  0.0111, -0.5946], device='cuda:1')
4 thumb_middle
tensor([ 0.1752,  0.7826,  0.4427,  0.4510, -0.1032,  0.5510,  0.9055,  1.0084,
         1.4196,  0.1452,  0.2695,  0.7748, -0.0616,  0.0111, -0.5946],
       device='cuda:1')
Solve time for step 1 (global step 15) 0.37241268903017044
Current ori: tensor([-0.0616,  0.0111, -0.5946], device='cuda:1')
Index force: tensor([0.5755, 0.5126, 0.5598], device='cuda:1')
tensor([ 0.1878,  0.7376,  0.5105,  0.5090, -0.1990,  0.5192,  0.8949,  0.9548,
         1.3306,  0.1833,  0.1847,  0.8663, -0.0472,  0.0029, -0.5946],
       device='cuda:1')
Solve time for step 2 (global step 16) 5.060576649964787
Current ori: tensor([-0.0472,  0.0029, -0.5946], device='cuda:1')
Index force: tensor([0.5111, 0.5551], device='cuda:1')
tensor([ 0.1918,  0.6947,  0.5508,  0.5654, -0.2246,  0.5531,  0.8391,  0.9155,
         1.2660,  0.2439,  0.1655,  0.9651, -0.0351,  0.0027, -0.5946],
       device='cuda:1')
Solve time for step 3 (global step 17) 5.124453038035426
Current ori: tensor([-0.0351,  0.0027, -0.5946], device='cuda:1')
Index force: tensor([0.5477], device='cuda:1')
Current yaw: tensor([-0.0295,  0.0019, -0.5872], device='cuda:1')
5 turn
Likelihood: -75.365478515625
Sampling time 3.796771311026532
tensor([ 0.1966,  0.6737,  0.5698,  0.5954, -0.1387,  0.6362,  0.8650,  0.9096,
         1.3153,  0.2906,  0.2126,  1.0449, -0.0295,  0.0019, -0.5872],
       device='cuda:1')
Solve time for step 1 (global step 18) 9.896885658963583
Current ori: tensor([-0.0295,  0.0019, -0.5872], device='cuda:1')
Middle force: tensor([0.5023, 0.6311, 1.1626, 0.5061, 1.1419, 0.5135, 0.7545, 1.2648, 1.2577,
        0.6959, 1.6287, 1.4988], device='cuda:1')
Thumb force: tensor([0.9591, 1.7029, 1.5095, 1.8026, 1.2429, 0.7846, 1.5476, 1.1397, 2.1837,
        0.7320, 1.0374, 1.7861], device='cuda:1')
Index force: tensor([0.7214, 0.6977, 0.6202, 0.7104, 0.6124, 0.8815, 0.7339, 1.2218, 1.0115,
        0.5386, 0.8940, 0.7567], device='cuda:1')
tensor([ 0.1809,  0.6915,  0.5469,  0.5568, -0.1501,  0.6328,  0.8497,  0.9391,
         1.3530,  0.2650,  0.2073,  1.0028, -0.0336,  0.0099, -0.6389],
       device='cuda:1')
Likelihood: -77.55279541015625
Solve time for step 2 (global step 19) 9.54562764702132
Current ori: tensor([-0.0336,  0.0099, -0.6389], device='cuda:1')
Middle force: tensor([0.6236, 1.5949, 1.2019, 1.2157, 0.9104, 1.4659, 1.0752, 0.7420, 0.5020,
        0.7937, 0.9583], device='cuda:1')
Thumb force: tensor([0.5481, 1.4524, 0.5609, 0.8733, 0.9371, 1.6014, 0.7100, 0.7854, 1.1901,
        1.3463, 1.3315], device='cuda:1')
Index force: tensor([0.5639, 0.9574, 1.0580, 0.7035, 0.7561, 0.5619, 0.5195, 1.0401, 0.7771,
        1.2584, 0.6931], device='cuda:1')
Applying force: tensor([[0.0851, 1.1073, 0.0000]]) at position: (0.000, -0.020, 0.026)
tensor([ 0.1594,  0.6994,  0.5168,  0.5474, -0.1642,  0.6260,  0.8357,  0.9687,
         1.3780,  0.2679,  0.2139,  0.9446, -0.0408,  0.0208, -0.7145],
       device='cuda:1')
Likelihood: -104.12767028808594
Solve time for step 3 (global step 20) 9.085191252990626
Current ori: tensor([-0.0408,  0.0208, -0.7145], device='cuda:1')
Middle force: tensor([0.5321, 1.0417, 1.4556, 1.0153, 0.6104, 0.6194, 0.6357, 0.5728, 1.1226,
        1.1910], device='cuda:1')
Thumb force: tensor([0.8784, 1.9237, 2.0132, 2.1390, 0.5293, 0.8021, 0.8155, 0.9057, 1.0109,
        0.5093], device='cuda:1')
Index force: tensor([0.8268, 0.6665, 1.1402, 0.6052, 0.5491, 0.9059, 0.7180, 0.8361, 0.5113,
        0.6808], device='cuda:1')
tensor([ 0.1751,  0.6773,  0.5663,  0.5453, -0.1704,  0.6335,  0.8639,  0.9759,
         1.3682,  0.2879,  0.1880,  0.9844, -0.0394,  0.0127, -0.7314],
       device='cuda:1')
Likelihood: -112.78791809082031
Solve time for step 4 (global step 21) 8.551076318020932
Current ori: tensor([-0.0394,  0.0127, -0.7314], device='cuda:1')
Middle force: tensor([0.7752, 0.6689, 1.5537, 1.5246, 1.4379, 1.5335, 1.0968, 0.5491, 1.1581],
       device='cuda:1')
Thumb force: tensor([1.3988, 1.6979, 1.7862, 1.7996, 1.2125, 1.1850, 0.6699, 0.6751, 0.9316],
       device='cuda:1')
Index force: tensor([0.7859, 0.7393, 0.6172, 0.7414, 0.5869, 0.7874, 0.5021, 0.5531, 0.6100],
       device='cuda:1')
tensor([ 0.1726,  0.6575,  0.5710,  0.5841, -0.1731,  0.6204,  0.8658,  1.0197,
         1.3967,  0.2911,  0.1576,  0.9801, -0.0355,  0.0143, -0.8043],
       device='cuda:1')
Likelihood: -97.82681274414062
Solve time for step 5 (global step 22) 8.02392486698227
Current ori: tensor([-0.0355,  0.0143, -0.8043], device='cuda:1')
Middle force: tensor([0.6610, 1.5306, 1.4828, 1.4032, 1.4927, 1.0734, 0.5459, 1.1276],
       device='cuda:1')
Thumb force: tensor([1.6503, 1.7286, 1.7579, 1.1860, 1.1589, 0.6593, 0.6618, 0.9136],
       device='cuda:1')
Index force: tensor([0.7291, 0.6148, 0.7256, 0.5817, 0.7748, 0.5017, 0.5492, 0.6043],
       device='cuda:1')
Applying force: tensor([[0.7588, 0.7069, 0.0000]]) at position: (-0.015, -0.014, 0.011)
tensor([ 0.1573,  0.6317,  0.5789,  0.6044, -0.1867,  0.6022,  0.8792,  1.0283,
         1.3387,  0.4833,  0.2073,  0.9457, -0.0328,  0.0243, -0.8404],
       device='cuda:1')
Likelihood: -120.42047119140625
Solve time for step 6 (global step 23) 7.745088755968027
Current ori: tensor([-0.0328,  0.0243, -0.8404], device='cuda:1')
Middle force: tensor([1.5017, 1.4421, 1.3700, 1.4524, 1.0504, 0.5431, 1.0970],
       device='cuda:1')
Thumb force: tensor([1.6733, 1.7245, 1.1624, 1.1369, 0.6507, 0.6524, 0.8985],
       device='cuda:1')
Index force: tensor([0.6127, 0.7106, 0.5773, 0.7644, 0.5014, 0.5455, 0.6000],
       device='cuda:1')
tensor([ 0.1671,  0.6372,  0.5799,  0.6094, -0.1790,  0.5771,  0.9120,  1.0745,
         1.3833,  0.4717,  0.1915,  0.8927, -0.0255,  0.0183, -0.9526],
       device='cuda:1')
Likelihood: -116.06082153320312
Solve time for step 7 (global step 24) 6.71213641401846
Current ori: tensor([-0.0255,  0.0183, -0.9526], device='cuda:1')
Middle force: tensor([1.4016, 1.3395, 1.4163, 1.0303, 0.5409, 1.0693], device='cuda:1')
Thumb force: tensor([1.6883, 1.1403, 1.1135, 0.6418, 0.6406, 0.8811], device='cuda:1')
Index force: tensor([0.6980, 0.5732, 0.7554, 0.5010, 0.5423, 0.5966], device='cuda:1')
Applying force: tensor([[-0.0433, -0.8429,  0.0000]]) at position: (0.002, 0.020, 0.051)
tensor([ 0.1923,  0.6504,  0.5906,  0.6080, -0.1678,  0.5817,  0.9358,  1.0947,
         1.3836,  0.4672,  0.1784,  0.8947, -0.0226,  0.0040, -1.0200],
       device='cuda:1')
Likelihood: -127.43550872802734
Solve time for step 8 (global step 25) 7.283715130004566
Current ori: tensor([-0.0226,  0.0040, -1.0200], device='cuda:1')
Middle force: tensor([1.3135, 1.3851, 1.0134, 0.5379, 1.0438], device='cuda:1')
Thumb force: tensor([1.1191, 1.0838, 0.6306, 0.6298, 0.8589], device='cuda:1')
Index force: tensor([0.5682, 0.7449, 0.5007, 0.5382, 0.5914], device='cuda:1')
Applying force: tensor([[-0.7385, -0.8951,  0.0000]]) at position: (0.012, 0.016, 0.051)
tensor([ 0.1974,  0.6645,  0.5850,  0.5954, -0.1496,  0.5868,  0.9465,  1.1001,
         1.3911,  0.4619,  0.1738,  0.8620, -0.0315, -0.0058, -1.0766],
       device='cuda:1')
Likelihood: -150.56463623046875
Solve time for step 9 (global step 26) 6.619841295992956
Current ori: tensor([-0.0315, -0.0058, -1.0766], device='cuda:1')
Middle force: tensor([1.3516, 0.9961, 0.5357, 1.0179], device='cuda:1')
Thumb force: tensor([1.0541, 0.6212, 0.6167, 0.8337], device='cuda:1')
Index force: tensor([0.7346, 0.5003, 0.5337, 0.5862], device='cuda:1')
Applying force: tensor([[0.4069, 1.0722, 0.0000]]) at position: (-0.007, -0.019, 0.049)
tensor([ 0.1758,  0.6793,  0.5574,  0.5610, -0.1620,  0.5730,  0.9510,  1.1168,
         1.4136,  0.4391,  0.1994,  0.7902, -0.0335,  0.0064, -1.1460],
       device='cuda:1')
Likelihood: -151.5885009765625
Solve time for step 10 (global step 27) 5.970286856987514
Current ori: tensor([-0.0335,  0.0064, -1.1460], device='cuda:1')
Middle force: tensor([0.5004, 1.5645, 0.9556], device='cuda:1')
Thumb force: tensor([0.5932, 1.0207, 0.6101], device='cuda:1')
Index force: tensor([0.7807, 0.8741, 0.6181], device='cuda:1')
tensor([ 0.1561,  0.6913,  0.5365,  0.5268, -0.1733,  0.5683,  0.9453,  1.1220,
         1.4595,  0.3958,  0.1812,  0.7542, -0.0398,  0.0172, -1.1794],
       device='cuda:1')
Likelihood: -161.28997802734375
Solve time for step 11 (global step 28) 5.740670353989117
Current ori: tensor([-0.0398,  0.0172, -1.1794], device='cuda:1')
Middle force: tensor([1.5353, 0.9425], device='cuda:1')
Thumb force: tensor([1.0018, 0.6048], device='cuda:1')
Index force: tensor([0.8631, 0.6135], device='cuda:1')
tensor([ 0.1679,  0.7054,  0.5356,  0.5160, -0.1589,  0.5651,  0.9547,  1.1440,
         1.4865,  0.3558,  0.1786,  0.6950, -0.0409,  0.0071, -1.2535],
       device='cuda:1')
Likelihood: -173.0865020751953
State is out of distribution
Final likelihood: tensor([ -3.3130,  -3.8261,  -3.9946,  -5.1216,  -5.4988,  -5.6731,  -5.7175,
         -6.2564,  -6.3566,  -6.3671,  -6.5549,  -7.4258,  -8.2991,  -9.2463,
        -10.5995, -14.1074], device='cuda:1', grad_fn=<IndexBackward0>)
Final likelihood: tensor([ -3.3130,  -3.8261,  -3.9946,  -5.1216,  -5.4988,  -5.6731,  -5.7175,
         -6.2564,  -6.3566,  -6.3671,  -6.5549,  -7.4258,  -8.2991,  -9.2463,
        -10.5995, -14.1074], device='cuda:1', grad_fn=<IndexBackward0>)
1 mode projection succeeded
New goal: tensor([ 0.1514,  0.6052,  0.5898,  0.5805, -0.1826,  0.5936,  0.9326,  0.9061,
         1.2673,  0.4030,  0.1424,  1.2129, -0.0242,  0.0085, -1.2540],
       device='cuda:1')
tensor([[0.0005]], device='cuda:1') tensor([[0.0006]], device='cuda:1') tensor([[0.0005]], device='cuda:1')
Likelihood: -84.79415893554688
Likelihood: -159.54177856445312
{'index': 159.54177856445312, 'thumb_middle': 84.79415893554688}
Plan time: 19.574009431991726
Current yaw: tensor([-0.0408,  0.0069, -1.2540], device='cuda:1')
6 thumb_middle
tensor([ 0.1676,  0.7053,  0.5355,  0.5159, -0.1585,  0.5650,  0.9549,  1.1442,
         1.4866,  0.3556,  0.1785,  0.6949, -0.0408,  0.0069, -1.2540],
       device='cuda:1')
Solve time for step 1 (global step 29) 0.4215703250374645
Current ori: tensor([-0.0408,  0.0069, -1.2540], device='cuda:1')
Index force: tensor([0.5494, 0.5603, 0.5614], device='cuda:1')
Applying force: tensor([[0.8063, 0.4562, 0.0000]]) at position: (-0.017, -0.011, 0.007)
tensor([ 0.1815,  0.6513,  0.5717,  0.5566, -0.2672,  0.5234,  0.9214,  1.0518,
         1.3797,  0.3652,  0.1016,  0.8295,  0.1593,  0.0827, -1.2187],
       device='cuda:1')
Solve time for step 2 (global step 30) 5.198761557985563
Current ori: tensor([ 0.1593,  0.0827, -1.2187], device='cuda:1')
Index force: tensor([0.5872, 0.5563], device='cuda:1')
tensor([ 0.2914,  0.8563,  0.6288,  0.2811, -0.3107,  0.5314,  0.9036,  1.0062,
         1.3093,  0.3744,  0.1081,  1.1238,  0.3665,  0.1593, -1.2224],
       device='cuda:1')
Solve time for step 3 (global step 31) 6.712639398989268
Current ori: tensor([ 0.3665,  0.1593, -1.2224], device='cuda:1')
Index force: tensor([0.5281], device='cuda:1')
Applying force: tensor([[ 0.8937, -0.2509,  0.0000]]) at position: (-0.019, 0.006, 0.066)
Probably dropped the object
tensor([ 0.3719,  0.1737, -1.2814], device='cuda:1')
Likelihood: -232.3094024658203
State is out of distribution
{}

Trial 602
No action perturbation this trial
Random perturbation %: 0.33
Loaded trajectory sampler
Current yaw: tensor([0.0067, 0.0107, 2.2131], device='cuda:1')
Current yaw: tensor([0.0067, 0.0107, 2.2131], device='cuda:1')
1 turn
Likelihood: -41.562191009521484
Sampling time 4.135285541007761
tensor([ 0.1463,  0.6159,  0.5866,  0.6124, -0.1467,  0.6067,  0.8915,  0.9100,
         1.2290,  0.2825,  0.2964,  1.1696,  0.0067,  0.0107,  2.2131],
       device='cuda:1')
Solve time for step 1 (global step 0) 10.045543768035714
Current ori: tensor([0.0067, 0.0107, 2.2131], device='cuda:1')
Middle force: tensor([0.5086, 0.7106, 1.0269, 1.0870, 0.5361, 0.5350, 0.9398, 1.1800, 1.7684,
        0.7056, 0.7961, 0.6342], device='cuda:1')
Thumb force: tensor([0.7554, 0.9769, 0.5604, 1.1321, 1.1800, 1.7297, 2.2675, 1.2403, 1.7208,
        1.3236, 1.0274, 1.8043], device='cuda:1')
Index force: tensor([0.7606, 0.5544, 0.9743, 0.6041, 0.8786, 1.4652, 0.7369, 0.5323, 0.5703,
        0.5024, 0.7967, 1.2112], device='cuda:1')
tensor([ 1.3150e-01,  6.3947e-01,  5.4677e-01,  5.9760e-01, -1.5726e-01,
         6.1174e-01,  8.6848e-01,  9.1947e-01,  1.2651e+00,  2.6398e-01,
         2.9514e-01,  1.1192e+00, -1.2181e-03,  1.8011e-02,  2.1737e+00],
       device='cuda:1')
Likelihood: -55.70808029174805
Solve time for step 2 (global step 1) 9.511008072004188
Current ori: tensor([-1.2181e-03,  1.8011e-02,  2.1737e+00], device='cuda:1')
Middle force: tensor([0.7085, 1.0121, 1.0634, 0.5298, 0.5264, 0.9139, 1.1455, 1.7128, 0.6926,
        0.7818, 0.6230], device='cuda:1')
Thumb force: tensor([0.9531, 0.5570, 1.0977, 1.1358, 1.6745, 2.1938, 1.1882, 1.6470, 1.2814,
        0.9985, 1.7443], device='cuda:1')
Index force: tensor([0.5534, 0.9458, 0.6000, 0.8669, 1.4417, 0.7198, 0.5284, 0.5657, 0.5016,
        0.7816, 1.1830], device='cuda:1')
tensor([ 0.1312,  0.6548,  0.5283,  0.5907, -0.1608,  0.5911,  0.8916,  0.9596,
         1.3202,  0.2244,  0.2543,  1.0989, -0.0023,  0.0164,  2.0942],
       device='cuda:1')
Likelihood: -67.5319595336914
Solve time for step 3 (global step 2) 8.99009544600267
Current ori: tensor([-0.0023,  0.0164,  2.0942], device='cuda:1')
Middle force: tensor([0.5064, 0.5059, 0.7800, 0.6371, 0.7697, 0.8078, 1.4664, 0.8349, 0.5195,
        0.9629], device='cuda:1')
Thumb force: tensor([0.7066, 0.9681, 0.5862, 0.8249, 0.7504, 1.9856, 0.7202, 0.8769, 1.1333,
        0.9338], device='cuda:1')
Index force: tensor([0.7049, 0.9523, 0.6206, 0.6820, 1.0544, 0.5190, 0.8806, 0.5488, 0.5088,
        0.5258], device='cuda:1')
Applying force: tensor([[0.9641, 0.4478, 0.0000]]) at position: (-0.019, -0.007, 0.017)
tensor([ 0.1277,  0.6467,  0.5504,  0.5632, -0.1696,  0.5881,  0.8930,  0.9871,
         1.3016,  0.2923,  0.2666,  1.0542, -0.0036,  0.0180,  2.0773],
       device='cuda:1')
Likelihood: -74.0614013671875
Solve time for step 4 (global step 3) 8.521610193012748
Current ori: tensor([-0.0036,  0.0180,  2.0773], device='cuda:1')
Middle force: tensor([1.0608, 0.5226, 0.5145, 0.8747, 1.0871, 1.6174, 0.6790, 0.7635, 0.6061],
       device='cuda:1')
Thumb force: tensor([1.0489, 1.0685, 1.6011, 2.0705, 1.1001, 1.5168, 1.2050, 0.9420, 1.6434],
       device='cuda:1')
Index force: tensor([0.6037, 0.8427, 1.3934, 0.6837, 0.5233, 0.5584, 0.5008, 0.7519, 1.1152],
       device='cuda:1')
tensor([ 0.1334,  0.6751,  0.5241,  0.5490, -0.1606,  0.5538,  0.9344,  1.0285,
         1.3350,  0.2498,  0.2524,  0.9998, -0.0057,  0.0110,  1.9483],
       device='cuda:1')
Likelihood: -95.10550689697266
Solve time for step 5 (global step 4) 7.79087631800212
Current ori: tensor([-0.0057,  0.0110,  1.9483], device='cuda:1')
Middle force: tensor([0.5210, 0.5119, 0.8699, 1.0646, 1.5752, 0.6741, 0.7553, 0.5998],
       device='cuda:1')
Thumb force: tensor([1.0309, 1.5561, 2.0067, 1.0656, 1.4643, 1.1725, 0.9149, 1.5946],
       device='cuda:1')
Index force: tensor([0.8388, 1.3822, 0.6745, 0.5218, 0.5569, 0.5006, 0.7423, 1.0899],
       device='cuda:1')
tensor([ 0.1311,  0.6922,  0.5075,  0.5297, -0.1615,  0.5473,  0.9433,  1.0384,
         1.3475,  0.2577,  0.2419,  0.9756, -0.0115,  0.0116,  1.9029],
       device='cuda:1')
Likelihood: -109.92303466796875
Solve time for step 6 (global step 5) 7.539560575038195
Current ori: tensor([-0.0115,  0.0116,  1.9029], device='cuda:1')
Middle force: tensor([0.5099, 0.8646, 1.0436, 1.5351, 0.6712, 0.7462, 0.5948],
       device='cuda:1')
Thumb force: tensor([1.5207, 1.9499, 1.0318, 1.4145, 1.1402, 0.8939, 1.5481],
       device='cuda:1')
Index force: tensor([1.3601, 0.6650, 0.5209, 0.5562, 0.5004, 0.7317, 1.0647],
       device='cuda:1')
Applying force: tensor([[0.3046, 0.9299, 0.0000]]) at position: (-0.007, -0.019, 0.083)
tensor([ 0.1436,  0.7294,  0.4839,  0.4980, -0.1664,  0.5681,  0.9657,  1.0474,
         1.3668,  0.2333,  0.2275,  0.9379, -0.0213,  0.0027,  1.8210],
       device='cuda:1')
Likelihood: -148.57012939453125
Solve time for step 7 (global step 6) 7.2197020129533485
Current ori: tensor([-0.0213,  0.0027,  1.8210], device='cuda:1')
Middle force: tensor([0.8590, 1.0269, 1.4956, 0.6699, 0.7394, 0.5890], device='cuda:1')
Thumb force: tensor([1.8875, 0.9929, 1.3502, 1.1008, 0.8640, 1.4945], device='cuda:1')
Index force: tensor([0.6572, 0.5178, 0.5527, 0.5003, 0.7182, 1.0400], device='cuda:1')
Applying force: tensor([[-1.0213, -0.2160,  0.0000]]) at position: (0.020, 0.003, 0.080)
tensor([ 0.1457,  0.7346,  0.4784,  0.4947, -0.1756,  0.5478,  0.9819,  1.0720,
         1.3851,  0.2198,  0.2542,  0.8840, -0.0180,  0.0110,  1.7516],
       device='cuda:1')
Likelihood: -166.6840362548828
Solve time for step 8 (global step 7) 6.643929119978566
Current ori: tensor([-0.0180,  0.0110,  1.7516], device='cuda:1')
Middle force: tensor([0.8452, 0.5013, 0.8348, 1.4788, 0.7100], device='cuda:1')
Thumb force: tensor([0.8860, 1.3228, 1.4054, 0.9242, 0.6193], device='cuda:1')
Index force: tensor([0.8749, 0.5010, 0.5414, 0.8527, 0.7097], device='cuda:1')
Applying force: tensor([[-1.0961,  0.0532,  0.0000]]) at position: (0.020, -0.002, 0.034)
tensor([ 0.1571,  0.7506,  0.4769,  0.4747, -0.1664,  0.5310,  1.0124,  1.1019,
         1.4024,  0.2426,  0.2566,  0.8326, -0.0036,  0.0023,  1.7293],
       device='cuda:1')
Likelihood: -201.35447692871094
State is out of distribution
Final likelihood: tensor([-3.1632, -3.2892, -3.6922, -4.0647, -4.1110, -4.1920, -4.8714, -5.4334,
        -5.4603, -6.6974, -6.8084, -6.9231, -7.1127, -7.1817, -9.2658, -9.7483],
       device='cuda:1', grad_fn=<IndexBackward0>)
Final likelihood: tensor([-3.1632, -3.2892, -3.6922, -4.0647, -4.1110, -4.1920, -4.8714, -5.4334,
        -5.4603, -6.6974, -6.8084, -6.9231, -7.1127, -7.1817, -9.2658, -9.7483],
       device='cuda:1', grad_fn=<IndexBackward0>)
1 mode projection succeeded
New goal: tensor([ 1.6612e-01,  6.1346e-01,  5.7899e-01,  6.0974e-01, -1.2471e-01,
         5.5631e-01,  9.0185e-01,  9.3815e-01,  1.2926e+00,  2.6213e-01,
         1.7259e-01,  1.1832e+00, -2.9642e-03, -8.0709e-04,  1.7291e+00],
       device='cuda:1')
tensor([[0.0006]], device='cuda:1') tensor([[0.0002]], device='cuda:1') tensor([[0.0006]], device='cuda:1')
Likelihood: -99.9646224975586
Likelihood: -161.4188232421875
{'index': 161.4188232421875, 'thumb_middle': 99.9646224975586}
Plan time: 24.129154547059443
Current yaw: tensor([-0.0037,  0.0021,  1.7291], device='cuda:1')
2 thumb_middle
tensor([ 0.1569,  0.7506,  0.4767,  0.4746, -0.1661,  0.5312,  1.0124,  1.1019,
         1.4023,  0.2425,  0.2563,  0.8324, -0.0037,  0.0021,  1.7291],
       device='cuda:1')
Solve time for step 1 (global step 8) 0.4236388489953242
Current ori: tensor([-0.0037,  0.0021,  1.7291], device='cuda:1')
Index force: tensor([0.5559, 0.5663, 0.5542], device='cuda:1')
Applying force: tensor([[0.7347, 0.3001, 0.0000]]) at position: (-0.019, -0.006, 0.054)
tensor([ 0.1652,  0.7434,  0.4884,  0.4993, -0.2483,  0.4908,  0.9475,  1.0247,
         1.3365,  0.2376,  0.1638,  0.9180, -0.0099, -0.0111,  1.7189],
       device='cuda:1')
Solve time for step 2 (global step 9) 6.511496866995003
Current ori: tensor([-0.0099, -0.0111,  1.7189], device='cuda:1')
Index force: tensor([0.5570, 0.5478], device='cuda:1')
tensor([ 1.4834e-01,  6.9580e-01,  5.2332e-01,  5.2258e-01, -2.5853e-01,
         5.1536e-01,  8.9745e-01,  1.0018e+00,  1.2854e+00,  2.4534e-01,
         1.3381e-01,  1.0181e+00,  7.5381e-04,  2.2547e-03,  1.7189e+00],
       device='cuda:1')
Solve time for step 3 (global step 10) 5.435587780957576
Current ori: tensor([7.5381e-04, 2.2547e-03, 1.7189e+00], device='cuda:1')
Index force: tensor([0.5435], device='cuda:1')
Current yaw: tensor([1.0421e-02, 1.0799e-03, 1.7284e+00], device='cuda:1')
3 turn
Likelihood: -85.9605712890625
Sampling time 3.878317409020383
tensor([ 1.5444e-01,  6.6623e-01,  5.4775e-01,  5.6786e-01, -1.4506e-01,
         5.5766e-01,  9.5077e-01,  9.8416e-01,  1.3294e+00,  2.6444e-01,
         1.8389e-01,  1.1374e+00,  1.0421e-02,  1.0799e-03,  1.7284e+00],
       device='cuda:1')
Solve time for step 1 (global step 11) 10.15683228499256
Current ori: tensor([1.0421e-02, 1.0799e-03, 1.7284e+00], device='cuda:1')
Middle force: tensor([0.8235, 0.6075, 0.8761, 0.8497, 0.5491, 1.3151, 1.1672, 0.5084, 0.7467,
        0.8883, 1.7062, 0.9674], device='cuda:1')
Thumb force: tensor([0.5516, 1.1796, 0.7618, 1.1502, 0.9553, 1.9170, 0.6049, 0.5494, 0.7210,
        0.7455, 0.8392, 1.4116], device='cuda:1')
Index force: tensor([0.6977, 0.6196, 0.7909, 0.5289, 1.0651, 1.2754, 0.7460, 0.5495, 0.9048,
        0.7086, 0.6990, 0.5278], device='cuda:1')
tensor([ 0.1388,  0.6795,  0.5224,  0.5478, -0.1546,  0.5527,  0.9452,  0.9956,
         1.3446,  0.2658,  0.1923,  1.0951,  0.0065,  0.0081,  1.6871],
       device='cuda:1')
Likelihood: -88.97071075439453
Solve time for step 2 (global step 12) 9.514404898043722
Current ori: tensor([0.0065, 0.0081, 1.6871], device='cuda:1')
Middle force: tensor([1.7824, 1.4438, 0.5067, 0.7480, 1.1879, 1.9094, 0.6762, 0.6032, 0.8083,
        0.5270, 0.9836], device='cuda:1')
Thumb force: tensor([2.1010, 0.5096, 0.5242, 1.3131, 1.3144, 1.4593, 1.2044, 0.6516, 0.6518,
        0.5216, 0.7929], device='cuda:1')
Index force: tensor([1.0762, 0.5888, 0.5651, 0.8458, 1.3135, 0.6184, 0.5442, 0.5480, 0.8434,
        0.5044, 0.8639], device='cuda:1')
tensor([ 0.1330,  0.7023,  0.5151,  0.4882, -0.1577,  0.5578,  0.9253,  1.0295,
         1.3678,  0.2564,  0.1978,  1.0275, -0.0027,  0.0103,  1.6030],
       device='cuda:1')
Likelihood: -111.45844268798828
Solve time for step 3 (global step 13) 8.561591459030751
Current ori: tensor([-0.0027,  0.0103,  1.6030], device='cuda:1')
Middle force: tensor([1.4138, 0.5062, 0.7321, 1.1592, 1.8606, 0.6613, 0.5942, 0.7871, 0.5232,
        0.9505], device='cuda:1')
Thumb force: tensor([0.5085, 0.5205, 1.3000, 1.2839, 1.4037, 1.1782, 0.6354, 0.6424, 0.5176,
        0.7888], device='cuda:1')
Index force: tensor([0.5841, 0.5550, 0.8223, 1.2802, 0.6101, 0.5396, 0.5430, 0.8269, 0.5033,
        0.8409], device='cuda:1')
tensor([ 0.1444,  0.7174,  0.5130,  0.4768, -0.1350,  0.5472,  0.9327,  1.0810,
         1.3811,  0.2505,  0.1922,  0.9757, -0.0060, -0.0018,  1.5063],
       device='cuda:1')
Likelihood: -152.75193786621094
Solve time for step 4 (global step 14) 8.023120972968172
Current ori: tensor([-0.0060, -0.0018,  1.5063], device='cuda:1')
Middle force: tensor([0.5058, 0.7226, 1.1598, 1.8142, 0.6494, 0.5871, 0.7712, 0.5200, 0.9315],
       device='cuda:1')
Thumb force: tensor([0.5182, 1.2820, 1.2325, 1.3565, 1.1523, 0.6205, 0.6302, 0.5139, 0.7658],
       device='cuda:1')
Index force: tensor([0.5459, 0.8053, 1.2487, 0.6035, 0.5357, 0.5386, 0.8115, 0.5024, 0.8251],
       device='cuda:1')
Applying force: tensor([[-0.3309,  0.9544,  0.0000]]) at position: (0.007, -0.019, 0.056)
tensor([ 0.1538,  0.7239,  0.5308,  0.4322, -0.1414,  0.5671,  0.9443,  1.0959,
         1.3866,  0.2560,  0.2051,  0.9158, -0.0107, -0.0077,  1.4046],
       device='cuda:1')
Likelihood: -179.8866424560547
State is out of distribution
Final likelihood: tensor([ -3.5835,  -4.6691,  -4.8748,  -5.1195,  -5.2320,  -5.2540,  -5.3048,
         -5.3618,  -5.4514,  -5.6043,  -5.7549,  -5.9716,  -6.6338,  -6.7102,
         -7.4998, -12.0143], device='cuda:1', grad_fn=<IndexBackward0>)
Final likelihood: tensor([ -3.5835,  -4.6691,  -4.8748,  -5.1195,  -5.2320,  -5.2540,  -5.3048,
         -5.3618,  -5.4514,  -5.6043,  -5.7549,  -5.9716,  -6.6338,  -6.7102,
         -7.4998, -12.0143], device='cuda:1', grad_fn=<IndexBackward0>)
1 mode projection succeeded
New goal: tensor([ 0.1399,  0.6385,  0.5501,  0.5416, -0.1534,  0.5729,  0.9007,  0.9268,
         1.2482,  0.2232,  0.2607,  1.2005,  0.0080,  0.0081,  1.4041],
       device='cuda:1')
tensor([[0.0006]], device='cuda:1') tensor([[0.0002]], device='cuda:1') tensor([[0.0007]], device='cuda:1')
Likelihood: -90.2254638671875
Likelihood: -136.13304138183594
{'index': 136.13304138183594, 'thumb_middle': 90.2254638671875}
Plan time: 19.649489519943018
Current yaw: tensor([-0.0109, -0.0076,  1.4041], device='cuda:1')
4 thumb_middle
tensor([ 0.1535,  0.7236,  0.5307,  0.4321, -0.1415,  0.5671,  0.9444,  1.0961,
         1.3874,  0.2563,  0.2051,  0.9156, -0.0109, -0.0076,  1.4041],
       device='cuda:1')
Solve time for step 1 (global step 15) 0.3872938129934482
Current ori: tensor([-0.0109, -0.0076,  1.4041], device='cuda:1')
Index force: tensor([0.5596, 0.5703, 0.5355], device='cuda:1')
tensor([ 0.1378,  0.7047,  0.5319,  0.4597, -0.2334,  0.5330,  0.8922,  1.0096,
         1.3023,  0.2000,  0.1633,  0.9844, -0.0052,  0.0024,  1.4041],
       device='cuda:1')
Solve time for step 2 (global step 16) 5.183703891991172
Current ori: tensor([-0.0052,  0.0024,  1.4041], device='cuda:1')
Index force: tensor([0.5618, 0.5298], device='cuda:1')
tensor([ 0.1390,  0.6787,  0.5442,  0.5094, -0.2605,  0.5402,  0.8805,  0.9649,
         1.2509,  0.2318,  0.1502,  1.0788,  0.0031,  0.0043,  1.4041],
       device='cuda:1')
Solve time for step 3 (global step 17) 4.897737346997019
Current ori: tensor([0.0031, 0.0043, 1.4041], device='cuda:1')
Index force: tensor([0.5222], device='cuda:1')
Current yaw: tensor([0.0048, 0.0029, 1.4122], device='cuda:1')
5 turn
Likelihood: -101.49357604980469
Sampling time 4.075710779987276
tensor([ 0.1418,  0.6729,  0.5548,  0.5103, -0.1625,  0.6069,  0.9219,  0.9557,
         1.2965,  0.2211,  0.2495,  1.1304,  0.0048,  0.0029,  1.4122],
       device='cuda:1')
Solve time for step 1 (global step 18) 11.220371450006496
Current ori: tensor([0.0048, 0.0029, 1.4122], device='cuda:1')
Middle force: tensor([0.9435, 1.4228, 0.7178, 0.6218, 0.6935, 1.1108, 0.7007, 1.1111, 0.8859,
        1.3630, 0.6075, 1.8195], device='cuda:1')
Thumb force: tensor([0.7855, 0.7663, 1.2558, 0.9889, 1.4568, 0.7734, 0.5955, 1.6151, 1.1940,
        1.6004, 0.8318, 1.0792], device='cuda:1')
Index force: tensor([1.2974, 0.8856, 0.8784, 1.1359, 0.8504, 0.5276, 0.5888, 0.5052, 0.7794,
        0.7280, 0.6344, 0.5156], device='cuda:1')
tensor([ 0.1178,  0.7209,  0.4775,  0.4751, -0.1754,  0.5840,  0.9390,  0.9641,
         1.2724,  0.2835,  0.3110,  1.0167, -0.0064,  0.0125,  1.3361],
       device='cuda:1')
Likelihood: -115.771240234375
Solve time for step 2 (global step 19) 10.674574812001083
Current ori: tensor([-0.0064,  0.0125,  1.3361], device='cuda:1')
Middle force: tensor([1.4577, 0.7327, 0.6184, 0.6978, 1.1038, 0.6886, 1.0959, 0.8773, 1.3277,
        0.5963, 1.7729], device='cuda:1')
Thumb force: tensor([0.7798, 1.2311, 0.9737, 1.4059, 0.7645, 0.5882, 1.5639, 1.1534, 1.5513,
        0.8069, 1.0490], device='cuda:1')
Index force: tensor([0.8700, 0.8615, 1.0972, 0.8260, 0.5245, 0.5814, 0.5043, 0.7639, 0.7135,
        0.6224, 0.5132], device='cuda:1')
tensor([ 0.1244,  0.7327,  0.4655,  0.4773, -0.1663,  0.5513,  0.9720,  1.0279,
         1.2736,  0.2988,  0.3253,  0.9440, -0.0088,  0.0064,  1.2002],
       device='cuda:1')
Likelihood: -150.43466186523438
Solve time for step 3 (global step 20) 9.793553683033679
Current ori: tensor([-0.0088,  0.0064,  1.2002], device='cuda:1')
Middle force: tensor([0.9095, 0.8103, 0.7524, 0.6634, 1.1753, 0.5172, 0.5741, 0.9784, 1.3237,
        0.8878], device='cuda:1')
Thumb force: tensor([0.7307, 1.1570, 0.5117, 0.6365, 0.8436, 0.9589, 0.8960, 0.7863, 0.5788,
        1.7170], device='cuda:1')
Index force: tensor([0.7623, 0.5218, 0.6002, 0.8979, 0.7549, 0.5025, 1.0613, 0.6074, 0.5096,
        0.7538], device='cuda:1')
Applying force: tensor([[-0.6488,  0.8872,  0.0000]]) at position: (0.011, -0.016, 0.026)
tensor([ 0.1264,  0.7165,  0.4927,  0.4798, -0.1664,  0.5531,  0.9700,  1.0252,
         1.3164,  0.2304,  0.2831,  0.9922, -0.0059,  0.0055,  1.2267],
       device='cuda:1')
Likelihood: -153.95703125
Solve time for step 4 (global step 21) 9.345862591988407
Current ori: tensor([-0.0059,  0.0055,  1.2267], device='cuda:1')
Middle force: tensor([0.7997, 0.7476, 0.6550, 1.1527, 0.5154, 0.5676, 0.9594, 1.3027, 0.8600],
       device='cuda:1')
Thumb force: tensor([1.1301, 0.5093, 0.6271, 0.8169, 0.9297, 0.8782, 0.7632, 0.5696, 1.6904],
       device='cuda:1')
Index force: tensor([0.5197, 0.5925, 0.8819, 0.7425, 0.5021, 1.0398, 0.6018, 0.5079, 0.7371],
       device='cuda:1')
tensor([ 0.1278,  0.6947,  0.5176,  0.4949, -0.1684,  0.5424,  0.9801,  1.0398,
         1.3368,  0.2218,  0.2531,  1.0184, -0.0020,  0.0066,  1.2051],
       device='cuda:1')
Likelihood: -133.55126953125
Solve time for step 5 (global step 22) 8.573499088000972
Current ori: tensor([-0.0020,  0.0066,  1.2051], device='cuda:1')
Middle force: tensor([0.7419, 0.6510, 1.1300, 0.5139, 0.5634, 0.9411, 1.2827, 0.8314],
       device='cuda:1')
Thumb force: tensor([0.5077, 0.6164, 0.7957, 0.9029, 0.8608, 0.7433, 0.5609, 1.6693],
       device='cuda:1')
Index force: tensor([0.5856, 0.8665, 0.7306, 0.5017, 1.0158, 0.5968, 0.5064, 0.7192],
       device='cuda:1')
tensor([ 0.1322,  0.6886,  0.5145,  0.5263, -0.1664,  0.5318,  0.9928,  1.0571,
         1.3362,  0.2376,  0.2527,  0.9998,  0.0020,  0.0050,  1.1643],
       device='cuda:1')
Likelihood: -155.99478149414062
Solve time for step 6 (global step 23) 7.656166902976111
Current ori: tensor([0.0020, 0.0050, 1.1643], device='cuda:1')
Middle force: tensor([0.6456, 1.1116, 0.5127, 0.5584, 0.9257, 1.2615, 0.8083],
       device='cuda:1')
Thumb force: tensor([0.6089, 0.7786, 0.8775, 0.8456, 0.7244, 0.5538, 1.6449],
       device='cuda:1')
Index force: tensor([0.8518, 0.7203, 0.5014, 0.9963, 0.5922, 0.5052, 0.7040],
       device='cuda:1')
tensor([ 1.2268e-01,  6.9653e-01,  4.9889e-01,  5.1517e-01, -1.7018e-01,
         5.2279e-01,  1.0005e+00,  1.0669e+00,  1.3494e+00,  2.4595e-01,
         2.5140e-01,  9.7313e-01, -2.5290e-04,  9.3374e-03,  1.1054e+00],
       device='cuda:1')
Likelihood: -145.54425048828125
Solve time for step 7 (global step 24) 7.19727815099759
Current ori: tensor([-2.5290e-04,  9.3374e-03,  1.1054e+00], device='cuda:1')
Middle force: tensor([1.0958, 0.5117, 0.5553, 0.9094, 1.2399, 0.7884], device='cuda:1')
Thumb force: tensor([0.7678, 0.8577, 0.8293, 0.7093, 0.5473, 1.6190], device='cuda:1')
Index force: tensor([0.7078, 0.5011, 0.9741, 0.5876, 0.5043, 0.6897], device='cuda:1')
tensor([ 1.3159e-01,  6.9894e-01,  5.0312e-01,  5.1911e-01, -1.6186e-01,
         5.1248e-01,  1.0219e+00,  1.0899e+00,  1.3568e+00,  2.4806e-01,
         2.5759e-01,  9.2732e-01, -3.2518e-04,  4.5713e-03,  1.0168e+00],
       device='cuda:1')
Likelihood: -180.45953369140625
State is out of distribution
Final likelihood: tensor([ -3.6411,  -4.3194,  -4.6352,  -4.6452,  -4.6470,  -4.7647,  -4.8504,
         -5.4537,  -5.6112,  -5.9866,  -6.0136,  -6.4344,  -7.1344,  -7.8469,
         -7.8611, -10.0951], device='cuda:1', grad_fn=<IndexBackward0>)
Final likelihood: tensor([ -3.6411,  -4.3194,  -4.6352,  -4.6452,  -4.6470,  -4.7647,  -4.8504,
         -5.4537,  -5.6112,  -5.9866,  -6.0136,  -6.4344,  -7.1344,  -7.8469,
         -7.8611, -10.0951], device='cuda:1', grad_fn=<IndexBackward0>)
1 mode projection succeeded
New goal: tensor([ 0.1596,  0.6032,  0.5849,  0.6104, -0.1572,  0.5871,  0.9128,  0.8593,
         1.1923,  0.3300,  0.2923,  1.1583, -0.0066,  0.0121,  1.0165],
       device='cuda:1')
tensor([[0.0009]], device='cuda:1') tensor([[0.0003]], device='cuda:1') tensor([[0.0006]], device='cuda:1')
Likelihood: -91.20903778076172
Likelihood: -118.5224838256836
{'index': 118.5224838256836, 'thumb_middle': 91.20903778076172}
Plan time: 19.61920757300686
Current yaw: tensor([-4.5572e-04,  4.3878e-03,  1.0165e+00], device='cuda:1')
6 thumb_middle
tensor([ 1.3135e-01,  6.9879e-01,  5.0306e-01,  5.1911e-01, -1.6186e-01,
         5.1286e-01,  1.0222e+00,  1.0900e+00,  1.3568e+00,  2.4794e-01,
         2.5734e-01,  9.2708e-01, -4.5572e-04,  4.3878e-03,  1.0165e+00],
       device='cuda:1')
Solve time for step 1 (global step 25) 0.43451430700952187
Current ori: tensor([-4.5572e-04,  4.3878e-03,  1.0165e+00], device='cuda:1')
Index force: tensor([0.5728, 0.5614, 0.5507], device='cuda:1')
tensor([ 1.3100e-01,  6.9647e-01,  5.1373e-01,  5.0414e-01, -2.4749e-01,
         4.9539e-01,  9.5976e-01,  9.9432e-01,  1.2537e+00,  2.6641e-01,
         1.9603e-01,  1.0041e+00, -1.0417e-03,  4.5301e-03,  1.0165e+00],
       device='cuda:1')
Solve time for step 2 (global step 26) 7.079767423972953
Current ori: tensor([-0.0010,  0.0045,  1.0165], device='cuda:1')
Index force: tensor([0.5534, 0.5444], device='cuda:1')
tensor([ 0.1292,  0.7097,  0.4960,  0.4989, -0.2636,  0.5212,  0.9302,  0.9285,
         1.2060,  0.2776,  0.2008,  1.0417, -0.0041,  0.0047,  1.0165],
       device='cuda:1')
Solve time for step 3 (global step 27) 5.540966787957586
Current ori: tensor([-0.0041,  0.0047,  1.0165], device='cuda:1')
Index force: tensor([0.5329], device='cuda:1')
Applying force: tensor([[0.9069, 0.5542, 0.0000]]) at position: (-0.017, -0.011, 0.068)
Probably dropped the object
tensor([-1.0591,  0.0050,  1.0195], device='cuda:1')
Likelihood: -286.53765869140625
State is out of distribution
{}

Trial 603
No action perturbation this trial
Random perturbation %: 0.33
Loaded trajectory sampler
Current yaw: tensor([0.0024, 0.0039, 1.5762], device='cuda:1')
Current yaw: tensor([0.0024, 0.0039, 1.5762], device='cuda:1')
1 turn
Likelihood: -89.68378448486328
Sampling time 4.023167589970399
tensor([ 0.1357,  0.6174,  0.6057,  0.5504, -0.0694,  0.5429,  0.8713,  0.8655,
         1.2126,  0.2796,  0.2922,  1.2556,  0.0024,  0.0039,  1.5762],
       device='cuda:1')
Solve time for step 1 (global step 0) 9.373607532994356
Current ori: tensor([0.0024, 0.0039, 1.5762], device='cuda:1')
Middle force: tensor([0.9949, 0.8717, 0.6678, 1.1534, 1.9715, 0.7173, 0.9403, 0.9202, 1.1658,
        0.5061, 0.9597, 0.7176], device='cuda:1')
Thumb force: tensor([1.3080, 0.5178, 1.8706, 1.2840, 2.0289, 0.6984, 1.6751, 0.5034, 1.8767,
        1.4460, 0.6134, 0.5082], device='cuda:1')
Index force: tensor([0.7691, 0.8922, 0.7427, 0.5030, 0.6380, 0.6054, 0.7616, 0.5845, 0.5408,
        0.5974, 0.8500, 0.5126], device='cuda:1')
tensor([ 0.1187,  0.6406,  0.5748,  0.5158, -0.0814,  0.5189,  0.8731,  0.9322,
         1.2221,  0.2900,  0.3168,  1.1565, -0.0109,  0.0152,  1.4443],
       device='cuda:1')
Likelihood: -61.32170867919922
Solve time for step 2 (global step 1) 8.67181030800566
Current ori: tensor([-0.0109,  0.0152,  1.4443], device='cuda:1')
Middle force: tensor([3.2844, 0.7653, 1.9178, 0.7834, 0.8042, 1.6319, 0.9484, 0.8258, 1.0172,
        0.8784, 1.3196], device='cuda:1')
Thumb force: tensor([3.4299, 0.9861, 1.4656, 0.9795, 0.8893, 1.0713, 2.1276, 1.6650, 0.5127,
        1.2142, 1.1922], device='cuda:1')
Index force: tensor([0.6225, 1.2653, 0.7321, 0.5313, 0.6137, 0.5001, 0.5877, 0.8322, 0.6191,
        1.0287, 0.7501], device='cuda:1')
tensor([ 0.1062,  0.6280,  0.5566,  0.5623, -0.0936,  0.6012,  0.8063,  0.8218,
         1.2329,  0.2768,  0.3137,  1.2521, -0.0199,  0.0225,  1.6305],
       device='cuda:1')
Likelihood: -79.86785125732422
Solve time for step 3 (global step 2) 8.38652782398276
Current ori: tensor([-0.0199,  0.0225,  1.6305], device='cuda:1')
Middle force: tensor([0.7607, 1.8767, 0.7699, 0.7908, 1.5960, 0.9270, 0.8007, 0.9963, 0.8539,
        1.2880], device='cuda:1')
Thumb force: tensor([0.9637, 1.4410, 0.9631, 0.8699, 1.0393, 2.0636, 1.6316, 0.5108, 1.2032,
        1.1717], device='cuda:1')
Index force: tensor([1.2386, 0.7158, 0.5287, 0.6080, 0.5000, 0.5821, 0.8176, 0.6135, 1.0030,
        0.7364], device='cuda:1')
Applying force: tensor([[1.0099, 0.2309, 0.0000]]) at position: (-0.020, -0.004, 0.057)
tensor([ 0.0908,  0.6361,  0.5297,  0.5646, -0.0984,  0.6144,  0.8177,  0.8635,
         1.2546,  0.2571,  0.2711,  1.2510, -0.0417,  0.0124,  1.6749],
       device='cuda:1')
Likelihood: -80.66049194335938
Solve time for step 4 (global step 3) 7.8450066989753395
Current ori: tensor([-0.0417,  0.0124,  1.6749], device='cuda:1')
Middle force: tensor([1.8480, 0.7647, 0.7826, 1.5645, 0.9252, 0.7861, 0.9773, 0.8298, 1.2608],
       device='cuda:1')
Thumb force: tensor([1.4102, 0.9487, 0.8498, 1.0045, 1.9886, 1.5859, 0.5087, 1.1921, 1.1504],
       device='cuda:1')
Index force: tensor([0.7004, 0.5264, 0.6028, 0.5000, 0.5771, 0.8049, 0.6086, 0.9784, 0.7259],
       device='cuda:1')
tensor([ 0.0915,  0.6162,  0.5488,  0.5823, -0.1020,  0.5677,  0.8613,  0.9147,
         1.2549,  0.2604,  0.2743,  1.2312, -0.0350,  0.0137,  1.5870],
       device='cuda:1')
Likelihood: -82.58755493164062
Solve time for step 5 (global step 4) 7.29775885300478
Current ori: tensor([-0.0350,  0.0137,  1.5870], device='cuda:1')
Middle force: tensor([0.7656, 0.7808, 1.5238, 0.9160, 0.7619, 0.9560, 0.8065, 1.2356],
       device='cuda:1')
Thumb force: tensor([0.9299, 0.8296, 0.9792, 1.9248, 1.5447, 0.5068, 1.1800, 1.1259],
       device='cuda:1')
Index force: tensor([0.5248, 0.5986, 0.5000, 0.5704, 0.7947, 0.6047, 0.9552, 0.7177],
       device='cuda:1')
tensor([ 0.0908,  0.6217,  0.5441,  0.5751, -0.1044,  0.5430,  0.8833,  0.9476,
         1.2662,  0.2513,  0.2699,  1.1997, -0.0376,  0.0156,  1.5201],
       device='cuda:1')
Likelihood: -93.27259826660156
Solve time for step 6 (global step 5) 9.350600899022538
Current ori: tensor([-0.0376,  0.0156,  1.5201], device='cuda:1')
Middle force: tensor([0.7829, 1.4888, 0.9096, 0.7410, 0.9373, 0.7824, 1.2119],
       device='cuda:1')
Thumb force: tensor([0.8118, 0.9601, 1.8679, 1.5059, 0.5052, 1.1710, 1.1023],
       device='cuda:1')
Index force: tensor([0.5975, 0.5000, 0.5649, 0.7820, 0.6010, 0.9328, 0.7101],
       device='cuda:1')
tensor([ 0.0933,  0.6380,  0.5327,  0.5582, -0.0952,  0.5203,  0.9098,  0.9772,
         1.2742,  0.2489,  0.2634,  1.1482, -0.0424,  0.0131,  1.4114],
       device='cuda:1')
Likelihood: -96.54366302490234
Solve time for step 7 (global step 6) 8.986129423952661
Current ori: tensor([-0.0424,  0.0131,  1.4114], device='cuda:1')
Middle force: tensor([1.4553, 0.9079, 0.7282, 0.9212, 0.7674, 1.1897], device='cuda:1')
Thumb force: tensor([0.9431, 1.8149, 1.4654, 0.5041, 1.1523, 1.0797], device='cuda:1')
Index force: tensor([0.5000, 0.5609, 0.7694, 0.5983, 0.9152, 0.7036], device='cuda:1')
tensor([ 0.1011,  0.6431,  0.5335,  0.5583, -0.0783,  0.4979,  0.9381,  1.0152,
         1.2884,  0.2349,  0.2541,  1.1056, -0.0435,  0.0079,  1.2855],
       device='cuda:1')
Likelihood: -122.0163345336914
Solve time for step 8 (global step 7) 8.464630239992402
Current ori: tensor([-0.0435,  0.0079,  1.2855], device='cuda:1')
Middle force: tensor([0.7558, 1.2295, 1.0704, 0.5142, 0.6131], device='cuda:1')
Thumb force: tensor([1.1176, 1.7083, 0.6343, 0.5072, 0.7474], device='cuda:1')
Index force: tensor([0.8896, 0.5001, 0.7135, 0.5248, 0.6750], device='cuda:1')
Applying force: tensor([[0.1914, 1.1380, 0.0000]]) at position: (-0.003, -0.020, 0.030)
tensor([ 0.0985,  0.6779,  0.4962,  0.5114, -0.0792,  0.5033,  0.9258,  1.0502,
         1.3194,  0.2216,  0.2685,  1.0039, -0.0556,  0.0113,  1.1731],
       device='cuda:1')
Likelihood: -143.42393493652344
Solve time for step 9 (global step 8) 8.07184942800086
Current ori: tensor([-0.0556,  0.0113,  1.1731], device='cuda:1')
Middle force: tensor([1.2057, 1.0619, 0.5124, 0.6103], device='cuda:1')
Thumb force: tensor([1.6444, 0.6243, 0.5052, 0.7283], device='cuda:1')
Index force: tensor([0.5000, 0.7009, 0.5219, 0.6652], device='cuda:1')
tensor([ 0.0914,  0.6949,  0.4697,  0.4858, -0.0789,  0.4933,  0.9230,  1.0856,
         1.3472,  0.1974,  0.2894,  0.9219, -0.0605,  0.0178,  1.0601],
       device='cuda:1')
Likelihood: -160.85916137695312
Solve time for step 10 (global step 9) 6.605697128979955
Current ori: tensor([-0.0605,  0.0178,  1.0601], device='cuda:1')
Middle force: tensor([1.0525, 0.5109, 0.6070], device='cuda:1')
Thumb force: tensor([0.6238, 0.5034, 0.7108], device='cuda:1')
Index force: tensor([0.6798, 0.5194, 0.6562], device='cuda:1')
tensor([ 0.1036,  0.6980,  0.4749,  0.4955, -0.0635,  0.4860,  0.9334,  1.1133,
         1.3385,  0.2120,  0.2948,  0.8854, -0.0610,  0.0089,  0.9697],
       device='cuda:1')
Likelihood: -184.40936279296875
State is out of distribution
Final likelihood: tensor([ -2.7693,  -2.9498,  -3.5202,  -3.9784,  -4.2449,  -4.6225,  -4.8353,
         -5.6296,  -5.6804,  -6.2638,  -6.8791,  -6.9443,  -7.0709,  -7.6804,
         -9.5477, -13.2781], device='cuda:1', grad_fn=<IndexBackward0>)
Final likelihood: tensor([ -2.7693,  -2.9498,  -3.5202,  -3.9784,  -4.2449,  -4.6225,  -4.8353,
         -5.6296,  -5.6804,  -6.2638,  -6.8791,  -6.9443,  -7.0709,  -7.6804,
         -9.5477, -13.2781], device='cuda:1', grad_fn=<IndexBackward0>)
1 mode projection succeeded
New goal: tensor([ 0.1265,  0.6259,  0.5383,  0.5769, -0.1089,  0.5572,  0.8987,  0.8196,
         1.1948,  0.3548,  0.2665,  1.1641, -0.0110,  0.0133,  0.9695],
       device='cuda:1')
tensor([[0.0002]], device='cuda:1') tensor([[0.0005]], device='cuda:1') tensor([[0.0008]], device='cuda:1')
Likelihood: -78.75674438476562
Likelihood: -168.79483032226562
{'index': 168.79483032226562, 'thumb_middle': 78.75674438476562}
Plan time: 19.37121803802438
Current yaw: tensor([-0.0611,  0.0088,  0.9695], device='cuda:1')
2 thumb_middle
tensor([ 0.1034,  0.6977,  0.4750,  0.4957, -0.0633,  0.4861,  0.9333,  1.1133,
         1.3385,  0.2118,  0.2945,  0.8852, -0.0611,  0.0088,  0.9695],
       device='cuda:1')
Solve time for step 1 (global step 10) 0.4231232500169426
Current ori: tensor([-0.0611,  0.0088,  0.9695], device='cuda:1')
Index force: tensor([0.5570, 0.5436, 0.5636], device='cuda:1')
tensor([ 0.1118,  0.6725,  0.5122,  0.5326, -0.1510,  0.4838,  0.8789,  0.9674,
         1.2394,  0.2319,  0.2277,  0.9698, -0.0528,  0.0024,  0.9696],
       device='cuda:1')
Solve time for step 2 (global step 11) 5.120949154021218
Current ori: tensor([-0.0528,  0.0024,  0.9696], device='cuda:1')
Index force: tensor([0.5372, 0.5559], device='cuda:1')
Applying force: tensor([[-0.3844,  0.8518,  0.0000]]) at position: (0.008, -0.019, 0.018)
tensor([ 0.1306,  0.6451,  0.5529,  0.5766, -0.1882,  0.5108,  0.8560,  0.8989,
         1.2107,  0.2511,  0.2013,  1.0262, -0.0428, -0.0124,  0.9625],
       device='cuda:1')
Solve time for step 3 (global step 12) 6.708334902999923
Current ori: tensor([-0.0428, -0.0124,  0.9625], device='cuda:1')
Index force: tensor([0.5476], device='cuda:1')
Applying force: tensor([[0.5877, 0.2751, 0.0000]]) at position: (-0.018, -0.009, 0.078)
Current yaw: tensor([-0.0532,  0.0021,  0.9720], device='cuda:1')
3 turn
Likelihood: -105.01006317138672
Sampling time 4.218946076987777
tensor([ 0.1063,  0.6781,  0.4924,  0.5453, -0.1004,  0.6251,  0.8644,  0.8112,
         1.2694,  0.3099,  0.2574,  1.0360, -0.0532,  0.0021,  0.9720],
       device='cuda:1')
Solve time for step 1 (global step 13) 9.79137453000294
Current ori: tensor([-0.0532,  0.0021,  0.9720], device='cuda:1')
Middle force: tensor([1.2636, 0.8065, 0.9308, 2.0837, 0.5898, 0.8492, 0.6813, 0.8375, 0.6915,
        0.7429, 0.5749, 1.0099], device='cuda:1')
Thumb force: tensor([1.0184, 1.2708, 0.6512, 1.2811, 1.0883, 1.4365, 2.0846, 0.5969, 0.7062,
        1.0217, 0.9646, 0.8895], device='cuda:1')
Index force: tensor([0.9921, 0.5830, 0.5732, 0.6953, 0.8579, 1.2434, 0.6856, 0.5632, 0.5204,
        0.9127, 1.0962, 0.9749], device='cuda:1')
tensor([ 0.1004,  0.6672,  0.5122,  0.5195, -0.1066,  0.6342,  0.8073,  0.8964,
         1.2923,  0.3206,  0.2675,  0.9634, -0.0529,  0.0063,  0.9252],
       device='cuda:1')
Likelihood: -107.56999206542969
Solve time for step 2 (global step 14) 9.277284683019388
Current ori: tensor([-0.0529,  0.0063,  0.9252], device='cuda:1')
Middle force: tensor([0.6391, 1.6319, 0.7803, 0.6284, 1.6164, 1.5707, 1.4960, 1.5627, 1.0530,
        0.8266, 0.5487], device='cuda:1')
Thumb force: tensor([0.5395, 1.4502, 1.4675, 1.7008, 1.8556, 1.8939, 1.2689, 1.2635, 1.0145,
        0.8944, 1.4385], device='cuda:1')
Index force: tensor([0.5609, 0.9775, 0.7966, 0.7666, 0.6401, 0.7781, 0.5852, 0.8160, 0.5532,
        0.5110, 0.6887], device='cuda:1')
tensor([ 0.0884,  0.6815,  0.4778,  0.5138, -0.1179,  0.6262,  0.7981,  0.9230,
         1.3779,  0.2224,  0.2341,  0.9090, -0.0563,  0.0150,  0.8696],
       device='cuda:1')
Likelihood: -118.40071105957031
Solve time for step 3 (global step 15) 8.8883724110201
Current ori: tensor([-0.0563,  0.0150,  0.8696], device='cuda:1')
Middle force: tensor([0.5495, 1.4813, 0.7720, 1.0965, 0.7907, 0.6667, 1.2084, 0.8614, 1.1285,
        0.5422], device='cuda:1')
Thumb force: tensor([0.8671, 0.9862, 1.3596, 2.4466, 1.2005, 0.8389, 0.6210, 1.1943, 1.2734,
        0.5593], device='cuda:1')
Index force: tensor([0.7998, 0.7886, 0.9869, 0.6902, 0.6109, 0.6755, 0.7024, 0.6362, 0.7219,
        0.5340], device='cuda:1')
Applying force: tensor([[0.8756, 0.0516, 0.0000]]) at position: (-0.020, -0.003, 0.011)
tensor([ 0.0807,  0.6482,  0.5036,  0.5599, -0.1246,  0.6166,  0.8043,  0.9308,
         1.3686,  0.2686,  0.2281,  0.9244, -0.0538,  0.0194,  0.8589],
       device='cuda:1')
Likelihood: -117.65505981445312
Solve time for step 4 (global step 16) 7.925265074998606
Current ori: tensor([-0.0538,  0.0194,  0.8589], device='cuda:1')
Middle force: tensor([1.4751, 0.7690, 1.0749, 0.7807, 0.6593, 1.1811, 0.8426, 1.0946, 0.5361],
       device='cuda:1')
Thumb force: tensor([0.9660, 1.3286, 2.3701, 1.1672, 0.8203, 0.6071, 1.1685, 1.2547, 0.5565],
       device='cuda:1')
Index force: tensor([0.7893, 0.9631, 0.6790, 0.6039, 0.6702, 0.6972, 0.6271, 0.7082, 0.5307],
       device='cuda:1')
tensor([ 0.0937,  0.6402,  0.5097,  0.5973, -0.1104,  0.5766,  0.8490,  1.0043,
         1.3604,  0.2902,  0.2678,  0.8245, -0.0488,  0.0103,  0.7164],
       device='cuda:1')
Likelihood: -113.57776641845703
Solve time for step 5 (global step 17) 7.62773891503457
Current ori: tensor([-0.0488,  0.0103,  0.7164], device='cuda:1')
Middle force: tensor([0.7853, 1.0630, 0.7887, 0.6622, 1.1684, 0.8460, 1.0739, 0.5370],
       device='cuda:1')
Thumb force: tensor([1.2813, 2.2937, 1.1202, 0.7934, 0.5916, 1.1249, 1.2198, 0.5448],
       device='cuda:1')
Index force: tensor([0.9391, 0.6745, 0.5984, 0.6654, 0.6923, 0.6210, 0.7022, 0.5289],
       device='cuda:1')
tensor([ 0.0971,  0.6404,  0.5081,  0.6064, -0.1126,  0.5703,  0.8644,  1.0148,
         1.3872,  0.2480,  0.2682,  0.7898, -0.0483,  0.0098,  0.6856],
       device='cuda:1')
Likelihood: -116.22319030761719
Solve time for step 6 (global step 18) 7.322667182015721
Current ori: tensor([-0.0483,  0.0098,  0.6856], device='cuda:1')
Middle force: tensor([1.0555, 0.7867, 0.6602, 1.1513, 0.8331, 1.0494, 0.5339],
       device='cuda:1')
Thumb force: tensor([2.2216, 1.0884, 0.7728, 0.5806, 1.0977, 1.1910, 0.5391],
       device='cuda:1')
Index force: tensor([0.6661, 0.5920, 0.6604, 0.6865, 0.6138, 0.6943, 0.5269],
       device='cuda:1')
tensor([ 0.1053,  0.6339,  0.5172,  0.6230, -0.1051,  0.5538,  0.8844,  1.0491,
         1.3950,  0.2382,  0.2856,  0.7437, -0.0447,  0.0052,  0.6038],
       device='cuda:1')
Likelihood: -136.51107788085938
