Importing module 'gym_38' (/home/abhinav/Documents/isaacgym/python/isaacgym/_bindings/linux-x86_64/gym_38.so)
Setting GYM_USD_PLUG_INFO_PATH to /home/abhinav/Documents/isaacgym/python/isaacgym/_bindings/linux-x86_64/usd/plugInfo.json
PyTorch version 2.4.1+cu121
Device count 2
/home/abhinav/Documents/isaacgym/python/isaacgym/_bindings/src/gymtorch
ninja: no work to do.
No ROS install found, continuing
CCAI_PATH /home/abhinav/Documents/ccai
robot pose [ 0.02  -0.35   0.376] [0, 0, 0.7071068, 0.7071068]
Not connected to PVD
Physics Engine: PhysX
Physics Device: cpu
GPU Pipeline: disabled
Using VHACD cache directory '/home/abhinav/.isaacgym/vhacd'
Found existing convex decomposition for mesh '/home/abhinav/Documents/github/isaacgym-arm-envs/isaac_victor_envs/assets/xela_models/mesh/allegro/base_ns.stl'
Found existing convex decomposition for mesh '/home/abhinav/Documents/github/isaacgym-arm-envs/isaac_victor_envs/assets/xela_models/mesh/allegro/link_1.0.stl'
Found existing convex decomposition for mesh '/home/abhinav/Documents/github/isaacgym-arm-envs/isaac_victor_envs/assets/xela_models/mesh/ft_c.stl'

Trial 1
Current yaw: tensor([-0.0059], device='cuda:0')
Current yaw: tensor([-0.0062], device='cuda:0')
1 turn
tensor([ 0.2539,  0.5932,  0.7217,  0.8838, -0.0520,  0.2803,  0.9782,  0.8116,
         1.3264,  0.0160,  0.3907,  0.3141, -0.0062], device='cuda:0')
Solve time for step 1 (global step 0) 10.694091868004762
Current ori: tensor(-0.0062, device='cuda:0')
Middle force: tensor([2.3873, 2.9760, 1.3415, 0.9190, 1.7898, 1.1694], device='cuda:0')
Thumb force: tensor([1.1669, 1.5570, 2.3070, 1.7097, 3.1220, 0.8181], device='cuda:0')
Index force: tensor([1.5515, 2.0988, 3.7931, 2.9302, 1.6803, 1.8917], device='cuda:0')
tensor([ 0.2637,  0.6524,  0.6549,  1.0015, -0.0032,  0.3501,  0.8783,  0.9212,
         1.3990,  0.0627,  0.1551,  0.6626, -0.1100], device='cuda:0')
Solve time for step 2 (global step 1) 5.093458027928136
Current ori: tensor(-0.1100, device='cuda:0')
Middle force: tensor([2.1221, 1.9966, 1.0820, 1.2299, 1.5120], device='cuda:0')
Thumb force: tensor([0.8627, 0.1455, 0.5412, 0.1378, 0.8153], device='cuda:0')
Index force: tensor([1.4437, 2.0278, 2.8745, 1.7307, 0.4378], device='cuda:0')
tensor([ 0.3106,  0.7330,  0.7818,  0.9218,  0.1046,  0.3732,  0.8290,  0.9231,
         1.5000,  0.1075,  0.0531,  0.7552, -0.3633], device='cuda:0')
Solve time for step 3 (global step 2) 4.5703871611040086
Current ori: tensor(-0.3633, device='cuda:0')
Middle force: tensor([1.8593, 1.1779, 1.1540, 1.4606], device='cuda:0')
Thumb force: tensor([0.2080, 0.2142, 0.0675, 0.8194], device='cuda:0')
Index force: tensor([1.9325, 2.6108, 1.6670, 0.4917], device='cuda:0')
tensor([ 0.2505,  0.8635,  0.8118,  0.8257,  0.2133,  0.4041,  0.9007,  0.7211,
         1.5000,  0.3873,  0.1178,  0.7244, -0.6609], device='cuda:0')
Solve time for step 4 (global step 3) 5.2774979380192235
Current ori: tensor(-0.6609, device='cuda:0')
Middle force: tensor([1.1778, 1.1457, 1.4159], device='cuda:0')
Thumb force: tensor([0.2006, 0.1257, 0.9643], device='cuda:0')
Index force: tensor([2.5425, 1.6444, 0.3621], device='cuda:0')
tensor([ 0.2516,  0.8941,  0.7813,  0.8108,  0.2579,  0.4250,  0.8664,  0.5463,
         1.5000,  0.1827,  0.0564,  0.6850, -0.6710], device='cuda:0')
Solve time for step 5 (global step 4) 4.957068199990317
Current ori: tensor(-0.6710, device='cuda:0')
Middle force: tensor([1.0973, 1.3883], device='cuda:0')
Thumb force: tensor([0.2352, 0.9055], device='cuda:0')
Index force: tensor([1.5856, 0.4257], device='cuda:0')
tensor([ 0.2472,  0.8617,  0.8008,  0.8750,  0.2570,  0.4552,  0.8453,  0.5206,
         1.4632,  0.3525,  0.1926,  0.6326, -0.6762], device='cuda:0')
Solve time for step 6 (global step 5) 4.344032156979665
Current ori: tensor(-0.6762, device='cuda:0')
Middle force: tensor([1.3304], device='cuda:0')
Thumb force: tensor([0.9615], device='cuda:0')
Index force: tensor([0.4042], device='cuda:0')
Current yaw: tensor([-0.6774], device='cuda:0')
2 turn
tensor([ 0.2529,  0.9015,  0.7407,  0.8649,  0.2575,  0.4475,  0.8712,  0.4904,
         1.4819,  0.3674,  0.2764,  0.6289, -0.6774], device='cuda:0')
Solve time for step 1 (global step 6) 11.464231463964097
Current ori: tensor(-0.6774, device='cuda:0')
Middle force: tensor([1.2401, 2.3206, 2.8864, 1.2735, 1.1927, 2.7167], device='cuda:0')
Thumb force: tensor([1.8395, 1.5459, 0.3423, 1.4365, 1.1158, 1.0577], device='cuda:0')
Index force: tensor([2.1153, 1.0301, 2.2658, 1.1465, 2.0208, 2.3567], device='cuda:0')
tensor([ 0.2817,  0.8706,  0.9424,  0.6233,  0.2618,  0.4596,  0.8388,  0.5138,
         1.4929,  0.4872,  0.2556,  0.6147, -0.6835], device='cuda:0')
Solve time for step 2 (global step 7) 5.324087211047299
Current ori: tensor(-0.6835, device='cuda:0')
Middle force: tensor([2.3112, 2.9894, 1.2520, 1.1233, 2.6940], device='cuda:0')
Thumb force: tensor([1.3968, 0.3743, 1.2108, 1.1921, 0.9616], device='cuda:0')
Index force: tensor([0.9995, 2.2174, 1.1120, 1.8816, 2.3023], device='cuda:0')
tensor([ 0.2333,  0.9005,  1.1692,  0.3922,  0.3527,  0.5708,  0.7340,  0.5380,
         1.5000,  0.2166,  0.3339,  0.3885, -0.9473], device='cuda:0')
Solve time for step 3 (global step 8) 5.048598499968648
Current ori: tensor(-0.9473, device='cuda:0')
Middle force: tensor([2.9396, 0.8495, 1.0054, 2.5606], device='cuda:0')
Thumb force: tensor([0.4188, 1.3218, 1.3593, 1.0017], device='cuda:0')
Index force: tensor([2.1485, 1.2720, 1.7258, 2.2178], device='cuda:0')
tensor([ 0.2358,  0.9067,  1.1484,  0.4838,  0.3840,  0.5246,  0.8346,  0.4470,
         1.5000,  0.4918,  0.4708,  0.3653, -0.9717], device='cuda:0')
Reached goal yaw
Solve time for step 4 (global step 9) 4.678403588011861
Current ori: tensor(-0.9717, device='cuda:0')
Middle force: tensor([1.0107, 0.9613, 2.3854], device='cuda:0')
Thumb force: tensor([1.1247, 1.3852, 0.9471], device='cuda:0')
Index force: tensor([1.1933, 1.6324, 2.0558], device='cuda:0')
tensor([ 0.2087,  0.9629,  1.1775,  0.4015,  0.4147,  0.5603,  0.8287,  0.4352,
         1.4160,  0.7532,  0.7765, -0.0025, -1.0826], device='cuda:0')
Reached goal yaw
Solve time for step 5 (global step 10) 4.429118971922435
Current ori: tensor(-1.0826, device='cuda:0')
Middle force: tensor([1.2975, 2.3046], device='cuda:0')
Thumb force: tensor([1.2177, 0.9033], device='cuda:0')
Index force: tensor([1.4996, 1.9652], device='cuda:0')
tensor([ 0.1986,  1.0200,  1.1598,  0.4756,  0.4451,  0.6013,  0.8157,  0.3961,
         1.4411,  0.7767,  0.8773, -0.1620, -1.1681], device='cuda:0')
Reached goal yaw
Solve time for step 6 (global step 11) 4.2384863529587165
Current ori: tensor(-1.1681, device='cuda:0')
Middle force: tensor([2.4102], device='cuda:0')
Thumb force: tensor([1.0139], device='cuda:0')
Index force: tensor([1.9180], device='cuda:0')
Reached goal yaw
Average turn amount: -1.294116497039795 over 1 trials
{}

Trial 2
Current yaw: tensor([0.4047], device='cuda:0')
Current yaw: tensor([0.4045], device='cuda:0')
1 turn
tensor([ 0.3035,  0.6085,  0.6705,  0.7323, -0.0513,  0.2147,  0.8564,  0.7575,
         1.3073,  0.0424,  0.3188,  0.3766,  0.4045], device='cuda:0')
Solve time for step 1 (global step 0) 11.58663656108547
Current ori: tensor(0.4045, device='cuda:0')
Middle force: tensor([1.0885, 1.1130, 0.9174, 2.5062, 1.3704, 1.0627], device='cuda:0')
Thumb force: tensor([2.0738, 0.7795, 1.4756, 0.1950, 2.2051, 0.9070], device='cuda:0')
Index force: tensor([1.1581, 1.4487, 1.9716, 1.8495, 5.3291, 1.2391], device='cuda:0')
tensor([ 0.3500,  0.6899,  0.6792,  0.7460, -0.0118,  0.2363,  0.8089,  0.7453,
         1.3242,  0.0702,  0.2469,  0.5087,  0.4045], device='cuda:0')
Solve time for step 2 (global step 1) 5.398922448977828
Current ori: tensor(0.4045, device='cuda:0')
Middle force: tensor([1.1088, 3.1389, 1.1736, 1.1432, 1.4340], device='cuda:0')
Thumb force: tensor([1.9564, 1.1511, 0.1020, 1.7410, 0.2463], device='cuda:0')
Index force: tensor([3.2852, 1.7558, 1.1890, 2.9168, 1.1678], device='cuda:0')
tensor([ 0.3535,  0.6843,  0.7080,  0.7110, -0.0117,  0.2394,  0.8012,  0.7527,
         1.3094,  0.1204,  0.1820,  0.5211,  0.4043], device='cuda:0')
Solve time for step 3 (global step 2) 5.046251985011622
Current ori: tensor(0.4043, device='cuda:0')
Middle force: tensor([3.0441, 1.1600, 1.1331, 1.3595], device='cuda:0')
Thumb force: tensor([1.0594, 0.0726, 1.6997, 0.1065], device='cuda:0')
Index force: tensor([1.7398, 1.1834, 2.8205, 1.1988], device='cuda:0')
tensor([ 0.3535,  0.6840,  0.7082,  0.7107, -0.0169,  0.2538,  0.7869,  0.7326,
         1.2565,  0.4224,  0.2070,  0.3952,  0.4042], device='cuda:0')
Solve time for step 4 (global step 3) 5.0246183349518105
Current ori: tensor(0.4042, device='cuda:0')
Middle force: tensor([1.1333, 1.1770, 1.2824], device='cuda:0')
Thumb force: tensor([0.1177, 1.6303, 0.0741], device='cuda:0')
Index force: tensor([1.1697, 2.6929, 1.1784], device='cuda:0')
tensor([0.3572, 0.6818, 0.7286, 0.7135, 0.0017, 0.2182, 0.8111, 0.7924, 1.2567,
        0.3010, 0.3088, 0.3675, 0.4042], device='cuda:0')
Solve time for step 5 (global step 4) 4.522591160959564
Current ori: tensor(0.4042, device='cuda:0')
Middle force: tensor([1.1024, 1.2894], device='cuda:0')
Thumb force: tensor([1.6036, 0.0129], device='cuda:0')
Index force: tensor([2.6100, 1.1766], device='cuda:0')
tensor([ 0.3566,  0.6936,  0.7029,  0.7385, -0.0182,  0.2347,  0.8058,  0.7630,
         1.3108, -0.0112,  0.2260,  0.3491,  0.4040], device='cuda:0')
Solve time for step 6 (global step 5) 4.349660273990594
Current ori: tensor(0.4040, device='cuda:0')
Middle force: tensor([1.2522], device='cuda:0')
Thumb force: tensor([0.0640], device='cuda:0')
Index force: tensor([1.1563], device='cuda:0')
Failed to turn past .15 rad
Average turn amount: -0.44504065811634064 over 2 trials
{}

Trial 3
Current yaw: tensor([0.1757], device='cuda:0')
Current yaw: tensor([0.1541], device='cuda:0')
1 turn
tensor([ 0.3046,  0.5923,  0.7182,  0.7588, -0.0718,  0.1805,  0.9347,  0.7143,
         1.2739,  0.1051,  0.3591,  0.3699,  0.1541], device='cuda:0')
Solve time for step 1 (global step 0) 11.763388671097346
Current ori: tensor(0.1541, device='cuda:0')
Middle force: tensor([1.1781, 2.3201, 1.9150, 1.2500, 0.9229, 2.5600], device='cuda:0')
Thumb force: tensor([1.0231, 0.9529, 1.1924, 1.0528, 0.5199, 0.8876], device='cuda:0')
Index force: tensor([2.0482, 1.3276, 2.2892, 1.9832, 1.4230, 1.8645], device='cuda:0')
tensor([0.2324, 0.5793, 0.7445, 0.6705, 0.0291, 0.1453, 0.9392, 0.7147, 1.2534,
        0.1358, 0.2351, 0.4993, 0.1468], device='cuda:0')
Solve time for step 2 (global step 1) 5.36216584010981
Current ori: tensor(0.1468, device='cuda:0')
Middle force: tensor([2.2109, 1.8387, 1.2122, 0.9471, 2.0978], device='cuda:0')
Thumb force: tensor([0.8443, 0.8631, 0.8159, 0.3959, 0.7886], device='cuda:0')
Index force: tensor([1.1949, 2.0766, 1.7952, 1.2634, 1.0213], device='cuda:0')
tensor([0.2581, 0.6319, 0.7714, 0.6032, 0.1468, 0.1872, 0.8365, 0.7623, 1.3066,
        0.4304, 0.0498, 0.7352, 0.0444], device='cuda:0')
Solve time for step 3 (global step 2) 5.178289250005037
Current ori: tensor(0.0444, device='cuda:0')
Middle force: tensor([2.0299, 1.3152, 0.9476, 1.8611], device='cuda:0')
Thumb force: tensor([0.4836, 0.5103, 0.4391, 0.8038], device='cuda:0')
Index force: tensor([1.8741, 1.8795, 1.2377, 0.6875], device='cuda:0')
tensor([0.3091, 0.6517, 0.7852, 0.5814, 0.2658, 0.1933, 0.8598, 0.7123, 1.2745,
        0.4710, 0.0300, 0.9537, 0.0416], device='cuda:0')
Solve time for step 4 (global step 3) 4.93262561399024
Current ori: tensor(0.0416, device='cuda:0')
Middle force: tensor([1.4812, 0.9270, 1.6021], device='cuda:0')
Thumb force: tensor([0.1195, 0.5365, 0.5773], device='cuda:0')
Index force: tensor([2.0005, 1.2809, 0.8365], device='cuda:0')
tensor([0.3901, 0.7129, 0.8364, 0.5881, 0.3243, 0.2604, 0.7693, 0.7080, 1.2448,
        0.7294, 0.0642, 1.0099, 0.0247], device='cuda:0')
Solve time for step 5 (global step 4) 4.44428869697731
Current ori: tensor(0.0247, device='cuda:0')
Middle force: tensor([0.8497, 1.4512], device='cuda:0')
Thumb force: tensor([0.7436, 0.0398], device='cuda:0')
Index force: tensor([1.2877, 1.0013], device='cuda:0')
tensor([ 0.3927,  0.7214,  0.8476,  0.5518,  0.4079,  0.1995,  0.8220,  0.7585,
         1.3299,  0.5442, -0.0882,  1.0999,  0.0238], device='cuda:0')
Solve time for step 6 (global step 5) 4.349289622041397
Current ori: tensor(0.0238, device='cuda:0')
Middle force: tensor([1.3749], device='cuda:0')
Thumb force: tensor([0.1331], device='cuda:0')
Index force: tensor([1.0062], device='cuda:0')
Failed to turn past .15 rad
Average turn amount: -0.28877027581135434 over 3 trials
{}

Trial 4
Current yaw: tensor([-0.7785], device='cuda:0')
Current yaw: tensor([-0.7783], device='cuda:0')
1 turn
tensor([ 0.2999,  0.5792,  0.6850,  0.7478, -0.0244,  0.2515,  0.8457,  0.8159,
         1.2799,  0.0484,  0.3519,  0.3323, -0.7783], device='cuda:0')
Solve time for step 1 (global step 0) 12.358950288966298
Current ori: tensor(-0.7783, device='cuda:0')
Middle force: tensor([1.2711, 1.4100, 0.9359, 0.7935, 1.9250, 1.9771], device='cuda:0')
Thumb force: tensor([0.4012, 0.5815, 0.9795, 1.0084, 0.3438, 1.7049], device='cuda:0')
Index force: tensor([1.6315, 1.9378, 4.2043, 2.1175, 1.2158, 1.6853], device='cuda:0')
tensor([ 0.2152,  0.5033,  0.6605,  0.7338, -0.1011,  0.2239,  0.8658,  0.8083,
         1.1631,  0.3466,  0.3909,  0.3412, -0.7522], device='cuda:0')
Solve time for step 2 (global step 1) 5.294440213008784
Current ori: tensor(-0.7522, device='cuda:0')
Middle force: tensor([1.0348, 0.9763, 0.8167, 1.7994, 1.9608], device='cuda:0')
Thumb force: tensor([0.5045, 1.0122, 0.9383, 0.7062, 1.5393], device='cuda:0')
Index force: tensor([1.7445, 4.1152, 2.0242, 1.1112, 1.7326], device='cuda:0')
tensor([ 0.2127,  0.4999,  0.6862,  0.6868, -0.1277,  0.2383,  0.6692,  0.7819,
         1.0061,  0.6416,  0.4577,  0.3054, -0.7522], device='cuda:0')
Solve time for step 3 (global step 2) 5.3761143980082124
Current ori: tensor(-0.7522, device='cuda:0')
Middle force: tensor([0.9258, 0.8367, 1.7172, 1.8797], device='cuda:0')
Thumb force: tensor([0.9862, 0.8900, 0.7634, 1.4571], device='cuda:0')
Index force: tensor([3.9207, 1.9508, 1.1190, 1.6791], device='cuda:0')
tensor([ 0.2116,  0.4874,  0.7304,  0.6282, -0.1140,  0.3393,  0.7183,  0.8111,
         1.1090,  0.3821,  0.3683,  0.3291, -0.7521], device='cuda:0')
Solve time for step 4 (global step 3) 5.054730943986215
Current ori: tensor(-0.7521, device='cuda:0')
Middle force: tensor([0.8257, 1.6677, 1.8269], device='cuda:0')
Thumb force: tensor([0.9206, 0.7788, 1.4276], device='cuda:0')
Index force: tensor([1.9026, 1.1412, 1.5656], device='cuda:0')
tensor([ 0.1950,  0.4575,  0.7551,  0.6194, -0.0888,  0.3364,  0.7672,  0.7225,
         1.0945,  0.3209,  0.4539,  0.3207, -0.7521], device='cuda:0')
Solve time for step 5 (global step 4) 4.497250698972493
Current ori: tensor(-0.7521, device='cuda:0')
Middle force: tensor([1.6018, 1.7366], device='cuda:0')
Thumb force: tensor([0.7962, 1.3817], device='cuda:0')
Index force: tensor([1.0775, 1.5010], device='cuda:0')
tensor([ 0.2616,  0.4865,  0.6865,  0.6228, -0.0969,  0.2995,  0.7997,  0.7511,
         1.0689,  0.3030,  0.5177,  0.2411, -0.7499], device='cuda:0')
Solve time for step 6 (global step 5) 4.275384287000634
Current ori: tensor(-0.7499, device='cuda:0')
Middle force: tensor([1.7245], device='cuda:0')
Thumb force: tensor([1.2729], device='cuda:0')
Index force: tensor([1.4506], device='cuda:0')
Failed to turn past .15 rad
Average turn amount: -0.40405350737273693 over 4 trials
{}

Trial 5
Current yaw: tensor([0.0937], device='cuda:0')
Current yaw: tensor([0.0919], device='cuda:0')
1 turn
tensor([ 0.3769,  0.6448,  0.7345,  0.8375, -0.1009,  0.2441,  0.9805,  0.7440,
         1.2908,  0.0850,  0.3944,  0.3168,  0.0919], device='cuda:0')
Solve time for step 1 (global step 0) 12.163971313042566
Current ori: tensor(0.0919, device='cuda:0')
Middle force: tensor([0.7087, 1.1610, 1.0893, 1.7690, 1.7850, 0.9197], device='cuda:0')
Thumb force: tensor([1.2276, 1.5155, 2.0698, 0.9909, 2.5617, 1.6403], device='cuda:0')
Index force: tensor([3.4433, 0.6606, 2.8702, 1.2522, 2.5675, 2.1075], device='cuda:0')
tensor([ 0.3919,  0.6987,  0.7019,  0.8864, -0.0627,  0.2483,  0.9649,  0.7440,
         1.2465,  0.1932,  0.2938,  0.5086,  0.0257], device='cuda:0')
Solve time for step 2 (global step 1) 5.5199541239999235
Current ori: tensor(0.0257, device='cuda:0')
Middle force: tensor([2.9345, 1.1005, 2.0832, 1.0227, 1.1624], device='cuda:0')
Thumb force: tensor([2.7266, 1.1671, 0.8911, 1.1630, 0.5530], device='cuda:0')
Index force: tensor([0.8200, 1.7830, 0.3734, 0.9014, 1.8963], device='cuda:0')
tensor([ 0.4308,  0.7990,  0.7571,  0.8839, -0.0019,  0.2252,  1.0030,  0.7058,
         1.1762,  0.2950,  0.2079,  0.6616, -0.0795], device='cuda:0')
Solve time for step 3 (global step 2) 5.319251358974725
Current ori: tensor(-0.0795, device='cuda:0')
Middle force: tensor([0.9512, 2.1665, 0.8861, 1.0182], device='cuda:0')
Thumb force: tensor([1.1534, 0.7358, 1.0762, 0.5582], device='cuda:0')
Index force: tensor([1.8602, 0.3013, 1.0226, 1.7591], device='cuda:0')
tensor([ 0.4375,  0.9633,  0.7948,  0.8184,  0.1457,  0.3160,  0.9082,  0.6665,
         1.2833,  0.4764,  0.1410,  1.0291, -0.3789], device='cuda:0')
Solve time for step 4 (global step 3) 5.249723154003732
Current ori: tensor(-0.3789, device='cuda:0')
Middle force: tensor([2.2998, 0.6753, 1.0669], device='cuda:0')
Thumb force: tensor([0.3379, 1.0168, 0.4177], device='cuda:0')
Index force: tensor([0.7048, 1.1273, 1.5788], device='cuda:0')
tensor([ 0.3677,  1.2138,  0.9527,  0.4905,  0.3021,  0.3054,  0.9492,  0.6239,
         1.4176,  0.5380,  0.2550,  0.8678, -0.8464], device='cuda:0')
Solve time for step 5 (global step 4) 4.747509521082975
Current ori: tensor(-0.8464, device='cuda:0')
Middle force: tensor([0.7068, 0.9049], device='cuda:0')
Thumb force: tensor([0.8503, 0.5438], device='cuda:0')
Index force: tensor([1.2624, 1.5113], device='cuda:0')
tensor([ 0.2430,  1.4759,  0.7837,  0.4281,  0.4675,  0.3251,  0.9242,  0.5992,
         1.5000,  0.2907,  0.3550,  0.6502, -1.1810], device='cuda:0')
Reached goal yaw
Solve time for step 6 (global step 5) 4.582265199045651
Current ori: tensor(-1.1810, device='cuda:0')
Middle force: tensor([0.8985], device='cuda:0')
Thumb force: tensor([0.5279], device='cuda:0')
Index force: tensor([1.5072], device='cuda:0')
Reached goal yaw
Average turn amount: -0.5673565849661827 over 5 trials
{}

Trial 6
Current yaw: tensor([0.5188], device='cuda:0')
Current yaw: tensor([0.5187], device='cuda:0')
1 turn
tensor([ 0.3319,  0.5149,  0.7814,  0.8696, -0.0313,  0.2075,  0.8973,  0.7209,
         1.2817,  0.0482,  0.3753,  0.2874,  0.5187], device='cuda:0')
Solve time for step 1 (global step 0) 12.5793849399779
Current ori: tensor(0.5187, device='cuda:0')
Middle force: tensor([1.8379, 1.3792, 2.2543, 3.2641, 2.2818, 2.4962], device='cuda:0')
Thumb force: tensor([0.2339, 0.8031, 1.0576, 0.8676, 2.6262, 0.9635], device='cuda:0')
Index force: tensor([3.4798, 2.9281, 0.9941, 1.5425, 2.7050, 2.1034], device='cuda:0')
tensor([ 0.3318,  0.5271,  0.7512,  0.9007,  0.0089,  0.1743,  0.8882,  0.7460,
         1.3963, -0.0222,  0.2234,  0.3799,  0.5176], device='cuda:0')
Solve time for step 2 (global step 1) 5.766338251996785
Current ori: tensor(0.5176, device='cuda:0')
Middle force: tensor([1.4649, 2.1526, 3.0918, 2.3068, 2.4890], device='cuda:0')
Thumb force: tensor([0.5997, 1.2381, 0.6571, 2.4911, 1.0125], device='cuda:0')
Index force: tensor([2.7997, 0.7402, 1.5786, 2.7036, 1.9500], device='cuda:0')
tensor([0.3865, 0.5183, 0.7901, 0.9611, 0.0795, 0.1659, 0.9020, 0.7350, 1.3324,
        0.0813, 0.2227, 0.3432, 0.5183], device='cuda:0')
Solve time for step 3 (global step 2) 5.728960513952188
Current ori: tensor(0.5183, device='cuda:0')
Middle force: tensor([1.4945, 2.3588, 2.3883, 1.3692], device='cuda:0')
Thumb force: tensor([0.1865, 0.0595, 0.0664, 0.6265], device='cuda:0')
Index force: tensor([2.2229, 0.9019, 1.5731, 1.4344], device='cuda:0')
tensor([0.3751, 0.5933, 0.6998, 1.0320, 0.2070, 0.2617, 0.9191, 0.6595, 1.2436,
        0.3530, 0.2901, 0.4698, 0.5499], device='cuda:0')
Solve time for step 4 (global step 3) 5.121120563941076
Current ori: tensor(0.5499, device='cuda:0')
Middle force: tensor([2.2755, 2.3512, 1.3581], device='cuda:0')
Thumb force: tensor([0.0215, 0.0269, 0.6049], device='cuda:0')
Index force: tensor([0.9339, 1.4978, 1.4092], device='cuda:0')
tensor([0.3750, 0.5729, 0.7496, 0.9821, 0.1919, 0.2787, 0.8902, 0.7104, 1.2559,
        0.4038, 0.2503, 0.5320, 0.5503], device='cuda:0')
Solve time for step 5 (global step 4) 4.860917845042422
Current ori: tensor(0.5503, device='cuda:0')
Middle force: tensor([2.2467, 1.3152], device='cuda:0')
Thumb force: tensor([0.0020, 0.6105], device='cuda:0')
Index force: tensor([1.4865, 1.3814], device='cuda:0')
tensor([0.4172, 0.5539, 0.7331, 0.9910, 0.1932, 0.2855, 1.0179, 0.4266, 1.2748,
        0.3826, 0.2800, 0.4580, 0.5503], device='cuda:0')
Solve time for step 6 (global step 5) 4.865682607050985
Current ori: tensor(0.5503, device='cuda:0')
Middle force: tensor([1.3045], device='cuda:0')
Thumb force: tensor([0.6170], device='cuda:0')
Index force: tensor([1.3487], device='cuda:0')
Failed to turn past .15 rad
Average turn amount: -0.38105935727556545 over 6 trials
{}

Trial 7
Current yaw: tensor([-0.1083], device='cuda:0')
Current yaw: tensor([-0.1083], device='cuda:0')
1 turn
tensor([ 0.3469,  0.6584,  0.7553,  0.8751, -0.0482,  0.3012,  0.9392,  0.7636,
         1.3436, -0.0161,  0.3900,  0.2628, -0.1083], device='cuda:0')
Solve time for step 1 (global step 0) 10.735720838070847
Current ori: tensor(-0.1083, device='cuda:0')
Middle force: tensor([3.6459, 2.0459, 1.3566, 2.0334, 1.2668, 2.0979], device='cuda:0')
Thumb force: tensor([0.2860, 1.0122, 0.8426, 0.4828, 0.3100, 1.1482], device='cuda:0')
Index force: tensor([2.1504, 0.8080, 1.3307, 1.5578, 1.9815, 1.9265], device='cuda:0')
tensor([ 0.4050,  0.7535,  0.7635,  0.9592,  0.0646,  0.4306,  0.6542,  1.0045,
         1.4571, -0.1050,  0.2210,  0.5521, -0.2519], device='cuda:0')
Solve time for step 2 (global step 1) 5.688286871998571
Current ori: tensor(-0.2519, device='cuda:0')
Middle force: tensor([1.9984, 1.1895, 1.9350, 1.2792, 2.1150], device='cuda:0')
Thumb force: tensor([0.8600, 0.7434, 0.4324, 0.4366, 1.0894], device='cuda:0')
Index force: tensor([0.9405, 1.3152, 1.4343, 1.6812, 1.5560], device='cuda:0')
tensor([ 0.4641,  0.7666,  0.7916,  0.9905,  0.0478,  0.4264,  0.8586,  0.7882,
         1.4421,  0.0511,  0.1800,  0.5028, -0.2564], device='cuda:0')
Solve time for step 3 (global step 2) 4.726720305974595
Current ori: tensor(-0.2564, device='cuda:0')
Middle force: tensor([1.1572, 1.6809, 1.2684, 1.9297], device='cuda:0')
Thumb force: tensor([0.6741, 0.5062, 0.5661, 0.8746], device='cuda:0')
Index force: tensor([1.2821, 1.3586, 1.5783, 1.3443], device='cuda:0')
tensor([ 0.4506,  0.8943,  0.8436,  0.8223,  0.0604,  0.4729,  0.8258,  0.6926,
         1.5000,  0.1090,  0.1511,  0.6065, -0.2870], device='cuda:0')
Solve time for step 4 (global step 3) 5.251344806049019
Current ori: tensor(-0.2870, device='cuda:0')
Middle force: tensor([1.6137, 1.3597, 1.6991], device='cuda:0')
Thumb force: tensor([0.5177, 0.3705, 0.8773], device='cuda:0')
Index force: tensor([1.3165, 1.3894, 1.2018], device='cuda:0')
tensor([ 0.4700,  1.0133,  0.7451,  0.9410,  0.0612,  0.4487,  0.8995,  0.6046,
         1.4884, -0.0796,  0.1629,  0.6103, -0.2878], device='cuda:0')
Solve time for step 5 (global step 4) 5.234490239061415
Current ori: tensor(-0.2878, device='cuda:0')
Middle force: tensor([1.3558, 1.6079], device='cuda:0')
Thumb force: tensor([0.4259, 0.8231], device='cuda:0')
Index force: tensor([1.4586, 1.1276], device='cuda:0')
tensor([ 0.4407,  1.1305,  0.7119,  0.9782,  0.1031,  0.4642,  0.9037,  0.5391,
         1.5000, -0.1050,  0.2000,  0.6277, -0.3993], device='cuda:0')
Solve time for step 6 (global step 5) 3.561268977005966
Current ori: tensor(-0.3993, device='cuda:0')
Middle force: tensor([1.5429], device='cuda:0')
Thumb force: tensor([0.8584], device='cuda:0')
Index force: tensor([1.1108], device='cuda:0')
Current yaw: tensor([-0.4015], device='cuda:0')
2 turn
tensor([ 4.3327e-01,  1.2144e+00,  7.9622e-01,  9.9199e-01, -1.9822e-04,
         4.3908e-01,  8.9435e-01,  5.6221e-01,  1.5000e+00, -1.0501e-01,
         2.4838e-01,  6.6102e-01, -4.0150e-01], device='cuda:0')
Solve time for step 1 (global step 6) 11.721639244933613
Current ori: tensor(-0.4015, device='cuda:0')
Middle force: tensor([2.6557, 1.9167, 3.7615, 2.2417, 1.4322, 1.1700], device='cuda:0')
Thumb force: tensor([1.4690, 0.7353, 1.9598, 1.6745, 1.1311, 0.7136], device='cuda:0')
Index force: tensor([1.2931, 1.5280, 2.5248, 1.9322, 1.2986, 1.0750], device='cuda:0')
tensor([ 0.4025,  1.3500,  0.8338,  0.8532, -0.0337,  0.4485,  0.9573,  0.4807,
         1.4851, -0.0248,  0.3043,  0.6876, -0.4016], device='cuda:0')
Solve time for step 2 (global step 7) 6.2595238810172305
Current ori: tensor(-0.4016, device='cuda:0')
Middle force: tensor([1.8695, 3.6909, 2.1613, 1.3483, 0.9826], device='cuda:0')
Thumb force: tensor([0.6487, 1.8683, 1.4986, 0.9955, 0.7373], device='cuda:0')
Index force: tensor([1.4878, 2.3300, 1.6860, 1.2167, 0.9741], device='cuda:0')
tensor([ 0.4236,  1.3422,  0.8013,  0.9119, -0.0630,  0.4699,  0.9708,  0.4402,
         1.3727,  0.0883,  0.2979,  0.7371, -0.4015], device='cuda:0')
Solve time for step 3 (global step 8) 5.704355388996191
Current ori: tensor(-0.4015, device='cuda:0')
Middle force: tensor([3.5515, 2.0815, 1.2987, 1.0004], device='cuda:0')
Thumb force: tensor([1.7450, 1.2841, 0.8496, 0.6998], device='cuda:0')
Index force: tensor([2.2492, 1.5460, 1.1284, 0.8850], device='cuda:0')
tensor([ 0.4092,  1.3301,  0.7893,  0.9798, -0.0807,  0.4950,  0.9308,  0.4320,
         1.5000, -0.1024,  0.3002,  0.6696, -0.4012], device='cuda:0')
Solve time for step 4 (global step 9) 5.477644316968508
Current ori: tensor(-0.4012, device='cuda:0')
Middle force: tensor([2.1007, 1.3321, 1.0692], device='cuda:0')
Thumb force: tensor([1.1392, 0.8374, 0.6388], device='cuda:0')
Index force: tensor([1.4835, 1.0956, 0.8236], device='cuda:0')
tensor([ 0.4206,  1.2797,  0.8060,  1.0228, -0.1358,  0.5407,  0.8735,  0.3529,
         1.3708,  0.1840,  0.3283,  0.6713, -0.4010], device='cuda:0')
Solve time for step 5 (global step 10) 5.151144969975576
Current ori: tensor(-0.4010, device='cuda:0')
Middle force: tensor([1.2863, 1.0942], device='cuda:0')
Thumb force: tensor([0.8215, 0.5793], device='cuda:0')
Index force: tensor([1.0679, 0.8045], device='cuda:0')
tensor([ 0.4204,  1.2948,  0.7886,  1.0248, -0.1302,  0.4950,  0.9648,  0.3024,
         1.3415,  0.2428,  0.3938,  0.6582, -0.4011], device='cuda:0')
Solve time for step 6 (global step 11) 4.680185058969073
Current ori: tensor(-0.4011, device='cuda:0')
Middle force: tensor([1.0688], device='cuda:0')
Thumb force: tensor([0.6377], device='cuda:0')
Index force: tensor([0.8031], device='cuda:0')
Failed to turn past .15 rad
Average turn amount: -0.3839346798402922 over 7 trials
{}

Trial 8
Current yaw: tensor([0.0549], device='cuda:0')
Current yaw: tensor([0.0537], device='cuda:0')
1 turn
tensor([ 0.3415,  0.6274,  0.7373,  0.7998, -0.0848,  0.2947,  0.9030,  0.8177,
         1.3041,  0.0601,  0.4263,  0.2853,  0.0537], device='cuda:0')
Solve time for step 1 (global step 0) 11.888457805966027
Current ori: tensor(0.0537, device='cuda:0')
Middle force: tensor([1.7844, 1.5919, 2.8625, 3.0708, 2.5075, 2.3786], device='cuda:0')
Thumb force: tensor([0.7686, 1.2943, 2.2413, 2.0467, 0.7300, 0.5521], device='cuda:0')
Index force: tensor([2.0000, 1.2088, 1.0632, 1.7336, 2.0048, 3.7700], device='cuda:0')
tensor([ 0.3127,  0.6340,  0.7475,  0.8450, -0.0199,  0.2912,  0.9200,  0.7628,
         1.2631,  0.1324,  0.2937,  0.4877, -0.0607], device='cuda:0')
Solve time for step 2 (global step 1) 5.656434060074389
Current ori: tensor(-0.0607, device='cuda:0')
Middle force: tensor([2.0898, 1.2117, 1.4453, 0.8723, 2.5979], device='cuda:0')
Thumb force: tensor([1.2474, 0.6106, 0.1571, 0.7815, 0.3962], device='cuda:0')
Index force: tensor([1.7198, 1.1955, 1.3722, 0.9244, 2.6267], device='cuda:0')
tensor([ 0.3630,  0.7116,  0.8234,  0.7764,  0.0634,  0.3391,  0.8654,  0.7559,
         1.4004,  0.2663,  0.1015,  0.7938, -0.2319], device='cuda:0')
Solve time for step 3 (global step 2) 5.462474555009976
Current ori: tensor(-0.2319, device='cuda:0')
Middle force: tensor([1.2364, 1.4390, 0.8919, 2.3341], device='cuda:0')
Thumb force: tensor([0.4485, 0.0638, 0.8178, 0.6033], device='cuda:0')
Index force: tensor([1.2275, 1.4663, 0.7822, 2.2843], device='cuda:0')
tensor([ 0.4190,  0.9487,  0.9358,  0.7094,  0.2629,  0.3714,  0.7419,  0.7420,
         1.4821,  0.4648,  0.1270,  0.7820, -0.5456], device='cuda:0')
Solve time for step 4 (global step 3) 5.528776908991858
Current ori: tensor(-0.5456, device='cuda:0')
Middle force: tensor([1.6393, 0.8620, 2.1926], device='cuda:0')
Thumb force: tensor([0.0523, 0.7995, 0.6506], device='cuda:0')
Index force: tensor([1.5798, 0.8164, 2.1973], device='cuda:0')
tensor([ 0.3720,  1.2240,  0.6102,  0.9871,  0.3711,  0.3297,  0.9248,  0.6417,
         1.5000,  0.2749,  0.4076,  0.4482, -0.7764], device='cuda:0')
Solve time for step 5 (global step 4) 4.894496813067235
Current ori: tensor(-0.7764, device='cuda:0')
Middle force: tensor([0.8275, 2.0306], device='cuda:0')
Thumb force: tensor([0.8293, 1.2813], device='cuda:0')
Index force: tensor([0.8182, 2.3117], device='cuda:0')
tensor([ 0.3325,  1.5508,  0.5359,  0.9083,  0.3965,  0.3481,  0.9753,  0.6044,
         1.5000,  0.0701,  0.5595,  0.1392, -0.8919], device='cuda:0')
Solve time for step 6 (global step 5) 4.7225056500174105
Current ori: tensor(-0.8919, device='cuda:0')
Middle force: tensor([1.9167], device='cuda:0')
Thumb force: tensor([1.3320], device='cuda:0')
Index force: tensor([2.2948], device='cuda:0')
Current yaw: tensor([-0.9106], device='cuda:0')
2 turn
tensor([ 0.3261,  1.6105,  0.3574,  0.7907,  0.4256,  0.3599,  0.8785,  0.7483,
         1.5000, -0.1050,  0.3867,  0.3176, -0.9106], device='cuda:0')
Solve time for step 1 (global step 6) 12.257258748984896
Current ori: tensor(-0.9106, device='cuda:0')
Middle force: tensor([0.6279, 1.3844, 1.0388, 2.0444, 2.4316, 1.6759], device='cuda:0')
Thumb force: tensor([1.4411, 0.7321, 0.2467, 1.1134, 1.8079, 3.1629], device='cuda:0')
Index force: tensor([1.5993, 0.8389, 2.6086, 1.0328, 2.5686, 2.3378], device='cuda:0')
tensor([ 0.3271,  1.6101,  0.3482,  0.6936,  0.4233,  0.3709,  0.8290,  0.8124,
         1.4497,  0.0245,  0.2989,  0.4119, -0.9107], device='cuda:0')
Solve time for step 2 (global step 7) 5.928295052028261
Current ori: tensor(-0.9107, device='cuda:0')
Middle force: tensor([1.8951, 1.8201, 1.1622, 2.5318, 0.9914], device='cuda:0')
Thumb force: tensor([0.6093, 0.6007, 0.8119, 0.8309, 1.3307], device='cuda:0')
Index force: tensor([0.7934, 1.4237, 1.2606, 1.7152, 0.6866], device='cuda:0')
tensor([ 0.3459,  1.6100,  0.2452,  0.8607,  0.4244,  0.3682,  0.8435,  0.7993,
         1.3373,  0.2376,  0.2633,  0.4953, -0.9111], device='cuda:0')
Solve time for step 3 (global step 8) 5.399334083078429
Current ori: tensor(-0.9111, device='cuda:0')
Middle force: tensor([1.7328, 1.2296, 2.4437, 1.0101], device='cuda:0')
Thumb force: tensor([0.6296, 0.7320, 0.8137, 1.2717], device='cuda:0')
Index force: tensor([1.3999, 1.0705, 1.6605, 0.6717], device='cuda:0')
tensor([ 0.3269,  1.5998,  0.2791,  0.8264,  0.3682,  0.3969,  0.8545,  0.7963,
         1.4156, -0.1042,  0.1524,  0.4088, -0.9112], device='cuda:0')
Solve time for step 4 (global step 9) 5.283759469981305
Current ori: tensor(-0.9112, device='cuda:0')
Middle force: tensor([1.1947, 2.3637, 0.9554], device='cuda:0')
Thumb force: tensor([0.6544, 0.7834, 1.2878], device='cuda:0')
Index force: tensor([1.0780, 1.5899, 0.7103], device='cuda:0')
tensor([ 0.3267,  1.6013,  0.2582,  0.8853,  0.3375,  0.3357,  0.9099,  0.8286,
         1.3419, -0.1050,  0.2121,  0.4321, -0.9112], device='cuda:0')
Solve time for step 5 (global step 10) 5.194079946959391
Current ori: tensor(-0.9112, device='cuda:0')
Middle force: tensor([2.2685, 0.9424], device='cuda:0')
Thumb force: tensor([0.7594, 1.2692], device='cuda:0')
Index force: tensor([1.5332, 0.7113], device='cuda:0')
tensor([ 0.3061,  1.6102,  0.2808,  0.8138,  0.3733,  0.3708,  0.9209,  0.8027,
         1.3222,  0.0843,  0.2031,  0.5804, -0.9731], device='cuda:0')
Reached goal yaw
Solve time for step 6 (global step 11) 4.831906161969528
Current ori: tensor(-0.9731, device='cuda:0')
Middle force: tensor([0.9880], device='cuda:0')
Thumb force: tensor([1.2336], device='cuda:0')
Index force: tensor([0.6875], device='cuda:0')
Reached goal yaw
Failed to turn past .15 rad
Average turn amount: -0.46573785971850157 over 8 trials
{}

Trial 9
Current yaw: tensor([0.1395], device='cuda:0')
Current yaw: tensor([0.1185], device='cuda:0')
1 turn
tensor([ 0.3843,  0.6366,  0.7511,  0.8557, -0.0948,  0.1977,  0.9509,  0.7655,
         1.3013,  0.0945,  0.3613,  0.3152,  0.1185], device='cuda:0')
Solve time for step 1 (global step 0) 11.922293283045292
Current ori: tensor(0.1185, device='cuda:0')
Middle force: tensor([1.6424, 0.9458, 1.9165, 2.1024, 2.0624, 0.9118], device='cuda:0')
Thumb force: tensor([0.3929, 0.6107, 0.7117, 0.8834, 1.2716, 1.6679], device='cuda:0')
Index force: tensor([1.9096, 1.2415, 1.3425, 2.7395, 0.3151, 3.1747], device='cuda:0')
tensor([ 0.4239,  0.7378,  0.8239,  0.8934, -0.0813,  0.1712,  0.8329,  0.7766,
         1.2341,  0.1762,  0.3284,  0.4339,  0.1184], device='cuda:0')
Solve time for step 2 (global step 1) 5.696440735948272
Current ori: tensor(0.1184, device='cuda:0')
Middle force: tensor([0.7402, 2.0246, 1.7219, 1.9168, 0.7959], device='cuda:0')
Thumb force: tensor([0.8077, 0.3497, 1.0440, 1.2099, 1.5764], device='cuda:0')
Index force: tensor([1.2911, 1.3331, 2.4100, 0.6161, 3.0366], device='cuda:0')
tensor([ 0.4318,  0.8192,  0.8263,  0.8294, -0.0419,  0.1685,  0.8448,  0.6691,
         1.2353,  0.2521,  0.2735,  0.5390,  0.1183], device='cuda:0')
Solve time for step 3 (global step 2) 5.5409382820362225
Current ori: tensor(0.1183, device='cuda:0')
Middle force: tensor([2.0608, 1.5387, 1.7652, 0.7676], device='cuda:0')
Thumb force: tensor([0.1239, 1.2086, 1.2094, 1.4975], device='cuda:0')
Index force: tensor([1.4031, 2.0489, 0.8154, 2.9615], device='cuda:0')
tensor([0.4700, 1.0257, 0.8199, 0.8495, 0.2156, 0.2771, 0.7763, 0.6264, 1.2358,
        0.2868, 0.1882, 0.7210, 0.1182], device='cuda:0')
Solve time for step 4 (global step 3) 5.04423516697716
Current ori: tensor(0.1182, device='cuda:0')
Middle force: tensor([1.4006, 1.6786, 0.9613], device='cuda:0')
Thumb force: tensor([1.4911, 1.1241, 1.2999], device='cuda:0')
Index force: tensor([1.7628, 1.0751, 2.9625], device='cuda:0')
tensor([0.4264, 1.0461, 0.8104, 0.9043, 0.2529, 0.2686, 0.6998, 0.7887, 1.3108,
        0.1209, 0.1141, 0.7908, 0.1181], device='cuda:0')
Solve time for step 5 (global step 4) 4.810276073985733
Current ori: tensor(0.1181, device='cuda:0')
Middle force: tensor([1.6031, 0.9573], device='cuda:0')
Thumb force: tensor([1.0991, 1.2329], device='cuda:0')
Index force: tensor([1.1970, 2.8844], device='cuda:0')
tensor([0.4266, 1.1255, 0.7527, 0.9680, 0.2805, 0.3130, 0.6780, 0.7153, 1.1515,
        0.4394, 0.1377, 0.8312, 0.1180], device='cuda:0')
Solve time for step 6 (global step 5) 4.801259053056128
Current ori: tensor(0.1180, device='cuda:0')
Middle force: tensor([0.8981], device='cuda:0')
Thumb force: tensor([1.2275], device='cuda:0')
Index force: tensor([2.8299], device='cuda:0')
Failed to turn past .15 rad
Average turn amount: -0.40089332726266647 over 9 trials
{}

Trial 10
Current yaw: tensor([0.2258], device='cuda:0')
Current yaw: tensor([0.2253], device='cuda:0')
1 turn
tensor([ 0.2893,  0.5572,  0.6594,  0.8817, -0.0213,  0.1659,  0.8585,  0.8770,
         1.2828,  0.0489,  0.3641,  0.3199,  0.2253], device='cuda:0')
Solve time for step 1 (global step 0) 11.736893264926039
Current ori: tensor(0.2253, device='cuda:0')
Middle force: tensor([0.9370, 1.0804, 1.2781, 2.1206, 2.0531, 1.5850], device='cuda:0')
Thumb force: tensor([0.3187, 0.4654, 1.6660, 0.1061, 1.1403, 2.0435], device='cuda:0')
Index force: tensor([2.7753, 2.4803, 3.5541, 1.7551, 1.2299, 1.9013], device='cuda:0')
tensor([ 0.3204,  0.6208,  0.6227,  0.8582, -0.0209,  0.1268,  1.0032,  0.6802,
         1.2212,  0.1221,  0.2592,  0.3409,  0.2252], device='cuda:0')
Solve time for step 2 (global step 1) 5.5031438349979
Current ori: tensor(0.2252, device='cuda:0')
Middle force: tensor([0.9892, 1.3530, 1.8808, 2.1354, 1.9423], device='cuda:0')
Thumb force: tensor([0.6782, 1.4549, 0.4370, 1.1424, 1.9334], device='cuda:0')
Index force: tensor([2.1136, 3.6061, 1.7851, 1.2569, 1.6116], device='cuda:0')
