Importing module 'gym_38' (/home/abhinav/Downloads/IsaacGym_Preview_4_Package/isaacgym/python/isaacgym/_bindings/linux-x86_64/gym_38.so)
Setting GYM_USD_PLUG_INFO_PATH to /home/abhinav/Downloads/IsaacGym_Preview_4_Package/isaacgym/python/isaacgym/_bindings/linux-x86_64/usd/plugInfo.json
PyTorch version 2.4.0+cu121
Device count 1
/home/abhinav/Downloads/IsaacGym_Preview_4_Package/isaacgym/python/isaacgym/_bindings/src/gymtorch
ninja: no work to do.
CCAI_PATH /home/abhinav/Documents/ccai
robot pose [ 0.02  -0.35   0.376] [0, 0, 0.7071068, 0.7071068]
Not connected to PVD
Physics Engine: PhysX
Physics Device: cpu
GPU Pipeline: disabled
Using VHACD cache directory '/home/abhinav/.isaacgym/vhacd'
Found existing convex decomposition for mesh '/home/abhinav/Documents/git_packages/isaacgym-arm-envs/isaac_victor_envs/assets/xela_models/mesh/allegro/base_ns.stl'
Found existing convex decomposition for mesh '/home/abhinav/Documents/git_packages/isaacgym-arm-envs/isaac_victor_envs/assets/xela_models/mesh/allegro/link_1.0.stl'
Found existing convex decomposition for mesh '/home/abhinav/Documents/git_packages/isaacgym-arm-envs/isaac_victor_envs/assets/xela_models/mesh/ft_c.stl'
[ models/temporal ] Channel dimensions: [(35, 128), (128, 256), (256, 512)]
[ models/temporal ] Channel dimensions: [(35, 128), (128, 256), (256, 512)]

Trial 701
Loaded trajectory sampler
Current yaw: tensor([1.2851e-11], device='cuda:0')
Current yaw: tensor([-0.0004], device='cuda:0')
1 turn
Likelihood: -13.417062759399414
Sampling time 3.510828892001882
tensor([ 3.0828e-01,  6.1273e-01,  7.0933e-01,  8.0763e-01, -4.3934e-02,
         2.4023e-01,  8.9592e-01,  8.6028e-01,  1.2699e+00,  2.3346e-02,
         1.3571e-01,  4.0966e-01, -3.9406e-04], device='cuda:0')
Solve time for step 1 (global step 0) 7.289514907010016
Current ori: tensor(-0.0004, device='cuda:0')
Middle force: tensor([0.5709, 0.6195, 0.8760, 0.6283, 2.2356, 2.3730], device='cuda:0')
Thumb force: tensor([0.9708, 0.9703, 0.6669, 1.3434, 0.8901, 1.7530], device='cuda:0')
Index force: tensor([0.5713, 0.5470, 1.3499, 1.4419, 1.4596, 0.8019], device='cuda:0')
tensor([ 0.1923,  0.5839,  0.8169,  0.7201, -0.0291,  0.2960,  0.8499,  0.7555,
         1.3047,  0.0133,  0.1563,  0.6494, -0.0435], device='cuda:0')
Likelihood: -33.08127975463867
Solve time for step 2 (global step 1) 6.830490076012211
Current ori: tensor(-0.0435, device='cuda:0')
Middle force: tensor([1.3600, 1.3107, 0.9961, 0.8423, 2.2367], device='cuda:0')
Thumb force: tensor([1.4695, 0.2850, 0.3472, 0.4536, 0.1206], device='cuda:0')
Index force: tensor([0.6269, 1.3022, 1.4569, 1.4747, 1.0115], device='cuda:0')
tensor([ 0.2176,  0.6355,  0.8198,  0.8354,  0.0600,  0.2634,  1.0146,  0.6692,
         1.2860,  0.0035,  0.0854,  0.9106, -0.2159], device='cuda:0')
Likelihood: -47.19831466674805
Solve time for step 3 (global step 2) 6.0358742980024545
Current ori: tensor(-0.2159, device='cuda:0')
Middle force: tensor([1.2977, 0.9875, 0.8323, 2.1628], device='cuda:0')
Thumb force: tensor([0.2472, 0.3366, 0.4420, 0.1945], device='cuda:0')
Index force: tensor([1.2742, 1.4134, 1.4504, 1.0708], device='cuda:0')
tensor([ 2.4590e-01,  6.8387e-01,  8.8824e-01,  7.9324e-01,  1.6955e-01,
         3.0108e-01,  1.0034e+00,  6.2784e-01,  1.3276e+00,  1.5601e-01,
        -5.9942e-04,  9.8314e-01, -4.6335e-01], device='cuda:0')
Likelihood: -65.53311157226562
Solve time for step 4 (global step 3) 5.483598630991764
Current ori: tensor(-0.4633, device='cuda:0')
Middle force: tensor([1.1856, 0.6651, 1.0274], device='cuda:0')
Thumb force: tensor([2.0629, 1.2588, 0.8868], device='cuda:0')
Index force: tensor([1.4219, 1.0774, 1.5583], device='cuda:0')
tensor([ 0.3013,  0.7647,  0.8095,  0.9241,  0.1992,  0.4218,  0.8364,  0.6435,
         1.4098, -0.1050, -0.0906,  1.1306, -0.5418], device='cuda:0')
Likelihood: -68.67169189453125
Solve time for step 5 (global step 4) 5.47306641000614
Current ori: tensor(-0.5418, device='cuda:0')
Middle force: tensor([1.5870, 0.4896], device='cuda:0')
Thumb force: tensor([0.3800, 0.5652], device='cuda:0')
Index force: tensor([0.6181, 0.4107], device='cuda:0')
tensor([ 0.2960,  0.7991,  0.7303,  1.1146,  0.2172,  0.4529,  0.7624,  0.6173,
         1.3537, -0.1050, -0.0200,  1.1288, -0.5453], device='cuda:0')
Likelihood: -64.6489486694336
Solve time for step 6 (global step 5) 5.086083582005813
Current ori: tensor(-0.5453, device='cuda:0')
Middle force: tensor([0.5015], device='cuda:0')
Thumb force: tensor([0.5977], device='cuda:0')
Index force: tensor([0.2709], device='cuda:0')
Current yaw: tensor([-0.5903], device='cuda:0')
2 turn
Likelihood: -82.53273010253906
Sampling time 3.414336393994745
tensor([ 0.3830,  0.9129,  0.5675,  1.3784,  0.3101,  0.4492,  0.6335,  0.6242,
         1.3355,  0.0691,  0.0110,  1.2549, -0.5903], device='cuda:0')
Solve time for step 1 (global step 6) 7.378206598004908
Current ori: tensor(-0.5903, device='cuda:0')
Middle force: tensor([0.9321, 1.3662, 1.0600, 0.6189, 2.8958, 0.7495], device='cuda:0')
Thumb force: tensor([0.4762, 1.1299, 1.3338, 0.9597, 0.3748, 0.6483], device='cuda:0')
Index force: tensor([0.9227, 0.5812, 1.0345, 1.1782, 3.2165, 1.7961], device='cuda:0')
tensor([ 0.2933,  0.6931,  0.7263,  1.2892,  0.2257,  0.5164,  0.7202,  0.5444,
         1.4127, -0.1050,  0.0166,  1.2693, -0.5902], device='cuda:0')
Likelihood: -92.11302185058594
Solve time for step 2 (global step 7) 6.766655583007378
Current ori: tensor(-0.5902, device='cuda:0')
Middle force: tensor([2.1103, 1.3067, 0.6229, 0.6674, 1.7475], device='cuda:0')
Thumb force: tensor([1.8329, 0.6726, 0.1934, 0.1199, 0.1703], device='cuda:0')
Index force: tensor([1.5861, 1.0694, 1.7497, 1.7366, 1.1494], device='cuda:0')
tensor([ 0.2266,  0.8685,  0.4228,  1.5653,  0.1664,  0.4610,  0.8311,  0.4627,
         1.2097,  0.2926, -0.0427,  1.1194, -0.5663], device='cuda:0')
Likelihood: -106.55169677734375
State is out of distribution
Final likelihood: tensor([-0.8853, -0.8943, -1.0386, -1.0540, -1.0931, -1.2401, -1.3444, -1.4320,
        -1.6516, -1.6888, -1.7310, -1.7777, -1.8598, -1.8759, -2.1595, -3.0607],
       device='cuda:0', grad_fn=<IndexBackward0>)
Final likelihood: tensor([-0.8853, -0.8943, -1.0386, -1.0540, -1.0931, -1.2401, -1.3444, -1.4320,
        -1.6516, -1.6888, -1.7310, -1.7777, -1.8598, -1.8759, -2.1595, -3.0607],
       device='cuda:0', grad_fn=<IndexBackward0>)
1 mode projection succeeded
New goal: tensor([ 2.9414e-01,  6.0988e-01,  7.2745e-01,  7.8297e-01, -5.2362e-02,
         2.7001e-01,  9.1901e-01,  8.1757e-01,  1.2684e+00, -2.6384e-02,
         1.6504e-01,  4.7568e-01, -1.0508e-03], device='cuda:0')
Likelihood: -108.54778289794922
