Importing module 'gym_38' (/home/abhinav/Documents/isaacgym/python/isaacgym/_bindings/linux-x86_64/gym_38.so)
Setting GYM_USD_PLUG_INFO_PATH to /home/abhinav/Documents/isaacgym/python/isaacgym/_bindings/linux-x86_64/usd/plugInfo.json
PyTorch version 2.4.1+cu121
Device count 2
/home/abhinav/Documents/isaacgym/python/isaacgym/_bindings/src/gymtorch
ninja: no work to do.
No ROS install found, continuing
CCAI_PATH /home/abhinav/Documents/ccai
robot pose [ 0.02  -0.35   0.376] [0, 0, 0.7071068, 0.7071068]
Not connected to PVD
Physics Engine: PhysX
Physics Device: cpu
GPU Pipeline: disabled
Using VHACD cache directory '/home/abhinav/.isaacgym/vhacd'
Found existing convex decomposition for mesh '/home/abhinav/Documents/github/isaacgym-arm-envs/isaac_victor_envs/assets/xela_models/mesh/allegro/base_ns.stl'
Found existing convex decomposition for mesh '/home/abhinav/Documents/github/isaacgym-arm-envs/isaac_victor_envs/assets/xela_models/mesh/allegro/link_1.0.stl'
Found existing convex decomposition for mesh '/home/abhinav/Documents/github/isaacgym-arm-envs/isaac_victor_envs/assets/xela_models/mesh/ft_c.stl'

Trial 401
Current yaw: tensor([-0.4797], device='cuda:1')
Current yaw: tensor([-0.4797], device='cuda:1')
1 turn
tensor([ 0.3277,  0.7197,  0.6997,  0.8146, -0.0478,  0.3308,  0.9167,  0.7857,
         1.3274,  0.0062,  0.4028,  0.3145, -0.4797], device='cuda:1')
Solve time for step 1 (global step 0) 9.834481066092849
Current ori: tensor(-0.4797, device='cuda:1')
Middle force: tensor([1.6299, 3.9264, 2.3460, 1.1878, 2.2524, 1.0549], device='cuda:1')
Thumb force: tensor([1.9575, 0.1201, 1.8579, 0.7592, 0.9293, 1.1241], device='cuda:1')
Index force: tensor([1.8009, 1.1573, 2.7078, 1.0884, 3.2787, 3.2174], device='cuda:1')
tensor([ 0.2085,  0.7386,  0.6049,  0.8283, -0.0021,  0.4206,  0.8987,  0.7261,
         1.3468, -0.1050,  0.3820,  0.2212, -0.4797], device='cuda:1')
Solve time for step 2 (global step 1) 5.5477363229729235
Current ori: tensor(-0.4797, device='cuda:1')
Middle force: tensor([3.5717, 1.8477, 0.9399, 1.9270, 1.0014], device='cuda:1')
Thumb force: tensor([0.1904, 1.5572, 0.6813, 0.9208, 0.9315], device='cuda:1')
Index force: tensor([1.0104, 2.3623, 1.1780, 2.8168, 2.9105], device='cuda:1')
tensor([ 0.2699,  0.7429,  0.6854,  0.9568, -0.0390,  0.4417,  0.8521,  0.6142,
         1.2545,  0.0124,  0.4497,  0.2781, -0.4795], device='cuda:1')
Solve time for step 3 (global step 2) 5.718123025028035
Current ori: tensor(-0.4795, device='cuda:1')
Middle force: tensor([1.7008, 0.9159, 1.8494, 0.9788], device='cuda:1')
Thumb force: tensor([1.4923, 0.6283, 0.8719, 0.8491], device='cuda:1')
Index force: tensor([2.3295, 1.1995, 2.6683, 2.7865], device='cuda:1')
tensor([ 0.1847,  0.7997,  0.6192,  0.9826,  0.0014,  0.4827,  0.8922,  0.5658,
         1.1905,  0.0859,  0.4502,  0.2024, -0.4785], device='cuda:1')
Solve time for step 4 (global step 3) 5.043392731109634
Current ori: tensor(-0.4785, device='cuda:1')
Middle force: tensor([0.8910, 1.7712, 1.0367], device='cuda:1')
Thumb force: tensor([0.6519, 0.8436, 0.7511], device='cuda:1')
Index force: tensor([1.1837, 2.5498, 2.6221], device='cuda:1')
tensor([ 0.1337,  0.7931,  0.5819,  0.9261, -0.0467,  0.4759,  0.8993,  0.6284,
         1.0110,  0.4726,  0.6113,  0.1092, -0.3755], device='cuda:1')
Solve time for step 5 (global step 4) 5.059255083906464
Current ori: tensor(-0.3755, device='cuda:1')
Middle force: tensor([1.6924, 1.0421], device='cuda:1')
Thumb force: tensor([0.7367, 0.6504], device='cuda:1')
Index force: tensor([2.2940, 2.3687], device='cuda:1')
tensor([ 0.1544,  0.8045,  0.5392,  0.9836,  0.0313,  0.4520,  0.9912,  0.6029,
         0.9976,  0.4712,  0.7902, -0.1620, -0.3605], device='cuda:1')
Solve time for step 6 (global step 5) 4.78228945704177
Current ori: tensor(-0.3605, device='cuda:1')
Middle force: tensor([1.0169], device='cuda:1')
Thumb force: tensor([0.4880], device='cuda:1')
Index force: tensor([2.2486], device='cuda:1')
Failed to turn past .15 rad
Average turn amount: -0.3605097830295563 over 1 trials
{}

Trial 402
Current yaw: tensor([0.1398], device='cuda:1')
Current yaw: tensor([0.0887], device='cuda:1')
1 turn
tensor([ 0.3322,  0.5594,  0.7443,  0.9075, -0.0977,  0.2506,  0.9149,  0.9004,
         1.3311,  0.0352,  0.3620,  0.2990,  0.0887], device='cuda:1')
Solve time for step 1 (global step 0) 10.791312629007734
Current ori: tensor(0.0887, device='cuda:1')
Middle force: tensor([0.6226, 1.3751, 2.9553, 2.8379, 2.0688, 1.7384], device='cuda:1')
Thumb force: tensor([1.3425, 0.6386, 0.8430, 0.3677, 0.7580, 0.7795], device='cuda:1')
Index force: tensor([3.2306, 0.6079, 1.2402, 2.5771, 1.5368, 2.3419], device='cuda:1')
tensor([ 0.3594,  0.5776,  0.7999,  0.9354, -0.0265,  0.2524,  0.9160,  0.8429,
         1.2929,  0.1161,  0.3007,  0.4399, -0.0381], device='cuda:1')
Solve time for step 2 (global step 1) 4.544975939905271
Current ori: tensor(-0.0381, device='cuda:1')
Middle force: tensor([1.2089, 2.2954, 2.6940, 1.9423, 1.6388], device='cuda:1')
Thumb force: tensor([0.8319, 0.7249, 0.6798, 0.7031, 0.8358], device='cuda:1')
Index force: tensor([0.5113, 1.6149, 2.2585, 1.5719, 2.2472], device='cuda:1')
tensor([ 0.3979,  0.6751,  0.7368,  1.0095,  0.0309,  0.2157,  0.9163,  0.8069,
         1.3452,  0.2783,  0.1974,  0.6232, -0.1148], device='cuda:1')
Solve time for step 3 (global step 2) 5.796237527974881
Current ori: tensor(-0.1148, device='cuda:1')
Middle force: tensor([1.9080, 2.6319, 1.9247, 1.5254], device='cuda:1')
Thumb force: tensor([0.6296, 0.7297, 0.7138, 0.8682], device='cuda:1')
Index force: tensor([1.7052, 2.1866, 1.5880, 2.1813], device='cuda:1')
tensor([ 0.4692,  0.6542,  0.7509,  0.9810,  0.0498,  0.2035,  0.9607,  0.7480,
         1.3000,  0.5051,  0.1923,  0.5628, -0.1473], device='cuda:1')
Solve time for step 4 (global step 3) 5.064718189067207
Current ori: tensor(-0.1473, device='cuda:1')
Middle force: tensor([2.5467, 1.8643, 1.4622], device='cuda:1')
Thumb force: tensor([0.7311, 0.7237, 0.8162], device='cuda:1')
Index force: tensor([2.1482, 1.5770, 2.0173], device='cuda:1')
tensor([ 0.4242,  0.8554,  0.7797,  0.9470,  0.1674,  0.1997,  1.0544,  0.5894,
         1.4042,  0.5244,  0.1099,  0.8217, -0.3690], device='cuda:1')
Solve time for step 5 (global step 4) 4.925624405033886
Current ori: tensor(-0.3690, device='cuda:1')
Middle force: tensor([1.8246, 1.4119], device='cuda:1')
Thumb force: tensor([0.7358, 0.7358], device='cuda:1')
Index force: tensor([1.6086, 1.8998], device='cuda:1')
tensor([ 0.3815,  1.0042,  0.7933,  0.9311,  0.3171,  0.2708,  1.0081,  0.6204,
         1.5000,  0.5897,  0.1624,  0.7660, -0.6800], device='cuda:1')
Solve time for step 6 (global step 5) 4.754990526009351
Current ori: tensor(-0.6800, device='cuda:1')
Middle force: tensor([1.3784], device='cuda:1')
Thumb force: tensor([0.6629], device='cuda:1')
Index force: tensor([1.8036], device='cuda:1')
Current yaw: tensor([-0.7118], device='cuda:1')
2 turn
tensor([ 0.3873,  1.0720,  0.7507,  0.9668,  0.3451,  0.3037,  0.9556,  0.6055,
         1.5000,  0.4147,  0.0911,  0.7262, -0.7118], device='cuda:1')
Solve time for step 1 (global step 6) 9.994320778991096
Current ori: tensor(-0.7118, device='cuda:1')
Middle force: tensor([2.0835, 3.1607, 2.7807, 2.3956, 2.2452, 1.3549], device='cuda:1')
Thumb force: tensor([0.0188, 0.9681, 0.3270, 0.2145, 0.3379, 0.0440], device='cuda:1')
Index force: tensor([1.3247, 1.2700, 2.3402, 1.7169, 2.3022, 1.6331], device='cuda:1')
tensor([ 0.4023,  1.1494,  0.8571,  0.8124,  0.3474,  0.3207,  0.9198,  0.6221,
         1.5000,  0.3840,  0.1916,  0.6736, -0.7136], device='cuda:1')
Solve time for step 2 (global step 7) 5.74465426907409
Current ori: tensor(-0.7136, device='cuda:1')
Middle force: tensor([2.9583, 2.6399, 2.0529, 2.4024, 1.1799], device='cuda:1')
Thumb force: tensor([0.5220, 0.4575, 0.4801, 0.0822, 0.0552], device='cuda:1')
Index force: tensor([1.2394, 2.4193, 1.6971, 2.3748, 1.4347], device='cuda:1')
tensor([ 0.3482,  1.3288,  0.7337,  0.8707,  0.4238,  0.3933,  0.8970,  0.5956,
         1.4993,  0.3359,  0.2658,  0.5869, -0.9096], device='cuda:1')
Solve time for step 3 (global step 8) 5.736767072929069
Current ori: tensor(-0.9096, device='cuda:1')
Middle force: tensor([2.4152, 1.7762, 2.3783, 0.9825], device='cuda:1')
Thumb force: tensor([0.5491, 0.8052, 0.2013, 0.5223], device='cuda:1')
Index force: tensor([2.4646, 1.5917, 2.3183, 1.2698], device='cuda:1')
tensor([ 0.3549,  1.3702,  0.7330,  0.6883,  0.4439,  0.4193,  0.9142,  0.5448,
         1.4841,  0.3902,  0.4490,  0.4890, -0.9834], device='cuda:1')
Reached goal yaw
Solve time for step 4 (global step 9) 5.084473010967486
Current ori: tensor(-0.9834, device='cuda:1')
Middle force: tensor([1.6724, 2.2860, 0.9491], device='cuda:1')
Thumb force: tensor([0.8436, 0.1605, 0.6040], device='cuda:1')
Index force: tensor([1.5323, 2.2306, 1.1881], device='cuda:1')
tensor([ 0.2801,  1.4670,  0.6446,  0.8029,  0.4700,  0.4710,  0.9190,  0.4713,
         1.5000,  0.4345,  0.6049,  0.1977, -1.0966], device='cuda:1')
Reached goal yaw
Solve time for step 5 (global step 10) 4.898718527983874
Current ori: tensor(-1.0966, device='cuda:1')
Middle force: tensor([2.3192, 0.9490], device='cuda:1')
Thumb force: tensor([0.0625, 0.5994], device='cuda:1')
Index force: tensor([2.1374, 1.1632], device='cuda:1')
tensor([ 0.2145,  1.6102,  0.5488,  0.6520,  0.4700,  0.5925,  0.8228,  0.4675,
         1.4093,  0.5939,  0.8375, -0.0551, -1.2401], device='cuda:1')
Reached goal yaw
Solve time for step 6 (global step 11) 4.817016315064393
Current ori: tensor(-1.2401, device='cuda:1')
Middle force: tensor([0.9465], device='cuda:1')
Thumb force: tensor([0.6821], device='cuda:1')
Index force: tensor([1.2185], device='cuda:1')
Reached goal yaw
Average turn amount: -0.8420218974351883 over 2 trials
{}

Trial 403
Current yaw: tensor([-0.7042], device='cuda:1')
Current yaw: tensor([-0.7033], device='cuda:1')
1 turn
tensor([ 0.2953,  0.5684,  0.7284,  0.7477, -0.0388,  0.2010,  0.9543,  0.8147,
         1.2847,  0.0768,  0.3589,  0.3456, -0.7033], device='cuda:1')
Solve time for step 1 (global step 0) 10.907814383972436
Current ori: tensor(-0.7033, device='cuda:1')
Middle force: tensor([1.3317, 1.3757, 3.3505, 2.2432, 1.4234, 0.6776], device='cuda:1')
Thumb force: tensor([0.7602, 0.4202, 0.6441, 1.2794, 0.0985, 1.9037], device='cuda:1')
Index force: tensor([1.1471, 0.7598, 3.4700, 2.8900, 1.2734, 1.9316], device='cuda:1')
tensor([ 0.3215,  0.6220,  0.8070,  0.6804, -0.0540,  0.1602,  1.0182,  0.7791,
         1.2791,  0.1250,  0.3620,  0.3433, -0.7033], device='cuda:1')
Solve time for step 2 (global step 1) 5.243117421981879
Current ori: tensor(-0.7033, device='cuda:1')
Middle force: tensor([2.0328, 0.9999, 1.8969, 1.9071, 1.9537], device='cuda:1')
Thumb force: tensor([1.9155, 0.1771, 0.1436, 2.1560, 1.1777], device='cuda:1')
Index force: tensor([1.8972, 1.4095, 1.0585, 2.8730, 2.0849], device='cuda:1')
tensor([ 0.3025,  0.6757,  0.8077,  0.7177, -0.0094,  0.2877,  0.8893,  0.7397,
         1.3480,  0.1637,  0.3706,  0.2541, -0.7030], device='cuda:1')
Solve time for step 3 (global step 2) 5.864730839966796
Current ori: tensor(-0.7030, device='cuda:1')
Middle force: tensor([0.9688, 1.8729, 1.8336, 1.8905], device='cuda:1')
Thumb force: tensor([0.3166, 0.1898, 2.0325, 1.1268], device='cuda:1')
Index force: tensor([1.3529, 1.0389, 2.7234, 2.0168], device='cuda:1')
tensor([ 0.2997,  0.6760,  0.8302,  0.6105,  0.0680,  0.3025,  0.8591,  0.7600,
         1.3264,  0.1218,  0.4702,  0.1584, -0.7029], device='cuda:1')
Solve time for step 4 (global step 3) 4.931769837974571
Current ori: tensor(-0.7029, device='cuda:1')
Middle force: tensor([1.8179, 1.7496, 1.8576], device='cuda:1')
Thumb force: tensor([1.3840e-03, 1.9488e+00, 1.0491e+00], device='cuda:1')
Index force: tensor([1.0022, 2.5968, 1.9334], device='cuda:1')
tensor([ 0.3129,  0.7350,  0.8457,  0.6494,  0.1492,  0.2450,  0.9618,  0.8637,
         1.3598, -0.0445,  0.3617,  0.1695, -0.7029], device='cuda:1')
Solve time for step 5 (global step 4) 4.908606810029596
Current ori: tensor(-0.7029, device='cuda:1')
Middle force: tensor([1.6939, 1.8092], device='cuda:1')
Thumb force: tensor([1.9092, 1.0426], device='cuda:1')
Index force: tensor([2.5381, 1.8936], device='cuda:1')
tensor([ 0.2812,  0.7981,  0.7701,  0.6670,  0.1978,  0.3382,  0.9771,  0.8971,
         1.2986,  0.2523,  0.4951,  0.1356, -0.7029], device='cuda:1')
Solve time for step 6 (global step 5) 4.729456169996411
Current ori: tensor(-0.7029, device='cuda:1')
Middle force: tensor([1.6436], device='cuda:1')
Thumb force: tensor([1.0909], device='cuda:1')
Index force: tensor([1.8288], device='cuda:1')
Failed to turn past .15 rad
Average turn amount: -0.7868869801362356 over 3 trials
{}

Trial 404
Current yaw: tensor([0.2947], device='cuda:1')
Current yaw: tensor([0.2855], device='cuda:1')
1 turn
tensor([ 0.2927,  0.5211,  0.7116,  0.8265, -0.0478,  0.1685,  0.9197,  0.7659,
         1.3012,  0.0202,  0.3538,  0.2993,  0.2855], device='cuda:1')
Solve time for step 1 (global step 0) 10.99225776991807
Current ori: tensor(0.2855, device='cuda:1')
Middle force: tensor([1.4298, 2.6464, 3.0964, 2.6892, 1.8384, 1.6283], device='cuda:1')
Thumb force: tensor([1.7880, 0.4439, 0.3477, 0.9129, 1.4922, 0.8630], device='cuda:1')
Index force: tensor([1.0437, 2.2204, 1.1442, 2.0147, 1.9719, 1.5320], device='cuda:1')
tensor([ 0.4137,  0.6607,  0.8015,  0.7924,  0.0765,  0.1296,  0.9642,  0.7037,
         1.3486, -0.1050,  0.2086,  0.5919,  0.2854], device='cuda:1')
Solve time for step 2 (global step 1) 6.242744639981538
Current ori: tensor(0.2854, device='cuda:1')
Middle force: tensor([0.8888, 1.4782, 1.1473, 1.6739, 1.4420], device='cuda:1')
Thumb force: tensor([1.1688, 0.3185, 1.1618, 1.3971, 0.3167], device='cuda:1')
Index force: tensor([1.4366, 1.5227, 1.5496, 1.9071, 1.1492], device='cuda:1')
tensor([0.4700, 0.7475, 0.7877, 0.7641, 0.2579, 0.1371, 0.9578, 0.7073, 1.2007,
        0.1027, 0.1755, 0.6867, 0.2854], device='cuda:1')
Solve time for step 3 (global step 2) 5.2568741529248655
Current ori: tensor(0.2854, device='cuda:1')
Middle force: tensor([1.5205, 1.1217, 1.6504, 1.2452], device='cuda:1')
Thumb force: tensor([0.1941, 1.0788, 1.0754, 0.6652], device='cuda:1')
Index force: tensor([1.5272, 1.5006, 1.8879, 1.0645], device='cuda:1')
tensor([0.4357, 0.9579, 0.7951, 0.8470, 0.3633, 0.2830, 0.9651, 0.7080, 1.1525,
        0.3450, 0.0590, 0.9095, 0.2854], device='cuda:1')
Solve time for step 4 (global step 3) 4.88864189106971
Current ori: tensor(0.2854, device='cuda:1')
Middle force: tensor([2.2664, 0.8519, 1.2306], device='cuda:1')
Thumb force: tensor([1.0009, 2.0190, 0.1576], device='cuda:1')
Index force: tensor([1.5996, 1.4653, 1.1208], device='cuda:1')
tensor([0.4188, 1.0339, 0.7894, 0.8127, 0.4604, 0.3023, 1.0542, 0.7442, 1.1062,
        0.3128, 0.0598, 0.9326, 0.2854], device='cuda:1')
Solve time for step 5 (global step 4) 4.744559585000388
Current ori: tensor(0.2854, device='cuda:1')
Middle force: tensor([0.8673, 1.1796], device='cuda:1')
Thumb force: tensor([1.9739, 0.1702], device='cuda:1')
Index force: tensor([1.4591, 1.0825], device='cuda:1')
tensor([0.4185, 1.0600, 0.8446, 0.7881, 0.4270, 0.3560, 1.0931, 0.7761, 1.2261,
        0.1587, 0.0548, 0.9547, 0.2852], device='cuda:1')
Solve time for step 6 (global step 5) 4.315310343983583
Current ori: tensor(0.2852, device='cuda:1')
Middle force: tensor([1.1850], device='cuda:1')
Thumb force: tensor([0.1565], device='cuda:1')
Index force: tensor([1.0674], device='cuda:1')
Failed to turn past .15 rad
Average turn amount: -0.5188785940408707 over 4 trials
{}

Trial 405
Current yaw: tensor([-0.4410], device='cuda:1')
Current yaw: tensor([-0.4410], device='cuda:1')
1 turn
tensor([ 0.2205,  0.6658,  0.7086,  0.8392, -0.0144,  0.2476,  0.9075,  0.8182,
         1.2915,  0.1231,  0.3949,  0.3008, -0.4410], device='cuda:1')
Solve time for step 1 (global step 0) 11.065202104044147
Current ori: tensor(-0.4410, device='cuda:1')
Middle force: tensor([2.2311, 1.7026, 2.6576, 1.2826, 0.5986, 1.4149], device='cuda:1')
Thumb force: tensor([0.7306, 0.1320, 0.4716, 0.9248, 1.2863, 0.4959], device='cuda:1')
Index force: tensor([1.4085, 2.7155, 1.3902, 2.4789, 2.7818, 2.9504], device='cuda:1')
tensor([ 0.1928,  0.8369,  0.6486,  0.8141, -0.0210,  0.3359,  0.9343,  0.8920,
         1.0994,  0.3688,  0.5330,  0.2262, -0.4336], device='cuda:1')
Solve time for step 2 (global step 1) 5.7676874049939215
Current ori: tensor(-0.4336, device='cuda:1')
Middle force: tensor([1.6810, 2.4572, 1.2493, 0.4980, 1.2712], device='cuda:1')
Thumb force: tensor([0.4085, 0.3930, 0.6460, 1.1539, 0.3701], device='cuda:1')
Index force: tensor([2.2001, 1.2789, 2.3067, 2.5794, 2.6792], device='cuda:1')
tensor([ 0.1588,  0.9034,  0.5255,  0.7425,  0.0906,  0.3658,  0.9793,  0.8815,
         1.2931,  0.2068,  0.3470,  0.3827, -0.4334], device='cuda:1')
Solve time for step 3 (global step 2) 5.173974531004205
Current ori: tensor(-0.4334, device='cuda:1')
Middle force: tensor([2.3792, 1.0775, 0.6254, 1.3164], device='cuda:1')
Thumb force: tensor([0.3519, 0.7290, 0.9108, 0.0379], device='cuda:1')
Index force: tensor([1.2142, 2.1871, 2.4067, 2.4424], device='cuda:1')
tensor([ 0.2510,  0.9910,  0.4079,  0.9234,  0.0793,  0.3843,  0.9688,  0.8434,
         1.1252,  0.0959,  0.5086,  0.1697, -0.4334], device='cuda:1')
Solve time for step 4 (global step 3) 4.83122308505699
Current ori: tensor(-0.4334, device='cuda:1')
Middle force: tensor([1.0085, 0.8584, 1.3897], device='cuda:1')
Thumb force: tensor([0.7917, 0.6323, 0.5727], device='cuda:1')
Index force: tensor([2.0162, 2.1457, 1.9570], device='cuda:1')
tensor([ 0.2720,  0.9854,  0.4690,  0.8871,  0.0954,  0.4072,  0.9713,  0.7692,
         0.9896,  0.3119,  0.6633, -0.0085, -0.4605], device='cuda:1')
Solve time for step 5 (global step 4) 4.569501984980889
Current ori: tensor(-0.4605, device='cuda:1')
Middle force: tensor([0.9505, 1.4135], device='cuda:1')
Thumb force: tensor([0.5261, 0.6982], device='cuda:1')
Index force: tensor([2.1347, 1.7016], device='cuda:1')
tensor([ 0.3022,  0.9943,  0.4834,  0.8728,  0.0937,  0.4428,  0.9212,  0.7757,
         1.0820,  0.0847,  0.5043,  0.1040, -0.4614], device='cuda:1')
Solve time for step 6 (global step 5) 4.474937513004988
Current ori: tensor(-0.4614, device='cuda:1')
Middle force: tensor([1.3988], device='cuda:1')
Thumb force: tensor([0.6718], device='cuda:1')
Index force: tensor([1.6392], device='cuda:1')
Failed to turn past .15 rad
Average turn amount: -0.5075353682041168 over 5 trials
{}

Trial 406
Current yaw: tensor([0.1655], device='cuda:1')
Current yaw: tensor([0.1575], device='cuda:1')
1 turn
tensor([ 0.2780,  0.5929,  0.6836,  0.7797, -0.0809,  0.2070,  0.8775,  0.7726,
         1.2935,  0.0500,  0.3696,  0.3306,  0.1575], device='cuda:1')
Solve time for step 1 (global step 0) 10.137891195947304
Current ori: tensor(0.1575, device='cuda:1')
Middle force: tensor([1.0649, 2.2036, 1.1419, 1.9279, 1.5736, 3.2341], device='cuda:1')
Thumb force: tensor([1.7869, 1.6147, 0.4489, 0.1711, 0.0580, 1.1224], device='cuda:1')
Index force: tensor([1.7694, 1.5010, 2.2075, 2.0556, 3.5737, 1.9323], device='cuda:1')
tensor([0.2750, 0.6053, 0.6571, 0.7987, 0.0018, 0.1939, 0.9155, 0.6095, 1.2750,
        0.1192, 0.3067, 0.4647, 0.1521], device='cuda:1')
Solve time for step 2 (global step 1) 4.731465567019768
Current ori: tensor(0.1521, device='cuda:1')
Middle force: tensor([1.6356, 2.4643, 1.0141, 1.3430, 1.0875], device='cuda:1')
Thumb force: tensor([0.6237, 0.1442, 0.1383, 0.6119, 1.8462], device='cuda:1')
Index force: tensor([1.5810, 2.7612, 1.6897, 1.7128, 2.5448], device='cuda:1')
tensor([0.3408, 0.7095, 0.5743, 0.8344, 0.2083, 0.2837, 0.7282, 0.6638, 1.2363,
        0.4284, 0.1426, 0.7641, 0.1520], device='cuda:1')
Solve time for step 3 (global step 2) 6.909497608081438
Current ori: tensor(0.1520, device='cuda:1')
Middle force: tensor([2.3189, 1.0381, 1.4340, 0.9217], device='cuda:1')
Thumb force: tensor([0.1139, 0.2097, 0.4993, 1.7644], device='cuda:1')
Index force: tensor([2.5506, 1.4506, 1.5502, 2.4741], device='cuda:1')
tensor([0.3625, 0.7727, 0.5848, 0.7711, 0.4554, 0.3641, 0.7964, 0.5902, 1.2294,
        0.8146, 0.2069, 0.8102, 0.1502], device='cuda:1')
Solve time for step 4 (global step 3) 5.2453067229362205
Current ori: tensor(0.1502, device='cuda:1')
Middle force: tensor([1.0639, 1.5060, 0.7436], device='cuda:1')
Thumb force: tensor([0.2033, 0.2142, 1.6658], device='cuda:1')
Index force: tensor([1.3514, 1.0290, 2.6535], device='cuda:1')
tensor([0.3625, 0.7696, 0.5921, 0.7643, 0.4700, 0.3632, 0.8387, 0.4871, 1.3013,
        0.7379, 0.1450, 0.8188, 0.1498], device='cuda:1')
Solve time for step 5 (global step 4) 4.513888593995944
Current ori: tensor(0.1498, device='cuda:1')
Middle force: tensor([1.4698, 0.9225], device='cuda:1')
Thumb force: tensor([0.1676, 1.3506], device='cuda:1')
Index force: tensor([0.8884, 2.4030], device='cuda:1')
tensor([0.4174, 0.8053, 0.7061, 0.7434, 0.4594, 0.5479, 0.8117, 0.4704, 1.2933,
        1.0014, 0.4115, 0.8906, 0.1372], device='cuda:1')
Solve time for step 6 (global step 5) 3.9208054880145937
Current ori: tensor(0.1372, device='cuda:1')
Middle force: tensor([0.9046], device='cuda:1')
Thumb force: tensor([1.3640], device='cuda:1')
Index force: tensor([2.3059], device='cuda:1')
Failed to turn past .15 rad
Average turn amount: -0.39504815141359967 over 6 trials
{}

Trial 407
Current yaw: tensor([-0.6669], device='cuda:1')
Current yaw: tensor([-0.6668], device='cuda:1')
1 turn
tensor([ 0.2993,  0.7069,  0.7034,  0.7924, -0.0327,  0.2696,  0.9093,  0.7780,
         1.3007,  0.0822,  0.3786,  0.3244, -0.6668], device='cuda:1')
Solve time for step 1 (global step 0) 9.877602930995636
Current ori: tensor(-0.6668, device='cuda:1')
Middle force: tensor([2.2504, 2.2613, 1.2282, 0.5373, 1.8189, 1.5405], device='cuda:1')
Thumb force: tensor([1.8208, 0.0906, 0.1287, 1.2946, 2.0632, 0.6755], device='cuda:1')
Index force: tensor([0.9845, 1.5541, 1.6447, 2.4468, 1.4501, 2.6884], device='cuda:1')
tensor([ 0.2983,  0.7443,  0.7638,  0.7149,  0.0133,  0.2672,  0.8781,  0.7873,
         1.1325,  0.3083,  0.3796,  0.3312, -0.6649], device='cuda:1')
Solve time for step 2 (global step 1) 4.763792165089399
Current ori: tensor(-0.6649, device='cuda:1')
Middle force: tensor([2.3311, 2.4940, 1.1614, 1.4675, 1.0925], device='cuda:1')
Thumb force: tensor([1.3688, 1.0778, 0.4128, 0.5939, 0.2409], device='cuda:1')
Index force: tensor([1.3743, 1.5430, 1.0062, 0.9607, 0.9654], device='cuda:1')
tensor([ 0.2982,  0.6846,  0.8042,  0.5969,  0.0059,  0.2745,  0.9168,  0.8305,
         1.1622,  0.3482,  0.3810,  0.3835, -0.6646], device='cuda:1')
Solve time for step 3 (global step 2) 5.176303811953403
Current ori: tensor(-0.6646, device='cuda:1')
Middle force: tensor([2.4459, 1.1434, 1.3306, 1.0779], device='cuda:1')
Thumb force: tensor([1.0751, 0.4098, 0.8243, 0.1541], device='cuda:1')
Index force: tensor([1.4786, 1.0070, 1.1125, 0.9864], device='cuda:1')
tensor([ 0.2750,  0.7381,  0.7128,  0.6958,  0.0156,  0.2903,  0.9190,  0.8163,
         1.2595,  0.1536,  0.3258,  0.4402, -0.6543], device='cuda:1')
Solve time for step 4 (global step 3) 5.840745105058886
Current ori: tensor(-0.6543, device='cuda:1')
Middle force: tensor([1.1501, 1.2317, 1.0780], device='cuda:1')
Thumb force: tensor([0.3860, 0.9481, 0.1144], device='cuda:1')
Index force: tensor([0.9716, 1.2157, 0.9729], device='cuda:1')
tensor([ 0.2666,  0.8449,  0.7663,  0.5562, -0.0026,  0.3108,  0.8935,  0.8503,
         1.2930,  0.0441,  0.3698,  0.3697, -0.6092], device='cuda:1')
Solve time for step 5 (global step 4) 4.309899962041527
Current ori: tensor(-0.6092, device='cuda:1')
Middle force: tensor([1.1708, 1.0867], device='cuda:1')
Thumb force: tensor([0.9498, 0.1120], device='cuda:1')
Index force: tensor([1.2181, 0.9545], device='cuda:1')
tensor([ 0.2283,  0.8768,  0.7272,  0.6017,  0.0110,  0.3043,  0.8848,  0.9189,
         1.2607,  0.1155,  0.4453,  0.2189, -0.6083], device='cuda:1')
Solve time for step 6 (global step 5) 4.089296987047419
Current ori: tensor(-0.6083, device='cuda:1')
Middle force: tensor([1.0848], device='cuda:1')
Thumb force: tensor([0.1605], device='cuda:1')
Index force: tensor([0.9448], device='cuda:1')
Failed to turn past .15 rad
Average turn amount: -0.4153749517032078 over 7 trials
{}

Trial 408
Current yaw: tensor([-0.4599], device='cuda:1')
Current yaw: tensor([-0.4599], device='cuda:1')
1 turn
tensor([ 0.2999,  0.7346,  0.7136,  0.6897,  0.0218,  0.1991,  0.9246,  0.7930,
         1.3306,  0.0172,  0.3923,  0.2863, -0.4599], device='cuda:1')
Solve time for step 1 (global step 0) 10.3293786640279
Current ori: tensor(-0.4599, device='cuda:1')
Middle force: tensor([1.7764, 1.3037, 1.0561, 2.0138, 3.5978, 2.0331], device='cuda:1')
Thumb force: tensor([0.2794, 0.3656, 0.4024, 1.4971, 0.5456, 1.3145], device='cuda:1')
Index force: tensor([2.2256, 1.1507, 1.5252, 1.8268, 1.0475, 1.2452], device='cuda:1')
tensor([ 0.2460,  0.7135,  0.6388,  0.5764,  0.1125,  0.3945,  0.8714,  0.9482,
         1.3592,  0.2363,  0.4715,  0.2686, -0.4599], device='cuda:1')
Solve time for step 2 (global step 1) 4.837509933975525
Current ori: tensor(-0.4599, device='cuda:1')
Middle force: tensor([1.2799, 0.9768, 1.8519, 3.4360, 1.6591], device='cuda:1')
Thumb force: tensor([0.1878, 0.6359, 1.4621, 0.5321, 1.3141], device='cuda:1')
Index force: tensor([1.0744, 1.4255, 1.7773, 0.9264, 1.2425], device='cuda:1')
tensor([ 0.3226,  0.7499,  0.6990,  0.5265,  0.0831,  0.4144,  0.8600,  0.9713,
         1.3521,  0.3124,  0.6037,  0.1515, -0.4600], device='cuda:1')
Solve time for step 3 (global step 2) 5.9117314430186525
Current ori: tensor(-0.4600, device='cuda:1')
Middle force: tensor([0.9967, 1.5369, 3.4094, 1.5808], device='cuda:1')
Thumb force: tensor([0.6378, 1.6018, 0.5334, 1.3146], device='cuda:1')
Index force: tensor([1.3280, 1.4215, 0.9284, 1.2305], device='cuda:1')
tensor([ 0.1897,  0.7654,  0.6925,  0.6431,  0.0789,  0.4305,  0.8542,  0.9339,
         1.2959,  0.3920,  0.5534,  0.1482, -0.4597], device='cuda:1')
Solve time for step 4 (global step 3) 5.285887434030883
Current ori: tensor(-0.4597, device='cuda:1')
Middle force: tensor([1.4812, 3.2474, 1.5211], device='cuda:1')
Thumb force: tensor([1.5534, 0.4539, 1.2561], device='cuda:1')
Index force: tensor([1.3799, 0.9001, 1.1345], device='cuda:1')
tensor([ 0.1761,  0.7869,  0.6722,  0.5751,  0.0962,  0.4634,  0.8489,  0.8562,
         1.3380,  0.3549,  0.5953,  0.1723, -0.4598], device='cuda:1')
Solve time for step 5 (global step 4) 4.522974465042353
Current ori: tensor(-0.4598, device='cuda:1')
Middle force: tensor([3.1290, 1.4912], device='cuda:1')
Thumb force: tensor([0.4403, 1.1792], device='cuda:1')
Index force: tensor([0.8247, 1.0228], device='cuda:1')
tensor([ 0.1716,  0.8782,  0.6077,  0.5227,  0.0929,  0.4656,  0.8561,  0.8506,
         1.2497,  0.3307,  0.5514,  0.2348, -0.4597], device='cuda:1')
Solve time for step 6 (global step 5) 4.319615549989976
Current ori: tensor(-0.4597, device='cuda:1')
Middle force: tensor([1.4271], device='cuda:1')
Thumb force: tensor([1.2210], device='cuda:1')
Index force: tensor([1.0304], device='cuda:1')
Failed to turn past .15 rad
Average turn amount: -0.41594329476356506 over 8 trials
{}

Trial 409
Current yaw: tensor([-0.1996], device='cuda:1')
Current yaw: tensor([-0.1996], device='cuda:1')
1 turn
tensor([ 0.2501,  0.6559,  0.7510,  0.7891, -0.0340,  0.2894,  0.9074,  0.8573,
         1.3142,  0.0585,  0.3568,  0.3806, -0.1996], device='cuda:1')
Solve time for step 1 (global step 0) 11.690159167977981
Current ori: tensor(-0.1996, device='cuda:1')
Middle force: tensor([1.9972, 1.5116, 1.5096, 2.4725, 1.4086, 1.0392], device='cuda:1')
Thumb force: tensor([2.2739, 0.4133, 1.2045, 1.4446, 0.1349, 1.3836], device='cuda:1')
Index force: tensor([1.4651, 2.8974, 0.7594, 1.4191, 2.2718, 1.8861], device='cuda:1')
tensor([ 0.2415,  0.7168,  0.7616,  0.6900,  0.0444,  0.4197,  0.6286,  1.0618,
         1.3900,  0.0303,  0.1986,  0.6283, -0.2002], device='cuda:1')
Solve time for step 2 (global step 1) 4.493902496062219
Current ori: tensor(-0.2002, device='cuda:1')
Middle force: tensor([1.4583, 1.4825, 2.4962, 1.4295, 1.0382], device='cuda:1')
Thumb force: tensor([0.4219, 1.2205, 1.3334, 0.0294, 1.3464], device='cuda:1')
Index force: tensor([2.8994, 0.7774, 1.4080, 2.2166, 1.8817], device='cuda:1')
tensor([ 0.2897,  0.9046,  0.9341,  0.4257,  0.2460,  0.3615,  0.7948,  0.8855,
         1.4370,  0.3411,  0.0184,  0.7104, -0.6141], device='cuda:1')
Solve time for step 3 (global step 2) 5.921627798001282
Current ori: tensor(-0.6141, device='cuda:1')
Middle force: tensor([1.5608, 2.4331, 1.3390, 1.0970], device='cuda:1')
Thumb force: tensor([1.2297, 1.2406, 0.1054, 1.2668], device='cuda:1')
Index force: tensor([0.6211, 1.4773, 2.1526, 1.8111], device='cuda:1')
tensor([ 0.3607,  0.9353,  0.9394,  0.5837,  0.0790,  0.3288,  0.9206,  0.8586,
         1.5000,  0.0024,  0.0660,  0.8424, -0.6294], device='cuda:1')
Solve time for step 4 (global step 3) 4.846034546964802
Current ori: tensor(-0.6294, device='cuda:1')
Middle force: tensor([2.3359, 1.1658, 1.1558], device='cuda:1')
Thumb force: tensor([1.4056, 0.1950, 0.9334], device='cuda:1')
Index force: tensor([1.2850, 1.9949, 1.6619], device='cuda:1')
tensor([ 0.3304,  0.9269,  0.8053,  0.7479,  0.0491,  0.4182,  0.7290,  0.9620,
         1.5000, -0.1050,  0.1219,  0.9574, -0.6292], device='cuda:1')
Solve time for step 5 (global step 4) 4.929743211017922
Current ori: tensor(-0.6292, device='cuda:1')
Middle force: tensor([1.1737, 1.1769], device='cuda:1')
Thumb force: tensor([0.3666, 0.6560], device='cuda:1')
Index force: tensor([2.0773, 1.5668], device='cuda:1')
tensor([ 0.3255,  0.9136,  0.8754,  0.6244,  0.0495,  0.4534,  0.6664,  0.9957,
         1.5000, -0.1050,  0.2291,  0.8683, -0.6292], device='cuda:1')
Solve time for step 6 (global step 5) 4.546063867979683
Current ori: tensor(-0.6292, device='cuda:1')
Middle force: tensor([1.3011], device='cuda:1')
Thumb force: tensor([0.4777], device='cuda:1')
Index force: tensor([1.4919], device='cuda:1')
Current yaw: tensor([-0.6239], device='cuda:1')
2 turn
tensor([ 0.3710,  1.0394,  0.8182,  0.5974,  0.0365,  0.4577,  0.6885,  0.9227,
         1.5000, -0.1050,  0.2609,  0.8074, -0.6239], device='cuda:1')
Solve time for step 1 (global step 6) 10.222105057910085
Current ori: tensor(-0.6239, device='cuda:1')
Middle force: tensor([1.2528, 1.1375, 1.9283, 2.6596, 2.4487, 3.1721], device='cuda:1')
Thumb force: tensor([0.1176, 0.4830, 1.2592, 1.6445, 0.1907, 0.1023], device='cuda:1')
Index force: tensor([2.0111, 1.6786, 1.4253, 2.3049, 1.6152, 1.9131], device='cuda:1')
tensor([ 0.4700,  1.0976,  0.8331,  0.5866,  0.0322,  0.4967,  0.6527,  0.8831,
         1.5000, -0.1050,  0.2750,  0.7767, -0.6238], device='cuda:1')
Solve time for step 2 (global step 7) 4.788212559069507
Current ori: tensor(-0.6238, device='cuda:1')
Middle force: tensor([3.2307, 2.7186, 1.7789, 0.7878, 0.7519], device='cuda:1')
Thumb force: tensor([1.2407, 0.5651, 3.3758, 2.0803, 0.8616], device='cuda:1')
Index force: tensor([3.9474, 1.8032, 1.6712, 3.3876, 1.6810], device='cuda:1')
tensor([ 0.3973,  1.1035,  0.8446,  0.5657,  0.0481,  0.5500,  0.5185,  0.9724,
         1.5000, -0.1050,  0.3164,  0.6885, -0.6233], device='cuda:1')
Solve time for step 3 (global step 8) 5.535480287042446
Current ori: tensor(-0.6233, device='cuda:1')
Middle force: tensor([2.6998, 1.7717, 0.8135, 0.5364], device='cuda:1')
Thumb force: tensor([0.5564, 2.8991, 1.9369, 0.9573], device='cuda:1')
Index force: tensor([1.6796, 1.7919, 3.2483, 1.6785], device='cuda:1')
tensor([ 0.4048,  1.2083,  0.6556,  0.7810,  0.0440,  0.5907,  0.5373,  0.8815,
         1.4997, -0.1050,  0.3168,  0.6879, -0.6220], device='cuda:1')
Solve time for step 4 (global step 9) 5.260112248943187
Current ori: tensor(-0.6220, device='cuda:1')
Middle force: tensor([1.6907, 0.8649, 0.5184], device='cuda:1')
Thumb force: tensor([2.7318, 1.8318, 0.9853], device='cuda:1')
Index force: tensor([1.7020, 3.0281, 1.6158], device='cuda:1')
tensor([ 0.3979,  1.2072,  0.6397,  0.7313,  0.0349,  0.5188,  0.6306,  0.8799,
         1.4467,  0.0091,  0.3584,  0.6038, -0.6195], device='cuda:1')
Solve time for step 5 (global step 10) 4.635490979067981
Current ori: tensor(-0.6195, device='cuda:1')
Middle force: tensor([0.9098, 0.5791], device='cuda:1')
Thumb force: tensor([1.8292, 0.9882], device='cuda:1')
Index force: tensor([2.9859, 1.6206], device='cuda:1')
tensor([ 0.4338,  1.2424,  0.6729,  0.7311,  0.0435,  0.5318,  0.6413,  0.8400,
         1.4730,  0.0444,  0.4549,  0.4595, -0.6193], device='cuda:1')
Solve time for step 6 (global step 11) 3.9211659990251064
Current ori: tensor(-0.6193, device='cuda:1')
Middle force: tensor([0.6656], device='cuda:1')
Thumb force: tensor([0.9656], device='cuda:1')
Index force: tensor([1.5523], device='cuda:1')
Failed to turn past .15 rad
Average turn amount: -0.4385312928093804 over 9 trials
{}

Trial 410
Current yaw: tensor([-0.6646], device='cuda:1')
Current yaw: tensor([-0.6643], device='cuda:1')
1 turn
tensor([ 0.2869,  0.6766,  0.6426,  0.7794, -0.0514,  0.3147,  0.8492,  0.7555,
         1.3119,  0.0706,  0.3960,  0.2768, -0.6643], device='cuda:1')
Solve time for step 1 (global step 0) 10.071645303978585
Current ori: tensor(-0.6643, device='cuda:1')
Middle force: tensor([2.3288, 1.7505, 0.6313, 1.5568, 1.4321, 1.2285], device='cuda:1')
Thumb force: tensor([0.6461, 0.1043, 1.5668, 0.2341, 0.1922, 0.1780], device='cuda:1')
Index force: tensor([3.8042, 2.1910, 1.2031, 2.2609, 1.3467, 1.3588], device='cuda:1')
tensor([ 0.2866,  0.6676,  0.6743,  0.7968, -0.0567,  0.3014,  0.8779,  0.7272,
         1.4471, -0.1050,  0.4496,  0.0748, -0.6641], device='cuda:1')
Solve time for step 2 (global step 1) 5.375872869975865
Current ori: tensor(-0.6641, device='cuda:1')
Middle force: tensor([1.5488, 0.6372, 1.4561, 1.2719, 1.1951], device='cuda:1')
Thumb force: tensor([0.3126, 1.4338, 0.2538, 0.2876, 0.2931], device='cuda:1')
Index force: tensor([1.9706, 1.2623, 2.2310, 1.2592, 1.4151], device='cuda:1')
tensor([ 0.2913,  0.7435,  0.6604,  0.8886, -0.0714,  0.3025,  0.8500,  0.7756,
         1.3059,  0.1173,  0.4862,  0.1314, -0.6598], device='cuda:1')
Solve time for step 3 (global step 2) 6.20949630998075
Current ori: tensor(-0.6598, device='cuda:1')
Middle force: tensor([0.6861, 1.4290, 1.1898, 1.1132], device='cuda:1')
Thumb force: tensor([1.3400, 0.3353, 0.4132, 0.3684], device='cuda:1')
Index force: tensor([1.1374, 2.1607, 1.1810, 1.3991], device='cuda:1')
tensor([ 0.2649,  0.7213,  0.7266,  0.8687, -0.0785,  0.2894,  0.8847,  0.7423,
         1.3422,  0.0917,  0.4990,  0.1621, -0.6527], device='cuda:1')
Solve time for step 4 (global step 3) 5.1064792140387
Current ori: tensor(-0.6527, device='cuda:1')
Middle force: tensor([1.4171, 1.1487, 1.0613], device='cuda:1')
Thumb force: tensor([0.3585, 0.4457, 0.4200], device='cuda:1')
Index force: tensor([2.1016, 1.1430, 1.3811], device='cuda:1')
tensor([ 0.3891,  0.7741,  0.7236,  0.8683,  0.0261,  0.3641,  0.8305,  0.8184,
         1.3513,  0.1140,  0.4795,  0.1792, -0.6527], device='cuda:1')
Solve time for step 5 (global step 4) 4.857960775028914
Current ori: tensor(-0.6527, device='cuda:1')
Middle force: tensor([1.1355, 1.0673], device='cuda:1')
Thumb force: tensor([0.4595, 0.3925], device='cuda:1')
Index force: tensor([1.1010, 1.3373], device='cuda:1')
tensor([ 0.2599,  0.7995,  0.6579,  0.8549,  0.0830,  0.3624,  0.8710,  0.8559,
         1.2054,  0.3824,  0.5532,  0.0934, -0.6490], device='cuda:1')
Solve time for step 6 (global step 5) 3.6838421570137143
Current ori: tensor(-0.6490, device='cuda:1')
Middle force: tensor([1.0501], device='cuda:1')
Thumb force: tensor([0.3967], device='cuda:1')
Index force: tensor([1.3095], device='cuda:1')
Failed to turn past .15 rad
Average turn amount: -0.451507157087326 over 10 trials
{}

Trial 411
Current yaw: tensor([-0.5108], device='cuda:1')
Current yaw: tensor([-0.5108], device='cuda:1')
1 turn
tensor([ 0.3067,  0.7057,  0.7096,  0.7929, -0.0281,  0.2773,  0.9680,  0.7620,
         1.2864,  0.1172,  0.4007,  0.3574, -0.5108], device='cuda:1')
Solve time for step 1 (global step 0) 10.166657727095298
Current ori: tensor(-0.5108, device='cuda:1')
Middle force: tensor([0.4748, 2.3489, 0.7093, 1.8188, 1.4806, 1.4169], device='cuda:1')
Thumb force: tensor([1.2991, 1.8975, 0.7324, 0.4534, 1.5669, 0.9944], device='cuda:1')
Index force: tensor([2.0351, 2.6617, 1.2245, 1.1567, 3.4451, 1.7457], device='cuda:1')
tensor([ 0.2121,  0.7654,  0.6765,  0.7228, -0.0334,  0.2840,  1.0512,  0.6891,
         1.2625,  0.1682,  0.4365,  0.3537, -0.5108], device='cuda:1')
Solve time for step 2 (global step 1) 5.021069227019325
Current ori: tensor(-0.5108, device='cuda:1')
Middle force: tensor([2.9335, 0.7715, 2.0749, 0.3509, 2.6579], device='cuda:1')
Thumb force: tensor([0.7364, 0.9779, 1.1820, 1.2623, 1.1680], device='cuda:1')
Index force: tensor([0.7902, 0.9510, 1.5751, 2.3052, 2.6793], device='cuda:1')
tensor([ 0.2229,  0.7616,  0.6508,  0.8878, -0.0317,  0.3373,  0.9085,  0.8493,
         1.4534, -0.0323,  0.3865,  0.3675, -0.5107], device='cuda:1')
Solve time for step 3 (global step 2) 5.313704934087582
Current ori: tensor(-0.5107, device='cuda:1')
Middle force: tensor([0.6557, 1.9976, 0.3428, 2.5606], device='cuda:1')
Thumb force: tensor([1.0188, 1.0710, 1.2976, 1.2339], device='cuda:1')
Index force: tensor([1.0184, 1.5168, 2.1480, 2.6210], device='cuda:1')
tensor([ 0.2000,  0.7504,  0.6698,  0.8631,  0.0059,  0.3950,  0.8798,  0.7974,
         1.2687,  0.3495,  0.5317,  0.2109, -0.5106], device='cuda:1')
Solve time for step 4 (global step 3) 5.4812999540008605
Current ori: tensor(-0.5106, device='cuda:1')
Middle force: tensor([1.9298, 0.3194, 2.3486], device='cuda:1')
Thumb force: tensor([0.8770, 1.1624, 1.0618], device='cuda:1')
Index force: tensor([1.4728, 2.0009, 2.4656], device='cuda:1')
tensor([ 0.2412,  0.7869,  0.6886,  0.7400,  0.0418,  0.4097,  0.9155,  0.7479,
         1.4578,  0.0278,  0.6409,  0.0988, -0.5105], device='cuda:1')
Solve time for step 5 (global step 4) 4.760541314957663
Current ori: tensor(-0.5105, device='cuda:1')
Middle force: tensor([0.4416, 2.2982], device='cuda:1')
Thumb force: tensor([1.1539, 1.0931], device='cuda:1')
Index force: tensor([1.9020, 2.3050], device='cuda:1')
tensor([ 0.1916,  0.8209,  0.5478,  0.8610,  0.0930,  0.3402,  1.0288,  0.7906,
         1.3359,  0.1836,  0.6652,  0.0249, -0.4927], device='cuda:1')
Solve time for step 6 (global step 5) 3.7353494750568643
Current ori: tensor(-0.4927, device='cuda:1')
Middle force: tensor([2.2018], device='cuda:1')
Thumb force: tensor([1.0890], device='cuda:1')
Index force: tensor([2.2467], device='cuda:1')
Failed to turn past .15 rad
Average turn amount: -0.45279647274450824 over 11 trials
{}

Trial 412
Current yaw: tensor([-0.1374], device='cuda:1')
Current yaw: tensor([-0.1374], device='cuda:1')
1 turn
tensor([ 0.3406,  0.6724,  0.7682,  0.8298, -0.0247,  0.3028,  0.8439,  0.8189,
         1.3134,  0.0696,  0.3810,  0.3245, -0.1374], device='cuda:1')
