Importing module 'gym_38' (/home/fanyang/Downloads/IsaacGym_Preview_4_Package/isaacgym/python/isaacgym/_bindings/linux-x86_64/gym_38.so)
Setting GYM_USD_PLUG_INFO_PATH to /home/fanyang/Downloads/IsaacGym_Preview_4_Package/isaacgym/python/isaacgym/_bindings/linux-x86_64/usd/plugInfo.json
PyTorch version 2.2.1
Device count 2
/home/fanyang/Downloads/IsaacGym_Preview_4_Package/isaacgym/python/isaacgym/_bindings/src/gymtorch
ninja: no work to do.
CCAI_PATH /home/fanyang/github/ccai
Not connected to PVD
Physics Engine: PhysX
Physics Device: cpu
GPU Pipeline: disabled
Using VHACD cache directory '/home/fanyang/.isaacgym/vhacd'
Found existing convex decomposition for mesh '/home/fanyang/github/isaacgym-arm-envs/isaac_victor_envs/assets/xela_models/mesh/allegro/base_ns.stl'
Found existing convex decomposition for mesh '/home/fanyang/github/isaacgym-arm-envs/isaac_victor_envs/assets/xela_models/mesh/allegro/link_1.0.stl'
Found existing convex decomposition for mesh '/home/fanyang/github/isaacgym-arm-envs/isaac_victor_envs/assets/xela_models/mesh/ft_c.stl'
[ models/temporal ] Channel dimensions: [(37, 128), (128, 256), (256, 512)]
[ models/temporal ] Channel dimensions: [(37, 128), (128, 256), (256, 512)]
[ models/temporal ] Channel dimensions: [(37, 128), (128, 256), (256, 512)]
Loaded trajectory sampler
Current yaw: tensor(-0.0393, device='cuda:0')
0 pregrasp
Current yaw: tensor(-0.0526, device='cuda:0')
Adjusting goal to tensor(-1.0998, device='cuda:0')
1 () -0.05262111499905586
2 () -0.05262111499905586
3 ((1.0, 1.0, 1.0),) -0.486380398273468
4 ((1.0, 1.0, 1.0), (1.0, -1.0, -1.0)) -0.9821714162826538
5 ((1.0, 1.0, 1.0), (1.0, -1.0, -1.0), (-1.0, 1.0, 1.0)) -1.246111512184143
Contact sequence search time: 12.581090168998344
['turn', 'thumb_middle', 'index']
1 turn
Solve time for step 28.253056049346924
Solve time for step 6.713643789291382
Solve time for step 6.092089653015137
Solve time for step 5.736239671707153
Solve time for step 5.33849024772644
Solve time for step 5.03808331489563
Solve time for step 4.8306355476379395
Solve time for step 4.643282890319824
Solve time for step 4.289816856384277
Solve time for step 4.3515541553497314
Solve time for step 4.228938341140747
Solve time for step 4.055752754211426
Current yaw: tensor(-0.5608, device='cuda:0')
Adjusting goal to tensor(-1.6080, device='cuda:0')
1 ((1.0, 1.0, 1.0),) -0.5608034729957581
2 ((1.0, 1.0, 1.0),) -0.5608034729957581
3 ((1.0, 1.0, 1.0), (1.0, 1.0, 1.0)) -1.0563491582870483
4 ((1.0, 1.0, 1.0), (1.0, 1.0, 1.0), (1.0, -1.0, -1.0)) -1.4469001293182373
5 ((1.0, 1.0, 1.0), (1.0, 1.0, 1.0), (1.0, -1.0, -1.0), (1.0, 1.0, 1.0)) -1.8994829654693604
Contact sequence search time: 11.034362979000434
['turn', 'thumb_middle', 'turn']
2 turn
Solve time for step 27.320015907287598
Solve time for step 6.67281699180603
Solve time for step 6.12242865562439
Solve time for step 5.68179178237915
Solve time for step 5.5371387004852295
Solve time for step 5.048025846481323
Solve time for step 4.868152856826782
Solve time for step 4.749820947647095
Solve time for step 4.573806524276733
Solve time for step 4.453886270523071
Solve time for step 4.242143869400024
Solve time for step 4.306706428527832
Current yaw: tensor(-1.0540, device='cuda:0')
Adjusting goal to tensor(-2.1012, device='cuda:0')
1 ((1.0, 1.0, 1.0),) -1.0540337562561035
2 ((1.0, 1.0, 1.0),) -1.0540337562561035
3 ((1.0, 1.0, 1.0), (1.0, 1.0, 1.0)) -1.2750718593597412
4 ((1.0, 1.0, 1.0), (1.0, 1.0, 1.0), (1.0, 1.0, 1.0)) -1.8147629499435425
5 ((1.0, 1.0, 1.0), (1.0, 1.0, 1.0), (1.0, 1.0, 1.0), (1.0, 1.0, 1.0)) -2.0799198150634766
6 ((1.0, 1.0, 1.0), (1.0, 1.0, 1.0), (1.0, 1.0, 1.0), (1.0, -1.0, -1.0)) -1.8773607015609741
7 ((1.0, 1.0, 1.0), (1.0, 1.0, 1.0), (1.0, -1.0, -1.0)) -1.624884009361267
8 ((1.0, 1.0, 1.0), (1.0, 1.0, 1.0), (1.0, -1.0, -1.0), (1.0, 1.0, 1.0)) -2.2931342124938965
Contact sequence search time: 22.045979615009855
['turn', 'thumb_middle', 'turn']
3 turn
Solve time for step 27.257587909698486
Solve time for step 6.635298490524292
Solve time for step 6.095560312271118
Solve time for step 5.7531304359436035
Solve time for step 5.203366041183472
Solve time for step 5.039515733718872
Solve time for step 4.790271997451782
Solve time for step 4.653034925460815
Solve time for step 4.444915056228638
Solve time for step 4.342915058135986
Solve time for step 4.247960090637207
Solve time for step 4.014986515045166
Current yaw: tensor(-1.2143, device='cuda:0')
Adjusting goal to tensor(-2.2615, device='cuda:0')
1 ((1.0, 1.0, 1.0),) -1.2142771482467651
2 ((1.0, 1.0, 1.0),) -1.2142771482467651
3 ((1.0, 1.0, 1.0), (1.0, -1.0, -1.0)) -1.741905689239502
4 ((1.0, 1.0, 1.0), (1.0, -1.0, -1.0), (1.0, 1.0, 1.0)) -1.9948787689208984
5 ((1.0, 1.0, 1.0), (1.0, -1.0, -1.0), (1.0, 1.0, 1.0), (1.0, 1.0, 1.0)) -2.120136260986328
6 ((1.0, 1.0, 1.0), (1.0, -1.0, -1.0), (1.0, 1.0, 1.0), (1.0, -1.0, -1.0)) -1.9037649631500244
7 ((1.0, 1.0, 1.0), (1.0, -1.0, -1.0), (1.0, 1.0, 1.0), (-1.0, 1.0, 1.0)) -1.8709454536437988
8 ((1.0, 1.0, 1.0), (1.0, -1.0, -1.0), (1.0, 1.0, 1.0), (-1.0, 1.0, 1.0), (1.0, 1.0, 1.0)) -1.9767626523971558
9 ((1.0, 1.0, 1.0), (1.0, -1.0, -1.0), (1.0, 1.0, 1.0), (-1.0, 1.0, 1.0), (1.0, 1.0, 1.0), (1.0, -1.0, -1.0)) -2.1880602836608887
10 ((1.0, 1.0, 1.0), (1.0, -1.0, -1.0), (1.0, 1.0, 1.0), (-1.0, 1.0, 1.0), (1.0, 1.0, 1.0), (1.0, -1.0, -1.0), (1.0, 1.0, 1.0)) -2.2143077850341797
11 ((1.0, 1.0, 1.0), (1.0, -1.0, -1.0), (1.0, 1.0, 1.0), (-1.0, 1.0, 1.0), (1.0, 1.0, 1.0), (1.0, 1.0, 1.0)) -2.3345022201538086
Contact sequence search time: 33.69414950301871
['thumb_middle', 'turn', 'index', 'turn', 'turn']
4 thumb_middle
Solve time for step 17.56843137741089
Solve time for step 4.332496404647827
Solve time for step 4.335817098617554
Solve time for step 4.286198854446411
Solve time for step 4.111871004104614
Solve time for step 3.9989967346191406
Solve time for step 3.91396164894104
Solve time for step 3.806633472442627
Solve time for step 3.7244837284088135
Solve time for step 3.6888885498046875
Solve time for step 3.7740252017974854
Solve time for step 3.733673095703125
Current yaw: tensor(-1.2030, device='cuda:0')
Adjusting goal to tensor(-2.2502, device='cuda:0')
1 ((1.0, -1.0, -1.0),) -1.2029602527618408
2 ((1.0, -1.0, -1.0),) -1.2029602527618408
3 ((1.0, -1.0, -1.0), (1.0, 1.0, 1.0)) -1.276419997215271
4 ((1.0, -1.0, -1.0), (1.0, 1.0, 1.0), (1.0, -1.0, -1.0)) -1.3567051887512207
5 ((1.0, -1.0, -1.0), (1.0, 1.0, 1.0), (1.0, -1.0, -1.0), (1.0, 1.0, 1.0)) -1.4419581890106201
6 ((1.0, -1.0, -1.0), (1.0, 1.0, 1.0), (1.0, -1.0, -1.0), (1.0, 1.0, 1.0), (1.0, -1.0, -1.0)) -1.5898244380950928
7 ((1.0, -1.0, -1.0), (1.0, 1.0, 1.0), (1.0, -1.0, -1.0), (1.0, 1.0, 1.0), (1.0, -1.0, -1.0), (1.0, 1.0, 1.0)) -1.7759349346160889
8 ((1.0, -1.0, -1.0), (1.0, 1.0, 1.0), (1.0, -1.0, -1.0), (1.0, 1.0, 1.0), (1.0, -1.0, -1.0), (1.0, 1.0, 1.0), (1.0, -1.0, -1.0)) -1.787689447402954
9 ((1.0, -1.0, -1.0), (1.0, 1.0, 1.0), (1.0, -1.0, -1.0), (1.0, 1.0, 1.0), (1.0, -1.0, -1.0), (1.0, 1.0, 1.0), (1.0, 1.0, 1.0)) -1.793900728225708
10 ((1.0, -1.0, -1.0), (1.0, 1.0, 1.0), (1.0, -1.0, -1.0), (1.0, 1.0, 1.0), (1.0, -1.0, -1.0), (1.0, 1.0, 1.0), (1.0, 1.0, 1.0), (1.0, -1.0, -1.0)) -2.0293002128601074
11 ((1.0, -1.0, -1.0), (1.0, 1.0, 1.0), (1.0, -1.0, -1.0), (1.0, 1.0, 1.0), (1.0, -1.0, -1.0), (1.0, 1.0, 1.0), (1.0, 1.0, 1.0), (-1.0, 1.0, 1.0)) -1.9246106147766113
12 ((1.0, -1.0, -1.0), (1.0, 1.0, 1.0), (-1.0, 1.0, 1.0)) -1.2480125427246094
13 ((1.0, -1.0, -1.0), (1.0, 1.0, 1.0), (-1.0, 1.0, 1.0), (1.0, 1.0, 1.0)) -1.6153433322906494
14 ((1.0, -1.0, -1.0), (1.0, 1.0, 1.0), (-1.0, 1.0, 1.0), (1.0, 1.0, 1.0), (1.0, 1.0, 1.0)) -1.9316152334213257
15 ((1.0, -1.0, -1.0), (1.0, 1.0, 1.0), (-1.0, 1.0, 1.0), (1.0, 1.0, 1.0), (1.0, 1.0, 1.0), (-1.0, 1.0, 1.0)) -2.0197951793670654
16 ((1.0, -1.0, -1.0), (1.0, 1.0, 1.0), (-1.0, 1.0, 1.0), (1.0, 1.0, 1.0), (1.0, 1.0, 1.0), (-1.0, 1.0, 1.0), (1.0, 1.0, 1.0)) -2.273179531097412
Contact sequence search time: 43.17757107099169
['turn', 'index', 'turn', 'turn', 'index', 'turn']
5 turn
Solve time for step 27.935827493667603
Solve time for step 6.789671421051025
Solve time for step 6.090862274169922
Solve time for step 5.832677364349365
Solve time for step 5.400755405426025
Solve time for step 5.178634881973267
Solve time for step 4.768796682357788
Solve time for step 4.645969390869141
Solve time for step 4.63381814956665
Solve time for step 4.378164052963257
Solve time for step 4.313583135604858
Solve time for step 4.280884265899658
Current yaw: tensor(-1.3657, device='cuda:0')
Adjusting goal to tensor(-2.4129, device='cuda:0')
1 ((1.0, 1.0, 1.0),) -1.3657423257827759
2 ((1.0, 1.0, 1.0),) -1.3657423257827759
3 ((1.0, 1.0, 1.0), (1.0, 1.0, 1.0)) -1.5682083368301392
4 ((1.0, 1.0, 1.0), (1.0, 1.0, 1.0), (1.0, 1.0, 1.0)) -1.8303046226501465
5 ((1.0, 1.0, 1.0), (1.0, 1.0, 1.0), (1.0, -1.0, -1.0)) -1.6088886260986328
6 ((1.0, 1.0, 1.0), (1.0, 1.0, 1.0), (1.0, -1.0, -1.0), (1.0, 1.0, 1.0)) -1.6650511026382446
7 ((1.0, 1.0, 1.0), (1.0, 1.0, 1.0), (1.0, -1.0, -1.0), (1.0, 1.0, 1.0), (1.0, -1.0, -1.0)) -1.7286311388015747
8 ((1.0, 1.0, 1.0), (1.0, 1.0, 1.0), (1.0, -1.0, -1.0), (1.0, 1.0, 1.0), (1.0, -1.0, -1.0), (1.0, 1.0, 1.0)) -2.0032272338867188
9 ((1.0, 1.0, 1.0), (1.0, 1.0, 1.0), (1.0, 1.0, 1.0), (1.0, 1.0, 1.0)) -1.9792948961257935
10 ((1.0, 1.0, 1.0), (1.0, 1.0, 1.0), (-1.0, 1.0, 1.0)) -1.4891574382781982
11 ((1.0, 1.0, 1.0), (1.0, 1.0, 1.0), (-1.0, 1.0, 1.0), (1.0, 1.0, 1.0)) -1.8331609964370728
12 ((1.0, 1.0, 1.0), (1.0, 1.0, 1.0), (1.0, 1.0, 1.0), (1.0, -1.0, -1.0)) -1.6991850137710571
13 ((1.0, 1.0, 1.0), (1.0, 1.0, 1.0), (1.0, 1.0, 1.0), (1.0, -1.0, -1.0), (1.0, 1.0, 1.0)) -1.8726807832717896
14 ((1.0, 1.0, 1.0), (1.0, 1.0, 1.0), (-1.0, 1.0, 1.0), (1.0, 1.0, 1.0), (1.0, 1.0, 1.0)) -1.7836101055145264
15 ((1.0, 1.0, 1.0), (-1.0, 1.0, 1.0)) -1.2046494483947754
16 ((1.0, 1.0, 1.0), (-1.0, 1.0, 1.0), (1.0, -1.0, -1.0)) -1.5057207345962524
17 ((1.0, 1.0, 1.0), (-1.0, 1.0, 1.0), (1.0, -1.0, -1.0), (1.0, 1.0, 1.0)) -1.9045144319534302
18 ((1.0, 1.0, 1.0), (-1.0, 1.0, 1.0), (1.0, -1.0, -1.0), (1.0, 1.0, 1.0), (1.0, 1.0, 1.0)) -2.1918938159942627
19 ((1.0, 1.0, 1.0), (-1.0, 1.0, 1.0), (1.0, -1.0, -1.0), (1.0, 1.0, 1.0), (1.0, -1.0, -1.0)) -1.8647722005844116
20 ((1.0, 1.0, 1.0), (-1.0, 1.0, 1.0), (1.0, -1.0, -1.0), (1.0, 1.0, 1.0), (1.0, 1.0, 1.0), (1.0, -1.0, -1.0)) -2.0963308811187744
21 ((1.0, 1.0, 1.0), (-1.0, 1.0, 1.0), (1.0, -1.0, -1.0), (1.0, 1.0, 1.0), (1.0, 1.0, 1.0), (1.0, -1.0, -1.0), (1.0, 1.0, 1.0)) -2.235952138900757
22 ((1.0, 1.0, 1.0), (-1.0, 1.0, 1.0), (1.0, -1.0, -1.0), (1.0, 1.0, 1.0), (1.0, -1.0, -1.0), (1.0, 1.0, 1.0)) -1.8234010934829712
23 ((1.0, 1.0, 1.0), (-1.0, 1.0, 1.0), (1.0, -1.0, -1.0), (1.0, 1.0, 1.0), (1.0, -1.0, -1.0), (1.0, 1.0, 1.0), (1.0, -1.0, -1.0)) -1.9397228956222534
24 ((1.0, 1.0, 1.0), (-1.0, 1.0, 1.0), (1.0, -1.0, -1.0), (1.0, 1.0, 1.0), (1.0, 1.0, 1.0), (1.0, -1.0, -1.0), (1.0, 1.0, 1.0), (1.0, -1.0, -1.0)) -2.111699104309082
25 ((1.0, 1.0, 1.0), (-1.0, 1.0, 1.0), (1.0, -1.0, -1.0), (1.0, 1.0, 1.0), (1.0, 1.0, 1.0), (1.0, -1.0, -1.0), (1.0, 1.0, 1.0), (1.0, 1.0, 1.0)) -2.277270793914795
26 ((1.0, 1.0, 1.0), (-1.0, 1.0, 1.0), (1.0, 1.0, 1.0)) -1.4614008665084839
27 ((1.0, 1.0, 1.0), (-1.0, 1.0, 1.0), (1.0, 1.0, 1.0), (1.0, 1.0, 1.0)) -1.7313586473464966
28 ((1.0, 1.0, 1.0), (-1.0, 1.0, 1.0), (1.0, -1.0, -1.0), (1.0, -1.0, -1.0)) -1.6740056276321411
29 ((1.0, 1.0, 1.0), (-1.0, 1.0, 1.0), (1.0, -1.0, -1.0), (1.0, -1.0, -1.0), (1.0, 1.0, 1.0)) -2.079044818878174
30 ((1.0, 1.0, 1.0), (-1.0, 1.0, 1.0), (1.0, -1.0, -1.0), (1.0, 1.0, 1.0), (1.0, -1.0, -1.0), (1.0, 1.0, 1.0), (1.0, -1.0, -1.0), (1.0, 1.0, 1.0)) -1.8864288330078125
31 ((1.0, 1.0, 1.0), (-1.0, 1.0, 1.0), (1.0, 1.0, 1.0), (1.0, -1.0, -1.0)) -1.4877575635910034
32 ((1.0, 1.0, 1.0), (-1.0, 1.0, 1.0), (1.0, 1.0, 1.0), (1.0, -1.0, -1.0), (1.0, 1.0, 1.0)) -1.7458736896514893
33 ((1.0, 1.0, 1.0), (-1.0, 1.0, 1.0), (1.0, 1.0, 1.0), (1.0, -1.0, -1.0), (1.0, 1.0, 1.0), (-1.0, 1.0, 1.0)) -1.6582510471343994
34 ((1.0, 1.0, 1.0), (-1.0, 1.0, 1.0), (1.0, 1.0, 1.0), (1.0, -1.0, -1.0), (1.0, 1.0, 1.0), (-1.0, 1.0, 1.0), (1.0, 1.0, 1.0)) -1.9192538261413574
35 ((1.0, 1.0, 1.0), (-1.0, 1.0, 1.0), (1.0, 1.0, 1.0), (1.0, -1.0, -1.0), (1.0, 1.0, 1.0), (-1.0, 1.0, 1.0), (1.0, 1.0, 1.0), (-1.0, 1.0, 1.0)) -2.184650421142578
36 ((1.0, 1.0, 1.0), (-1.0, 1.0, 1.0), (1.0, 1.0, 1.0), (1.0, -1.0, -1.0), (1.0, 1.0, 1.0), (1.0, -1.0, -1.0)) -1.6663212776184082
37 ((1.0, 1.0, 1.0), (-1.0, 1.0, 1.0), (1.0, -1.0, -1.0), (-1.0, 1.0, 1.0)) -1.4713225364685059
38 ((1.0, 1.0, 1.0), (-1.0, 1.0, 1.0), (1.0, -1.0, -1.0), (-1.0, 1.0, 1.0), (1.0, 1.0, 1.0)) -1.8738993406295776
39 ((1.0, 1.0, 1.0), (-1.0, 1.0, 1.0), (1.0, -1.0, -1.0), (-1.0, 1.0, 1.0), (1.0, 1.0, 1.0), (1.0, -1.0, -1.0)) -1.8458402156829834
40 ((1.0, 1.0, 1.0), (-1.0, 1.0, 1.0), (1.0, -1.0, -1.0), (-1.0, 1.0, 1.0), (1.0, 1.0, 1.0), (1.0, -1.0, -1.0), (1.0, 1.0, 1.0)) -2.30810809135437
41 ((1.0, 1.0, 1.0), (-1.0, 1.0, 1.0), (1.0, -1.0, -1.0), (-1.0, 1.0, 1.0), (1.0, 1.0, 1.0), (1.0, -1.0, -1.0), (1.0, 1.0, 1.0), (-1.0, 1.0, 1.0)) -2.1849493980407715
42 ((1.0, 1.0, 1.0), (-1.0, 1.0, 1.0), (1.0, -1.0, -1.0), (-1.0, 1.0, 1.0), (1.0, 1.0, 1.0), (1.0, -1.0, -1.0), (1.0, 1.0, 1.0), (1.0, -1.0, -1.0)) -2.1031811237335205
43 ((1.0, 1.0, 1.0), (-1.0, 1.0, 1.0), (1.0, -1.0, -1.0), (-1.0, 1.0, 1.0), (1.0, 1.0, 1.0), (1.0, -1.0, -1.0), (1.0, 1.0, 1.0), (1.0, 1.0, 1.0)) -2.2124712467193604
44 ((1.0, 1.0, 1.0), (-1.0, 1.0, 1.0), (1.0, -1.0, -1.0), (-1.0, 1.0, 1.0), (1.0, 1.0, 1.0), (1.0, 1.0, 1.0)) -2.0119831562042236
45 ((1.0, 1.0, 1.0), (-1.0, 1.0, 1.0), (1.0, -1.0, -1.0), (-1.0, 1.0, 1.0), (1.0, 1.0, 1.0), (1.0, 1.0, 1.0), (1.0, -1.0, -1.0)) -2.008185386657715
46 ((1.0, 1.0, 1.0), (-1.0, 1.0, 1.0), (1.0, -1.0, -1.0), (-1.0, 1.0, 1.0), (1.0, 1.0, 1.0), (1.0, 1.0, 1.0), (1.0, -1.0, -1.0), (1.0, 1.0, 1.0)) -2.2271666526794434
47 ((1.0, 1.0, 1.0), (-1.0, 1.0, 1.0), (1.0, -1.0, -1.0), (-1.0, 1.0, 1.0), (1.0, 1.0, 1.0), (1.0, 1.0, 1.0), (1.0, -1.0, -1.0), (-1.0, 1.0, 1.0)) -1.997905969619751
48 ((1.0, 1.0, 1.0), (-1.0, 1.0, 1.0), (1.0, -1.0, -1.0), (1.0, -1.0, -1.0), (1.0, 1.0, 1.0), (1.0, -1.0, -1.0)) -1.8106179237365723
