Importing module 'gym_38' (/home/abhinav/Downloads/IsaacGym_Preview_4_Package/isaacgym/python/isaacgym/_bindings/linux-x86_64/gym_38.so)
Setting GYM_USD_PLUG_INFO_PATH to /home/abhinav/Downloads/IsaacGym_Preview_4_Package/isaacgym/python/isaacgym/_bindings/linux-x86_64/usd/plugInfo.json
PyTorch version 2.3.1+cu118
Device count 1
/home/abhinav/Downloads/IsaacGym_Preview_4_Package/isaacgym/python/isaacgym/_bindings/src/gymtorch
ninja: no work to do.
CCAI_PATH /home/abhinav/Documents/ccai
Not connected to PVD
+++ Using GPU PhysX
Physics Engine: PhysX
Physics Device: cuda:0
GPU Pipeline: enabled
Using VHACD cache directory '/home/abhinav/.isaacgym/vhacd'
Found existing convex decomposition for mesh '/home/abhinav/Documents/git_packages/isaacgym-arm-envs/isaac_victor_envs/assets/xela_models/mesh/allegro/base_ns.stl'
Found existing convex decomposition for mesh '/home/abhinav/Documents/git_packages/isaacgym-arm-envs/isaac_victor_envs/assets/xela_models/mesh/allegro/link_1.0.stl'
Found existing convex decomposition for mesh '/home/abhinav/Documents/git_packages/isaacgym-arm-envs/isaac_victor_envs/assets/xela_models/mesh/ft_c.stl'
[ models/temporal ] Channel dimensions: [(36, 128), (128, 256), (256, 512)]
[ models/temporal ] Channel dimensions: [(36, 128), (128, 256), (256, 512)]
[ models/temporal ] Channel dimensions: [(36, 128), (128, 256), (256, 512)]
2048
4 128 4
Loaded trajectory sampler
3 ((-1.0, -1.0, -1.0),) 0.06403148174285889
4 ((-1.0, -1.0, -1.0), (1.0, 1.0, 1.0)) 0.0016652345657348633
5 ((-1.0, -1.0, -1.0), (1.0, 1.0, 1.0), (1.0, -1.0, -1.0)) -0.0624731183052063
6 ((-1.0, -1.0, -1.0), (1.0, 1.0, 1.0), (-1.0, 1.0, 1.0)) -0.010330796241760254
7 ((-1.0, -1.0, -1.0), (1.0, 1.0, 1.0), (-1.0, 1.0, 1.0), (1.0, 1.0, 1.0)) -0.36341381072998047
8 ((-1.0, -1.0, -1.0), (1.0, -1.0, -1.0)) -0.05992001295089722
9 ((-1.0, -1.0, -1.0), (-1.0, 1.0, 1.0)) 0.022961020469665527
10 ((-1.0, -1.0, -1.0), (1.0, 1.0, 1.0), (1.0, -1.0, -1.0), (1.0, 1.0, 1.0)) -0.061708152294158936
11 ((-1.0, -1.0, -1.0), (1.0, 1.0, 1.0), (1.0, -1.0, -1.0), (-1.0, 1.0, 1.0)) -0.126956969499588
12 ((-1.0, -1.0, -1.0), (1.0, 1.0, 1.0), (-1.0, 1.0, 1.0), (1.0, 1.0, 1.0), (-1.0, 1.0, 1.0)) -0.3840779960155487
13 ((-1.0, -1.0, -1.0), (1.0, 1.0, 1.0), (-1.0, 1.0, 1.0), (1.0, 1.0, 1.0), (-1.0, 1.0, 1.0), (1.0, 1.0, 1.0)) -0.728655993938446
14 ((-1.0, -1.0, -1.0), (1.0, 1.0, 1.0), (-1.0, 1.0, 1.0), (1.0, 1.0, 1.0), (-1.0, 1.0, 1.0), (1.0, 1.0, 1.0), (1.0, 1.0, 1.0)) -1.0616495609283447
15 ((-1.0, -1.0, -1.0), (1.0, 1.0, 1.0), (-1.0, 1.0, 1.0), (1.0, 1.0, 1.0), (-1.0, 1.0, 1.0), (1.0, 1.0, 1.0), (1.0, 1.0, 1.0), (1.0, -1.0, -1.0)) -1.2063491344451904
16 ((-1.0, -1.0, -1.0), (1.0, 1.0, 1.0), (-1.0, 1.0, 1.0), (1.0, 1.0, 1.0), (-1.0, 1.0, 1.0), (1.0, 1.0, 1.0), (1.0, 1.0, 1.0), (1.0, -1.0, -1.0), (1.0, -1.0, -1.0)) -1.559046983718872
Contact sequence search time: 31.813298227993073
['pregrasp', 'turn', 'index', 'turn', 'index', 'turn', 'turn', 'thumb_middle', 'thumb_middle']
{}
[ models/temporal ] Channel dimensions: [(36, 128), (128, 256), (256, 512)]
[ models/temporal ] Channel dimensions: [(36, 128), (128, 256), (256, 512)]
[ models/temporal ] Channel dimensions: [(36, 128), (128, 256), (256, 512)]
2048
4 128 4
Loaded trajectory sampler
3 ((-1.0, -1.0, -1.0),) 0.07873916625976562
4 ((-1.0, -1.0, -1.0), (1.0, 1.0, 1.0)) 0.03424429893493652
5 ((-1.0, -1.0, -1.0), (1.0, 1.0, 1.0), (1.0, -1.0, -1.0)) -0.004389286041259766
6 ((-1.0, -1.0, -1.0), (1.0, 1.0, 1.0), (-1.0, 1.0, 1.0)) 0.005326390266418457
7 ((-1.0, -1.0, -1.0), (1.0, -1.0, -1.0)) 0.023335397243499756
8 ((-1.0, -1.0, -1.0), (-1.0, 1.0, 1.0)) 0.03249359130859375
9 ((-1.0, -1.0, -1.0), (1.0, 1.0, 1.0), (-1.0, 1.0, 1.0), (1.0, 1.0, 1.0)) -0.0254439115524292
10 ((-1.0, -1.0, -1.0), (1.0, 1.0, 1.0), (-1.0, 1.0, 1.0), (1.0, -1.0, -1.0)) -0.15283232927322388
11 ((-1.0, -1.0, -1.0), (1.0, 1.0, 1.0), (1.0, -1.0, -1.0), (1.0, 1.0, 1.0)) 0.008802592754364014
12 ((-1.0, -1.0, -1.0), (1.0, 1.0, 1.0), (1.0, -1.0, -1.0), (-1.0, 1.0, 1.0)) -0.06517928838729858
13 ((-1.0, -1.0, -1.0), (1.0, 1.0, 1.0), (1.0, -1.0, -1.0), (-1.0, 1.0, 1.0), (1.0, 1.0, 1.0)) -0.525016725063324
14 ((-1.0, -1.0, -1.0), (1.0, 1.0, 1.0), (1.0, -1.0, -1.0), (-1.0, 1.0, 1.0), (1.0, 1.0, 1.0), (1.0, -1.0, -1.0)) -0.7109363079071045
15 ((-1.0, -1.0, -1.0), (1.0, 1.0, 1.0), (1.0, -1.0, -1.0), (-1.0, 1.0, 1.0), (1.0, 1.0, 1.0), (1.0, -1.0, -1.0), (1.0, 1.0, 1.0)) -1.0965534448623657
16 ((-1.0, -1.0, -1.0), (1.0, 1.0, 1.0), (1.0, -1.0, -1.0), (-1.0, 1.0, 1.0), (1.0, 1.0, 1.0), (1.0, -1.0, -1.0), (1.0, 1.0, 1.0), (1.0, 1.0, 1.0)) -1.4314687252044678
17 ((-1.0, -1.0, -1.0), (1.0, 1.0, 1.0), (1.0, -1.0, -1.0), (-1.0, 1.0, 1.0), (1.0, 1.0, 1.0), (1.0, -1.0, -1.0), (1.0, 1.0, 1.0), (1.0, 1.0, 1.0), (1.0, 1.0, 1.0)) -1.834761142730713
Contact sequence search time: 33.15496023200103
['pregrasp', 'turn', 'thumb_middle', 'index', 'turn', 'thumb_middle', 'turn', 'turn', 'turn']
{}
[ models/temporal ] Channel dimensions: [(36, 128), (128, 256), (256, 512)]
[ models/temporal ] Channel dimensions: [(36, 128), (128, 256), (256, 512)]
[ models/temporal ] Channel dimensions: [(36, 128), (128, 256), (256, 512)]
2048
4 128 4
Loaded trajectory sampler
3 ((-1.0, -1.0, -1.0),) 0.08114385604858398
4 ((-1.0, -1.0, -1.0), (1.0, 1.0, 1.0)) -0.2662896513938904
5 ((-1.0, -1.0, -1.0), (1.0, 1.0, 1.0), (-1.0, 1.0, 1.0)) -0.33875349164009094
6 ((-1.0, -1.0, -1.0), (1.0, 1.0, 1.0), (-1.0, 1.0, 1.0), (1.0, 1.0, 1.0)) -0.745407223701477
7 ((-1.0, -1.0, -1.0), (1.0, 1.0, 1.0), (1.0, -1.0, -1.0)) -0.2865619361400604
8 ((-1.0, -1.0, -1.0), (1.0, 1.0, 1.0), (1.0, -1.0, -1.0), (1.0, 1.0, 1.0)) -0.6973667144775391
9 ((-1.0, -1.0, -1.0), (1.0, 1.0, 1.0), (1.0, -1.0, -1.0), (1.0, 1.0, 1.0), (1.0, 1.0, 1.0)) -1.1352262496948242
10 ((-1.0, -1.0, -1.0), (1.0, 1.0, 1.0), (1.0, -1.0, -1.0), (1.0, 1.0, 1.0), (1.0, 1.0, 1.0), (1.0, 1.0, 1.0)) -1.3898086547851562
11 ((-1.0, -1.0, -1.0), (1.0, 1.0, 1.0), (1.0, -1.0, -1.0), (1.0, 1.0, 1.0), (1.0, 1.0, 1.0), (1.0, 1.0, 1.0), (1.0, -1.0, -1.0)) -1.557478666305542
Contact sequence search time: 19.523274937004317
['pregrasp', 'turn', 'thumb_middle', 'turn', 'turn', 'turn', 'thumb_middle']
{}
[ models/temporal ] Channel dimensions: [(36, 128), (128, 256), (256, 512)]
[ models/temporal ] Channel dimensions: [(36, 128), (128, 256), (256, 512)]
[ models/temporal ] Channel dimensions: [(36, 128), (128, 256), (256, 512)]
2048
4 128 4
Loaded trajectory sampler
3 ((-1.0, -1.0, -1.0),) -0.06470829248428345
4 ((-1.0, -1.0, -1.0), (1.0, 1.0, 1.0)) -0.43520787358283997
5 ((-1.0, -1.0, -1.0), (1.0, 1.0, 1.0), (1.0, -1.0, -1.0)) -0.47376173734664917
6 ((-1.0, -1.0, -1.0), (1.0, 1.0, 1.0), (1.0, -1.0, -1.0), (1.0, 1.0, 1.0)) -0.9492756724357605
7 ((-1.0, -1.0, -1.0), (1.0, 1.0, 1.0), (1.0, -1.0, -1.0), (1.0, 1.0, 1.0), (1.0, 1.0, 1.0)) -1.348729133605957
8 ((-1.0, -1.0, -1.0), (1.0, 1.0, 1.0), (1.0, -1.0, -1.0), (1.0, 1.0, 1.0), (1.0, 1.0, 1.0), (1.0, 1.0, 1.0)) -1.674775242805481
Contact sequence search time: 12.904444729996612
['pregrasp', 'turn', 'thumb_middle', 'turn', 'turn', 'turn']
{}
[ models/temporal ] Channel dimensions: [(36, 128), (128, 256), (256, 512)]
[ models/temporal ] Channel dimensions: [(36, 128), (128, 256), (256, 512)]
[ models/temporal ] Channel dimensions: [(36, 128), (128, 256), (256, 512)]
2048
4 128 4
Loaded trajectory sampler
3 ((-1.0, -1.0, -1.0),) -0.03921276330947876
4 ((-1.0, -1.0, -1.0), (1.0, 1.0, 1.0)) -0.0153428316116333
5 ((-1.0, -1.0, -1.0), (1.0, 1.0, 1.0), (1.0, -1.0, -1.0)) -0.023267745971679688
6 ((-1.0, -1.0, -1.0), (1.0, 1.0, 1.0), (-1.0, 1.0, 1.0)) 0.027185022830963135
7 ((-1.0, -1.0, -1.0), (1.0, -1.0, -1.0)) -0.051468491554260254
8 ((-1.0, -1.0, -1.0), (-1.0, 1.0, 1.0)) -0.042385995388031006
9 ((-1.0, -1.0, -1.0), (1.0, 1.0, 1.0), (1.0, -1.0, -1.0), (1.0, 1.0, 1.0)) -0.032007694244384766
10 ((-1.0, -1.0, -1.0), (1.0, 1.0, 1.0), (-1.0, 1.0, 1.0), (1.0, 1.0, 1.0)) -0.0022066235542297363
11 ((-1.0, -1.0, -1.0), (1.0, 1.0, 1.0), (1.0, -1.0, -1.0), (-1.0, 1.0, 1.0)) -0.08516114950180054
12 ((-1.0, -1.0, -1.0), (1.0, -1.0, -1.0), (1.0, 1.0, 1.0)) -0.10459142923355103
13 ((-1.0, -1.0, -1.0), (1.0, 1.0, 1.0), (-1.0, 1.0, 1.0), (1.0, -1.0, -1.0)) -0.008111715316772461
14 ((-1.0, -1.0, -1.0), (-1.0, 1.0, 1.0), (1.0, 1.0, 1.0)) -0.04911166429519653
15 ((-1.0, -1.0, -1.0), (-1.0, 1.0, 1.0), (1.0, -1.0, -1.0)) -0.08206784725189209
16 ((-1.0, -1.0, -1.0), (1.0, -1.0, -1.0), (-1.0, 1.0, 1.0)) -0.026831209659576416
17 ((-1.0, -1.0, -1.0), (1.0, 1.0, 1.0), (1.0, -1.0, -1.0), (1.0, 1.0, 1.0), (1.0, -1.0, -1.0)) -0.15176433324813843
18 ((-1.0, -1.0, -1.0), (1.0, 1.0, 1.0), (1.0, -1.0, -1.0), (1.0, 1.0, 1.0), (1.0, -1.0, -1.0), (1.0, 1.0, 1.0)) -0.5528213977813721
19 ((-1.0, -1.0, -1.0), (1.0, 1.0, 1.0), (1.0, -1.0, -1.0), (1.0, 1.0, 1.0), (1.0, -1.0, -1.0), (1.0, 1.0, 1.0), (1.0, 1.0, 1.0)) -0.9153677225112915
20 ((-1.0, -1.0, -1.0), (1.0, 1.0, 1.0), (1.0, -1.0, -1.0), (1.0, 1.0, 1.0), (1.0, -1.0, -1.0), (1.0, 1.0, 1.0), (1.0, 1.0, 1.0), (1.0, 1.0, 1.0)) -1.1959419250488281
21 ((-1.0, -1.0, -1.0), (1.0, 1.0, 1.0), (1.0, -1.0, -1.0), (1.0, 1.0, 1.0), (1.0, -1.0, -1.0), (1.0, 1.0, 1.0), (1.0, 1.0, 1.0), (1.0, 1.0, 1.0), (1.0, 1.0, 1.0)) -1.5742567777633667
Contact sequence search time: 41.70156694999605
['pregrasp', 'turn', 'thumb_middle', 'turn', 'thumb_middle', 'turn', 'turn', 'turn', 'turn']
{}
[ models/temporal ] Channel dimensions: [(36, 128), (128, 256), (256, 512)]
[ models/temporal ] Channel dimensions: [(36, 128), (128, 256), (256, 512)]
[ models/temporal ] Channel dimensions: [(36, 128), (128, 256), (256, 512)]
2048
4 128 4
Loaded trajectory sampler
3 ((-1.0, -1.0, -1.0),) -0.032317399978637695
4 ((-1.0, -1.0, -1.0), (1.0, 1.0, 1.0)) -0.03551590442657471
5 ((-1.0, -1.0, -1.0), (1.0, 1.0, 1.0), (1.0, -1.0, -1.0)) -0.06978559494018555
6 ((-1.0, -1.0, -1.0), (1.0, 1.0, 1.0), (-1.0, 1.0, 1.0)) -0.06912273168563843
7 ((-1.0, -1.0, -1.0), (-1.0, 1.0, 1.0)) -0.1009683907032013
8 ((-1.0, -1.0, -1.0), (1.0, -1.0, -1.0)) -0.06898683309555054
9 ((-1.0, -1.0, -1.0), (1.0, 1.0, 1.0), (1.0, -1.0, -1.0), (1.0, 1.0, 1.0)) -0.06151372194290161
10 ((-1.0, -1.0, -1.0), (1.0, 1.0, 1.0), (-1.0, 1.0, 1.0), (1.0, 1.0, 1.0)) -0.04141503572463989
11 ((-1.0, -1.0, -1.0), (1.0, 1.0, 1.0), (-1.0, 1.0, 1.0), (1.0, -1.0, -1.0)) -0.10509714484214783
12 ((-1.0, -1.0, -1.0), (1.0, 1.0, 1.0), (1.0, -1.0, -1.0), (-1.0, 1.0, 1.0)) -0.05273932218551636
13 ((-1.0, -1.0, -1.0), (-1.0, 1.0, 1.0), (1.0, 1.0, 1.0)) -0.09521228075027466
14 ((-1.0, -1.0, -1.0), (1.0, -1.0, -1.0), (1.0, 1.0, 1.0)) -0.08331543207168579
15 ((-1.0, -1.0, -1.0), (1.0, -1.0, -1.0), (-1.0, 1.0, 1.0)) -0.13328149914741516
16 ((-1.0, -1.0, -1.0), (-1.0, 1.0, 1.0), (1.0, -1.0, -1.0)) -0.010981857776641846
17 ((-1.0, -1.0, -1.0), (-1.0, 1.0, 1.0), (1.0, -1.0, -1.0), (1.0, 1.0, 1.0)) -0.4158385694026947
18 ((-1.0, -1.0, -1.0), (1.0, 1.0, 1.0), (-1.0, 1.0, 1.0), (1.0, 1.0, 1.0), (1.0, -1.0, -1.0)) -0.09180939197540283
19 ((-1.0, -1.0, -1.0), (1.0, 1.0, 1.0), (1.0, -1.0, -1.0), (1.0, 1.0, 1.0), (1.0, -1.0, -1.0)) -0.07565969228744507
20 ((-1.0, -1.0, -1.0), (1.0, 1.0, 1.0), (1.0, -1.0, -1.0), (1.0, 1.0, 1.0), (1.0, -1.0, -1.0), (1.0, 1.0, 1.0)) -0.506017804145813
21 ((-1.0, -1.0, -1.0), (1.0, 1.0, 1.0), (1.0, -1.0, -1.0), (1.0, 1.0, 1.0), (1.0, -1.0, -1.0), (1.0, 1.0, 1.0), (1.0, 1.0, 1.0)) -0.8840851783752441
22 ((-1.0, -1.0, -1.0), (1.0, 1.0, 1.0), (1.0, -1.0, -1.0), (1.0, 1.0, 1.0), (1.0, -1.0, -1.0), (1.0, 1.0, 1.0), (1.0, 1.0, 1.0), (1.0, 1.0, 1.0)) -1.254145860671997
23 ((-1.0, -1.0, -1.0), (1.0, 1.0, 1.0), (1.0, -1.0, -1.0), (1.0, 1.0, 1.0), (1.0, -1.0, -1.0), (1.0, 1.0, 1.0), (1.0, 1.0, 1.0), (1.0, 1.0, 1.0), (1.0, 1.0, 1.0)) -1.594835877418518
Contact sequence search time: 46.56297143500706
['pregrasp', 'turn', 'thumb_middle', 'turn', 'thumb_middle', 'turn', 'turn', 'turn', 'turn']
{}
[ models/temporal ] Channel dimensions: [(36, 128), (128, 256), (256, 512)]
[ models/temporal ] Channel dimensions: [(36, 128), (128, 256), (256, 512)]
[ models/temporal ] Channel dimensions: [(36, 128), (128, 256), (256, 512)]
2048
4 128 4
Loaded trajectory sampler
3 ((-1.0, -1.0, -1.0),) -0.053684771060943604
4 ((-1.0, -1.0, -1.0), (1.0, 1.0, 1.0)) -0.09712031483650208
5 ((-1.0, -1.0, -1.0), (1.0, 1.0, 1.0), (1.0, -1.0, -1.0)) -0.13661125302314758
6 ((-1.0, -1.0, -1.0), (1.0, 1.0, 1.0), (-1.0, 1.0, 1.0)) -0.031773388385772705
7 ((-1.0, -1.0, -1.0), (1.0, -1.0, -1.0)) -0.12185049057006836
8 ((-1.0, -1.0, -1.0), (-1.0, 1.0, 1.0)) -0.05796921253204346
9 ((-1.0, -1.0, -1.0), (1.0, 1.0, 1.0), (1.0, -1.0, -1.0), (1.0, 1.0, 1.0)) -0.15321564674377441
10 ((-1.0, -1.0, -1.0), (1.0, 1.0, 1.0), (-1.0, 1.0, 1.0), (1.0, 1.0, 1.0)) -0.03367185592651367
11 ((-1.0, -1.0, -1.0), (1.0, 1.0, 1.0), (1.0, -1.0, -1.0), (-1.0, 1.0, 1.0)) -0.1558944284915924
12 ((-1.0, -1.0, -1.0), (1.0, -1.0, -1.0), (1.0, 1.0, 1.0)) -0.14960962533950806
13 ((-1.0, -1.0, -1.0), (1.0, 1.0, 1.0), (-1.0, 1.0, 1.0), (1.0, -1.0, -1.0)) -0.06843262910842896
14 ((-1.0, -1.0, -1.0), (-1.0, 1.0, 1.0), (1.0, 1.0, 1.0)) -0.06834018230438232
15 ((-1.0, -1.0, -1.0), (-1.0, 1.0, 1.0), (1.0, -1.0, -1.0)) -0.08704674243927002
16 ((-1.0, -1.0, -1.0), (1.0, -1.0, -1.0), (-1.0, 1.0, 1.0)) -0.07801491022109985
17 ((-1.0, -1.0, -1.0), (1.0, 1.0, 1.0), (1.0, -1.0, -1.0), (1.0, 1.0, 1.0), (1.0, -1.0, -1.0)) -0.12289342284202576
18 ((-1.0, -1.0, -1.0), (1.0, 1.0, 1.0), (1.0, -1.0, -1.0), (1.0, 1.0, 1.0), (-1.0, 1.0, 1.0)) -0.08699703216552734
19 ((-1.0, -1.0, -1.0), (1.0, 1.0, 1.0), (1.0, -1.0, -1.0), (-1.0, 1.0, 1.0), (1.0, 1.0, 1.0)) -0.13852590322494507
20 ((-1.0, -1.0, -1.0), (1.0, 1.0, 1.0), (1.0, 1.0, 1.0)) -0.08439368009567261
21 ((-1.0, -1.0, -1.0), (1.0, 1.0, 1.0), (-1.0, 1.0, 1.0), (1.0, 1.0, 1.0), (1.0, -1.0, -1.0)) -0.04622131586074829
22 ((-1.0, -1.0, -1.0), (1.0, 1.0, 1.0), (-1.0, 1.0, 1.0), (1.0, 1.0, 1.0), (-1.0, 1.0, 1.0)) -0.045368969440460205
23 ((-1.0, -1.0, -1.0), (1.0, 1.0, 1.0), (1.0, -1.0, -1.0), (-1.0, 1.0, 1.0), (1.0, -1.0, -1.0)) -0.18609735369682312
24 ((-1.0, -1.0, -1.0), (1.0, -1.0, -1.0), (1.0, 1.0, 1.0), (1.0, -1.0, -1.0)) -0.15585455298423767
25 ((-1.0, -1.0, -1.0), (1.0, 1.0, 1.0), (-1.0, 1.0, 1.0), (1.0, -1.0, -1.0), (1.0, 1.0, 1.0)) -0.05327671766281128
26 ((-1.0, -1.0, -1.0), (-1.0, 1.0, 1.0), (1.0, 1.0, 1.0), (1.0, -1.0, -1.0)) -0.13591772317886353
27 ((-1.0, -1.0, -1.0), (1.0, -1.0, -1.0), (1.0, 1.0, 1.0), (-1.0, 1.0, 1.0)) -0.09752416610717773
28 ((-1.0, -1.0, -1.0), (1.0, 1.0, 1.0), (-1.0, 1.0, 1.0), (1.0, -1.0, -1.0), (-1.0, 1.0, 1.0)) -0.10056567192077637
29 ((-1.0, -1.0, -1.0), (1.0, -1.0, -1.0), (-1.0, 1.0, 1.0), (1.0, 1.0, 1.0)) -0.12728354334831238
30 ((-1.0, -1.0, -1.0), (-1.0, 1.0, 1.0), (1.0, 1.0, 1.0), (-1.0, 1.0, 1.0)) -0.030178189277648926
31 ((-1.0, -1.0, -1.0), (1.0, -1.0, -1.0), (-1.0, 1.0, 1.0), (1.0, -1.0, -1.0)) -0.17446452379226685
32 ((-1.0, -1.0, -1.0), (-1.0, 1.0, 1.0), (1.0, -1.0, -1.0), (1.0, 1.0, 1.0)) -0.0666927695274353
33 ((-1.0, -1.0, -1.0), (1.0, 1.0, 1.0), (1.0, -1.0, -1.0), (1.0, 1.0, 1.0), (1.0, -1.0, -1.0), (-1.0, 1.0, 1.0)) -0.19687896966934204
34 ((-1.0, -1.0, -1.0), (1.0, 1.0, 1.0), (1.0, -1.0, -1.0), (1.0, 1.0, 1.0), (1.0, -1.0, -1.0), (-1.0, 1.0, 1.0), (1.0, 1.0, 1.0)) -0.5673338174819946
35 ((-1.0, -1.0, -1.0), (1.0, 1.0, 1.0), (1.0, -1.0, -1.0), (1.0, 1.0, 1.0), (1.0, -1.0, -1.0), (-1.0, 1.0, 1.0), (1.0, 1.0, 1.0), (1.0, 1.0, 1.0)) -0.9818049073219299
36 ((-1.0, -1.0, -1.0), (1.0, 1.0, 1.0), (1.0, -1.0, -1.0), (1.0, 1.0, 1.0), (1.0, -1.0, -1.0), (-1.0, 1.0, 1.0), (1.0, 1.0, 1.0), (1.0, 1.0, 1.0), (1.0, 1.0, 1.0)) -1.3192062377929688
37 ((-1.0, -1.0, -1.0), (1.0, 1.0, 1.0), (1.0, -1.0, -1.0), (1.0, 1.0, 1.0), (1.0, -1.0, -1.0), (-1.0, 1.0, 1.0), (1.0, 1.0, 1.0), (1.0, 1.0, 1.0), (1.0, 1.0, 1.0), (1.0, 1.0, 1.0)) -1.5738438367843628
Contact sequence search time: 78.57923020400631
['pregrasp', 'turn', 'thumb_middle', 'turn', 'thumb_middle', 'index', 'turn', 'turn', 'turn', 'turn']
{}
