Importing module 'gym_38' (/home/abhinav/Documents/isaacgym/python/isaacgym/_bindings/linux-x86_64/gym_38.so)
Setting GYM_USD_PLUG_INFO_PATH to /home/abhinav/Documents/isaacgym/python/isaacgym/_bindings/linux-x86_64/usd/plugInfo.json
PyTorch version 2.4.1+cu121
Device count 2
/home/abhinav/Documents/isaacgym/python/isaacgym/_bindings/src/gymtorch
ninja: no work to do.
No ROS install found, continuing
CCAI_PATH /home/abhinav/Documents/ccai
Not connected to PVD
Physics Engine: PhysX
Physics Device: cpu
GPU Pipeline: disabled
Using VHACD cache directory '/home/abhinav/.isaacgym/vhacd'
Found existing convex decomposition for mesh '/home/abhinav/Documents/github/isaacgym-arm-envs/isaac_victor_envs/assets/xela_models/mesh/allegro/base_ns.stl'
Found existing convex decomposition for mesh '/home/abhinav/Documents/github/isaacgym-arm-envs/isaac_victor_envs/assets/xela_models/mesh/allegro/link_1.0.stl'
Found existing convex decomposition for mesh '/home/abhinav/Documents/github/isaacgym-arm-envs/isaac_victor_envs/assets/xela_models/mesh/ft_c.stl'
[ models/temporal ] Channel dimensions: [(37, 128), (128, 256), (256, 512)]
[ models/temporal ] Channel dimensions: [(37, 128), (128, 256), (256, 512)]

Trial 401
No action perturbation this trial
Random perturbation %: 0.33
Loaded trajectory sampler
Current yaw: tensor([-0.0182, -0.0137,  3.0190], device='cuda:1')
Current yaw: tensor([-0.0182, -0.0137,  3.0190], device='cuda:1')
1 turn
Likelihood: -96.52303314208984
Sampling time 4.379861868044827
tensor([ 0.1363,  0.6298,  0.5451,  0.6384, -0.0900,  0.5700,  0.9375,  0.8324,
         1.2583,  0.2215,  0.2546,  1.2238, -0.0182, -0.0137,  3.0190],
       device='cuda:1')
Solve time for step 1 (global step 0) 9.771114637027495
Current ori: tensor([-0.0182, -0.0137,  3.0190], device='cuda:1')
Middle force: tensor([0.5165, 0.6412, 1.0858, 1.7517, 1.7611, 0.8661, 1.6906, 0.8059, 1.3684,
        0.5472, 1.0758, 1.1869], device='cuda:1')
Thumb force: tensor([1.8750, 1.0134, 3.5311, 2.1698, 0.9113, 1.7675, 1.8274, 1.3346, 1.1484,
        0.6945, 0.6541, 0.7006], device='cuda:1')
Index force: tensor([0.5834, 0.6337, 0.9944, 0.6076, 0.8625, 0.6841, 0.6779, 1.2400, 0.5176,
        0.5284, 0.5270, 0.7167], device='cuda:1')
Applying force: tensor([[-0.1170, -0.8672,  0.0000]]) at position: (0.004, 0.020, 0.034)
tensor([ 0.1062,  0.6454,  0.5048,  0.6180, -0.1135,  0.5620,  0.9146,  0.8700,
         1.2363,  0.3143,  0.2738,  1.1514, -0.0350,  0.0121,  2.9362],
       device='cuda:1')
Likelihood: -64.03919219970703
Solve time for step 2 (global step 1) 9.196240601013415
Current ori: tensor([-0.0350,  0.0121,  2.9362], device='cuda:1')
Middle force: tensor([0.7814, 0.5329, 0.5240, 1.4888, 1.7526, 1.3129, 1.2988, 1.2140, 0.9982,
        0.7713, 0.9938], device='cuda:1')
Thumb force: tensor([1.0646, 1.0837, 0.6824, 2.1688, 1.3468, 1.4112, 1.2657, 1.5735, 1.0760,
        1.5920, 0.5018], device='cuda:1')
Index force: tensor([1.1902, 0.7813, 0.7239, 0.6166, 0.8911, 0.8895, 1.5555, 0.6302, 0.7351,
        0.7830, 0.5873], device='cuda:1')
tensor([ 0.0949,  0.6851,  0.4724,  0.5412, -0.1182,  0.5466,  0.9025,  0.9436,
         1.2034,  0.3965,  0.3435,  1.0136, -0.0485,  0.0178,  2.8032],
       device='cuda:1')
Likelihood: -89.63087463378906
Solve time for step 3 (global step 2) 8.898261006979737
Current ori: tensor([-0.0485,  0.0178,  2.8032], device='cuda:1')
Middle force: tensor([0.5286, 0.5259, 1.4611, 1.7156, 1.3459, 1.3198, 1.2073, 0.9891, 0.7695,
        0.9754], device='cuda:1')
Thumb force: tensor([1.0690, 0.6697, 2.1131, 1.3096, 1.3644, 1.2002, 1.5255, 1.0555, 1.5473,
        0.5014], device='cuda:1')
Index force: tensor([0.7744, 0.7152, 0.6056, 0.8735, 0.8789, 1.5281, 0.6230, 0.7229, 0.7716,
        0.5830], device='cuda:1')
Applying force: tensor([[0.5053, 0.8719, 0.0000]]) at position: (-0.010, -0.017, 0.050)
tensor([ 0.0944,  0.6776,  0.4857,  0.5365, -0.1230,  0.5523,  0.8977,  0.9544,
         1.2318,  0.3665,  0.3137,  1.0320, -0.0469,  0.0184,  2.7272],
       device='cuda:1')
Likelihood: -88.26184844970703
Solve time for step 4 (global step 3) 8.583075663016643
Current ori: tensor([-0.0469,  0.0184,  2.7272], device='cuda:1')
Middle force: tensor([0.5161, 1.4403, 1.6828, 1.2669, 1.3041, 1.1647, 0.9593, 0.7583, 0.9487],
       device='cuda:1')
Thumb force: tensor([0.7029, 2.0428, 1.2741, 1.3770, 1.1712, 1.5092, 1.0466, 1.5118, 0.5013],
       device='cuda:1')
Index force: tensor([0.7314, 0.6008, 0.8537, 0.8663, 1.5001, 0.6159, 0.7137, 0.7625, 0.5774],
       device='cuda:1')
tensor([ 0.0818,  0.6684,  0.4895,  0.5259, -0.1347,  0.5588,  0.8864,  0.9343,
         1.2591,  0.3431,  0.2837,  1.0729, -0.0471,  0.0261,  2.7673],
       device='cuda:1')
Likelihood: -95.64332580566406
Solve time for step 5 (global step 4) 8.096812212956138
Current ori: tensor([-0.0471,  0.0261,  2.7673], device='cuda:1')
Middle force: tensor([1.4073, 1.6539, 1.2372, 1.2658, 1.1418, 0.9456, 0.7424, 0.9227],
       device='cuda:1')
Thumb force: tensor([1.9899, 1.2425, 1.3619, 1.1677, 1.4819, 1.0327, 1.4823, 0.5010],
       device='cuda:1')
Index force: tensor([0.6010, 0.8323, 0.8459, 1.4750, 0.6080, 0.7026, 0.7561, 0.5713],
       device='cuda:1')
Applying force: tensor([[1.0164, 0.4089, 0.0000]]) at position: (-0.019, -0.006, 0.013)
tensor([ 0.0708,  0.6797,  0.4705,  0.4938, -0.1446,  0.5815,  0.8622,  0.8968,
         1.2902,  0.3003,  0.2711,  1.0860, -0.0525,  0.0336,  2.8486],
       device='cuda:1')
Likelihood: -107.91341400146484
Solve time for step 6 (global step 5) 7.748790748009924
Current ori: tensor([-0.0525,  0.0336,  2.8486], device='cuda:1')
Middle force: tensor([1.6190, 1.2357, 1.2326, 1.1283, 0.9387, 0.7270, 0.8978],
       device='cuda:1')
Thumb force: tensor([1.2178, 1.3506, 1.1637, 1.4493, 1.0172, 1.4517, 0.5007],
       device='cuda:1')
Index force: tensor([0.8194, 0.8271, 1.4603, 0.6022, 0.6941, 0.7533, 0.5663],
       device='cuda:1')
Applying force: tensor([[ 0.0519, -0.6571,  0.0000]]) at position: (-0.002, 0.020, 0.008)
tensor([ 0.0604,  0.6620,  0.4803,  0.5149, -0.1526,  0.5968,  0.8444,  0.8770,
         1.2740,  0.3377,  0.2614,  1.1422, -0.0472,  0.0384,  2.9163],
       device='cuda:1')
Likelihood: -118.08340454101562
Solve time for step 7 (global step 6) 7.7507735879626125
Current ori: tensor([-0.0472,  0.0384,  2.9163], device='cuda:1')
Middle force: tensor([1.3133, 0.5389, 2.3919, 0.6772, 1.2241, 0.5590], device='cuda:1')
Thumb force: tensor([1.3356, 1.0482, 1.8486, 1.7955, 1.5049, 0.5488], device='cuda:1')
Index force: tensor([0.7837, 0.6185, 0.7913, 0.9447, 0.8764, 0.5708], device='cuda:1')
Applying force: tensor([[-0.1316, -1.1373,  0.0000]]) at position: (0.003, 0.020, 0.011)
tensor([ 0.0909,  0.6674,  0.4962,  0.5350, -0.0876,  0.4684,  0.9655,  1.1750,
         1.3109,  0.3266,  0.3200,  0.8173, -0.0517,  0.0149,  2.4628],
       device='cuda:1')
Likelihood: -188.4508056640625
State is out of distribution
Final likelihood: tensor([-3.3105, -3.8132, -4.3159, -4.3932, -4.6841, -5.0357, -5.1021, -5.1752,
        -5.2306, -5.2771, -6.1011, -6.2908, -6.4841, -6.5978, -7.0125, -7.1211],
       device='cuda:1', grad_fn=<IndexBackward0>)
Final likelihood: tensor([-3.3105, -3.8132, -4.3159, -4.3932, -4.6841, -5.0357, -5.1021, -5.1752,
        -5.2306, -5.2771, -6.1011, -6.2908, -6.4841, -6.5978, -7.0125, -7.1211],
       device='cuda:1', grad_fn=<IndexBackward0>)
1 mode projection succeeded
New goal: tensor([ 0.1451,  0.6302,  0.5623,  0.5526, -0.1119,  0.5919,  0.8338,  0.8831,
         1.1842,  0.3133,  0.2912,  1.1930, -0.0044,  0.0103,  2.4612],
       device='cuda:1')
tensor([[0.0006]], device='cuda:1') tensor([[0.0007]], device='cuda:1') tensor([[0.0006]], device='cuda:1')
Likelihood: -77.3679428100586
Likelihood: -168.25021362304688
{'index': 168.25021362304688, 'thumb_middle': 77.3679428100586}
Plan time: 18.93438493204303
Current yaw: tensor([-0.0518,  0.0143,  2.4612], device='cuda:1')
2 thumb_middle
tensor([ 0.0905,  0.6671,  0.4962,  0.5351, -0.0864,  0.4680,  0.9664,  1.1763,
         1.3110,  0.3265,  0.3199,  0.8161, -0.0518,  0.0143,  2.4612],
       device='cuda:1')
Solve time for step 1 (global step 7) 0.38868283899500966
Current ori: tensor([-0.0518,  0.0143,  2.4612], device='cuda:1')
Index force: tensor([0.5672, 0.5693, 0.5598], device='cuda:1')
tensor([ 0.1047,  0.6491,  0.5292,  0.5578, -0.1772,  0.4792,  0.8703,  1.0642,
         1.2282,  0.3093,  0.2427,  0.9041, -0.0460,  0.0058,  2.4617],
       device='cuda:1')
Solve time for step 2 (global step 8) 4.718932298012078
Current ori: tensor([-0.0460,  0.0058,  2.4617], device='cuda:1')
Index force: tensor([0.5616, 0.5532], device='cuda:1')
tensor([ 0.1096,  0.6201,  0.5585,  0.5894, -0.1920,  0.5245,  0.8238,  0.9335,
         1.1914,  0.2936,  0.2127,  1.0164, -0.0369,  0.0040,  2.4617],
       device='cuda:1')
Solve time for step 3 (global step 9) 4.765964713995345
Current ori: tensor([-0.0369,  0.0040,  2.4617], device='cuda:1')
Index force: tensor([0.5347], device='cuda:1')
Applying force: tensor([[0.3658, 0.7323, 0.0000]]) at position: (-0.008, -0.018, 0.071)
Current yaw: tensor([-0.0266, -0.0398,  2.5018], device='cuda:1')
3 turn
Likelihood: -100.91072082519531
Sampling time 4.372964848007541
tensor([ 0.1093,  0.6384,  0.5578,  0.5387, -0.0984,  0.6571,  0.8458,  0.8164,
         1.2014,  0.3248,  0.2753,  1.0260, -0.0266, -0.0398,  2.5018],
       device='cuda:1')
Solve time for step 1 (global step 10) 9.896839755005203
Current ori: tensor([-0.0266, -0.0398,  2.5018], device='cuda:1')
Middle force: tensor([1.8698, 2.9995, 1.8684, 0.6085, 1.2127, 1.6054, 1.2553, 0.9379, 0.5097,
        2.4977, 0.5127, 0.9425], device='cuda:1')
Thumb force: tensor([0.8969, 3.3480, 0.7124, 0.7370, 1.3088, 2.1965, 1.9162, 1.7617, 0.5852,
        1.8526, 1.7996, 1.2044], device='cuda:1')
Index force: tensor([1.1859, 1.0567, 0.7511, 0.5443, 1.4271, 0.6848, 0.5871, 1.2567, 0.9183,
        0.6726, 0.8355, 0.7336], device='cuda:1')
tensor([ 0.0908,  0.6475,  0.5305,  0.5298, -0.1032,  0.6714,  0.8660,  0.8970,
         1.1574,  0.4315,  0.3688,  0.8825, -0.0314, -0.0301,  2.4290],
       device='cuda:1')
Likelihood: -148.44287109375
Solve time for step 2 (global step 11) 9.218856168037746
Current ori: tensor([-0.0314, -0.0301,  2.4290], device='cuda:1')
Middle force: tensor([1.3380, 0.7125, 1.3089, 0.5151, 1.0550, 0.8150, 1.4218, 1.3713, 0.5526,
        1.3200, 1.2976], device='cuda:1')
Thumb force: tensor([1.1062, 1.2230, 1.1367, 0.8450, 0.8708, 1.1422, 1.7154, 1.0909, 1.1908,
        0.5545, 0.9852], device='cuda:1')
Index force: tensor([0.6451, 1.0777, 1.0510, 0.5479, 0.7788, 0.5657, 0.5151, 0.5317, 0.6804,
        0.5696, 0.7154], device='cuda:1')
tensor([ 0.0979,  0.6571,  0.5281,  0.5159, -0.1095,  0.6566,  0.8889,  0.9397,
         1.2497,  0.3169,  0.3258,  0.8166, -0.0369, -0.0329,  2.3563],
       device='cuda:1')
Likelihood: -144.49517822265625
Solve time for step 3 (global step 12) 8.746521099994425
Current ori: tensor([-0.0369, -0.0329,  2.3563], device='cuda:1')
Middle force: tensor([1.1652, 0.9728, 0.5346, 0.5561, 0.9481, 1.5138, 1.1159, 1.2608, 0.8237,
        1.4289], device='cuda:1')
Thumb force: tensor([1.7116, 0.5487, 0.9330, 0.5416, 1.5488, 1.0958, 0.5926, 1.6614, 0.5151,
        0.6670], device='cuda:1')
Index force: tensor([0.6767, 0.7073, 0.8898, 0.5989, 0.7845, 0.6630, 0.7823, 0.5510, 0.7808,
        0.5242], device='cuda:1')
tensor([ 0.1007,  0.6640,  0.5190,  0.5156, -0.1089,  0.6358,  0.9102,  0.9834,
         1.3007,  0.2641,  0.3705,  0.6588, -0.0431, -0.0325,  2.2133],
       device='cuda:1')
Likelihood: -162.4180450439453
Solve time for step 4 (global step 13) 8.058708188007586
Current ori: tensor([-0.0431, -0.0325,  2.2133], device='cuda:1')
Middle force: tensor([0.9796, 0.5369, 0.5570, 0.9415, 1.4750, 1.0746, 1.2280, 0.8172, 1.3943],
       device='cuda:1')
Thumb force: tensor([0.5453, 0.9114, 0.5359, 1.5047, 1.0752, 0.5848, 1.6183, 0.5117, 0.6523],
       device='cuda:1')
Index force: tensor([0.6913, 0.8681, 0.5916, 0.7674, 0.6591, 0.7736, 0.5457, 0.7683, 0.5211],
       device='cuda:1')
tensor([ 0.0911,  0.6526,  0.5209,  0.5308, -0.1172,  0.6250,  0.9141,  1.0106,
         1.3536,  0.2224,  0.3747,  0.5846, -0.0401, -0.0269,  2.1778],
       device='cuda:1')
Likelihood: -188.1124725341797
State is out of distribution
Final likelihood: tensor([ -2.5539,  -3.8380,  -4.6533,  -4.6868,  -4.8451,  -5.0920,  -5.4415,
         -5.7803,  -5.8859,  -6.1365,  -6.3828,  -7.3592,  -7.6637,  -8.1999,
         -8.4366, -10.1678], device='cuda:1', grad_fn=<IndexBackward0>)
Final likelihood: tensor([ -2.5539,  -3.8380,  -4.6533,  -4.6868,  -4.8451,  -5.0920,  -5.4415,
         -5.7803,  -5.8859,  -6.1365,  -6.3828,  -7.3592,  -7.6637,  -8.1999,
         -8.4366, -10.1678], device='cuda:1', grad_fn=<IndexBackward0>)
1 mode projection succeeded
New goal: tensor([ 0.1261,  0.6252,  0.5393,  0.5772, -0.1088,  0.5575,  0.8984,  0.8189,
         1.1941,  0.3548,  0.2675,  1.1646, -0.0112,  0.0132,  2.1776],
       device='cuda:1')
tensor([[0.0005]], device='cuda:1') tensor([[0.0005]], device='cuda:1') tensor([[0.0004]], device='cuda:1')
Likelihood: -101.90779876708984
Likelihood: -158.98851013183594
{'index': 158.98851013183594, 'thumb_middle': 101.90779876708984}
Plan time: 19.679375068924855
Current yaw: tensor([-0.0402, -0.0269,  2.1776], device='cuda:1')
4 thumb_middle
tensor([ 0.0909,  0.6524,  0.5209,  0.5309, -0.1171,  0.6252,  0.9141,  1.0106,
         1.3537,  0.2222,  0.3744,  0.5843, -0.0402, -0.0269,  2.1776],
       device='cuda:1')
Solve time for step 1 (global step 14) 0.37291710602585226
Current ori: tensor([-0.0402, -0.0269,  2.1776], device='cuda:1')
Index force: tensor([0.6672, 0.5602, 0.5666], device='cuda:1')
Applying force: tensor([[-0.9795,  0.1926,  0.0000]]) at position: (0.020, -0.003, 0.084)
tensor([ 0.0360,  0.6237,  0.4961,  0.5331, -0.2128,  0.5639,  0.8773,  0.9222,
         1.2625,  0.2714,  0.2699,  0.7664,  0.1135,  0.0715,  2.1966],
       device='cuda:1')
Solve time for step 2 (global step 15) 5.3013020130456425
Current ori: tensor([0.1135, 0.0715, 2.1966], device='cuda:1')
Index force: tensor([0.6802, 0.5711], device='cuda:1')
tensor([ 0.1357,  0.6474,  0.5889,  0.4831, -0.2315,  0.5317,  0.8749,  0.8824,
         1.2062,  0.3352,  0.2310,  1.0351,  0.1013,  0.0235,  2.1940],
       device='cuda:1')
Solve time for step 3 (global step 16) 5.098889155953657
Current ori: tensor([0.1013, 0.0235, 2.1940], device='cuda:1')
Index force: tensor([0.6080], device='cuda:1')
Current yaw: tensor([1.0860e-01, 1.7670e-03, 2.1888e+00], device='cuda:1')
5 turn
Likelihood: -142.56283569335938
Sampling time 4.250807714997791
tensor([ 1.5714e-01,  6.3915e-01,  6.2822e-01,  4.7706e-01, -1.2406e-01,
         5.0478e-01,  1.0025e+00,  9.7008e-01,  1.1320e+00,  4.2649e-01,
         3.0913e-01,  1.3451e+00,  1.0860e-01,  1.7670e-03,  2.1888e+00],
       device='cuda:1')
Solve time for step 1 (global step 17) 9.792389984009787
Current ori: tensor([1.0860e-01, 1.7670e-03, 2.1888e+00], device='cuda:1')
Middle force: tensor([1.1347, 0.5071, 0.7853, 0.7283, 1.1227, 0.7213, 1.1516, 0.9818, 1.3018,
        1.2083, 1.0205, 1.6278], device='cuda:1')
Thumb force: tensor([1.2665, 1.5457, 0.7048, 0.5713, 3.3413, 0.4950, 0.5389, 1.1712, 0.8416,
        1.6194, 0.8441, 0.8074], device='cuda:1')
Index force: tensor([0.7473, 1.4064, 1.0028, 1.0778, 1.6783, 0.6501, 0.5576, 0.8177, 0.7853,
        0.5487, 0.8357, 0.5742], device='cuda:1')
tensor([ 0.1439,  0.6791,  0.5117,  0.5742, -0.1420,  0.4999,  0.9883,  1.0299,
         1.1896,  0.4233,  0.2858,  1.2809,  0.1036,  0.0070,  2.0855],
       device='cuda:1')
Likelihood: -121.78438568115234
Solve time for step 2 (global step 18) 9.326371608010959
Current ori: tensor([0.1036, 0.0070, 2.0855], device='cuda:1')
Middle force: tensor([0.5198, 1.5056, 1.5937, 0.8880, 2.1269, 0.5016, 1.0317, 0.5139, 1.4153,
        0.9786, 0.7670], device='cuda:1')
Thumb force: tensor([1.6433, 1.4778, 1.7916, 0.6790, 1.0127, 0.6383, 1.6983, 0.5040, 1.0869,
        0.6026, 0.9677], device='cuda:1')
Index force: tensor([0.8824, 1.1939, 0.5601, 0.6377, 0.7065, 0.7880, 0.7235, 0.5892, 0.5032,
        0.6664, 0.7116], device='cuda:1')
tensor([ 0.1398,  0.6631,  0.5294,  0.5798, -0.1560,  0.4911,  0.9930,  1.0100,
         1.2093,  0.4625,  0.2765,  1.2654,  0.1039,  0.0165,  2.0540],
       device='cuda:1')
Likelihood: -138.98809814453125
Solve time for step 3 (global step 19) 9.133557324006688
Current ori: tensor([0.1039, 0.0165, 2.0540], device='cuda:1')
Middle force: tensor([1.8857, 0.9797, 0.7453, 1.2636, 0.5075, 1.8915, 0.8306, 1.6082, 0.7666,
        0.8703], device='cuda:1')
Thumb force: tensor([1.8392, 0.6433, 1.8472, 1.1062, 1.1621, 1.4276, 1.0402, 1.7605, 0.5121,
        0.9105], device='cuda:1')
Index force: tensor([0.6595, 0.8833, 0.7590, 0.5492, 0.9932, 0.9621, 0.5689, 0.7674, 0.5706,
        0.9681], device='cuda:1')
Applying force: tensor([[-0.5655,  0.5919,  0.0000]]) at position: (0.015, -0.014, 0.074)
tensor([ 0.1183,  0.6729,  0.5102,  0.5300, -0.1256,  0.4478,  1.0516,  1.1684,
         1.2575,  0.4431,  0.2587,  1.1300,  0.1057, -0.0191,  1.7581],
       device='cuda:1')
Likelihood: -201.8994903564453
State is out of distribution
Final likelihood: tensor([ -2.6037,  -2.9360,  -4.4310,  -5.3003,  -5.4378,  -5.5710,  -5.7507,
         -5.7791,  -6.2624,  -6.5654,  -7.6752,  -7.7159,  -8.3509,  -8.4135,
        -10.4403, -12.1604], device='cuda:1', grad_fn=<IndexBackward0>)
Final likelihood: tensor([ -2.6037,  -2.9360,  -4.4310,  -5.3003,  -5.4378,  -5.5710,  -5.7507,
         -5.7791,  -6.2624,  -6.5654,  -7.6752,  -7.7159,  -8.3509,  -8.4135,
        -10.4403, -12.1604], device='cuda:1', grad_fn=<IndexBackward0>)
1 mode projection succeeded
New goal: tensor([ 0.1610,  0.6172,  0.5534,  0.6376, -0.1372,  0.5450,  0.9317,  0.9037,
         1.2190,  0.2968,  0.2433,  1.2147,  0.0028,  0.0147,  1.7572],
       device='cuda:1')
tensor([[0.0007]], device='cuda:1') tensor([[0.0005]], device='cuda:1') tensor([[0.0003]], device='cuda:1')
Likelihood: -138.45361328125
Likelihood: -189.30172729492188
{'index': 189.30172729492188, 'thumb_middle': 138.45361328125}
Plan time: 21.72672250389587
Current yaw: tensor([ 0.1057, -0.0194,  1.7572], device='cuda:1')
6 thumb_middle
tensor([ 0.1181,  0.6729,  0.5100,  0.5298, -0.1254,  0.4480,  1.0520,  1.1690,
         1.2578,  0.4428,  0.2586,  1.1293,  0.1057, -0.0194,  1.7572],
       device='cuda:1')
Solve time for step 1 (global step 20) 0.2414340249961242
Current ori: tensor([ 0.1057, -0.0194,  1.7572], device='cuda:1')
Index force: tensor([0.5760, 0.5740, 0.5614], device='cuda:1')
Applying force: tensor([[ 0.7317, -0.1367,  0.0000]]) at position: (-0.020, 0.002, 0.024)
tensor([ 0.0761,  0.6556,  0.4992,  0.5131, -0.2378,  0.4300,  0.9550,  1.0597,
         1.2081,  0.4062,  0.1801,  1.1598,  0.0263, -0.0538,  1.8224],
       device='cuda:1')
Solve time for step 2 (global step 21) 5.909392546978779
Current ori: tensor([ 0.0263, -0.0538,  1.8224], device='cuda:1')
Index force: tensor([0.8129, 0.5558], device='cuda:1')
tensor([-0.0154,  0.6264,  0.4767,  0.4665, -0.2537,  0.4570,  0.9467,  1.0184,
         1.1558,  0.3492,  0.1547,  1.2277,  0.0324, -0.0046,  1.8223],
       device='cuda:1')
Solve time for step 3 (global step 22) 4.902916849998292
Current ori: tensor([ 0.0324, -0.0046,  1.8223], device='cuda:1')
Index force: tensor([0.5548], device='cuda:1')
Current yaw: tensor([2.6880e-02, 1.0269e-03, 1.8237e+00], device='cuda:1')
7 turn
Likelihood: -174.78759765625
State is out of distribution
Final likelihood: tensor([-3.2988, -4.2702, -4.3348, -4.7375, -5.0833, -6.3014, -6.4757, -6.5814,
        -6.7673, -6.9058, -6.9134, -7.3845, -7.3941, -8.3584, -8.9897, -9.0428],
       device='cuda:1', grad_fn=<IndexBackward0>)
Final likelihood: tensor([-3.2988, -4.2702, -4.3348, -4.7375, -5.0833, -6.3014, -6.4757, -6.5814,
        -6.7673, -6.9058, -6.9134, -7.3845, -7.3941, -8.3584, -8.9897, -9.0428],
       device='cuda:1', grad_fn=<IndexBackward0>)
1 mode projection succeeded
New goal: tensor([ 0.1262,  0.6233,  0.5407,  0.5794, -0.1483,  0.5620,  0.9342,  0.9484,
         1.2615,  0.2395,  0.2054,  1.2044, -0.0062, -0.0034,  1.8235],
       device='cuda:1')
tensor([[0.0006]], device='cuda:1') tensor([[0.0008]], device='cuda:1') tensor([[0.0007]], device='cuda:1')
Likelihood: -126.01499938964844
Likelihood: -144.92880249023438
{'index': 144.92880249023438, 'thumb_middle': 126.01499938964844}
Plan time: 19.191552222997416
Current yaw: tensor([2.6997e-02, 9.0619e-04, 1.8235e+00], device='cuda:1')
8 thumb_middle
tensor([-2.8428e-02,  6.7445e-01,  3.9162e-01,  4.6690e-01, -1.5546e-01,
         5.1046e-01,  1.0179e+00,  9.9558e-01,  1.2267e+00,  3.3409e-01,
         2.2478e-01,  1.2650e+00,  2.6997e-02,  9.0619e-04,  1.8235e+00],
       device='cuda:1')
Solve time for step 1 (global step 23) 0.38810005597770214
Current ori: tensor([2.6997e-02, 9.0619e-04, 1.8235e+00], device='cuda:1')
Index force: tensor([0.5405, 0.5483, 0.5631], device='cuda:1')
tensor([-0.0314,  0.6743,  0.3941,  0.4531, -0.2415,  0.4996,  0.9487,  0.9684,
         1.2092,  0.2763,  0.1530,  1.2327,  0.0261,  0.0027,  1.8235],
       device='cuda:1')
Solve time for step 2 (global step 24) 4.916393474966753
Current ori: tensor([0.0261, 0.0027, 1.8235], device='cuda:1')
Index force: tensor([0.5430, 0.5576], device='cuda:1')
Applying force: tensor([[0.7350, 0.1724, 0.0000]]) at position: (-0.019, -0.005, 0.096)
tensor([-0.0518,  0.7362,  0.4056,  0.4342, -0.2628,  0.4917,  0.9386,  0.9623,
         1.2063,  0.2573,  0.1369,  1.2087, -1.2460, -0.8898,  1.8235],
       device='cuda:1')
Solve time for step 3 (global step 25) 4.92499394499464
Current ori: tensor([-1.2460, -0.8898,  1.8235], device='cuda:1')
Index force: tensor([0.5050], device='cuda:1')
Probably dropped the object
tensor([-1.6935, -0.7208,  1.8219], device='cuda:1')
Likelihood: -643.869384765625
State is out of distribution
{}

Trial 402
No action perturbation this trial
Random perturbation %: 0.33
Loaded trajectory sampler
Current yaw: tensor([ 3.4220e-04,  7.5925e-03, -2.9959e+00], device='cuda:1')
Current yaw: tensor([ 3.4220e-04,  7.5925e-03, -2.9959e+00], device='cuda:1')
1 turn
Likelihood: -52.5350341796875
Sampling time 3.9779318170039915
tensor([ 1.1954e-01,  6.1246e-01,  5.6413e-01,  6.1654e-01, -1.1848e-01,
         5.4587e-01,  9.5626e-01,  8.6635e-01,  1.2237e+00,  2.7292e-01,
         3.0313e-01,  1.1720e+00,  3.4220e-04,  7.5925e-03, -2.9959e+00],
       device='cuda:1')
Solve time for step 1 (global step 0) 8.660114425991196
Current ori: tensor([ 3.4220e-04,  7.5925e-03, -2.9959e+00], device='cuda:1')
Middle force: tensor([0.5032, 0.6628, 1.0109, 1.0863, 0.5209, 0.6283, 1.2504, 1.4163, 1.2990,
        1.4187, 0.5359, 1.2407], device='cuda:1')
Thumb force: tensor([0.7262, 0.9395, 0.5285, 1.1369, 1.7388, 1.4175, 0.9917, 0.7237, 0.6852,
        0.8884, 0.9666, 1.5588], device='cuda:1')
Index force: tensor([0.7650, 0.5383, 0.9620, 0.6183, 1.5970, 0.9518, 0.7369, 0.5073, 0.5519,
        0.5255, 0.8739, 0.6495], device='cuda:1')
tensor([ 0.0984,  0.6573,  0.5116,  0.5544, -0.1317,  0.5525,  0.9124,  0.9167,
         1.2637,  0.2601,  0.3193,  1.0589, -0.0146,  0.0176, -3.1006],
       device='cuda:1')
Likelihood: -54.43452453613281
Solve time for step 2 (global step 1) 8.19695294497069
Current ori: tensor([-0.0146,  0.0176, -3.1006], device='cuda:1')
Middle force: tensor([0.5322, 0.7734, 0.6998, 1.0194, 1.0099, 1.1407, 0.9665, 1.1076, 0.9739,
        0.6169, 0.9951], device='cuda:1')
Thumb force: tensor([1.5502, 0.6911, 0.5185, 3.1883, 0.9718, 0.5104, 0.7050, 0.7127, 1.3726,
        0.8575, 0.9195], device='cuda:1')
Index force: tensor([1.3819, 0.8829, 1.0218, 1.6334, 0.7206, 0.7130, 0.6009, 0.6550, 0.6087,
        0.6803, 0.5127], device='cuda:1')
Applying force: tensor([[ 0.1877, -1.0848,  0.0000]]) at position: (-0.004, 0.020, 0.099)
tensor([ 0.1055,  0.6362,  0.5473,  0.5572, -0.1338,  0.5999,  0.8615,  0.9140,
         1.2096,  0.3149,  0.3342,  1.1108, -0.0099,  0.0151, -2.9978],
       device='cuda:1')
Likelihood: -51.72975540161133
Solve time for step 3 (global step 2) 8.219360635965131
Current ori: tensor([-0.0099,  0.0151, -2.9978], device='cuda:1')
Middle force: tensor([0.5044, 1.9480, 0.5653, 0.5101, 0.9343, 1.2750, 1.7754, 0.5509, 0.8223,
        0.5046], device='cuda:1')
Thumb force: tensor([0.9057, 0.5476, 1.5123, 1.9378, 2.1373, 1.5692, 1.7303, 1.1241, 1.1087,
        1.6123], device='cuda:1')
Index force: tensor([0.7925, 0.7875, 0.9579, 1.2279, 0.6758, 0.5339, 0.5311, 0.5114, 0.7938,
        1.2425], device='cuda:1')
tensor([ 0.1115,  0.6488,  0.5390,  0.5511, -0.1344,  0.5779,  0.8920,  0.9458,
         1.2540,  0.2663,  0.3021,  1.0900, -0.0131,  0.0107, -3.0934],
       device='cuda:1')
Likelihood: -61.09851837158203
Solve time for step 4 (global step 3) 8.20748054701835
Current ori: tensor([-0.0131,  0.0107, -3.0934], device='cuda:1')
Middle force: tensor([1.9812, 0.5541, 0.5055, 0.9116, 1.2323, 1.6966, 0.5354, 0.7865, 0.5008],
       device='cuda:1')
Thumb force: tensor([0.5662, 1.4230, 1.8676, 2.0776, 1.5043, 1.6508, 1.0855, 1.0682, 1.5558],
       device='cuda:1')
Index force: tensor([0.7848, 0.9322, 1.1981, 0.6528, 0.5279, 0.5226, 0.5068, 0.7791, 1.2188],
       device='cuda:1')
Applying force: tensor([[ 0.9541, -0.2254,  0.0000]]) at position: (-0.020, 0.003, 0.011)
tensor([ 0.1114,  0.6680,  0.5225,  0.5314, -0.1373,  0.6563,  0.8509,  0.8378,
         1.3059,  0.1808,  0.2389,  1.1838, -0.0185,  0.0068, -2.9984],
       device='cuda:1')
Likelihood: -83.11915588378906
Solve time for step 5 (global step 4) 8.494407679012511
Current ori: tensor([-0.0185,  0.0068, -2.9984], device='cuda:1')
Middle force: tensor([0.6340, 0.5086, 0.9573, 1.2080, 1.6364, 0.5262, 0.7656, 0.5002],
       device='cuda:1')
Thumb force: tensor([1.4280, 1.7683, 1.9948, 1.4520, 1.5774, 1.0255, 1.0202, 1.5280],
       device='cuda:1')
Index force: tensor([0.8089, 1.1670, 0.6391, 0.5234, 0.5163, 0.5042, 0.7631, 1.1865],
       device='cuda:1')
tensor([ 0.0988,  0.6588,  0.5154,  0.5437, -0.1438,  0.6948,  0.8078,  0.7687,
         1.2896,  0.2113,  0.2422,  1.2656, -0.0162,  0.0159, -2.9327],
       device='cuda:1')
Likelihood: -91.79327392578125
Solve time for step 6 (global step 5) 8.303042865998577
Current ori: tensor([-0.0162,  0.0159, -2.9327], device='cuda:1')
Middle force: tensor([0.5160, 1.0373, 1.1954, 1.5890, 0.5212, 0.7654, 0.5002],
       device='cuda:1')
Thumb force: tensor([1.7219, 1.9401, 1.4494, 1.5432, 0.9680, 0.9586, 1.4724],
       device='cuda:1')
Index force: tensor([1.0821, 0.6367, 0.5184, 0.5111, 0.5027, 0.7484, 1.1706],
       device='cuda:1')
tensor([ 0.0788,  0.6714,  0.4912,  0.5174, -0.1448,  0.7420,  0.7583,  0.6871,
         1.3106,  0.2101,  0.2210,  1.3562, -0.0208,  0.0265, -2.8641],
       device='cuda:1')
Likelihood: -137.6869659423828
Solve time for step 7 (global step 6) 8.156893541978206
Current ori: tensor([-0.0208,  0.0265, -2.8641], device='cuda:1')
Middle force: tensor([0.5005, 0.7042, 1.3126, 0.5498, 1.0275, 1.1219], device='cuda:1')
Thumb force: tensor([0.9599, 0.7530, 1.3542, 0.5847, 0.7699, 0.5001], device='cuda:1')
Index force: tensor([0.5187, 0.5644, 0.7133, 0.5489, 0.6486, 0.5865], device='cuda:1')
tensor([ 0.0703,  0.7004,  0.4483,  0.4843, -0.1375,  0.8155,  0.6768,  0.5859,
         1.3913,  0.1091,  0.1677,  1.4311, -0.0296,  0.0309, -2.7919],
       device='cuda:1')
Likelihood: -169.0921630859375
Solve time for step 8 (global step 7) 8.019869818002917
Current ori: tensor([-0.0296,  0.0309, -2.7919], device='cuda:1')
Middle force: tensor([1.1501, 1.5266, 0.5318, 0.6861, 0.5003], device='cuda:1')
Thumb force: tensor([1.4786, 1.6274, 0.8745, 1.0142, 1.3612], device='cuda:1')
Index force: tensor([0.5122, 0.5055, 0.5025, 0.7169, 1.1420], device='cuda:1')
Applying force: tensor([[-0.9739,  0.2162,  0.0000]]) at position: (0.019, -0.006, 0.058)
tensor([ 0.0561,  0.7151,  0.4236,  0.4429, -0.1524,  0.7951,  0.6906,  0.5984,
         1.3870,  0.1365,  0.1885,  1.3705, -0.0346,  0.0415, -2.8764],
       device='cuda:1')
Likelihood: -189.023681640625
State is out of distribution
Final likelihood: tensor([ -3.9250,  -4.2347,  -4.3925,  -4.7189,  -4.8094,  -5.3168,  -5.3618,
         -5.9258,  -5.9599,  -6.0726,  -8.5106,  -8.8159,  -9.2353,  -9.7545,
        -10.0135, -10.0557], device='cuda:1', grad_fn=<IndexBackward0>)
Final likelihood: tensor([ -3.9250,  -4.2347,  -4.3925,  -4.7189,  -4.8094,  -5.3168,  -5.3618,
         -5.9258,  -5.9599,  -6.0726,  -8.5106,  -8.8159,  -9.2353,  -9.7545,
        -10.0135, -10.0557], device='cuda:1', grad_fn=<IndexBackward0>)
1 mode projection succeeded
New goal: tensor([ 0.1344,  0.6209,  0.5360,  0.6076, -0.1187,  0.5906,  0.8578,  0.8463,
         1.2120,  0.3102,  0.2485,  1.2169,  0.0050,  0.0137, -2.8768],
       device='cuda:1')
tensor([[0.0004]], device='cuda:1') tensor([[0.0002]], device='cuda:1') tensor([[0.0007]], device='cuda:1')
Likelihood: -74.42745971679688
Likelihood: -141.99562072753906
{'index': 141.99562072753906, 'thumb_middle': 74.42745971679688}
Plan time: 20.709827754995786
Current yaw: tensor([-0.0345,  0.0413, -2.8768], device='cuda:1')
2 thumb_middle
tensor([ 0.0562,  0.7152,  0.4236,  0.4428, -0.1518,  0.7951,  0.6907,  0.5985,
         1.3870,  0.1363,  0.1883,  1.3703, -0.0345,  0.0413, -2.8768],
       device='cuda:1')
Solve time for step 1 (global step 8) 0.41688629798591137
Current ori: tensor([-0.0345,  0.0413, -2.8768], device='cuda:1')
Index force: tensor([0.6821, 0.5619, 0.5753], device='cuda:1')
Applying force: tensor([[1.1131, 0.4957, 0.0000]]) at position: (-0.018, -0.010, 0.001)
tensor([ 1.1576e-01,  7.0934e-01,  4.7895e-01,  5.0328e-01, -2.0926e-01,
         7.1813e-01,  7.3013e-01,  6.6588e-01,  1.2465e+00,  1.4996e-01,
         1.5527e-01,  1.3016e+00, -3.0223e-02,  2.5342e-03, -2.8568e+00],
       device='cuda:1')
Solve time for step 2 (global step 9) 5.4052880560047925
Current ori: tensor([-3.0223e-02,  2.5342e-03, -2.8568e+00], device='cuda:1')
Index force: tensor([0.5525, 0.5655], device='cuda:1')
Applying force: tensor([[ 0.8406, -0.6587,  0.0000]]) at position: (-0.015, 0.013, 0.051)
tensor([ 0.1435,  0.6832,  0.5216,  0.5607, -0.2072,  0.6597,  0.7566,  0.7324,
         1.2146,  0.1926,  0.1511,  1.2195, -0.0212, -0.0169, -2.8610],
       device='cuda:1')
Solve time for step 3 (global step 10) 5.037074243999086
Current ori: tensor([-0.0212, -0.0169, -2.8610], device='cuda:1')
Index force: tensor([0.5379], device='cuda:1')
Current yaw: tensor([-2.6729e-02,  2.0782e-04, -2.8777e+00], device='cuda:1')
3 turn
Likelihood: -101.28167724609375
Sampling time 3.9899473559926264
tensor([ 1.1395e-01,  6.9155e-01,  4.9843e-01,  5.1972e-01, -1.2646e-01,
         7.1203e-01,  7.9364e-01,  7.8430e-01,  1.2979e+00,  2.3902e-01,
         2.1562e-01,  1.1375e+00, -2.6729e-02,  2.0782e-04, -2.8777e+00],
       device='cuda:1')
Solve time for step 1 (global step 11) 9.261021079029888
Current ori: tensor([-2.6729e-02,  2.0782e-04, -2.8777e+00], device='cuda:1')
Middle force: tensor([0.5095, 0.6323, 1.1496, 0.5014, 0.6834, 0.9853, 0.6689, 0.6927, 1.1508,
        0.4949, 1.0837, 0.5229], device='cuda:1')
Thumb force: tensor([0.8851, 1.6383, 1.4909, 1.8169, 1.7576, 1.3652, 1.3180, 0.7092, 0.6253,
        0.5191, 0.5195, 0.8245], device='cuda:1')
Index force: tensor([0.7131, 0.7135, 0.6032, 0.6995, 0.7289, 1.1693, 0.7694, 0.5116, 0.6587,
        0.9053, 0.5774, 0.5462], device='cuda:1')
tensor([ 0.1099,  0.7029,  0.4879,  0.4863, -0.1329,  0.6962,  0.7886,  0.8578,
         1.3037,  0.2612,  0.2383,  1.0560, -0.0315,  0.0033, -2.9982],
       device='cuda:1')
Likelihood: -103.51669311523438
Solve time for step 2 (global step 12) 9.177126015012618
Current ori: tensor([-0.0315,  0.0033, -2.9982], device='cuda:1')
Middle force: tensor([0.5007, 0.7278, 0.7281, 1.0940, 1.0113, 0.9807, 1.0179, 0.5480, 0.7497,
        1.3568, 1.0050], device='cuda:1')
Thumb force: tensor([1.5372, 0.6755, 0.5685, 3.2622, 1.0800, 0.4998, 0.8998, 0.6806, 0.9633,
        0.8442, 0.9409], device='cuda:1')
Index force: tensor([1.3894, 0.8895, 1.0531, 1.6355, 0.7194, 0.7600, 0.5019, 0.7114, 0.5024,
        1.1553, 0.5464], device='cuda:1')
tensor([ 0.1120,  0.7048,  0.4942,  0.4670, -0.1358,  0.6804,  0.8012,  0.8948,
         1.2694,  0.3178,  0.2771,  1.0065, -0.0332,  0.0038, -3.0565],
       device='cuda:1')
Likelihood: -97.74093627929688
Solve time for step 3 (global step 13) 7.953398234036285
Current ori: tensor([-0.0332,  0.0038, -3.0565], device='cuda:1')
Middle force: tensor([0.8493, 1.8362, 1.9079, 2.4647, 0.8026, 1.0002, 1.0671, 0.7616, 0.6555,
        1.1929], device='cuda:1')
Thumb force: tensor([0.9598, 1.5267, 1.8816, 2.2619, 1.1784, 1.1567, 1.3792, 0.5225, 0.7394,
        1.4578], device='cuda:1')
Index force: tensor([1.1966, 0.7284, 0.6909, 0.6662, 0.5231, 0.6602, 1.0586, 0.8800, 0.9803,
        0.5231], device='cuda:1')
Applying force: tensor([[-0.8249,  0.3568,  0.0000]]) at position: (0.018, -0.009, 0.044)
tensor([ 0.0844,  0.6615,  0.5104,  0.5186, -0.1577,  0.6558,  0.8109,  0.9217,
         1.3000,  0.3094,  0.2535,  1.0520, -0.0206,  0.0191, -3.0390],
       device='cuda:1')
Likelihood: -92.27461242675781
Solve time for step 4 (global step 14) 7.879457421018742
Current ori: tensor([-0.0206,  0.0191, -3.0390], device='cuda:1')
Middle force: tensor([1.8524, 1.8278, 2.3894, 0.7675, 0.9766, 1.0280, 0.7402, 0.6420, 1.1486],
       device='cuda:1')
Thumb force: tensor([1.4966, 1.8668, 2.1985, 1.1421, 1.1296, 1.3408, 0.5164, 0.7125, 1.4166],
       device='cuda:1')
Index force: tensor([0.6975, 0.6786, 0.6563, 0.5169, 0.6412, 1.0193, 0.8508, 0.9417, 0.5175],
       device='cuda:1')
tensor([ 0.0758,  0.6666,  0.5027,  0.5022, -0.1525,  0.7117,  0.7762,  0.8145,
         1.3036,  0.2831,  0.2063,  1.1621, -0.0217,  0.0158, -2.9072],
       device='cuda:1')
Likelihood: -113.58145904541016
Solve time for step 5 (global step 15) 9.604137566988356
Current ori: tensor([-0.0217,  0.0158, -2.9072], device='cuda:1')
Middle force: tensor([1.7997, 2.3467, 0.7431, 0.9651, 0.9975, 0.7122, 0.6065, 1.1146],
       device='cuda:1')
Thumb force: tensor([1.8530, 2.1615, 1.1168, 1.0900, 1.3069, 0.5125, 0.7183, 1.3794],
       device='cuda:1')
Index force: tensor([0.6771, 0.6749, 0.5129, 0.6302, 0.9858, 0.8252, 0.9097, 0.5129],
       device='cuda:1')
tensor([ 0.0752,  0.6827,  0.4859,  0.4742, -0.1431,  0.7944,  0.7112,  0.6897,
         1.3199,  0.2435,  0.1721,  1.2406, -0.0272,  0.0170, -2.7716],
       device='cuda:1')
Likelihood: -139.54550170898438
Solve time for step 6 (global step 16) 9.208175059000496
Current ori: tensor([-0.0272,  0.0170, -2.7716], device='cuda:1')
Middle force: tensor([0.5487, 1.2775, 0.7009, 1.2788, 0.5009, 1.1256, 1.1531],
       device='cuda:1')
Thumb force: tensor([0.5178, 0.6289, 0.5002, 0.9853, 1.0875, 0.7726, 2.4578],
       device='cuda:1')
Index force: tensor([0.5000, 0.5397, 0.5938, 0.5238, 0.6431, 0.7111, 0.7473],
       device='cuda:1')
Applying force: tensor([[-0.1747,  0.8273,  0.0000]]) at position: (0.004, -0.020, 0.063)
tensor([ 0.0725,  0.6930,  0.4641,  0.4804, -0.1479,  0.7947,  0.6840,  0.7458,
         1.3340,  0.2455,  0.1704,  1.1999, -0.0288,  0.0195, -2.7989],
       device='cuda:1')
Likelihood: -126.82412719726562
Solve time for step 7 (global step 17) 8.544095402990934
Current ori: tensor([-0.0288,  0.0195, -2.7989], device='cuda:1')
Middle force: tensor([1.2854, 0.7005, 1.3424, 0.5006, 1.0922, 1.1318], device='cuda:1')
Thumb force: tensor([0.6390, 0.5005, 1.0337, 1.0612, 0.7737, 2.3907], device='cuda:1')
Index force: tensor([0.5425, 0.5808, 0.5254, 0.6418, 0.6913, 0.7339], device='cuda:1')
Applying force: tensor([[0.3173, 0.7650, 0.0000]]) at position: (-0.008, -0.018, 0.049)
tensor([ 0.0837,  0.6829,  0.4822,  0.5104, -0.1407,  0.7954,  0.6815,  0.7712,
         1.3085,  0.2931,  0.1697,  1.1941, -0.0247,  0.0121, -2.8099],
       device='cuda:1')
Likelihood: -123.69434356689453
Solve time for step 8 (global step 18) 8.214311396004632
Current ori: tensor([-0.0247,  0.0121, -2.8099], device='cuda:1')
Middle force: tensor([0.9977, 0.7029, 0.9834, 0.6646, 1.5152], device='cuda:1')
Thumb force: tensor([0.5768, 0.7716, 0.6523, 1.2917, 0.7785], device='cuda:1')
Index force: tensor([0.6421, 0.8071, 0.5000, 0.9404, 0.6800], device='cuda:1')
Applying force: tensor([[-0.5502,  0.9154,  0.0000]]) at position: (0.009, -0.018, 0.041)
tensor([ 0.0788,  0.6475,  0.5302,  0.5075, -0.1488,  0.7683,  0.6991,  0.8164,
         1.2906,  0.3569,  0.1972,  1.1459, -0.0163,  0.0151, -2.8373],
       device='cuda:1')
Likelihood: -123.87628173828125
Solve time for step 9 (global step 19) 6.808640759030823
Current ori: tensor([-0.0163,  0.0151, -2.8373], device='cuda:1')
Middle force: tensor([0.7055, 0.9823, 0.6474, 1.4784], device='cuda:1')
Thumb force: tensor([0.7840, 0.6633, 1.2625, 0.7587], device='cuda:1')
Index force: tensor([0.7627, 0.5000, 0.9142, 0.6710], device='cuda:1')
Applying force: tensor([[-0.4711,  1.0261,  0.0000]]) at position: (0.008, -0.018, 0.069)
tensor([ 6.6506e-02,  6.1954e-01,  5.5150e-01,  5.1549e-01, -1.6544e-01,
         7.3655e-01,  7.2713e-01,  8.5537e-01,  1.3166e+00,  3.6683e-01,
         2.0750e-01,  1.0958e+00,  9.2739e-04,  2.4012e-02, -2.8249e+00],
       device='cuda:1')
Likelihood: -133.77020263671875
Solve time for step 10 (global step 20) 6.323555367009249
Current ori: tensor([ 9.2739e-04,  2.4012e-02, -2.8249e+00], device='cuda:1')
Middle force: tensor([0.9917, 0.6559, 1.4570], device='cuda:1')
Thumb force: tensor([0.6970, 1.2402, 0.7527], device='cuda:1')
Index force: tensor([0.5000, 0.8841, 0.6592], device='cuda:1')
tensor([ 0.0803,  0.6020,  0.5783,  0.5381, -0.1715,  0.6796,  0.7932,  0.9488,
         1.3695,  0.2979,  0.1845,  1.0421,  0.0068,  0.0163, -2.9599],
       device='cuda:1')
Likelihood: -130.4898681640625
Solve time for step 11 (global step 21) 5.859812618000433
Current ori: tensor([ 0.0068,  0.0163, -2.9599], device='cuda:1')
Middle force: tensor([0.6819, 1.4263], device='cuda:1')
Thumb force: tensor([1.2185, 0.7700], device='cuda:1')
Index force: tensor([0.8495, 0.6531], device='cuda:1')
Applying force: tensor([[-1.0984, -0.0476,  0.0000]]) at position: (0.020, 0.000, 0.061)
tensor([ 0.0520,  0.6033,  0.5607,  0.5148, -0.1866,  0.7081,  0.7564,  0.8873,
         1.3035,  0.4413,  0.2114,  1.0997,  0.0049,  0.0321, -2.8863],
       device='cuda:1')
Likelihood: -140.78857421875
Solve time for step 12 (global step 22) 5.810845553991385
Current ori: tensor([ 0.0049,  0.0321, -2.8863], device='cuda:1')
Middle force: tensor([1.3728], device='cuda:1')
Thumb force: tensor([0.7621], device='cuda:1')
Index force: tensor([0.6372], device='cuda:1')
Applying force: tensor([[0.3208, 0.6009, 0.0000]]) at position: (-0.010, -0.017, 0.032)
Current yaw: tensor([ 0.0079,  0.0207, -2.8728], device='cuda:1')
4 turn
Likelihood: -126.34346008300781
Sampling time 4.112923169974238
tensor([ 0.0722,  0.5927,  0.5849,  0.5351, -0.1721,  0.7141,  0.7583,  0.8946,
         1.3107,  0.4244,  0.1744,  1.1384,  0.0079,  0.0207, -2.8728],
       device='cuda:1')
Solve time for step 1 (global step 23) 11.117726958007552
Current ori: tensor([ 0.0079,  0.0207, -2.8728], device='cuda:1')
Middle force: tensor([0.6262, 0.5036, 1.7466, 0.9793, 0.5668, 1.2524, 1.0347, 0.7792, 1.6560,
        1.2187, 0.5706, 1.2318], device='cuda:1')
Thumb force: tensor([1.5485, 0.5239, 2.4920, 1.7865, 0.8708, 1.2481, 0.6938, 2.3035, 2.0910,
        2.4737, 0.9891, 1.5026], device='cuda:1')
Index force: tensor([0.7965, 1.1480, 0.6270, 0.5885, 1.2385, 0.5953, 0.8559, 1.6227, 0.5814,
        0.8349, 0.9482, 0.5300], device='cuda:1')
Applying force: tensor([[1.0334, 0.1662, 0.0000]]) at position: (-0.020, -0.002, 0.012)
tensor([ 0.0821,  0.6147,  0.5661,  0.5309, -0.1772,  0.7055,  0.7852,  0.9192,
         1.3855,  0.3624,  0.1349,  1.0638,  0.0039,  0.0151, -2.9917],
       device='cuda:1')
Likelihood: -144.1695098876953
Solve time for step 2 (global step 24) 10.617158279987052
Current ori: tensor([ 0.0039,  0.0151, -2.9917], device='cuda:1')
Middle force: tensor([0.8392, 0.7538, 1.2389, 0.6294, 0.5005, 1.1216, 0.5103, 1.0712, 0.7016,
        1.6993, 1.0020], device='cuda:1')
Thumb force: tensor([0.7992, 0.8714, 1.8008, 0.8969, 1.0538, 1.5619, 1.3056, 2.2186, 1.0195,
        0.6790, 0.7023], device='cuda:1')
Index force: tensor([0.7898, 0.8658, 0.8884, 0.8819, 0.8639, 0.6461, 0.5205, 0.5034, 0.5169,
        0.6693, 0.5831], device='cuda:1')
tensor([ 8.8268e-02,  6.2375e-01,  5.6030e-01,  5.2962e-01, -1.7659e-01,
         6.7501e-01,  8.1823e-01,  9.6627e-01,  1.4215e+00,  3.3368e-01,
         1.3037e-01,  1.0048e+00,  1.4929e-03,  1.1136e-02, -3.0763e+00],
       device='cuda:1')
Likelihood: -147.11221313476562
Solve time for step 3 (global step 25) 9.652909266005736
Current ori: tensor([ 1.4929e-03,  1.1136e-02, -3.0763e+00], device='cuda:1')
Middle force: tensor([0.8834, 1.7624, 1.9482, 2.2882, 0.8407, 0.8861, 0.8948, 0.9712, 0.7582,
        1.2093], device='cuda:1')
Thumb force: tensor([1.0521, 1.4228, 1.8870, 2.1893, 0.5733, 0.5829, 1.4746, 0.5122, 0.8966,
        1.5706], device='cuda:1')
Index force: tensor([1.1108, 0.7092, 0.6944, 0.6616, 0.5586, 0.5138, 1.1128, 0.8982, 1.0202,
        0.5279], device='cuda:1')
tensor([ 8.1155e-02,  6.2709e-01,  5.3835e-01,  5.5000e-01, -1.7874e-01,
         6.9355e-01,  8.2387e-01,  8.7656e-01,  1.3610e+00,  4.4300e-01,
         1.2042e-01,  1.1004e+00,  2.1793e-03,  1.4805e-02, -3.0059e+00],
       device='cuda:1')
Likelihood: -127.75572204589844
Solve time for step 4 (global step 26) 9.208711921004578
Current ori: tensor([ 2.1793e-03,  1.4805e-02, -3.0059e+00], device='cuda:1')
Middle force: tensor([1.7410, 1.8993, 2.2049, 0.8089, 0.8638, 0.8697, 0.9519, 0.7590, 1.1797],
       device='cuda:1')
Thumb force: tensor([1.3646, 1.9927, 2.1033, 0.5580, 0.5616, 1.3966, 0.5058, 0.8535, 1.5170],
       device='cuda:1')
Index force: tensor([0.6863, 0.6513, 0.6555, 0.5437, 0.5086, 1.0867, 0.8714, 0.9869, 0.5228],
       device='cuda:1')
tensor([ 0.0787,  0.6162,  0.5452,  0.5601, -0.1629,  0.7460,  0.8035,  0.7789,
         1.3125,  0.4875,  0.0982,  1.2218,  0.0096,  0.0070, -2.8476],
       device='cuda:1')
Likelihood: -139.42648315429688
Solve time for step 5 (global step 27) 8.523588876007125
Current ori: tensor([ 0.0096,  0.0070, -2.8476], device='cuda:1')
Middle force: tensor([0.8617, 0.7843, 1.3399, 0.7185, 0.9785, 1.5899, 0.6865, 1.1062],
       device='cuda:1')
Thumb force: tensor([2.4503, 2.3565, 0.8021, 0.5806, 1.8189, 1.9492, 0.5895, 0.6238],
       device='cuda:1')
Index force: tensor([0.5597, 0.5611, 0.7454, 0.5078, 0.6757, 0.5700, 0.5354, 0.5718],
       device='cuda:1')
Applying force: tensor([[-1.0012, -0.4238,  0.0000]]) at position: (0.019, 0.007, 0.063)
tensor([ 0.0584,  0.6030,  0.5353,  0.5777, -0.1624,  0.7982,  0.7312,  0.7132,
         1.2957,  0.5604,  0.0623,  1.3663,  0.0093,  0.0226, -2.7387],
       device='cuda:1')
Likelihood: -173.13360595703125
State is out of distribution
Final likelihood: tensor([-2.8223, -3.1925, -3.2185, -3.6772, -4.5104, -4.5731, -4.7494, -5.1351,
        -5.2989, -5.3278, -5.5712, -6.1918, -6.9438, -7.8958, -9.1961, -9.6069],
       device='cuda:1', grad_fn=<IndexBackward0>)
Final likelihood: tensor([-2.8223, -3.1925, -3.2185, -3.6772, -4.5104, -4.5731, -4.7494, -5.1351,
        -5.2989, -5.3278, -5.5712, -6.1918, -6.9438, -7.8958, -9.1961, -9.6069],
       device='cuda:1', grad_fn=<IndexBackward0>)
1 mode projection succeeded
New goal: tensor([ 1.2951e-01,  5.8768e-01,  6.0215e-01,  5.5859e-01, -1.1218e-01,
         5.7728e-01,  8.7705e-01,  8.2886e-01,  1.2497e+00,  2.9500e-01,
         2.1940e-01,  1.1827e+00, -1.5853e-03,  1.3280e-02, -2.7386e+00],
       device='cuda:1')
tensor([[-0.0003]], device='cuda:1') tensor([[0.0003]], device='cuda:1') tensor([[0.0009]], device='cuda:1')
Likelihood: -91.14409637451172
Likelihood: -125.09625244140625
{'index': 125.09625244140625, 'thumb_middle': 91.14409637451172}
Plan time: 19.806128056021407
Current yaw: tensor([ 0.0093,  0.0223, -2.7386], device='cuda:1')
5 thumb_middle
tensor([ 0.0584,  0.6028,  0.5354,  0.5779, -0.1621,  0.7987,  0.7314,  0.7131,
         1.2957,  0.5604,  0.0618,  1.3666,  0.0093,  0.0223, -2.7386],
       device='cuda:1')
Solve time for step 1 (global step 28) 0.436310624005273
Current ori: tensor([ 0.0093,  0.0223, -2.7386], device='cuda:1')
Index force: tensor([0.5971, 0.5697, 0.5732], device='cuda:1')
tensor([ 0.0821,  0.5955,  0.5653,  0.5856, -0.2160,  0.6767,  0.7785,  0.7281,
         1.2311,  0.4263,  0.0538,  1.2682,  0.0117,  0.0099, -2.7386],
       device='cuda:1')
Solve time for step 2 (global step 29) 5.217453739023767
Current ori: tensor([ 0.0117,  0.0099, -2.7386], device='cuda:1')
Index force: tensor([0.5722, 0.5726], device='cuda:1')
Applying force: tensor([[-0.0554, -1.0333,  0.0000]]) at position: (0.001, 0.020, 0.041)
tensor([ 9.5173e-02,  6.2678e-01,  5.5462e-01,  5.4763e-01, -2.2350e-01,
         6.2854e-01,  7.9848e-01,  7.7000e-01,  1.2323e+00,  3.5491e-01,
         6.3203e-02,  1.2136e+00,  8.2517e-04,  9.5559e-04, -2.7411e+00],
       device='cuda:1')
Solve time for step 3 (global step 30) 4.806142452987842
Current ori: tensor([ 8.2517e-04,  9.5559e-04, -2.7411e+00], device='cuda:1')
Index force: tensor([0.5656], device='cuda:1')
Current yaw: tensor([-8.8801e-03,  1.2759e-03, -2.7421e+00], device='cuda:1')
6 turn
Likelihood: -106.04034423828125
Sampling time 3.9023558580083773
tensor([ 8.9414e-02,  6.5371e-01,  5.4194e-01,  4.8723e-01, -1.2295e-01,
         6.6759e-01,  8.4287e-01,  7.9658e-01,  1.2707e+00,  3.2192e-01,
         2.0287e-01,  1.1743e+00, -8.8801e-03,  1.2759e-03, -2.7421e+00],
       device='cuda:1')
Solve time for step 1 (global step 31) 8.794992044975515
Current ori: tensor([-8.8801e-03,  1.2759e-03, -2.7421e+00], device='cuda:1')
Middle force: tensor([1.7116, 1.0347, 1.0544, 0.8649, 1.9438, 0.7142, 1.7761, 0.5788, 1.8709,
        0.5608, 1.6476, 1.0603], device='cuda:1')
Thumb force: tensor([4.2987, 0.6370, 1.2502, 1.2373, 2.5336, 1.0247, 1.4516, 0.7387, 0.8551,
        1.3089, 1.8187, 0.7589], device='cuda:1')
Index force: tensor([0.8118, 0.7899, 0.5454, 1.0269, 0.6027, 1.0037, 0.6441, 0.5267, 0.9698,
        0.5989, 0.5121, 0.5730], device='cuda:1')
Applying force: tensor([[-0.0522, -0.8368,  0.0000]]) at position: (0.000, 0.020, 0.096)
tensor([ 0.0812,  0.6636,  0.5225,  0.4814, -0.1302,  0.6519,  0.8351,  0.8559,
         1.2961,  0.3798,  0.1813,  1.1251, -0.0122,  0.0062, -2.8653],
       device='cuda:1')
Likelihood: -119.87467956542969
Solve time for step 2 (global step 32) 8.45316867501242
Current ori: tensor([-0.0122,  0.0062, -2.8653], device='cuda:1')
Middle force: tensor([1.4506, 0.5578, 0.7403, 0.5492, 1.5021, 1.2419, 0.6748, 1.0367, 0.8083,
        0.6371, 0.6923], device='cuda:1')
Thumb force: tensor([2.4479, 1.9901, 1.0247, 0.9736, 2.2410, 1.7199, 0.6288, 1.4809, 0.8972,
        0.5369, 0.6394], device='cuda:1')
Index force: tensor([0.5558, 0.5912, 0.6549, 1.3459, 0.5536, 0.8587, 0.5249, 0.6055, 0.7147,
        0.6022, 0.6595], device='cuda:1')
Applying force: tensor([[-0.5698,  0.3652,  0.0000]]) at position: (0.018, -0.010, 0.078)
tensor([ 0.0707,  0.6830,  0.4779,  0.4880, -0.1391,  0.6260,  0.8426,  0.9169,
         1.3124,  0.4089,  0.2120,  1.0161, -0.0156,  0.0131, -3.0095],
       device='cuda:1')
Likelihood: -131.34014892578125
Solve time for step 3 (global step 33) 7.958336947951466
Current ori: tensor([-0.0156,  0.0131, -3.0095], device='cuda:1')
Middle force: tensor([0.5656, 0.9289, 0.8942, 1.0037, 0.5898, 1.4852, 1.4370, 1.4799, 0.5591,
        0.9273], device='cuda:1')
Thumb force: tensor([0.7612, 1.7171, 1.4682, 1.2791, 0.6541, 1.4206, 0.8683, 1.0895, 1.2460,
        0.5760], device='cuda:1')
Index force: tensor([1.0221, 0.5989, 0.5524, 0.5657, 0.8168, 0.7153, 0.9140, 0.5220, 0.5000,
        0.5812], device='cuda:1')
tensor([ 0.0730,  0.6905,  0.4796,  0.4572, -0.1428,  0.6603,  0.8217,  0.8646,
         1.3297,  0.3715,  0.1636,  1.0929, -0.0188,  0.0119, -2.9453],
       device='cuda:1')
Likelihood: -141.20205688476562
Solve time for step 4 (global step 34) 7.151125408010557
Current ori: tensor([-0.0188,  0.0119, -2.9453], device='cuda:1')
Middle force: tensor([1.0831, 0.9185, 1.0330, 0.6233, 1.4024, 1.3584, 1.3832, 0.7906, 0.5035],
       device='cuda:1')
Thumb force: tensor([1.6708, 1.4382, 1.1387, 0.5748, 1.3053, 0.7880, 1.0287, 0.9978, 0.5231],
       device='cuda:1')
Index force: tensor([0.5699, 0.5424, 0.5627, 0.7830, 0.7018, 0.8413, 0.5108, 0.6603, 0.6338],
       device='cuda:1')
tensor([ 0.0615,  0.7023,  0.4609,  0.4207, -0.1359,  0.7347,  0.7551,  0.7349,
         1.3067,  0.3784,  0.1203,  1.2508, -0.0243,  0.0168, -2.8041],
       device='cuda:1')
Likelihood: -160.46392822265625
Solve time for step 5 (global step 35) 9.107750679017045
Current ori: tensor([-0.0243,  0.0168, -2.8041], device='cuda:1')
Middle force: tensor([1.7388, 0.6140, 1.6263, 0.5148, 1.4156, 0.5063, 1.4025, 0.8838],
       device='cuda:1')
Thumb force: tensor([2.1022, 0.9437, 1.4923, 0.5902, 0.7775, 1.1833, 1.6375, 0.7050],
       device='cuda:1')
Index force: tensor([0.5734, 0.9041, 0.5703, 0.5051, 0.8326, 0.5532, 0.5009, 0.5369],
       device='cuda:1')
tensor([ 0.0493,  0.7261,  0.4238,  0.3774, -0.1293,  0.8260,  0.6560,  0.6482,
         1.2730,  0.4070,  0.1219,  1.3221, -0.0308,  0.0200, -2.6533],
       device='cuda:1')
Likelihood: -190.12132263183594
State is out of distribution
Final likelihood: tensor([ -3.1470,  -3.3408,  -4.5922,  -4.7731,  -5.8907,  -6.0030,  -6.6564,
         -6.6741,  -6.7612,  -6.9868,  -7.0100,  -7.5658, -10.4380, -10.6306,
        -14.2711, -14.6290], device='cuda:1', grad_fn=<IndexBackward0>)
Final likelihood: tensor([ -3.1470,  -3.3408,  -4.5922,  -4.7731,  -5.8907,  -6.0030,  -6.6564,
         -6.6741,  -6.7612,  -6.9868,  -7.0100,  -7.5658, -10.4380, -10.6306,
        -14.2711, -14.6290], device='cuda:1', grad_fn=<IndexBackward0>)
1 mode projection succeeded
New goal: tensor([ 0.1047,  0.6134,  0.5551,  0.5308, -0.1228,  0.5702,  0.8611,  0.9104,
         1.2161,  0.3356,  0.2366,  1.2163,  0.0104,  0.0135, -2.6527],
       device='cuda:1')
tensor([[0.0009]], device='cuda:1') tensor([[0.0003]], device='cuda:1') tensor([[0.0005]], device='cuda:1')
Likelihood: -90.98202514648438
Likelihood: -173.34426879882812
{'index': 173.34426879882812, 'thumb_middle': 90.98202514648438}
Plan time: 23.245351917052176
Current yaw: tensor([-0.0307,  0.0196, -2.6527], device='cuda:1')
7 thumb_middle
tensor([ 0.0492,  0.7261,  0.4237,  0.3773, -0.1290,  0.8266,  0.6560,  0.6481,
         1.2736,  0.4069,  0.1226,  1.3225, -0.0307,  0.0196, -2.6527],
       device='cuda:1')
Solve time for step 1 (global step 36) 0.4339378779986873
Current ori: tensor([-0.0307,  0.0196, -2.6527], device='cuda:1')
Index force: tensor([0.5700, 0.5696, 0.5312], device='cuda:1')
Applying force: tensor([[-0.9861,  0.1079,  0.0000]]) at position: (0.020, -0.000, 0.093)
tensor([ 0.0459,  0.6845,  0.4649,  0.4317, -0.1994,  0.7088,  0.7093,  0.7261,
         1.1921,  0.3777,  0.0990,  1.2814, -0.0277,  0.0618, -2.6483],
       device='cuda:1')
Solve time for step 2 (global step 37) 6.481942104001064
Current ori: tensor([-0.0277,  0.0618, -2.6483], device='cuda:1')
Index force: tensor([0.7052, 0.5268], device='cuda:1')
tensor([ 0.1238,  0.7046,  0.5082,  0.4667, -0.2153,  0.6433,  0.7537,  0.7812,
         1.1836,  0.3359,  0.1226,  1.2208, -0.0312,  0.0112, -2.6483],
       device='cuda:1')
Solve time for step 3 (global step 38) 5.352596316020936
Current ori: tensor([-0.0312,  0.0112, -2.6483], device='cuda:1')
Index force: tensor([0.4990], device='cuda:1')
Current yaw: tensor([-0.0338,  0.0059, -2.6656], device='cuda:1')
8 turn
Likelihood: -75.44754791259766
Sampling time 3.8843976799980737
tensor([ 0.1323,  0.7161,  0.4988,  0.4667, -0.1337,  0.6827,  0.8111,  0.8329,
         1.2525,  0.3571,  0.2352,  1.1194, -0.0338,  0.0059, -2.6656],
       device='cuda:1')
Solve time for step 1 (global step 39) 9.722871203965042
Current ori: tensor([-0.0338,  0.0059, -2.6656], device='cuda:1')
Middle force: tensor([1.9746, 1.1857, 0.5276, 0.6719, 0.5031, 0.9734, 0.7601, 0.5342, 0.5475,
        1.4192, 0.9463, 0.7223], device='cuda:1')
Thumb force: tensor([2.3493, 2.5440, 0.5054, 2.4485, 0.7582, 1.2158, 0.6773, 0.7014, 0.9178,
        0.7971, 1.1590, 1.0150], device='cuda:1')
Index force: tensor([1.4269, 0.7248, 0.6068, 0.6663, 0.6345, 0.7820, 0.6590, 0.6030, 1.1210,
        0.5329, 0.8649, 0.9763], device='cuda:1')
tensor([ 0.1286,  0.7357,  0.4631,  0.4706, -0.1424,  0.6620,  0.8331,  0.8691,
         1.2499,  0.3687,  0.2596,  1.0774, -0.0333,  0.0101, -2.7237],
       device='cuda:1')
Likelihood: -81.42655944824219
Solve time for step 2 (global step 40) 9.218401746009476
Current ori: tensor([-0.0333,  0.0101, -2.7237], device='cuda:1')
Middle force: tensor([0.7540, 1.1401, 0.5112, 0.6532, 0.8665, 0.6182, 0.6447, 0.5964, 0.9933,
        0.5067, 0.5092], device='cuda:1')
Thumb force: tensor([1.4418, 1.3171, 1.5503, 1.5275, 1.2880, 1.1720, 1.0233, 0.9149, 0.7595,
        1.3950, 0.7794], device='cuda:1')
Index force: tensor([0.6840, 0.6067, 0.6694, 0.6963, 1.0399, 0.7050, 0.5000, 0.7062, 0.5820,
        0.5144, 0.5127], device='cuda:1')
Applying force: tensor([[ 0.1363, -1.1841,  0.0000]]) at position: (-0.003, 0.020, 0.019)
tensor([ 0.1384,  0.7691,  0.4364,  0.4276, -0.1401,  0.6283,  0.8608,  0.9479,
         1.3049,  0.3087,  0.2490,  0.9784, -0.0434,  0.0044, -2.8505],
       device='cuda:1')
Likelihood: -94.73343658447266
Solve time for step 3 (global step 41) 8.622451006027404
Current ori: tensor([-0.0434,  0.0044, -2.8505], device='cuda:1')
Middle force: tensor([1.4220, 0.5294, 0.7353, 0.9576, 0.5176, 0.5186, 0.8104, 1.3928, 0.5224,
        0.9274], device='cuda:1')
Thumb force: tensor([1.4551, 1.5151, 1.4331, 1.2295, 0.5309, 1.5937, 1.2451, 0.7745, 1.9795,
        1.0116], device='cuda:1')
Index force: tensor([0.7173, 0.7089, 0.6915, 1.0209, 0.6478, 0.6165, 0.6798, 0.7715, 0.5273,
        0.5074], device='cuda:1')
tensor([ 0.1130,  0.7523,  0.4354,  0.4187, -0.1395,  0.7455,  0.7320,  0.7691,
         1.2901,  0.3034,  0.1791,  1.2191, -0.0478,  0.0146, -2.6525],
       device='cuda:1')
Likelihood: -128.83392333984375
Solve time for step 4 (global step 42) 8.220731316017918
Current ori: tensor([-0.0478,  0.0146, -2.6525], device='cuda:1')
Middle force: tensor([0.5479, 0.9026, 1.1711, 0.7452, 1.2694, 1.1615, 0.5718, 1.4255, 1.4482],
       device='cuda:1')
Thumb force: tensor([1.7412, 1.6470, 1.4520, 1.2240, 1.9539, 1.9752, 0.5008, 0.8976, 1.5779],
       device='cuda:1')
Index force: tensor([0.8337, 0.7935, 1.0561, 0.7369, 1.0267, 0.9774, 0.5073, 0.8659, 0.7645],
       device='cuda:1')
tensor([ 0.0749,  0.7834,  0.3672,  0.3246, -0.1288,  0.9134,  0.5474,  0.5716,
         1.2293,  0.4171,  0.2049,  1.3269, -0.0610,  0.0218, -2.4937],
       device='cuda:1')
Likelihood: -228.5897216796875
State is out of distribution
Final likelihood: tensor([ -4.9268,  -5.5608,  -6.4332,  -6.9238,  -7.9202,  -8.4155,  -8.5579,
         -8.7239,  -9.0980, -10.4455, -10.5822, -11.5187, -13.8025, -13.8379,
        -14.8917, -15.4513], device='cuda:1', grad_fn=<IndexBackward0>)
Final likelihood: tensor([ -4.9268,  -5.5608,  -6.4332,  -6.9238,  -7.9202,  -8.4155,  -8.5579,
         -8.7239,  -9.0980, -10.4455, -10.5822, -11.5187, -13.8025, -13.8379,
        -14.8917, -15.4513], device='cuda:1', grad_fn=<IndexBackward0>)
1 mode projection succeeded
New goal: tensor([ 1.3167e-01,  5.9277e-01,  5.8420e-01,  5.8504e-01, -1.5479e-01,
         6.0731e-01,  8.6936e-01,  9.6065e-01,  1.2789e+00,  2.9193e-01,
         1.6123e-01,  1.2227e+00,  6.6959e-03, -5.0953e-04, -2.4934e+00],
       device='cuda:1')
tensor([[4.2145e-05]], device='cuda:1') tensor([[0.0004]], device='cuda:1') tensor([[0.0003]], device='cuda:1')
Likelihood: -94.86941528320312
Likelihood: -156.28030395507812
{'index': 156.28030395507812, 'thumb_middle': 94.86941528320312}
Plan time: 18.56034867296694
Current yaw: tensor([-0.0613,  0.0217, -2.4934], device='cuda:1')
9 thumb_middle
tensor([ 0.0747,  0.7834,  0.3672,  0.3245, -0.1287,  0.9141,  0.5469,  0.5711,
         1.2297,  0.4175,  0.2048,  1.3270, -0.0613,  0.0217, -2.4934],
       device='cuda:1')
Solve time for step 1 (global step 43) 0.41779062495334074
Current ori: tensor([-0.0613,  0.0217, -2.4934], device='cuda:1')
Index force: tensor([0.6028, 0.5724, 0.5626], device='cuda:1')
tensor([ 0.0975,  0.7529,  0.4206,  0.4031, -0.2190,  0.7879,  0.6575,  0.7015,
         1.1908,  0.3507,  0.1064,  1.2688, -0.0531,  0.0234, -2.4934],
       device='cuda:1')
Solve time for step 2 (global step 44) 4.995513512985781
Current ori: tensor([-0.0531,  0.0234, -2.4934], device='cuda:1')
Index force: tensor([0.6101, 0.5619], device='cuda:1')
Applying force: tensor([[-0.7894,  0.6614,  0.0000]]) at position: (0.016, -0.012, 0.037)
tensor([ 0.1002,  0.7205,  0.4610,  0.4406, -0.2479,  0.7164,  0.7224,  0.7832,
         1.2068,  0.3106,  0.0857,  1.2461, -0.0305,  0.0545, -2.4873],
       device='cuda:1')
Solve time for step 3 (global step 45) 5.235483660013415
Current ori: tensor([-0.0305,  0.0545, -2.4873], device='cuda:1')
Index force: tensor([0.6953], device='cuda:1')
Current yaw: tensor([-0.0354,  0.0079, -2.5098], device='cuda:1')
10 turn
Likelihood: -96.61677551269531
Sampling time 3.7735315749887377
tensor([ 0.1716,  0.7534,  0.4925,  0.4495, -0.1653,  0.7263,  0.7883,  0.8528,
         1.3325,  0.2919,  0.1400,  1.1691, -0.0354,  0.0079, -2.5098],
       device='cuda:1')
Solve time for step 1 (global step 46) 8.627320807019714
Current ori: tensor([-0.0354,  0.0079, -2.5098], device='cuda:1')
Middle force: tensor([0.5325, 0.6059, 1.1459, 0.9651, 0.5891, 0.7472, 0.6475, 0.5022, 0.8762,
        1.4133, 1.0281, 0.6457], device='cuda:1')
Thumb force: tensor([0.9155, 1.6529, 1.4377, 0.9055, 1.3359, 1.3248, 1.0822, 1.3872, 1.5377,
        0.7209, 1.2824, 1.1821], device='cuda:1')
Index force: tensor([0.7305, 0.7201, 0.6028, 0.6256, 0.7077, 0.5288, 0.8122, 1.1318, 0.5680,
        0.5517, 0.5948, 0.5327], device='cuda:1')
Applying force: tensor([[0.3269, 1.0656, 0.0000]]) at position: (-0.007, -0.019, 0.073)
tensor([ 0.1722,  0.7806,  0.4609,  0.4212, -0.1849,  0.6917,  0.8086,  0.8995,
         1.3568,  0.3104,  0.1578,  1.1113, -0.0182,  0.0212, -2.4712],
       device='cuda:1')
Likelihood: -134.10208129882812
Solve time for step 2 (global step 47) 10.070544980000705
Current ori: tensor([-0.0182,  0.0212, -2.4712], device='cuda:1')
Middle force: tensor([0.6262, 1.1574, 0.9930, 0.5950, 0.7516, 0.6370, 0.5003, 0.8398, 1.3745,
        0.9827, 0.6240], device='cuda:1')
Thumb force: tensor([1.5348, 1.3590, 0.8700, 1.2393, 1.2561, 1.0732, 1.3503, 1.4715, 0.7046,
        1.2450, 1.1243], device='cuda:1')
Index force: tensor([0.7235, 0.6064, 0.6262, 0.6756, 0.5210, 0.7811, 1.0797, 0.5551, 0.5443,
        0.5817, 0.5269], device='cuda:1')
tensor([ 0.1721,  0.8047,  0.4297,  0.3762, -0.2023,  0.6577,  0.8384,  0.9248,
         1.3719,  0.3052,  0.1894,  1.0438, -0.0189,  0.0321, -2.5605],
       device='cuda:1')
Likelihood: -154.51992797851562
Solve time for step 3 (global step 48) 9.647924627002794
Current ori: tensor([-0.0189,  0.0321, -2.5605], device='cuda:1')
Middle force: tensor([1.1601, 1.0128, 0.6033, 0.7606, 0.6433, 0.4999, 0.8127, 1.3316, 0.9565,
        0.6077], device='cuda:1')
Thumb force: tensor([1.2893, 0.8494, 1.1660, 1.1968, 1.0430, 1.2799, 1.4091, 0.7116, 1.2117,
        1.0750], device='cuda:1')
Index force: tensor([0.6187, 0.6304, 0.6531, 0.5182, 0.7805, 1.0393, 0.5486, 0.5394, 0.5730,
        0.5227], device='cuda:1')
tensor([ 0.1764,  0.8164,  0.4148,  0.3496, -0.2023,  0.6178,  0.8785,  0.9791,
         1.3884,  0.2991,  0.1999,  0.9769, -0.0196,  0.0301, -2.7016],
       device='cuda:1')
Likelihood: -169.42784118652344
Solve time for step 4 (global step 49) 9.234803766012192
Current ori: tensor([-0.0196,  0.0301, -2.7016], device='cuda:1')
Middle force: tensor([1.0239, 0.6107, 0.7699, 0.6492, 0.5001, 0.8127, 1.3098, 0.9314, 0.5951],
       device='cuda:1')
Thumb force: tensor([0.8323, 1.1097, 1.1423, 1.0123, 1.2134, 1.3564, 0.6898, 1.1833, 1.0303],
       device='cuda:1')
Index force: tensor([0.6343, 0.6423, 0.5159, 0.7786, 0.9998, 0.5455, 0.5358, 0.5671, 0.5193],
       device='cuda:1')
Applying force: tensor([[0.2751, 0.8192, 0.0000]]) at position: (-0.007, -0.019, 0.012)
tensor([ 0.1878,  0.8253,  0.4133,  0.3395, -0.1956,  0.5877,  0.9124,  1.0337,
         1.4659,  0.1778,  0.1557,  0.9473, -0.0159,  0.0222, -2.8115],
       device='cuda:1')
Likelihood: -190.18601989746094
State is out of distribution
Final likelihood: tensor([ -2.8696,  -3.5016,  -4.1457,  -4.5112,  -4.9273,  -5.0212,  -5.0325,
         -5.3024,  -5.5666,  -6.4337,  -6.5661,  -6.8060,  -7.9207,  -9.5066,
        -10.0655, -10.2473], device='cuda:1', grad_fn=<IndexBackward0>)
Final likelihood: tensor([ -2.8696,  -3.5016,  -4.1457,  -4.5112,  -4.9273,  -5.0212,  -5.0325,
         -5.3024,  -5.5666,  -6.4337,  -6.5661,  -6.8060,  -7.9207,  -9.5066,
        -10.0655, -10.2473], device='cuda:1', grad_fn=<IndexBackward0>)
1 mode projection succeeded
New goal: tensor([ 1.5933e-01,  6.4586e-01,  5.5912e-01,  5.4841e-01, -1.2982e-01,
         5.9653e-01,  8.6425e-01,  9.1265e-01,  1.2447e+00,  3.3662e-01,
         2.1948e-01,  1.1329e+00, -1.1092e-02, -4.1384e-05, -2.8120e+00],
       device='cuda:1')
tensor([[0.0008]], device='cuda:1') tensor([[0.0007]], device='cuda:1') tensor([[0.0011]], device='cuda:1')
Likelihood: -122.55830383300781
Likelihood: -114.38937377929688
{'index': 114.38937377929688, 'thumb_middle': 122.55830383300781}
Plan time: 21.807843885035254
Current yaw: tensor([-0.0157,  0.0221, -2.8120], device='cuda:1')
11 index
tensor([ 0.1877,  0.8253,  0.4132,  0.3394, -0.1953,  0.5877,  0.9127,  1.0339,
         1.4664,  0.1776,  0.1555,  0.9472, -0.0157,  0.0221, -2.8120],
       device='cuda:1')
Solve time for step 1 (global step 50) 0.4724329160526395
Current ori: tensor([-0.0157,  0.0221, -2.8120], device='cuda:1')
Middle force: tensor([0.5260, 0.5997, 0.5211], device='cuda:1')
Thumb force: tensor([0.5649, 0.5326, 0.6334], device='cuda:1')
Applying force: tensor([[ 0.0827, -0.6581,  0.0000]]) at position: (-0.004, 0.020, 0.009)
tensor([ 0.2341,  0.7053,  0.4265,  0.3959, -0.1938,  0.6195,  0.9448,  1.0209,
         1.4328,  0.2214,  0.1406,  0.9577, -0.0297,  0.0051, -2.7745],
       device='cuda:1')
Solve time for step 2 (global step 51) 6.407027186010964
Current ori: tensor([-0.0297,  0.0051, -2.7745], device='cuda:1')
Middle force: tensor([0.5952, 0.5177], device='cuda:1')
Thumb force: tensor([0.5281, 0.6319], device='cuda:1')
Applying force: tensor([[ 0.0394, -0.7716,  0.0000]]) at position: (-0.002, 0.020, 0.028)
tensor([ 0.2333,  0.6342,  0.4705,  0.4826, -0.1810,  0.6616,  0.9831,  1.0345,
         1.3950,  0.2892,  0.1068,  0.9652, -0.0601, -0.0179, -2.6982],
       device='cuda:1')
