Importing module 'gym_38' (/home/abhinavkumar/Downloads/isaacgym/python/isaacgym/_bindings/linux-x86_64/gym_38.so)
Setting GYM_USD_PLUG_INFO_PATH to /home/abhinavkumar/Downloads/isaacgym/python/isaacgym/_bindings/linux-x86_64/usd/plugInfo.json
PyTorch version 2.4.0+cu121
Device count 4
/home/abhinavkumar/Downloads/isaacgym/python/isaacgym/_bindings/src/gymtorch
ninja: no work to do.
CCAI_PATH /home/abhinavkumar/Documents/ccai
robot pose [ 0.02  -0.35   0.376] [0, 0, 0.7071068, 0.7071068]
Not connected to PVD
Physics Engine: PhysX
Physics Device: cpu
GPU Pipeline: disabled
Using VHACD cache directory '/home/abhinavkumar/.isaacgym/vhacd'
Found existing convex decomposition for mesh '/home/abhinavkumar/Documents/git_packages/isaacgym-arm-envs/isaac_victor_envs/assets/xela_models/mesh/allegro/base_ns.stl'
Found existing convex decomposition for mesh '/home/abhinavkumar/Documents/git_packages/isaacgym-arm-envs/isaac_victor_envs/assets/xela_models/mesh/allegro/link_1.0.stl'
Found existing convex decomposition for mesh '/home/abhinavkumar/Documents/git_packages/isaacgym-arm-envs/isaac_victor_envs/assets/xela_models/mesh/ft_c.stl'
[ models/temporal ] Channel dimensions: [(35, 128), (128, 256), (256, 512)]
[ models/temporal ] Channel dimensions: [(35, 128), (128, 256), (256, 512)]

Trial 2201
Loaded trajectory sampler
Current yaw: tensor([1.2851e-11], device='cuda:2')
Current yaw: tensor([-0.0003], device='cuda:2')
1 turn
Likelihood: -20.116348266601562
Sampling time 4.520977444946766
tensor([ 2.9691e-01,  6.0985e-01,  6.9581e-01,  8.4754e-01, -5.7816e-02,
         2.8721e-01,  9.0525e-01,  8.1291e-01,  1.2569e+00, -2.7926e-02,
         1.3018e-01,  4.4166e-01, -2.9227e-04], device='cuda:2')
Solve time for step 1 (global step 0) 9.736460931133479
Current ori: tensor(-0.0003, device='cuda:2')
Middle force: tensor([2.5060, 1.7266, 1.9152, 0.8286, 0.9920, 0.7244], device='cuda:2')
Thumb force: tensor([0.1445, 0.0911, 0.3075, 0.5419, 1.0938, 0.5163], device='cuda:2')
Index force: tensor([2.6766, 1.6580, 2.1775, 1.5944, 3.8780, 1.6617], device='cuda:2')
tensor([ 3.0454e-01,  5.5567e-01,  7.9854e-01,  7.9290e-01, -6.3314e-02,
         3.8477e-01,  1.1530e+00,  6.7352e-01,  1.2603e+00,  2.3476e-01,
         1.6806e-02,  7.2601e-01, -4.7421e-04], device='cuda:2')
Likelihood: -62.615570068359375
Solve time for step 2 (global step 1) 8.750921259634197
Current ori: tensor(-0.0005, device='cuda:2')
Middle force: tensor([0.6777, 1.8460, 3.1171, 3.0240, 2.0928], device='cuda:2')
Thumb force: tensor([0.1456, 0.8802, 0.1708, 0.3243, 1.9881], device='cuda:2')
Index force: tensor([1.3142, 1.9817, 1.9823, 2.2006, 1.3246], device='cuda:2')
tensor([ 0.0655,  0.5385,  0.7940,  0.7484, -0.0291,  0.3468,  1.1198,  0.8032,
         1.1649,  0.1881, -0.1093,  0.9849, -0.0772], device='cuda:2')
Likelihood: -76.81844329833984
Solve time for step 3 (global step 2) 7.985953939147294
Current ori: tensor(-0.0772, device='cuda:2')
Middle force: tensor([1.3773, 0.8209, 0.5119, 0.2756], device='cuda:2')
Thumb force: tensor([1.2550, 0.8305, 0.1328, 0.4473], device='cuda:2')
Index force: tensor([2.5550, 1.5187, 1.9376, 2.0692], device='cuda:2')
tensor([ 0.2206,  0.7649,  0.4154,  1.0878, -0.0455,  0.3815,  0.9154,  0.8176,
         1.2595, -0.0829,  0.1120,  0.9164, -0.0789], device='cuda:2')
Likelihood: -62.54891586303711
Solve time for step 4 (global step 3) 7.3920152727514505
Current ori: tensor(-0.0789, device='cuda:2')
Middle force: tensor([0.8529, 1.2576, 1.1176], device='cuda:2')
Thumb force: tensor([0.1936, 0.0031, 0.0035], device='cuda:2')
Index force: tensor([0.7182, 2.3062, 2.2482], device='cuda:2')
tensor([ 0.2220,  0.7204,  0.5811,  0.9664,  0.0108,  0.3036,  0.8954,  0.7776,
         1.3272,  0.0945,  0.1490,  1.2381, -0.1363], device='cuda:2')
Likelihood: -57.60016632080078
Solve time for step 5 (global step 4) 5.500467883888632
Current ori: tensor(-0.1363, device='cuda:2')
Middle force: tensor([1.4972, 0.9759], device='cuda:2')
Thumb force: tensor([0.8763, 2.0679], device='cuda:2')
Index force: tensor([0.9517, 2.4030], device='cuda:2')
tensor([ 0.2331,  0.7576,  0.4080,  1.1625,  0.0100,  0.2990,  1.0163,  0.7518,
         1.3192,  0.1367,  0.1153,  1.2175, -0.1381], device='cuda:2')
Likelihood: -83.72167205810547
Solve time for step 6 (global step 5) 5.782512215897441
Current ori: tensor(-0.1381, device='cuda:2')
Middle force: tensor([0.9246], device='cuda:2')
Thumb force: tensor([2.0676], device='cuda:2')
Index force: tensor([2.3767], device='cuda:2')
