Importing module 'gym_38' (/home/abhinav/Documents/isaacgym/python/isaacgym/_bindings/linux-x86_64/gym_38.so)
Setting GYM_USD_PLUG_INFO_PATH to /home/abhinav/Documents/isaacgym/python/isaacgym/_bindings/linux-x86_64/usd/plugInfo.json
PyTorch version 2.4.1+cu121
Device count 2
/home/abhinav/Documents/isaacgym/python/isaacgym/_bindings/src/gymtorch
ninja: no work to do.
No ROS install found, continuing
CCAI_PATH /home/abhinav/Documents/ccai
Not connected to PVD
Physics Engine: PhysX
Physics Device: cpu
GPU Pipeline: disabled
Using VHACD cache directory '/home/abhinav/.isaacgym/vhacd'
Found existing convex decomposition for mesh '/home/abhinav/Documents/github/isaacgym-arm-envs/isaac_victor_envs/assets/xela_models/mesh/allegro/base_ns.stl'
Found existing convex decomposition for mesh '/home/abhinav/Documents/github/isaacgym-arm-envs/isaac_victor_envs/assets/xela_models/mesh/allegro/link_1.0.stl'
Found existing convex decomposition for mesh '/home/abhinav/Documents/github/isaacgym-arm-envs/isaac_victor_envs/assets/xela_models/mesh/ft_c.stl'
[ models/temporal ] Channel dimensions: [(37, 128), (128, 256), (256, 512)]
[ models/temporal ] Channel dimensions: [(37, 128), (128, 256), (256, 512)]

Trial 201
No action perturbation this trial
Random perturbation %: 0.25
Loaded trajectory sampler
Current yaw: tensor([ 2.0053e-03,  6.2504e-03, -2.0637e+00], device='cuda:1')
Current yaw: tensor([ 2.0053e-03,  6.2504e-03, -2.0637e+00], device='cuda:1')
1 turn
Likelihood: -50.49571990966797
tensor([ 1.1707e-01,  6.0043e-01,  5.9411e-01,  5.8555e-01, -1.5130e-01,
         5.6559e-01,  9.7291e-01,  9.1793e-01,  1.2079e+00,  3.6206e-01,
         2.5741e-01,  1.2005e+00,  2.0053e-03,  6.2504e-03, -2.0637e+00],
       device='cuda:1')
Solve time for step 1 (global step 0) 38.20281850799802
Current ori: tensor([ 2.0053e-03,  6.2504e-03, -2.0637e+00], device='cuda:1')
Middle force: tensor([2.7765, 0.6869, 0.8949, 0.6903, 1.6245, 1.0923, 1.5896, 1.5951, 1.7732,
        2.4462, 1.1491, 0.9463], device='cuda:1')
Thumb force: tensor([2.3655, 0.8980, 1.3402, 1.2926, 1.6055, 1.2946, 1.1223, 0.6077, 0.8692,
        1.6463, 1.6672, 1.6994], device='cuda:1')
Index force: tensor([0.6334, 0.8815, 1.0400, 0.8858, 1.3363, 0.8681, 0.7554, 0.9320, 0.5599,
        0.5460, 1.1059, 0.7364], device='cuda:1')
tensor([ 1.3777e-01,  6.1258e-01,  5.9628e-01,  5.9131e-01, -1.2405e-01,
         5.3376e-01,  9.5814e-01,  1.0463e+00,  1.2933e+00,  2.6942e-01,
         2.0952e-01,  1.1270e+00,  3.4861e-04, -6.6541e-03, -2.2231e+00],
       device='cuda:1')
Likelihood: -74.0635986328125
Solve time for step 2 (global step 1) 11.57097288800287
Current ori: tensor([ 3.4861e-04, -6.6541e-03, -2.2231e+00], device='cuda:1')
Middle force: tensor([0.7038, 0.9024, 0.6290, 1.2723, 0.8841, 1.5149, 1.4871, 1.6799, 2.2730,
        1.1318, 0.9081], device='cuda:1')
Thumb force: tensor([0.8716, 1.2835, 1.2662, 1.5512, 1.2462, 1.1143, 0.6121, 0.8634, 1.6487,
        1.5944, 1.6319], device='cuda:1')
Index force: tensor([0.8677, 1.0517, 0.9196, 1.4507, 0.9158, 0.7805, 0.9530, 0.5750, 0.5676,
        1.1369, 0.7558], device='cuda:1')
Applying force: tensor([[-0.3874,  1.1019,  0.0000]]) at position: (0.006, -0.019, 0.065)
tensor([ 0.1177,  0.5845,  0.6292,  0.5600, -0.1438,  0.5154,  0.9715,  1.0366,
         1.3490,  0.2376,  0.1948,  1.0962,  0.0038,  0.0064, -2.2159],
       device='cuda:1')
Likelihood: -90.98849487304688
Solve time for step 3 (global step 2) 8.924401457014028
Current ori: tensor([ 0.0038,  0.0064, -2.2159], device='cuda:1')
Middle force: tensor([0.9001, 0.6107, 1.1976, 0.8259, 1.4757, 1.4667, 1.6235, 2.1990, 1.1329,
        0.8884], device='cuda:1')
Thumb force: tensor([1.2860, 1.2495, 1.5132, 1.2277, 1.0997, 0.6161, 0.8744, 1.5911, 1.5476,
        1.6042], device='cuda:1')
Index force: tensor([1.0260, 0.9367, 1.4889, 0.9351, 0.7804, 0.9523, 0.5682, 0.5879, 1.1298,
        0.7502], device='cuda:1')
tensor([ 0.1134,  0.5773,  0.6384,  0.5525, -0.1479,  0.5025,  0.9934,  1.0342,
         1.3408,  0.2621,  0.2233,  1.0400,  0.0045,  0.0084, -2.2612],
       device='cuda:1')
Likelihood: -95.64390563964844
Solve time for step 4 (global step 3) 8.401484262984013
Current ori: tensor([ 0.0045,  0.0084, -2.2612], device='cuda:1')
Middle force: tensor([0.6232, 1.1166, 0.7993, 1.4112, 1.4085, 1.5691, 2.0915, 1.0778, 0.8805],
       device='cuda:1')
Thumb force: tensor([1.2370, 1.4362, 1.2089, 1.0893, 0.6035, 0.8441, 1.5664, 1.5077, 1.5292],
       device='cuda:1')
Index force: tensor([0.8877, 1.4443, 0.9073, 0.7797, 0.9124, 0.5744, 0.5643, 1.0844, 0.7373],
       device='cuda:1')
tensor([ 1.1568e-01,  5.9418e-01,  6.3319e-01,  5.2235e-01, -1.5120e-01,
         5.1146e-01,  9.9669e-01,  1.0602e+00,  1.2203e+00,  4.5144e-01,
         3.5028e-01,  9.1045e-01, -1.4852e-03,  6.0456e-03, -2.3240e+00],
       device='cuda:1')
Likelihood: -131.58358764648438
Solve time for step 5 (global step 4) 8.0368026230135
Current ori: tensor([-1.4852e-03,  6.0456e-03, -2.3240e+00], device='cuda:1')
Middle force: tensor([1.0920, 0.7841, 1.3718, 1.3895, 1.5440, 2.0549, 1.0726, 0.8684],
       device='cuda:1')
Thumb force: tensor([1.3941, 1.1906, 1.0657, 0.5950, 0.8243, 1.5507, 1.4881, 1.4967],
       device='cuda:1')
Index force: tensor([1.4051, 0.8871, 0.7760, 0.8939, 0.5746, 0.5559, 1.0669, 0.7285],
       device='cuda:1')
tensor([ 0.1050,  0.6328,  0.5980,  0.4664, -0.1632,  0.5153,  1.0214,  1.0446,
         1.3588,  0.2960,  0.2244,  0.9464, -0.0142,  0.0103, -2.3675],
       device='cuda:1')
Likelihood: -139.16342163085938
Solve time for step 6 (global step 5) 7.67824258498149
Current ori: tensor([-0.0142,  0.0103, -2.3675], device='cuda:1')
Middle force: tensor([0.7629, 1.3552, 1.3993, 1.5126, 1.9900, 1.0720, 0.8677],
       device='cuda:1')
Thumb force: tensor([1.1815, 1.0519, 0.6033, 0.8189, 1.4711, 1.4548, 1.4462],
       device='cuda:1')
Index force: tensor([0.8734, 0.7619, 0.8814, 0.5664, 0.5556, 1.0504, 0.7315],
       device='cuda:1')
tensor([ 0.1070,  0.6500,  0.5846,  0.4434, -0.1693,  0.5247,  1.0384,  1.0421,
         1.3422,  0.3772,  0.2515,  0.8817, -0.0200,  0.0097, -2.4244],
       device='cuda:1')
Likelihood: -163.45498657226562
State is out of distribution
Final likelihood: tensor([-2.7637, -4.3364, -4.5874, -4.6374, -4.6879, -4.8822, -4.9156, -6.1575,
        -6.3539, -6.5022, -6.5217, -6.5402, -6.7599, -6.8904, -7.0856, -7.5338],
       device='cuda:1', grad_fn=<IndexBackward0>)
Final likelihood: tensor([-2.7637, -4.3364, -4.5874, -4.6374, -4.6879, -4.8822, -4.9156, -6.1575,
        -6.3539, -6.5022, -6.5217, -6.5402, -6.7599, -6.8904, -7.0856, -7.5338],
       device='cuda:1', grad_fn=<IndexBackward0>)
1 mode projection succeeded
New goal: tensor([ 0.1278,  0.5710,  0.6134,  0.5788, -0.1127,  0.5442,  0.8799,  0.9242,
         1.2546,  0.2832,  0.2173,  1.1968,  0.0045,  0.0143, -2.4247],
       device='cuda:1')
tensor([[0.0007]], device='cuda:1') tensor([[7.1405e-05]], device='cuda:1') tensor([[0.0003]], device='cuda:1')
Likelihood: -128.74195861816406
Likelihood: -144.64605712890625
{'index': 144.64605712890625, 'thumb_middle': 128.74195861816406}
Plan time: 51.80531315004919
Current yaw: tensor([-0.0201,  0.0098, -2.4247], device='cuda:1')
2 thumb_middle
tensor([ 0.1072,  0.6500,  0.5847,  0.4435, -0.1695,  0.5249,  1.0383,  1.0420,
         1.3425,  0.3774,  0.2514,  0.8814, -0.0201,  0.0098, -2.4247],
       device='cuda:1')
Solve time for step 1 (global step 6) 20.39360569798737
Current ori: tensor([-0.0201,  0.0098, -2.4247], device='cuda:1')
Index force: tensor([0.6474, 0.6027, 0.6450], device='cuda:1')
tensor([ 0.1140,  0.6780,  0.5416,  0.4626, -0.2377,  0.4954,  0.9195,  0.9685,
         1.2596,  0.3608,  0.1566,  0.9461, -0.0246,  0.0050, -2.4247],
       device='cuda:1')
torch.linalg.solve: (Batch element 0): The solver failed because the input matrix is singular.
Solve time for step 2 (global step 7) 5.739111405011499
Current ori: tensor([-0.0246,  0.0050, -2.4247], device='cuda:1')
Index force: tensor([0.5003, 0.6265], device='cuda:1')
tensor([ 0.1176,  0.6867,  0.5331,  0.4570, -0.2136,  0.5159,  0.8602,  0.9149,
         1.2123,  0.3440,  0.1831,  0.9982, -0.0268,  0.0029, -2.4247],
       device='cuda:1')
Solve time for step 3 (global step 8) 4.882957980997162
Current ori: tensor([-0.0268,  0.0029, -2.4247], device='cuda:1')
Index force: tensor([0.6310], device='cuda:1')
Current yaw: tensor([-3.5680e-02,  1.2593e-03, -2.4224e+00], device='cuda:1')
3 turn
Likelihood: -99.9972915649414
tensor([ 1.1878e-01,  7.2458e-01,  4.8153e-01,  4.3821e-01, -1.0669e-01,
         5.9817e-01,  8.7107e-01,  9.0890e-01,  1.2580e+00,  3.6369e-01,
         2.4579e-01,  1.0561e+00, -3.5680e-02,  1.2593e-03, -2.4224e+00],
       device='cuda:1')
Solve time for step 1 (global step 9) 37.088205523003126
Current ori: tensor([-3.5680e-02,  1.2593e-03, -2.4224e+00], device='cuda:1')
Middle force: tensor([1.6717, 1.8291, 1.2499, 1.2048, 0.6281, 0.9828, 0.5957, 0.7573, 1.4009,
        0.8824, 1.0707, 1.7109], device='cuda:1')
Thumb force: tensor([1.1551, 1.7622, 2.1585, 1.0796, 1.5778, 0.7878, 1.1806, 3.2127, 1.4602,
        1.0000, 1.1830, 1.5716], device='cuda:1')
Index force: tensor([0.5115, 1.0751, 0.7180, 0.6610, 0.7227, 0.8119, 0.9760, 0.7550, 1.2835,
        0.9976, 0.8273, 1.5135], device='cuda:1')
tensor([ 0.1296,  0.7309,  0.4830,  0.4382, -0.0928,  0.6307,  0.8016,  0.9848,
         1.2574,  0.3676,  0.2267,  1.0579, -0.0398, -0.0087, -2.4627],
       device='cuda:1')
Likelihood: -109.80389404296875
Solve time for step 2 (global step 10) 9.415865073009627
Current ori: tensor([-0.0398, -0.0087, -2.4627], device='cuda:1')
Middle force: tensor([2.1461, 0.5819, 0.8229, 0.6735, 0.9411, 1.6886, 0.8851, 1.4845, 1.2157,
        0.5583, 1.2687], device='cuda:1')
Thumb force: tensor([0.8005, 0.7139, 0.6143, 1.4876, 0.8410, 1.8402, 2.8486, 2.0575, 2.5818,
        1.4641, 4.4061], device='cuda:1')
Index force: tensor([1.7470, 0.6382, 0.9448, 0.6017, 1.2250, 1.3397, 0.7714, 0.7410, 0.5100,
        0.8664, 0.9479], device='cuda:1')
tensor([ 0.1234,  0.6932,  0.5338,  0.4461, -0.0857,  0.6133,  0.8371,  0.9705,
         1.4586,  0.0860,  0.0368,  1.1396, -0.0313, -0.0140, -2.4461],
       device='cuda:1')
Likelihood: -172.97573852539062
State is out of distribution
Final likelihood: tensor([-3.7209, -3.9714, -4.5881, -4.8579, -4.8692, -4.9752, -5.1755, -5.5883,
        -6.0185, -6.0604, -6.0953, -6.1943, -6.6758, -6.8884, -8.3262, -9.1610],
       device='cuda:1', grad_fn=<IndexBackward0>)
Final likelihood: tensor([-3.7209, -3.9714, -4.5881, -4.8579, -4.8692, -4.9752, -5.1755, -5.5883,
        -6.0185, -6.0604, -6.0953, -6.1943, -6.6758, -6.8884, -8.3262, -9.1610],
       device='cuda:1', grad_fn=<IndexBackward0>)
1 mode projection succeeded
New goal: tensor([ 1.6658e-01,  6.1424e-01,  5.7864e-01,  6.0956e-01, -1.2446e-01,
         5.5671e-01,  9.0122e-01,  9.3779e-01,  1.2936e+00,  2.6160e-01,
         1.7185e-01,  1.1828e+00, -3.2993e-03, -7.4943e-04, -2.4465e+00],
       device='cuda:1')
tensor([[0.0008]], device='cuda:1') tensor([[0.0005]], device='cuda:1') tensor([[0.0007]], device='cuda:1')
Likelihood: -97.34809875488281
Likelihood: -247.10824584960938
{'index': 247.10824584960938, 'thumb_middle': 97.34809875488281}
Plan time: 50.728343319002306
Current yaw: tensor([-0.0313, -0.0143, -2.4465], device='cuda:1')
4 thumb_middle
tensor([ 0.1227,  0.6925,  0.5339,  0.4461, -0.0849,  0.6134,  0.8372,  0.9704,
         1.4589,  0.0852,  0.0362,  1.1397, -0.0313, -0.0143, -2.4465],
       device='cuda:1')
Solve time for step 1 (global step 11) 24.502370601985604
Current ori: tensor([-0.0313, -0.0143, -2.4465], device='cuda:1')
Index force: tensor([0.6113, 0.6089, 0.6112], device='cuda:1')
tensor([ 0.0933,  0.6575,  0.5359,  0.4983, -0.2080,  0.5377,  0.8191,  0.9471,
         1.3579,  0.1102,  0.0330,  1.1119, -0.0203,  0.0044, -2.4465],
       device='cuda:1')
torch.linalg.solve: (Batch element 0): The solver failed because the input matrix is singular.
Solve time for step 2 (global step 12) 7.003850381006487
Current ori: tensor([-0.0203,  0.0044, -2.4465], device='cuda:1')
Index force: tensor([0.6083, 0.6064], device='cuda:1')
tensor([ 0.0978,  0.6135,  0.5676,  0.5651, -0.2146,  0.5163,  0.8430,  0.9361,
         1.3241,  0.1916,  0.0454,  1.1198, -0.0052,  0.0046, -2.4465],
       device='cuda:1')
Solve time for step 3 (global step 13) 4.549188391974894
Current ori: tensor([-0.0052,  0.0046, -2.4465], device='cuda:1')
Index force: tensor([0.6196], device='cuda:1')
Current yaw: tensor([ 1.1775e-02,  2.3592e-03, -2.4236e+00], device='cuda:1')
5 turn
Likelihood: -87.30992889404297
tensor([ 1.0631e-01,  5.6269e-01,  6.1375e-01,  6.2915e-01, -1.3604e-01,
         6.4132e-01,  8.6616e-01,  8.7058e-01,  1.3596e+00,  2.1834e-01,
         1.1010e-01,  1.2648e+00,  1.1775e-02,  2.3592e-03, -2.4236e+00],
       device='cuda:1')
Solve time for step 1 (global step 14) 37.50634603900835
Current ori: tensor([ 1.1775e-02,  2.3592e-03, -2.4236e+00], device='cuda:1')
Middle force: tensor([1.6895, 1.1243, 0.9712, 0.7896, 1.6257, 1.9092, 1.1527, 1.5468, 2.3604,
        0.8208, 1.5097, 1.5666], device='cuda:1')
Thumb force: tensor([0.9557, 1.1652, 1.8779, 1.2796, 1.5270, 0.8340, 1.0059, 0.5200, 0.7506,
        1.8413, 2.5906, 1.7404], device='cuda:1')
Index force: tensor([1.0702, 1.2593, 1.1101, 0.9622, 0.6602, 0.7502, 1.2886, 1.2472, 1.3308,
        0.6938, 0.5662, 0.9017], device='cuda:1')
tensor([ 0.0981,  0.5558,  0.6115,  0.6357, -0.1488,  0.6409,  0.8754,  0.8678,
         1.2797,  0.3861,  0.1765,  1.2052,  0.0135,  0.0068, -2.4189],
       device='cuda:1')
Likelihood: -89.73091125488281
Solve time for step 2 (global step 15) 9.672280622005928
Current ori: tensor([ 0.0135,  0.0068, -2.4189], device='cuda:1')
Middle force: tensor([1.0982, 0.8762, 0.7339, 1.5179, 1.7305, 1.0041, 1.3271, 2.1227, 0.7820,
        1.4206, 1.4824], device='cuda:1')
Thumb force: tensor([1.1765, 1.7226, 1.1914, 1.4325, 0.8140, 1.0074, 0.5048, 0.7248, 1.6947,
        2.3653, 1.5377], device='cuda:1')
Index force: tensor([1.1991, 1.0801, 0.9446, 0.6527, 0.7531, 1.2475, 1.2974, 1.2345, 0.6724,
        0.5489, 0.8488], device='cuda:1')
Applying force: tensor([[-1.6353, -0.1926,  0.0000]]) at position: (0.020, 0.002, 0.073)
tensor([ 0.0815,  0.5937,  0.5533,  0.6149, -0.1630,  0.6064,  0.8850,  0.9329,
         1.3720,  0.2790,  0.1378,  1.1479,  0.0026,  0.0163, -2.5580],
       device='cuda:1')
Likelihood: -106.93392944335938
Solve time for step 3 (global step 16) 9.149931346997619
Current ori: tensor([ 0.0026,  0.0163, -2.5580], device='cuda:1')
Middle force: tensor([0.8657, 0.7255, 1.4409, 1.5947, 0.9644, 1.2222, 1.9793, 0.7506, 1.3442,
        1.4106], device='cuda:1')
Thumb force: tensor([1.6257, 1.1147, 1.3421, 0.8141, 0.9224, 0.5025, 0.7452, 1.6070, 2.2116,
        1.4638], device='cuda:1')
Index force: tensor([1.0615, 0.9280, 0.6665, 0.7273, 1.1890, 1.2995, 1.1643, 0.6546, 0.5454,
        0.8135], device='cuda:1')
tensor([ 0.0740,  0.6228,  0.5154,  0.5943, -0.1660,  0.5936,  0.8954,  0.9494,
         1.3639,  0.3318,  0.1542,  1.0873, -0.0050,  0.0185, -2.6344],
       device='cuda:1')
Likelihood: -103.86588287353516
Solve time for step 4 (global step 17) 8.595679221005412
Current ori: tensor([-0.0050,  0.0185, -2.6344], device='cuda:1')
Middle force: tensor([0.7240, 1.3828, 1.5637, 0.9141, 1.2101, 1.8448, 0.7263, 1.2887, 1.3872],
       device='cuda:1')
Thumb force: tensor([1.0890, 1.3065, 0.7796, 0.9173, 0.5031, 0.7574, 1.5337, 2.1676, 1.4061],
       device='cuda:1')
Index force: tensor([0.9085, 0.6529, 0.7556, 1.1503, 1.2472, 1.1139, 0.6479, 0.5543, 0.7961],
       device='cuda:1')
tensor([ 0.0619,  0.6484,  0.4830,  0.5636, -0.1729,  0.5851,  0.8953,  0.9713,
         1.3679,  0.3636,  0.1760,  1.0166, -0.0129,  0.0238, -2.7067],
       device='cuda:1')
Likelihood: -137.29025268554688
Solve time for step 5 (global step 18) 8.31174160502269
Current ori: tensor([-0.0129,  0.0238, -2.7067], device='cuda:1')
Middle force: tensor([1.3686, 1.5082, 0.8889, 1.1961, 1.7804, 0.7195, 1.2543, 1.3539],
       device='cuda:1')
Thumb force: tensor([1.2780, 0.7715, 0.9072, 0.5024, 0.7475, 1.4771, 2.1040, 1.3680],
       device='cuda:1')
Index force: tensor([0.6524, 0.7554, 1.1212, 1.2084, 1.0813, 0.6489, 0.5580, 0.7937],
       device='cuda:1')
tensor([ 0.0699,  0.6631,  0.4797,  0.5455, -0.1696,  0.5709,  0.9077,  1.0256,
         1.4040,  0.3229,  0.1888,  0.9170, -0.0176,  0.0184, -2.8255],
       device='cuda:1')
Likelihood: -150.37643432617188
Solve time for step 6 (global step 19) 7.4247799279983155
Current ori: tensor([-0.0176,  0.0184, -2.8255], device='cuda:1')
Middle force: tensor([1.4675, 0.8848, 1.1845, 1.7529, 0.6976, 1.2313, 1.3417],
       device='cuda:1')
Thumb force: tensor([0.7624, 0.8939, 0.5024, 0.7386, 1.4534, 2.0558, 1.3425],
       device='cuda:1')
Index force: tensor([0.7404, 1.1084, 1.2104, 1.0557, 0.6461, 0.5575, 0.7885],
       device='cuda:1')
tensor([ 0.0897,  0.6766,  0.4727,  0.5612, -0.1453,  0.5502,  0.9369,  1.0704,
         1.4002,  0.3500,  0.2268,  0.8216, -0.0195,  0.0055, -2.9347],
       device='cuda:1')
Likelihood: -157.98822021484375
Solve time for step 7 (global step 20) 8.516107700997964
Current ori: tensor([-0.0195,  0.0055, -2.9347], device='cuda:1')
Middle force: tensor([0.8642, 1.1545, 1.7100, 0.7075, 1.1981, 1.3115], device='cuda:1')
Thumb force: tensor([0.8753, 0.5023, 0.7174, 1.4209, 1.9957, 1.3110], device='cuda:1')
Index force: tensor([1.0710, 1.1593, 1.0249, 0.6398, 0.5723, 0.7801], device='cuda:1')
Applying force: tensor([[1.0165, 1.0543, 0.0000]]) at position: (-0.014, -0.015, 0.076)
tensor([ 0.1059,  0.7028,  0.4519,  0.5582, -0.1519,  0.5707,  0.9542,  1.0755,
         1.3936,  0.3929,  0.2391,  0.7864, -0.0041, -0.0081, -2.9371],
       device='cuda:1')
Likelihood: -163.04750061035156
State is out of distribution
Final likelihood: tensor([ -2.8817,  -2.8889,  -3.3798,  -3.9332,  -4.0182,  -4.9239,  -4.9889,
         -5.0989,  -5.9203,  -6.3580,  -6.5221,  -7.0455,  -7.0749,  -7.6752,
         -8.6865, -12.2995], device='cuda:1', grad_fn=<IndexBackward0>)
Final likelihood: tensor([ -2.8817,  -2.8889,  -3.3798,  -3.9332,  -4.0182,  -4.9239,  -4.9889,
         -5.0989,  -5.9203,  -6.3580,  -6.5221,  -7.0455,  -7.0749,  -7.6752,
         -8.6865, -12.2995], device='cuda:1', grad_fn=<IndexBackward0>)
1 mode projection succeeded
New goal: tensor([ 0.1264,  0.6254,  0.5393,  0.5770, -0.1087,  0.5572,  0.8997,  0.8192,
         1.1945,  0.3558,  0.2667,  1.1653, -0.0111,  0.0134, -2.9374],
       device='cuda:1')
tensor([[0.0007]], device='cuda:1') tensor([[0.0004]], device='cuda:1') tensor([[0.0007]], device='cuda:1')
Likelihood: -142.51039123535156
Likelihood: -128.54168701171875
{'index': 128.54168701171875, 'thumb_middle': 142.51039123535156}
Plan time: 55.850314258015715
Current yaw: tensor([-0.0041, -0.0081, -2.9374], device='cuda:1')
6 index
tensor([ 0.1054,  0.7030,  0.4513,  0.5579, -0.1521,  0.5707,  0.9543,  1.0756,
         1.3937,  0.3929,  0.2390,  0.7863, -0.0041, -0.0081, -2.9374],
       device='cuda:1')
Solve time for step 1 (global step 21) 24.090064622985665
Current ori: tensor([-0.0041, -0.0081, -2.9374], device='cuda:1')
Middle force: tensor([0.5568, 0.5114, 0.5948], device='cuda:1')
Thumb force: tensor([0.5375, 0.5925, 0.5585], device='cuda:1')
tensor([ 0.1799,  0.5872,  0.4478,  0.5833, -0.1503,  0.5633,  0.9813,  1.0340,
         1.4050,  0.3802,  0.2308,  0.7737, -0.0108, -0.0079, -2.9495],
       device='cuda:1')
torch.linalg.solve: (Batch element 0): The solver failed because the input matrix is singular.
Solve time for step 2 (global step 22) 6.507722365000518
Current ori: tensor([-0.0108, -0.0079, -2.9495], device='cuda:1')
Middle force: tensor([0.5081, 0.5763], device='cuda:1')
Thumb force: tensor([0.5903, 0.5520], device='cuda:1')
tensor([ 0.1907,  0.5398,  0.5050,  0.6282, -0.1612,  0.5694,  1.0070,  0.9934,
         1.4222,  0.3744,  0.2119,  0.7639, -0.0228, -0.0051, -2.9675],
       device='cuda:1')
Solve time for step 3 (global step 23) 6.392364472994814
Current ori: tensor([-0.0228, -0.0051, -2.9675], device='cuda:1')
Middle force: tensor([0.5610], device='cuda:1')
Thumb force: tensor([0.5511], device='cuda:1')
Current yaw: tensor([-0.0218, -0.0067, -2.9581], device='cuda:1')
7 turn
Likelihood: -140.64779663085938
tensor([ 0.1329,  0.5751,  0.5916,  0.6938, -0.1736,  0.5841,  1.0168,  0.9733,
         1.4174,  0.3803,  0.2089,  0.7754, -0.0218, -0.0067, -2.9581],
       device='cuda:1')
Solve time for step 1 (global step 24) 35.800221646990394
Current ori: tensor([-0.0218, -0.0067, -2.9581], device='cuda:1')
Middle force: tensor([0.5383, 1.6990, 1.0540, 1.3742, 0.9378, 1.6626, 1.1029, 2.8302, 2.9797,
        1.9416, 1.2065, 0.9535], device='cuda:1')
Thumb force: tensor([1.6390, 1.9461, 1.2094, 0.5699, 1.1067, 2.1662, 1.2428, 2.1705, 1.1652,
        1.2016, 0.5888, 1.6008], device='cuda:1')
Index force: tensor([0.6231, 1.7457, 0.9568, 0.8835, 0.8807, 0.4844, 0.8412, 0.9589, 1.3670,
        0.8370, 0.8607, 0.7753], device='cuda:1')
tensor([ 0.1402,  0.5457,  0.6194,  0.7349, -0.1854,  0.5906,  1.0297,  0.9668,
         1.3243,  0.6397,  0.2749,  0.7878, -0.0108, -0.0095, -2.9580],
       device='cuda:1')
Likelihood: -165.4783935546875
State is out of distribution
Final likelihood: tensor([ -3.9765,  -4.2444,  -4.5428,  -5.9525,  -6.0806,  -6.1899,  -6.3232,
         -6.8299,  -7.0186,  -7.3645,  -7.7273,  -8.3532,  -8.6141,  -8.9450,
         -9.5596, -10.4133], device='cuda:1', grad_fn=<IndexBackward0>)
Final likelihood: tensor([ -3.9765,  -4.2444,  -4.5428,  -5.9525,  -6.0806,  -6.1899,  -6.3232,
         -6.8299,  -7.0186,  -7.3645,  -7.7273,  -8.3532,  -8.6141,  -8.9450,
         -9.5596, -10.4133], device='cuda:1', grad_fn=<IndexBackward0>)
1 mode projection succeeded
New goal: tensor([ 0.1597,  0.6031,  0.5850,  0.6108, -0.1566,  0.5859,  0.9129,  0.8613,
         1.1923,  0.3307,  0.2925,  1.1571, -0.0071,  0.0121, -2.9582],
       device='cuda:1')
tensor([[0.0002]], device='cuda:1') tensor([[0.0005]], device='cuda:1') tensor([[0.0009]], device='cuda:1')
Likelihood: -79.99887084960938
Likelihood: -126.6678466796875
{'index': 126.6678466796875, 'thumb_middle': 79.99887084960938}
Plan time: 58.88614595704712
Current yaw: tensor([-0.0109, -0.0095, -2.9582], device='cuda:1')
8 thumb_middle
tensor([ 0.1402,  0.5455,  0.6194,  0.7350, -0.1856,  0.5908,  1.0298,  0.9668,
         1.3242,  0.6402,  0.2750,  0.7878, -0.0109, -0.0095, -2.9582],
       device='cuda:1')
Solve time for step 1 (global step 25) 21.722926079994068
Current ori: tensor([-0.0109, -0.0095, -2.9582], device='cuda:1')
Index force: tensor([0.5502, 0.6087, 0.4998], device='cuda:1')
tensor([ 0.1183,  0.5614,  0.5306,  0.8257, -0.2655,  0.5246,  0.9384,  0.9192,
         1.2184,  0.5552,  0.2082,  0.8916, -0.0067,  0.0039, -2.9582],
       device='cuda:1')
torch.linalg.solve: (Batch element 0): The solver failed because the input matrix is singular.
Solve time for step 2 (global step 26) 5.961628463002853
Current ori: tensor([-0.0067,  0.0039, -2.9582], device='cuda:1')
Index force: tensor([0.4996, 0.6475], device='cuda:1')
tensor([ 0.1189,  0.5685,  0.5164,  0.8347, -0.2524,  0.5431,  0.8920,  0.8796,
         1.1670,  0.4759,  0.2326,  0.9626, -0.0074,  0.0035, -2.9582],
       device='cuda:1')
Solve time for step 3 (global step 27) 5.332238909002626
Current ori: tensor([-0.0074,  0.0035, -2.9582], device='cuda:1')
Index force: tensor([0.6469], device='cuda:1')
Current yaw: tensor([-1.8400e-02,  2.7957e-03, -2.9625e+00], device='cuda:1')
9 turn
Likelihood: -114.9376449584961
tensor([ 1.1734e-01,  5.8897e-01,  5.2111e-01,  7.6507e-01, -1.4911e-01,
         6.0744e-01,  9.3448e-01,  8.7559e-01,  1.1569e+00,  4.5833e-01,
         3.3734e-01,  1.0721e+00, -1.8400e-02,  2.7957e-03, -2.9625e+00],
       device='cuda:1')
Solve time for step 1 (global step 28) 37.6247052619874
Current ori: tensor([-1.8400e-02,  2.7957e-03, -2.9625e+00], device='cuda:1')
Middle force: tensor([0.5294, 1.1888, 0.8738, 0.9811, 1.9785, 1.4261, 1.2463, 0.6281, 1.0692,
        2.9936, 2.3416, 2.3095], device='cuda:1')
Thumb force: tensor([0.9582, 1.9822, 1.4003, 0.5338, 1.8453, 1.2376, 1.4927, 1.3377, 1.6415,
        2.2061, 2.0364, 2.6016], device='cuda:1')
Index force: tensor([0.5895, 0.8387, 0.7961, 0.6929, 0.8444, 0.8404, 1.1987, 0.7816, 0.5310,
        1.0862, 0.7732, 1.3201], device='cuda:1')
tensor([ 0.1081,  0.5826,  0.5384,  0.7288, -0.1558,  0.6051,  0.9177,  0.9113,
         1.2158,  0.3939,  0.2962,  1.0702, -0.0209,  0.0083, -3.0023],
       device='cuda:1')
Likelihood: -103.02098083496094
Solve time for step 2 (global step 29) 9.728339793975465
Current ori: tensor([-0.0209,  0.0083, -3.0023], device='cuda:1')
Middle force: tensor([1.2086, 0.8424, 0.7460, 1.9238, 1.0711, 0.9808, 0.6596, 1.0502, 2.8903,
        2.2619, 2.1612], device='cuda:1')
Thumb force: tensor([1.9918, 1.3572, 0.5232, 1.8035, 1.2074, 1.4514, 1.1750, 1.5848, 2.1395,
        1.9748, 2.5386], device='cuda:1')
Index force: tensor([0.8949, 0.8130, 0.7470, 0.8592, 0.8866, 1.2782, 0.8013, 0.5333, 1.1186,
        0.7796, 1.3990], device='cuda:1')
Applying force: tensor([[0.3280, 1.1405, 0.0000]]) at position: (-0.005, -0.019, 0.087)
tensor([ 0.0905,  0.5468,  0.5619,  0.7465, -0.1690,  0.6513,  0.8748,  0.8190,
         1.1510,  0.5286,  0.3218,  1.1444, -0.0113,  0.0192, -2.8285],
       device='cuda:1')
Likelihood: -122.80447387695312
Solve time for step 3 (global step 30) 9.21243795499322
Current ori: tensor([-0.0113,  0.0192, -2.8285], device='cuda:1')
Middle force: tensor([0.8460, 0.6665, 1.8803, 0.9569, 0.9144, 0.6547, 1.0348, 2.7790, 2.2005,
        2.0778], device='cuda:1')
Thumb force: tensor([1.3511, 0.5269, 1.7051, 1.2112, 1.4721, 1.1690, 1.5459, 2.1248, 1.9322,
        2.5089], device='cuda:1')
Index force: tensor([0.7900, 0.7116, 0.8453, 0.8503, 1.2645, 0.7825, 0.5295, 1.0789, 0.7665,
        1.3540], device='cuda:1')
tensor([ 0.0903,  0.5465,  0.5683,  0.7332, -0.1709,  0.6491,  0.8534,  0.8748,
         1.2094,  0.4656,  0.2657,  1.1564, -0.0122,  0.0201, -2.8794],
       device='cuda:1')
Likelihood: -99.06256103515625
Solve time for step 4 (global step 31) 8.75696450099349
Current ori: tensor([-0.0122,  0.0201, -2.8794], device='cuda:1')
Middle force: tensor([0.6297, 1.7904, 0.9575, 0.9147, 0.6789, 0.9998, 2.7115, 2.1322, 2.0175],
       device='cuda:1')
Thumb force: tensor([0.5255, 1.7958, 1.2316, 1.4604, 1.1225, 1.4858, 2.0646, 1.8951, 2.4369],
       device='cuda:1')
Index force: tensor([0.7177, 0.8729, 0.8367, 1.2362, 0.7693, 0.5273, 1.0534, 0.7694, 1.3157],
       device='cuda:1')
tensor([ 0.1081,  0.5459,  0.5796,  0.7485, -0.1802,  0.6606,  0.8519,  0.9589,
         1.2668,  0.3954,  0.1960,  1.1745, -0.0110,  0.0096, -2.9170],
       device='cuda:1')
Likelihood: -121.05812072753906
Solve time for step 5 (global step 32) 8.390325165994
Current ori: tensor([-0.0110,  0.0096, -2.9170], device='cuda:1')
Middle force: tensor([1.7683, 0.9370, 0.9231, 0.6902, 1.0229, 2.6151, 2.0584, 1.9821],
       device='cuda:1')
Thumb force: tensor([1.7946, 1.2179, 1.4027, 1.0834, 1.4802, 2.0052, 1.8362, 2.3607],
       device='cuda:1')
Index force: tensor([0.8377, 0.8511, 1.1508, 0.7572, 0.5260, 1.0462, 0.7404, 1.3028],
       device='cuda:1')
Applying force: tensor([[-0.4904,  1.2765,  0.0000]]) at position: (0.007, -0.019, 0.075)
tensor([ 0.0897,  0.5186,  0.5903,  0.7661, -0.1838,  0.7235,  0.7706,  0.8797,
         1.2856,  0.3762,  0.1410,  1.3027, -0.0032,  0.0205, -2.6913],
       device='cuda:1')
Likelihood: -140.234619140625
Solve time for step 6 (global step 33) 8.18919291801285
Current ori: tensor([-0.0032,  0.0205, -2.6913], device='cuda:1')
Middle force: tensor([0.9052, 0.8679, 0.6824, 0.9924, 2.5317, 1.9849, 1.9184],
       device='cuda:1')
Thumb force: tensor([1.1974, 1.4105, 1.0710, 1.4338, 1.9475, 1.7801, 2.2985],
       device='cuda:1')
Index force: tensor([0.8294, 1.1092, 0.7553, 0.5211, 1.0354, 0.7434, 1.2587],
       device='cuda:1')
Applying force: tensor([[0.1822, 0.9712, 0.0000]]) at position: (-0.004, -0.020, 0.093)
tensor([ 0.0830,  0.5205,  0.5852,  0.7588, -0.1907,  0.7035,  0.7737,  0.9449,
         1.2351,  0.5307,  0.2280,  1.1637,  0.0028,  0.0228, -2.7489],
       device='cuda:1')
Likelihood: -146.84768676757812
Solve time for step 7 (global step 34) 7.446950386976823
Current ori: tensor([ 0.0028,  0.0228, -2.7489], device='cuda:1')
Middle force: tensor([0.8865, 0.7019, 1.0103, 2.3977, 1.8937, 1.7980], device='cuda:1')
Thumb force: tensor([1.3797, 1.0319, 1.4164, 1.8752, 1.6788, 2.1831], device='cuda:1')
Index force: tensor([1.0534, 0.7405, 0.5205, 0.9898, 0.7213, 1.1963], device='cuda:1')
tensor([ 0.0766,  0.5190,  0.5789,  0.7630, -0.2016,  0.6865,  0.7935,  0.9634,
         1.2672,  0.5316,  0.2125,  1.1250,  0.0029,  0.0269, -2.7935],
       device='cuda:1')
Likelihood: -146.02127075195312
Solve time for step 8 (global step 35) 7.039214168995386
Current ori: tensor([ 0.0029,  0.0269, -2.7935], device='cuda:1')
Middle force: tensor([0.6802, 0.9486, 2.3840, 1.8912, 1.8121], device='cuda:1')
Thumb force: tensor([1.0787, 1.3702, 1.9121, 1.7200, 2.2686], device='cuda:1')
Index force: tensor([0.7142, 0.5207, 0.9750, 0.7239, 1.1924], device='cuda:1')
Applying force: tensor([[-1.5669,  0.4298,  0.0000]]) at position: (0.019, -0.005, 0.058)
tensor([ 0.0563,  0.5129,  0.5701,  0.7550, -0.2411,  0.6633,  0.7915,  0.9745,
         1.3202,  0.5367,  0.2153,  1.0693,  0.0039,  0.0563, -2.8300],
       device='cuda:1')
Likelihood: -156.2581787109375
Solve time for step 9 (global step 36) 7.27839895998477
Current ori: tensor([ 0.0039,  0.0563, -2.8300], device='cuda:1')
Middle force: tensor([0.9383, 2.1271, 1.7359, 1.5970], device='cuda:1')
Thumb force: tensor([1.3013, 1.7662, 1.5386, 2.0456], device='cuda:1')
Index force: tensor([0.5220, 0.9010, 0.6868, 1.0789], device='cuda:1')
tensor([ 0.0560,  0.5420,  0.5438,  0.7264, -0.2391,  0.6656,  0.7902,  0.9697,
         1.3423,  0.5155,  0.2116,  1.0226, -0.0053,  0.0556, -2.8789],
       device='cuda:1')
Likelihood: -156.92811584472656
Solve time for step 10 (global step 37) 7.17492617899552
Current ori: tensor([-0.0053,  0.0556, -2.8789], device='cuda:1')
Middle force: tensor([2.0940, 1.7086, 1.5799], device='cuda:1')
Thumb force: tensor([1.7023, 1.4786, 1.9659], device='cuda:1')
Index force: tensor([0.9467, 0.7083, 1.0718], device='cuda:1')
tensor([ 0.0402,  0.5519,  0.5289,  0.6997, -0.2328,  0.7432,  0.7199,  0.8501,
         1.3072,  0.5476,  0.2003,  1.1231, -0.0119,  0.0589, -2.6836],
       device='cuda:1')
Likelihood: -152.8192138671875
Solve time for step 11 (global step 38) 6.696264928992605
Current ori: tensor([-0.0119,  0.0589, -2.6836], device='cuda:1')
Middle force: tensor([1.6535, 1.5248], device='cuda:1')
Thumb force: tensor([1.4574, 1.9423], device='cuda:1')
Index force: tensor([0.6960, 1.0173], device='cuda:1')
tensor([ 0.0507,  0.5575,  0.5346,  0.6919, -0.2415,  0.6970,  0.7791,  0.9336,
         1.3316,  0.5212,  0.1961,  1.0584, -0.0142,  0.0532, -2.8031],
       device='cuda:1')
Likelihood: -154.71685791015625
Solve time for step 12 (global step 39) 6.793895546987187
Current ori: tensor([-0.0142,  0.0532, -2.8031], device='cuda:1')
Middle force: tensor([1.5265], device='cuda:1')
Thumb force: tensor([1.8651], device='cuda:1')
Index force: tensor([1.0297], device='cuda:1')
Current yaw: tensor([-0.0106,  0.0470, -2.9679], device='cuda:1')
10 turn
Likelihood: -172.94528198242188
State is out of distribution
Final likelihood: tensor([ -3.3204,  -4.1499,  -5.0066,  -5.0330,  -5.1794,  -6.1476,  -6.9740,
         -7.2827,  -7.5614,  -8.0265,  -8.5938,  -8.7433,  -8.9421,  -8.9721,
         -9.5482, -14.8780], device='cuda:1', grad_fn=<IndexBackward0>)
Final likelihood: tensor([ -3.3204,  -4.1499,  -5.0066,  -5.0330,  -5.1794,  -6.1476,  -6.9740,
         -7.2827,  -7.5614,  -8.0265,  -8.5938,  -8.7433,  -8.9421,  -8.9721,
         -9.5482, -14.8780], device='cuda:1', grad_fn=<IndexBackward0>)
1 mode projection succeeded
New goal: tensor([ 0.1262,  0.6257,  0.5389,  0.5766, -0.1094,  0.5576,  0.8987,  0.8189,
         1.1946,  0.3560,  0.2673,  1.1647, -0.0111,  0.0132, -2.9682],
       device='cuda:1')
tensor([[0.0005]], device='cuda:1') tensor([[0.0005]], device='cuda:1') tensor([[0.0008]], device='cuda:1')
Likelihood: -90.84829711914062
Likelihood: -122.5592041015625
{'index': 122.5592041015625, 'thumb_middle': 90.84829711914062}
Plan time: 51.405528752016835
Current yaw: tensor([-0.0104,  0.0468, -2.9682], device='cuda:1')
11 thumb_middle
tensor([ 0.0625,  0.5688,  0.5210,  0.7099, -0.2445,  0.6445,  0.8367,  1.0236,
         1.3697,  0.4839,  0.1975,  0.9807, -0.0104,  0.0468, -2.9682],
       device='cuda:1')
Solve time for step 1 (global step 40) 20.90786983401631
Current ori: tensor([-0.0104,  0.0468, -2.9682], device='cuda:1')
Index force: tensor([2.1766, 0.6644, 0.6831], device='cuda:1')
tensor([ 0.1164,  0.6050,  0.5286,  0.7037, -0.2495,  0.5831,  0.8298,  0.9032,
         1.2159,  0.4367,  0.1690,  0.9966, -0.0200,  0.0140, -2.9682],
       device='cuda:1')
torch.linalg.solve: (Batch element 0): The solver failed because the input matrix is singular.
Solve time for step 2 (global step 41) 5.809121368016349
Current ori: tensor([-0.0200,  0.0140, -2.9682], device='cuda:1')
Index force: tensor([0.5958, 0.5993], device='cuda:1')
tensor([ 0.1291,  0.6190,  0.5292,  0.6890, -0.2252,  0.5427,  0.8528,  0.8880,
         1.1852,  0.4047,  0.1826,  1.0307, -0.0243,  0.0058, -2.9682],
       device='cuda:1')
Solve time for step 3 (global step 42) 5.423779578006361
Current ori: tensor([-0.0243,  0.0058, -2.9682], device='cuda:1')
Index force: tensor([0.6071], device='cuda:1')
Current yaw: tensor([-3.5490e-02,  2.9073e-03, -2.9703e+00], device='cuda:1')
12 turn
Likelihood: -84.04277038574219
tensor([ 1.2962e-01,  6.5229e-01,  5.1096e-01,  6.3489e-01, -1.1050e-01,
         6.1585e-01,  8.5043e-01,  8.9712e-01,  1.2233e+00,  3.9900e-01,
         2.7142e-01,  1.0723e+00, -3.5490e-02,  2.9073e-03, -2.9703e+00],
       device='cuda:1')
Solve time for step 1 (global step 43) 36.26144061901141
Current ori: tensor([-3.5490e-02,  2.9073e-03, -2.9703e+00], device='cuda:1')
Middle force: tensor([2.0399, 1.8706, 1.0346, 0.7790, 0.9966, 2.1700, 1.3464, 1.5759, 1.3730,
        2.1198, 2.3333, 0.9844], device='cuda:1')
Thumb force: tensor([1.4593, 1.2371, 1.8700, 1.4606, 1.0572, 3.7151, 1.9594, 2.2249, 3.1880,
        0.5763, 0.5013, 0.7964], device='cuda:1')
Index force: tensor([0.9367, 1.2572, 0.5990, 0.7101, 0.9667, 0.7259, 1.0774, 0.4716, 0.6657,
        0.7333, 0.9410, 0.8008], device='cuda:1')
tensor([ 1.3552e-01,  6.4687e-01,  5.1893e-01,  6.4657e-01, -1.2304e-01,
         6.2397e-01,  8.7212e-01,  9.1671e-01,  1.2696e+00,  3.3762e-01,
         2.1924e-01,  1.0912e+00, -3.6584e-02, -2.4666e-03, -3.0157e+00],
       device='cuda:1')
Likelihood: -85.69313049316406
Solve time for step 2 (global step 44) 9.755560143006733
Current ori: tensor([-3.6584e-02, -2.4666e-03, -3.0157e+00], device='cuda:1')
Middle force: tensor([1.4394, 1.2249, 0.6117, 1.0612, 1.0180, 0.5068, 0.6717, 2.0106, 1.8504,
        0.8283, 1.8298], device='cuda:1')
Thumb force: tensor([2.5329, 0.7729, 0.5296, 1.0091, 2.7504, 3.2288, 0.6644, 2.2411, 2.8076,
        2.7302, 0.6160], device='cuda:1')
Index force: tensor([0.6121, 0.7772, 0.6165, 0.9871, 0.7793, 0.9820, 1.0226, 1.4132, 0.6268,
        0.9411, 0.7811], device='cuda:1')
tensor([ 0.1202,  0.6593,  0.4922,  0.6327, -0.1226,  0.6810,  0.7903,  0.8393,
         1.2345,  0.3913,  0.2193,  1.1726, -0.0406,  0.0068, -2.9432],
       device='cuda:1')
Likelihood: -99.71812438964844
Solve time for step 3 (global step 45) 9.070183197007282
Current ori: tensor([-0.0406,  0.0068, -2.9432], device='cuda:1')
Middle force: tensor([1.1689, 0.6071, 1.0897, 0.9248, 0.5136, 0.6738, 1.9446, 1.7911, 0.8038,
        1.7837], device='cuda:1')
Thumb force: tensor([0.8206, 0.5513, 1.0273, 2.6441, 3.0596, 0.6508, 2.1760, 2.7392, 2.6585,
        0.6197], device='cuda:1')
Index force: tensor([0.8526, 0.5981, 0.9282, 0.8150, 1.0164, 0.9865, 1.3837, 0.6146, 0.9283,
        0.7779], device='cuda:1')
tensor([ 0.0992,  0.6686,  0.4648,  0.6183, -0.1226,  0.7278,  0.7410,  0.7649,
         1.2547,  0.3598,  0.1799,  1.2416, -0.0486,  0.0099, -2.8327],
       device='cuda:1')
Likelihood: -129.3241424560547
Solve time for step 4 (global step 46) 8.677720196981682
Current ori: tensor([-0.0486,  0.0099, -2.8327], device='cuda:1')
Middle force: tensor([0.6101, 1.0151, 0.8621, 0.5171, 0.6650, 1.8674, 1.7323, 0.7562, 1.7084],
       device='cuda:1')
Thumb force: tensor([0.5494, 1.0159, 2.5397, 2.8848, 0.6617, 2.1183, 2.6288, 2.5740, 0.6116],
       device='cuda:1')
Index force: tensor([0.5889, 0.8814, 0.8469, 1.0243, 0.9335, 1.3454, 0.6096, 0.9236, 0.7502],
       device='cuda:1')
tensor([ 0.0936,  0.6741,  0.4443,  0.6309, -0.1295,  0.7026,  0.7628,  0.7922,
         1.2338,  0.4139,  0.2274,  1.1616, -0.0486,  0.0145, -2.9025],
       device='cuda:1')
Likelihood: -114.55243682861328
Solve time for step 5 (global step 47) 8.355861603980884
Current ori: tensor([-0.0486,  0.0145, -2.9025], device='cuda:1')
Middle force: tensor([1.0264, 0.8153, 0.5290, 0.6484, 1.8090, 1.7327, 0.7328, 1.6908],
       device='cuda:1')
Thumb force: tensor([1.0270, 2.4930, 2.8063, 0.6862, 2.0877, 2.5793, 2.5471, 0.6013],
       device='cuda:1')
Index force: tensor([0.8723, 0.8208, 1.0501, 0.8950, 1.3076, 0.6141, 0.9101, 0.7645],
       device='cuda:1')
Applying force: tensor([[ 0.2131, -1.3979,  0.0000]]) at position: (-0.004, 0.020, 0.055)
tensor([ 9.0117e-02,  6.9536e-01,  4.1937e-01,  5.9618e-01, -1.1643e-01,
         7.2114e-01,  7.8047e-01,  7.8541e-01,  1.3350e+00,  2.7655e-01,
         1.2673e-01,  1.1391e+00, -7.5059e-02, -2.3687e-03, -2.8859e+00],
       device='cuda:1')
Likelihood: -145.10623168945312
Solve time for step 6 (global step 48) 8.029568864003522
Current ori: tensor([-7.5059e-02, -2.3687e-03, -2.8859e+00], device='cuda:1')
Middle force: tensor([0.8215, 0.5519, 0.6680, 1.8146, 1.6970, 0.7465, 1.6735],
       device='cuda:1')
Thumb force: tensor([2.3998, 2.6541, 0.6613, 2.0082, 2.5191, 2.4580, 0.6071],
       device='cuda:1')
Index force: tensor([0.8253, 1.0323, 0.9001, 1.3054, 0.6221, 0.8879, 0.7308],
       device='cuda:1')
tensor([ 0.0804,  0.6908,  0.4114,  0.6092, -0.1282,  0.7012,  0.7990,  0.7986,
         1.2092,  0.5671,  0.2525,  1.0423, -0.0724,  0.0057, -2.9154],
       device='cuda:1')
Likelihood: -171.95668029785156
State is out of distribution
Final likelihood: tensor([ -2.5341,  -3.0740,  -3.4436,  -3.6900,  -4.3605,  -4.8922,  -4.9931,
         -5.2133,  -5.7271,  -5.8228,  -6.1695,  -6.3453,  -8.1483,  -8.6820,
         -8.7143, -11.6574], device='cuda:1', grad_fn=<IndexBackward0>)
Final likelihood: tensor([ -2.5341,  -3.0740,  -3.4436,  -3.6900,  -4.3605,  -4.8922,  -4.9931,
         -5.2133,  -5.7271,  -5.8228,  -6.1695,  -6.3453,  -8.1483,  -8.6820,
         -8.7143, -11.6574], device='cuda:1', grad_fn=<IndexBackward0>)
1 mode projection succeeded
New goal: tensor([ 0.1172,  0.6241,  0.5236,  0.5919, -0.1186,  0.5470,  0.9175,  0.8422,
         1.2030,  0.3097,  0.2573,  1.2279, -0.0089,  0.0110, -2.9156],
       device='cuda:1')
tensor([[-0.0003]], device='cuda:1') tensor([[0.0006]], device='cuda:1') tensor([[0.0005]], device='cuda:1')
Likelihood: -134.25856018066406
Likelihood: -252.0507049560547
{'index': 252.0507049560547, 'thumb_middle': 134.25856018066406}
Plan time: 55.63229566300288
Current yaw: tensor([-0.0725,  0.0058, -2.9156], device='cuda:1')
13 thumb_middle
tensor([ 0.0804,  0.6907,  0.4114,  0.6093, -0.1284,  0.7012,  0.7991,  0.7986,
         1.2093,  0.5678,  0.2526,  1.0420, -0.0725,  0.0058, -2.9156],
       device='cuda:1')
Solve time for step 1 (global step 49) 20.810975719999988
Current ori: tensor([-0.0725,  0.0058, -2.9156], device='cuda:1')
Index force: tensor([0.6325, 0.6385, 0.6721], device='cuda:1')
tensor([ 0.0837,  0.6340,  0.5020,  0.6072, -0.2102,  0.6402,  0.7752,  0.7677,
         1.1679,  0.4524,  0.1913,  1.0104, -0.0603,  0.0035, -2.9156],
       device='cuda:1')
torch.linalg.solve: (Batch element 0): The solver failed because the input matrix is singular.
Solve time for step 2 (global step 50) 5.697038059006445
Current ori: tensor([-0.0603,  0.0035, -2.9156], device='cuda:1')
Index force: tensor([0.6903, 0.4998], device='cuda:1')
tensor([ 0.0808,  0.7256,  0.3038,  0.7279, -0.2039,  0.6242,  0.7807,  0.7652,
         1.1604,  0.3863,  0.2156,  1.0067, -0.0685,  0.0041, -2.9156],
       device='cuda:1')
Solve time for step 3 (global step 51) 5.260241327021504
Current ori: tensor([-0.0685,  0.0041, -2.9156], device='cuda:1')
Index force: tensor([0.5000], device='cuda:1')
Current yaw: tensor([-0.0693,  0.0036, -2.9162], device='cuda:1')
14 turn
Likelihood: -184.58566284179688
State is out of distribution
Final likelihood: tensor([-3.3054, -3.5372, -4.2084, -4.2794, -4.4942, -4.5769, -4.6886, -4.7279,
        -5.2853, -5.3087, -5.8455, -5.9978, -6.5539, -7.6051, -8.1130, -9.1702],
       device='cuda:1', grad_fn=<IndexBackward0>)
Final likelihood: tensor([-3.3054, -3.5372, -4.2084, -4.2794, -4.4942, -4.5769, -4.6886, -4.7279,
        -5.2853, -5.3087, -5.8455, -5.9978, -6.5539, -7.6051, -8.1130, -9.1702],
       device='cuda:1', grad_fn=<IndexBackward0>)
1 mode projection succeeded
New goal: tensor([ 0.1447,  0.6304,  0.5621,  0.5518, -0.1116,  0.5922,  0.8336,  0.8814,
         1.1830,  0.3137,  0.2931,  1.1910, -0.0047,  0.0103, -2.9162],
       device='cuda:1')
tensor([[0.0004]], device='cuda:1') tensor([[0.0006]], device='cuda:1') tensor([[0.0006]], device='cuda:1')
Likelihood: -112.03182220458984
Likelihood: -218.17984008789062
{'index': 218.17984008789062, 'thumb_middle': 112.03182220458984}
Plan time: 52.49087199399946
Current yaw: tensor([-0.0693,  0.0035, -2.9162], device='cuda:1')
15 thumb_middle
tensor([ 0.0814,  0.7310,  0.2946,  0.7303, -0.1198,  0.6920,  0.8264,  0.7464,
         1.2081,  0.4068,  0.3170,  0.9839, -0.0693,  0.0035, -2.9162],
       device='cuda:1')
Solve time for step 1 (global step 52) 20.7766959569999
Current ori: tensor([-0.0693,  0.0035, -2.9162], device='cuda:1')
Index force: tensor([0.6518, 0.5684, 0.5792], device='cuda:1')
tensor([ 8.5154e-02,  6.3500e-01,  4.4258e-01,  7.2341e-01, -1.9876e-01,
         6.5411e-01,  7.4553e-01,  7.4799e-01,  1.1659e+00,  3.5487e-01,
         2.4822e-01,  9.5944e-01, -4.9709e-02,  2.6537e-03, -2.9162e+00],
       device='cuda:1')
torch.linalg.solve: (Batch element 0): The solver failed because the input matrix is singular.
Solve time for step 2 (global step 53) 7.182535134023055
Current ori: tensor([-4.9709e-02,  2.6537e-03, -2.9162e+00], device='cuda:1')
Index force: tensor([0.5739, 0.6388], device='cuda:1')
tensor([ 0.0779,  0.6444,  0.4558,  0.6570, -0.2081,  0.6679,  0.7343,  0.7523,
         1.1596,  0.3668,  0.2397,  0.9687, -0.0582,  0.0072, -2.9162],
       device='cuda:1')
Solve time for step 3 (global step 54) 6.77318738901522
Current ori: tensor([-0.0582,  0.0072, -2.9162], device='cuda:1')
Index force: tensor([0.6370], device='cuda:1')
Current yaw: tensor([-0.0662,  0.0039, -2.9220], device='cuda:1')
16 turn
Likelihood: -135.15902709960938
tensor([ 0.0810,  0.6699,  0.4381,  0.6271, -0.1173,  0.7101,  0.7921,  0.7440,
         1.1868,  0.4079,  0.3615,  0.9431, -0.0662,  0.0039, -2.9220],
       device='cuda:1')
Solve time for step 1 (global step 55) 39.027722315018764
Current ori: tensor([-0.0662,  0.0039, -2.9220], device='cuda:1')
Middle force: tensor([1.3959, 0.8442, 3.2009, 0.8914, 1.2846, 1.1020, 1.8906, 1.3571, 2.8195,
        2.0491, 0.5307, 1.5721], device='cuda:1')
Thumb force: tensor([2.3048, 1.8157, 1.8372, 1.8883, 0.9421, 0.8776, 2.1611, 2.2789, 2.9222,
        1.3605, 2.0074, 3.3795], device='cuda:1')
Index force: tensor([0.7439, 0.6809, 1.6328, 0.7725, 0.8184, 1.0683, 1.1442, 1.0051, 1.1094,
        1.1484, 1.3472, 0.8414], device='cuda:1')
tensor([ 0.0817,  0.6669,  0.4279,  0.6557, -0.1268,  0.7187,  0.8100,  0.6956,
         1.1761,  0.4132,  0.3655,  0.9725, -0.0633,  0.0064, -2.8525],
       device='cuda:1')
Likelihood: -159.672119140625
Solve time for step 2 (global step 56) 10.570601028972305
Current ori: tensor([-0.0633,  0.0064, -2.8525], device='cuda:1')
Middle force: tensor([0.9135, 3.0998, 0.8951, 1.2495, 1.0612, 1.8002, 1.3680, 2.7334, 1.9928,
        0.5044, 1.5162], device='cuda:1')
Thumb force: tensor([1.7290, 1.8761, 1.8027, 0.9165, 0.8160, 2.1056, 2.1464, 2.8447, 1.3239,
        1.7833, 3.3005], device='cuda:1')
Index force: tensor([0.7010, 1.7253, 0.7875, 0.8382, 1.1150, 1.1838, 1.0145, 1.1032, 1.1298,
        1.5394, 0.8278], device='cuda:1')
Applying force: tensor([[-0.7416, -0.9084,  0.0000]]) at position: (0.012, 0.016, 0.006)
tensor([ 0.0778,  0.6389,  0.4395,  0.7032, -0.1398,  0.6745,  0.8531,  0.7238,
         1.1907,  0.4097,  0.3753,  0.9529, -0.0550,  0.0157, -2.9078],
       device='cuda:1')
Likelihood: -143.76385498046875
Solve time for step 3 (global step 57) 9.5938693889766
Current ori: tensor([-0.0550,  0.0157, -2.9078], device='cuda:1')
Middle force: tensor([2.9834, 0.8865, 1.2331, 1.0360, 1.7053, 1.3039, 2.6232, 1.9685, 0.5008,
        1.4688], device='cuda:1')
Thumb force: tensor([1.8382, 1.7702, 0.8814, 0.8365, 2.0733, 2.0953, 2.8005, 1.2717, 1.6437,
        3.1935], device='cuda:1')
Index force: tensor([1.7062, 0.7867, 0.8196, 1.0705, 1.1447, 0.9946, 1.0849, 1.1053, 1.6782,
        0.8236], device='cuda:1')
tensor([ 0.0465,  0.6723,  0.3997,  0.6220, -0.1313,  0.7944,  0.7291,  0.5898,
         1.2663,  0.2901,  0.2833,  1.0742, -0.0665,  0.0154, -2.6733],
       device='cuda:1')
Likelihood: -177.82411193847656
State is out of distribution
Final likelihood: tensor([ -3.1903,  -3.6973,  -3.8878,  -4.2040,  -4.3098,  -4.9865,  -5.1153,
         -5.1652,  -5.3139,  -5.3676,  -6.0899,  -6.3290,  -8.2435,  -9.9302,
        -10.4920, -12.0587], device='cuda:1', grad_fn=<IndexBackward0>)
Final likelihood: tensor([ -3.1903,  -3.6973,  -3.8878,  -4.2040,  -4.3098,  -4.9865,  -5.1153,
         -5.1652,  -5.3139,  -5.3676,  -6.0899,  -6.3290,  -8.2435,  -9.9302,
        -10.4920, -12.0587], device='cuda:1', grad_fn=<IndexBackward0>)
1 mode projection succeeded
New goal: tensor([ 0.1173,  0.6238,  0.5238,  0.5925, -0.1187,  0.5461,  0.9178,  0.8443,
         1.2038,  0.3083,  0.2574,  1.2289, -0.0089,  0.0109, -2.6722],
       device='cuda:1')
tensor([[0.0002]], device='cuda:1') tensor([[0.0007]], device='cuda:1') tensor([[0.0006]], device='cuda:1')
Likelihood: -141.3613739013672
Likelihood: -184.23736572265625
{'index': 184.23736572265625, 'thumb_middle': 141.3613739013672}
Plan time: 50.55395398999099
Current yaw: tensor([-0.0661,  0.0148, -2.6722], device='cuda:1')
17 thumb_middle
tensor([ 0.0463,  0.6723,  0.3997,  0.6218, -0.1304,  0.7951,  0.7289,  0.5895,
         1.2670,  0.2896,  0.2839,  1.0746, -0.0661,  0.0148, -2.6722],
       device='cuda:1')
Solve time for step 1 (global step 58) 19.69365635397844
Current ori: tensor([-0.0661,  0.0148, -2.6722], device='cuda:1')
Index force: tensor([0.7328, 0.6045, 0.6139], device='cuda:1')
tensor([ 0.0620,  0.6383,  0.4544,  0.6452, -0.1947,  0.6860,  0.7432,  0.6389,
         1.1969,  0.2682,  0.2069,  1.0430, -0.0570,  0.0054, -2.6723],
       device='cuda:1')
torch.linalg.solve: (Batch element 0): The solver failed because the input matrix is singular.
Solve time for step 2 (global step 59) 5.614785914978711
Current ori: tensor([-0.0570,  0.0054, -2.6723], device='cuda:1')
Index force: tensor([0.4998, 0.5000], device='cuda:1')
tensor([ 0.0633,  0.6168,  0.5321,  0.5487, -0.1902,  0.6417,  0.7734,  0.6806,
         1.1997,  0.2682,  0.1948,  1.0452, -0.0609,  0.0056, -2.6723],
       device='cuda:1')
Solve time for step 3 (global step 60) 4.255190739000682
Current ori: tensor([-0.0609,  0.0056, -2.6723], device='cuda:1')
Index force: tensor([0.5000], device='cuda:1')
Current yaw: tensor([-0.0630,  0.0027, -2.6837], device='cuda:1')
18 turn
Likelihood: -139.151123046875
tensor([ 0.0700,  0.5913,  0.6173,  0.4456, -0.1209,  0.6812,  0.8692,  0.6906,
         1.2602,  0.3013,  0.2686,  1.0361, -0.0630,  0.0027, -2.6837],
       device='cuda:1')
