Importing module 'gym_38' (/home/abhinav/Documents/isaacgym/python/isaacgym/_bindings/linux-x86_64/gym_38.so)
Setting GYM_USD_PLUG_INFO_PATH to /home/abhinav/Documents/isaacgym/python/isaacgym/_bindings/linux-x86_64/usd/plugInfo.json
PyTorch version 2.4.1+cu121
Device count 2
/home/abhinav/Documents/isaacgym/python/isaacgym/_bindings/src/gymtorch
ninja: no work to do.
No ROS install found, continuing
CCAI_PATH /home/abhinav/Documents/ccai
robot pose [ 0.02  -0.35   0.376] [0, 0, 0.7071068, 0.7071068]
Not connected to PVD
Physics Engine: PhysX
Physics Device: cpu
GPU Pipeline: disabled
Using VHACD cache directory '/home/abhinav/.isaacgym/vhacd'
Found existing convex decomposition for mesh '/home/abhinav/Documents/github/isaacgym-arm-envs/isaac_victor_envs/assets/xela_models/mesh/allegro/base_ns.stl'
Found existing convex decomposition for mesh '/home/abhinav/Documents/github/isaacgym-arm-envs/isaac_victor_envs/assets/xela_models/mesh/allegro/link_1.0.stl'
Found existing convex decomposition for mesh '/home/abhinav/Documents/github/isaacgym-arm-envs/isaac_victor_envs/assets/xela_models/mesh/ft_c.stl'

Trial 1
No action perturbation this trial
Current yaw: tensor([1.2851e-11], device='cuda:1')
Current yaw: tensor([-0.0003], device='cuda:1')
1 turn
tensor([ 2.9431e-01,  6.2115e-01,  6.7706e-01,  8.5311e-01, -5.2834e-02,
         2.6924e-01,  8.9869e-01,  8.0146e-01,  1.2721e+00, -3.8369e-02,
         2.1578e-01,  5.2582e-01, -3.0976e-04], device='cuda:1')
Solve time for step 1 (global step 0) 20.995441720006056
Current ori: tensor(-0.0003, device='cuda:1')
Middle force: tensor([0.3266, 1.6248, 1.1451, 2.7412, 1.3011, 1.6901], device='cuda:1')
Thumb force: tensor([0.2341, 0.1961, 0.7187, 2.0262, 0.1896, 0.1139], device='cuda:1')
Index force: tensor([1.3817, 1.7432, 2.2910, 1.0424, 3.3717, 2.1504], device='cuda:1')
tensor([ 0.2975,  0.6402,  0.6911,  0.8270, -0.0371,  0.2702,  1.0460,  0.5972,
         1.3308, -0.1050,  0.2735,  0.7405, -0.0377], device='cuda:1')
Solve time for step 2 (global step 1) 5.861075533990515
Current ori: tensor(-0.0377, device='cuda:1')
Middle force: tensor([1.4405, 1.1353, 2.4911, 1.1070, 1.5012], device='cuda:1')
Thumb force: tensor([0.0817, 0.5579, 1.8266, 0.1224, 0.1286], device='cuda:1')
Index force: tensor([1.5818, 2.0359, 0.9152, 2.9513, 1.9069], device='cuda:1')
tensor([ 0.2724,  0.6822,  0.7560,  0.7787,  0.0354,  0.2987,  0.9638,  0.6711,
         1.4265, -0.1050,  0.3316,  0.9571, -0.1740], device='cuda:1')
Solve time for step 3 (global step 2) 6.282129749975866
Current ori: tensor(-0.1740, device='cuda:1')
Middle force: tensor([1.1248, 2.4144, 1.0251, 1.3717], device='cuda:1')
Thumb force: tensor([0.4638, 1.8296, 0.0579, 0.1870], device='cuda:1')
Index force: tensor([1.9400, 0.5384, 2.7978, 1.7733], device='cuda:1')
tensor([ 0.3254,  0.7885,  0.8990,  0.6315,  0.1599,  0.3567,  0.8789,  0.6958,
         1.5000, -0.1050,  0.1964,  1.2013, -0.4422], device='cuda:1')
Solve time for step 4 (global step 3) 6.276038487994811
Current ori: tensor(-0.4422, device='cuda:1')
Middle force: tensor([2.2329, 0.8444, 1.2153], device='cuda:1')
Thumb force: tensor([1.7267, 0.1085, 0.1713], device='cuda:1')
Index force: tensor([0.7941, 2.5137, 1.6222], device='cuda:1')
tensor([ 0.3338,  0.8081,  0.9419,  0.4916,  0.1633,  0.3427,  0.8933,  0.7045,
         1.5001, -0.1050,  0.1984,  1.1990, -0.4435], device='cuda:1')
Solve time for step 5 (global step 4) 5.701312388002407
Current ori: tensor(-0.4435, device='cuda:1')
Middle force: tensor([0.7034, 1.0986], device='cuda:1')
Thumb force: tensor([0.2419, 0.1641], device='cuda:1')
Index force: tensor([2.0713, 1.3740], device='cuda:1')
tensor([ 0.3319,  0.8391,  0.9075,  0.3595,  0.1638,  0.2993,  0.8991,  0.6727,
         1.5001, -0.1050,  0.2440,  1.1178, -0.3892], device='cuda:1')
Solve time for step 6 (global step 5) 6.084599310008343
Current ori: tensor(-0.3892, device='cuda:1')
Middle force: tensor([1.1634], device='cuda:1')
Thumb force: tensor([0.0093], device='cuda:1')
Index force: tensor([1.3127], device='cuda:1')
Current yaw: tensor([-0.3852], device='cuda:1')
2 turn
tensor([ 0.3464,  0.9033,  0.8965,  0.1793,  0.1807,  0.2565,  0.9075,  0.6974,
         1.5001, -0.1050,  0.2634,  1.0333, -0.3852], device='cuda:1')
Solve time for step 1 (global step 6) 19.205536210996797
Current ori: tensor(-0.3852, device='cuda:1')
Middle force: tensor([1.0975, 1.6751, 2.8431, 2.2633, 4.1492, 2.8157], device='cuda:1')
Thumb force: tensor([0.5910, 0.6207, 0.3572, 0.2130, 1.5705, 0.4757], device='cuda:1')
Index force: tensor([0.6490, 1.1476, 2.2789, 1.9137, 2.3377, 3.2346], device='cuda:1')
tensor([ 0.3374,  0.9795,  0.7432,  0.3363,  0.2078,  0.2470,  0.9797,  0.5851,
         1.5000, -0.1050,  0.2350,  1.0402, -0.4373], device='cuda:1')
Solve time for step 2 (global step 7) 5.5824444530007895
Current ori: tensor(-0.4373, device='cuda:1')
Middle force: tensor([1.6474, 2.7369, 2.0795, 3.9832, 2.7116], device='cuda:1')
Thumb force: tensor([0.5279, 0.2497, 0.2347, 1.4293, 0.3457], device='cuda:1')
Index force: tensor([1.1432, 2.0882, 1.8440, 2.1926, 2.9937], device='cuda:1')
tensor([ 0.3142,  1.0515,  0.7529,  0.2144,  0.2607,  0.3164,  0.8944,  0.5565,
         1.5001, -0.1050,  0.1991,  1.0340, -0.5270], device='cuda:1')
Solve time for step 3 (global step 8) 5.999623442010488
Current ori: tensor(-0.5270, device='cuda:1')
Middle force: tensor([2.5807, 1.9942, 3.7894, 2.5615], device='cuda:1')
Thumb force: tensor([0.2906, 0.1220, 1.4521, 0.3576], device='cuda:1')
Index force: tensor([2.0070, 1.6543, 2.0395, 2.8306], device='cuda:1')
tensor([ 0.3217,  1.1501,  0.6154,  0.2367,  0.2817,  0.3470,  0.8361,  0.5562,
         1.5000, -0.1050,  0.1776,  1.0597, -0.5530], device='cuda:1')
Solve time for step 4 (global step 9) 5.899942503980128
Current ori: tensor(-0.5530, device='cuda:1')
Middle force: tensor([2.0266, 3.6487, 2.4892], device='cuda:1')
Thumb force: tensor([0.0948, 1.3599, 0.3028], device='cuda:1')
Index force: tensor([1.4595, 1.9701, 2.6902], device='cuda:1')
tensor([ 0.3436,  1.2688,  0.3640,  0.4022,  0.2842,  0.3599,  0.8378,  0.4931,
         1.5001, -0.1050,  0.1851,  1.0375, -0.5541], device='cuda:1')
Solve time for step 5 (global step 10) 5.945706985978177
Current ori: tensor(-0.5541, device='cuda:1')
Middle force: tensor([3.5189, 2.3704], device='cuda:1')
Thumb force: tensor([1.3052, 0.2917], device='cuda:1')
Index force: tensor([1.9090, 2.6500], device='cuda:1')
tensor([ 0.3495,  1.3293,  0.3309,  0.2927,  0.2835,  0.4158,  0.7825,  0.4546,
         1.5001, -0.1050,  0.2670,  0.8316, -0.5653], device='cuda:1')
Solve time for step 6 (global step 11) 5.502507887984393
Current ori: tensor(-0.5653, device='cuda:1')
Middle force: tensor([2.1540], device='cuda:1')
Thumb force: tensor([0.1624], device='cuda:1')
Index force: tensor([2.4792], device='cuda:1')
Current yaw: tensor([-0.7106], device='cuda:1')
{}

Trial 2
No action perturbation this trial
Current yaw: tensor([1.2851e-11], device='cuda:1')
Current yaw: tensor([-0.0004], device='cuda:1')
1 turn
tensor([ 2.9670e-01,  5.9973e-01,  7.3878e-01,  7.8817e-01, -4.5803e-02,
         2.2840e-01,  9.0643e-01,  7.6448e-01,  1.2614e+00,  5.9325e-02,
         2.5603e-01,  5.0554e-01, -3.8693e-04], device='cuda:1')
Solve time for step 1 (global step 0) 17.474562322022393
Current ori: tensor(-0.0004, device='cuda:1')
Middle force: tensor([2.8418, 1.0674, 1.8384, 1.4805, 2.0706, 0.6575], device='cuda:1')
Thumb force: tensor([2.3574, 1.6206, 0.8765, 0.2788, 2.6852, 0.6564], device='cuda:1')
Index force: tensor([1.0675, 1.5160, 3.5478, 1.6697, 2.3171, 0.6872], device='cuda:1')
tensor([ 0.3139,  0.6189,  0.7593,  0.7700, -0.0162,  0.2143,  1.0085,  0.5798,
         1.3437, -0.1050,  0.3185,  0.8090, -0.0519], device='cuda:1')
Solve time for step 2 (global step 1) 5.644266326999059
Current ori: tensor(-0.0519, device='cuda:1')
Middle force: tensor([0.9988, 1.6875, 1.5813, 1.9357, 0.5826], device='cuda:1')
Thumb force: tensor([1.4806, 0.7934, 0.1665, 2.2652, 0.3523], device='cuda:1')
Index force: tensor([1.3930, 3.2343, 1.7452, 2.0703, 0.7632], device='cuda:1')
tensor([ 0.3301,  0.6403,  0.8916,  0.6303,  0.0588,  0.2707,  0.9819,  0.5537,
         1.4342, -0.1050,  0.2954,  1.0658, -0.1974], device='cuda:1')
Solve time for step 3 (global step 2) 5.528414962987881
Current ori: tensor(-0.1974, device='cuda:1')
Middle force: tensor([1.5718, 1.4382, 1.6763, 0.4736], device='cuda:1')
Thumb force: tensor([0.7243, 0.1367, 2.1478, 0.3901], device='cuda:1')
Index force: tensor([2.9062, 1.6409, 1.7996, 0.7135], device='cuda:1')
tensor([ 0.3714,  0.7882,  1.0704,  0.4404,  0.2266,  0.3842,  0.8515,  0.5088,
         1.5000, -0.1050,  0.1582,  1.2433, -0.5048], device='cuda:1')
Solve time for step 4 (global step 3) 5.611867464991519
Current ori: tensor(-0.5048, device='cuda:1')
Middle force: tensor([1.3552, 1.6460, 0.2707], device='cuda:1')
Thumb force: tensor([0.3844, 1.9958, 0.3561], device='cuda:1')
Index force: tensor([1.8742, 1.7609, 0.6372], device='cuda:1')
tensor([ 0.3778,  0.8255,  1.0271,  0.3920,  0.2179,  0.3602,  0.8773,  0.5355,
         1.5000, -0.1050,  0.1716,  1.2083, -0.4921], device='cuda:1')
Solve time for step 5 (global step 4) 5.161073245020816
Current ori: tensor(-0.4921, device='cuda:1')
Middle force: tensor([1.4825, 0.2965], device='cuda:1')
Thumb force: tensor([2.0160, 0.3255], device='cuda:1')
Index force: tensor([1.8147, 0.5983], device='cuda:1')
tensor([ 0.4030,  0.8321,  1.0075,  0.3063,  0.1661,  0.3401,  0.9616,  0.4909,
         1.5001, -0.1050,  0.2202,  1.1279, -0.4264], device='cuda:1')
