Importing module 'gym_38' (/home/fanyang/Downloads/IsaacGym_Preview_4_Package/isaacgym/python/isaacgym/_bindings/linux-x86_64/gym_38.so)
Setting GYM_USD_PLUG_INFO_PATH to /home/fanyang/Downloads/IsaacGym_Preview_4_Package/isaacgym/python/isaacgym/_bindings/linux-x86_64/usd/plugInfo.json
PyTorch version 2.2.1
Device count 2
/home/fanyang/Downloads/IsaacGym_Preview_4_Package/isaacgym/python/isaacgym/_bindings/src/gymtorch
ninja: no work to do.
CCAI_PATH /home/fanyang/github/ccai
Not connected to PVD
Physics Engine: PhysX
Physics Device: cpu
GPU Pipeline: disabled
Using VHACD cache directory '/home/fanyang/.isaacgym/vhacd'
Found existing convex decomposition for mesh '/home/fanyang/github/isaacgym-arm-envs/isaac_victor_envs/assets/xela_models/mesh/allegro/base_ns.stl'
Found existing convex decomposition for mesh '/home/fanyang/github/isaacgym-arm-envs/isaac_victor_envs/assets/xela_models/mesh/allegro/link_1.0.stl'
Found existing convex decomposition for mesh '/home/fanyang/github/isaacgym-arm-envs/isaac_victor_envs/assets/xela_models/mesh/ft_c.stl'
[ models/temporal ] Channel dimensions: [(36, 128), (128, 256), (256, 512)]
[ models/temporal ] Channel dimensions: [(36, 128), (128, 256), (256, 512)]
[ models/temporal ] Channel dimensions: [(36, 128), (128, 256), (256, 512)]
Loaded trajectory sampler
0 pregrasp
1 () -0.22932977974414825
2 () -0.22932977974414825
3 ((1.0, -1.0, -1.0),) -0.027122974395751953
4 ((-1.0, 1.0, 1.0),) -0.3933722972869873
5 ((1.0, 1.0, 1.0),) -0.7834501266479492
6 ((1.0, 1.0, 1.0), (1.0, -1.0, -1.0)) -0.9168781638145447
7 ((1.0, 1.0, 1.0), (-1.0, 1.0, 1.0)) -1.2557119131088257
8 ((1.0, 1.0, 1.0), (-1.0, 1.0, 1.0), (1.0, -1.0, -1.0)) -1.3485283851623535
9 ((1.0, -1.0, -1.0), (-1.0, 1.0, 1.0)) -0.5261998176574707
10 ((-1.0, 1.0, 1.0), (1.0, -1.0, -1.0)) -0.3499218225479126
11 ((1.0, 1.0, 1.0), (-1.0, 1.0, 1.0), (1.0, -1.0, -1.0), (1.0, 1.0, 1.0)) -1.538442850112915
Contact sequence search time: 44.20816352596739
['turn', 'index', 'thumb_middle', 'turn']
1 turn
Sampling time 3.253610448038671
Solve time for step 28.142070770263672
Solve time for step 6.591296434402466
Solve time for step 5.998728513717651
Solve time for step 5.818469762802124
Solve time for step 5.5737388134002686
Solve time for step 5.022593259811401
Solve time for step 5.035236358642578
Solve time for step 4.608973026275635
Solve time for step 4.851761817932129
Solve time for step 4.243639707565308
Solve time for step 4.4754958152771
Solve time for step 4.336572885513306
1 ((1.0, 1.0, 1.0),) -0.9644498825073242
2 ((1.0, 1.0, 1.0),) -0.9644498825073242
3 ((1.0, 1.0, 1.0), (1.0, -1.0, -1.0)) -0.9398247003555298
4 ((1.0, 1.0, 1.0), (-1.0, 1.0, 1.0)) -1.0053004026412964
5 ((1.0, 1.0, 1.0), (-1.0, 1.0, 1.0), (1.0, -1.0, -1.0)) -1.3222603797912598
6 ((1.0, 1.0, 1.0), (-1.0, 1.0, 1.0), (1.0, 1.0, 1.0)) -0.981141984462738
7 ((1.0, 1.0, 1.0), (1.0, -1.0, -1.0), (1.0, 1.0, 1.0)) -0.9275704622268677
8 ((1.0, 1.0, 1.0), (1.0, -1.0, -1.0), (-1.0, 1.0, 1.0)) -1.0147888660430908
9 ((1.0, 1.0, 1.0), (-1.0, 1.0, 1.0), (1.0, 1.0, 1.0), (-1.0, 1.0, 1.0)) -1.2702713012695312
10 ((1.0, 1.0, 1.0), (-1.0, 1.0, 1.0), (1.0, 1.0, 1.0), (-1.0, 1.0, 1.0), (1.0, 1.0, 1.0)) -1.4945513010025024
11 ((1.0, 1.0, 1.0), (-1.0, 1.0, 1.0), (1.0, 1.0, 1.0), (-1.0, 1.0, 1.0), (1.0, 1.0, 1.0), (1.0, 1.0, 1.0)) -1.5475414991378784
Contact sequence search time: 42.71360256802291
['index', 'turn', 'index', 'turn', 'turn']
2 index
Sampling time 3.3070980180054903
Solve time for step 24.774590969085693
Solve time for step 6.0812904834747314
Solve time for step 5.517403602600098
Solve time for step 5.223945379257202
Solve time for step 5.194487810134888
Solve time for step 4.868416786193848
Solve time for step 4.938016414642334
Solve time for step 4.636670112609863
Solve time for step 4.686122894287109
Solve time for step 4.526080846786499
Solve time for step 4.3623082637786865
Solve time for step 4.455878734588623
1 ((-1.0, 1.0, 1.0),) -0.9923136234283447
2 ((-1.0, 1.0, 1.0),) -0.9923136234283447
3 ((-1.0, 1.0, 1.0), (1.0, 1.0, 1.0)) -1.091391921043396
4 ((-1.0, 1.0, 1.0), (1.0, -1.0, -1.0)) -1.0606938600540161
5 ((-1.0, 1.0, 1.0), (1.0, -1.0, -1.0), (-1.0, 1.0, 1.0)) -1.3450703620910645
6 ((-1.0, 1.0, 1.0), (1.0, -1.0, -1.0), (-1.0, 1.0, 1.0), (1.0, -1.0, -1.0)) -1.3474876880645752
7 ((-1.0, 1.0, 1.0), (1.0, -1.0, -1.0), (-1.0, 1.0, 1.0), (1.0, 1.0, 1.0)) -1.537617564201355
Contact sequence search time: 23.916256084979977
['thumb_middle', 'index', 'turn']
3 thumb_middle
Sampling time 3.263793577963952
Solve time for step 18.413728952407837
Solve time for step 4.763451337814331
Solve time for step 4.6362762451171875
Solve time for step 4.331050157546997
Solve time for step 4.146873474121094
Solve time for step 4.2746734619140625
Solve time for step 4.082198143005371
Solve time for step 4.040940284729004
Solve time for step 3.7673091888427734
Solve time for step 3.703265905380249
Solve time for step 3.7185940742492676
Solve time for step 3.6862919330596924
1 ((1.0, -1.0, -1.0),) 0.23856879770755768
2 ((1.0, -1.0, -1.0),) 0.23856879770755768
3 ((1.0, -1.0, -1.0), (1.0, 1.0, 1.0)) 0.22409963607788086
4 ((1.0, -1.0, -1.0), (-1.0, 1.0, 1.0)) 0.20460760593414307
5 ((1.0, -1.0, -1.0), (-1.0, 1.0, 1.0), (1.0, 1.0, 1.0)) -0.030964016914367676
6 ((1.0, -1.0, -1.0), (1.0, 1.0, 1.0), (-1.0, 1.0, 1.0)) 0.17243826389312744
7 ((1.0, -1.0, -1.0), (1.0, 1.0, 1.0), (-1.0, 1.0, 1.0), (1.0, 1.0, 1.0)) -0.4380595088005066
8 ((1.0, -1.0, -1.0), (1.0, 1.0, 1.0), (-1.0, 1.0, 1.0), (1.0, 1.0, 1.0), (1.0, 1.0, 1.0)) -1.1082160472869873
9 ((1.0, -1.0, -1.0), (-1.0, 1.0, 1.0), (1.0, -1.0, -1.0)) 0.1128988265991211
10 ((1.0, -1.0, -1.0), (-1.0, 1.0, 1.0), (1.0, -1.0, -1.0), (1.0, 1.0, 1.0)) -0.6373658180236816
11 ((1.0, -1.0, -1.0), (1.0, -1.0, -1.0)) -0.202667236328125
12 ((1.0, -1.0, -1.0), (1.0, 1.0, 1.0), (-1.0, 1.0, 1.0), (1.0, 1.0, 1.0), (-1.0, 1.0, 1.0)) -0.5589075684547424
13 ((1.0, -1.0, -1.0), (1.0, 1.0, 1.0), (-1.0, 1.0, 1.0), (1.0, 1.0, 1.0), (1.0, -1.0, -1.0)) -0.557461142539978
14 ((1.0, -1.0, -1.0), (-1.0, 1.0, 1.0), (1.0, -1.0, -1.0), (1.0, 1.0, 1.0), (-1.0, 1.0, 1.0)) -0.5137583613395691
15 ((1.0, -1.0, -1.0), (-1.0, 1.0, 1.0), (1.0, 1.0, 1.0), (1.0, -1.0, -1.0)) -0.1389288306236267
16 ((1.0, -1.0, -1.0), (-1.0, 1.0, 1.0), (1.0, 1.0, 1.0), (1.0, -1.0, -1.0), (1.0, 1.0, 1.0)) -1.168393611907959
17 ((1.0, -1.0, -1.0), (-1.0, 1.0, 1.0), (1.0, -1.0, -1.0), (1.0, 1.0, 1.0), (1.0, -1.0, -1.0)) -0.5074359178543091
18 ((1.0, -1.0, -1.0), (1.0, 1.0, 1.0), (-1.0, 1.0, 1.0), (1.0, -1.0, -1.0)) 0.006829619407653809
19 ((1.0, -1.0, -1.0), (1.0, -1.0, -1.0), (1.0, 1.0, 1.0)) -0.3197283148765564
20 ((1.0, -1.0, -1.0), (-1.0, 1.0, 1.0), (1.0, 1.0, 1.0), (1.0, 1.0, 1.0)) -0.6241787672042847
21 ((1.0, -1.0, -1.0), (-1.0, 1.0, 1.0), (1.0, 1.0, 1.0), (1.0, 1.0, 1.0), (-1.0, 1.0, 1.0)) -0.8084614872932434
22 ((1.0, -1.0, -1.0), (-1.0, 1.0, 1.0), (1.0, -1.0, -1.0), (1.0, 1.0, 1.0), (1.0, 1.0, 1.0)) -0.7334363460540771
23 ((1.0, -1.0, -1.0), (1.0, -1.0, -1.0), (1.0, 1.0, 1.0), (1.0, 1.0, 1.0)) -0.9260612726211548
24 ((1.0, -1.0, -1.0), (1.0, -1.0, -1.0), (1.0, 1.0, 1.0), (1.0, 1.0, 1.0), (1.0, -1.0, -1.0)) -1.281762957572937
25 ((1.0, -1.0, -1.0), (1.0, -1.0, -1.0), (1.0, 1.0, 1.0), (1.0, 1.0, 1.0), (-1.0, 1.0, 1.0)) -0.9927269816398621
26 ((1.0, -1.0, -1.0), (1.0, 1.0, 1.0), (-1.0, 1.0, 1.0), (1.0, -1.0, -1.0), (1.0, 1.0, 1.0)) -0.28620022535324097
27 ((1.0, -1.0, -1.0), (1.0, -1.0, -1.0), (1.0, 1.0, 1.0), (-1.0, 1.0, 1.0)) -0.4987548589706421
28 ((1.0, -1.0, -1.0), (1.0, -1.0, -1.0), (1.0, 1.0, 1.0), (-1.0, 1.0, 1.0), (1.0, 1.0, 1.0)) -0.8614633083343506
29 ((1.0, -1.0, -1.0), (-1.0, 1.0, 1.0), (1.0, -1.0, -1.0), (-1.0, 1.0, 1.0)) 0.18863606452941895
30 ((1.0, -1.0, -1.0), (1.0, -1.0, -1.0), (1.0, 1.0, 1.0), (1.0, 1.0, 1.0), (1.0, 1.0, 1.0)) -1.0046740770339966
31 ((1.0, -1.0, -1.0), (1.0, -1.0, -1.0), (-1.0, 1.0, 1.0)) -0.1489248275756836
32 ((1.0, -1.0, -1.0), (1.0, -1.0, -1.0), (-1.0, 1.0, 1.0), (1.0, 1.0, 1.0)) -0.5244966745376587
33 ((1.0, -1.0, -1.0), (1.0, -1.0, -1.0), (-1.0, 1.0, 1.0), (1.0, 1.0, 1.0), (1.0, -1.0, -1.0)) -0.8264515399932861
34 ((1.0, -1.0, -1.0), (1.0, -1.0, -1.0), (-1.0, 1.0, 1.0), (-1.0, 1.0, 1.0)) -0.7970443964004517
35 ((1.0, -1.0, -1.0), (1.0, -1.0, -1.0), (-1.0, 1.0, 1.0), (-1.0, 1.0, 1.0), (1.0, 1.0, 1.0)) -1.522254467010498
Contact sequence search time: 88.8845823360025
['thumb_middle', 'index', 'index', 'turn']
4 thumb_middle
Sampling time 3.256909212039318
Solve time for step 18.566753149032593
Solve time for step 4.770510911941528
Solve time for step 4.352433443069458
Solve time for step 4.244127511978149
Solve time for step 4.138660430908203
Solve time for step 4.164026498794556
Solve time for step 3.8958842754364014
Solve time for step 3.7916312217712402
Solve time for step 3.847486972808838
Solve time for step 3.6105616092681885
Solve time for step 3.694920539855957
Solve time for step 3.7090606689453125
1 ((1.0, -1.0, -1.0),) 0.34120550751686096
2 ((1.0, -1.0, -1.0),) 0.34120550751686096
3 ((1.0, -1.0, -1.0), (1.0, 1.0, 1.0)) -0.23110395669937134
4 ((1.0, -1.0, -1.0), (-1.0, 1.0, 1.0)) 0.33067452907562256
5 ((1.0, -1.0, -1.0), (-1.0, 1.0, 1.0), (1.0, 1.0, 1.0)) -1.4881343841552734
6 ((1.0, -1.0, -1.0), (-1.0, 1.0, 1.0), (1.0, 1.0, 1.0), (1.0, -1.0, -1.0)) -1.3852999210357666
7 ((1.0, -1.0, -1.0), (-1.0, 1.0, 1.0), (1.0, 1.0, 1.0), (1.0, 1.0, 1.0)) -1.5819172859191895
Contact sequence search time: 19.037786880042404
['index', 'turn', 'turn']
5 index
Sampling time 3.2854152640211396
Solve time for step 24.652090311050415
Solve time for step 6.009239673614502
Solve time for step 5.54123330116272
Solve time for step 5.298629999160767
Solve time for step 5.16681981086731
Solve time for step 5.1927876472473145
Solve time for step 5.179727792739868
Solve time for step 4.792622804641724
Solve time for step 5.059149503707886
Solve time for step 4.430816173553467
Solve time for step 4.574468374252319
Solve time for step 4.410720586776733
1 ((-1.0, 1.0, 1.0),) 0.3373413383960724
2 ((-1.0, 1.0, 1.0),) 0.3373413383960724
3 ((-1.0, 1.0, 1.0), (1.0, 1.0, 1.0)) -0.3245302438735962
4 ((-1.0, 1.0, 1.0), (1.0, 1.0, 1.0), (-1.0, 1.0, 1.0)) -0.831649661064148
5 ((-1.0, 1.0, 1.0), (1.0, -1.0, -1.0)) 0.43966567516326904
6 ((-1.0, 1.0, 1.0), (1.0, -1.0, -1.0), (1.0, 1.0, 1.0)) -0.5491369962692261
7 ((-1.0, 1.0, 1.0), (1.0, 1.0, 1.0), (1.0, -1.0, -1.0)) 0.035809874534606934
8 ((-1.0, 1.0, 1.0), (1.0, 1.0, 1.0), (1.0, 1.0, 1.0)) -0.4904022216796875
9 ((-1.0, 1.0, 1.0), (1.0, -1.0, -1.0), (-1.0, 1.0, 1.0)) 0.677456259727478
10 ((-1.0, 1.0, 1.0), (-1.0, 1.0, 1.0)) 0.3409605026245117
11 ((-1.0, 1.0, 1.0), (-1.0, 1.0, 1.0), (1.0, 1.0, 1.0)) -0.7117253541946411
12 ((-1.0, 1.0, 1.0), (-1.0, 1.0, 1.0), (1.0, -1.0, -1.0)) -0.19958066940307617
13 ((-1.0, 1.0, 1.0), (-1.0, 1.0, 1.0), (-1.0, 1.0, 1.0)) 0.16637039184570312
14 ((-1.0, 1.0, 1.0), (1.0, -1.0, -1.0), (1.0, -1.0, -1.0)) 0.8930740356445312
Contact sequence search time: 18.982459684018977
No contact sequence found
['turn', 'turn']
6 turn
Sampling time 3.3136670120293275
Solve time for step 27.772905826568604
Solve time for step 6.708301305770874
Solve time for step 6.311316251754761
Solve time for step 5.93398380279541
Solve time for step 5.90369176864624
Solve time for step 5.203765630722046
Solve time for step 4.897040843963623
Solve time for step 4.663419246673584
Solve time for step 4.674560308456421
Solve time for step 4.492915153503418
Solve time for step 4.612406253814697
Solve time for step 4.433650970458984
1 ((1, 1, 1),) -0.14801931381225586
2 ((1, 1, 1),) -0.14801931381225586
3 ((1, 1, 1), (1.0, -1.0, -1.0)) -0.20596718788146973
4 ((1, 1, 1), (-1.0, 1.0, 1.0)) -0.10034430027008057
5 ((1, 1, 1), (1.0, 1.0, 1.0)) -0.08372843265533447
Contact sequence search time: 5.0838602860458195
No contact sequence found
['turn']
7 turn
Sampling time 3.451625151967164
Solve time for step 28.65504503250122
Solve time for step 6.6260294914245605
Solve time for step 6.180639743804932
Solve time for step 5.646224021911621
Solve time for step 5.5450825691223145
Solve time for step 5.00136399269104
Solve time for step 5.077007055282593
Solve time for step 4.831983327865601
Solve time for step 4.71395206451416
Solve time for step 4.384768486022949
Solve time for step 4.422150611877441
Solve time for step 4.2968504428863525
csvgd, Average time per step: 0.0
{}
[ models/temporal ] Channel dimensions: [(36, 128), (128, 256), (256, 512)]
[ models/temporal ] Channel dimensions: [(36, 128), (128, 256), (256, 512)]
[ models/temporal ] Channel dimensions: [(36, 128), (128, 256), (256, 512)]
Loaded trajectory sampler
0 pregrasp
1 () -0.23878809809684753
2 () -0.23878809809684753
3 ((-1.0, 1.0, 1.0),) -0.4741242527961731
4 ((1.0, -1.0, -1.0),) -0.6425074338912964
5 ((1.0, 1.0, 1.0),) -1.075291395187378
6 ((1.0, 1.0, 1.0), (1.0, -1.0, -1.0)) -0.9753271341323853
7 ((1.0, 1.0, 1.0), (-1.0, 1.0, 1.0)) -1.0722380876541138
8 ((1.0, -1.0, -1.0), (-1.0, 1.0, 1.0)) -0.6525698900222778
9 ((1.0, 1.0, 1.0), (-1.0, 1.0, 1.0), (1.0, 1.0, 1.0)) -1.49857497215271
10 ((-1.0, 1.0, 1.0), (1.0, 1.0, 1.0)) -1.2723947763442993
11 ((-1.0, 1.0, 1.0), (1.0, 1.0, 1.0), (1.0, -1.0, -1.0)) -1.3449205160140991
12 ((-1.0, 1.0, 1.0), (1.0, 1.0, 1.0), (1.0, 1.0, 1.0)) -1.3388570547103882
13 ((-1.0, 1.0, 1.0), (1.0, 1.0, 1.0), (1.0, -1.0, -1.0), (-1.0, 1.0, 1.0)) -1.522950291633606
Contact sequence search time: 52.05592757998966
['index', 'turn', 'thumb_middle', 'index']
1 index
Sampling time 3.3945308310212567
Solve time for step 25.679141998291016
Solve time for step 6.2003700733184814
Solve time for step 5.953061819076538
Solve time for step 5.490025043487549
Solve time for step 5.309870481491089
Solve time for step 5.187182903289795
Solve time for step 4.947072744369507
Solve time for step 4.861887454986572
Solve time for step 4.7927422523498535
Solve time for step 4.591352462768555
Solve time for step 4.412004232406616
Solve time for step 4.510565996170044
1 ((-1.0, 1.0, 1.0),) -0.3513129949569702
2 ((-1.0, 1.0, 1.0),) -0.3513129949569702
3 ((-1.0, 1.0, 1.0), (1.0, -1.0, -1.0)) -0.24504077434539795
4 ((-1.0, 1.0, 1.0), (1.0, 1.0, 1.0)) -0.8597182631492615
5 ((-1.0, 1.0, 1.0), (1.0, -1.0, -1.0), (1.0, 1.0, 1.0)) -1.5026838779449463
Contact sequence search time: 14.373638960998505
['thumb_middle', 'turn']
2 thumb_middle
Sampling time 3.3006587760173716
Solve time for step 20.370218992233276
Solve time for step 4.713932275772095
Solve time for step 4.670786380767822
Solve time for step 4.297327041625977
Solve time for step 4.1406004428863525
Solve time for step 4.1096718311309814
Solve time for step 3.952730178833008
Solve time for step 4.062990665435791
Solve time for step 3.8732101917266846
Solve time for step 3.777874708175659
Solve time for step 3.793067216873169
Solve time for step 3.7062180042266846
1 ((1.0, -1.0, -1.0),) -0.2781647741794586
2 ((1.0, -1.0, -1.0),) -0.2781647741794586
3 ((1.0, -1.0, -1.0), (-1.0, 1.0, 1.0)) -0.41558384895324707
4 ((1.0, -1.0, -1.0), (1.0, 1.0, 1.0)) -0.8487944602966309
5 ((1.0, -1.0, -1.0), (1.0, 1.0, 1.0), (1.0, -1.0, -1.0)) -0.8592789769172668
6 ((1.0, -1.0, -1.0), (-1.0, 1.0, 1.0), (1.0, 1.0, 1.0)) -1.6648736000061035
Contact sequence search time: 19.2619979440351
['index', 'turn']
3 index
Sampling time 3.506142469996121
Solve time for step 24.954736709594727
Solve time for step 6.182322263717651
Solve time for step 5.820589542388916
Solve time for step 5.436528444290161
Solve time for step 5.159918308258057
Solve time for step 4.967175245285034
Solve time for step 4.991049289703369
Solve time for step 5.220448017120361
Solve time for step 4.733837366104126
Solve time for step 5.05518102645874
Solve time for step 4.609222412109375
Solve time for step 4.5072386264801025
1 ((-1.0, 1.0, 1.0),) -0.36045902967453003
2 ((-1.0, 1.0, 1.0),) -0.36045902967453003
3 ((-1.0, 1.0, 1.0), (1.0, -1.0, -1.0)) -0.39868080615997314
4 ((-1.0, 1.0, 1.0), (1.0, 1.0, 1.0)) -0.8095043301582336
5 ((-1.0, 1.0, 1.0), (1.0, 1.0, 1.0), (1.0, -1.0, -1.0)) -0.9750820994377136
6 ((-1.0, 1.0, 1.0), (1.0, 1.0, 1.0), (1.0, -1.0, -1.0), (1.0, 1.0, 1.0)) -1.3314752578735352
7 ((-1.0, 1.0, 1.0), (1.0, -1.0, -1.0), (1.0, 1.0, 1.0)) -1.0818536281585693
8 ((-1.0, 1.0, 1.0), (1.0, 1.0, 1.0), (-1.0, 1.0, 1.0)) -0.8363744020462036
9 ((-1.0, 1.0, 1.0), (1.0, -1.0, -1.0), (1.0, 1.0, 1.0), (1.0, -1.0, -1.0)) -1.7704801559448242
Contact sequence search time: 33.37936488998821
['thumb_middle', 'turn', 'thumb_middle']
4 thumb_middle
Sampling time 3.30288216896588
Solve time for step 18.946691036224365
Solve time for step 4.669281721115112
Solve time for step 4.4977827072143555
Solve time for step 4.479228973388672
Solve time for step 4.424359321594238
Solve time for step 4.416264533996582
Solve time for step 4.116210460662842
Solve time for step 4.174217700958252
Solve time for step 3.986302375793457
Solve time for step 3.8642358779907227
Solve time for step 3.685988426208496
Solve time for step 3.544705867767334
1 ((1.0, -1.0, -1.0),) 0.012907647527754307
2 ((1.0, -1.0, -1.0),) 0.012907647527754307
3 ((1.0, -1.0, -1.0), (-1.0, 1.0, 1.0)) -0.010792016983032227
4 ((1.0, -1.0, -1.0), (1.0, 1.0, 1.0)) -0.5243486762046814
5 ((1.0, -1.0, -1.0), (1.0, 1.0, 1.0), (-1.0, 1.0, 1.0)) -0.8689155578613281
6 ((1.0, -1.0, -1.0), (-1.0, 1.0, 1.0), (1.0, 1.0, 1.0)) -1.0219060182571411
7 ((1.0, -1.0, -1.0), (-1.0, 1.0, 1.0), (1.0, 1.0, 1.0), (1.0, -1.0, -1.0)) -1.3958913087844849
8 ((1.0, -1.0, -1.0), (-1.0, 1.0, 1.0), (1.0, 1.0, 1.0), (-1.0, 1.0, 1.0)) -1.284970998764038
9 ((1.0, -1.0, -1.0), (-1.0, 1.0, 1.0), (1.0, -1.0, -1.0)) -0.2411823272705078
10 ((1.0, -1.0, -1.0), (1.0, 1.0, 1.0), (1.0, 1.0, 1.0)) -1.0795645713806152
11 ((1.0, -1.0, -1.0), (1.0, 1.0, 1.0), (1.0, 1.0, 1.0), (1.0, -1.0, -1.0)) -1.6493316888809204
Contact sequence search time: 33.4624029850238
['turn', 'turn', 'thumb_middle']
5 turn
Sampling time 3.3691139679867774
Solve time for step 28.48831343650818
Solve time for step 6.7663733959198
Solve time for step 6.21373987197876
Solve time for step 5.920267820358276
Solve time for step 5.565333366394043
Solve time for step 5.496316432952881
Solve time for step 5.232595682144165
Solve time for step 4.782159805297852
Solve time for step 4.600877523422241
Solve time for step 4.548313140869141
Solve time for step 4.596837520599365
Solve time for step 4.3692851066589355
1 ((1.0, 1.0, 1.0),) -0.6086113452911377
2 ((1.0, 1.0, 1.0),) -0.6086113452911377
3 ((1.0, 1.0, 1.0), (1.0, -1.0, -1.0)) -0.6232141256332397
4 ((1.0, 1.0, 1.0), (-1.0, 1.0, 1.0)) -0.40001600980758667
5 ((1.0, 1.0, 1.0), (1.0, -1.0, -1.0), (1.0, 1.0, 1.0)) -1.400916576385498
6 ((1.0, 1.0, 1.0), (-1.0, 1.0, 1.0), (1.0, 1.0, 1.0)) -0.9771926999092102
7 ((1.0, 1.0, 1.0), (1.0, -1.0, -1.0), (-1.0, 1.0, 1.0)) -0.7080106735229492
8 ((1.0, 1.0, 1.0), (1.0, 1.0, 1.0)) -1.2178868055343628
9 ((1.0, 1.0, 1.0), (1.0, 1.0, 1.0), (1.0, 1.0, 1.0)) -1.456563949584961
10 ((1.0, 1.0, 1.0), (1.0, 1.0, 1.0), (1.0, -1.0, -1.0)) -1.2194806337356567
11 ((1.0, 1.0, 1.0), (1.0, 1.0, 1.0), (-1.0, 1.0, 1.0)) -1.2160134315490723
12 ((1.0, 1.0, 1.0), (-1.0, 1.0, 1.0), (1.0, -1.0, -1.0)) -0.043860554695129395
13 ((1.0, 1.0, 1.0), (1.0, -1.0, -1.0), (1.0, -1.0, -1.0)) -0.6245952248573303
14 ((1.0, 1.0, 1.0), (-1.0, 1.0, 1.0), (-1.0, 1.0, 1.0)) -0.2129947543144226
Contact sequence search time: 18.958826919959392
No contact sequence found
['turn', 'thumb_middle']
6 turn
Sampling time 3.3282179919769987
Solve time for step 28.33222198486328
Solve time for step 6.746010780334473
Solve time for step 6.25437331199646
Solve time for step 5.8240039348602295
Solve time for step 5.497187376022339
Solve time for step 5.3099045753479
Solve time for step 5.043939828872681
Solve time for step 4.9142701625823975
Solve time for step 4.7079551219940186
Solve time for step 4.165196180343628
Solve time for step 4.3005712032318115
Solve time for step 4.306983947753906
1 ((1, 1, 1),) -0.9825859069824219
2 ((1, 1, 1),) -0.9825859069824219
3 ((1, 1, 1), (1.0, -1.0, -1.0)) -1.0424911975860596
4 ((1, 1, 1), (-1.0, 1.0, 1.0)) -0.7737599015235901
5 ((1, 1, 1), (1.0, 1.0, 1.0)) -1.1152063608169556
Contact sequence search time: 5.245320977002848
No contact sequence found
['thumb_middle']
7 thumb_middle
Sampling time 3.3272362879943103
Solve time for step 18.652247190475464
Solve time for step 4.585021257400513
Solve time for step 4.518841743469238
Solve time for step 4.401605606079102
Solve time for step 4.135242938995361
Solve time for step 4.302525281906128
Solve time for step 4.080121278762817
Solve time for step 3.874021291732788
Solve time for step 3.803706645965576
Solve time for step 3.81785249710083
Solve time for step 3.773350238800049
Solve time for step 3.691187858581543
csvgd, Average time per step: 0.0
{}
[ models/temporal ] Channel dimensions: [(36, 128), (128, 256), (256, 512)]
[ models/temporal ] Channel dimensions: [(36, 128), (128, 256), (256, 512)]
[ models/temporal ] Channel dimensions: [(36, 128), (128, 256), (256, 512)]
Loaded trajectory sampler
0 pregrasp
1 () -0.27528807520866394
2 () -0.27528807520866394
3 ((-1.0, 1.0, 1.0),) -0.33308887481689453
4 ((1.0, -1.0, -1.0),) -0.4536204934120178
5 ((1.0, 1.0, 1.0),) -1.0613300800323486
6 ((1.0, 1.0, 1.0), (-1.0, 1.0, 1.0)) -0.9672405123710632
7 ((-1.0, 1.0, 1.0), (1.0, -1.0, -1.0)) -0.5735758543014526
8 ((1.0, -1.0, -1.0), (-1.0, 1.0, 1.0)) -0.4057636857032776
9 ((1.0, 1.0, 1.0), (1.0, -1.0, -1.0)) -1.4024415016174316
10 ((1.0, 1.0, 1.0), (-1.0, 1.0, 1.0), (1.0, 1.0, 1.0)) -1.145737886428833
11 ((1.0, 1.0, 1.0), (-1.0, 1.0, 1.0), (1.0, 1.0, 1.0), (-1.0, 1.0, 1.0)) -1.6237592697143555
Contact sequence search time: 42.998616129974835
['turn', 'index', 'turn', 'index']
1 turn
Sampling time 3.3346557449549437
Solve time for step 28.9474036693573
Solve time for step 6.907801628112793
Solve time for step 6.451335906982422
Solve time for step 5.869813680648804
Solve time for step 5.472083568572998
Solve time for step 5.293473958969116
Solve time for step 4.92623496055603
Solve time for step 5.03667426109314
Solve time for step 5.043110609054565
Solve time for step 5.034891843795776
Solve time for step 4.397242307662964
Solve time for step 4.2708916664123535
1 ((1.0, 1.0, 1.0),) -1.1045119762420654
2 ((1.0, 1.0, 1.0),) -1.1045119762420654
3 ((1.0, 1.0, 1.0), (1.0, -1.0, -1.0)) -1.062880277633667
4 ((1.0, 1.0, 1.0), (-1.0, 1.0, 1.0)) -1.1601234674453735
5 ((1.0, 1.0, 1.0), (1.0, -1.0, -1.0), (1.0, 1.0, 1.0)) -1.3909255266189575
6 ((1.0, 1.0, 1.0), (-1.0, 1.0, 1.0), (1.0, 1.0, 1.0)) -1.5194604396820068
Contact sequence search time: 19.15129932400305
['index', 'turn']
2 index
Sampling time 3.39436451299116
Solve time for step 24.875627517700195
Solve time for step 6.114243030548096
Solve time for step 5.787997722625732
Solve time for step 5.394143342971802
Solve time for step 5.327706336975098
Solve time for step 5.141564846038818
Solve time for step 4.969212770462036
Solve time for step 5.011590957641602
Solve time for step 4.796878337860107
Solve time for step 4.566232681274414
Solve time for step 4.626055717468262
Solve time for step 4.537850856781006
1 ((-1.0, 1.0, 1.0),) -1.1294742822647095
2 ((-1.0, 1.0, 1.0),) -1.1294742822647095
3 ((-1.0, 1.0, 1.0), (1.0, -1.0, -1.0)) -1.1447882652282715
4 ((-1.0, 1.0, 1.0), (1.0, 1.0, 1.0)) -1.0994552373886108
5 ((-1.0, 1.0, 1.0), (1.0, 1.0, 1.0), (1.0, 1.0, 1.0)) -1.4449265003204346
6 ((-1.0, 1.0, 1.0), (1.0, 1.0, 1.0), (1.0, -1.0, -1.0)) -1.345391035079956
7 ((-1.0, 1.0, 1.0), (1.0, 1.0, 1.0), (-1.0, 1.0, 1.0)) -1.257532000541687
8 ((-1.0, 1.0, 1.0), (1.0, 1.0, 1.0), (-1.0, 1.0, 1.0), (1.0, 1.0, 1.0)) -1.3611953258514404
9 ((-1.0, 1.0, 1.0), (1.0, -1.0, -1.0), (-1.0, 1.0, 1.0)) -1.0282572507858276
10 ((-1.0, 1.0, 1.0), (1.0, -1.0, -1.0), (-1.0, 1.0, 1.0), (1.0, -1.0, -1.0)) -1.3103224039077759
11 ((-1.0, 1.0, 1.0), (1.0, -1.0, -1.0), (-1.0, 1.0, 1.0), (1.0, -1.0, -1.0), (1.0, 1.0, 1.0)) -1.526734709739685
Contact sequence search time: 42.99593182600802
['thumb_middle', 'index', 'thumb_middle', 'turn']
3 thumb_middle
Sampling time 3.3235175739973783
Solve time for step 18.782605171203613
Solve time for step 4.638219594955444
Solve time for step 4.439481735229492
Solve time for step 4.899871110916138
Solve time for step 4.692955017089844
Solve time for step 4.333744764328003
Solve time for step 4.160674095153809
Solve time for step 3.931708812713623
Solve time for step 3.940605640411377
Solve time for step 3.7689764499664307
Solve time for step 3.7823405265808105
Solve time for step 3.6224100589752197
1 ((1.0, -1.0, -1.0),) 0.12253622710704803
2 ((1.0, -1.0, -1.0),) 0.12253622710704803
3 ((1.0, -1.0, -1.0), (1.0, 1.0, 1.0)) -0.4327215552330017
4 ((1.0, -1.0, -1.0), (-1.0, 1.0, 1.0)) 0.04553079605102539
5 ((1.0, -1.0, -1.0), (-1.0, 1.0, 1.0), (1.0, 1.0, 1.0)) -0.5976686477661133
6 ((1.0, -1.0, -1.0), (-1.0, 1.0, 1.0), (1.0, 1.0, 1.0), (1.0, 1.0, 1.0)) -1.6071456670761108
Contact sequence search time: 19.20954026799882
['index', 'turn', 'turn']
4 index
Sampling time 3.4637654859689064
Solve time for step 25.0541934967041
Solve time for step 5.986382484436035
Solve time for step 5.678961753845215
Solve time for step 5.443766832351685
Solve time for step 5.210994482040405
Solve time for step 5.007131338119507
Solve time for step 5.037089824676514
Solve time for step 4.933770418167114
Solve time for step 4.822296380996704
Solve time for step 4.610857963562012
Solve time for step 4.5585596561431885
Solve time for step 4.661330938339233
1 ((-1.0, 1.0, 1.0),) 0.09279486536979675
2 ((-1.0, 1.0, 1.0),) 0.09279486536979675
3 ((-1.0, 1.0, 1.0), (1.0, 1.0, 1.0)) -0.4616089463233948
4 ((-1.0, 1.0, 1.0), (1.0, -1.0, -1.0)) 0.10249578952789307
5 ((-1.0, 1.0, 1.0), (1.0, 1.0, 1.0), (-1.0, 1.0, 1.0)) -0.8367408514022827
6 ((-1.0, 1.0, 1.0), (1.0, 1.0, 1.0), (-1.0, 1.0, 1.0), (1.0, 1.0, 1.0)) -1.0060603618621826
7 ((-1.0, 1.0, 1.0), (1.0, 1.0, 1.0), (1.0, -1.0, -1.0)) -0.5054892897605896
8 ((-1.0, 1.0, 1.0), (1.0, 1.0, 1.0), (-1.0, 1.0, 1.0), (1.0, -1.0, -1.0)) -0.9158104658126831
9 ((-1.0, 1.0, 1.0), (1.0, -1.0, -1.0), (1.0, 1.0, 1.0)) -0.3686251640319824
10 ((-1.0, 1.0, 1.0), (1.0, -1.0, -1.0), (1.0, -1.0, -1.0)) -0.9736469984054565
11 ((-1.0, 1.0, 1.0), (1.0, -1.0, -1.0), (1.0, -1.0, -1.0), (1.0, -1.0, -1.0)) -1.3587448596954346
12 ((-1.0, 1.0, 1.0), (1.0, -1.0, -1.0), (1.0, -1.0, -1.0), (1.0, 1.0, 1.0)) -1.8989441394805908
Contact sequence search time: 33.37250429694541
['thumb_middle', 'thumb_middle', 'turn']
5 thumb_middle
Sampling time 3.310730141005479
Solve time for step 18.917309999465942
Solve time for step 4.6666669845581055
Solve time for step 4.498276710510254
Solve time for step 4.343759298324585
Solve time for step 4.253115892410278
Solve time for step 4.3672871589660645
Solve time for step 4.067821979522705
Solve time for step 4.128615856170654
Solve time for step 4.069855451583862
Solve time for step 3.937312126159668
Solve time for step 4.03268837928772
Solve time for step 3.8022990226745605
1 ((1.0, -1.0, -1.0),) 0.2873772382736206
2 ((1.0, -1.0, -1.0),) 0.2873772382736206
3 ((1.0, -1.0, -1.0), (1.0, 1.0, 1.0)) -0.4020382761955261
4 ((1.0, -1.0, -1.0), (-1.0, 1.0, 1.0)) 0.24163222312927246
5 ((1.0, -1.0, -1.0), (-1.0, 1.0, 1.0), (1.0, 1.0, 1.0)) -0.697947084903717
6 ((1.0, -1.0, -1.0), (1.0, 1.0, 1.0), (1.0, -1.0, -1.0)) -0.4737776517868042
7 ((1.0, -1.0, -1.0), (1.0, 1.0, 1.0), (-1.0, 1.0, 1.0)) -0.07229995727539062
8 ((1.0, -1.0, -1.0), (-1.0, 1.0, 1.0), (1.0, -1.0, -1.0)) 0.028948068618774414
9 ((1.0, -1.0, -1.0), (1.0, -1.0, -1.0)) 0.4097486734390259
10 ((1.0, -1.0, -1.0), (1.0, -1.0, -1.0), (1.0, 1.0, 1.0)) -1.4653046131134033
11 ((1.0, -1.0, -1.0), (1.0, 1.0, 1.0), (1.0, 1.0, 1.0)) 0.10644173622131348
12 ((1.0, -1.0, -1.0), (-1.0, 1.0, 1.0), (-1.0, 1.0, 1.0)) 0.11695528030395508
13 ((1.0, -1.0, -1.0), (1.0, -1.0, -1.0), (-1.0, 1.0, 1.0)) 0.18290019035339355
14 ((1.0, -1.0, -1.0), (1.0, -1.0, -1.0), (1.0, -1.0, -1.0)) -0.15034514665603638
Contact sequence search time: 19.227643719001208
No contact sequence found
['thumb_middle', 'turn']
6 thumb_middle
Sampling time 3.4182928249938414
Solve time for step 18.881832361221313
Solve time for step 4.585045337677002
Solve time for step 4.714838743209839
Solve time for step 4.314563274383545
Solve time for step 4.164265871047974
Solve time for step 4.085188627243042
Solve time for step 3.9422378540039062
Solve time for step 3.9916136264801025
Solve time for step 3.8781824111938477
Solve time for step 3.8198933601379395
Solve time for step 3.711301326751709
Solve time for step 3.7876744270324707
1 ((1, -1, -1),) 0.4038732647895813
2 ((1, -1, -1),) 0.4038732647895813
3 ((1, -1, -1), (1.0, 1.0, 1.0)) -0.3007952570915222
4 ((1, -1, -1), (-1.0, 1.0, 1.0)) 0.2994084358215332
5 ((1, -1, -1), (1.0, -1.0, -1.0)) 0.5425376892089844
Contact sequence search time: 5.117035757983103
No contact sequence found
['turn']
7 turn
Sampling time 3.3530153849860653
Solve time for step 28.575259923934937
Solve time for step 6.91017746925354
Solve time for step 6.059844255447388
Solve time for step 5.790031671524048
Solve time for step 5.521025657653809
Solve time for step 5.430036783218384
Solve time for step 4.83084774017334
Solve time for step 4.728951930999756
Solve time for step 4.556781053543091
Solve time for step 4.403906345367432
Solve time for step 4.263880491256714
Solve time for step 4.056309938430786
csvgd, Average time per step: 0.0
{}
[ models/temporal ] Channel dimensions: [(36, 128), (128, 256), (256, 512)]
[ models/temporal ] Channel dimensions: [(36, 128), (128, 256), (256, 512)]
[ models/temporal ] Channel dimensions: [(36, 128), (128, 256), (256, 512)]
Loaded trajectory sampler
0 pregrasp
1 () -0.17705415189266205
2 () -0.17705415189266205
3 ((-1.0, 1.0, 1.0),) -0.04411602020263672
4 ((1.0, -1.0, -1.0),) -0.19801288843154907
5 ((1.0, 1.0, 1.0),) -0.8879542946815491
6 ((1.0, 1.0, 1.0), (1.0, -1.0, -1.0)) -1.001242995262146
7 ((1.0, -1.0, -1.0), (-1.0, 1.0, 1.0)) -0.8740787506103516
8 ((1.0, 1.0, 1.0), (-1.0, 1.0, 1.0)) -0.7208073139190674
9 ((1.0, -1.0, -1.0), (1.0, 1.0, 1.0)) -0.8087375164031982
10 ((1.0, -1.0, -1.0), (1.0, 1.0, 1.0), (1.0, -1.0, -1.0)) -1.1586869955062866
11 ((1.0, 1.0, 1.0), (1.0, -1.0, -1.0), (1.0, -1.0, -1.0)) -1.403632402420044
12 ((1.0, 1.0, 1.0), (1.0, -1.0, -1.0), (-1.0, 1.0, 1.0)) -1.2138899564743042
13 ((-1.0, 1.0, 1.0), (1.0, -1.0, -1.0)) -0.15205156803131104
14 ((1.0, 1.0, 1.0), (1.0, -1.0, -1.0), (1.0, 1.0, 1.0)) -1.4467002153396606
15 ((1.0, 1.0, 1.0), (1.0, -1.0, -1.0), (1.0, 1.0, 1.0), (-1.0, 1.0, 1.0)) -1.401796817779541
16 ((1.0, 1.0, 1.0), (1.0, -1.0, -1.0), (1.0, 1.0, 1.0), (-1.0, 1.0, 1.0), (1.0, -1.0, -1.0)) -1.4050772190093994
17 ((1.0, 1.0, 1.0), (1.0, -1.0, -1.0), (1.0, 1.0, 1.0), (-1.0, 1.0, 1.0), (1.0, 1.0, 1.0)) -1.536100149154663
Contact sequence search time: 70.68188777501928
['turn', 'thumb_middle', 'turn', 'index', 'turn']
1 turn
Sampling time 3.306634776003193
Solve time for step 29.108332872390747
Solve time for step 6.840683221817017
Solve time for step 6.325461387634277
Solve time for step 5.94964337348938
Solve time for step 5.502543926239014
Solve time for step 5.136226654052734
Solve time for step 4.8178815841674805
Solve time for step 4.750415086746216
Solve time for step 4.813269853591919
Solve time for step 4.658400297164917
Solve time for step 4.447866678237915
Solve time for step 4.439309597015381
1 ((1.0, 1.0, 1.0),) -1.2591662406921387
2 ((1.0, 1.0, 1.0),) -1.2591662406921387
3 ((1.0, 1.0, 1.0), (1.0, -1.0, -1.0)) -1.3211641311645508
4 ((1.0, 1.0, 1.0), (1.0, -1.0, -1.0), (-1.0, 1.0, 1.0)) -1.4479870796203613
5 ((1.0, 1.0, 1.0), (1.0, -1.0, -1.0), (1.0, 1.0, 1.0)) -1.3225520849227905
6 ((1.0, 1.0, 1.0), (1.0, 1.0, 1.0)) -1.3802592754364014
7 ((1.0, 1.0, 1.0), (1.0, 1.0, 1.0), (1.0, -1.0, -1.0)) -1.4390813112258911
8 ((1.0, 1.0, 1.0), (1.0, 1.0, 1.0), (1.0, -1.0, -1.0), (-1.0, 1.0, 1.0)) -1.504518747329712
Contact sequence search time: 28.235209376958665
['turn', 'thumb_middle', 'index']
2 turn
Sampling time 3.378323848999571
Solve time for step 28.60348892211914
Solve time for step 6.591943979263306
Solve time for step 6.372162818908691
Solve time for step 6.090143918991089
Solve time for step 5.582876443862915
Solve time for step 5.219175815582275
Solve time for step 4.84858775138855
Solve time for step 4.778349161148071
Solve time for step 4.642037630081177
Solve time for step 4.649324655532837
Solve time for step 4.515162467956543
Solve time for step 4.289882183074951
1 ((1.0, 1.0, 1.0),) -1.7243949174880981
Contact sequence search time: 7.609499152749777e-05
Planner thinks task is complete
['pregrasp', 'turn', 'turn']
csvgd, Average time per step: 0.0
{}
[ models/temporal ] Channel dimensions: [(36, 128), (128, 256), (256, 512)]
[ models/temporal ] Channel dimensions: [(36, 128), (128, 256), (256, 512)]
[ models/temporal ] Channel dimensions: [(36, 128), (128, 256), (256, 512)]
Loaded trajectory sampler
0 pregrasp
1 () -0.22139765322208405
2 () -0.22139765322208405
3 ((-1.0, 1.0, 1.0),) -0.41655611991882324
4 ((1.0, -1.0, -1.0),) -0.46932822465896606
5 ((1.0, 1.0, 1.0),) -0.986258327960968
6 ((1.0, 1.0, 1.0), (1.0, -1.0, -1.0)) -0.8224325776100159
7 ((1.0, -1.0, -1.0), (-1.0, 1.0, 1.0)) -0.5747722387313843
8 ((1.0, 1.0, 1.0), (-1.0, 1.0, 1.0)) -1.2918453216552734
9 ((-1.0, 1.0, 1.0), (1.0, -1.0, -1.0)) -0.27017807960510254
10 ((1.0, 1.0, 1.0), (-1.0, 1.0, 1.0), (1.0, 1.0, 1.0)) -1.5551477670669556
Contact sequence search time: 38.10997773200506
['turn', 'index', 'turn']
1 turn
Sampling time 3.4226012080325745
Solve time for step 28.93012547492981
Solve time for step 6.798275947570801
Solve time for step 6.172861576080322
Solve time for step 5.825525760650635
Solve time for step 5.5208446979522705
Solve time for step 5.237586498260498
Solve time for step 4.970772981643677
Solve time for step 5.099966764450073
Solve time for step 4.899056911468506
Solve time for step 4.38041353225708
Solve time for step 4.609066486358643
Solve time for step 4.751938343048096
1 ((1.0, 1.0, 1.0),) -1.0852453708648682
2 ((1.0, 1.0, 1.0),) -1.0852453708648682
3 ((1.0, 1.0, 1.0), (1.0, -1.0, -1.0)) -1.1355551481246948
4 ((1.0, 1.0, 1.0), (-1.0, 1.0, 1.0)) -1.1370296478271484
5 ((1.0, 1.0, 1.0), (1.0, -1.0, -1.0), (1.0, -1.0, -1.0)) -1.574772596359253
Contact sequence search time: 14.687294321018271
['thumb_middle', 'thumb_middle']
2 thumb_middle
Sampling time 3.296508088998962
Solve time for step 19.014466524124146
Solve time for step 4.702381610870361
Solve time for step 4.465459823608398
Solve time for step 4.361739158630371
Solve time for step 4.656123638153076
Solve time for step 4.296179294586182
Solve time for step 4.070798635482788
Solve time for step 4.525453329086304
Solve time for step 4.462041139602661
Solve time for step 3.816016435623169
Solve time for step 3.7589848041534424
Solve time for step 3.7453725337982178
1 ((1.0, -1.0, -1.0),) -0.6050630807876587
2 ((1.0, -1.0, -1.0),) -0.6050630807876587
3 ((1.0, -1.0, -1.0), (-1.0, 1.0, 1.0)) -0.6231029629707336
4 ((1.0, -1.0, -1.0), (-1.0, 1.0, 1.0), (1.0, -1.0, -1.0)) -1.264474630355835
5 ((1.0, -1.0, -1.0), (1.0, 1.0, 1.0)) -1.4462586641311646
6 ((1.0, -1.0, -1.0), (1.0, 1.0, 1.0), (1.0, 1.0, 1.0)) -1.5484564304351807
Contact sequence search time: 19.137776707997546
['turn', 'turn']
3 turn
Sampling time 3.436794630018994
Solve time for step 28.90450406074524
Solve time for step 6.826641321182251
Solve time for step 6.283931016921997
Solve time for step 6.01967716217041
Solve time for step 5.467073202133179
Solve time for step 4.985310316085815
Solve time for step 4.8465118408203125
Solve time for step 4.697174549102783
Solve time for step 4.62003755569458
Solve time for step 4.46771240234375
Solve time for step 4.392967700958252
Solve time for step 4.325082302093506
1 ((1.0, 1.0, 1.0),) -1.2244994640350342
2 ((1.0, 1.0, 1.0),) -1.2244994640350342
3 ((1.0, 1.0, 1.0), (1.0, -1.0, -1.0)) -1.2500470876693726
4 ((1.0, 1.0, 1.0), (-1.0, 1.0, 1.0)) -1.000329613685608
5 ((1.0, 1.0, 1.0), (1.0, -1.0, -1.0), (1.0, -1.0, -1.0)) -1.5344418287277222
Contact sequence search time: 14.695091904955916
['thumb_middle', 'thumb_middle']
4 thumb_middle
Sampling time 3.4769886099966243
Solve time for step 19.134706258773804
Solve time for step 4.68925666809082
Solve time for step 4.578189373016357
Solve time for step 4.445239305496216
Solve time for step 4.192413806915283
Solve time for step 4.310539484024048
Solve time for step 4.235868453979492
Solve time for step 4.583796262741089
Solve time for step 4.037436246871948
Solve time for step 3.782158374786377
Solve time for step 3.843223810195923
Solve time for step 3.922711133956909
1 ((1.0, -1.0, -1.0),) -1.0435585975646973
2 ((1.0, -1.0, -1.0),) -1.0435585975646973
3 ((1.0, -1.0, -1.0), (1.0, 1.0, 1.0)) -1.0030040740966797
4 ((1.0, -1.0, -1.0), (-1.0, 1.0, 1.0)) -1.0504306554794312
5 ((1.0, -1.0, -1.0), (-1.0, 1.0, 1.0), (1.0, 1.0, 1.0)) -1.086012840270996
6 ((1.0, -1.0, -1.0), (-1.0, 1.0, 1.0), (1.0, 1.0, 1.0), (1.0, -1.0, -1.0)) -1.3237717151641846
7 ((1.0, -1.0, -1.0), (-1.0, 1.0, 1.0), (1.0, 1.0, 1.0), (-1.0, 1.0, 1.0)) -1.6227869987487793
Contact sequence search time: 19.416800430044532
['index', 'turn', 'index']
5 index
Sampling time 3.330187780025881
Solve time for step 25.12234401702881
Solve time for step 5.994501829147339
Solve time for step 5.706118106842041
Solve time for step 5.414088726043701
Solve time for step 5.173959016799927
Solve time for step 5.038503408432007
Solve time for step 5.21927547454834
Solve time for step 4.8998730182647705
Solve time for step 4.837282180786133
Solve time for step 4.741711378097534
Solve time for step 4.749151229858398
Solve time for step 4.5947558879852295
1 ((-1.0, 1.0, 1.0),) -1.0600578784942627
2 ((-1.0, 1.0, 1.0),) -1.0600578784942627
3 ((-1.0, 1.0, 1.0), (1.0, -1.0, -1.0)) -1.099459171295166
4 ((-1.0, 1.0, 1.0), (1.0, 1.0, 1.0)) -1.3630706071853638
5 ((-1.0, 1.0, 1.0), (1.0, 1.0, 1.0), (1.0, -1.0, -1.0)) -1.4519902467727661
6 ((-1.0, 1.0, 1.0), (1.0, 1.0, 1.0), (-1.0, 1.0, 1.0)) -1.3843625783920288
7 ((-1.0, 1.0, 1.0), (1.0, -1.0, -1.0), (-1.0, 1.0, 1.0)) -1.074904441833496
8 ((-1.0, 1.0, 1.0), (1.0, -1.0, -1.0), (1.0, 1.0, 1.0)) -1.001387357711792
9 ((-1.0, 1.0, 1.0), (1.0, 1.0, 1.0), (1.0, 1.0, 1.0)) -1.2928487062454224
10 ((-1.0, 1.0, 1.0), (-1.0, 1.0, 1.0)) -1.0813475847244263
11 ((-1.0, 1.0, 1.0), (1.0, -1.0, -1.0), (1.0, -1.0, -1.0)) -1.0146197080612183
12 ((-1.0, 1.0, 1.0), (-1.0, 1.0, 1.0), (1.0, 1.0, 1.0)) -1.0394377708435059
13 ((-1.0, 1.0, 1.0), (-1.0, 1.0, 1.0), (1.0, -1.0, -1.0)) -0.6197901368141174
14 ((-1.0, 1.0, 1.0), (-1.0, 1.0, 1.0), (-1.0, 1.0, 1.0)) -0.6902866363525391
Contact sequence search time: 19.482445453002583
No contact sequence found
['turn', 'index']
6 turn
Sampling time 3.487770102045033
Solve time for step 28.275948524475098
Solve time for step 6.696886777877808
Solve time for step 6.240975379943848
Solve time for step 5.846106052398682
Solve time for step 5.405576467514038
Solve time for step 5.112264156341553
Solve time for step 4.927633762359619
Solve time for step 4.687753200531006
Solve time for step 4.575347185134888
Solve time for step 4.5963311195373535
Solve time for step 4.525947093963623
Solve time for step 4.2380688190460205
1 ((1, 1, 1),) -1.599521279335022
Contact sequence search time: 6.849097553640604e-05
Planner thinks task is complete
['pregrasp', 'turn', 'thumb_middle', 'turn', 'thumb_middle', 'index', 'turn']
csvgd, Average time per step: 0.0
{}
[ models/temporal ] Channel dimensions: [(36, 128), (128, 256), (256, 512)]
[ models/temporal ] Channel dimensions: [(36, 128), (128, 256), (256, 512)]
[ models/temporal ] Channel dimensions: [(36, 128), (128, 256), (256, 512)]
Loaded trajectory sampler
0 pregrasp
1 () -0.23375056684017181
2 () -0.23375056684017181
3 ((1.0, -1.0, -1.0),) -0.5344608426094055
4 ((-1.0, 1.0, 1.0),) -0.5430991649627686
5 ((1.0, 1.0, 1.0),) -0.8967962265014648
6 ((1.0, 1.0, 1.0), (1.0, -1.0, -1.0)) -1.0354777574539185
7 ((1.0, 1.0, 1.0), (-1.0, 1.0, 1.0)) -0.7797114253044128
8 ((1.0, -1.0, -1.0), (-1.0, 1.0, 1.0)) -0.5123857259750366
9 ((-1.0, 1.0, 1.0), (1.0, 1.0, 1.0)) -1.005484938621521
10 ((-1.0, 1.0, 1.0), (1.0, -1.0, -1.0)) -0.4290426969528198
11 ((1.0, -1.0, -1.0), (1.0, 1.0, 1.0)) -1.1006749868392944
12 ((-1.0, 1.0, 1.0), (1.0, 1.0, 1.0), (1.0, -1.0, -1.0)) -1.2894487380981445
13 ((-1.0, 1.0, 1.0), (1.0, 1.0, 1.0), (1.0, -1.0, -1.0), (1.0, -1.0, -1.0)) -1.4634428024291992
14 ((-1.0, 1.0, 1.0), (1.0, 1.0, 1.0), (1.0, -1.0, -1.0), (1.0, -1.0, -1.0), (1.0, -1.0, -1.0)) -1.6606297492980957
Contact sequence search time: 56.75182930001756
['index', 'turn', 'thumb_middle', 'thumb_middle', 'thumb_middle']
1 index
Sampling time 3.4646572510246187
Solve time for step 24.970710515975952
Solve time for step 7.040516376495361
Solve time for step 5.746232509613037
Solve time for step 5.357576131820679
Solve time for step 5.183170318603516
Solve time for step 5.019704580307007
Solve time for step 4.961983680725098
Solve time for step 4.859334230422974
Solve time for step 4.631330251693726
Solve time for step 4.5982701778411865
Solve time for step 4.534258127212524
Solve time for step 4.587585210800171
1 ((-1.0, 1.0, 1.0),) -0.27342092990875244
2 ((-1.0, 1.0, 1.0),) -0.27342092990875244
3 ((-1.0, 1.0, 1.0), (1.0, 1.0, 1.0)) -1.135764241218567
4 ((-1.0, 1.0, 1.0), (1.0, 1.0, 1.0), (1.0, -1.0, -1.0)) -1.390064001083374
5 ((-1.0, 1.0, 1.0), (1.0, 1.0, 1.0), (1.0, -1.0, -1.0), (1.0, 1.0, 1.0)) -1.5678411722183228
Contact sequence search time: 14.69974584801821
['turn', 'thumb_middle', 'turn']
2 turn
Sampling time 3.3293912559747696
Solve time for step 29.43072485923767
Solve time for step 6.967127561569214
Solve time for step 6.466453313827515
Solve time for step 6.045093059539795
Solve time for step 5.5710694789886475
Solve time for step 5.215124607086182
Solve time for step 5.114480018615723
Solve time for step 5.176130771636963
Solve time for step 4.9127607345581055
Solve time for step 4.819530963897705
Solve time for step 4.472919464111328
Solve time for step 4.279874324798584
1 ((1.0, 1.0, 1.0),) -1.1580810546875
2 ((1.0, 1.0, 1.0),) -1.1580810546875
3 ((1.0, 1.0, 1.0), (-1.0, 1.0, 1.0)) -1.1209791898727417
4 ((1.0, 1.0, 1.0), (1.0, -1.0, -1.0)) -0.923175036907196
5 ((1.0, 1.0, 1.0), (1.0, -1.0, -1.0), (1.0, 1.0, 1.0)) -1.0772759914398193
6 ((1.0, 1.0, 1.0), (1.0, -1.0, -1.0), (1.0, 1.0, 1.0), (1.0, -1.0, -1.0)) -1.4722459316253662
7 ((1.0, 1.0, 1.0), (1.0, -1.0, -1.0), (1.0, 1.0, 1.0), (1.0, -1.0, -1.0), (-1.0, 1.0, 1.0)) -1.5246188640594482
Contact sequence search time: 23.543234230950475
['thumb_middle', 'turn', 'thumb_middle', 'index']
3 thumb_middle
Sampling time 3.3198642429779284
Solve time for step 19.51008653640747
Solve time for step 4.762326717376709
Solve time for step 4.505216121673584
Solve time for step 4.50116229057312
Solve time for step 4.291370153427124
Solve time for step 4.249872922897339
Solve time for step 4.211571931838989
Solve time for step 4.083601713180542
Solve time for step 4.0423173904418945
Solve time for step 3.856050968170166
Solve time for step 3.7896041870117188
Solve time for step 3.702150344848633
1 ((1.0, -1.0, -1.0),) -0.9242962002754211
2 ((1.0, -1.0, -1.0),) -0.9242962002754211
3 ((1.0, -1.0, -1.0), (1.0, 1.0, 1.0)) -0.8927515745162964
4 ((1.0, -1.0, -1.0), (-1.0, 1.0, 1.0)) -0.8952524662017822
5 ((1.0, -1.0, -1.0), (1.0, 1.0, 1.0), (-1.0, 1.0, 1.0)) -0.9057266712188721
6 ((1.0, -1.0, -1.0), (-1.0, 1.0, 1.0), (1.0, 1.0, 1.0)) -0.890195369720459
7 ((1.0, -1.0, -1.0), (1.0, 1.0, 1.0), (1.0, -1.0, -1.0)) -0.727216899394989
8 ((1.0, -1.0, -1.0), (1.0, 1.0, 1.0), (1.0, -1.0, -1.0), (-1.0, 1.0, 1.0)) -1.1769883632659912
9 ((1.0, -1.0, -1.0), (1.0, 1.0, 1.0), (1.0, -1.0, -1.0), (-1.0, 1.0, 1.0), (1.0, -1.0, -1.0)) -1.4081125259399414
10 ((1.0, -1.0, -1.0), (1.0, 1.0, 1.0), (1.0, -1.0, -1.0), (-1.0, 1.0, 1.0), (-1.0, 1.0, 1.0)) -1.379010558128357
11 ((1.0, -1.0, -1.0), (1.0, -1.0, -1.0)) -1.1318402290344238
12 ((1.0, -1.0, -1.0), (1.0, -1.0, -1.0), (1.0, -1.0, -1.0)) -1.7099735736846924
Contact sequence search time: 37.99026676104404
['thumb_middle', 'thumb_middle']
4 thumb_middle
Sampling time 3.470851327001583
Solve time for step 18.93373131752014
Solve time for step 4.7733635902404785
Solve time for step 4.670737266540527
Solve time for step 4.391009330749512
Solve time for step 4.413745880126953
Solve time for step 4.459675312042236
Solve time for step 4.13001823425293
Solve time for step 4.188876628875732
Solve time for step 4.081649541854858
Solve time for step 3.9459969997406006
Solve time for step 4.138005495071411
Solve time for step 3.962433099746704
1 ((1.0, -1.0, -1.0),) -0.7549252510070801
2 ((1.0, -1.0, -1.0),) -0.7549252510070801
3 ((1.0, -1.0, -1.0), (1.0, 1.0, 1.0)) -0.732225775718689
4 ((1.0, -1.0, -1.0), (-1.0, 1.0, 1.0)) -0.7921868562698364
5 ((1.0, -1.0, -1.0), (1.0, 1.0, 1.0), (1.0, -1.0, -1.0)) -0.9975930452346802
6 ((1.0, -1.0, -1.0), (1.0, 1.0, 1.0), (-1.0, 1.0, 1.0)) -0.860747218132019
7 ((1.0, -1.0, -1.0), (-1.0, 1.0, 1.0), (1.0, -1.0, -1.0)) -0.9657919406890869
8 ((1.0, -1.0, -1.0), (-1.0, 1.0, 1.0), (1.0, -1.0, -1.0), (-1.0, 1.0, 1.0)) -1.3686420917510986
9 ((1.0, -1.0, -1.0), (-1.0, 1.0, 1.0), (1.0, -1.0, -1.0), (1.0, 1.0, 1.0)) -1.5981435775756836
Contact sequence search time: 28.203358542989008
['index', 'thumb_middle', 'turn']
5 index
Sampling time 3.415592111006845
Solve time for step 25.140734434127808
Solve time for step 6.039210796356201
Solve time for step 5.849567890167236
Solve time for step 5.5077033042907715
Solve time for step 5.3064398765563965
Solve time for step 5.164967775344849
Solve time for step 5.049484491348267
Solve time for step 5.234334707260132
Solve time for step 4.917649745941162
Solve time for step 4.833876371383667
Solve time for step 4.634862661361694
Solve time for step 4.805994987487793
1 ((-1.0, 1.0, 1.0),) -0.8033923506736755
2 ((-1.0, 1.0, 1.0),) -0.8033923506736755
3 ((-1.0, 1.0, 1.0), (1.0, 1.0, 1.0)) -0.8589320182800293
4 ((-1.0, 1.0, 1.0), (1.0, -1.0, -1.0)) -0.8004480004310608
5 ((-1.0, 1.0, 1.0), (1.0, 1.0, 1.0), (-1.0, 1.0, 1.0)) -0.7011494636535645
6 ((-1.0, 1.0, 1.0), (1.0, -1.0, -1.0), (-1.0, 1.0, 1.0)) -0.7040764689445496
7 ((-1.0, 1.0, 1.0), (1.0, 1.0, 1.0), (1.0, -1.0, -1.0)) -0.593052864074707
8 ((-1.0, 1.0, 1.0), (1.0, 1.0, 1.0), (1.0, 1.0, 1.0)) -1.0825462341308594
9 ((-1.0, 1.0, 1.0), (1.0, -1.0, -1.0), (1.0, 1.0, 1.0)) -0.6267654895782471
10 ((-1.0, 1.0, 1.0), (-1.0, 1.0, 1.0)) -0.7674362659454346
11 ((-1.0, 1.0, 1.0), (-1.0, 1.0, 1.0), (1.0, -1.0, -1.0)) -0.8686243891716003
12 ((-1.0, 1.0, 1.0), (1.0, -1.0, -1.0), (1.0, -1.0, -1.0)) -0.7211203575134277
13 ((-1.0, 1.0, 1.0), (-1.0, 1.0, 1.0), (1.0, 1.0, 1.0)) -0.5675835609436035
14 ((-1.0, 1.0, 1.0), (-1.0, 1.0, 1.0), (-1.0, 1.0, 1.0)) -0.9116173386573792
Contact sequence search time: 19.377159837051295
No contact sequence found
['thumb_middle', 'turn']
6 thumb_middle
Sampling time 3.463125276961364
Solve time for step 19.021027088165283
Solve time for step 4.862525224685669
Solve time for step 4.576142072677612
Solve time for step 4.361903190612793
Solve time for step 4.184242248535156
Solve time for step 4.284542798995972
Solve time for step 4.109565019607544
Solve time for step 4.075330018997192
Solve time for step 3.907569646835327
Solve time for step 3.8513638973236084
Solve time for step 3.77107834815979
Solve time for step 3.829551935195923
1 ((1, -1, -1),) -0.786820650100708
2 ((1, -1, -1),) -0.786820650100708
3 ((1, -1, -1), (-1.0, 1.0, 1.0)) -0.762563943862915
4 ((1, -1, -1), (1.0, 1.0, 1.0)) -1.528443455696106
Contact sequence search time: 5.139124321984127
['turn']
7 turn
Sampling time 3.334989315015264
Solve time for step 28.85168743133545
Solve time for step 6.935861349105835
Solve time for step 6.385966777801514
Solve time for step 5.959611177444458
Solve time for step 5.542720317840576
Solve time for step 5.253374814987183
Solve time for step 5.072500467300415
Solve time for step 4.744861841201782
Solve time for step 4.625821828842163
Solve time for step 4.455471515655518
Solve time for step 4.968526124954224
Solve time for step 4.59259819984436
csvgd, Average time per step: 0.0
{}
[ models/temporal ] Channel dimensions: [(36, 128), (128, 256), (256, 512)]
[ models/temporal ] Channel dimensions: [(36, 128), (128, 256), (256, 512)]
[ models/temporal ] Channel dimensions: [(36, 128), (128, 256), (256, 512)]
Loaded trajectory sampler
0 pregrasp
1 () -0.2767224609851837
2 () -0.2767224609851837
3 ((-1.0, 1.0, 1.0),) -0.4993159770965576
4 ((1.0, -1.0, -1.0),) -0.6776024699211121
5 ((1.0, 1.0, 1.0),) -1.0286904573440552
6 ((1.0, 1.0, 1.0), (1.0, -1.0, -1.0)) -1.1233478784561157
7 ((-1.0, 1.0, 1.0), (1.0, -1.0, -1.0)) -0.5411249995231628
8 ((1.0, -1.0, -1.0), (-1.0, 1.0, 1.0)) -0.4584401249885559
9 ((1.0, 1.0, 1.0), (-1.0, 1.0, 1.0)) -1.2643567323684692
10 ((1.0, 1.0, 1.0), (-1.0, 1.0, 1.0), (-1.0, 1.0, 1.0)) -1.5512192249298096
Contact sequence search time: 37.89105404703878
['turn', 'index', 'index']
1 turn
Sampling time 3.290216403955128
Solve time for step 28.728246212005615
Solve time for step 6.668365478515625
Solve time for step 6.60123610496521
Solve time for step 6.0705132484436035
Solve time for step 6.199560165405273
Solve time for step 5.622162818908691
Solve time for step 4.939763784408569
Solve time for step 4.733034610748291
Solve time for step 5.0026774406433105
Solve time for step 4.929995059967041
Solve time for step 4.443898677825928
Solve time for step 4.366959810256958
1 ((1.0, 1.0, 1.0),) -1.0999900102615356
2 ((1.0, 1.0, 1.0),) -1.0999900102615356
3 ((1.0, 1.0, 1.0), (-1.0, 1.0, 1.0)) -1.0854120254516602
4 ((1.0, 1.0, 1.0), (1.0, -1.0, -1.0)) -1.0952450037002563
5 ((1.0, 1.0, 1.0), (1.0, -1.0, -1.0), (1.0, 1.0, 1.0)) -1.3034601211547852
6 ((1.0, 1.0, 1.0), (1.0, -1.0, -1.0), (-1.0, 1.0, 1.0)) -1.238574504852295
7 ((1.0, 1.0, 1.0), (1.0, -1.0, -1.0), (-1.0, 1.0, 1.0), (1.0, -1.0, -1.0)) -1.5189944505691528
Contact sequence search time: 23.77977874397766
['thumb_middle', 'index', 'thumb_middle']
2 thumb_middle
Sampling time 3.3247041769791394
Solve time for step 19.10804271697998
Solve time for step 4.742871284484863
Solve time for step 4.588062763214111
Solve time for step 4.438635587692261
Solve time for step 4.287031888961792
Solve time for step 4.199527263641357
Solve time for step 4.0514140129089355
Solve time for step 3.950183391571045
Solve time for step 3.868879795074463
Solve time for step 3.9208428859710693
Solve time for step 4.053318738937378
Solve time for step 3.8397481441497803
1 ((1.0, -1.0, -1.0),) -0.8089693784713745
2 ((1.0, -1.0, -1.0),) -0.8089693784713745
3 ((1.0, -1.0, -1.0), (-1.0, 1.0, 1.0)) -0.8691597580909729
4 ((1.0, -1.0, -1.0), (1.0, 1.0, 1.0)) -1.403510570526123
5 ((1.0, -1.0, -1.0), (1.0, 1.0, 1.0), (1.0, -1.0, -1.0)) -1.4726847410202026
6 ((1.0, -1.0, -1.0), (1.0, 1.0, 1.0), (1.0, 1.0, 1.0)) -1.4765560626983643
7 ((1.0, -1.0, -1.0), (1.0, 1.0, 1.0), (1.0, 1.0, 1.0), (-1.0, 1.0, 1.0)) -1.585714340209961
Contact sequence search time: 24.489254368003458
['turn', 'turn', 'index']
3 turn
Sampling time 3.4270744870300405
Solve time for step 29.348814010620117
Solve time for step 7.2192089557647705
Solve time for step 6.229128837585449
Solve time for step 5.846262454986572
Solve time for step 5.475707769393921
Solve time for step 5.0859215259552
Solve time for step 4.834184885025024
Solve time for step 4.733457326889038
Solve time for step 4.416577577590942
Solve time for step 4.6578638553619385
Solve time for step 4.476678848266602
Solve time for step 4.4529359340667725
1 ((1.0, 1.0, 1.0),) -1.2741910219192505
2 ((1.0, 1.0, 1.0),) -1.2741910219192505
3 ((1.0, 1.0, 1.0), (1.0, -1.0, -1.0)) -1.4532228708267212
4 ((1.0, 1.0, 1.0), (-1.0, 1.0, 1.0)) -1.0415724515914917
5 ((1.0, 1.0, 1.0), (1.0, -1.0, -1.0), (-1.0, 1.0, 1.0)) -1.4695245027542114
6 ((1.0, 1.0, 1.0), (1.0, -1.0, -1.0), (-1.0, 1.0, 1.0), (1.0, -1.0, -1.0)) -1.4140807390213013
7 ((1.0, 1.0, 1.0), (1.0, -1.0, -1.0), (-1.0, 1.0, 1.0), (-1.0, 1.0, 1.0)) -1.4999700784683228
8 ((1.0, 1.0, 1.0), (1.0, -1.0, -1.0), (-1.0, 1.0, 1.0), (-1.0, 1.0, 1.0), (-1.0, 1.0, 1.0)) -1.5778144598007202
Contact sequence search time: 28.66536164697027
['thumb_middle', 'index', 'index', 'index']
4 thumb_middle
Sampling time 3.3304133029887453
Solve time for step 18.87742829322815
Solve time for step 4.880029201507568
Solve time for step 4.538307189941406
Solve time for step 4.300603628158569
Solve time for step 4.205126523971558
Solve time for step 4.0556960105896
Solve time for step 3.952810525894165
Solve time for step 3.8659465312957764
Solve time for step 3.875119209289551
Solve time for step 3.791332483291626
Solve time for step 3.811241388320923
Solve time for step 3.7660419940948486
1 ((1.0, -1.0, -1.0),) -1.0022521018981934
2 ((1.0, -1.0, -1.0),) -1.0022521018981934
3 ((1.0, -1.0, -1.0), (1.0, 1.0, 1.0)) -1.0484448671340942
4 ((1.0, -1.0, -1.0), (-1.0, 1.0, 1.0)) -0.9928574562072754
5 ((1.0, -1.0, -1.0), (-1.0, 1.0, 1.0), (1.0, -1.0, -1.0)) -1.2405580282211304
6 ((1.0, -1.0, -1.0), (1.0, 1.0, 1.0), (1.0, -1.0, -1.0)) -1.096524953842163
7 ((1.0, -1.0, -1.0), (1.0, 1.0, 1.0), (1.0, -1.0, -1.0), (1.0, 1.0, 1.0)) -1.433250069618225
8 ((1.0, -1.0, -1.0), (1.0, 1.0, 1.0), (1.0, -1.0, -1.0), (-1.0, 1.0, 1.0)) -1.2313039302825928
9 ((1.0, -1.0, -1.0), (1.0, 1.0, 1.0), (-1.0, 1.0, 1.0)) -0.8230308294296265
10 ((1.0, -1.0, -1.0), (-1.0, 1.0, 1.0), (1.0, 1.0, 1.0)) -0.8517240285873413
11 ((1.0, -1.0, -1.0), (1.0, -1.0, -1.0)) -0.9456920623779297
12 ((1.0, -1.0, -1.0), (-1.0, 1.0, 1.0), (1.0, 1.0, 1.0), (1.0, 1.0, 1.0)) -1.2900736331939697
13 ((1.0, -1.0, -1.0), (1.0, 1.0, 1.0), (-1.0, 1.0, 1.0), (1.0, -1.0, -1.0)) -0.9586923122406006
14 ((1.0, -1.0, -1.0), (-1.0, 1.0, 1.0), (1.0, -1.0, -1.0), (1.0, 1.0, 1.0)) -0.9061121344566345
15 ((1.0, -1.0, -1.0), (-1.0, 1.0, 1.0), (1.0, 1.0, 1.0), (1.0, -1.0, -1.0)) -0.8804306983947754
16 ((1.0, -1.0, -1.0), (1.0, -1.0, -1.0), (1.0, 1.0, 1.0)) -1.816147804260254
Contact sequence search time: 37.9208217060077
['thumb_middle', 'turn']
5 thumb_middle
Sampling time 3.3642726859543473
Solve time for step 18.90094017982483
Solve time for step 4.874941110610962
Solve time for step 4.67791485786438
Solve time for step 4.387033700942993
Solve time for step 4.452593088150024
Solve time for step 4.154963970184326
Solve time for step 4.35219407081604
Solve time for step 4.1131556034088135
Solve time for step 3.948277235031128
Solve time for step 3.832188367843628
Solve time for step 3.7565767765045166
Solve time for step 3.7174365520477295
1 ((1.0, -1.0, -1.0),) -0.9691378474235535
2 ((1.0, -1.0, -1.0),) -0.9691378474235535
3 ((1.0, -1.0, -1.0), (-1.0, 1.0, 1.0)) -1.0039211511611938
4 ((1.0, -1.0, -1.0), (1.0, 1.0, 1.0)) -1.4310895204544067
5 ((1.0, -1.0, -1.0), (1.0, 1.0, 1.0), (1.0, -1.0, -1.0)) -1.2821323871612549
6 ((1.0, -1.0, -1.0), (1.0, 1.0, 1.0), (-1.0, 1.0, 1.0)) -1.5849889516830444
Contact sequence search time: 14.678314687043894
['turn', 'index']
6 turn
Sampling time 3.4206473819795065
Solve time for step 28.757710695266724
Solve time for step 6.896976709365845
Solve time for step 6.190161228179932
Solve time for step 6.238085031509399
Solve time for step 5.519612073898315
Solve time for step 5.181872367858887
Solve time for step 5.338353157043457
Solve time for step 4.963362693786621
Solve time for step 4.9567344188690186
Solve time for step 4.838955402374268
Solve time for step 4.713915586471558
Solve time for step 4.3615148067474365
1 ((1.0, 1.0, 1.0),) -1.5459396839141846
Contact sequence search time: 6.666796980425715e-05
Planner thinks task is complete
['pregrasp', 'turn', 'thumb_middle', 'turn', 'thumb_middle', 'thumb_middle', 'turn']
csvgd, Average time per step: 0.0
{}
[ models/temporal ] Channel dimensions: [(36, 128), (128, 256), (256, 512)]
[ models/temporal ] Channel dimensions: [(36, 128), (128, 256), (256, 512)]
[ models/temporal ] Channel dimensions: [(36, 128), (128, 256), (256, 512)]
Loaded trajectory sampler
0 pregrasp
1 () -0.20291538536548615
2 () -0.20291538536548615
3 ((-1.0, 1.0, 1.0),) -0.052916646003723145
4 ((1.0, -1.0, -1.0),) -0.38938409090042114
5 ((1.0, 1.0, 1.0),) -1.0153330564498901
6 ((1.0, 1.0, 1.0), (1.0, -1.0, -1.0)) -0.8952013254165649
7 ((1.0, -1.0, -1.0), (-1.0, 1.0, 1.0)) -0.4344637989997864
8 ((1.0, 1.0, 1.0), (1.0, -1.0, -1.0), (1.0, -1.0, -1.0)) -1.6426502466201782
Contact sequence search time: 28.02124971401645
['turn', 'thumb_middle', 'thumb_middle']
1 turn
Sampling time 3.355045060045086
Solve time for step 28.997668743133545
Solve time for step 6.883617639541626
Solve time for step 6.209013938903809
Solve time for step 6.072842121124268
Solve time for step 5.575973272323608
Solve time for step 5.731798887252808
Solve time for step 4.950961351394653
Solve time for step 5.075675010681152
Solve time for step 5.237076044082642
Solve time for step 4.622103691101074
Solve time for step 4.751538515090942
Solve time for step 4.881991863250732
1 ((1.0, 1.0, 1.0),) -1.1838154792785645
2 ((1.0, 1.0, 1.0),) -1.1838154792785645
3 ((1.0, 1.0, 1.0), (-1.0, 1.0, 1.0)) -0.9109278917312622
4 ((1.0, 1.0, 1.0), (1.0, -1.0, -1.0)) -1.152528166770935
5 ((1.0, 1.0, 1.0), (1.0, -1.0, -1.0), (-1.0, 1.0, 1.0)) -1.381597638130188
6 ((1.0, 1.0, 1.0), (-1.0, 1.0, 1.0), (1.0, 1.0, 1.0)) -0.9760183691978455
7 ((1.0, 1.0, 1.0), (-1.0, 1.0, 1.0), (1.0, 1.0, 1.0), (-1.0, 1.0, 1.0)) -1.36261785030365
8 ((1.0, 1.0, 1.0), (1.0, 1.0, 1.0)) -1.203773021697998
9 ((1.0, 1.0, 1.0), (-1.0, 1.0, 1.0), (1.0, -1.0, -1.0)) -0.9247199296951294
10 ((1.0, 1.0, 1.0), (-1.0, 1.0, 1.0), (1.0, -1.0, -1.0), (1.0, 1.0, 1.0)) -1.1829450130462646
11 ((1.0, 1.0, 1.0), (-1.0, 1.0, 1.0), (1.0, -1.0, -1.0), (1.0, 1.0, 1.0), (-1.0, 1.0, 1.0)) -1.3477460145950317
12 ((1.0, 1.0, 1.0), (-1.0, 1.0, 1.0), (1.0, -1.0, -1.0), (1.0, 1.0, 1.0), (-1.0, 1.0, 1.0), (1.0, -1.0, -1.0)) -1.5364272594451904
Contact sequence search time: 48.74953335901955
['index', 'thumb_middle', 'turn', 'index', 'thumb_middle']
2 index
Sampling time 3.4804433310055174
Solve time for step 25.047218322753906
Solve time for step 5.968121290206909
Solve time for step 5.774757146835327
Solve time for step 5.456897735595703
Solve time for step 5.273474931716919
Solve time for step 5.186138868331909
Solve time for step 4.934514999389648
Solve time for step 4.849220514297485
Solve time for step 4.9236321449279785
Solve time for step 4.647747039794922
Solve time for step 4.615002870559692
Solve time for step 4.581908702850342
1 ((-1.0, 1.0, 1.0),) -1.202288031578064
2 ((-1.0, 1.0, 1.0),) -1.202288031578064
3 ((-1.0, 1.0, 1.0), (1.0, -1.0, -1.0)) -1.1445637941360474
4 ((-1.0, 1.0, 1.0), (1.0, 1.0, 1.0)) -1.1953598260879517
5 ((-1.0, 1.0, 1.0), (1.0, 1.0, 1.0), (1.0, -1.0, -1.0)) -1.4428014755249023
6 ((-1.0, 1.0, 1.0), (1.0, -1.0, -1.0), (1.0, -1.0, -1.0)) -1.2927186489105225
7 ((-1.0, 1.0, 1.0), (1.0, -1.0, -1.0), (1.0, 1.0, 1.0)) -1.0286345481872559
8 ((-1.0, 1.0, 1.0), (-1.0, 1.0, 1.0)) -1.2942142486572266
9 ((-1.0, 1.0, 1.0), (-1.0, 1.0, 1.0), (1.0, -1.0, -1.0)) -1.7254350185394287
Contact sequence search time: 33.35119053901872
['index', 'thumb_middle']
3 index
Sampling time 3.439397049951367
Solve time for step 25.085561275482178
Solve time for step 5.945754051208496
Solve time for step 5.729068994522095
Solve time for step 5.366960287094116
Solve time for step 5.3581719398498535
Solve time for step 5.16303825378418
Solve time for step 4.978952407836914
Solve time for step 5.027478218078613
Solve time for step 4.777281999588013
Solve time for step 4.973514795303345
Solve time for step 4.810734272003174
Solve time for step 4.540429592132568
1 ((-1.0, 1.0, 1.0),) -1.2002696990966797
2 ((-1.0, 1.0, 1.0),) -1.2002696990966797
3 ((-1.0, 1.0, 1.0), (1.0, 1.0, 1.0)) -1.1605764627456665
4 ((-1.0, 1.0, 1.0), (1.0, -1.0, -1.0)) -1.2128138542175293
5 ((-1.0, 1.0, 1.0), (1.0, -1.0, -1.0), (1.0, 1.0, 1.0)) -1.3340110778808594
6 ((-1.0, 1.0, 1.0), (1.0, 1.0, 1.0), (1.0, -1.0, -1.0)) -1.102486491203308
7 ((-1.0, 1.0, 1.0), (1.0, -1.0, -1.0), (-1.0, 1.0, 1.0)) -1.1508803367614746
8 ((-1.0, 1.0, 1.0), (1.0, 1.0, 1.0), (1.0, 1.0, 1.0)) -1.6629419326782227
Contact sequence search time: 28.190676529018674
['turn', 'turn']
4 turn
Sampling time 3.347290270961821
Solve time for step 28.297439336776733
Solve time for step 6.875666856765747
Solve time for step 6.1744465827941895
Solve time for step 5.843809366226196
Solve time for step 5.498210430145264
Solve time for step 5.071696758270264
Solve time for step 4.87221097946167
Solve time for step 4.767031669616699
Solve time for step 4.596701145172119
Solve time for step 4.501090049743652
Solve time for step 4.603433609008789
Solve time for step 4.467372417449951
1 ((1.0, 1.0, 1.0),) -1.5577120780944824
Contact sequence search time: 6.393197691068053e-05
Planner thinks task is complete
['pregrasp', 'turn', 'index', 'index', 'turn']
csvgd, Average time per step: 0.0
{}
[ models/temporal ] Channel dimensions: [(36, 128), (128, 256), (256, 512)]
[ models/temporal ] Channel dimensions: [(36, 128), (128, 256), (256, 512)]
[ models/temporal ] Channel dimensions: [(36, 128), (128, 256), (256, 512)]
Loaded trajectory sampler
0 pregrasp
1 () -0.22450916469097137
2 () -0.22450916469097137
3 ((-1.0, 1.0, 1.0),) 0.06734156608581543
4 ((1.0, -1.0, -1.0),) -0.4873364567756653
5 ((1.0, 1.0, 1.0),) -0.9203150868415833
6 ((1.0, 1.0, 1.0), (1.0, -1.0, -1.0)) -0.729226291179657
7 ((1.0, 1.0, 1.0), (-1.0, 1.0, 1.0)) -0.8660348057746887
8 ((1.0, -1.0, -1.0), (-1.0, 1.0, 1.0)) -0.5906988382339478
9 ((1.0, -1.0, -1.0), (1.0, 1.0, 1.0)) -1.3386547565460205
10 ((1.0, -1.0, -1.0), (1.0, 1.0, 1.0), (1.0, 1.0, 1.0)) -1.432450294494629
11 ((1.0, -1.0, -1.0), (1.0, 1.0, 1.0), (-1.0, 1.0, 1.0)) -1.398282766342163
12 ((1.0, -1.0, -1.0), (1.0, 1.0, 1.0), (1.0, -1.0, -1.0)) -1.322744607925415
13 ((1.0, 1.0, 1.0), (1.0, -1.0, -1.0), (1.0, 1.0, 1.0)) -1.5019030570983887
Contact sequence search time: 51.93829068902414
['turn', 'thumb_middle', 'turn']
1 turn
Sampling time 3.4034820760134608
Solve time for step 28.63467502593994
Solve time for step 6.906660079956055
Solve time for step 6.246070623397827
Solve time for step 6.0511980056762695
Solve time for step 5.637318134307861
Solve time for step 5.128236532211304
Solve time for step 5.303256988525391
Solve time for step 4.565305948257446
Solve time for step 4.576781988143921
Solve time for step 4.51128625869751
Solve time for step 4.768828392028809
Solve time for step 4.3825843334198
1 ((1.0, 1.0, 1.0),) -1.2845669984817505
2 ((1.0, 1.0, 1.0),) -1.2845669984817505
3 ((1.0, 1.0, 1.0), (-1.0, 1.0, 1.0)) -1.1405980587005615
4 ((1.0, 1.0, 1.0), (1.0, -1.0, -1.0)) -1.1767854690551758
5 ((1.0, 1.0, 1.0), (-1.0, 1.0, 1.0), (1.0, -1.0, -1.0)) -1.2956613302230835
6 ((1.0, 1.0, 1.0), (1.0, -1.0, -1.0), (-1.0, 1.0, 1.0)) -1.2946871519088745
7 ((1.0, 1.0, 1.0), (-1.0, 1.0, 1.0), (1.0, 1.0, 1.0)) -1.2279353141784668
8 ((1.0, 1.0, 1.0), (-1.0, 1.0, 1.0), (1.0, 1.0, 1.0), (1.0, -1.0, -1.0)) -1.3809547424316406
9 ((1.0, 1.0, 1.0), (1.0, 1.0, 1.0)) -1.3055949211120605
10 ((1.0, 1.0, 1.0), (1.0, 1.0, 1.0), (1.0, -1.0, -1.0)) -1.5181159973144531
Contact sequence search time: 37.495206682011485
['turn', 'thumb_middle']
2 turn
Sampling time 3.4395333509892225
Solve time for step 28.17193055152893
Solve time for step 6.759125709533691
Solve time for step 6.3643481731414795
Solve time for step 5.85653281211853
Solve time for step 5.530619144439697
Solve time for step 5.036402225494385
Solve time for step 4.868927478790283
Solve time for step 4.658655643463135
Solve time for step 4.726733207702637
Solve time for step 4.655088424682617
Solve time for step 4.535856008529663
Solve time for step 4.301830291748047
1 ((1.0, 1.0, 1.0),) -1.6974855661392212
Contact sequence search time: 6.609701085835695e-05
Planner thinks task is complete
['pregrasp', 'turn', 'turn']
csvgd, Average time per step: 0.0
{}
[ models/temporal ] Channel dimensions: [(36, 128), (128, 256), (256, 512)]
[ models/temporal ] Channel dimensions: [(36, 128), (128, 256), (256, 512)]
[ models/temporal ] Channel dimensions: [(36, 128), (128, 256), (256, 512)]
Loaded trajectory sampler
0 pregrasp
1 () -0.3141186237335205
2 () -0.3141186237335205
3 ((1.0, -1.0, -1.0),) -0.13029080629348755
4 ((-1.0, 1.0, 1.0),) -0.4631615877151489
5 ((1.0, 1.0, 1.0),) -1.1940629482269287
6 ((1.0, 1.0, 1.0), (1.0, -1.0, -1.0)) -1.3310718536376953
7 ((-1.0, 1.0, 1.0), (1.0, -1.0, -1.0)) -0.525223433971405
8 ((1.0, 1.0, 1.0), (-1.0, 1.0, 1.0)) -1.191636562347412
9 ((1.0, 1.0, 1.0), (-1.0, 1.0, 1.0), (1.0, 1.0, 1.0)) -1.3691716194152832
10 ((1.0, 1.0, 1.0), (1.0, 1.0, 1.0)) -1.5175378322601318
Contact sequence search time: 37.615222033986356
['turn', 'turn']
1 turn
Sampling time 3.4258275349857286
Solve time for step 28.458592653274536
Solve time for step 7.009364128112793
Solve time for step 6.394816160202026
Solve time for step 6.002824783325195
Solve time for step 5.389549016952515
Solve time for step 5.074573040008545
Solve time for step 4.897894620895386
Solve time for step 4.855264186859131
Solve time for step 4.3666863441467285
Solve time for step 4.5001060962677
Solve time for step 4.360720634460449
Solve time for step 4.380953788757324
1 ((1.0, 1.0, 1.0),) -1.223506212234497
2 ((1.0, 1.0, 1.0),) -1.223506212234497
3 ((1.0, 1.0, 1.0), (1.0, -1.0, -1.0)) -1.1945651769638062
4 ((1.0, 1.0, 1.0), (-1.0, 1.0, 1.0)) -1.0837504863739014
5 ((1.0, 1.0, 1.0), (-1.0, 1.0, 1.0), (1.0, -1.0, -1.0)) -1.2430894374847412
6 ((1.0, 1.0, 1.0), (-1.0, 1.0, 1.0), (1.0, -1.0, -1.0), (1.0, 1.0, 1.0)) -1.5161141157150269
Contact sequence search time: 19.281560648989398
['index', 'thumb_middle', 'turn']
2 index
Sampling time 3.281619998975657
Solve time for step 25.508628368377686
Solve time for step 6.133097410202026
Solve time for step 5.904804706573486
Solve time for step 5.563165903091431
Solve time for step 5.271756410598755
Solve time for step 5.2721028327941895
Solve time for step 4.981076240539551
Solve time for step 4.893506288528442
Solve time for step 4.964188814163208
Solve time for step 4.721010446548462
Solve time for step 4.619054555892944
Solve time for step 4.544013977050781
1 ((-1.0, 1.0, 1.0),) -1.2757129669189453
2 ((-1.0, 1.0, 1.0),) -1.2757129669189453
3 ((-1.0, 1.0, 1.0), (1.0, -1.0, -1.0)) -1.2527213096618652
4 ((-1.0, 1.0, 1.0), (1.0, 1.0, 1.0)) -1.2033616304397583
5 ((-1.0, 1.0, 1.0), (1.0, -1.0, -1.0), (1.0, -1.0, -1.0)) -1.4760702848434448
6 ((-1.0, 1.0, 1.0), (1.0, -1.0, -1.0), (1.0, -1.0, -1.0), (-1.0, 1.0, 1.0)) -1.4983885288238525
7 ((-1.0, 1.0, 1.0), (1.0, -1.0, -1.0), (1.0, -1.0, -1.0), (-1.0, 1.0, 1.0), (1.0, -1.0, -1.0)) -1.6588406562805176
Contact sequence search time: 23.740961886942387
['thumb_middle', 'thumb_middle', 'index', 'thumb_middle']
3 thumb_middle
Sampling time 3.294996444019489
Solve time for step 19.432647705078125
Solve time for step 4.905300617218018
Solve time for step 4.686575412750244
Solve time for step 4.485097885131836
Solve time for step 4.324502944946289
Solve time for step 4.321207046508789
Solve time for step 4.097964763641357
Solve time for step 3.977860450744629
Solve time for step 3.9314334392547607
Solve time for step 4.591423511505127
Solve time for step 5.519349575042725
Solve time for step 4.068681716918945
1 ((1.0, -1.0, -1.0),) -0.5742656588554382
2 ((1.0, -1.0, -1.0),) -0.5742656588554382
3 ((1.0, -1.0, -1.0), (1.0, 1.0, 1.0)) -0.5951716899871826
4 ((1.0, -1.0, -1.0), (-1.0, 1.0, 1.0)) -0.5208814740180969
5 ((1.0, -1.0, -1.0), (1.0, 1.0, 1.0), (1.0, -1.0, -1.0)) -0.9611718058586121
6 ((1.0, -1.0, -1.0), (1.0, 1.0, 1.0), (1.0, -1.0, -1.0), (1.0, -1.0, -1.0)) -1.8130500316619873
Contact sequence search time: 19.36611461598659
['turn', 'thumb_middle', 'thumb_middle']
4 turn
Sampling time 3.310572261980269
Solve time for step 28.621743202209473
Solve time for step 6.967474699020386
Solve time for step 6.674899339675903
Solve time for step 6.1131181716918945
Solve time for step 6.20462441444397
Solve time for step 5.435891151428223
Solve time for step 5.2115771770477295
Solve time for step 4.821727275848389
Solve time for step 4.783446788787842
Solve time for step 4.5453009605407715
Solve time for step 4.587485313415527
Solve time for step 4.342230558395386
1 ((1.0, 1.0, 1.0),) -0.9335154294967651
2 ((1.0, 1.0, 1.0),) -0.9335154294967651
3 ((1.0, 1.0, 1.0), (1.0, -1.0, -1.0)) -0.9784426093101501
4 ((1.0, 1.0, 1.0), (-1.0, 1.0, 1.0)) -0.7804737687110901
5 ((1.0, 1.0, 1.0), (1.0, -1.0, -1.0), (-1.0, 1.0, 1.0)) -0.7662539482116699
6 ((1.0, 1.0, 1.0), (-1.0, 1.0, 1.0), (1.0, -1.0, -1.0)) -0.6818884611129761
7 ((1.0, 1.0, 1.0), (1.0, -1.0, -1.0), (1.0, 1.0, 1.0)) -0.5920358300209045
8 ((1.0, 1.0, 1.0), (1.0, -1.0, -1.0), (-1.0, 1.0, 1.0), (1.0, 1.0, 1.0)) -0.969723105430603
9 ((1.0, 1.0, 1.0), (-1.0, 1.0, 1.0), (1.0, 1.0, 1.0)) -0.4274566173553467
10 ((1.0, 1.0, 1.0), (-1.0, 1.0, 1.0), (1.0, 1.0, 1.0), (-1.0, 1.0, 1.0)) -0.8785754442214966
11 ((1.0, 1.0, 1.0), (1.0, 1.0, 1.0)) -0.814136266708374
12 ((1.0, 1.0, 1.0), (-1.0, 1.0, 1.0), (1.0, -1.0, -1.0), (1.0, 1.0, 1.0)) -0.8438702821731567
13 ((1.0, 1.0, 1.0), (1.0, 1.0, 1.0), (-1.0, 1.0, 1.0)) -1.0077946186065674
14 ((1.0, 1.0, 1.0), (1.0, 1.0, 1.0), (-1.0, 1.0, 1.0), (1.0, -1.0, -1.0)) -1.227205753326416
15 ((1.0, 1.0, 1.0), (1.0, -1.0, -1.0), (1.0, 1.0, 1.0), (1.0, -1.0, -1.0)) -0.6330001354217529
16 ((1.0, 1.0, 1.0), (-1.0, 1.0, 1.0), (1.0, -1.0, -1.0), (-1.0, 1.0, 1.0)) -0.5673221349716187
17 ((1.0, 1.0, 1.0), (1.0, 1.0, 1.0), (-1.0, 1.0, 1.0), (-1.0, 1.0, 1.0)) -1.1714845895767212
18 ((1.0, 1.0, 1.0), (-1.0, 1.0, 1.0), (-1.0, 1.0, 1.0)) -0.7773865461349487
19 ((1.0, 1.0, 1.0), (1.0, -1.0, -1.0), (1.0, 1.0, 1.0), (-1.0, 1.0, 1.0)) -0.501635730266571
20 ((1.0, 1.0, 1.0), (-1.0, 1.0, 1.0), (1.0, 1.0, 1.0), (1.0, -1.0, -1.0)) -0.48560625314712524
21 ((1.0, 1.0, 1.0), (1.0, 1.0, 1.0), (-1.0, 1.0, 1.0), (1.0, 1.0, 1.0)) -1.0628999471664429
22 ((1.0, 1.0, 1.0), (1.0, -1.0, -1.0), (-1.0, 1.0, 1.0), (1.0, -1.0, -1.0)) -0.414964497089386
23 ((1.0, 1.0, 1.0), (1.0, -1.0, -1.0), (-1.0, 1.0, 1.0), (-1.0, 1.0, 1.0)) -0.8178824186325073
24 ((1.0, 1.0, 1.0), (-1.0, 1.0, 1.0), (-1.0, 1.0, 1.0), (1.0, 1.0, 1.0)) -0.8121175765991211
25 ((1.0, 1.0, 1.0), (1.0, 1.0, 1.0), (1.0, -1.0, -1.0)) -0.6074265837669373
26 ((1.0, 1.0, 1.0), (1.0, -1.0, -1.0), (1.0, -1.0, -1.0)) -0.4958786368370056
27 ((1.0, 1.0, 1.0), (-1.0, 1.0, 1.0), (-1.0, 1.0, 1.0), (1.0, -1.0, -1.0)) -0.6930960416793823
28 ((1.0, 1.0, 1.0), (1.0, 1.0, 1.0), (1.0, 1.0, 1.0)) -0.7952332496643066
29 ((1.0, 1.0, 1.0), (1.0, 1.0, 1.0), (1.0, 1.0, 1.0), (1.0, -1.0, -1.0)) -0.9983172416687012
30 ((1.0, 1.0, 1.0), (1.0, 1.0, 1.0), (1.0, -1.0, -1.0), (1.0, 1.0, 1.0)) -0.6347578763961792
31 ((1.0, 1.0, 1.0), (1.0, -1.0, -1.0), (1.0, -1.0, -1.0), (-1.0, 1.0, 1.0)) -0.621665358543396
32 ((1.0, 1.0, 1.0), (1.0, -1.0, -1.0), (1.0, -1.0, -1.0), (1.0, 1.0, 1.0)) -0.575692892074585
33 ((1.0, 1.0, 1.0), (1.0, 1.0, 1.0), (1.0, -1.0, -1.0), (-1.0, 1.0, 1.0)) -0.5060506463050842
34 ((1.0, 1.0, 1.0), (1.0, 1.0, 1.0), (1.0, 1.0, 1.0), (-1.0, 1.0, 1.0)) -0.8041578531265259
35 ((1.0, 1.0, 1.0), (1.0, -1.0, -1.0), (1.0, 1.0, 1.0), (1.0, 1.0, 1.0)) -0.4371974468231201
36 ((1.0, 1.0, 1.0), (-1.0, 1.0, 1.0), (1.0, 1.0, 1.0), (1.0, 1.0, 1.0)) -0.4377552270889282
37 ((1.0, 1.0, 1.0), (-1.0, 1.0, 1.0), (-1.0, 1.0, 1.0), (-1.0, 1.0, 1.0)) -0.6827667951583862
38 ((1.0, 1.0, 1.0), (1.0, 1.0, 1.0), (1.0, -1.0, -1.0), (1.0, -1.0, -1.0)) -0.6708338260650635
39 ((1.0, 1.0, 1.0), (1.0, -1.0, -1.0), (1.0, -1.0, -1.0), (1.0, -1.0, -1.0)) -0.6309239864349365
40 ((1.0, 1.0, 1.0), (-1.0, 1.0, 1.0), (1.0, -1.0, -1.0), (1.0, -1.0, -1.0)) 0.2252039909362793
41 ((1.0, 1.0, 1.0), (1.0, 1.0, 1.0), (1.0, 1.0, 1.0), (1.0, 1.0, 1.0)) -0.34604597091674805
Contact sequence search time: 61.15101248503197
No contact sequence found
['thumb_middle', 'thumb_middle']
5 thumb_middle
Sampling time 3.4299436529981904
Solve time for step 18.804408073425293
Solve time for step 5.090635299682617
Solve time for step 4.548932790756226
Solve time for step 4.627888202667236
Solve time for step 4.341660022735596
Solve time for step 4.52891993522644
Solve time for step 4.490138292312622
Solve time for step 4.215914964675903
Solve time for step 3.9781627655029297
Solve time for step 4.020850896835327
Solve time for step 3.842101573944092
Solve time for step 3.792178153991699
1 ((1, -1, -1),) -0.8802264928817749
2 ((1, -1, -1),) -0.8802264928817749
3 ((1, -1, -1), (1.0, 1.0, 1.0)) -0.8065581917762756
4 ((1, -1, -1), (-1.0, 1.0, 1.0)) -0.6996440887451172
5 ((1, -1, -1), (1.0, 1.0, 1.0), (-1.0, 1.0, 1.0)) -0.9346623420715332
6 ((1, -1, -1), (-1.0, 1.0, 1.0), (1.0, 1.0, 1.0)) -0.7686413526535034
7 ((1, -1, -1), (-1.0, 1.0, 1.0), (1.0, -1.0, -1.0)) -0.784947395324707
8 ((1, -1, -1), (1.0, -1.0, -1.0)) -0.8577479124069214
9 ((1, -1, -1), (1.0, 1.0, 1.0), (1.0, -1.0, -1.0)) -0.44175100326538086
10 ((1, -1, -1), (-1.0, 1.0, 1.0), (-1.0, 1.0, 1.0)) -1.0136232376098633
11 ((1, -1, -1), (1.0, -1.0, -1.0), (-1.0, 1.0, 1.0)) -0.9415459632873535
12 ((1, -1, -1), (1.0, 1.0, 1.0), (1.0, 1.0, 1.0)) -0.6081404685974121
13 ((1, -1, -1), (1.0, -1.0, -1.0), (1.0, 1.0, 1.0)) -0.5761387348175049
14 ((1, -1, -1), (1.0, -1.0, -1.0), (1.0, -1.0, -1.0)) 0.009534239768981934
Contact sequence search time: 20.385598195018247
No contact sequence found
['thumb_middle']
6 thumb_middle
Sampling time 3.5279398660059087
Solve time for step 19.3209011554718
Solve time for step 4.919485569000244
Solve time for step 4.518494606018066
Solve time for step 4.402955532073975
Solve time for step 4.198389053344727
Solve time for step 4.222582101821899
Solve time for step 4.039456129074097
Solve time for step 3.9492931365966797
Solve time for step 3.920438528060913
Solve time for step 3.8609800338745117
Solve time for step 3.8060290813446045
Solve time for step 3.9482665061950684
1 ((1, -1, -1),) -0.85442054271698
2 ((1, -1, -1),) -0.85442054271698
3 ((1, -1, -1), (1.0, 1.0, 1.0)) -0.9010887145996094
4 ((1, -1, -1), (-1.0, 1.0, 1.0)) -0.8699135184288025
5 ((1, -1, -1), (1.0, -1.0, -1.0)) -1.0088069438934326
Contact sequence search time: 5.149473330006003
No contact sequence found
Planner thinks task is complete
['pregrasp', 'turn', 'index', 'thumb_middle', 'turn', 'thumb_middle', 'thumb_middle']
csvgd, Average time per step: 0.0
{}
