Importing module 'gym_38' (/home/abhinav/Documents/isaacgym/python/isaacgym/_bindings/linux-x86_64/gym_38.so)
Setting GYM_USD_PLUG_INFO_PATH to /home/abhinav/Documents/isaacgym/python/isaacgym/_bindings/linux-x86_64/usd/plugInfo.json
PyTorch version 2.4.1+cu121
Device count 2
/home/abhinav/Documents/isaacgym/python/isaacgym/_bindings/src/gymtorch
ninja: no work to do.
No ROS install found, continuing
CCAI_PATH /home/abhinav/Documents/ccai
Not connected to PVD
Physics Engine: PhysX
Physics Device: cpu
GPU Pipeline: disabled
Using VHACD cache directory '/home/abhinav/.isaacgym/vhacd'
Found existing convex decomposition for mesh '/home/abhinav/Documents/github/isaacgym-arm-envs/isaac_victor_envs/assets/xela_models/mesh/allegro/base_ns.stl'
Found existing convex decomposition for mesh '/home/abhinav/Documents/github/isaacgym-arm-envs/isaac_victor_envs/assets/xela_models/mesh/allegro/link_1.0.stl'
Found existing convex decomposition for mesh '/home/abhinav/Documents/github/isaacgym-arm-envs/isaac_victor_envs/assets/xela_models/mesh/ft_c.stl'
[ models/temporal ] Channel dimensions: [(37, 128), (128, 256), (256, 512)]
[ models/temporal ] Channel dimensions: [(37, 128), (128, 256), (256, 512)]

Trial 1
No action perturbation this trial
Random perturbation %: 0.25
Loaded trajectory sampler
Current yaw: tensor([ 0.0176,  0.0210, -1.2069], device='cuda:1')
Current yaw: tensor([ 0.0176,  0.0210, -1.2069], device='cuda:1')
1 turn
Likelihood: -65.08808135986328
Sampling time 3.927313388994662
tensor([ 0.1180,  0.6152,  0.5623,  0.6061, -0.1157,  0.5658,  0.9149,  0.8826,
         1.2362,  0.3273,  0.2745,  1.1486,  0.0176,  0.0210, -1.2069],
       device='cuda:1')
Solve time for step 1 (global step 0) 37.09887685699505
Current ori: tensor([ 0.0176,  0.0210, -1.2069], device='cuda:1')
Middle force: tensor([0.5090, 3.1863, 0.7509, 1.8314, 1.9421, 2.4866, 0.8398, 0.9611, 1.1395,
        0.5809, 0.6376, 0.6706], device='cuda:1')
Thumb force: tensor([2.2475, 3.3938, 1.0081, 1.5087, 1.8983, 2.3021, 1.2055, 1.2112, 1.6033,
        0.5747, 0.5215, 0.7278], device='cuda:1')
Index force: tensor([1.0819, 0.6096, 1.2347, 0.7158, 0.7252, 0.6665, 0.5510, 0.6578, 0.7242,
        0.5091, 0.5069, 0.7553], device='cuda:1')
tensor([ 0.1284,  0.6325,  0.5580,  0.5873, -0.1314,  0.5735,  0.9085,  0.8888,
         1.2260,  0.4044,  0.2736,  1.1342,  0.0126,  0.0120, -1.2541],
       device='cuda:1')
Likelihood: -62.34532928466797
Solve time for step 2 (global step 1) 11.045286962995306
Current ori: tensor([ 0.0126,  0.0120, -1.2541], device='cuda:1')
Middle force: tensor([3.0874, 0.7504, 1.7808, 1.9018, 2.4179, 0.8251, 0.9335, 1.1214, 0.5752,
        0.6291, 0.6595], device='cuda:1')
Thumb force: tensor([3.3121, 0.9879, 1.4883, 1.8449, 2.2504, 1.1799, 1.1995, 1.5609, 0.5702,
        0.5192, 0.7229], device='cuda:1')
Index force: tensor([0.5989, 1.1998, 0.7008, 0.7147, 0.6563, 0.5479, 0.6468, 0.7124, 0.5084,
        0.5059, 0.7408], device='cuda:1')
tensor([ 0.1041,  0.6433,  0.5347,  0.5530, -0.1500,  0.5388,  0.9270,  0.9482,
         1.2806,  0.3683,  0.2730,  1.0598,  0.0094,  0.0232, -1.3964],
       device='cuda:1')
Likelihood: -82.2698745727539
Solve time for step 3 (global step 2) 10.626890226994874
Current ori: tensor([ 0.0094,  0.0232, -1.3964], device='cuda:1')
Middle force: tensor([0.7518, 1.7387, 1.8573, 2.3522, 0.8087, 0.9066, 1.0982, 0.5690, 0.6196,
        0.6450], device='cuda:1')
Thumb force: tensor([0.9576, 1.4562, 1.7932, 2.1949, 1.1517, 1.1810, 1.5182, 0.5639, 0.5162,
        0.7146], device='cuda:1')
Index force: tensor([1.1725, 0.6918, 0.7057, 0.6519, 0.5444, 0.6375, 0.7017, 0.5075, 0.5047,
        0.7280], device='cuda:1')
tensor([ 0.0861,  0.6522,  0.5152,  0.5314, -0.1611,  0.5290,  0.9279,  0.9638,
         1.3069,  0.3655,  0.2612,  1.0349,  0.0058,  0.0302, -1.4431],
       device='cuda:1')
Likelihood: -108.98023223876953
Solve time for step 4 (global step 3) 10.023466285987524
Current ori: tensor([ 0.0058,  0.0302, -1.4431], device='cuda:1')
Middle force: tensor([1.6985, 1.8186, 2.2877, 0.7950, 0.8833, 1.0757, 0.5635, 0.6103, 0.6322],
       device='cuda:1')
Thumb force: tensor([1.4333, 1.7441, 2.1432, 1.1242, 1.1623, 1.4778, 0.5581, 0.5137, 0.7063],
       device='cuda:1')
Index force: tensor([0.6814, 0.6972, 0.6519, 0.5412, 0.6295, 0.6918, 0.5066, 0.5037, 0.7160],
       device='cuda:1')
tensor([ 8.7327e-02,  6.7528e-01,  5.0184e-01,  4.9612e-01, -1.6029e-01,
         4.9138e-01,  9.6899e-01,  1.0114e+00,  1.3321e+00,  3.4823e-01,
         2.7575e-01,  9.4208e-01,  2.6733e-04,  2.7778e-02, -1.5985e+00],
       device='cuda:1')
Likelihood: -133.4879150390625
Solve time for step 5 (global step 4) 9.326982324011624
Current ori: tensor([ 2.6733e-04,  2.7778e-02, -1.5985e+00], device='cuda:1')
Middle force: tensor([1.7826, 2.2291, 0.7841, 0.8655, 1.0554, 0.5590, 0.6030, 0.6201],
       device='cuda:1')
Thumb force: tensor([1.6969, 2.0890, 1.0971, 1.1395, 1.4390, 0.5528, 0.5115, 0.6983],
       device='cuda:1')
Index force: tensor([0.6887, 0.6549, 0.5381, 0.6251, 0.6831, 0.5059, 0.5029, 0.7058],
       device='cuda:1')
tensor([ 0.0946,  0.6916,  0.4962,  0.4769, -0.1493,  0.4726,  0.9997,  1.0378,
         1.3564,  0.3279,  0.2949,  0.8506, -0.0051,  0.0224, -1.7262],
       device='cuda:1')
Likelihood: -156.81887817382812
Solve time for step 6 (global step 5) 8.908499577984912
Current ori: tensor([-0.0051,  0.0224, -1.7262], device='cuda:1')
Middle force: tensor([2.1747, 0.7731, 0.8483, 1.0338, 0.5538, 0.5944, 0.6074],
       device='cuda:1')
Thumb force: tensor([2.0287, 1.0669, 1.1110, 1.3951, 0.5458, 0.5088, 0.6867],
       device='cuda:1')
Index force: tensor([0.6589, 0.5348, 0.6211, 0.6739, 0.5050, 0.5019, 0.6948],
       device='cuda:1')
tensor([ 0.1114,  0.7016,  0.5008,  0.4747, -0.1214,  0.4474,  1.0352,  1.0855,
         1.3906,  0.3013,  0.2918,  0.7724, -0.0064,  0.0109, -1.8728],
       device='cuda:1')
Likelihood: -212.40719604492188
State is out of distribution
Final likelihood: tensor([ -2.7941,  -3.0062,  -3.3658,  -4.3301,  -4.4440,  -4.4603,  -5.5464,
         -5.7959,  -5.9530,  -6.2690,  -6.6743,  -7.8558,  -8.3598,  -8.4650,
         -8.5927, -11.1649], device='cuda:1', grad_fn=<IndexBackward0>)
Final likelihood: tensor([ -2.7941,  -3.0062,  -3.3658,  -4.3301,  -4.4440,  -4.4603,  -5.5464,
         -5.7959,  -5.9530,  -6.2690,  -6.6743,  -7.8558,  -8.3598,  -8.4650,
         -8.5927, -11.1649], device='cuda:1', grad_fn=<IndexBackward0>)
1 mode projection succeeded
New goal: tensor([ 0.1493,  0.6373,  0.5248,  0.6163, -0.1337,  0.5441,  0.9145,  0.9138,
         1.2746,  0.3004,  0.2406,  1.0765, -0.0035,  0.0077, -1.8739],
       device='cuda:1')
tensor([[0.0007]], device='cuda:1') tensor([[0.0003]], device='cuda:1') tensor([[0.0005]], device='cuda:1')
Likelihood: -93.09925842285156
Likelihood: -156.88072204589844
{'index': 156.88072204589844, 'thumb_middle': 93.09925842285156}
Plan time: 51.44087689099251
Current yaw: tensor([-0.0063,  0.0107, -1.8739], device='cuda:1')
2 thumb_middle
tensor([ 0.1111,  0.7015,  0.5006,  0.4746, -0.1209,  0.4469,  1.0355,  1.0857,
         1.3908,  0.3013,  0.2915,  0.7722, -0.0063,  0.0107, -1.8739],
       device='cuda:1')
Solve time for step 1 (global step 6) 20.956642214005115
Current ori: tensor([-0.0063,  0.0107, -1.8739], device='cuda:1')
Index force: tensor([0.6891, 0.6996, 0.5000], device='cuda:1')
tensor([ 0.1253,  0.6951,  0.4593,  0.6021, -0.2118,  0.4168,  0.9526,  0.9928,
         1.2959,  0.3146,  0.1696,  0.9037,  0.0040,  0.0064, -1.8738],
       device='cuda:1')
Solve time for step 2 (global step 7) 5.301529927994125
Current ori: tensor([ 0.0040,  0.0064, -1.8738], device='cuda:1')
Index force: tensor([0.6715, 0.5000], device='cuda:1')
tensor([ 0.1342,  0.6946,  0.3853,  0.7645, -0.2162,  0.4417,  0.9252,  0.9580,
         1.2452,  0.3195,  0.1854,  0.9772,  0.0173,  0.0050, -1.8738],
       device='cuda:1')
Solve time for step 3 (global step 8) 5.1365449170116335
Current ori: tensor([ 0.0173,  0.0050, -1.8738], device='cuda:1')
Index force: tensor([0.5000], device='cuda:1')
Current yaw: tensor([ 1.7716e-02,  7.9133e-04, -1.8665e+00], device='cuda:1')
3 turn
Likelihood: -182.59054565429688
State is out of distribution
Final likelihood: tensor([-2.7479, -4.1346, -4.3333, -4.4136, -4.6794, -4.8740, -5.0918, -5.3196,
        -5.5269, -5.8393, -6.0303, -6.2282, -6.3361, -6.4769, -6.9521, -8.9578],
       device='cuda:1', grad_fn=<IndexBackward0>)
Final likelihood: tensor([-2.7479, -4.1346, -4.3333, -4.4136, -4.6794, -4.8740, -5.0918, -5.3196,
        -5.5269, -5.8393, -6.0303, -6.2282, -6.3361, -6.4769, -6.9521, -8.9578],
       device='cuda:1', grad_fn=<IndexBackward0>)
1 mode projection succeeded
New goal: tensor([ 0.1174,  0.6240,  0.5231,  0.5932, -0.1185,  0.5464,  0.9184,  0.8433,
         1.2030,  0.3081,  0.2576,  1.2279, -0.0093,  0.0108, -1.8665],
       device='cuda:1')
tensor([[0.0007]], device='cuda:1') tensor([[0.0006]], device='cuda:1') tensor([[0.0008]], device='cuda:1')
Likelihood: -100.18889617919922
Likelihood: -170.07855224609375
{'index': 170.07855224609375, 'thumb_middle': 100.18889617919922}
Plan time: 58.61250640894286
Current yaw: tensor([ 1.7756e-02,  6.8129e-04, -1.8665e+00], device='cuda:1')
4 thumb_middle
tensor([ 1.3763e-01,  6.9940e-01,  3.8178e-01,  7.6422e-01, -1.3810e-01,
         5.3649e-01,  9.6112e-01,  9.8951e-01,  1.3080e+00,  2.9359e-01,
         2.1838e-01,  1.0919e+00,  1.7756e-02,  6.8129e-04, -1.8665e+00],
       device='cuda:1')
Solve time for step 1 (global step 9) 22.53984403499635
Current ori: tensor([ 1.7756e-02,  6.8129e-04, -1.8665e+00], device='cuda:1')
Index force: tensor([0.6955, 0.6997, 0.6738], device='cuda:1')
tensor([ 1.2495e-01,  7.2864e-01,  3.7345e-01,  6.7377e-01, -2.2228e-01,
         4.9897e-01,  9.0313e-01,  8.9859e-01,  1.1975e+00,  3.1584e-01,
         1.7245e-01,  1.1020e+00,  4.4129e-03,  1.6916e-03, -1.8665e+00],
       device='cuda:1')
Solve time for step 2 (global step 10) 6.204022148012882
Current ori: tensor([ 4.4129e-03,  1.6916e-03, -1.8665e+00], device='cuda:1')
Index force: tensor([0.6883, 0.6629], device='cuda:1')
tensor([ 0.1133,  0.7596,  0.3606,  0.5887, -0.2120,  0.5080,  0.8929,  0.8455,
         1.1520,  0.3179,  0.1950,  1.1528, -0.0085,  0.0044, -1.8665],
       device='cuda:1')
Solve time for step 3 (global step 11) 4.819355421990622
Current ori: tensor([-0.0085,  0.0044, -1.8665], device='cuda:1')
Index force: tensor([0.6592], device='cuda:1')
Current yaw: tensor([-0.0178,  0.0026, -1.8694], device='cuda:1')
5 turn
Likelihood: -107.59730529785156
Sampling time 3.7497752359777223
tensor([ 0.1130,  0.7904,  0.3354,  0.5362, -0.1194,  0.5895,  0.9062,  0.8803,
         1.1886,  0.3839,  0.2815,  1.1657, -0.0178,  0.0026, -1.8694],
       device='cuda:1')
Solve time for step 1 (global step 12) 37.229653260990744
Current ori: tensor([-0.0178,  0.0026, -1.8694], device='cuda:1')
Middle force: tensor([1.6924, 0.5968, 1.3571, 0.7642, 0.5010, 0.9401, 2.2601, 0.5195, 1.1390,
        0.6596, 0.8226, 0.6290], device='cuda:1')
Thumb force: tensor([2.4987, 1.4076, 0.9776, 1.0916, 0.8538, 1.7825, 1.6350, 0.5147, 1.5669,
        0.7713, 0.5268, 0.7652], device='cuda:1')
Index force: tensor([1.1112, 1.0753, 0.8280, 0.5897, 0.9446, 0.9733, 0.9280, 0.5019, 0.8587,
        0.8526, 0.6266, 0.8902], device='cuda:1')
tensor([ 0.1060,  0.7961,  0.3391,  0.4767, -0.1287,  0.5488,  0.9367,  0.9391,
         1.2794,  0.3547,  0.2411,  1.0540, -0.0243,  0.0081, -2.0610],
       device='cuda:1')
Likelihood: -107.18626403808594
Solve time for step 2 (global step 13) 9.127840520988684
Current ori: tensor([-0.0243,  0.0081, -2.0610], device='cuda:1')
Middle force: tensor([1.2320, 1.1443, 0.5009, 0.5000, 0.5319, 1.1842, 0.9693, 0.6289, 0.5339,
        0.7965, 0.5437], device='cuda:1')
Thumb force: tensor([1.2938, 2.3348, 0.6913, 0.8545, 0.5098, 0.8198, 0.8169, 1.0082, 1.0931,
        0.6485, 0.7538], device='cuda:1')
Index force: tensor([0.5429, 1.1336, 0.9366, 0.5077, 0.5278, 1.0264, 0.6854, 0.5260, 0.5205,
        0.6188, 0.5588], device='cuda:1')
tensor([ 0.1038,  0.7912,  0.3590,  0.4167, -0.1311,  0.5363,  0.9328,  0.9961,
         1.3258,  0.3001,  0.2430,  0.9728, -0.0270,  0.0106, -2.1776],
       device='cuda:1')
Likelihood: -122.09298706054688
Solve time for step 3 (global step 14) 8.66776535200188
Current ori: tensor([-0.0270,  0.0106, -2.1776], device='cuda:1')
Middle force: tensor([1.1413, 0.5003, 0.5004, 0.5213, 1.1292, 0.9413, 0.6080, 0.5196, 0.7521,
        0.5271], device='cuda:1')
Thumb force: tensor([2.2842, 0.6662, 0.8283, 0.5010, 0.7843, 0.7679, 0.9570, 1.0308, 0.6080,
        0.7154], device='cuda:1')
Index force: tensor([1.0747, 0.9367, 0.5023, 0.5155, 0.9813, 0.6703, 0.5161, 0.5118, 0.5931,
        0.5458], device='cuda:1')
tensor([ 0.1058,  0.7831,  0.3802,  0.3971, -0.1241,  0.5144,  0.9515,  1.0508,
         1.3362,  0.3025,  0.2680,  0.8932, -0.0268,  0.0102, -2.3198],
       device='cuda:1')
Likelihood: -142.2691650390625
Solve time for step 4 (global step 15) 8.60295741900336
Current ori: tensor([-0.0268,  0.0102, -2.3198], device='cuda:1')
Middle force: tensor([2.3226, 0.5025, 1.4150, 0.9077, 0.8424, 0.5203, 0.8182, 1.5901, 0.7925],
       device='cuda:1')
Thumb force: tensor([1.8000, 0.7243, 1.8347, 0.5778, 1.0076, 0.7706, 0.7034, 1.5322, 0.7806],
       device='cuda:1')
Index force: tensor([0.8890, 0.8756, 1.4525, 0.7195, 0.7162, 0.9205, 0.8718, 0.6721, 0.8411],
       device='cuda:1')
tensor([ 0.1140,  0.7895,  0.3783,  0.3964, -0.1049,  0.4642,  0.9773,  1.2363,
         1.3367,  0.3521,  0.4236,  0.5621, -0.0267,  0.0088, -2.6263],
       device='cuda:1')
Likelihood: -241.84860229492188
State is out of distribution
Final likelihood: tensor([-2.8964, -4.3743, -4.4939, -4.7241, -4.8625, -5.0105, -5.1676, -5.4218,
        -5.4951, -5.5889, -5.7119, -5.7181, -6.0054, -7.2116, -8.1691, -8.9711],
       device='cuda:1', grad_fn=<IndexBackward0>)
Final likelihood: tensor([-2.8964, -4.3743, -4.4939, -4.7241, -4.8625, -5.0105, -5.1676, -5.4218,
        -5.4951, -5.5889, -5.7119, -5.7181, -6.0054, -7.2116, -8.1691, -8.9711],
       device='cuda:1', grad_fn=<IndexBackward0>)
1 mode projection succeeded
New goal: tensor([ 0.1392,  0.6229,  0.5624,  0.5605, -0.1460,  0.5429,  0.9466,  0.8820,
         1.2427,  0.2445,  0.2510,  1.2067, -0.0029,  0.0133, -2.6268],
       device='cuda:1')
tensor([[0.0007]], device='cuda:1') tensor([[0.0008]], device='cuda:1') tensor([[0.0007]], device='cuda:1')
Likelihood: -146.59420776367188
Likelihood: -220.72372436523438
{'index': 220.72372436523438, 'thumb_middle': 146.59420776367188}
Plan time: 58.12416671399842
Current yaw: tensor([-0.0266,  0.0087, -2.6268], device='cuda:1')
6 thumb_middle
tensor([ 0.1141,  0.7896,  0.3783,  0.3964, -0.1046,  0.4639,  0.9777,  1.2370,
         1.3368,  0.3520,  0.4241,  0.5609, -0.0266,  0.0087, -2.6268],
       device='cuda:1')
Solve time for step 1 (global step 16) 22.257341541990172
Current ori: tensor([-0.0266,  0.0087, -2.6268], device='cuda:1')
Index force: tensor([0.6097, 0.6229, 0.6219], device='cuda:1')
tensor([ 0.1223,  0.8014,  0.3662,  0.3956, -0.2258,  0.4711,  0.9088,  1.0539,
         1.2135,  0.3236,  0.2824,  0.8132, -0.0284,  0.0041, -2.6268],
       device='cuda:1')
Solve time for step 2 (global step 17) 6.02224366000155
Current ori: tensor([-0.0284,  0.0041, -2.6268], device='cuda:1')
Index force: tensor([0.6087, 0.6095], device='cuda:1')
tensor([ 0.1241,  0.8119,  0.3547,  0.3508, -0.2396,  0.5391,  0.8532,  0.9894,
         1.1667,  0.3344,  0.2589,  0.9439, -0.0322,  0.0084, -2.6268],
       device='cuda:1')
Solve time for step 3 (global step 18) 4.949041360989213
Current ori: tensor([-0.0322,  0.0084, -2.6268], device='cuda:1')
Index force: tensor([0.5872], device='cuda:1')
Current yaw: tensor([-3.4754e-02, -1.6139e-03, -2.6100e+00], device='cuda:1')
7 turn
Likelihood: -177.9069061279297
State is out of distribution
Final likelihood: tensor([ -3.5541,  -5.3218,  -5.5136,  -5.6648,  -5.7244,  -6.8373,  -6.8544,
         -7.1515,  -7.2348,  -7.7027,  -7.7419,  -8.2375,  -8.7074, -10.1158,
        -10.3587, -11.8214], device='cuda:1', grad_fn=<IndexBackward0>)
Final likelihood: tensor([ -3.5541,  -5.3218,  -5.5136,  -5.6648,  -5.7244,  -6.8373,  -6.8544,
         -7.1515,  -7.2348,  -7.7027,  -7.7419,  -8.2375,  -8.7074, -10.1158,
        -10.3587, -11.8214], device='cuda:1', grad_fn=<IndexBackward0>)
1 mode projection succeeded
New goal: tensor([ 0.1592,  0.6333,  0.5715,  0.5535, -0.1002,  0.5277,  0.8920,  0.8815,
         1.2393,  0.2639,  0.2425,  1.2115,  0.0028,  0.0140, -2.6100],
       device='cuda:1')
tensor([[0.0002]], device='cuda:1') tensor([[0.0007]], device='cuda:1') tensor([[0.0008]], device='cuda:1')
Likelihood: -169.0904541015625
Likelihood: -235.45518493652344
{'index': 235.45518493652344, 'thumb_middle': 169.0904541015625}
Plan time: 53.12555902899476
Current yaw: tensor([-3.4695e-02, -1.6898e-03, -2.6100e+00], device='cuda:1')
8 thumb_middle
tensor([ 1.3409e-01,  8.2489e-01,  3.4437e-01,  3.4224e-01, -1.3608e-01,
         6.2210e-01,  8.7495e-01,  9.4648e-01,  1.1960e+00,  3.9182e-01,
         3.0678e-01,  1.0555e+00, -3.4695e-02, -1.6898e-03, -2.6100e+00],
       device='cuda:1')
Solve time for step 1 (global step 19) 21.401046181010315
Current ori: tensor([-3.4695e-02, -1.6898e-03, -2.6100e+00], device='cuda:1')
Index force: tensor([0.5932, 0.5871, 0.6200], device='cuda:1')
tensor([ 0.1277,  0.8389,  0.3182,  0.2838, -0.1935,  0.5528,  0.8189,  0.8794,
         1.1598,  0.3513,  0.2209,  1.0304, -0.0396,  0.0033, -2.6100],
       device='cuda:1')
Solve time for step 2 (global step 20) 5.372657332016388
Current ori: tensor([-0.0396,  0.0033, -2.6100], device='cuda:1')
Index force: tensor([0.5752, 0.6093], device='cuda:1')
tensor([ 0.1299,  0.8637,  0.2773,  0.2569, -0.1751,  0.5566,  0.7951,  0.8354,
         1.1588,  0.3152,  0.2325,  1.0261, -0.0453,  0.0071, -2.6100],
       device='cuda:1')
Solve time for step 3 (global step 21) 5.16625965401181
Current ori: tensor([-0.0453,  0.0071, -2.6100], device='cuda:1')
Index force: tensor([0.5951], device='cuda:1')
Current yaw: tensor([-4.9030e-02, -8.8446e-04, -2.6102e+00], device='cuda:1')
9 turn
Likelihood: -194.06529235839844
State is out of distribution
Final likelihood: tensor([ -5.4844,  -5.7763,  -6.1684,  -6.9633,  -7.0921,  -7.3522,  -8.5097,
         -8.7281,  -9.6716,  -9.7289, -10.9130, -11.1135, -14.7184, -15.1313,
        -20.6440, -22.2279], device='cuda:1', grad_fn=<IndexBackward0>)
Final likelihood: tensor([ -5.4844,  -5.7763,  -6.1684,  -6.9633,  -7.0921,  -7.3522,  -8.5097,
         -8.7281,  -9.6716,  -9.7289, -10.9130, -11.1135, -14.7184, -15.1313,
        -20.6440, -22.2279], device='cuda:1', grad_fn=<IndexBackward0>)
1 mode projection succeeded
New goal: tensor([ 0.1544,  0.6720,  0.4892,  0.6022, -0.1120,  0.5317,  0.9152,  0.8664,
         1.2422,  0.2673,  0.2446,  1.1814, -0.0207,  0.0125, -2.6103],
       device='cuda:1')
tensor([[0.0002]], device='cuda:1') tensor([[0.0006]], device='cuda:1') tensor([[0.0009]], device='cuda:1')
Likelihood: -228.80752563476562
Likelihood: -105.91940307617188
{'index': 105.91940307617188, 'thumb_middle': 228.80752563476562}
Plan time: 57.22096368504572
Current yaw: tensor([-4.9004e-02, -9.5293e-04, -2.6103e+00], device='cuda:1')
10 index
tensor([ 1.3830e-01,  8.7831e-01,  2.6635e-01,  2.2542e-01, -8.9735e-02,
         6.3735e-01,  8.2469e-01,  8.3621e-01,  1.2307e+00,  3.5992e-01,
         2.8658e-01,  1.0259e+00, -4.9004e-02, -9.5293e-04, -2.6103e+00],
       device='cuda:1')
Solve time for step 1 (global step 22) 26.575877455004957
Current ori: tensor([-4.9004e-02, -9.5293e-04, -2.6103e+00], device='cuda:1')
Middle force: tensor([0.5045, 0.5324, 0.5307], device='cuda:1')
Thumb force: tensor([0.5730, 0.6463, 0.6448], device='cuda:1')
tensor([ 2.0969e-01,  7.4753e-01,  3.0338e-01,  3.2329e-01, -1.0196e-01,
         6.3643e-01,  8.5387e-01,  8.1597e-01,  1.2749e+00,  3.2191e-01,
         2.3222e-01,  1.0555e+00, -5.8787e-02,  1.6097e-04, -2.6218e+00],
       device='cuda:1')
Solve time for step 2 (global step 23) 6.098030013003154
Current ori: tensor([-5.8787e-02,  1.6097e-04, -2.6218e+00], device='cuda:1')
Middle force: tensor([0.5272, 0.5258], device='cuda:1')
Thumb force: tensor([0.6505, 0.6489], device='cuda:1')
tensor([ 0.2216,  0.7569,  0.2929,  0.3425, -0.1168,  0.6382,  0.8404,  0.8091,
         1.2934,  0.3161,  0.2364,  1.0427, -0.0642,  0.0125, -2.6292],
       device='cuda:1')
Solve time for step 3 (global step 24) 6.466313936980441
Current ori: tensor([-0.0642,  0.0125, -2.6292], device='cuda:1')
Middle force: tensor([0.5211], device='cuda:1')
Thumb force: tensor([0.6467], device='cuda:1')
Current yaw: tensor([-0.0720,  0.0284, -2.6605], device='cuda:1')
11 turn
Likelihood: -195.1574249267578
State is out of distribution
Final likelihood: tensor([ -5.1865,  -5.5815,  -6.4541,  -7.4198,  -8.2290,  -8.4601,  -8.8907,
         -8.9232,  -8.9235,  -9.5543, -10.0718, -10.2003, -10.9397, -11.1263,
        -14.0107, -19.2995], device='cuda:1', grad_fn=<IndexBackward0>)
Final likelihood: tensor([ -5.1865,  -5.5815,  -6.4541,  -7.4198,  -8.2290,  -8.4601,  -8.8907,
         -8.9232,  -8.9235,  -9.5543, -10.0718, -10.2003, -10.9397, -11.1263,
        -14.0107, -19.2995], device='cuda:1', grad_fn=<IndexBackward0>)
1 mode projection succeeded
New goal: tensor([ 0.1230,  0.6580,  0.5143,  0.5254, -0.1151,  0.5359,  0.8944,  0.9324,
         1.2359,  0.2982,  0.2355,  1.1759, -0.0098,  0.0110, -2.6607],
       device='cuda:1')
tensor([[0.0002]], device='cuda:1') tensor([[0.0006]], device='cuda:1') tensor([[0.0010]], device='cuda:1')
Likelihood: -185.8385009765625
Likelihood: -194.998291015625
{'index': 194.998291015625, 'thumb_middle': 185.8385009765625}
Plan time: 53.97785954698338
Current yaw: tensor([-0.0721,  0.0287, -2.6607], device='cuda:1')
12 thumb_middle
tensor([ 0.1153,  0.8812,  0.2563,  0.2453, -0.1357,  0.6359,  0.8308,  0.8011,
         1.3272,  0.2983,  0.2526,  0.9827, -0.0721,  0.0287, -2.6607],
       device='cuda:1')
Solve time for step 1 (global step 25) 20.826815954002086
Current ori: tensor([-0.0721,  0.0287, -2.6607], device='cuda:1')
Index force: tensor([1.0886, 0.6269, 0.6107], device='cuda:1')
tensor([ 0.1488,  0.8639,  0.3125,  0.2568, -0.1977,  0.5958,  0.8026,  0.8125,
         1.2399,  0.3011,  0.1723,  0.9615, -0.0491,  0.0282, -2.6607],
       device='cuda:1')
Solve time for step 2 (global step 26) 5.039716328989016
Current ori: tensor([-0.0491,  0.0282, -2.6607], device='cuda:1')
Index force: tensor([0.6892, 0.6162], device='cuda:1')
tensor([ 0.1794,  0.8486,  0.3746,  0.2855, -0.1948,  0.5975,  0.7824,  0.8016,
         1.2249,  0.3086,  0.1840,  0.9668, -0.0396,  0.0284, -2.6607],
       device='cuda:1')
Solve time for step 3 (global step 27) 5.078042252018349
Current ori: tensor([-0.0396,  0.0284, -2.6607], device='cuda:1')
Index force: tensor([0.7313], device='cuda:1')
Current yaw: tensor([-0.0406,  0.0034, -2.6658], device='cuda:1')
13 turn
Likelihood: -208.0619659423828
State is out of distribution
Final likelihood: tensor([ -3.2275,  -5.1082,  -5.4976,  -5.8589,  -5.9331,  -6.1606,  -6.2982,
         -6.3478,  -6.4315,  -7.4236,  -8.0907,  -8.3145,  -9.0604,  -9.3272,
         -9.5801, -17.0343], device='cuda:1', grad_fn=<IndexBackward0>)
Final likelihood: tensor([ -3.2275,  -5.1082,  -5.4976,  -5.8589,  -5.9331,  -6.1606,  -6.2982,
         -6.3478,  -6.4315,  -7.4236,  -8.0907,  -8.3145,  -9.0604,  -9.3272,
         -9.5801, -17.0343], device='cuda:1', grad_fn=<IndexBackward0>)
1 mode projection succeeded
New goal: tensor([ 0.1471,  0.6686,  0.5088,  0.5513, -0.1284,  0.5440,  0.9163,  0.8742,
         1.2376,  0.3094,  0.2337,  1.1938,  0.0114,  0.0142, -2.6658],
       device='cuda:1')
tensor([[0.0001]], device='cuda:1') tensor([[0.0004]], device='cuda:1') tensor([[0.0007]], device='cuda:1')
Likelihood: -151.1138916015625
Likelihood: -255.49745178222656
{'index': 255.49745178222656, 'thumb_middle': 151.1138916015625}
Plan time: 55.84281550801825
Current yaw: tensor([-0.0406,  0.0033, -2.6658], device='cuda:1')
14 thumb_middle
tensor([ 0.2134,  0.8426,  0.4357,  0.2777, -0.1159,  0.6721,  0.8186,  0.8005,
         1.2483,  0.3621,  0.2602,  1.0563, -0.0406,  0.0033, -2.6658],
       device='cuda:1')
Solve time for step 1 (global step 28) 23.977443259005668
Current ori: tensor([-0.0406,  0.0033, -2.6658], device='cuda:1')
Index force: tensor([0.5001, 0.5762, 0.6037], device='cuda:1')
tensor([ 2.1560e-01,  7.8949e-01,  5.6377e-01,  1.1003e-01, -2.0704e-01,
         5.9887e-01,  8.1463e-01,  7.9488e-01,  1.1865e+00,  3.6072e-01,
         2.0282e-01,  9.9884e-01, -3.8407e-02,  1.1159e-03, -2.6658e+00],
       device='cuda:1')
Solve time for step 2 (global step 29) 5.598373771994375
Current ori: tensor([-3.8407e-02,  1.1159e-03, -2.6658e+00], device='cuda:1')
Index force: tensor([0.5633, 0.5965], device='cuda:1')
tensor([ 2.1504e-01,  7.8949e-01,  5.4403e-01,  2.1679e-01, -2.0795e-01,
         6.0146e-01,  8.0251e-01,  7.9162e-01,  1.2029e+00,  3.6549e-01,
         1.8021e-01,  1.0005e+00, -3.3922e-02, -1.3027e-03, -2.6658e+00],
       device='cuda:1')
Solve time for step 3 (global step 30) 5.823391231999267
Current ori: tensor([-3.3922e-02, -1.3027e-03, -2.6658e+00], device='cuda:1')
Index force: tensor([0.5811], device='cuda:1')
Current yaw: tensor([-3.9673e-02, -2.3346e-03, -2.6680e+00], device='cuda:1')
15 turn
Likelihood: -247.7169189453125
State is out of distribution
Final likelihood: tensor([-3.7632, -4.4655, -5.4669, -5.4971, -6.0612, -6.3768, -6.4342, -6.8695,
        -7.3566, -7.4275, -7.9884, -8.3268, -8.4314, -8.5043, -8.5064, -9.6852],
       device='cuda:1', grad_fn=<IndexBackward0>)
Final likelihood: tensor([-3.7632, -4.4655, -5.4669, -5.4971, -6.0612, -6.3768, -6.4342, -6.8695,
        -7.3566, -7.4275, -7.9884, -8.3268, -8.4314, -8.5043, -8.5064, -9.6852],
       device='cuda:1', grad_fn=<IndexBackward0>)
1 mode projection succeeded
New goal: tensor([ 0.1466,  0.6683,  0.5086,  0.5518, -0.1275,  0.5424,  0.9171,  0.8755,
         1.2376,  0.3096,  0.2342,  1.1928,  0.0110,  0.0143, -2.6681],
       device='cuda:1')
tensor([[0.0002]], device='cuda:1') tensor([[0.0005]], device='cuda:1') tensor([[0.0009]], device='cuda:1')
Likelihood: -160.070068359375
Likelihood: -161.6873779296875
{'index': 161.6873779296875, 'thumb_middle': 160.070068359375}
Plan time: 53.47020244700252
Current yaw: tensor([-3.9601e-02, -2.3457e-03, -2.6681e+00], device='cuda:1')
16 thumb_middle
tensor([ 2.0789e-01,  8.1334e-01,  4.9631e-01,  1.8076e-01, -1.2195e-01,
         6.6514e-01,  8.6194e-01,  7.9465e-01,  1.2339e+00,  4.0566e-01,
         2.7080e-01,  1.0172e+00, -3.9601e-02, -2.3457e-03, -2.6681e+00],
       device='cuda:1')
Solve time for step 1 (global step 31) 20.728654199978337
Current ori: tensor([-3.9601e-02, -2.3457e-03, -2.6681e+00], device='cuda:1')
Index force: tensor([0.5723, 0.6033, 0.6108], device='cuda:1')
tensor([ 0.2003,  0.8388,  0.4107,  0.3435, -0.2019,  0.5843,  0.8321,  0.7738,
         1.1921,  0.3706,  0.1960,  0.9990, -0.0343, -0.0044, -2.6681],
       device='cuda:1')
Solve time for step 2 (global step 32) 5.2963564269884955
Current ori: tensor([-0.0343, -0.0044, -2.6681], device='cuda:1')
Index force: tensor([0.5890, 0.5980], device='cuda:1')
tensor([ 0.1899,  0.8381,  0.3992,  0.3224, -0.2236,  0.5967,  0.8444,  0.7707,
         1.2004,  0.3633,  0.1894,  0.9883, -0.0330, -0.0054, -2.6681],
       device='cuda:1')
Solve time for step 3 (global step 33) 5.32722065798589
Current ori: tensor([-0.0330, -0.0054, -2.6681], device='cuda:1')
Index force: tensor([0.5752], device='cuda:1')
Current yaw: tensor([-0.0352, -0.0037, -2.6677], device='cuda:1')
17 turn
Likelihood: -214.0032196044922
State is out of distribution
Final likelihood: tensor([ -4.7700,  -5.0860,  -5.3539,  -5.7781,  -5.8182,  -5.8525,  -5.9297,
         -6.3571,  -6.5771,  -6.6088,  -6.8722,  -7.7818,  -8.5700, -10.7878,
        -12.4701, -19.0698], device='cuda:1', grad_fn=<IndexBackward0>)
Final likelihood: tensor([ -4.7700,  -5.0860,  -5.3539,  -5.7781,  -5.8182,  -5.8525,  -5.9297,
         -6.3571,  -6.5771,  -6.6088,  -6.8722,  -7.7818,  -8.5700, -10.7878,
        -12.4701, -19.0698], device='cuda:1', grad_fn=<IndexBackward0>)
1 mode projection succeeded
New goal: tensor([ 1.5913e-01,  6.3369e-01,  5.7147e-01,  5.5286e-01, -1.0033e-01,
         5.2878e-01,  8.8989e-01,  8.8190e-01,  1.2408e+00,  2.6307e-01,
         2.4103e-01,  1.2125e+00,  2.6119e-03,  1.4249e-02, -2.6678e+00],
       device='cuda:1')
tensor([[0.0002]], device='cuda:1') tensor([[0.0004]], device='cuda:1') tensor([[0.0009]], device='cuda:1')
Likelihood: -169.97906494140625
Likelihood: -81.65028381347656
{'index': 81.65028381347656, 'thumb_middle': 169.97906494140625}
Plan time: 54.209375784004806
Current yaw: tensor([-0.0351, -0.0038, -2.6678], device='cuda:1')
18 index
tensor([ 0.1801,  0.8696,  0.3252,  0.2964, -0.1217,  0.6578,  0.8777,  0.7912,
         1.2371,  0.3969,  0.2671,  1.0215, -0.0351, -0.0038, -2.6678],
       device='cuda:1')
Solve time for step 1 (global step 34) 28.586645240022335
Current ori: tensor([-0.0351, -0.0038, -2.6678], device='cuda:1')
Middle force: tensor([0.5526, 0.6023, 0.5330], device='cuda:1')
Thumb force: tensor([0.6165, 0.5646, 0.6573], device='cuda:1')
tensor([ 0.2250,  0.7176,  0.3509,  0.3383, -0.1399,  0.6540,  0.8640,  0.7977,
         1.2980,  0.3286,  0.2415,  1.0200, -0.0381,  0.0108, -2.6800],
       device='cuda:1')
Solve time for step 2 (global step 35) 6.611856162984623
Current ori: tensor([-0.0381,  0.0108, -2.6800], device='cuda:1')
Middle force: tensor([0.5901, 0.5334], device='cuda:1')
Thumb force: tensor([0.5742, 0.6703], device='cuda:1')
tensor([ 0.2208,  0.7535,  0.2879,  0.2730, -0.1564,  0.6639,  0.8481,  0.7890,
         1.3277,  0.3063,  0.2340,  1.0047, -0.0474,  0.0214, -2.6888],
       device='cuda:1')
Solve time for step 3 (global step 36) 6.728180659003556
Current ori: tensor([-0.0474,  0.0214, -2.6888], device='cuda:1')
Middle force: tensor([0.5488], device='cuda:1')
Thumb force: tensor([0.6798], device='cuda:1')
Current yaw: tensor([-0.0534,  0.0397, -2.7224], device='cuda:1')
19 turn
Likelihood: -268.0541687011719
State is out of distribution
Final likelihood: tensor([ -5.1221,  -6.4127,  -7.2029,  -7.7968,  -8.9450, -11.3927, -13.7483,
        -15.2934, -16.9242, -19.2773, -20.8271, -21.3486, -25.3660, -27.0334,
        -27.5425, -31.3561], device='cuda:1', grad_fn=<IndexBackward0>)
Final likelihood: tensor([ -5.1221,  -6.4127,  -7.2029,  -7.7968,  -8.9450, -11.3927, -13.7483,
        -15.2934, -16.9242, -19.2773, -20.8271, -21.3486, -25.3660, -27.0334,
        -27.5425, -31.3561], device='cuda:1', grad_fn=<IndexBackward0>)
1 mode projection succeeded
New goal: tensor([ 0.1228,  0.6585,  0.5142,  0.5249, -0.1148,  0.5358,  0.8933,  0.9324,
         1.2349,  0.2969,  0.2363,  1.1750, -0.0097,  0.0111, -2.7226],
       device='cuda:1')
tensor([[0.0004]], device='cuda:1') tensor([[0.0004]], device='cuda:1') tensor([[0.0013]], device='cuda:1')
Likelihood: -269.4075927734375
Likelihood: -99.70913696289062
{'index': 99.70913696289062, 'thumb_middle': 269.4075927734375}
Plan time: 54.60864752298221
Current yaw: tensor([-0.0534,  0.0400, -2.7226], device='cuda:1')
20 index
tensor([ 0.1707,  1.0268,  0.0296, -0.0415, -0.1783,  0.6581,  0.8378,  0.7880,
         1.3600,  0.2884,  0.2527,  0.9514, -0.0534,  0.0400, -2.7226],
       device='cuda:1')
Solve time for step 1 (global step 37) 23.738111479004147
Current ori: tensor([-0.0534,  0.0400, -2.7226], device='cuda:1')
Middle force: tensor([0.5746, 0.5556, 0.5116], device='cuda:1')
Thumb force: tensor([0.5267, 0.5772, 0.5267], device='cuda:1')
tensor([ 0.1905,  0.8500,  0.0946,  0.0875, -0.1859,  0.6638,  0.8550,  0.8034,
         1.3622,  0.2816,  0.2389,  0.9617, -0.0549,  0.0350, -2.7286],
       device='cuda:1')
Solve time for step 2 (global step 38) 5.869380493997596
Current ori: tensor([-0.0549,  0.0350, -2.7286], device='cuda:1')
Middle force: tensor([0.5540, 0.5104], device='cuda:1')
Thumb force: tensor([0.5690, 0.5237], device='cuda:1')
tensor([ 0.1823,  0.8106,  0.1759,  0.2002, -0.1687,  0.6968,  0.8212,  0.7998,
         1.4095,  0.2019,  0.1774,  0.9766, -0.0687,  0.0237, -2.7506],
       device='cuda:1')
Solve time for step 3 (global step 39) 5.900973737007007
Current ori: tensor([-0.0687,  0.0237, -2.7506], device='cuda:1')
Middle force: tensor([0.5092], device='cuda:1')
Thumb force: tensor([0.5210], device='cuda:1')
Current yaw: tensor([-0.0781,  0.0248, -2.7608], device='cuda:1')
21 turn
Likelihood: -219.76913452148438
State is out of distribution
Final likelihood: tensor([ -3.8982,  -4.8171,  -6.2361,  -6.2960,  -6.6435,  -7.4281,  -7.4691,
         -7.7452,  -8.2546,  -8.5040,  -9.8788,  -9.8909, -11.0527, -11.6290,
        -13.8324, -22.1929], device='cuda:1', grad_fn=<IndexBackward0>)
Final likelihood: tensor([ -3.8982,  -4.8171,  -6.2361,  -6.2960,  -6.6435,  -7.4281,  -7.4691,
         -7.7452,  -8.2546,  -8.5040,  -9.8788,  -9.8909, -11.0527, -11.6290,
        -13.8324, -22.1929], device='cuda:1', grad_fn=<IndexBackward0>)
1 mode projection succeeded
New goal: tensor([ 1.4010e-01,  6.3598e-01,  5.5875e-01,  5.3440e-01, -1.0297e-01,
         5.3978e-01,  8.8990e-01,  8.6152e-01,  1.2087e+00,  3.5350e-01,
         2.5012e-01,  1.1831e+00, -3.9865e-04,  1.3712e-02, -2.7612e+00],
       device='cuda:1')
tensor([[0.0003]], device='cuda:1') tensor([[0.0003]], device='cuda:1') tensor([[0.0008]], device='cuda:1')
Likelihood: -207.15257263183594
Likelihood: -208.92076110839844
{'index': 208.92076110839844, 'thumb_middle': 207.15257263183594}
Plan time: 59.04010629301774
Current yaw: tensor([-0.0781,  0.0249, -2.7612], device='cuda:1')
22 thumb_middle
tensor([ 0.1196,  0.8930,  0.2400,  0.2472, -0.1815,  0.7157,  0.8224,  0.7875,
         1.3578,  0.3178,  0.1982,  0.9726, -0.0781,  0.0249, -2.7612],
       device='cuda:1')
Solve time for step 1 (global step 40) 22.239068123017205
Current ori: tensor([-0.0781,  0.0249, -2.7612], device='cuda:1')
Index force: tensor([0.9307, 0.6312, 0.6245], device='cuda:1')
tensor([ 0.1415,  0.8878,  0.2804,  0.2407, -0.2274,  0.6650,  0.7857,  0.7452,
         1.2560,  0.3349,  0.1597,  0.9173, -0.0769,  0.0262, -2.7611],
       device='cuda:1')
Solve time for step 2 (global step 41) 6.279290761012817
Current ori: tensor([-0.0769,  0.0262, -2.7611], device='cuda:1')
Index force: tensor([0.6640, 0.6125], device='cuda:1')
tensor([ 0.1680,  0.8615,  0.3486,  0.2743, -0.2024,  0.6443,  0.7621,  0.7444,
         1.2193,  0.3269,  0.1978,  0.9287, -0.0629,  0.0234, -2.7611],
       device='cuda:1')
Solve time for step 3 (global step 42) 4.770081231981749
Current ori: tensor([-0.0629,  0.0234, -2.7611], device='cuda:1')
Index force: tensor([0.6520], device='cuda:1')
Current yaw: tensor([-0.0622,  0.0028, -2.7743], device='cuda:1')
23 turn
Likelihood: -210.4192352294922
State is out of distribution
Final likelihood: tensor([ -3.4280,  -4.1298,  -4.4403,  -5.6044,  -5.9376,  -6.2597,  -7.0847,
         -7.5769, -10.2497, -10.2935, -10.4470, -10.5509, -12.6847, -12.7133,
        -13.4457, -16.2843], device='cuda:1', grad_fn=<IndexBackward0>)
Final likelihood: tensor([ -3.4280,  -4.1298,  -4.4403,  -5.6044,  -5.9376,  -6.2597,  -7.0847,
         -7.5769, -10.2497, -10.2935, -10.4470, -10.5509, -12.6847, -12.7133,
        -13.4457, -16.2843], device='cuda:1', grad_fn=<IndexBackward0>)
1 mode projection succeeded
New goal: tensor([ 0.1451,  0.6309,  0.5618,  0.5516, -0.1118,  0.5924,  0.8337,  0.8825,
         1.1837,  0.3133,  0.2924,  1.1912, -0.0047,  0.0103, -2.7744],
       device='cuda:1')
tensor([[4.6114e-05]], device='cuda:1') tensor([[0.0003]], device='cuda:1') tensor([[0.0009]], device='cuda:1')
Likelihood: -157.8245849609375
Likelihood: -223.19354248046875
{'index': 223.19354248046875, 'thumb_middle': 157.8245849609375}
Plan time: 53.03374400897883
Current yaw: tensor([-6.2163e-02,  2.7186e-03, -2.7744e+00], device='cuda:1')
24 thumb_middle
tensor([ 1.9532e-01,  8.6333e-01,  3.7592e-01,  2.9841e-01, -1.0722e-01,
         7.0789e-01,  7.8992e-01,  7.3135e-01,  1.2521e+00,  3.9013e-01,
         2.8363e-01,  9.5354e-01, -6.2163e-02,  2.7186e-03, -2.7744e+00],
       device='cuda:1')
Solve time for step 1 (global step 43) 20.713468689005822
Current ori: tensor([-6.2163e-02,  2.7186e-03, -2.7744e+00], device='cuda:1')
Index force: tensor([0.5738, 0.5626, 0.5804], device='cuda:1')
tensor([ 1.9527e-01,  8.0712e-01,  4.5473e-01,  3.9343e-01, -2.0648e-01,
         6.5106e-01,  7.6099e-01,  7.5123e-01,  1.1727e+00,  3.4438e-01,
         2.4285e-01,  9.6340e-01, -4.8112e-02, -2.6261e-04, -2.7744e+00],
       device='cuda:1')
Solve time for step 2 (global step 44) 5.416796668985626
Current ori: tensor([-4.8112e-02, -2.6261e-04, -2.7744e+00], device='cuda:1')
Index force: tensor([0.5514, 0.5690], device='cuda:1')
tensor([ 0.1897,  0.8147,  0.4384,  0.3715, -0.2018,  0.6358,  0.7662,  0.7509,
         1.1504,  0.3680,  0.2613,  0.9494, -0.0501,  0.0043, -2.7744],
       device='cuda:1')
Solve time for step 3 (global step 45) 4.428010770003311
Current ori: tensor([-0.0501,  0.0043, -2.7744], device='cuda:1')
Index force: tensor([0.5507], device='cuda:1')
Current yaw: tensor([-4.2330e-02, -4.8581e-04, -2.7757e+00], device='cuda:1')
25 turn
Likelihood: -156.5755157470703
Sampling time 3.79005760801374
tensor([ 1.9593e-01,  7.8198e-01,  4.8866e-01,  4.1625e-01, -1.2328e-01,
         7.0680e-01,  8.1411e-01,  7.5837e-01,  1.2249e+00,  3.3372e-01,
         3.2608e-01,  9.8129e-01, -4.2330e-02, -4.8581e-04, -2.7757e+00],
       device='cuda:1')
