Importing module 'gym_38' (/home/abhinav/Documents/isaacgym/python/isaacgym/_bindings/linux-x86_64/gym_38.so)
Setting GYM_USD_PLUG_INFO_PATH to /home/abhinav/Documents/isaacgym/python/isaacgym/_bindings/linux-x86_64/usd/plugInfo.json
PyTorch version 2.4.1+cu121
Device count 2
/home/abhinav/Documents/isaacgym/python/isaacgym/_bindings/src/gymtorch
ninja: no work to do.
No ROS install found, continuing
CCAI_PATH /home/abhinav/Documents/ccai
Not connected to PVD
Physics Engine: PhysX
Physics Device: cpu
GPU Pipeline: disabled
Using VHACD cache directory '/home/abhinav/.isaacgym/vhacd'
Found existing convex decomposition for mesh '/home/abhinav/Documents/github/isaacgym-arm-envs/isaac_victor_envs/assets/xela_models/mesh/allegro/base_ns.stl'
Found existing convex decomposition for mesh '/home/abhinav/Documents/github/isaacgym-arm-envs/isaac_victor_envs/assets/xela_models/mesh/allegro/link_1.0.stl'
Found existing convex decomposition for mesh '/home/abhinav/Documents/github/isaacgym-arm-envs/isaac_victor_envs/assets/xela_models/mesh/ft_c.stl'

Trial 2
[ models/temporal ] Channel dimensions: [(37, 128), (128, 256), (256, 512)]
[ models/temporal ] Channel dimensions: [(37, 128), (128, 256), (256, 512)]
[ models/temporal ] Channel dimensions: [(37, 128), (128, 256)]
[ models/temporal ] Channel dimensions: [(37, 128), (128, 256), (256, 512)]
[ models/temporal ] Channel dimensions: [(37, 128), (128, 256), (256, 512)]
[ models/temporal ] Channel dimensions: [(37, 128), (128, 256)]
Loaded trajectory sampler
Current yaw: tensor([-9.8306e-05,  1.2234e-02, -5.3800e-02], device='cuda:1')
Current yaw: tensor([-0.0008,  0.0085, -0.0553], device='cuda:1')
1 turn
Sampling time 3.95906132995151
tensor([0.2927, 0.2589, 0.2481, 0.2601, 0.2599, 0.2887, 0.2709, 0.2935, 0.2587,
        0.2888, 0.2424, 0.2662, 0.2899, 0.2638, 0.2928, 0.2436],
       device='cuda:1')
tensor([0.2433, 0.1457, 0.1730, 0.1091, 0.2055, 0.2277, 0.1422, 0.2453, 0.1416,
        0.2256, 0.1354, 0.1547, 0.0817, 0.1286, 0.2427, 0.1371],
       device='cuda:1')
skipped 3 states
tensor([0.0670, 0.0842, 0.0594, 0.1004, 0.0718, 0.1088, 0.1517, 0.0650, 0.0835,
        0.1093, 0.0973, 0.1023, 0.0549, 0.0907, 0.0652, 0.0956],
       device='cuda:1')
skipped 1 states
tensor([0.1060, 0.0835, 0.0602, 0.0568, 0.0806, 0.0932, 0.1199, 0.0883, 0.0837,
        0.1090, 0.1001, 0.0829, 0.0904, 0.0793, 0.0874, 0.1186],
       device='cuda:1')
skipped 2 states
skipped 1 states
Shortcut time 0.0035636600805446506
tensor([ 1.2861e-01,  5.8252e-01,  5.7487e-01,  6.2574e-01, -1.0372e-01,
         5.4590e-01,  8.7070e-01,  8.7904e-01,  1.2393e+00,  2.4950e-01,
         2.4864e-01,  1.2121e+00, -7.7327e-04,  8.4605e-03, -5.5286e-02,
         1.4896e+00], device='cuda:1')
Likelihood: -92.50836944580078
Solve time for step 1 17.75666417903267
Current ori: tensor([-0.0008,  0.0085, -0.0553], device='cuda:1')
Middle force: tensor([0.3619, 1.1353, 1.0983, 0.0796, 0.2596], device='cuda:1')
Thumb force: tensor([0.7672, 2.3848, 0.7953, 0.6858, 0.4140], device='cuda:1')
Index force: tensor([0.1717, 0.9389, 0.5453, 0.2457, 0.4709], device='cuda:1')
tensor([ 0.1555,  0.5342,  0.6057,  0.7496, -0.0863,  0.5215,  0.9010,  0.9412,
         1.2185,  0.2898,  0.1552,  1.4478,  0.0180, -0.0065, -0.0600,  1.5780],
       device='cuda:1')
Likelihood: -147.9478759765625
Solve time for step 2 6.099590272991918
Current ori: tensor([ 0.0180, -0.0065, -0.0600], device='cuda:1')
Middle force: tensor([1.2985, 0.2248, 0.1932, 0.5758], device='cuda:1')
Thumb force: tensor([2.4046, 0.3109, 0.5225, 0.3885], device='cuda:1')
Index force: tensor([0.9501, 0.4517, 0.4739, 0.5800], device='cuda:1')
tensor([ 1.4125e-01,  5.6663e-01,  5.6313e-01,  7.1895e-01, -1.1882e-01,
         4.9135e-01,  9.6916e-01,  9.4871e-01,  1.2151e+00,  3.0531e-01,
         1.7376e-01,  1.4052e+00,  8.1590e-03, -7.9443e-04, -8.0362e-02,
         1.5369e+00], device='cuda:1')
Likelihood: -150.17880249023438
State is out of distribution
Likelihood for thumb_middle: -59.640472412109375
Likelihood for index: -71.71772766113281
Likelihood for turn: -74.59847259521484
Current yaw: tensor([ 0.0082, -0.0008, -0.0804], device='cuda:1')
1 thumb_middle
tensor([0.4460, 0.4577, 0.4519, 0.4421, 0.5386, 0.4237, 0.5727, 0.9644, 2.2112,
        0.9069, 2.3801, 3.4334, 0.9557, 1.8177, 3.0400, 6.9739],
       device='cuda:1')
tensor([0.0801, 0.0952, 0.0969, 0.0898, 0.1930, 0.0650, 0.1177, 0.7917, 1.5462,
        0.2914, 4.0654, 5.2702, 1.2433, 2.7772, 3.9556, 4.8582],
       device='cuda:1')
skipped 1 states
skipped 4 states
Shortcut time 0.0028156540356576443
tensor([ 1.4125e-01,  5.6663e-01,  5.6313e-01,  7.1895e-01, -1.1882e-01,
         4.9135e-01,  9.6916e-01,  9.4871e-01,  1.2151e+00,  3.0531e-01,
         1.7376e-01,  1.4052e+00,  8.1590e-03, -7.9443e-04, -8.0362e-02,
         1.5369e+00], device='cuda:1')
Solve time for step 1 15.758994245901704
Current ori: tensor([ 0.0082, -0.0008, -0.0804], device='cuda:1')
Index force: tensor([0.0643, 0.0746, 0.3460], device='cuda:1')
tensor([ 0.1487,  0.5260,  0.6066,  0.7569, -0.1430,  0.5762,  0.7685,  0.8002,
         1.2645,  0.2997,  0.0632,  1.1627,  0.0204, -0.0022, -0.0822,  1.5932],
       device='cuda:1')
Solve time for step 2 5.521414601942524
Current ori: tensor([ 0.0204, -0.0022, -0.0822], device='cuda:1')
Index force: tensor([0.2850, 0.3237], device='cuda:1')
tensor([ 0.1293,  0.5285,  0.5933,  0.7370, -0.1535,  0.6243,  0.7077,  0.7252,
         1.3409,  0.3420, -0.0079,  1.1412,  0.0175,  0.0078, -0.0822,  1.5587],
       device='cuda:1')
Solve time for step 3 5.479124010074884
Current ori: tensor([ 0.0175,  0.0078, -0.0822], device='cuda:1')
Index force: tensor([0.2862], device='cuda:1')
Likelihood: -144.59140014648438
State is in distribution
Current yaw: tensor([ 0.0167,  0.0140, -0.0842], device='cuda:1')
1 turn
Sampling time 3.7909831929719076
tensor([0.3645, 0.3530, 0.3642, 0.3647, 0.3652, 0.3717, 0.5354, 0.3675, 0.3522,
        0.3669, 0.4415, 0.4288, 0.4191, 0.3623, 0.4952, 0.4470],
       device='cuda:1')
tensor([0.0526, 0.0874, 0.0543, 0.0554, 0.0533, 0.2789, 0.1512, 0.0513, 0.0883,
        0.0521, 0.0759, 0.1068, 0.1692, 0.0519, 0.2672, 0.1919],
       device='cuda:1')
tensor([0.0692, 0.0672, 0.0683, 0.0671, 0.0689, 0.2326, 0.2407, 0.0683, 0.0660,
        0.0672, 0.0847, 0.0519, 0.1517, 0.0691, 0.0868, 0.1719],
       device='cuda:1')
tensor([0.1159, 0.1704, 0.1165, 0.1181, 0.1154, 0.0508, 0.2445, 0.1133, 0.1681,
        0.1172, 0.0570, 0.1005, 0.1917, 0.1173, 0.0862, 0.1065],
       device='cuda:1')
skipped 2 states
tensor([0.1146, 0.1098, 0.0887, 0.0880, 0.0895, 0.0415, 0.0861, 0.0886, 0.0602,
        0.0886, 0.0922, 0.0619, 0.0801, 0.1048, 0.0573, 0.0891],
       device='cuda:1')
skipped 1 states
skipped 4 states
Shortcut time 0.004321064916439354
tensor([ 0.1143,  0.5274,  0.5887,  0.7194, -0.0611,  0.6330,  0.7469,  0.7330,
         1.4266,  0.3635,  0.0048,  1.1822,  0.0167,  0.0140, -0.0842,  1.4974],
       device='cuda:1')
Likelihood: -135.51800537109375
Solve time for step 1 17.75692464201711
Current ori: tensor([ 0.0167,  0.0140, -0.0842], device='cuda:1')
Middle force: tensor([0.5610, 0.6409, 0.2811, 1.5511, 0.5150], device='cuda:1')
Thumb force: tensor([1.5286, 0.7440, 2.0470, 1.7129, 0.8078], device='cuda:1')
Index force: tensor([0.7813, 0.6644, 0.3520, 1.4183, 0.5948], device='cuda:1')
tensor([ 1.2338e-01,  5.2079e-01,  6.1996e-01,  6.9279e-01, -5.0015e-02,
         6.8084e-01,  6.8943e-01,  7.2017e-01,  1.4076e+00,  3.8842e-01,
        -1.4106e-03,  1.2112e+00,  1.5797e-02,  1.0230e-02, -4.1414e-02,
         1.4910e+00], device='cuda:1')
Likelihood: -170.04568481445312
State is out of distribution
Likelihood for thumb_middle: -68.36196899414062
Likelihood for index: -64.8441162109375
Likelihood for turn: -65.41277313232422
Current yaw: tensor([ 0.0158,  0.0102, -0.0414], device='cuda:1')
1 index
tensor([0.2675, 0.2659, 0.2804, 0.3164, 0.3326, 0.2832, 0.4171, 0.4597, 0.5519,
        1.6288, 0.7302, 3.8400, 1.5790, 7.0825, 5.6340, 5.8364],
       device='cuda:1')
tensor([0.1058, 0.0692, 0.0727, 0.0647, 0.0987, 0.0925, 0.1014, 0.1773, 0.3664,
        1.2608, 1.2303, 3.1515, 1.6484, 9.8093, 3.8005, 9.5141],
       device='cuda:1')
skipped 1 states
skipped 4 states
Shortcut time 0.0020543719874694943
tensor([ 1.2338e-01,  5.2079e-01,  6.1996e-01,  6.9279e-01, -5.0015e-02,
         6.8084e-01,  6.8943e-01,  7.2017e-01,  1.4076e+00,  3.8842e-01,
        -1.4106e-03,  1.2112e+00,  1.5797e-02,  1.0230e-02, -4.1414e-02,
         1.4910e+00], device='cuda:1')
