Importing module 'gym_38' (/home/abhinavkumar/Downloads/isaacgym/python/isaacgym/_bindings/linux-x86_64/gym_38.so)
Setting GYM_USD_PLUG_INFO_PATH to /home/abhinavkumar/Downloads/isaacgym/python/isaacgym/_bindings/linux-x86_64/usd/plugInfo.json
PyTorch version 2.4.0+cu121
Device count 4
/home/abhinavkumar/Downloads/isaacgym/python/isaacgym/_bindings/src/gymtorch
ninja: no work to do.
CCAI_PATH /home/abhinavkumar/Documents/ccai
robot pose [ 0.02  -0.35   0.376] [0, 0, 0.7071068, 0.7071068]
Not connected to PVD
Physics Engine: PhysX
Physics Device: cpu
GPU Pipeline: disabled
Using VHACD cache directory '/home/abhinavkumar/.isaacgym/vhacd'
Found existing convex decomposition for mesh '/home/abhinavkumar/Documents/git_packages/isaacgym-arm-envs/isaac_victor_envs/assets/xela_models/mesh/allegro/base_ns.stl'
Found existing convex decomposition for mesh '/home/abhinavkumar/Documents/git_packages/isaacgym-arm-envs/isaac_victor_envs/assets/xela_models/mesh/allegro/link_1.0.stl'
Found existing convex decomposition for mesh '/home/abhinavkumar/Documents/git_packages/isaacgym-arm-envs/isaac_victor_envs/assets/xela_models/mesh/ft_c.stl'
[ models/temporal ] Channel dimensions: [(35, 128), (128, 256), (256, 512)]
[ models/temporal ] Channel dimensions: [(35, 128), (128, 256), (256, 512)]

Trial 1801
Loaded trajectory sampler
Current yaw: tensor([1.2851e-11], device='cuda:2')
Current yaw: tensor([-0.0003], device='cuda:2')
1 turn
Sampling time 9.397360545117408
tensor([ 2.9384e-01,  5.9038e-01,  7.5278e-01,  7.8744e-01, -5.8071e-02,
         2.9398e-01,  9.1033e-01,  8.2750e-01,  1.2560e+00, -1.5845e-02,
         1.4289e-01,  4.8349e-01, -2.6488e-04], device='cuda:2')
Solve time for step 1 (global step 0) 21.1884930790402
Current ori: tensor(-0.0003, device='cuda:2')
Middle force: tensor([2.4176, 2.5267, 1.9163, 0.7897, 1.0529, 0.7424], device='cuda:2')
Thumb force: tensor([0.1954, 0.0304, 0.3361, 0.4902, 0.8847, 0.5481], device='cuda:2')
Index force: tensor([2.5540, 2.6622, 2.3350, 1.6546, 4.0236, 1.6731], device='cuda:2')
tensor([ 0.4651,  0.4935,  1.0767,  0.6870,  0.0283,  0.2750,  0.6378,  0.4904,
         1.4728,  0.1382,  0.1530,  0.6066, -0.3455], device='cuda:2')
Solve time for step 2 (global step 1) 21.65317808976397
Current ori: tensor(-0.3455, device='cuda:2')
Middle force: tensor([2.1810, 2.1348, 1.4778, 1.6260, 0.9837], device='cuda:2')
Thumb force: tensor([0.7026, 1.5986, 0.4504, 0.2451, 0.5623], device='cuda:2')
Index force: tensor([1.1083, 2.1457, 2.2259, 2.4479, 1.1649], device='cuda:2')
tensor([ 0.2516,  0.4741,  0.8980,  0.6247,  0.0930,  0.2340,  0.8457,  0.3984,
         1.4921,  0.2438,  0.0649,  0.9083, -0.5062], device='cuda:2')
Solve time for step 3 (global step 2) 23.221864969935268
Current ori: tensor(-0.5062, device='cuda:2')
Middle force: tensor([2.1013, 1.4752, 1.6561, 0.9840], device='cuda:2')
Thumb force: tensor([1.5282, 0.4352, 0.2250, 0.5707], device='cuda:2')
Index force: tensor([1.9905, 2.2359, 2.4305, 1.1550], device='cuda:2')
tensor([ 0.4550,  0.5204,  1.1475,  0.6246, -0.0630,  0.1402,  0.8168,  0.5237,
         1.5000,  0.2995, -0.1890,  1.0362, -0.5063], device='cuda:2')
Solve time for step 4 (global step 3) 19.301182663068175
Current ori: tensor(-0.5063, device='cuda:2')
Middle force: tensor([1.4702, 1.8126, 0.9932], device='cuda:2')
Thumb force: tensor([0.4331, 0.2532, 0.5567], device='cuda:2')
Index force: tensor([2.2091, 2.5495, 1.1265], device='cuda:2')
tensor([ 0.2215,  0.7432,  0.9942,  0.6426,  0.0278,  0.5147,  0.4098,  0.5397,
         1.5000,  0.3586, -0.0237,  1.0499, -0.5805], device='cuda:2')
Solve time for step 5 (global step 4) 16.562246561050415
Current ori: tensor(-0.5805, device='cuda:2')
Middle force: tensor([1.8373, 0.9098], device='cuda:2')
Thumb force: tensor([0.1790, 0.5297], device='cuda:2')
Index force: tensor([2.5766, 1.1298], device='cuda:2')
tensor([ 0.1715,  0.9245,  0.8995,  0.2110,  0.1256,  0.6259,  0.7022,  0.6289,
         1.2589,  0.3812,  0.1163,  0.8582, -0.6101], device='cuda:2')
Solve time for step 6 (global step 5) 13.68971538497135
Current ori: tensor(-0.6101, device='cuda:2')
Middle force: tensor([0.6419], device='cuda:2')
Thumb force: tensor([0.4877], device='cuda:2')
Index force: tensor([1.4880], device='cuda:2')
Current yaw: tensor([-0.4458], device='cuda:2')
2 turn
Sampling time 6.361161943059415
tensor([ 0.2017,  0.8833,  0.8427,  0.2974,  0.0813,  0.5832,  0.8646,  0.4809,
         1.1551,  0.2897,  0.1869,  0.9085, -0.4458], device='cuda:2')
Solve time for step 1 (global step 6) 20.80257820803672
Current ori: tensor(-0.4458, device='cuda:2')
Middle force: tensor([1.3962, 0.8796, 0.8660, 1.5148, 1.1340, 1.9970], device='cuda:2')
Thumb force: tensor([1.9939, 0.6229, 0.2048, 1.3657, 1.4854, 0.6574], device='cuda:2')
Index force: tensor([0.9442, 1.9871, 0.7264, 2.4983, 2.5782, 2.2932], device='cuda:2')
tensor([ 0.4700,  0.5704,  0.5449,  0.2101,  0.0699,  0.6310,  0.8514,  0.3775,
         1.5000,  0.1146, -0.0500,  0.3621, -0.4180], device='cuda:2')
Solve time for step 2 (global step 7) 22.297711143735796
Current ori: tensor(-0.4180, device='cuda:2')
Middle force: tensor([0.9510, 0.8363, 0.4315, 2.8270, 0.3729], device='cuda:2')
Thumb force: tensor([0.3964, 1.3319, 0.9984, 0.4726, 0.6158], device='cuda:2')
Index force: tensor([1.0238, 1.0450, 1.4277, 3.4503, 2.6088], device='cuda:2')
tensor([ 0.4700,  0.8574,  0.8200, -0.0481,  0.0673,  0.7474,  0.7776,  0.1328,
         1.5000, -0.1050, -0.1114,  0.5901, -0.4180], device='cuda:2')
Solve time for step 3 (global step 8) 23.315761453006417
Current ori: tensor(-0.4180, device='cuda:2')
Middle force: tensor([1.7105, 1.2935, 0.9668, 0.9191], device='cuda:2')
Thumb force: tensor([0.4732, 0.0559, 0.7027, 0.7106], device='cuda:2')
Index force: tensor([0.6658, 0.7672, 1.7936, 1.7582], device='cuda:2')
tensor([ 0.2383,  1.0789,  0.8874, -0.0814,  0.1908,  0.6011,  0.8919,  0.1508,
         1.5000, -0.1050, -0.1890,  1.3407, -0.6536], device='cuda:2')
Solve time for step 4 (global step 9) 19.929169845301658
Current ori: tensor(-0.6536, device='cuda:2')
Middle force: tensor([1.2134, 0.9602, 0.9057], device='cuda:2')
Thumb force: tensor([0.0014, 0.6402, 0.6736], device='cuda:2')
Index force: tensor([0.7277, 1.7443, 1.7061], device='cuda:2')
tensor([ 0.2181,  1.2027,  0.6649,  0.0315,  0.1201,  0.6598,  0.7270,  0.3518,
         1.5000,  0.1717,  0.0246,  1.2707, -0.7117], device='cuda:2')
Solve time for step 5 (global step 10) 14.966726190410554
Current ori: tensor(-0.7117, device='cuda:2')
Middle force: tensor([1.1095, 0.6027], device='cuda:2')
Thumb force: tensor([1.2491, 0.5191], device='cuda:2')
Index force: tensor([2.4777, 1.2594], device='cuda:2')
tensor([ 0.4468,  1.2253,  0.5181,  0.0483,  0.2874,  0.7577,  0.3844,  0.4384,
         1.4863, -0.0565,  0.0139,  1.5081, -0.7121], device='cuda:2')
Solve time for step 6 (global step 11) 14.605125988833606
Current ori: tensor(-0.7121, device='cuda:2')
Middle force: tensor([0.9643], device='cuda:2')
Thumb force: tensor([0.7117], device='cuda:2')
Index force: tensor([1.4003], device='cuda:2')
Current yaw: tensor([-0.7578], device='cuda:2')
3 turn
Sampling time 6.731528383679688
tensor([ 0.3357,  1.4776,  0.2860, -0.2270,  0.2977,  0.8341,  0.4335,  0.1171,
         1.5000, -0.1050, -0.0350,  1.6065, -0.7578], device='cuda:2')
Solve time for step 1 (global step 12) 26.79017727309838
Current ori: tensor(-0.7578, device='cuda:2')
Middle force: tensor([1.4534, 1.3257, 1.4419, 1.4051, 1.7949, 1.0616], device='cuda:2')
Thumb force: tensor([1.0395, 1.1642, 1.5265, 0.6238, 1.9745, 0.7139], device='cuda:2')
Index force: tensor([2.5164, 2.8136, 0.5224, 1.3679, 1.0773, 1.3992], device='cuda:2')
tensor([ 0.4091,  1.4957,  0.2518, -0.0456,  0.3013,  0.7441, -0.0024, -0.1296,
         1.4666, -0.1050,  0.0577,  1.5037, -0.5872], device='cuda:2')
Solve time for step 2 (global step 13) 27.562151615973562
Current ori: tensor(-0.5872, device='cuda:2')
Middle force: tensor([1.5360, 1.4160, 1.4461, 1.5324, 1.2435], device='cuda:2')
Thumb force: tensor([1.3551, 1.3928, 0.5115, 2.0194, 0.6689], device='cuda:2')
Index force: tensor([0.5120, 0.6970, 1.1449, 0.7759, 1.1582], device='cuda:2')
tensor([ 0.4695,  1.4540,  0.2606,  0.2309,  0.4700,  0.8134, -0.0094, -0.0258,
         1.3464, -0.1050, -0.0838,  1.6813, -0.5877], device='cuda:2')
Solve time for step 3 (global step 14) 23.049912057816982
Current ori: tensor(-0.5877, device='cuda:2')
Middle force: tensor([1.4800, 1.2720, 1.2388, 1.2048], device='cuda:2')
Thumb force: tensor([0.3749, 1.9669, 0.7505, 0.7312], device='cuda:2')
Index force: tensor([1.0626, 0.7668, 0.8767, 0.8479], device='cuda:2')
tensor([ 0.3094,  1.4058,  0.3401, -0.1279,  0.4437,  0.8530, -0.0239, -0.2270,
         1.4372,  0.0352,  0.1001,  1.2225, -0.5882], device='cuda:2')
Solve time for step 4 (global step 15) 18.146539262030274
Current ori: tensor(-0.5882, device='cuda:2')
Middle force: tensor([1.3785, 1.3499, 1.1629], device='cuda:2')
Thumb force: tensor([0.4054, 1.8669, 0.8197], device='cuda:2')
Index force: tensor([0.9929, 0.6836, 0.8663], device='cuda:2')
tensor([ 0.2924,  1.5084,  0.4147,  0.2162,  0.4673,  0.9501,  0.2257,  0.0894,
         1.5000, -0.1046, -0.1892,  1.4006, -0.9605], device='cuda:2')
Reached goal yaw
Reached goal yaw
Average turn amount: -0.9604508280754089 over 1 trials
{}

Trial 1802
Loaded trajectory sampler
Current yaw: tensor([1.2851e-11], device='cuda:2')
Current yaw: tensor([-0.0004], device='cuda:2')
1 turn
Sampling time 5.713660005945712
tensor([ 2.8535e-01,  6.1447e-01,  7.1720e-01,  7.9156e-01, -5.2700e-02,
         2.7291e-01,  8.7352e-01,  8.1200e-01,  1.2530e+00,  3.5435e-02,
         1.4566e-01,  4.6757e-01, -3.5293e-04], device='cuda:2')
Solve time for step 1 (global step 0) 25.316989329177886
Current ori: tensor(-0.0004, device='cuda:2')
Middle force: tensor([2.5186, 2.5661, 1.9847, 0.8881, 0.9685, 0.7581], device='cuda:2')
Thumb force: tensor([0.0923, 0.0858, 0.3652, 0.5289, 1.0898, 0.5941], device='cuda:2')
Index force: tensor([2.5798, 2.6917, 2.3712, 1.6949, 4.0737, 1.7195], device='cuda:2')
tensor([ 0.4700,  0.3953,  0.9219,  0.8255, -0.0342,  0.3530,  1.0227,  0.9379,
         1.3885, -0.1050,  0.0508,  0.8034, -0.1227], device='cuda:2')
Solve time for step 2 (global step 1) 29.573346765711904
Current ori: tensor(-0.1227, device='cuda:2')
Middle force: tensor([1.4100, 1.2127, 1.5717, 1.0802, 2.3500], device='cuda:2')
Thumb force: tensor([1.4829, 0.3269, 0.2832, 0.0903, 0.1277], device='cuda:2')
Index force: tensor([0.5146, 1.2571, 1.4230, 1.5321, 1.0665], device='cuda:2')
tensor([ 0.4700,  0.4474,  1.1176,  0.6759, -0.0902,  0.2195,  1.2753,  0.9831,
         1.1571, -0.0460,  0.2921,  1.1242, -0.1236], device='cuda:2')
Solve time for step 3 (global step 2) 19.515291042160243
Current ori: tensor(-0.1236, device='cuda:2')
Middle force: tensor([0.6093, 1.0309, 2.4246, 2.4298], device='cuda:2')
Thumb force: tensor([0.7105, 0.3430, 0.9815, 0.4898], device='cuda:2')
Index force: tensor([2.1545, 2.2717, 1.3891, 1.6673], device='cuda:2')
tensor([ 0.4700,  0.6046,  1.0007,  0.4465,  0.0779,  0.1950,  1.3501,  1.1234,
         0.9501, -0.1050,  0.4252,  1.3329, -0.1241], device='cuda:2')
Solve time for step 4 (global step 3) 16.614548582118005
Current ori: tensor(-0.1241, device='cuda:2')
Middle force: tensor([0.7109, 0.9664, 0.7056], device='cuda:2')
Thumb force: tensor([0.2302, 0.2821, 0.3473], device='cuda:2')
Index force: tensor([1.3697, 1.3406, 1.1503], device='cuda:2')
tensor([ 0.4700,  0.6177,  1.1717,  0.2363, -0.0175,  0.1943,  1.6848,  0.7365,
         1.1063, -0.1050,  0.0958,  1.4926, -0.2108], device='cuda:2')
Solve time for step 5 (global step 4) 16.956821342930198
Current ori: tensor(-0.2108, device='cuda:2')
Middle force: tensor([0.8140, 0.5920], device='cuda:2')
Thumb force: tensor([0.1641, 0.2871], device='cuda:2')
Index force: tensor([1.3203, 1.1721], device='cuda:2')
tensor([ 0.4700,  0.7232,  0.9244,  0.2865,  0.1734,  0.1608,  1.6339,  0.8740,
         1.1374, -0.1050, -0.1245,  1.7190, -0.2118], device='cuda:2')
Solve time for step 6 (global step 5) 15.472871561069041
Current ori: tensor(-0.2118, device='cuda:2')
Middle force: tensor([0.5983], device='cuda:2')
Thumb force: tensor([0.2754], device='cuda:2')
Index force: tensor([1.1046], device='cuda:2')
Current yaw: tensor([-0.2118], device='cuda:2')
2 turn
Sampling time 6.254424897022545
tensor([ 0.4700,  0.8306,  0.7395,  0.3689, -0.0369,  0.0443,  1.5031,  0.6330,
         1.0042, -0.1050,  0.3801,  1.2494, -0.2118], device='cuda:2')
Solve time for step 1 (global step 6) 24.914771025069058
Current ori: tensor(-0.2118, device='cuda:2')
Middle force: tensor([2.0326, 2.0698, 2.1436, 1.2416, 0.6299, 1.5289], device='cuda:2')
Thumb force: tensor([1.5980, 1.4823, 2.1298, 0.4306, 0.9476, 0.2639], device='cuda:2')
Index force: tensor([1.5454, 1.4641, 2.4332, 0.7869, 1.2517, 0.9296], device='cuda:2')
tensor([ 0.3809,  0.8044,  0.5752,  0.8189,  0.2136, -0.0631,  1.6254,  0.5789,
         1.0949, -0.1050,  0.4261,  1.1149, -0.1809], device='cuda:2')
Solve time for step 2 (global step 7) 23.889766766689718
Current ori: tensor(-0.1809, device='cuda:2')
Middle force: tensor([2.0473, 2.1979, 1.2301, 0.5926, 1.4880], device='cuda:2')
Thumb force: tensor([1.4685, 2.1560, 0.4319, 0.9639, 0.3348], device='cuda:2')
Index force: tensor([1.4329, 2.2999, 0.7888, 1.2556, 0.8190], device='cuda:2')
tensor([ 0.4700,  0.6153,  0.6254,  1.1447,  0.0522,  0.1084,  1.6238,  0.5050,
         1.1545, -0.0550,  0.6033,  0.9693, -0.1785], device='cuda:2')
Solve time for step 3 (global step 8) 19.29463995806873
Current ori: tensor(-0.1785, device='cuda:2')
Middle force: tensor([2.2294, 1.2127, 0.5768, 1.4985], device='cuda:2')
Thumb force: tensor([2.1662, 0.3005, 1.0130, 0.3033], device='cuda:2')
Index force: tensor([2.1482, 0.8084, 1.1415, 0.7860], device='cuda:2')
tensor([ 0.3591,  0.6623,  0.5742,  1.3606,  0.4247,  0.0730,  1.3552,  0.8735,
         1.2525, -0.1050,  0.6855,  0.8757, -0.1889], device='cuda:2')
Solve time for step 4 (global step 9) 19.188367476221174
Current ori: tensor(-0.1889, device='cuda:2')
Middle force: tensor([1.2195, 0.6991, 1.1680], device='cuda:2')
Thumb force: tensor([0.2303, 0.9114, 0.2654], device='cuda:2')
Index force: tensor([0.7273, 1.0160, 0.5765], device='cuda:2')
tensor([ 0.4700,  0.7807,  0.4319,  1.3879,  0.4700,  0.2853,  1.2309,  0.8142,
         1.5000, -0.0991,  0.7740,  0.8011, -0.2236], device='cuda:2')
Solve time for step 5 (global step 10) 17.407041385769844
Current ori: tensor(-0.2236, device='cuda:2')
Middle force: tensor([0.6967, 1.0755], device='cuda:2')
Thumb force: tensor([0.7809, 0.2726], device='cuda:2')
Index force: tensor([0.8808, 0.4629], device='cuda:2')
tensor([ 0.4700,  0.8693,  0.2617,  1.3429,  0.4609,  0.3430,  1.3866,  0.6982,
         1.1889, -0.1050,  1.0239,  0.2377, -0.2239], device='cuda:2')
Solve time for step 6 (global step 11) 18.749294243752956
Current ori: tensor(-0.2239, device='cuda:2')
Middle force: tensor([0.9462], device='cuda:2')
Thumb force: tensor([0.2892], device='cuda:2')
Index force: tensor([0.5054], device='cuda:2')
Current yaw: tensor([-0.2094], device='cuda:2')
3 turn
Sampling time 6.046012043952942
tensor([ 0.3782,  0.7647,  0.4741,  1.2303,  0.4682,  0.2935,  1.4215,  0.7647,
         1.2605, -0.1050,  1.2633, -0.1620, -0.2094], device='cuda:2')
Solve time for step 1 (global step 12) 28.620355335995555
Current ori: tensor(-0.2094, device='cuda:2')
Middle force: tensor([1.2758, 1.1509, 1.1411, 2.2460, 1.6844, 1.0546], device='cuda:2')
Thumb force: tensor([0.9039, 1.2843, 1.3143, 0.9592, 0.0555, 0.7416], device='cuda:2')
Index force: tensor([2.0831, 1.5219, 1.6879, 2.2855, 0.5153, 0.7864], device='cuda:2')
tensor([ 0.1321,  0.6730,  0.2650,  1.6180,  0.4497,  0.3282,  1.2511,  0.9789,
         1.2811, -0.1050,  1.1378,  0.0924, -0.1433], device='cuda:2')
Solve time for step 2 (global step 13) 21.573308759834617
Current ori: tensor(-0.1433, device='cuda:2')
Middle force: tensor([1.0158, 0.9591, 2.0841, 1.6371, 1.0762], device='cuda:2')
Thumb force: tensor([1.3191, 1.4021, 1.0399, 0.0020, 0.6596], device='cuda:2')
Index force: tensor([1.5526, 1.7398, 2.2519, 0.4907, 0.8926], device='cuda:2')
tensor([ 0.2790,  0.7528,  0.5802,  1.0567,  0.4700,  0.1692,  1.2361,  0.9567,
         1.3446, -0.1050,  1.0189,  0.3405, -0.2411], device='cuda:2')
Solve time for step 3 (global step 14) 20.298658173065633
Current ori: tensor(-0.2411, device='cuda:2')
Middle force: tensor([1.0265, 2.0504, 1.6020, 0.8458], device='cuda:2')
Thumb force: tensor([1.3439, 1.0507, 0.0302, 0.7997], device='cuda:2')
Index force: tensor([1.7354, 2.1425, 0.4869, 0.5849], device='cuda:2')
tensor([ 0.3408,  0.7915,  0.7599,  0.8799,  0.4700,  0.3349,  0.9955,  1.0772,
         1.5000, -0.0301,  0.9388,  0.5301, -0.4049], device='cuda:2')
Solve time for step 4 (global step 15) 19.385973574128002
Current ori: tensor(-0.4049, device='cuda:2')
Middle force: tensor([0.9242, 0.2820, 0.9623], device='cuda:2')
Thumb force: tensor([0.6060, 0.6238, 0.0307], device='cuda:2')
Index force: tensor([1.6837, 1.1788, 1.4520], device='cuda:2')
tensor([ 0.3213,  0.9271,  0.7342,  0.4653,  0.4700,  0.2868,  1.1396,  0.9249,
         1.4362,  0.2932,  1.0881,  0.3448, -0.4092], device='cuda:2')
Solve time for step 5 (global step 16) 17.31942368717864
Current ori: tensor(-0.4092, device='cuda:2')
Middle force: tensor([0.8410, 1.4361], device='cuda:2')
Thumb force: tensor([0.2136, 0.2006], device='cuda:2')
Index force: tensor([0.3299, 2.8325], device='cuda:2')
tensor([ 0.2636,  0.8677,  0.5581,  0.7118,  0.4472,  0.2089,  1.3436,  0.8300,
         1.5000,  0.3351,  0.9863,  0.5515, -0.4092], device='cuda:2')
Solve time for step 6 (global step 17) 13.294441459700465
Current ori: tensor(-0.4092, device='cuda:2')
Middle force: tensor([1.1973], device='cuda:2')
Thumb force: tensor([0.3651], device='cuda:2')
Index force: tensor([2.6437], device='cuda:2')
Current yaw: tensor([-0.3520], device='cuda:2')
4 turn
Sampling time 8.237063148990273
tensor([ 0.1299,  0.9427,  0.2718,  0.9910,  0.3933,  0.1433,  1.2574,  0.9555,
         1.3135,  0.5081,  1.1869,  0.7411, -0.3520], device='cuda:2')
Solve time for step 1 (global step 18) 26.768626858014613
Current ori: tensor(-0.3520, device='cuda:2')
Middle force: tensor([1.0979, 1.9332, 1.9688, 0.6442, 1.9020, 0.8160], device='cuda:2')
Thumb force: tensor([0.7417, 0.4073, 1.9150, 0.3981, 0.1857, 0.2889], device='cuda:2')
Index force: tensor([0.8527, 2.4373, 0.7579, 1.2475, 0.6101, 1.7705], device='cuda:2')
tensor([ 0.1073,  1.0329,  0.3754,  0.6347,  0.1950, -0.0659,  1.6657,  0.4821,
         1.5002,  0.5776,  0.9153,  0.4455, -0.3615], device='cuda:2')
Solve time for step 2 (global step 19) 20.475754474755377
Current ori: tensor(-0.3615, device='cuda:2')
Middle force: tensor([2.0173, 0.3979, 0.1956, 1.5912, 0.8957], device='cuda:2')
Thumb force: tensor([1.7901, 0.4767, 0.5774, 1.1665, 0.0694], device='cuda:2')
Index force: tensor([1.9459, 1.3765, 1.1838, 0.8090, 0.5844], device='cuda:2')
tensor([ 9.7804e-02,  8.6451e-01,  6.7218e-01,  5.0422e-01,  2.7706e-01,
        -1.2237e-03,  1.3246e+00,  7.7897e-01,  1.4675e+00,  6.0289e-01,
         9.4860e-01,  3.9714e-01, -3.3824e-01], device='cuda:2')
Solve time for step 3 (global step 20) 22.343079634010792
Current ori: tensor(-0.3382, device='cuda:2')
Middle force: tensor([1.1067, 1.8118, 2.0442, 1.9846], device='cuda:2')
Thumb force: tensor([0.4947, 0.4959, 0.4593, 0.4978], device='cuda:2')
Index force: tensor([0.8586, 1.8527, 1.0248, 1.1257], device='cuda:2')
tensor([ 0.1184,  1.0656,  0.0643,  0.6059,  0.0366, -0.1960,  1.2879,  0.7255,
         1.5003,  0.5707,  0.8159,  0.6695, -0.3313], device='cuda:2')
Solve time for step 4 (global step 21) 18.685315491165966
Current ori: tensor(-0.3313, device='cuda:2')
Middle force: tensor([0.6742, 0.9030, 0.5814], device='cuda:2')
Thumb force: tensor([0.2613, 0.2083, 0.1180], device='cuda:2')
Index force: tensor([1.2264, 1.7139, 0.7401], device='cuda:2')
tensor([ 0.1251,  1.1703,  0.2283,  0.5197,  0.3218, -0.0820,  0.9108,  0.9481,
         1.5004,  0.6387,  0.8728,  0.5316, -0.3768], device='cuda:2')
Solve time for step 5 (global step 22) 14.259776683989912
Current ori: tensor(-0.3768, device='cuda:2')
Middle force: tensor([1.8789, 0.7322], device='cuda:2')
Thumb force: tensor([0.1785, 0.6001], device='cuda:2')
Index force: tensor([0.6468, 1.3440], device='cuda:2')
tensor([ 0.4560,  1.1869,  0.4775,  0.1653,  0.4700,  0.2022,  0.7720,  0.6163,
         1.5004,  0.5675,  0.8960,  0.4940, -0.3603], device='cuda:2')
Solve time for step 6 (global step 23) 13.906337147112936
Current ori: tensor(-0.3603, device='cuda:2')
Middle force: tensor([1.4572], device='cuda:2')
Thumb force: tensor([1.5478], device='cuda:2')
Index force: tensor([1.9258], device='cuda:2')
Current yaw: tensor([-0.3354], device='cuda:2')
5 turn
Sampling time 8.546243957709521
tensor([ 0.4700,  1.1496,  0.6173, -0.0503,  0.4577,  0.2472,  0.6149,  0.7715,
         1.5006,  0.5418,  1.0230,  0.1873, -0.3354], device='cuda:2')
Solve time for step 1 (global step 24) 21.072217334993184
Current ori: tensor(-0.3354, device='cuda:2')
Middle force: tensor([1.0478, 1.1990, 1.1152, 0.7644, 0.8367, 1.9220], device='cuda:2')
Thumb force: tensor([2.1522, 1.7978, 0.3089, 0.1654, 0.2660, 1.7079], device='cuda:2')
Index force: tensor([3.2061, 1.4964, 1.7757, 1.2160, 1.3760, 1.5134], device='cuda:2')
tensor([ 0.4700,  1.1586,  0.6890, -0.2270,  0.4700,  0.4082,  0.1858,  1.1248,
         1.3784,  0.7737,  0.9782,  0.4494, -0.3567], device='cuda:2')
Solve time for step 2 (global step 25) 22.732737068086863
Current ori: tensor(-0.3567, device='cuda:2')
Middle force: tensor([1.2180, 0.7201, 0.7868, 1.8313, 1.9280], device='cuda:2')
Thumb force: tensor([0.4611, 1.5361, 0.2676, 0.1460, 0.1087], device='cuda:2')
Index force: tensor([1.6937, 1.1512, 0.5034, 0.9722, 1.0563], device='cuda:2')
tensor([ 0.4366,  1.1741,  0.3490,  0.0505,  0.4700,  0.3923,  0.1978,  0.9593,
         1.4985,  0.5680,  0.9083,  0.4669, -0.3553], device='cuda:2')
Solve time for step 3 (global step 26) 22.108833637088537
Current ori: tensor(-0.3553, device='cuda:2')
Middle force: tensor([1.0609, 0.9305, 0.9874, 1.9083], device='cuda:2')
Thumb force: tensor([0.3604, 0.0940, 0.0843, 1.7701], device='cuda:2')
Index force: tensor([1.7510, 1.0151, 1.0421, 1.1920], device='cuda:2')
tensor([ 0.3712,  0.9231,  0.3492,  0.1826,  0.0021,  0.3893,  0.4700,  0.9011,
         1.5009,  0.5409,  0.9513,  0.3525, -0.3285], device='cuda:2')
Solve time for step 4 (global step 27) 16.982547210063785
Current ori: tensor(-0.3285, device='cuda:2')
Middle force: tensor([1.3695, 1.4527, 1.3383], device='cuda:2')
Thumb force: tensor([0.5637, 0.6755, 0.8980], device='cuda:2')
Index force: tensor([1.5594, 1.6013, 0.9907], device='cuda:2')
tensor([ 0.3222,  1.1242,  0.3879,  0.3384,  0.2363,  0.4267,  0.3801,  0.6662,
         1.5004,  0.5411,  1.0057,  0.2273, -0.3330], device='cuda:2')
Solve time for step 5 (global step 28) 14.591671775095165
Current ori: tensor(-0.3330, device='cuda:2')
Middle force: tensor([0.9289, 1.8311], device='cuda:2')
Thumb force: tensor([0.3307, 1.8466], device='cuda:2')
Index force: tensor([0.7994, 1.1635], device='cuda:2')
tensor([ 0.4700,  1.1485,  0.2221,  0.0348,  0.1527, -0.0293,  0.3328,  0.9866,
         1.5000,  0.5214,  0.8863,  0.5845, -0.3297], device='cuda:2')
Solve time for step 6 (global step 29) 15.863324791193008
Current ori: tensor(-0.3297, device='cuda:2')
Middle force: tensor([1.8220], device='cuda:2')
Thumb force: tensor([1.0356], device='cuda:2')
Index force: tensor([1.4309], device='cuda:2')
Current yaw: tensor([-0.3639], device='cuda:2')
6 turn
Sampling time 5.191620192024857
tensor([ 0.1621,  1.0433,  0.0534,  0.0950,  0.4321,  0.2412,  0.1391,  1.1201,
         1.5000,  0.2332,  0.9825,  0.4884, -0.3639], device='cuda:2')
Solve time for step 1 (global step 30) 23.74621950602159
Current ori: tensor(-0.3639, device='cuda:2')
Middle force: tensor([0.7713, 1.2975, 1.0769, 1.0683, 0.8966, 1.9043], device='cuda:2')
Thumb force: tensor([2.3420, 1.6046, 0.4298, 0.4655, 0.0688, 1.7802], device='cuda:2')
Index force: tensor([2.8455, 1.1383, 1.8686, 1.9224, 1.2812, 1.5212], device='cuda:2')
tensor([ 0.1449,  0.9718,  0.1432,  0.1702,  0.2527,  0.3915,  0.2640,  1.0971,
         1.5000,  0.1441,  1.2219,  0.3348, -0.3305], device='cuda:2')
Solve time for step 2 (global step 31) 24.154104171786457
Current ori: tensor(-0.3305, device='cuda:2')
Middle force: tensor([1.3899, 1.0665, 1.0559, 0.9160, 1.9204], device='cuda:2')
Thumb force: tensor([1.4569, 0.5061, 0.5455, 0.0604, 1.6675], device='cuda:2')
Index force: tensor([1.0868, 1.8752, 1.9441, 1.2526, 1.5410], device='cuda:2')
tensor([ 0.2671,  1.1564,  0.5055,  0.4198,  0.4154,  0.4354,  0.5410,  0.6692,
         1.4226,  0.3220,  1.2263,  0.2912, -0.6348], device='cuda:2')
Solve time for step 3 (global step 32) 19.97024919372052
Current ori: tensor(-0.6348, device='cuda:2')
Middle force: tensor([1.0667, 1.1205, 0.9105, 1.8829], device='cuda:2')
Thumb force: tensor([0.4752, 0.5530, 0.0804, 1.7662], device='cuda:2')
Index force: tensor([1.8638, 1.9250, 1.2589, 1.5275], device='cuda:2')
tensor([ 0.2645,  0.9092,  0.6328,  0.6292,  0.2284,  0.6126,  0.5340,  0.7110,
         1.4302,  0.2139,  1.1309,  0.2528, -0.6434], device='cuda:2')
Solve time for step 4 (global step 33) 17.848421175964177
Current ori: tensor(-0.6434, device='cuda:2')
Middle force: tensor([1.1544, 0.9775, 1.8731], device='cuda:2')
Thumb force: tensor([0.4943, 0.1537, 1.7527], device='cuda:2')
Index force: tensor([1.8889, 1.2374, 1.5425], device='cuda:2')
tensor([ 0.3175,  0.8707,  0.6437,  0.4398,  0.3427,  0.5198,  0.3068,  1.1234,
         1.5000,  0.3636,  1.2526,  0.1580, -0.6436], device='cuda:2')
Solve time for step 5 (global step 34) 20.23531421320513
Current ori: tensor(-0.6436, device='cuda:2')
Middle force: tensor([1.1641, 1.9032], device='cuda:2')
Thumb force: tensor([0.1460, 1.7574], device='cuda:2')
Index force: tensor([1.2463, 1.4955], device='cuda:2')
tensor([ 0.2960,  0.7538,  0.7230,  0.6865,  0.3576,  0.3657,  0.7483,  0.6581,
         1.2421,  0.0481,  1.0655,  0.6481, -0.6454], device='cuda:2')
Solve time for step 6 (global step 35) 18.887041283771396
Current ori: tensor(-0.6454, device='cuda:2')
Middle force: tensor([1.0792], device='cuda:2')
Thumb force: tensor([0.3756], device='cuda:2')
Index force: tensor([0.9050], device='cuda:2')
Current yaw: tensor([-0.6157], device='cuda:2')
7 turn
Sampling time 6.936867575161159
tensor([ 0.2294,  0.9614,  0.5781,  0.8110,  0.4700,  0.2180,  0.9051,  0.6437,
         0.9307,  0.2012,  1.1337,  0.4814, -0.6157], device='cuda:2')
Solve time for step 1 (global step 36) 25.17300520138815
Current ori: tensor(-0.6157, device='cuda:2')
Middle force: tensor([1.4581, 1.1048, 1.1144, 2.1213, 1.7181, 1.1620], device='cuda:2')
Thumb force: tensor([1.0634, 1.4416, 1.4787, 1.2596, 0.0624, 0.7404], device='cuda:2')
Index force: tensor([2.1156, 1.4436, 1.5322, 2.3571, 0.6529, 0.8539], device='cuda:2')
tensor([ 0.4700,  0.5827,  0.7395,  1.0111,  0.4700,  0.1337,  1.1745,  0.6484,
         1.2222,  0.1941,  1.3342, -0.1122, -0.6159], device='cuda:2')
Solve time for step 2 (global step 37) 23.626183077227324
Current ori: tensor(-0.6159, device='cuda:2')
Middle force: tensor([1.1369, 1.2387, 2.1240, 1.7031, 1.1627], device='cuda:2')
Thumb force: tensor([1.4092, 1.3072, 1.2281, 0.0635, 0.5832], device='cuda:2')
Index force: tensor([1.4759, 1.5140, 2.3255, 0.7262, 1.0551], device='cuda:2')
tensor([ 0.2503,  0.7849,  0.9981,  0.5776,  0.4700, -0.1324,  1.4860,  0.6415,
         1.2324,  0.1877,  1.2072,  0.1252, -0.6159], device='cuda:2')
Solve time for step 3 (global step 38) 20.673389574047178
Current ori: tensor(-0.6159, device='cuda:2')
Middle force: tensor([1.3313, 2.3491, 1.6662, 0.9864], device='cuda:2')
Thumb force: tensor([1.1507, 0.8575, 0.1015, 0.4995], device='cuda:2')
Index force: tensor([1.5257, 2.2329, 0.6682, 1.1369], device='cuda:2')
tensor([ 0.2779,  0.7878,  1.3971,  0.1325,  0.3868, -0.1312,  1.5771,  0.5134,
         1.5000, -0.1050,  1.0327,  0.6671, -0.8183], device='cuda:2')
Solve time for step 4 (global step 39) 18.720056796912104
Current ori: tensor(-0.8183, device='cuda:2')
Middle force: tensor([0.7354, 0.6777, 0.4815], device='cuda:2')
Thumb force: tensor([0.9565, 0.6691, 0.2400], device='cuda:2')
Index force: tensor([1.5641, 1.6203, 1.9810], device='cuda:2')
tensor([ 0.4694,  0.7292,  1.3302,  0.4443,  0.4627,  0.1034,  1.3954,  0.6638,
         1.5000, -0.1050,  0.8677,  1.1276, -0.8287], device='cuda:2')
Solve time for step 5 (global step 40) 14.680068204645067
Current ori: tensor(-0.8287, device='cuda:2')
Middle force: tensor([1.8566, 1.6428], device='cuda:2')
Thumb force: tensor([0.8255, 1.1884], device='cuda:2')
Index force: tensor([1.3530, 1.2227], device='cuda:2')
tensor([ 0.2585,  0.5988,  1.5224, -0.0460,  0.4589,  0.2337,  1.1472,  0.8711,
         1.5000,  0.2009,  0.9500,  0.8378, -0.8458], device='cuda:2')
Solve time for step 6 (global step 41) 19.479581955820322
Current ori: tensor(-0.8458, device='cuda:2')
Middle force: tensor([0.4745], device='cuda:2')
Thumb force: tensor([0.2363], device='cuda:2')
Index force: tensor([1.8735], device='cuda:2')
Current yaw: tensor([-0.6964], device='cuda:2')
8 turn
Sampling time 6.942999656777829
tensor([ 0.1831,  0.5218,  1.4604,  0.1990,  0.4700, -0.0388,  1.1637,  0.7315,
         1.5000,  0.0635,  0.6755,  1.1173, -0.6964], device='cuda:2')
Solve time for step 1 (global step 42) 27.193003945983946
Current ori: tensor(-0.6964, device='cuda:2')
Middle force: tensor([0.8695, 1.3704, 1.2958, 0.8343, 0.8544, 2.3428], device='cuda:2')
Thumb force: tensor([0.5821, 0.7163, 0.8887, 1.7794, 0.0329, 0.1969], device='cuda:2')
Index force: tensor([1.3959, 1.9815, 2.1172, 1.1437, 0.6973, 1.5210], device='cuda:2')
tensor([ 0.3539,  0.2625,  1.6720,  0.3260,  0.4700, -0.0562,  0.9796,  0.9818,
         1.2658,  0.2195,  1.1894,  0.5305, -0.6905], device='cuda:2')
Solve time for step 2 (global step 43) 20.708281483035535
Current ori: tensor(-0.6905, device='cuda:2')
Middle force: tensor([1.6595, 1.1223, 1.3433, 1.3186, 1.2235], device='cuda:2')
Thumb force: tensor([0.2369, 0.5698, 0.5866, 0.6770, 0.8865], device='cuda:2')
Index force: tensor([0.8637, 2.0165, 1.4435, 1.5268, 0.8760], device='cuda:2')
tensor([ 0.2780,  0.4687,  1.7090,  0.2921,  0.4700, -0.0631,  0.7173,  0.9854,
         1.5000,  0.1321,  1.1185,  0.4929, -0.6905], device='cuda:2')
Solve time for step 3 (global step 44) 21.312096316367388
Current ori: tensor(-0.6905, device='cuda:2')
Middle force: tensor([0.8803, 0.8480, 0.7699, 2.1177], device='cuda:2')
Thumb force: tensor([1.3287, 1.5689, 0.2644, 0.0042], device='cuda:2')
Index force: tensor([0.9138, 1.0231, 0.4405, 1.1998], device='cuda:2')
tensor([ 0.1718,  0.4553,  1.5156,  0.7777,  0.1616,  0.2650,  0.6558,  0.8194,
         1.1958,  0.2279,  1.2766,  0.3357, -0.6923], device='cuda:2')
Solve time for step 4 (global step 45) 19.357871220912784
Current ori: tensor(-0.6923, device='cuda:2')
Middle force: tensor([0.8498, 1.6573, 1.6506], device='cuda:2')
Thumb force: tensor([0.1499, 0.1725, 0.2816], device='cuda:2')
Index force: tensor([0.5950, 1.2655, 1.2335], device='cuda:2')
tensor([ 0.1695,  0.7016,  1.6202,  0.7124,  0.2632,  0.2682,  1.0479,  0.8632,
         1.3500,  0.2120,  1.2677,  0.0212, -0.7293], device='cuda:2')
Solve time for step 5 (global step 46) 19.748881317675114
Current ori: tensor(-0.7293, device='cuda:2')
Middle force: tensor([1.5937, 1.4724], device='cuda:2')
Thumb force: tensor([0.3033, 0.5815], device='cuda:2')
Index force: tensor([1.4895, 1.3848], device='cuda:2')
tensor([ 0.1280,  0.9902,  1.4956,  0.4850,  0.4352,  0.2654,  1.1733,  0.5174,
         1.5001,  0.0217,  1.3210, -0.1294, -0.9569], device='cuda:2')
Solve time for step 6 (global step 47) 15.759309337008744
Current ori: tensor(-0.9569, device='cuda:2')
Middle force: tensor([1.7717], device='cuda:2')
Thumb force: tensor([0.4515], device='cuda:2')
Index force: tensor([1.6865], device='cuda:2')
Reached goal yaw
Average turn amount: -0.967656284570694 over 2 trials
{}

Trial 1803
Loaded trajectory sampler
Current yaw: tensor([1.2851e-11], device='cuda:2')
Current yaw: tensor([-0.0002], device='cuda:2')
1 turn
Sampling time 8.347487437073141
tensor([ 2.7704e-01,  5.8531e-01,  7.4023e-01,  8.3355e-01, -4.9126e-02,
         2.4650e-01,  8.9165e-01,  7.6801e-01,  1.2578e+00, -3.2979e-02,
         1.4406e-01,  4.5792e-01, -2.4514e-04], device='cuda:2')
Solve time for step 1 (global step 0) 24.027123331092298
Current ori: tensor(-0.0002, device='cuda:2')
Middle force: tensor([0.4551, 0.6080, 0.6196, 0.7355, 2.1238, 1.5771], device='cuda:2')
Thumb force: tensor([0.4553, 1.8806, 1.7850, 0.4014, 0.4896, 1.2910], device='cuda:2')
Index force: tensor([1.0303, 2.3306, 2.5395, 0.8877, 1.9935, 1.1931], device='cuda:2')
tensor([ 0.2666,  0.5056,  0.8154,  0.7933, -0.0226,  0.1620,  1.1948,  0.4212,
         0.9703,  0.1151, -0.0738,  0.7316, -0.0409], device='cuda:2')
Solve time for step 2 (global step 1) 19.24444124987349
Current ori: tensor(-0.0409, device='cuda:2')
Middle force: tensor([0.5888, 0.6689, 0.7268, 2.0160, 1.5169], device='cuda:2')
Thumb force: tensor([1.8625, 1.7166, 0.4380, 0.4589, 1.3240], device='cuda:2')
Index force: tensor([2.3052, 2.5339, 0.8613, 2.0556, 1.1165], device='cuda:2')
tensor([ 0.1066,  0.2099,  1.2839,  0.6007, -0.0195,  0.1680,  1.3433,  0.5979,
         1.0503,  0.5039, -0.1890,  1.1745, -0.0411], device='cuda:2')
Solve time for step 3 (global step 2) 25.473492891993374
Current ori: tensor(-0.0411, device='cuda:2')
Middle force: tensor([0.9703, 1.1127, 1.3180, 1.1417], device='cuda:2')
Thumb force: tensor([0.8243, 0.1833, 0.0084, 0.0621], device='cuda:2')
Index force: tensor([0.9318, 1.0771, 2.2906, 2.3247], device='cuda:2')
tensor([ 0.0839,  0.2013,  0.8653,  0.5212,  0.0897,  0.1393,  1.2604,  0.8750,
         1.2673,  0.5607, -0.1897,  1.4320, -0.2129], device='cuda:2')
Solve time for step 4 (global step 3) 16.28378818044439
Current ori: tensor(-0.2129, device='cuda:2')
Middle force: tensor([1.5336, 1.4322, 1.2452], device='cuda:2')
Thumb force: tensor([1.2411, 1.4833, 0.0405], device='cuda:2')
Index force: tensor([0.9387, 0.9467, 1.1549], device='cuda:2')
tensor([ 0.2548,  0.3136,  1.0346,  0.8343,  0.2308,  0.0390,  1.1897,  0.9397,
         1.4466,  0.7115, -0.1892,  1.0731, -0.3616], device='cuda:2')
Solve time for step 5 (global step 4) 16.74599159695208
Current ori: tensor(-0.3616, device='cuda:2')
Middle force: tensor([1.6891, 1.5170], device='cuda:2')
Thumb force: tensor([0.7253, 1.3107], device='cuda:2')
Index force: tensor([1.8565, 0.9349], device='cuda:2')
tensor([ 0.1600,  0.1258,  0.6680,  0.8728,  0.0832,  0.1403,  0.8049,  0.9326,
         1.3485,  0.9961, -0.0492,  0.6226, -0.3630], device='cuda:2')
Solve time for step 6 (global step 5) 15.594245444983244
Current ori: tensor(-0.3630, device='cuda:2')
Middle force: tensor([1.4445], device='cuda:2')
Thumb force: tensor([0.6759], device='cuda:2')
Index force: tensor([3.0253], device='cuda:2')
Current yaw: tensor([-0.3482], device='cuda:2')
2 turn
Sampling time 9.463343478739262
tensor([ 0.1271,  0.0730,  0.8787,  0.6326,  0.1039,  0.2660,  1.1391,  0.5112,
         1.0347,  1.1588, -0.0730,  0.8056, -0.3482], device='cuda:2')
Solve time for step 1 (global step 6) 25.110997805837542
Current ori: tensor(-0.3482, device='cuda:2')
Middle force: tensor([0.7488, 0.7605, 0.8678, 1.8616, 1.3850, 1.5178], device='cuda:2')
Thumb force: tensor([0.2290, 0.2329, 1.5618, 0.9447, 1.5298, 1.5673], device='cuda:2')
Index force: tensor([2.2719, 1.7281, 2.3803, 0.5480, 4.9341, 1.5700], device='cuda:2')
tensor([ 0.3594, -0.0779,  1.1504,  0.1063,  0.1014,  0.3989,  0.9768,  0.4704,
         0.7865,  0.9943, -0.1890,  1.0925, -0.3536], device='cuda:2')
Solve time for step 2 (global step 7) 22.19756816001609
Current ori: tensor(-0.3536, device='cuda:2')
Middle force: tensor([1.7340, 1.7022, 1.6972, 1.2861, 0.7594], device='cuda:2')
Thumb force: tensor([0.3841, 0.5474, 0.5905, 0.4312, 0.6962], device='cuda:2')
Index force: tensor([1.8351, 0.7841, 0.7840, 0.7773, 2.1943], device='cuda:2')
tensor([ 6.4842e-02, -4.5499e-02,  1.0382e+00,  1.7413e-01,  2.5704e-02,
         4.6461e-01,  9.5658e-01,  6.6593e-01,  8.6104e-01,  8.5025e-01,
         1.7105e-04,  1.0461e+00, -3.3271e-01], device='cuda:2')
Solve time for step 3 (global step 8) 20.26916813198477
Current ori: tensor(-0.3327, device='cuda:2')
Middle force: tensor([2.0642, 1.1412, 0.8161, 1.1628], device='cuda:2')
Thumb force: tensor([0.3923, 2.2749, 1.3023, 1.4037], device='cuda:2')
Index force: tensor([1.6568, 1.5475, 1.0043, 1.7264], device='cuda:2')
tensor([-0.4700,  0.0351,  0.4225,  0.2998, -0.1035,  0.4777,  0.8513,  0.7292,
         1.1793,  0.3763,  0.0623,  1.0382, -0.3303], device='cuda:2')
Solve time for step 4 (global step 9) 20.54778971290216
Current ori: tensor(-0.3303, device='cuda:2')
Middle force: tensor([1.5090, 0.7039, 1.5882], device='cuda:2')
Thumb force: tensor([0.4710, 0.6785, 0.1812], device='cuda:2')
Index force: tensor([1.0000, 2.9826, 1.0383], device='cuda:2')
tensor([-0.4480,  0.2124,  0.7535, -0.0221,  0.0459,  0.5008,  0.9029,  0.7003,
         1.1733,  0.0557, -0.0660,  1.5344, -0.3301], device='cuda:2')
Solve time for step 5 (global step 10) 16.47287432011217
Current ori: tensor(-0.3301, device='cuda:2')
Middle force: tensor([0.9186, 1.5091], device='cuda:2')
Thumb force: tensor([1.5396, 1.0485], device='cuda:2')
Index force: tensor([4.8690, 1.7031], device='cuda:2')
tensor([-0.1736,  0.5675,  0.3059, -0.2086,  0.0837,  0.6607,  0.7691,  0.4194,
         1.2644,  0.1688,  0.1280,  1.1598, -0.4446], device='cuda:2')
Solve time for step 6 (global step 11) 13.860710110049695
Current ori: tensor(-0.4446, device='cuda:2')
Middle force: tensor([1.9468], device='cuda:2')
Thumb force: tensor([1.7870], device='cuda:2')
Index force: tensor([2.4060], device='cuda:2')
Current yaw: tensor([-0.5450], device='cuda:2')
3 turn
Sampling time 8.353625565767288
tensor([-6.8270e-02,  6.0716e-01,  2.5308e-01, -2.2700e-01,  9.2350e-02,
         5.9003e-01,  4.4474e-01,  4.1899e-01,  1.4967e+00,  8.0838e-03,
        -1.1064e-03,  1.1165e+00, -5.4500e-01], device='cuda:2')
Solve time for step 1 (global step 12) 17.11051653092727
Current ori: tensor(-0.5450, device='cuda:2')
Middle force: tensor([0.0894, 1.8645, 2.6178, 2.4885, 1.8375, 1.6190], device='cuda:2')
Thumb force: tensor([0.6733, 0.3030, 1.4806, 1.6517, 1.7356, 1.1087], device='cuda:2')
Index force: tensor([1.3511, 1.9944, 0.7824, 0.7843, 0.4542, 0.5194], device='cuda:2')
tensor([ 0.0019,  0.6469,  0.1282, -0.0959,  0.1658,  0.6306,  0.4851,  0.5397,
         1.2456, -0.1050, -0.1895,  1.3822, -0.6043], device='cuda:2')
Solve time for step 2 (global step 13) 19.255351214203984
Current ori: tensor(-0.6043, device='cuda:2')
Middle force: tensor([0.6750, 1.0787, 2.2193, 0.6572, 0.6420], device='cuda:2')
Thumb force: tensor([0.1883, 1.7694, 1.3336, 0.6637, 2.4511], device='cuda:2')
Index force: tensor([2.1253, 1.6139, 1.7101, 1.9013, 2.2760], device='cuda:2')
tensor([ 0.1686,  0.7661,  0.0371, -0.2270,  0.1918,  0.8542,  0.4100,  0.4609,
         1.3871, -0.1050, -0.1891,  1.4056, -0.7609], device='cuda:2')
Solve time for step 3 (global step 14) 17.58610471105203
Current ori: tensor(-0.7609, device='cuda:2')
Middle force: tensor([2.5846, 2.5482, 1.6805, 1.5917], device='cuda:2')
Thumb force: tensor([1.3141, 1.3521, 1.6270, 0.8542], device='cuda:2')
Index force: tensor([0.8459, 0.9131, 0.8769, 0.5678], device='cuda:2')
tensor([ 0.0056,  0.5998, -0.0660, -0.1726,  0.2377,  0.7854,  0.5354,  0.3905,
         1.4622, -0.1050, -0.1895,  1.5893, -0.8502], device='cuda:2')
Solve time for step 4 (global step 15) 14.87743820482865
Current ori: tensor(-0.8502, device='cuda:2')
Middle force: tensor([2.4882, 1.6872, 1.5641], device='cuda:2')
Thumb force: tensor([1.3445, 1.6095, 0.7950], device='cuda:2')
Index force: tensor([0.9031, 0.8073, 0.6432], device='cuda:2')
