Importing module 'gym_38' (/home/abhinav/Documents/isaacgym/python/isaacgym/_bindings/linux-x86_64/gym_38.so)
Setting GYM_USD_PLUG_INFO_PATH to /home/abhinav/Documents/isaacgym/python/isaacgym/_bindings/linux-x86_64/usd/plugInfo.json
PyTorch version 2.4.1+cu121
Device count 2
/home/abhinav/Documents/isaacgym/python/isaacgym/_bindings/src/gymtorch
ninja: no work to do.
No ROS install found, continuing
CCAI_PATH /home/abhinav/Documents/ccai
Not connected to PVD
Physics Engine: PhysX
Physics Device: cpu
GPU Pipeline: disabled
Using VHACD cache directory '/home/abhinav/.isaacgym/vhacd'
Found existing convex decomposition for mesh '/home/abhinav/Documents/github/isaacgym-arm-envs/isaac_victor_envs/assets/xela_models/mesh/allegro/base_ns.stl'
Found existing convex decomposition for mesh '/home/abhinav/Documents/github/isaacgym-arm-envs/isaac_victor_envs/assets/xela_models/mesh/allegro/link_1.0.stl'
Found existing convex decomposition for mesh '/home/abhinav/Documents/github/isaacgym-arm-envs/isaac_victor_envs/assets/xela_models/mesh/ft_c.stl'
[ models/temporal ] Channel dimensions: [(37, 128), (128, 256), (256, 512)]
[ models/temporal ] Channel dimensions: [(37, 128), (128, 256), (256, 512)]

Trial 1
Loaded trajectory sampler
Current yaw: tensor([ 5.5207e-05,  1.3631e-02, -4.8130e-02], device='cuda:0')
Current yaw: tensor([ 5.5207e-05,  1.3631e-02, -4.8130e-02], device='cuda:0')
1 turn
Sampling time 3.9949202580028214
tensor([ 1.5538e-01,  6.1090e-01,  5.7053e-01,  6.0998e-01, -1.1557e-01,
         5.3958e-01,  8.8539e-01,  9.3525e-01,  1.2574e+00,  2.2958e-01,
         2.3280e-01,  1.2081e+00,  5.5207e-05,  1.3631e-02, -4.8130e-02,
         4.4650e-01], device='cuda:0')
Original likelihood: -19.054738998413086
Adjusted likelihood: -19.054738998413086
Likelihood residual: 0.0
Stochastic decision: ID (sampled from p=1.0000)
Solve time for step 1 14.003506680979626
Current ori: tensor([ 5.5207e-05,  1.3631e-02, -4.8130e-02], device='cuda:0')
Middle force: tensor([0.5791, 0.5709, 1.1438, 0.5580, 1.1024, 0.6482, 0.5358, 0.5249, 0.5829,
        0.5540, 0.5206, 0.5708], device='cuda:0')
Thumb force: tensor([0.8664, 0.8197, 0.7561, 1.0166, 0.9685, 0.6757, 0.5213, 0.5700, 0.5453,
        0.6043, 0.5627, 0.5500], device='cuda:0')
Index force: tensor([0.5978, 0.6008, 0.5560, 0.5699, 0.7921, 0.5254, 1.0088, 0.5495, 0.5799,
        0.6410, 0.5969, 0.5416], device='cuda:0')
Storing NORMAL transition: reward=0.0632 (scaled=0.0632), steps=1
Collected 1 transitions for RL
tensor([ 0.1589,  0.6324,  0.5477,  0.6041, -0.1221,  0.5601,  0.8481,  0.9816,
         1.2627,  0.2484,  0.2445,  1.1436, -0.0067,  0.0060, -0.1112,  0.6298],
       device='cuda:0')
Original likelihood: -22.577980041503906
Adjusted likelihood: -22.577980041503906
Likelihood residual: 0.0
Stochastic decision: ID (sampled from p=1.0000)
Solve time for step 2 2.81296719898819
Current ori: tensor([-0.0067,  0.0060, -0.1112], device='cuda:0')
Middle force: tensor([0.5686, 1.1278, 0.5552, 1.0911, 0.6447, 0.5340, 0.5235, 0.5802, 0.5510,
        0.5191, 0.5680], device='cuda:0')
Thumb force: tensor([0.8051, 0.7433, 1.0004, 0.9439, 0.6697, 0.5197, 0.5656, 0.5426, 0.5997,
        0.5597, 0.5474], device='cuda:0')
Index force: tensor([0.5943, 0.5528, 0.5667, 0.7839, 0.5235, 0.9961, 0.5460, 0.5767, 0.6368,
        0.5929, 0.5395], device='cuda:0')
Storing NORMAL transition: reward=0.0555 (scaled=0.0555), steps=1
Collected 2 transitions for RL
tensor([ 0.1571,  0.6426,  0.5350,  0.5982, -0.1206,  0.5565,  0.8422,  1.0132,
         1.2685,  0.2625,  0.2459,  1.1045, -0.0086,  0.0052, -0.1668,  0.6900],
       device='cuda:0')
Original likelihood: -22.48431396484375
Adjusted likelihood: -22.48431396484375
Likelihood residual: 0.0
Stochastic decision: ID (sampled from p=1.0000)
Solve time for step 3 2.688092633994529
Current ori: tensor([-0.0086,  0.0052, -0.1668], device='cuda:0')
Middle force: tensor([1.1108, 0.5525, 1.0793, 0.6407, 0.5324, 0.5221, 0.5776, 0.5479, 0.5176,
        0.5652], device='cuda:0')
Thumb force: tensor([0.7272, 0.9854, 0.9226, 0.6647, 0.5181, 0.5620, 0.5403, 0.5962, 0.5580,
        0.5459], device='cuda:0')
Index force: tensor([0.5495, 0.5635, 0.7753, 0.5218, 0.9834, 0.5426, 0.5734, 0.6324, 0.5883,
        0.5369], device='cuda:0')
Storing NORMAL transition: reward=0.0447 (scaled=0.0447), steps=1
Collected 3 transitions for RL
tensor([ 0.1580,  0.6300,  0.5446,  0.6148, -0.1242,  0.5389,  0.8576,  1.0436,
         1.2944,  0.2501,  0.2315,  1.0808, -0.0049,  0.0053, -0.2114,  0.7477],
       device='cuda:0')
Original likelihood: -19.525733947753906
Adjusted likelihood: -19.525733947753906
Likelihood residual: 0.0
Stochastic decision: ID (sampled from p=1.0000)
Solve time for step 4 2.5274994100036565
Current ori: tensor([-0.0049,  0.0053, -0.2114], device='cuda:0')
Middle force: tensor([0.5489, 1.0685, 0.6366, 0.5309, 0.5208, 0.5748, 0.5450, 0.5163, 0.5621],
       device='cuda:0')
Thumb force: tensor([0.9695, 0.9024, 0.6598, 0.5166, 0.5588, 0.5381, 0.5931, 0.5567, 0.5452],
       device='cuda:0')
Index force: tensor([0.5604, 0.7672, 0.5202, 0.9729, 0.5395, 0.5701, 0.6281, 0.5836, 0.5341],
       device='cuda:0')
Storing NORMAL transition: reward=0.0426 (scaled=0.0426), steps=1
Collected 4 transitions for RL
tensor([ 0.1567,  0.6207,  0.5517,  0.6235, -0.1277,  0.5343,  0.8607,  1.0497,
         1.2972,  0.2760,  0.2295,  1.0565, -0.0068,  0.0073, -0.2541,  0.8771],
       device='cuda:0')
Original likelihood: -21.289907455444336
Adjusted likelihood: -21.289907455444336
Likelihood residual: 0.0
Stochastic decision: ID (sampled from p=1.0000)
Solve time for step 5 2.4568858899874613
Current ori: tensor([-0.0068,  0.0073, -0.2541], device='cuda:0')
Middle force: tensor([1.0516, 0.6325, 0.5295, 0.5195, 0.5723, 0.5424, 0.5150, 0.5592],
       device='cuda:0')
Thumb force: tensor([0.8831, 0.6545, 0.5152, 0.5558, 0.5360, 0.5898, 0.5562, 0.5450],
       device='cuda:0')
Index force: tensor([0.7602, 0.5188, 0.9616, 0.5367, 0.5666, 0.6238, 0.5785, 0.5311],
       device='cuda:0')
Storing NORMAL transition: reward=0.0420 (scaled=0.0420), steps=1
Collected 5 transitions for RL
tensor([ 0.1595,  0.6098,  0.5628,  0.6370, -0.1264,  0.5292,  0.8673,  1.0572,
         1.3150,  0.2639,  0.2217,  1.0297, -0.0095,  0.0064, -0.2962,  1.0338],
       device='cuda:0')
Original likelihood: -19.86587142944336
Adjusted likelihood: -19.86587142944336
Likelihood residual: 0.0
Stochastic decision: ID (sampled from p=1.0000)
Solve time for step 6 2.387358344014501
Current ori: tensor([-0.0095,  0.0064, -0.2962], device='cuda:0')
Middle force: tensor([0.6277, 0.5280, 0.5184, 0.5697, 0.5401, 0.5138, 0.5565],
       device='cuda:0')
Thumb force: tensor([0.6446, 0.5141, 0.5527, 0.5338, 0.5866, 0.5557, 0.5447],
       device='cuda:0')
Index force: tensor([0.5187, 0.9516, 0.5343, 0.5635, 0.6198, 0.5739, 0.5285],
       device='cuda:0')
Storing NORMAL transition: reward=0.0518 (scaled=0.0518), steps=1
Collected 6 transitions for RL
tensor([ 0.1637,  0.6089,  0.5676,  0.6392, -0.1220,  0.5187,  0.8800,  1.0774,
         1.3017,  0.2969,  0.2314,  1.0021, -0.0090,  0.0033, -0.3480,  1.0833],
       device='cuda:0')
Original likelihood: -22.026878356933594
Adjusted likelihood: -22.026878356933594
Likelihood residual: 0.0
Stochastic decision: ID (sampled from p=1.0000)
Solve time for step 7 2.236143098998582
Current ori: tensor([-0.0090,  0.0033, -0.3480], device='cuda:0')
Middle force: tensor([0.5250, 0.5175, 0.5679, 0.5384, 0.5130, 0.5546], device='cuda:0')
Thumb force: tensor([0.5137, 0.5496, 0.5314, 0.5835, 0.5536, 0.5431], device='cuda:0')
Index force: tensor([0.9398, 0.5320, 0.5607, 0.6155, 0.5710, 0.5266], device='cuda:0')
Storing NORMAL transition: reward=0.0047 (scaled=0.0047), steps=1
Collected 7 transitions for RL
tensor([ 0.1377,  0.5676,  0.5814,  0.6697, -0.1410,  0.5074,  0.8785,  1.0804,
         1.3166,  0.3050,  0.2383,  0.9883, -0.0067,  0.0163, -0.3531,  1.3145],
       device='cuda:0')
Original likelihood: -18.66832733154297
Adjusted likelihood: -18.66832733154297
Likelihood residual: 0.0
Stochastic decision: ID (sampled from p=1.0000)
Solve time for step 8 2.0788036140147597
Current ori: tensor([-0.0067,  0.0163, -0.3531], device='cuda:0')
Middle force: tensor([0.5163, 0.5659, 0.5373, 0.5123, 0.5530], device='cuda:0')
Thumb force: tensor([0.5463, 0.5293, 0.5799, 0.5513, 0.5413], device='cuda:0')
Index force: tensor([0.5296, 0.5578, 0.6118, 0.5681, 0.5249], device='cuda:0')
Storing NORMAL transition: reward=0.0190 (scaled=0.0190), steps=1
Collected 8 transitions for RL
tensor([ 0.1349,  0.5574,  0.5912,  0.6720, -0.1443,  0.5001,  0.8822,  1.0941,
         1.3405,  0.2719,  0.2283,  0.9866, -0.0048,  0.0182, -0.3723,  1.3680],
       device='cuda:0')
Original likelihood: -20.089977264404297
Adjusted likelihood: -20.089977264404297
Likelihood residual: 0.0
Stochastic decision: ID (sampled from p=1.0000)
Solve time for step 9 2.0327439929824322
Current ori: tensor([-0.0048,  0.0182, -0.3723], device='cuda:0')
Middle force: tensor([0.5637, 0.5360, 0.5116, 0.5514], device='cuda:0')
Thumb force: tensor([0.5268, 0.5769, 0.5494, 0.5398], device='cuda:0')
Index force: tensor([0.5543, 0.6086, 0.5654, 0.5235], device='cuda:0')
Storing NORMAL transition: reward=0.0140 (scaled=0.0140), steps=1
Collected 9 transitions for RL
tensor([ 0.1432,  0.5548,  0.5997,  0.6791, -0.1385,  0.4992,  0.8872,  1.1026,
         1.3367,  0.2747,  0.2225,  0.9918, -0.0036,  0.0137, -0.3860,  1.3978],
       device='cuda:0')
Original likelihood: -20.64348602294922
Adjusted likelihood: -20.64348602294922
Likelihood residual: 0.0
Stochastic decision: ID (sampled from p=1.0000)
Solve time for step 10 1.8464199440204538
Current ori: tensor([-0.0036,  0.0137, -0.3860], device='cuda:0')
Middle force: tensor([0.5353, 0.5112, 0.5503], device='cuda:0')
Thumb force: tensor([0.5737, 0.5468, 0.5378], device='cuda:0')
Index force: tensor([0.6023, 0.5636, 0.5223], device='cuda:0')
Storing NORMAL transition: reward=0.0275 (scaled=0.0275), steps=1
Collected 10 transitions for RL
tensor([ 0.1315,  0.5550,  0.5918,  0.6703, -0.1439,  0.4961,  0.8845,  1.1060,
         1.3623,  0.2571,  0.2164,  0.9687, -0.0071,  0.0187, -0.4142,  1.5246],
       device='cuda:0')
Original likelihood: -20.051288604736328
Adjusted likelihood: -20.051288604736328
Likelihood residual: 0.0
Stochastic decision: ID (sampled from p=1.0000)
Solve time for step 11 1.8457443040097132
Current ori: tensor([-0.0071,  0.0187, -0.4142], device='cuda:0')
Middle force: tensor([0.5106, 0.5482], device='cuda:0')
Thumb force: tensor([0.5430, 0.5361], device='cuda:0')
Index force: tensor([0.5591, 0.5203], device='cuda:0')
Storing NORMAL transition: reward=0.0064 (scaled=0.0064), steps=1
Collected 11 transitions for RL
tensor([ 0.1443,  0.5565,  0.5991,  0.6781, -0.1342,  0.4993,  0.8882,  1.1106,
         1.3477,  0.2748,  0.2117,  0.9780, -0.0065,  0.0117, -0.4200,  1.5501],
       device='cuda:0')
Original likelihood: -20.051977157592773
Adjusted likelihood: -20.051977157592773
Likelihood residual: 0.0
Stochastic decision: ID (sampled from p=1.0000)
Solve time for step 12 1.7799715400033165
Current ori: tensor([-0.0065,  0.0117, -0.4200], device='cuda:0')
Middle force: tensor([0.5461], device='cuda:0')
Thumb force: tensor([0.5331], device='cuda:0')
Index force: tensor([0.5178], device='cuda:0')
Storing NORMAL transition: reward=0.0424 (scaled=0.0424), steps=1
Collected 12 transitions for RL
Original likelihood: -23.236164093017578
Adjusted likelihood: -23.236164093017578
Likelihood residual: 0.0
Stochastic decision: ID (sampled from p=0.9999)
Current yaw: tensor([-0.0038,  0.0071, -0.4621], device='cuda:0')
2 turn
Sampling time 3.8155181350011844
tensor([ 0.1530,  0.5518,  0.6072,  0.6925, -0.1278,  0.4900,  0.9041,  1.1331,
         1.3515,  0.2697,  0.2084,  0.9707, -0.0038,  0.0071, -0.4621,  1.6037],
       device='cuda:0')
Original likelihood: -20.79591178894043
Adjusted likelihood: -20.79591178894043
Likelihood residual: 0.0
Stochastic decision: ID (sampled from p=1.0000)
Solve time for step 1 13.690232862019911
Current ori: tensor([-0.0038,  0.0071, -0.4621], device='cuda:0')
Middle force: tensor([1.1388, 1.5248, 0.6474, 0.5379, 0.6215, 0.5095, 0.9377, 0.5207, 0.5407,
        0.7067, 0.5316, 0.5107], device='cuda:0')
Thumb force: tensor([2.8255, 0.9675, 0.6611, 0.9643, 1.0834, 0.6114, 1.7218, 0.7171, 0.8748,
        0.9596, 0.5669, 0.5990], device='cuda:0')
Index force: tensor([1.1430, 0.5317, 0.5314, 0.5269, 0.6324, 0.6356, 0.8697, 0.6912, 0.5365,
        0.5762, 0.5645, 0.7115], device='cuda:0')
Storing NORMAL transition: reward=0.0158 (scaled=0.0158), steps=1
Collected 13 transitions for RL
tensor([ 0.1291,  0.5618,  0.5747,  0.6817, -0.1464,  0.4823,  0.9179,  1.0895,
         1.3794,  0.2986,  0.1887,  0.9599, -0.0087,  0.0195, -0.4783,  1.6561],
       device='cuda:0')
Original likelihood: -20.203516006469727
Adjusted likelihood: -20.203516006469727
Likelihood residual: 0.0
Stochastic decision: ID (sampled from p=1.0000)
Solve time for step 2 2.921922313980758
Current ori: tensor([-0.0087,  0.0195, -0.4783], device='cuda:0')
Middle force: tensor([1.5130, 0.6439, 0.5358, 0.6184, 0.5077, 0.9160, 0.5199, 0.5390, 0.7032,
        0.5301, 0.5102], device='cuda:0')
Thumb force: tensor([0.9503, 0.6558, 0.9553, 1.0795, 0.6145, 1.7224, 0.7127, 0.8691, 0.9518,
        0.5680, 0.5978], device='cuda:0')
Index force: tensor([0.5295, 0.5302, 0.5256, 0.6263, 0.6366, 0.8552, 0.6859, 0.5345, 0.5740,
        0.5609, 0.7055], device='cuda:0')
Storing NORMAL transition: reward=0.0759 (scaled=0.0759), steps=1
Collected 14 transitions for RL
tensor([ 0.1451,  0.5717,  0.5714,  0.6948, -0.1188,  0.4767,  0.9433,  1.1003,
         1.3935,  0.2894,  0.1744,  0.9243, -0.0114,  0.0046, -0.5539,  1.8689],
       device='cuda:0')
Original likelihood: -19.234630584716797
Adjusted likelihood: -19.234630584716797
Likelihood residual: 0.0
Stochastic decision: ID (sampled from p=1.0000)
Solve time for step 3 2.9960275710036512
Current ori: tensor([-0.0114,  0.0046, -0.5539], device='cuda:0')
Middle force: tensor([0.6413, 0.5343, 0.6223, 0.5071, 0.9061, 0.5196, 0.5378, 0.6994, 0.5308,
        0.5098], device='cuda:0')
Thumb force: tensor([0.6487, 0.9433, 1.0621, 0.6091, 1.7101, 0.7024, 0.8610, 0.9449, 0.5639,
        0.5951], device='cuda:0')
Index force: tensor([0.5282, 0.5248, 0.6221, 0.6365, 0.8456, 0.6826, 0.5328, 0.5720, 0.5588,
        0.7007], device='cuda:0')
Storing NORMAL transition: reward=0.0241 (scaled=0.0241), steps=1
Collected 15 transitions for RL
tensor([ 0.1446,  0.5523,  0.5794,  0.7305, -0.1259,  0.4664,  0.9540,  1.1103,
         1.3995,  0.3085,  0.1726,  0.9194, -0.0047,  0.0061, -0.5779,  1.9295],
       device='cuda:0')
Original likelihood: -18.633838653564453
Adjusted likelihood: -18.633838653564453
Likelihood residual: 0.0
Stochastic decision: ID (sampled from p=1.0000)
Solve time for step 4 2.6078399469843134
Current ori: tensor([-0.0047,  0.0061, -0.5779], device='cuda:0')
Middle force: tensor([0.5336, 0.6229, 0.5059, 0.8960, 0.5182, 0.5363, 0.6955, 0.5306, 0.5092],
       device='cuda:0')
Thumb force: tensor([0.9307, 1.0516, 0.6106, 1.6992, 0.7003, 0.8555, 0.9383, 0.5619, 0.5946],
       device='cuda:0')
Index force: tensor([0.5233, 0.6176, 0.6379, 0.8355, 0.6795, 0.5312, 0.5703, 0.5565, 0.6960],
       device='cuda:0')
Storing NORMAL transition: reward=0.0287 (scaled=0.0287), steps=1
Collected 16 transitions for RL
tensor([ 0.1494,  0.5583,  0.5743,  0.7344, -0.1209,  0.4624,  0.9649,  1.1054,
         1.4022,  0.3056,  0.1745,  0.9049, -0.0056,  0.0033, -0.6065,  1.9626],
       device='cuda:0')
Original likelihood: -19.876827239990234
Adjusted likelihood: -19.876827239990234
Likelihood residual: 0.0
Stochastic decision: ID (sampled from p=1.0000)
Solve time for step 5 2.300583900010679
Current ori: tensor([-0.0056,  0.0033, -0.6065], device='cuda:0')
Middle force: tensor([0.5743, 1.2394, 0.5078, 1.1046, 0.6316, 0.5067, 0.5854, 0.5790],
       device='cuda:0')
Thumb force: tensor([0.5330, 0.8050, 0.5813, 1.2622, 1.8363, 0.5885, 0.6175, 0.6842],
       device='cuda:0')
Index force: tensor([0.5883, 0.6226, 0.7122, 0.5956, 0.5505, 0.5307, 0.5978, 0.6149],
       device='cuda:0')
Storing NORMAL transition: reward=-0.0060 (scaled=-0.0060), steps=1
Collected 17 transitions for RL
tensor([ 0.1423,  0.5389,  0.5955,  0.7295, -0.1293,  0.4593,  0.9592,  1.1122,
         1.4274,  0.2792,  0.1697,  0.8893, -0.0020,  0.0078, -0.6005,  1.9619],
       device='cuda:0')
Original likelihood: -19.814228057861328
Adjusted likelihood: -19.814228057861328
Likelihood residual: 0.0
Stochastic decision: ID (sampled from p=1.0000)
Solve time for step 6 2.3708407200174406
Current ori: tensor([-0.0020,  0.0078, -0.6005], device='cuda:0')
Middle force: tensor([1.2234, 0.5074, 1.0951, 0.6273, 0.5065, 0.5830, 0.5772],
       device='cuda:0')
Thumb force: tensor([0.7989, 0.5797, 1.2514, 1.8164, 0.5885, 0.6158, 0.6811],
       device='cuda:0')
Index force: tensor([0.6191, 0.7077, 0.5935, 0.5484, 0.5293, 0.5956, 0.6127],
       device='cuda:0')
Storing NORMAL transition: reward=0.0686 (scaled=0.0686), steps=1
Collected 18 transitions for RL
tensor([ 1.5785e-01,  5.3793e-01,  6.1402e-01,  7.2777e-01, -1.1401e-01,
         4.5392e-01,  9.7495e-01,  1.1386e+00,  1.4439e+00,  2.4905e-01,
         1.6308e-01,  8.6307e-01, -1.1263e-03, -1.4691e-03, -6.6907e-01,
         2.0421e+00], device='cuda:0')
Original likelihood: -20.53017234802246
Adjusted likelihood: -20.53017234802246
Likelihood residual: 0.0
Stochastic decision: ID (sampled from p=1.0000)
Solve time for step 7 2.312634051020723
Current ori: tensor([-0.0011, -0.0015, -0.6691], device='cuda:0')
Middle force: tensor([0.5077, 1.0862, 0.6239, 0.5063, 0.5810, 0.5755], device='cuda:0')
Thumb force: tensor([0.5728, 1.2407, 1.7937, 0.5865, 0.6131, 0.6777], device='cuda:0')
Index force: tensor([0.7019, 0.5911, 0.5464, 0.5283, 0.5937, 0.6105], device='cuda:0')
Storing NORMAL transition: reward=0.0244 (scaled=0.0244), steps=1
Collected 19 transitions for RL
tensor([ 1.5599e-01,  5.4349e-01,  6.1134e-01,  7.1424e-01, -1.1326e-01,
         4.5339e-01,  9.7436e-01,  1.1427e+00,  1.4547e+00,  2.4552e-01,
         1.5678e-01,  8.5205e-01, -3.5790e-03, -7.2949e-04, -6.9352e-01,
         2.0514e+00], device='cuda:0')
Original likelihood: -18.81411361694336
Adjusted likelihood: -18.81411361694336
Likelihood residual: 0.0
Stochastic decision: ID (sampled from p=1.0000)
Solve time for step 8 2.1835279729857575
Current ori: tensor([-0.0036, -0.0007, -0.6935], device='cuda:0')
Middle force: tensor([0.5178, 0.5321, 0.6827, 0.5282, 0.5074], device='cuda:0')
Thumb force: tensor([0.6798, 0.8356, 0.9137, 0.5583, 0.5909], device='cuda:0')
Index force: tensor([0.6547, 0.5262, 0.5637, 0.5498, 0.6830], device='cuda:0')
Storing NORMAL transition: reward=0.0139 (scaled=0.0139), steps=1
Collected 20 transitions for RL
tensor([ 0.1432,  0.5479,  0.5872,  0.7237, -0.1256,  0.4446,  0.9818,  1.1371,
         1.4534,  0.2701,  0.1680,  0.8381, -0.0043,  0.0071, -0.7076,  2.0550],
       device='cuda:0')
Original likelihood: -20.986095428466797
Adjusted likelihood: -20.986095428466797
Likelihood residual: 0.0
Stochastic decision: ID (sampled from p=1.0000)
Solve time for step 9 2.001380299014272
Current ori: tensor([-0.0043,  0.0071, -0.7076], device='cuda:0')
Middle force: tensor([0.5322, 0.6805, 0.5278, 0.5070], device='cuda:0')
Thumb force: tensor([0.8276, 0.9071, 0.5569, 0.5898], device='cuda:0')
Index force: tensor([0.5238, 0.5619, 0.5482, 0.6792], device='cuda:0')
Storing NORMAL transition: reward=0.0310 (scaled=0.0310), steps=1
Collected 21 transitions for RL
tensor([ 0.1394,  0.5610,  0.5666,  0.7217, -0.1249,  0.4414,  0.9876,  1.1334,
         1.4562,  0.2848,  0.1708,  0.8164, -0.0076,  0.0085, -0.7387,  2.0866],
       device='cuda:0')
Original likelihood: -19.85297203063965
Adjusted likelihood: -19.85297203063965
Likelihood residual: 0.0
Stochastic decision: ID (sampled from p=1.0000)
Solve time for step 10 2.012715176009806
Current ori: tensor([-0.0076,  0.0085, -0.7387], device='cuda:0')
Middle force: tensor([0.6788, 0.5275, 0.5068], device='cuda:0')
Thumb force: tensor([0.8963, 0.5552, 0.5873], device='cuda:0')
Index force: tensor([0.5590, 0.5470, 0.6767], device='cuda:0')
Storing NORMAL transition: reward=0.0305 (scaled=0.0305), steps=1
Collected 22 transitions for RL
tensor([ 0.1409,  0.5550,  0.5679,  0.7388, -0.1317,  0.4428,  0.9977,  1.1339,
         1.4492,  0.3256,  0.1686,  0.8197, -0.0046,  0.0083, -0.7691,  2.1103],
       device='cuda:0')
Original likelihood: -21.60696792602539
Adjusted likelihood: -21.60696792602539
Likelihood residual: 0.0
Stochastic decision: ID (sampled from p=1.0000)
Solve time for step 11 1.8681237300042994
Current ori: tensor([-0.0046,  0.0083, -0.7691], device='cuda:0')
Middle force: tensor([0.5258, 0.5066], device='cuda:0')
Thumb force: tensor([0.5553, 0.5854], device='cuda:0')
Index force: tensor([0.5463, 0.6735], device='cuda:0')
Storing NORMAL transition: reward=0.0138 (scaled=0.0138), steps=1
Collected 23 transitions for RL
tensor([ 1.3813e-01,  5.4081e-01,  5.7374e-01,  7.5950e-01, -1.3745e-01,
         4.3477e-01,  1.0051e+00,  1.1367e+00,  1.4508e+00,  3.3937e-01,
         1.7957e-01,  8.0188e-01,  2.3990e-04,  1.0618e-02, -7.8299e-01,
         2.1400e+00], device='cuda:0')
Original likelihood: -19.579816818237305
Adjusted likelihood: -19.579816818237305
Likelihood residual: 0.0
Stochastic decision: ID (sampled from p=1.0000)
Solve time for step 12 1.9258736420015339
Current ori: tensor([ 2.3990e-04,  1.0618e-02, -7.8299e-01], device='cuda:0')
Middle force: tensor([0.5062], device='cuda:0')
Thumb force: tensor([0.5822], device='cuda:0')
Index force: tensor([0.6651], device='cuda:0')
Storing NORMAL transition: reward=0.0286 (scaled=0.0286), steps=1
Collected 24 transitions for RL
Original likelihood: -21.498811721801758
Adjusted likelihood: -21.498811721801758
Likelihood residual: 0.0
Stochastic decision: ID (sampled from p=1.0000)
Current yaw: tensor([-0.0010,  0.0024, -0.8113], device='cuda:0')
3 turn
Sampling time 3.663663006009301
tensor([ 1.5219e-01,  5.4930e-01,  5.7572e-01,  7.6183e-01, -1.2833e-01,
         4.4492e-01,  1.0111e+00,  1.1400e+00,  1.4612e+00,  3.3187e-01,
         1.7240e-01,  7.7830e-01, -9.9383e-04,  2.4232e-03, -8.1131e-01,
         2.1756e+00], device='cuda:0')
Original likelihood: -19.315013885498047
Adjusted likelihood: -19.315013885498047
Likelihood residual: 0.0
Stochastic decision: ID (sampled from p=1.0000)
Solve time for step 1 14.073059966001892
Current ori: tensor([-0.0010,  0.0024, -0.8113], device='cuda:0')
Middle force: tensor([0.9734, 0.6408, 0.7961, 0.5017, 0.5145, 0.7221, 1.0580, 0.5016, 0.5261,
        0.5716, 0.5818, 0.6703], device='cuda:0')
Thumb force: tensor([0.9480, 1.3160, 0.5143, 0.5532, 0.8462, 1.5110, 0.6490, 0.5481, 0.4901,
        0.5548, 0.5944, 1.1020], device='cuda:0')
Index force: tensor([0.8696, 0.6992, 0.5371, 0.6146, 0.9412, 0.5101, 0.5157, 0.5592, 0.6300,
        0.5350, 0.5962, 0.5456], device='cuda:0')
Storing NORMAL transition: reward=0.0542 (scaled=0.0542), steps=1
Collected 25 transitions for RL
tensor([ 0.1398,  0.5388,  0.6225,  0.6707, -0.1341,  0.4295,  1.0343,  1.1245,
         1.5000,  0.0828,  0.1353,  0.6836, -0.0065,  0.0085, -0.8657,  2.1946],
       device='cuda:0')
Original likelihood: -26.661951065063477
Adjusted likelihood: -26.661951065063477
Likelihood residual: 0.0
Stochastic decision: ID (sampled from p=0.9657)
Solve time for step 2 2.9398620519787073
Current ori: tensor([-0.0065,  0.0085, -0.8657], device='cuda:0')
Middle force: tensor([0.6354, 0.7943, 0.5012, 0.5123, 0.7229, 1.0623, 0.5014, 0.5215, 0.5712,
        0.5783, 0.6684], device='cuda:0')
Thumb force: tensor([1.2951, 0.5142, 0.5610, 0.8338, 1.4895, 0.6432, 0.5495, 0.5019, 0.5514,
        0.5927, 1.0874], device='cuda:0')
Index force: tensor([0.6920, 0.5344, 0.6186, 0.9563, 0.5099, 0.5146, 0.5586, 0.6392, 0.5345,
        0.5945, 0.5451], device='cuda:0')
Storing NORMAL transition: reward=0.0391 (scaled=0.0391), steps=1
Collected 26 transitions for RL
tensor([ 1.5709e-01,  5.3060e-01,  6.6479e-01,  6.4397e-01, -1.2296e-01,
         4.2930e-01,  1.0494e+00,  1.1437e+00,  1.4660e+00,  3.7310e-01,
         2.3631e-01,  6.1686e-01, -6.2642e-03, -1.5199e-03, -9.0468e-01,
         2.2446e+00], device='cuda:0')
Original likelihood: -25.311491012573242
Adjusted likelihood: -25.311491012573242
Likelihood residual: 0.0
Stochastic decision: ID (sampled from p=0.9947)
Solve time for step 3 2.760790561995236
Current ori: tensor([-0.0063, -0.0015, -0.9047], device='cuda:0')
Middle force: tensor([0.7891, 0.5009, 0.5111, 0.7165, 1.0572, 0.5012, 0.5177, 0.5697, 0.5758,
        0.6651], device='cuda:0')
Thumb force: tensor([0.5132, 0.5655, 0.8314, 1.4839, 0.6402, 0.5487, 0.5020, 0.5500, 0.5909,
        1.0789], device='cuda:0')
Index force: tensor([0.5321, 0.6198, 0.9532, 0.5091, 0.5140, 0.5563, 0.6452, 0.5336, 0.5924,
        0.5442], device='cuda:0')
Storing NORMAL transition: reward=0.0594 (scaled=0.0594), steps=1
Collected 27 transitions for RL
tensor([ 0.1616,  0.5259,  0.6842,  0.6264, -0.1174,  0.4224,  1.0589,  1.1612,
         1.4281,  0.4875,  0.3107,  0.5028, -0.0065, -0.0045, -0.9641,  2.3034],
       device='cuda:0')
Original likelihood: -25.61040687561035
Adjusted likelihood: -25.61040687561035
Likelihood residual: 0.0
Stochastic decision: ID (sampled from p=0.9917)
Solve time for step 4 2.6624554329901002
Current ori: tensor([-0.0065, -0.0045, -0.9641], device='cuda:0')
Middle force: tensor([0.5010, 0.5105, 0.7125, 1.0525, 0.5010, 0.5149, 0.5686, 0.5739, 0.6622],
       device='cuda:0')
Thumb force: tensor([0.5616, 0.8251, 1.4737, 0.6370, 0.5485, 0.5023, 0.5485, 0.5892, 1.0712],
       device='cuda:0')
Index force: tensor([0.6131, 0.9500, 0.5086, 0.5135, 0.5553, 0.6499, 0.5328, 0.5905, 0.5432],
       device='cuda:0')
Storing NORMAL transition: reward=0.0237 (scaled=0.0237), steps=1
Collected 28 transitions for RL
tensor([ 1.5389e-01,  5.2765e-01,  6.8322e-01,  6.0803e-01, -1.2184e-01,
         4.1495e-01,  1.0663e+00,  1.1577e+00,  1.4817e+00,  4.0290e-01,
         2.6712e-01,  5.0035e-01, -8.5353e-03, -1.9626e-04, -9.8787e-01,
         2.3228e+00], device='cuda:0')
Original likelihood: -24.726316452026367
Adjusted likelihood: -24.726316452026367
Likelihood residual: 0.0
Stochastic decision: ID (sampled from p=0.9980)
Solve time for step 5 2.5632393280102406
Current ori: tensor([-8.5353e-03, -1.9626e-04, -9.8787e-01], device='cuda:0')
Middle force: tensor([0.5110, 0.7092, 1.0455, 0.5009, 0.5133, 0.5673, 0.5722, 0.6592],
       device='cuda:0')
Thumb force: tensor([0.8145, 1.4616, 0.6341, 0.5498, 0.5021, 0.5474, 0.5872, 1.0638],
       device='cuda:0')
Index force: tensor([0.9340, 0.5081, 0.5132, 0.5545, 0.6512, 0.5318, 0.5887, 0.5422],
       device='cuda:0')
Storing NORMAL transition: reward=0.0042 (scaled=0.0042), steps=1
Collected 29 transitions for RL
tensor([ 1.5322e-01,  5.3744e-01,  6.7918e-01,  5.8921e-01, -1.2894e-01,
         4.2174e-01,  1.0749e+00,  1.1544e+00,  1.5000e+00,  3.3410e-01,
         2.6633e-01,  4.8201e-01, -1.2148e-02, -1.9764e-04, -9.9222e-01,
         2.3105e+00], device='cuda:0')
Original likelihood: -26.890302658081055
Adjusted likelihood: -26.890302658081055
Likelihood residual: 0.0
Stochastic decision: ID (sampled from p=0.9551)
Solve time for step 6 2.3749603909964208
Current ori: tensor([-1.2148e-02, -1.9764e-04, -9.9222e-01], device='cuda:0')
Middle force: tensor([0.7067, 1.0450, 0.5008, 0.5120, 0.5656, 0.5705, 0.6566],
       device='cuda:0')
Thumb force: tensor([1.4377, 0.6300, 0.5506, 0.5020, 0.5465, 0.5857, 1.0559],
       device='cuda:0')
Index force: tensor([0.5094, 0.5123, 0.5534, 0.6535, 0.5311, 0.5869, 0.5412],
       device='cuda:0')
Storing NORMAL transition: reward=0.0262 (scaled=0.0262), steps=1
Collected 30 transitions for RL
tensor([ 0.1576,  0.5301,  0.6899,  0.5953, -0.1249,  0.4156,  1.0832,  1.1652,
         1.5000,  0.3368,  0.2756,  0.4606, -0.0099, -0.0025, -1.0184,  2.3492],
       device='cuda:0')
Original likelihood: -28.450347900390625
Adjusted likelihood: -28.450347900390625
Likelihood residual: 0.0
Stochastic decision: ID (sampled from p=0.8011)
Solve time for step 7 2.2750349339912646
Current ori: tensor([-0.0099, -0.0025, -1.0184], device='cuda:0')
Middle force: tensor([1.0482, 0.5007, 0.5112, 0.5641, 0.5688, 0.6538], device='cuda:0')
Thumb force: tensor([0.6221, 0.5506, 0.5018, 0.5454, 0.5841, 1.0487], device='cuda:0')
Index force: tensor([0.5117, 0.5524, 0.6532, 0.5304, 0.5852, 0.5401], device='cuda:0')
Storing NORMAL transition: reward=0.0401 (scaled=0.0401), steps=1
Collected 31 transitions for RL
tensor([ 0.1641,  0.5270,  0.7008,  0.5968, -0.1027,  0.4198,  1.0930,  1.1773,
         1.5000,  0.3277,  0.2869,  0.3994, -0.0105, -0.0165, -1.0589,  2.5255],
       device='cuda:0')
Original likelihood: -25.1922550201416
Adjusted likelihood: -25.1922550201416
Likelihood residual: 0.0
Stochastic decision: ID (sampled from p=0.9956)
Solve time for step 8 2.2234764250169974
Current ori: tensor([-0.0105, -0.0165, -1.0589], device='cuda:0')
Middle force: tensor([0.5007, 0.5111, 0.5652, 0.5671, 0.6529], device='cuda:0')
Thumb force: tensor([0.5491, 0.5015, 0.5428, 0.5822, 1.0384], device='cuda:0')
Index force: tensor([0.5537, 0.6558, 0.5293, 0.5835, 0.5391], device='cuda:0')
Storing NORMAL transition: reward=0.0259 (scaled=0.0259), steps=1
Collected 32 transitions for RL
tensor([ 0.1516,  0.5099,  0.7069,  0.6038, -0.1166,  0.4108,  1.0943,  1.1791,
         1.4694,  0.4263,  0.3533,  0.3158, -0.0069, -0.0076, -1.0844,  2.5234],
       device='cuda:0')
Original likelihood: -26.29608154296875
Adjusted likelihood: -26.29608154296875
Likelihood residual: 0.0
Stochastic decision: ID (sampled from p=0.9784)
Solve time for step 9 2.154520888987463
Current ori: tensor([-0.0069, -0.0076, -1.0844], device='cuda:0')
Middle force: tensor([0.5129, 0.5647, 0.5654, 0.6504], device='cuda:0')
Thumb force: tensor([0.5012, 0.5408, 0.5801, 1.0300], device='cuda:0')
Index force: tensor([0.6431, 0.5282, 0.5816, 0.5380], device='cuda:0')
Storing NORMAL transition: reward=-0.0022 (scaled=-0.0022), steps=1
Collected 33 transitions for RL
tensor([ 0.1492,  0.5139,  0.6963,  0.6099, -0.1198,  0.4117,  1.0936,  1.1791,
         1.5000,  0.2986,  0.2891,  0.3557, -0.0073, -0.0064, -1.0821,  2.5288],
       device='cuda:0')
Original likelihood: -26.661251068115234
Adjusted likelihood: -26.661251068115234
Likelihood residual: 0.0
Stochastic decision: ID (sampled from p=0.9658)
Solve time for step 10 2.021308677009074
Current ori: tensor([-0.0073, -0.0064, -1.0821], device='cuda:0')
Middle force: tensor([0.5638, 0.5637, 0.6483], device='cuda:0')
Thumb force: tensor([0.5379, 0.5779, 1.0209], device='cuda:0')
Index force: tensor([0.5268, 0.5796, 0.5367], device='cuda:0')
Storing NORMAL transition: reward=0.0116 (scaled=0.0116), steps=1
Collected 34 transitions for RL
tensor([ 0.1443,  0.5088,  0.6970,  0.6124, -0.1152,  0.4111,  1.0956,  1.1874,
         1.5000,  0.3040,  0.3142,  0.3315, -0.0058, -0.0094, -1.0938,  2.5730],
       device='cuda:0')
Original likelihood: -24.843433380126953
Adjusted likelihood: -24.843433380126953
Likelihood residual: 0.0
Stochastic decision: ID (sampled from p=0.9976)
Solve time for step 11 1.8704785440058913
Current ori: tensor([-0.0058, -0.0094, -1.0938], device='cuda:0')
Middle force: tensor([0.5619, 0.6455], device='cuda:0')
Thumb force: tensor([0.5745, 1.0130], device='cuda:0')
Index force: tensor([0.5753, 0.5356], device='cuda:0')
Storing NORMAL transition: reward=-0.0013 (scaled=-0.0013), steps=1
Collected 35 transitions for RL
tensor([ 0.1631,  0.5248,  0.6998,  0.6036, -0.0996,  0.4267,  1.0953,  1.1801,
         1.5000,  0.2943,  0.3256,  0.3070, -0.0094, -0.0213, -1.0934,  2.5938],
       device='cuda:0')
Original likelihood: -29.353227615356445
Adjusted likelihood: -29.353227615356445
Likelihood residual: 0.0
Stochastic decision: ID (sampled from p=0.6379)
Solve time for step 12 1.8918563630140852
Current ori: tensor([-0.0094, -0.0213, -1.0934], device='cuda:0')
Middle force: tensor([0.6436], device='cuda:0')
Thumb force: tensor([1.0015], device='cuda:0')
Index force: tensor([0.5338], device='cuda:0')
Storing NORMAL transition: reward=0.0043 (scaled=0.0043), steps=1
Collected 36 transitions for RL
Original likelihood: -26.524009704589844
Adjusted likelihood: -26.524009704589844
Likelihood residual: 0.0
Stochastic decision: ID (sampled from p=0.9711)
Current yaw: tensor([-0.0086, -0.0170, -1.0973], device='cuda:0')
4 turn
Sampling time 3.9449221119866706
tensor([ 0.1549,  0.5176,  0.7018,  0.6015, -0.1052,  0.4204,  1.0981,  1.1804,
         1.5000,  0.2997,  0.3390,  0.2860, -0.0086, -0.0170, -1.0973,  2.5790],
       device='cuda:0')
Original likelihood: -25.88726806640625
Adjusted likelihood: -25.88726806640625
Likelihood residual: 0.0
Stochastic decision: ID (sampled from p=0.9876)
Solve time for step 1 14.157738366018748
Current ori: tensor([-0.0086, -0.0170, -1.0973], device='cuda:0')
Middle force: tensor([0.5583, 0.6221, 0.7527, 0.6451, 0.9167, 0.5221, 1.1467, 0.5438, 0.5910,
        0.5455, 0.6047, 0.5359], device='cuda:0')
Thumb force: tensor([0.5492, 0.6533, 0.8495, 0.5487, 0.5346, 0.5399, 1.1351, 1.1130, 0.7273,
        0.5520, 0.6380, 0.5504], device='cuda:0')
Index force: tensor([0.5328, 0.6116, 1.0148, 0.5798, 0.5272, 0.5449, 1.0486, 0.5957, 0.5425,
        0.5071, 0.5529, 0.7089], device='cuda:0')
Storing NORMAL transition: reward=-0.0950 (scaled=-0.0950), steps=1
Collected 37 transitions for RL
tensor([ 0.1548,  0.5273,  0.6810,  0.6175, -0.1157,  0.4743,  1.0285,  1.1562,
         1.5000,  0.2661,  0.2434,  0.5254, -0.0099, -0.0178, -1.0023,  2.4687],
       device='cuda:0')
Original likelihood: -26.488426208496094
Adjusted likelihood: -26.488426208496094
Likelihood residual: 0.0
Stochastic decision: ID (sampled from p=0.9723)
Solve time for step 2 2.801656396011822
Current ori: tensor([-0.0099, -0.0178, -1.0023], device='cuda:0')
Middle force: tensor([0.6216, 0.7448, 0.6401, 0.9096, 0.5215, 1.1335, 0.5424, 0.5895, 0.5448,
        0.6028, 0.5328], device='cuda:0')
Thumb force: tensor([0.6476, 0.8502, 0.5487, 0.5343, 0.5388, 1.1313, 1.1066, 0.7242, 0.5517,
        0.6372, 0.5520], device='cuda:0')
Index force: tensor([0.6075, 1.0064, 0.5792, 0.5265, 0.5447, 1.0404, 0.5942, 0.5415, 0.5068,
        0.5513, 0.7089], device='cuda:0')
Storing NORMAL transition: reward=-0.0809 (scaled=-0.0809), steps=1
Collected 38 transitions for RL
tensor([ 0.1379,  0.5248,  0.6676,  0.6166, -0.1302,  0.5069,  0.9745,  1.1522,
         1.5000,  0.2174,  0.1883,  0.6713, -0.0113, -0.0122, -0.9213,  2.3322],
       device='cuda:0')
Original likelihood: -18.757736206054688
Adjusted likelihood: -18.757736206054688
Likelihood residual: 0.0
Stochastic decision: ID (sampled from p=1.0000)
Solve time for step 3 2.6405871009919792
Current ori: tensor([-0.0113, -0.0122, -0.9213], device='cuda:0')
Middle force: tensor([0.7470, 0.6374, 0.9045, 0.5210, 1.1255, 0.5420, 0.5878, 0.5445, 0.6007,
        0.5317], device='cuda:0')
Thumb force: tensor([0.8345, 0.5480, 0.5338, 0.5378, 1.1210, 1.0977, 0.7211, 0.5508, 0.6360,
        0.5504], device='cuda:0')
Index force: tensor([0.9977, 0.5780, 0.5258, 0.5443, 1.0342, 0.5927, 0.5408, 0.5066, 0.5504,
        0.7092], device='cuda:0')
Storing NORMAL transition: reward=-0.0652 (scaled=-0.0652), steps=1
Collected 39 transitions for RL
tensor([ 0.1271,  0.5253,  0.6587,  0.6116, -0.1408,  0.5247,  0.9403,  1.1478,
         1.5000,  0.2019,  0.1485,  0.7684, -0.0123, -0.0057, -0.8561,  2.2516],
       device='cuda:0')
Original likelihood: -21.236305236816406
Adjusted likelihood: -21.236305236816406
Likelihood residual: 0.0
Stochastic decision: ID (sampled from p=1.0000)
Solve time for step 4 2.479026323009748
Current ori: tensor([-0.0123, -0.0057, -0.8561], device='cuda:0')
Middle force: tensor([0.6370, 0.9020, 0.5205, 1.1156, 0.5412, 0.5854, 0.5437, 0.5981, 0.5295],
       device='cuda:0')
Thumb force: tensor([0.5469, 0.5331, 0.5373, 1.1153, 1.0904, 0.7190, 0.5504, 0.6357, 0.5514],
       device='cuda:0')
Index force: tensor([0.5724, 0.5248, 0.5435, 1.0268, 0.5909, 0.5404, 0.5064, 0.5496, 0.7081],
       device='cuda:0')
Storing NORMAL transition: reward=-0.0607 (scaled=-0.0607), steps=1
Collected 40 transitions for RL
tensor([ 0.1118,  0.5103,  0.6585,  0.6218, -0.1568,  0.5285,  0.9174,  1.1492,
         1.5000,  0.1806,  0.1438,  0.8017, -0.0084,  0.0036, -0.7953,  2.1742],
       device='cuda:0')
Original likelihood: -23.266956329345703
Adjusted likelihood: -23.266956329345703
Likelihood residual: 0.0
Stochastic decision: ID (sampled from p=0.9999)
Solve time for step 5 2.447574480000185
Current ori: tensor([-0.0084,  0.0036, -0.7953], device='cuda:0')
Middle force: tensor([0.8954, 0.5200, 1.1014, 0.5400, 0.5830, 0.5426, 0.5955, 0.5267],
       device='cuda:0')
Thumb force: tensor([0.5322, 0.5367, 1.1103, 1.0843, 0.7170, 0.5502, 0.6357, 0.5538],
       device='cuda:0')
Index force: tensor([0.5240, 0.5430, 1.0220, 0.5896, 0.5401, 0.5063, 0.5490, 0.7078],
       device='cuda:0')
Storing NORMAL transition: reward=-0.0317 (scaled=-0.0317), steps=1
Collected 41 transitions for RL
tensor([ 1.1015e-01,  5.1111e-01,  6.5617e-01,  6.2081e-01, -1.5377e-01,
         5.4070e-01,  9.0247e-01,  1.1429e+00,  1.5000e+00,  1.7528e-01,
         1.3220e-01,  8.3173e-01, -1.0626e-02,  1.0449e-03, -7.6358e-01,
         2.1327e+00], device='cuda:0')
Original likelihood: -20.367996215820312
Adjusted likelihood: -20.367996215820312
Likelihood residual: 0.0
Stochastic decision: ID (sampled from p=1.0000)
Solve time for step 6 2.3631422050239053
Current ori: tensor([-0.0106,  0.0010, -0.7636], device='cuda:0')
Middle force: tensor([0.5204, 1.0951, 0.5395, 0.5821, 0.5423, 0.5945, 0.5261],
       device='cuda:0')
Thumb force: tensor([0.5353, 1.1016, 1.0767, 0.7143, 0.5494, 0.6339, 0.5523],
       device='cuda:0')
Index force: tensor([0.5402, 1.0153, 0.5876, 0.5395, 0.5062, 0.5482, 0.7079],
       device='cuda:0')
Storing NORMAL transition: reward=0.0005 (scaled=0.0005), steps=1
Collected 42 transitions for RL
tensor([ 0.0959,  0.5119,  0.6461,  0.6114, -0.1652,  0.5390,  0.8932,  1.1467,
         1.5000,  0.1781,  0.1415,  0.8185, -0.0119,  0.0093, -0.7642,  2.1124],
       device='cuda:0')
Original likelihood: -24.53417205810547
Adjusted likelihood: -24.53417205810547
Likelihood residual: 0.0
Stochastic decision: ID (sampled from p=0.9986)
Solve time for step 7 2.238862819998758
Current ori: tensor([-0.0119,  0.0093, -0.7642], device='cuda:0')
Middle force: tensor([1.0893, 0.5383, 0.5800, 0.5414, 0.5930, 0.5244], device='cuda:0')
Thumb force: tensor([1.0904, 1.0720, 0.7126, 0.5493, 0.6333, 0.5534], device='cuda:0')
Index force: tensor([1.0039, 0.5862, 0.5391, 0.5060, 0.5473, 0.7070], device='cuda:0')
Storing NORMAL transition: reward=0.0153 (scaled=0.0153), steps=1
Collected 43 transitions for RL
tensor([ 1.0889e-01,  5.2317e-01,  6.4674e-01,  6.0496e-01, -1.5379e-01,
         5.4673e-01,  8.9529e-01,  1.1482e+00,  1.5000e+00,  1.8878e-01,
         1.1835e-01,  8.4231e-01, -1.4747e-02,  1.4651e-03, -7.7952e-01,
         2.1426e+00], device='cuda:0')
Original likelihood: -19.511676788330078
Adjusted likelihood: -19.511676788330078
Likelihood residual: 0.0
Stochastic decision: ID (sampled from p=1.0000)
Solve time for step 8 2.130710603989428
Current ori: tensor([-0.0147,  0.0015, -0.7795], device='cuda:0')
Middle force: tensor([0.5378, 0.5789, 0.5409, 0.5920, 0.5241], device='cuda:0')
Thumb force: tensor([1.0638, 0.7110, 0.5489, 0.6326, 0.5524], device='cuda:0')
Index force: tensor([0.5829, 0.5383, 0.5059, 0.5462, 0.7048], device='cuda:0')
Storing NORMAL transition: reward=-0.0057 (scaled=-0.0057), steps=1
Collected 44 transitions for RL
tensor([ 0.1027,  0.5171,  0.6486,  0.6054, -0.1596,  0.5437,  0.8924,  1.1516,
         1.5000,  0.1830,  0.1341,  0.8286, -0.0133,  0.0053, -0.7738,  2.1332],
       device='cuda:0')
Original likelihood: -23.257320404052734
Adjusted likelihood: -23.257320404052734
Likelihood residual: 0.0
Stochastic decision: ID (sampled from p=0.9999)
Solve time for step 9 2.0742175079940353
Current ori: tensor([-0.0133,  0.0053, -0.7738], device='cuda:0')
Middle force: tensor([0.5781, 0.5398, 0.5908, 0.5222], device='cuda:0')
Thumb force: tensor([0.7059, 0.5490, 0.6321, 0.5539], device='cuda:0')
Index force: tensor([0.5376, 0.5058, 0.5451, 0.7040], device='cuda:0')
Storing NORMAL transition: reward=0.0416 (scaled=0.0416), steps=1
Collected 45 transitions for RL
tensor([ 1.0859e-01,  5.1052e-01,  6.5742e-01,  6.1659e-01, -1.5374e-01,
         5.3743e-01,  9.0330e-01,  1.1681e+00,  1.5000e+00,  1.9684e-01,
         1.3563e-01,  8.1355e-01, -1.0752e-02,  2.0107e-03, -8.1540e-01,
         2.1847e+00], device='cuda:0')
Original likelihood: -23.543010711669922
Adjusted likelihood: -23.543010711669922
Likelihood residual: 0.0
Stochastic decision: ID (sampled from p=0.9998)
Solve time for step 10 1.961658162996173
Current ori: tensor([-0.0108,  0.0020, -0.8154], device='cuda:0')
Middle force: tensor([0.5382, 0.5899, 0.5212], device='cuda:0')
Thumb force: tensor([0.5464, 0.6315, 0.5550], device='cuda:0')
Index force: tensor([0.5067, 0.5439, 0.7013], device='cuda:0')
Storing NORMAL transition: reward=0.0289 (scaled=0.0289), steps=1
Collected 46 transitions for RL
tensor([ 0.1231,  0.5168,  0.6623,  0.6185, -0.1413,  0.5406,  0.9089,  1.1757,
         1.5000,  0.1946,  0.1356,  0.7952, -0.0116, -0.0065, -0.8444,  2.2337],
       device='cuda:0')
Original likelihood: -21.73509407043457
Adjusted likelihood: -21.73509407043457
Likelihood residual: 0.0
Stochastic decision: ID (sampled from p=1.0000)
Solve time for step 11 1.864030229015043
Current ori: tensor([-0.0116, -0.0065, -0.8444], device='cuda:0')
Middle force: tensor([0.5889, 0.5210], device='cuda:0')
Thumb force: tensor([0.6258, 0.5533], device='cuda:0')
Index force: tensor([0.5441, 0.6999], device='cuda:0')
Storing NORMAL transition: reward=0.0372 (scaled=0.0372), steps=1
Collected 47 transitions for RL
tensor([ 0.1369,  0.5205,  0.6690,  0.6226, -0.1296,  0.5401,  0.9167,  1.1882,
         1.5000,  0.1941,  0.1438,  0.7620, -0.0115, -0.0147, -0.8817,  2.2897],
       device='cuda:0')
Original likelihood: -20.2163143157959
Adjusted likelihood: -20.2163143157959
Likelihood residual: 0.0
Stochastic decision: ID (sampled from p=1.0000)
Solve time for step 12 1.9000275990110822
Current ori: tensor([-0.0115, -0.0147, -0.8817], device='cuda:0')
Middle force: tensor([0.5235], device='cuda:0')
Thumb force: tensor([0.5465], device='cuda:0')
Index force: tensor([0.6939], device='cuda:0')
Storing NORMAL transition: reward=0.0222 (scaled=0.0222), steps=1
Collected 48 transitions for RL
Original likelihood: -19.49237060546875
Adjusted likelihood: -19.49237060546875
Likelihood residual: 0.0
Stochastic decision: ID (sampled from p=1.0000)
Current yaw: tensor([-0.0155, -0.0169, -0.9041], device='cuda:0')
5 turn
Sampling time 3.67831509700045
tensor([ 0.1398,  0.5340,  0.6596,  0.6116, -0.1269,  0.5417,  0.9220,  1.1914,
         1.5000,  0.1793,  0.1579,  0.7240, -0.0155, -0.0169, -0.9041,  2.3102],
       device='cuda:0')
Original likelihood: -20.546602249145508
Adjusted likelihood: -20.546602249145508
Likelihood residual: 0.0
Stochastic decision: ID (sampled from p=1.0000)
Solve time for step 1 13.854181989998324
Current ori: tensor([-0.0155, -0.0169, -0.9041], device='cuda:0')
Middle force: tensor([1.5138, 0.5843, 0.7898, 0.8458, 0.4977, 0.7817, 0.7006, 0.7025, 0.6087,
        0.9131, 0.5965, 0.5695], device='cuda:0')
Thumb force: tensor([1.0016, 0.5445, 1.9201, 0.5487, 0.5136, 0.6969, 1.3380, 0.8217, 0.5783,
        1.0040, 0.5357, 1.2367], device='cuda:0')
Index force: tensor([0.5769, 0.8127, 0.7154, 0.5134, 0.6611, 0.6870, 1.0017, 0.5341, 0.6092,
        0.5541, 0.5977, 0.5746], device='cuda:0')
Storing NORMAL transition: reward=-0.0210 (scaled=-0.0210), steps=1
Collected 49 transitions for RL
tensor([ 0.1315,  0.4943,  0.6524,  0.7152, -0.1272,  0.5233,  0.9513,  1.1841,
         1.4717,  0.2381,  0.1582,  0.7805, -0.0035, -0.0188, -0.8829,  2.3267],
       device='cuda:0')
Original likelihood: -20.826339721679688
Adjusted likelihood: -20.826339721679688
Likelihood residual: 0.0
Stochastic decision: ID (sampled from p=1.0000)
Solve time for step 2 2.9164565750106703
Current ori: tensor([-0.0035, -0.0188, -0.8829], device='cuda:0')
Middle force: tensor([0.5899, 0.7965, 0.8427, 0.5004, 0.7825, 0.7100, 0.7024, 0.6068, 0.9093,
        0.5958, 0.5686], device='cuda:0')
Thumb force: tensor([0.5395, 1.8939, 0.5468, 0.5127, 0.6861, 1.3112, 0.8118, 0.5763, 0.9942,
        0.5338, 1.2250], device='cuda:0')
Index force: tensor([0.8010, 0.7094, 0.5128, 0.6620, 0.6835, 0.9913, 0.5330, 0.6070, 0.5523,
        0.5954, 0.5729], device='cuda:0')
Storing NORMAL transition: reward=0.0201 (scaled=0.0201), steps=1
Collected 50 transitions for RL
tensor([ 0.1214,  0.5175,  0.6073,  0.7232, -0.1350,  0.5181,  0.9595,  1.1728,
         1.4730,  0.2622,  0.1777,  0.7339, -0.0084, -0.0130, -0.9028,  2.3326],
       device='cuda:0')
Original likelihood: -18.77349853515625
Adjusted likelihood: -18.77349853515625
Likelihood residual: 0.0
Stochastic decision: ID (sampled from p=1.0000)
Solve time for step 3 2.7821193960262462
Current ori: tensor([-0.0084, -0.0130, -0.9028], device='cuda:0')
Middle force: tensor([0.7850, 0.8400, 0.5004, 0.7785, 0.7098, 0.6995, 0.6052, 0.9037, 0.5951,
        0.5677], device='cuda:0')
Thumb force: tensor([1.8764, 0.5455, 0.5119, 0.6817, 1.2963, 0.8060, 0.5747, 0.9878, 0.5325,
        1.2139], device='cuda:0')
Index force: tensor([0.7078, 0.5121, 0.6634, 0.6798, 0.9825, 0.5320, 0.6051, 0.5510, 0.5933,
        0.5713], device='cuda:0')
Storing NORMAL transition: reward=-0.0116 (scaled=-0.0116), steps=1
Collected 51 transitions for RL
tensor([ 1.2145e-01,  4.9932e-01,  6.1918e-01,  7.4863e-01, -1.4054e-01,
         5.1421e-01,  9.6574e-01,  1.1748e+00,  1.5000e+00,  1.5882e-01,
         1.8468e-01,  7.2680e-01, -1.2183e-03, -1.2511e-02, -8.9115e-01,
         2.3334e+00], device='cuda:0')
Original likelihood: -14.567676544189453
Adjusted likelihood: -14.567676544189453
Likelihood residual: 0.0
Stochastic decision: ID (sampled from p=1.0000)
Solve time for step 4 2.59009682899341
Current ori: tensor([-0.0012, -0.0125, -0.8912], device='cuda:0')
Middle force: tensor([0.8338, 0.5004, 0.7744, 0.7097, 0.6942, 0.6035, 0.9003, 0.5934, 0.5662],
       device='cuda:0')
Thumb force: tensor([0.5441, 0.5109, 0.6764, 1.2769, 0.8011, 0.5730, 0.9785, 0.5314, 1.2037],
       device='cuda:0')
Index force: tensor([0.5114, 0.6836, 0.6770, 0.9765, 0.5313, 0.6029, 0.5498, 0.5913, 0.5697],
       device='cuda:0')
Storing NORMAL transition: reward=-0.0045 (scaled=-0.0045), steps=1
Collected 52 transitions for RL
tensor([ 1.1260e-01,  4.9108e-01,  6.2394e-01,  7.4392e-01, -1.4744e-01,
         5.0871e-01,  9.7101e-01,  1.1709e+00,  1.5000e+00,  9.7153e-02,
         1.9570e-01,  6.8323e-01, -1.6080e-04, -8.3117e-03, -8.8653e-01,
         2.3023e+00], device='cuda:0')
Original likelihood: -22.903404235839844
Adjusted likelihood: -22.903404235839844
Likelihood residual: 0.0
Stochastic decision: ID (sampled from p=0.9999)
Solve time for step 5 2.4268609790015034
Current ori: tensor([-1.6080e-04, -8.3117e-03, -8.8653e-01], device='cuda:0')
Middle force: tensor([0.5004, 0.7724, 0.7100, 0.6899, 0.6019, 0.8979, 0.5918, 0.5648],
       device='cuda:0')
Thumb force: tensor([0.5103, 0.6697, 1.2572, 0.7962, 0.5715, 0.9688, 0.5305, 1.1940],
       device='cuda:0')
Index force: tensor([0.6763, 0.6750, 0.9726, 0.5307, 0.6009, 0.5487, 0.5895, 0.5683],
       device='cuda:0')
Storing NORMAL transition: reward=-0.0089 (scaled=-0.0089), steps=1
Collected 53 transitions for RL
tensor([ 0.1233,  0.4889,  0.6290,  0.7613, -0.1549,  0.5247,  0.9739,  1.1805,
         1.5000,  0.1670,  0.2141,  0.6725,  0.0027, -0.0138, -0.8778,  2.3266],
       device='cuda:0')
Original likelihood: -17.97509765625
Adjusted likelihood: -17.97509765625
Likelihood residual: 0.0
Stochastic decision: ID (sampled from p=1.0000)
Solve time for step 6 2.427401112014195
Current ori: tensor([ 0.0027, -0.0138, -0.8778], device='cuda:0')
Middle force: tensor([0.7689, 0.7028, 0.6885, 0.6004, 0.8920, 0.5911, 0.5641],
       device='cuda:0')
Thumb force: tensor([0.6648, 1.2522, 0.7911, 0.5701, 0.9645, 0.5295, 1.1828],
       device='cuda:0')
Index force: tensor([0.6682, 0.9631, 0.5295, 0.5991, 0.5475, 0.5874, 0.5668],
       device='cuda:0')
Storing NORMAL transition: reward=0.0390 (scaled=0.0390), steps=1
Collected 54 transitions for RL
tensor([ 1.2098e-01,  4.9050e-01,  6.2595e-01,  7.5824e-01, -1.5473e-01,
         5.1896e-01,  9.7951e-01,  1.1907e+00,  1.5000e+00,  1.2583e-01,
         2.2373e-01,  6.3455e-01,  1.9038e-03, -1.3161e-02, -9.1680e-01,
         2.3528e+00], device='cuda:0')
Original likelihood: -20.11368179321289
Adjusted likelihood: -20.11368179321289
Likelihood residual: 0.0
Stochastic decision: ID (sampled from p=1.0000)
Solve time for step 7 2.304373336985009
Current ori: tensor([ 0.0019, -0.0132, -0.9168], device='cuda:0')
Middle force: tensor([0.7013, 0.6860, 0.5989, 0.8883, 0.5898, 0.5628], device='cuda:0')
Thumb force: tensor([1.2327, 0.7865, 0.5688, 0.9572, 0.5286, 1.1732], device='cuda:0')
Index force: tensor([0.9529, 0.5286, 0.5973, 0.5463, 0.5858, 0.5655], device='cuda:0')
Storing NORMAL transition: reward=0.0455 (scaled=0.0455), steps=1
Collected 55 transitions for RL
tensor([ 1.2802e-01,  4.9976e-01,  6.2314e-01,  7.5278e-01, -1.4745e-01,
         5.1847e-01,  9.8545e-01,  1.1998e+00,  1.5000e+00,  1.0878e-01,
         2.4846e-01,  6.1414e-01, -5.0969e-04, -1.7297e-02, -9.6240e-01,
         2.4109e+00], device='cuda:0')
Original likelihood: -23.33222007751465
Adjusted likelihood: -23.33222007751465
Likelihood residual: 0.0
Stochastic decision: ID (sampled from p=0.9999)
Solve time for step 8 2.2089445699821226
Current ori: tensor([-5.0969e-04, -1.7297e-02, -9.6240e-01], device='cuda:0')
Middle force: tensor([0.6766, 0.5976, 0.8848, 0.5887, 0.5617], device='cuda:0')
Thumb force: tensor([0.7804, 0.5673, 0.9489, 0.5275, 1.1633], device='cuda:0')
Index force: tensor([0.5285, 0.5953, 0.5453, 0.5839, 0.5641], device='cuda:0')
Storing NORMAL transition: reward=-0.0074 (scaled=-0.0074), steps=1
Collected 56 transitions for RL
tensor([ 0.1263,  0.4860,  0.6324,  0.7677, -0.1521,  0.5136,  0.9885,  1.2060,
         1.5000,  0.0889,  0.2809,  0.5638,  0.0042, -0.0156, -0.9550,  2.4065],
       device='cuda:0')
Original likelihood: -21.534841537475586
Adjusted likelihood: -21.534841537475586
Likelihood residual: 0.0
Stochastic decision: ID (sampled from p=1.0000)
Solve time for step 9 2.1241244389966596
Current ori: tensor([ 0.0042, -0.0156, -0.9550], device='cuda:0')
Middle force: tensor([0.5944, 0.8818, 0.5871, 0.5605], device='cuda:0')
Thumb force: tensor([0.5659, 0.9414, 0.5270, 1.1545], device='cuda:0')
Index force: tensor([0.5924, 0.5445, 0.5824, 0.5629], device='cuda:0')
Storing NORMAL transition: reward=-0.0068 (scaled=-0.0068), steps=1
Collected 57 transitions for RL
tensor([ 0.1278,  0.4843,  0.6353,  0.7700, -0.1511,  0.5134,  0.9910,  1.2028,
         1.5000,  0.0866,  0.3008,  0.5442,  0.0049, -0.0166, -0.9482,  2.3987],
       device='cuda:0')
Original likelihood: -26.06545639038086
Adjusted likelihood: -26.06545639038086
Likelihood residual: 0.0
Stochastic decision: ID (sampled from p=0.9841)
Solve time for step 10 1.9871006080065854
Current ori: tensor([ 0.0049, -0.0166, -0.9482], device='cuda:0')
Middle force: tensor([0.8757, 0.5857, 0.5595], device='cuda:0')
Thumb force: tensor([0.9317, 0.5264, 1.1456], device='cuda:0')
Index force: tensor([0.5424, 0.5810, 0.5617], device='cuda:0')
Storing NORMAL transition: reward=0.0508 (scaled=0.0508), steps=1
Collected 58 transitions for RL
tensor([ 0.1452,  0.4863,  0.6452,  0.7797, -0.1360,  0.5112,  1.0056,  1.2189,
         1.5000,  0.0860,  0.3225,  0.4809,  0.0068, -0.0266, -0.9995,  2.4916],
       device='cuda:0')
Original likelihood: -23.313899993896484
Adjusted likelihood: -23.313899993896484
Likelihood residual: 0.0
Stochastic decision: ID (sampled from p=0.9999)
Solve time for step 11 1.8882097610039636
Current ori: tensor([ 0.0068, -0.0266, -0.9995], device='cuda:0')
Middle force: tensor([0.5832, 0.5586], device='cuda:0')
Thumb force: tensor([0.5255, 1.1371], device='cuda:0')
Index force: tensor([0.5788, 0.5605], device='cuda:0')
Storing NORMAL transition: reward=-0.0023 (scaled=-0.0023), steps=1
Collected 59 transitions for RL
tensor([ 0.1512,  0.4752,  0.6570,  0.7981, -0.1348,  0.5093,  1.0120,  1.2246,
         1.5000,  0.0813,  0.3238,  0.4533,  0.0115, -0.0294, -0.9975,  2.4972],
       device='cuda:0')
Original likelihood: -22.440387725830078
Adjusted likelihood: -22.440387725830078
Likelihood residual: 0.0
Stochastic decision: ID (sampled from p=1.0000)
Solve time for step 12 1.8259034730144776
Current ori: tensor([ 0.0115, -0.0294, -0.9975], device='cuda:0')
Middle force: tensor([0.5565], device='cuda:0')
Thumb force: tensor([1.1278], device='cuda:0')
Index force: tensor([0.5588], device='cuda:0')
Storing NORMAL transition: reward=-0.0218 (scaled=-0.0218), steps=1
Collected 60 transitions for RL
Original likelihood: -31.622175216674805
Adjusted likelihood: -31.622175216674805
Likelihood residual: 0.0
Stochastic decision: OOD (sampled from p=0.1880)
State is out of distribution
Projection step: 0, Loss: 24.555580139160156
Projection step: 1, Loss: 21.353050231933594
Projection step: 2, Loss: 17.315532684326172
Projection step: 3, Loss: 20.349653244018555
Projection step: 4, Loss: 23.011680603027344
Projection step: 5, Loss: 18.37439727783203
Projection step: 6, Loss: 17.713743209838867
Projection step: 7, Loss: 23.235445022583008
Projection step: 8, Loss: 22.122398376464844
Projection step: 9, Loss: 17.169206619262695
Projection step: 10, Loss: 19.980449676513672
Projection step: 11, Loss: 21.56753158569336
Projection step: 12, Loss: 18.525293350219727
Projection step: 13, Loss: 19.395389556884766
Projection step: 14, Loss: 17.953550338745117
Final likelihood: tensor([-10.9357, -20.5222, -18.0632, -20.2519, -10.7560, -14.8385, -20.9586,
        -18.4235, -15.4970, -14.9725, -14.6253, -16.5225, -21.5419, -15.4873,
        -15.3230, -10.9160])
Final projection likelihood: -16.2272
1 mode projection succeeded
New goal: tensor([ 0.1026,  0.4460,  0.6044,  0.9084, -0.0636,  0.5777,  0.8831,  0.9813,
         1.4811,  0.0333,  0.2300,  0.7923,  0.0100, -0.0254, -1.7712],
       device='cuda:0')
tensor([[0.0037]], device='cuda:0') tensor([[0.0025]], device='cuda:0') tensor([[0.0028]], device='cuda:0')
Original likelihood: -22.192514419555664
Adjusted likelihood: -22.192514419555664
Likelihood residual: 0.0
Original likelihood: -20.75544548034668
Adjusted likelihood: -20.75544548034668
Likelihood residual: 0.0
{'index': 20.75544548034668, 'thumb_middle': 22.192514419555664}
Current yaw: tensor([ 0.0159, -0.0291, -0.9758], device='cuda:0')
6 index
tensor([ 0.1517,  0.4645,  0.6642,  0.8141, -0.1393,  0.5108,  1.0135,  1.2236,
         1.5000,  0.0938,  0.3224,  0.4489,  0.0159, -0.0291, -0.9758,  2.4830],
       device='cuda:0')
[1;34mwandb[0m:  View run [33mscrewdriver_sac_adj_2025-03-17-09-15-22[0m at: [34mhttps://wandb.ai/abhinavk99/ccai-screwdriver/runs/2e4op6rx[0m
[1;34mwandb[0m: Find logs at: [1;35mwandb/run-20250317_091522-2e4op6rx/logs[0m
