Importing module 'gym_38' (/home/abhinavkumar/Downloads/isaacgym/python/isaacgym/_bindings/linux-x86_64/gym_38.so)
Setting GYM_USD_PLUG_INFO_PATH to /home/abhinavkumar/Downloads/isaacgym/python/isaacgym/_bindings/linux-x86_64/usd/plugInfo.json
PyTorch version 2.4.0+cu121
Device count 4
/home/abhinavkumar/Downloads/isaacgym/python/isaacgym/_bindings/src/gymtorch
ninja: no work to do.
CCAI_PATH /home/abhinavkumar/Documents/ccai
robot pose [ 0.02  -0.35   0.376] [0, 0, 0.7071068, 0.7071068]
Not connected to PVD
Physics Engine: PhysX
Physics Device: cpu
GPU Pipeline: disabled
Using VHACD cache directory '/home/abhinavkumar/.isaacgym/vhacd'
Found existing convex decomposition for mesh '/home/abhinavkumar/Documents/git_packages/isaacgym-arm-envs/isaac_victor_envs/assets/xela_models/mesh/allegro/base_ns.stl'
Found existing convex decomposition for mesh '/home/abhinavkumar/Documents/git_packages/isaacgym-arm-envs/isaac_victor_envs/assets/xela_models/mesh/allegro/link_1.0.stl'
Found existing convex decomposition for mesh '/home/abhinavkumar/Documents/git_packages/isaacgym-arm-envs/isaac_victor_envs/assets/xela_models/mesh/ft_c.stl'

Trial 1
No action perturbation this trial
Current yaw: tensor([-0.0059], device='cuda:0')
Current yaw: tensor([-0.0062], device='cuda:0')
1 turn
tensor([ 0.1829,  0.6163,  0.6638,  0.9448, -0.0562,  0.3258,  0.9689,  0.8284,
         1.3310,  0.0404,  0.3919,  0.4228, -0.0062], device='cuda:0')
Solve time for step 1 (global step 0) 12.459001671057194
Current ori: tensor(-0.0062, device='cuda:0')
Middle force: tensor([2.2166, 3.0704, 1.4861, 0.9681, 1.5412, 0.8391], device='cuda:0')
Thumb force: tensor([1.1421, 1.4314, 2.7566, 1.7357, 3.0654, 0.5504], device='cuda:0')
Index force: tensor([1.5620, 2.1932, 3.9368, 3.1461, 1.9194, 1.8768], device='cuda:0')
tensor([ 0.1924,  0.6409,  0.6835,  0.9411, -0.0134,  0.3217,  0.9856,  0.7880,
         1.3918, -0.0592,  0.2809,  0.7132, -0.0918], device='cuda:0')
Solve time for step 2 (global step 1) 6.292125967796892
Current ori: tensor(-0.0918, device='cuda:0')
Middle force: tensor([2.1352, 1.8962, 0.8706, 1.0924, 1.3010], device='cuda:0')
Thumb force: tensor([0.8592, 0.2738, 0.4069, 0.1736, 0.9882], device='cuda:0')
Index force: tensor([1.5254, 1.9271, 3.0775, 1.6286, 0.2374], device='cuda:0')
tensor([ 0.1957,  0.6715,  0.6835,  0.9497,  0.0194,  0.3264,  0.9835,  0.7813,
         1.4466, -0.0971,  0.1972,  0.8238, -0.1704], device='cuda:0')
Solve time for step 3 (global step 2) 6.001133821904659
Current ori: tensor(-0.1704, device='cuda:0')
Middle force: tensor([1.8541, 0.8745, 1.0406, 1.2675], device='cuda:0')
Thumb force: tensor([0.2845, 0.1805, 0.2458, 0.9843], device='cuda:0')
Index force: tensor([1.9001, 2.9764, 1.5929, 0.1951], device='cuda:0')
tensor([ 0.1923,  0.7199,  0.6743,  0.9330,  0.0563,  0.3289,  0.9686,  0.7958,
         1.4667, -0.0058,  0.0867,  0.9103, -0.2578], device='cuda:0')
Solve time for step 4 (global step 3) 5.729149088729173
Current ori: tensor(-0.2578, device='cuda:0')
Middle force: tensor([0.8350, 0.9483, 1.2355], device='cuda:0')
Thumb force: tensor([0.1838, 0.2931, 0.9593], device='cuda:0')
Index force: tensor([2.8755, 1.5241, 0.1991], device='cuda:0')
tensor([ 0.2111,  0.7737,  0.6773,  0.9087,  0.0891,  0.3587,  0.9367,  0.7922,
         1.5000,  0.1018,  0.0326,  0.9382, -0.3543], device='cuda:0')
Solve time for step 5 (global step 4) 5.549202672671527
Current ori: tensor(-0.3543, device='cuda:0')
Middle force: tensor([0.9022, 1.1756], device='cuda:0')
Thumb force: tensor([0.4178, 0.9630], device='cuda:0')
Index force: tensor([1.4775, 0.2588], device='cuda:0')
tensor([ 0.2158,  0.8008,  0.6571,  0.8951,  0.0965,  0.3605,  0.9319,  0.7963,
         1.5000,  0.2258,  0.0365,  0.9172, -0.3726], device='cuda:0')
Solve time for step 6 (global step 5) 5.317858231253922
Current ori: tensor(-0.3726, device='cuda:0')
Middle force: tensor([1.1594], device='cuda:0')
Thumb force: tensor([0.9560], device='cuda:0')
Index force: tensor([0.2539], device='cuda:0')
Current yaw: tensor([-0.3876], device='cuda:0')
2 turn
tensor([ 0.2115,  0.8070,  0.6733,  0.8566,  0.0984,  0.3651,  0.9405,  0.7886,
         1.5000,  0.2273,  0.0267,  0.9429, -0.3876], device='cuda:0')
Solve time for step 1 (global step 6) 12.431552439928055
Current ori: tensor(-0.3876, device='cuda:0')
Middle force: tensor([0.9665, 2.3246, 2.4207, 1.2633, 1.3905, 2.7572], device='cuda:0')
Thumb force: tensor([1.8874, 1.8699, 0.5544, 1.3447, 1.0027, 1.1592], device='cuda:0')
Index force: tensor([1.7725, 1.1873, 2.2575, 0.9039, 1.9418, 2.2491], device='cuda:0')
tensor([ 0.2253,  0.8324,  0.6600,  0.8443,  0.1067,  0.3692,  0.9355,  0.7899,
         1.4261,  0.5386,  0.0084,  1.0679, -0.4103], device='cuda:0')
Solve time for step 2 (global step 7) 6.131871483754367
Current ori: tensor(-0.4103, device='cuda:0')
Middle force: tensor([2.1860, 1.9932, 0.9218, 1.2148, 2.5483], device='cuda:0')
Thumb force: tensor([1.6971, 0.6023, 0.9851, 0.9270, 1.0009], device='cuda:0')
Index force: tensor([1.1905, 1.8173, 0.7746, 1.6610, 2.0372], device='cuda:0')
tensor([ 2.2218e-01,  8.6065e-01,  7.2827e-01,  7.6169e-01,  1.4580e-01,
         3.8612e-01,  9.2001e-01,  7.8938e-01,  1.5000e+00,  3.8082e-01,
         1.2677e-03,  1.0236e+00, -5.2009e-01], device='cuda:0')
Solve time for step 3 (global step 8) 5.960604320280254
Current ori: tensor(-0.5201, device='cuda:0')
Middle force: tensor([1.2396, 1.3690, 1.6843, 0.7180], device='cuda:0')
Thumb force: tensor([0.1234, 0.1344, 0.1912, 0.1209], device='cuda:0')
Index force: tensor([0.6988, 1.4334, 1.9087, 1.4039], device='cuda:0')
tensor([ 0.2249,  0.8446,  0.7991,  0.6741,  0.1381,  0.4080,  0.9006,  0.8066,
         1.5000,  0.2718, -0.0185,  1.0556, -0.5247], device='cuda:0')
Solve time for step 4 (global step 9) 5.841853410936892
Current ori: tensor(-0.5247, device='cuda:0')
Middle force: tensor([1.3485, 1.6314, 0.7361], device='cuda:0')
Thumb force: tensor([0.1065, 0.2641, 0.1507], device='cuda:0')
Index force: tensor([1.4103, 1.7998, 1.3738], device='cuda:0')
tensor([ 2.2646e-01,  8.6303e-01,  7.8027e-01,  6.5934e-01,  1.3443e-01,
         4.1675e-01,  9.1710e-01,  7.6254e-01,  1.4474e+00,  5.1749e-01,
         1.3497e-03,  1.0572e+00, -5.2565e-01], device='cuda:0')
Solve time for step 5 (global step 10) 5.647458078805357
Current ori: tensor(-0.5256, device='cuda:0')
Middle force: tensor([1.5551, 0.7424], device='cuda:0')
Thumb force: tensor([0.2510, 0.1325], device='cuda:0')
Index force: tensor([1.7361, 1.3343], device='cuda:0')
tensor([ 0.2197,  0.8861,  0.7710,  0.6275,  0.1430,  0.4138,  0.9296,  0.7462,
         1.5000,  0.2350, -0.0517,  1.0675, -0.5527], device='cuda:0')
Solve time for step 6 (global step 11) 5.4247842617332935
Current ori: tensor(-0.5527, device='cuda:0')
Middle force: tensor([0.6970], device='cuda:0')
Thumb force: tensor([0.1848], device='cuda:0')
Index force: tensor([1.2443], device='cuda:0')
Current yaw: tensor([-0.5540], device='cuda:0')
Average turn amount: -0.5539972186088562 over 1 trials
{}

Trial 2
No action perturbation this trial
Current yaw: tensor([0.2561], device='cuda:0')
Current yaw: tensor([0.2533], device='cuda:0')
1 turn
tensor([ 0.2132,  0.5950,  0.6296,  0.8572, -0.0182,  0.2332,  0.8898,  0.7757,
         1.2497,  0.0508,  0.4019,  0.5095,  0.2533], device='cuda:0')
Solve time for step 1 (global step 0) 12.657207102049142
Current ori: tensor(0.2533, device='cuda:0')
Middle force: tensor([0.9470, 1.1699, 3.8755, 1.1037, 1.2718, 1.8738], device='cuda:0')
Thumb force: tensor([1.3700, 2.1757, 1.0918, 0.0255, 1.9383, 0.7411], device='cuda:0')
Index force: tensor([1.5318, 3.6549, 1.8236, 1.2130, 3.0888, 0.8495], device='cuda:0')
tensor([0.2194, 0.5938, 0.6270, 0.8761, 0.0185, 0.2333, 0.8693, 0.7933, 1.2708,
        0.0057, 0.3380, 0.6188, 0.2526], device='cuda:0')
Solve time for step 2 (global step 1) 6.200337609741837
Current ori: tensor(0.2526, device='cuda:0')
Middle force: tensor([1.1281, 3.4075, 1.0197, 1.3819, 1.4743], device='cuda:0')
Thumb force: tensor([1.9937e+00, 1.2356e+00, 6.0672e-05, 1.7474e+00, 4.7536e-01],
       device='cuda:0')
Index force: tensor([3.3673, 1.6537, 1.1236, 2.7685, 0.9123], device='cuda:0')
tensor([ 0.2571,  0.6429,  0.6410,  0.8537,  0.0695,  0.2506,  0.8233,  0.7871,
         1.3432, -0.1050,  0.1986,  0.8469,  0.1720], device='cuda:0')
Solve time for step 3 (global step 2) 6.015461866743863
Current ori: tensor(0.1720, device='cuda:0')
Middle force: tensor([3.2909, 1.0017, 1.2516, 1.2598], device='cuda:0')
Thumb force: tensor([1.1678, 0.0182, 1.7076, 0.2839], device='cuda:0')
Index force: tensor([1.6142, 1.1248, 2.7284, 0.9316], device='cuda:0')
tensor([ 0.2711,  0.6550,  0.6451,  0.8577,  0.0709,  0.2483,  0.8301,  0.7788,
         1.3507, -0.0228,  0.1230,  0.8505,  0.1688], device='cuda:0')
Solve time for step 4 (global step 3) 5.7100422768853605
Current ori: tensor(0.1688, device='cuda:0')
Middle force: tensor([0.9930, 1.1849, 1.2187], device='cuda:0')
Thumb force: tensor([0.0177, 1.6812, 0.2591], device='cuda:0')
Index force: tensor([1.1111, 2.6664, 0.9196], device='cuda:0')
tensor([ 0.2816,  0.6561,  0.6592,  0.8602,  0.0955,  0.2604,  0.8216,  0.7657,
         1.3795, -0.0955,  0.1039,  0.8803,  0.1687], device='cuda:0')
Solve time for step 5 (global step 4) 5.571316972840577
Current ori: tensor(0.1687, device='cuda:0')
Middle force: tensor([1.0585, 1.1323], device='cuda:0')
Thumb force: tensor([1.5197, 0.1964], device='cuda:0')
Index force: tensor([2.4789, 0.8866], device='cuda:0')
tensor([ 0.3070,  0.6902,  0.6601,  0.9082,  0.1109,  0.2744,  0.8075,  0.7500,
         1.4022, -0.1050,  0.1040,  0.8479,  0.1611], device='cuda:0')
Solve time for step 6 (global step 5) 5.21308479597792
Current ori: tensor(0.1611, device='cuda:0')
Middle force: tensor([1.0685], device='cuda:0')
Thumb force: tensor([0.1486], device='cuda:0')
Index force: tensor([0.8922], device='cuda:0')
Current yaw: tensor([0.1611], device='cuda:0')
2 turn
tensor([0.3157, 0.7093, 0.6695, 0.9111, 0.1109, 0.2825, 0.7872, 0.7689, 1.3477,
        0.0589, 0.0764, 0.8369, 0.1611], device='cuda:0')
Solve time for step 1 (global step 6) 12.43779062712565
Current ori: tensor(0.1611, device='cuda:0')
Middle force: tensor([0.8149, 2.5292, 0.7957, 2.9908, 0.6335, 1.5670], device='cuda:0')
Thumb force: tensor([0.0152, 1.5078, 0.0267, 1.4741, 0.3876, 0.7117], device='cuda:0')
Index force: tensor([1.5320, 2.1755, 0.7076, 2.1450, 0.4524, 1.5981], device='cuda:0')
tensor([ 0.3395,  0.8012,  0.6768,  0.9366,  0.1376,  0.3105,  0.7118,  0.8366,
         1.4142, -0.1050,  0.0645,  0.9080,  0.1611], device='cuda:0')
Solve time for step 2 (global step 7) 6.205809592735022
Current ori: tensor(0.1611, device='cuda:0')
Middle force: tensor([2.3409, 0.7146, 3.0053, 0.5077, 1.3156], device='cuda:0')
Thumb force: tensor([1.6450, 0.3937, 1.4355, 0.4266, 1.0042], device='cuda:0')
Index force: tensor([2.3767, 0.5152, 2.1104, 0.3501, 1.3469], device='cuda:0')
tensor([ 0.3540,  0.8184,  0.7070,  0.9764,  0.2432,  0.2960,  0.7863,  0.7052,
         1.4567, -0.1050,  0.0420,  0.9411,  0.1576], device='cuda:0')
Solve time for step 3 (global step 8) 5.980522712692618
Current ori: tensor(0.1576, device='cuda:0')
Middle force: tensor([0.6911, 2.8563, 0.4150, 1.1331], device='cuda:0')
Thumb force: tensor([0.4647, 1.4506, 0.3383, 1.0908], device='cuda:0')
Index force: tensor([0.4836, 2.0324, 0.5048, 1.2572], device='cuda:0')
tensor([ 0.3646,  0.8324,  0.7494,  0.9543,  0.2491,  0.3352,  0.6273,  0.9043,
         1.4604, -0.1050,  0.0252,  0.9415,  0.1575], device='cuda:0')
Solve time for step 4 (global step 9) 5.556091002654284
Current ori: tensor(0.1575, device='cuda:0')
Middle force: tensor([2.7348, 0.3763, 1.0915], device='cuda:0')
Thumb force: tensor([1.4240, 0.3723, 1.0309], device='cuda:0')
Index force: tensor([1.8986, 0.5214, 1.2179], device='cuda:0')
tensor([ 0.3697,  0.8412,  0.7636,  0.9570,  0.2721,  0.3278,  0.6689,  0.8461,
         1.4197,  0.1380, -0.0202,  1.0247,  0.1473], device='cuda:0')
Solve time for step 5 (global step 10) 5.5646603419445455
Current ori: tensor(0.1473, device='cuda:0')
Middle force: tensor([0.4072, 1.0654], device='cuda:0')
Thumb force: tensor([0.3579, 0.9879], device='cuda:0')
Index force: tensor([0.5089, 1.1499], device='cuda:0')
tensor([ 0.3715,  0.8709,  0.7562,  0.9378,  0.2720,  0.3419,  0.6324,  0.8792,
         1.3953,  0.2395, -0.0380,  1.0502,  0.1472], device='cuda:0')
Solve time for step 6 (global step 11) 5.289460085798055
Current ori: tensor(0.1472, device='cuda:0')
Middle force: tensor([1.0221], device='cuda:0')
Thumb force: tensor([0.9606], device='cuda:0')
Index force: tensor([1.1424], device='cuda:0')
Current yaw: tensor([0.1472], device='cuda:0')
Average turn amount: -0.20342262089252472 over 2 trials
{}

Trial 3
No action perturbation this trial
Current yaw: tensor([0.1802], device='cuda:0')
Current yaw: tensor([0.1764], device='cuda:0')
1 turn
tensor([ 0.2764,  0.6644,  0.7067,  0.7190, -0.0506,  0.2238,  0.8602,  0.8944,
         1.2738,  0.0754,  0.4193,  0.3962,  0.1764], device='cuda:0')
Solve time for step 1 (global step 0) 12.580971707124263
Current ori: tensor(0.1764, device='cuda:0')
Middle force: tensor([1.1784, 2.3460, 1.9412, 1.2135, 0.9674, 2.7482], device='cuda:0')
Thumb force: tensor([1.0934, 1.0079, 1.0227, 1.0353, 0.7090, 0.6718], device='cuda:0')
Index force: tensor([1.9956, 1.4970, 2.1266, 1.9322, 1.3218, 1.9854], device='cuda:0')
tensor([2.8592e-01, 6.7630e-01, 7.2718e-01, 7.0211e-01, 3.9574e-04, 2.0545e-01,
        8.9124e-01, 8.3943e-01, 1.2944e+00, 2.3585e-02, 3.0623e-01, 6.1827e-01,
        1.7624e-01], device='cuda:0')
Solve time for step 2 (global step 1) 5.892777022905648
Current ori: tensor(0.1762, device='cuda:0')
Middle force: tensor([1.2403, 1.0859, 2.1375, 1.8611, 2.0566], device='cuda:0')
Thumb force: tensor([0.0888, 0.5337, 1.5575, 0.0945, 0.1575], device='cuda:0')
Index force: tensor([1.3661, 1.6502, 1.2236, 1.8236, 2.5946], device='cuda:0')
tensor([ 0.2977,  0.7047,  0.7297,  0.6965,  0.0406,  0.2251,  0.8081,  0.9320,
         1.3387, -0.0204,  0.2107,  0.7058,  0.1760], device='cuda:0')
Solve time for step 3 (global step 2) 6.014280407689512
Current ori: tensor(0.1760, device='cuda:0')
Middle force: tensor([0.9835, 2.0385, 1.7113, 1.9525], device='cuda:0')
Thumb force: tensor([0.3428, 1.6621, 0.5491, 0.1532], device='cuda:0')
Index force: tensor([1.5768, 1.3003, 1.5427, 2.4959], device='cuda:0')
tensor([ 0.2981,  0.7108,  0.7157,  0.7136,  0.0526,  0.2144,  0.8709,  0.8175,
         1.3887, -0.1050,  0.1593,  0.7659,  0.1747], device='cuda:0')
Solve time for step 4 (global step 3) 5.5636858609505
Current ori: tensor(0.1747, device='cuda:0')
Middle force: tensor([2.0618, 1.5097, 1.9138], device='cuda:0')
Thumb force: tensor([1.6867, 0.8851, 0.2763], device='cuda:0')
Index force: tensor([1.3601, 1.2754, 2.3961], device='cuda:0')
tensor([ 0.3106,  0.7305,  0.7262,  0.7169,  0.1699,  0.2219,  0.8490,  0.8027,
         1.4200, -0.1050,  0.0178,  0.9940,  0.1147], device='cuda:0')
Solve time for step 5 (global step 4) 5.391481150873005
Current ori: tensor(0.1147, device='cuda:0')
Middle force: tensor([1.4442, 1.7784], device='cuda:0')
Thumb force: tensor([0.9232, 0.3143], device='cuda:0')
Index force: tensor([1.1708, 2.2385], device='cuda:0')
tensor([ 0.3132,  0.7307,  0.7242,  0.7351,  0.1856,  0.2193,  0.8567,  0.7928,
         1.4420, -0.0815, -0.0246,  1.0530,  0.1094], device='cuda:0')
Solve time for step 6 (global step 5) 5.05573393125087
Current ori: tensor(0.1094, device='cuda:0')
Middle force: tensor([1.7353], device='cuda:0')
Thumb force: tensor([0.3169], device='cuda:0')
Index force: tensor([2.1855], device='cuda:0')
Current yaw: tensor([0.0936], device='cuda:0')
2 turn
tensor([ 0.3166,  0.7403,  0.7151,  0.7524,  0.1942,  0.2227,  0.8528,  0.7911,
         1.4488, -0.0079, -0.0655,  1.1156,  0.0936], device='cuda:0')
Solve time for step 1 (global step 6) 12.243520027026534
Current ori: tensor(0.0936, device='cuda:0')
Middle force: tensor([1.1187, 1.3280, 2.4722, 2.2964, 1.6603, 1.1028], device='cuda:0')
Thumb force: tensor([0.5969, 0.3147, 2.0280, 0.0707, 2.4975, 0.3242], device='cuda:0')
Index force: tensor([1.8101, 1.3319, 0.9875, 0.8492, 1.7508, 1.7910], device='cuda:0')
tensor([ 0.3176,  0.7401,  0.7135,  0.7624,  0.1949,  0.2278,  0.8395,  0.8039,
         1.3947,  0.2177, -0.0788,  1.1487,  0.0918], device='cuda:0')
Solve time for step 2 (global step 7) 6.236562391277403
Current ori: tensor(0.0918, device='cuda:0')
Middle force: tensor([1.2707, 2.3549, 2.2473, 1.5643, 1.0817], device='cuda:0')
Thumb force: tensor([0.3118, 1.9940, 0.0628, 2.4957, 0.3728], device='cuda:0')
Index force: tensor([1.2767, 0.9752, 0.7092, 1.6784, 1.7463], device='cuda:0')
tensor([ 0.3166,  0.7554,  0.6842,  0.7804,  0.1956,  0.2236,  0.8507,  0.7925,
         1.4857, -0.0945, -0.1517,  1.1786,  0.0904], device='cuda:0')
Solve time for step 3 (global step 8) 5.970093152951449
Current ori: tensor(0.0904, device='cuda:0')
Middle force: tensor([2.2391, 2.1617, 1.5068, 1.0451], device='cuda:0')
Thumb force: tensor([1.9081, 0.0947, 2.3929, 0.4235], device='cuda:0')
Index force: tensor([0.9436, 0.6904, 1.5870, 1.6682], device='cuda:0')
tensor([ 0.3177,  0.7647,  0.6709,  0.7931,  0.1993,  0.2272,  0.8425,  0.7993,
         1.4777, -0.0568, -0.1366,  1.2309,  0.0827], device='cuda:0')
Solve time for step 4 (global step 9) 5.584068069700152
Current ori: tensor(0.0827, device='cuda:0')
Middle force: tensor([2.0968, 1.4487, 1.0320], device='cuda:0')
Thumb force: tensor([0.0542, 2.3669, 0.4669], device='cuda:0')
Index force: tensor([0.6755, 1.5773, 1.6184], device='cuda:0')
tensor([ 0.3313,  0.8062,  0.6711,  0.7857,  0.1992,  0.2255,  0.8470,  0.7947,
         1.4598,  0.0461, -0.1556,  1.2562,  0.0828], device='cuda:0')
Solve time for step 5 (global step 10) 5.433584090787917
Current ori: tensor(0.0828, device='cuda:0')
Middle force: tensor([1.3575, 0.9879], device='cuda:0')
Thumb force: tensor([2.2409, 0.4561], device='cuda:0')
Index force: tensor([1.5028, 1.5837], device='cuda:0')
tensor([ 0.3369,  0.8299,  0.6697,  0.7867,  0.2011,  0.2246,  0.8364,  0.8215,
         1.4837, -0.0849, -0.1522,  1.2694,  0.0828], device='cuda:0')
Solve time for step 6 (global step 11) 5.082674182020128
Current ori: tensor(0.0828, device='cuda:0')
Middle force: tensor([0.9674], device='cuda:0')
Thumb force: tensor([0.4216], device='cuda:0')
Index force: tensor([1.5288], device='cuda:0')
Current yaw: tensor([0.0827], device='cuda:0')
Average turn amount: -0.1080527330438296 over 3 trials
{}

Trial 4
No action perturbation this trial
Current yaw: tensor([-0.7724], device='cuda:0')
Current yaw: tensor([-0.7723], device='cuda:0')
1 turn
tensor([ 0.2864,  0.6263,  0.7525,  0.8933, -0.0527,  0.2272,  0.8943,  0.8549,
         1.2538,  0.0147,  0.3277,  0.5784, -0.7723], device='cuda:0')
Solve time for step 1 (global step 0) 12.711500918027014
Current ori: tensor(-0.7723, device='cuda:0')
Middle force: tensor([1.2762, 1.6059, 0.8324, 0.7963, 1.7656, 1.9646], device='cuda:0')
Thumb force: tensor([0.4124, 0.8293, 0.8853, 0.9255, 0.3105, 1.6783], device='cuda:0')
Index force: tensor([1.3450, 1.8133, 4.1992, 2.0694, 1.1428, 1.6803], device='cuda:0')
tensor([ 0.3069,  0.6756,  0.7390,  0.9321, -0.0569,  0.2148,  0.9209,  0.8383,
         1.3489, -0.1050,  0.2833,  0.5640, -0.7723], device='cuda:0')
Solve time for step 2 (global step 1) 6.170724596362561
Current ori: tensor(-0.7723, device='cuda:0')
Middle force: tensor([1.3397, 0.8592, 0.8900, 1.6244, 1.9501], device='cuda:0')
Thumb force: tensor([0.8300, 0.8909, 0.7970, 0.6801, 1.5148], device='cuda:0')
Index force: tensor([1.6883, 4.1219, 1.9796, 1.1071, 1.6987], device='cuda:0')
tensor([ 0.2823,  0.7470,  0.7604,  0.8990, -0.0635,  0.2202,  0.9216,  0.8238,
         1.2184,  0.2077,  0.1806,  0.6799, -0.7723], device='cuda:0')
Solve time for step 3 (global step 2) 6.053230416029692
Current ori: tensor(-0.7723, device='cuda:0')
Middle force: tensor([0.8057, 0.8763, 1.5255, 1.8615], device='cuda:0')
Thumb force: tensor([0.8542, 0.7472, 0.7146, 1.4347], device='cuda:0')
Index force: tensor([3.9055, 1.9600, 1.0790, 1.6675], device='cuda:0')
tensor([ 0.2812,  0.7835,  0.7880,  0.8663, -0.0688,  0.2263,  0.9111,  0.8325,
         1.2476,  0.1352,  0.2469,  0.6701, -0.7721], device='cuda:0')
Solve time for step 4 (global step 3) 5.731147175654769
Current ori: tensor(-0.7721, device='cuda:0')
Middle force: tensor([0.8763, 1.4966, 1.8133], device='cuda:0')
Thumb force: tensor([0.7681, 0.7423, 1.4231], device='cuda:0')
Index force: tensor([1.9003, 1.0802, 1.5864], device='cuda:0')
tensor([ 0.2635,  0.7878,  0.8103,  0.8246, -0.0588,  0.2102,  0.9186,  0.8605,
         1.2494,  0.1257,  0.2635,  0.6360, -0.7721], device='cuda:0')
Solve time for step 5 (global step 4) 5.407316315919161
Current ori: tensor(-0.7721, device='cuda:0')
Middle force: tensor([1.4120, 1.7630], device='cuda:0')
Thumb force: tensor([0.7388, 1.3769], device='cuda:0')
Index force: tensor([1.0330, 1.5075], device='cuda:0')
tensor([ 0.2636,  0.8311,  0.8149,  0.8339, -0.0639,  0.2060,  0.9300,  0.8527,
         1.2529,  0.0624,  0.3035,  0.5877, -0.7720], device='cuda:0')
Solve time for step 6 (global step 5) 5.2156823528930545
Current ori: tensor(-0.7720, device='cuda:0')
Middle force: tensor([1.6952], device='cuda:0')
Thumb force: tensor([1.3149], device='cuda:0')
Index force: tensor([1.4507], device='cuda:0')
Current yaw: tensor([-0.7720], device='cuda:0')
2 turn
tensor([ 0.2635,  0.8668,  0.8075,  0.8539, -0.0593,  0.1942,  0.9517,  0.8380,
         1.2237,  0.0898,  0.3195,  0.5969, -0.7720], device='cuda:0')
Solve time for step 1 (global step 6) 12.42650045407936
Current ori: tensor(-0.7720, device='cuda:0')
Middle force: tensor([2.3731, 1.2548, 0.5217, 2.4345, 1.4224, 1.5436], device='cuda:0')
Thumb force: tensor([2.0147, 0.9855, 1.4626, 0.0405, 3.3486, 0.9253], device='cuda:0')
Index force: tensor([1.5273, 1.0387, 2.2169, 1.7634, 2.9354, 1.3509], device='cuda:0')
tensor([ 0.2624,  0.8926,  0.7621,  0.8600, -0.0789,  0.1763,  0.9743,  0.8607,
         1.2096,  0.1307,  0.4020,  0.4336, -0.7691], device='cuda:0')
Solve time for step 2 (global step 7) 6.042629858944565
Current ori: tensor(-0.7691, device='cuda:0')
Middle force: tensor([1.1608, 0.3371, 2.1043, 1.3963, 1.3005], device='cuda:0')
Thumb force: tensor([0.8223, 1.0741, 0.2172, 2.6803, 1.0865], device='cuda:0')
Index force: tensor([0.9304, 1.9334, 1.5980, 2.6213, 0.9351], device='cuda:0')
tensor([ 0.2628,  0.9443,  0.7593,  0.8187, -0.0786,  0.1724,  0.9793,  0.8610,
         1.2033,  0.1954,  0.3919,  0.4297, -0.7691], device='cuda:0')
Solve time for step 3 (global step 8) 6.092208728194237
Current ori: tensor(-0.7691, device='cuda:0')
Middle force: tensor([0.3198, 2.0000, 1.3744, 1.2687], device='cuda:0')
Thumb force: tensor([0.9499, 0.2761, 2.6129, 1.0016], device='cuda:0')
Index force: tensor([1.8445, 1.5355, 2.4816, 0.8470], device='cuda:0')
tensor([ 0.2624,  0.9534,  0.7508,  0.7497, -0.0754,  0.1558,  1.0148,  0.8313,
         1.3245, -0.1050,  0.3744,  0.3667, -0.7690], device='cuda:0')
Solve time for step 4 (global step 9) 5.59381796233356
Current ori: tensor(-0.7690, device='cuda:0')
Middle force: tensor([1.9596, 1.3122, 1.2069], device='cuda:0')
Thumb force: tensor([0.2503, 2.5349, 1.0279], device='cuda:0')
Index force: tensor([1.4852, 2.3649, 0.8422], device='cuda:0')
tensor([ 0.2503,  0.9867,  0.7445,  0.7567, -0.0663,  0.1524,  1.0200,  0.8238,
         1.3500, -0.0835,  0.3288,  0.4634, -0.7691], device='cuda:0')
Solve time for step 5 (global step 10) 5.418329332023859
Current ori: tensor(-0.7691, device='cuda:0')
Middle force: tensor([1.3417, 1.2418], device='cuda:0')
Thumb force: tensor([2.4610, 0.9309], device='cuda:0')
Index force: tensor([2.2286, 0.7887], device='cuda:0')
tensor([ 0.2512,  0.9935,  0.7331,  0.7668, -0.0510,  0.1452,  1.0189,  0.8592,
         1.3439, -0.0457,  0.3148,  0.4905, -0.7693], device='cuda:0')
Solve time for step 6 (global step 11) 5.281747333239764
Current ori: tensor(-0.7693, device='cuda:0')
Middle force: tensor([1.2173], device='cuda:0')
Thumb force: tensor([0.8791], device='cuda:0')
Index force: tensor([0.7842], device='cuda:0')
Current yaw: tensor([-0.7693], device='cuda:0')
Average turn amount: -0.27336269803345203 over 4 trials
{}

Trial 5
No action perturbation this trial
Current yaw: tensor([0.0937], device='cuda:0')
Current yaw: tensor([0.0934], device='cuda:0')
1 turn
tensor([ 0.3142,  0.6925,  0.7393,  0.7889, -0.0980,  0.3000,  0.9584,  0.8344,
         1.3047,  0.0651,  0.3770,  0.4625,  0.0934], device='cuda:0')
Solve time for step 1 (global step 0) 12.347290665842593
Current ori: tensor(0.0934, device='cuda:0')
Middle force: tensor([0.7771, 1.0812, 1.0822, 1.5792, 1.3819, 1.0075], device='cuda:0')
Thumb force: tensor([1.1026, 1.4434, 2.0908, 1.2221, 2.6162, 1.1590], device='cuda:0')
Index force: tensor([3.6009, 0.6033, 2.8641, 1.1916, 2.6304, 2.1295], device='cuda:0')
tensor([ 0.3395,  0.7457,  0.7573,  0.8072, -0.0750,  0.2676,  1.0069,  0.7890,
         1.3466,  0.0138,  0.2398,  0.6811,  0.0536], device='cuda:0')
Solve time for step 2 (global step 1) 6.113546467851847
Current ori: tensor(0.0536, device='cuda:0')
Middle force: tensor([2.1374, 1.1753, 2.7026, 2.4093, 2.3139], device='cuda:0')
Thumb force: tensor([0.3099, 0.0245, 0.2784, 0.8362, 1.0890], device='cuda:0')
Index force: tensor([3.2367, 3.2626, 2.1458, 1.8299, 1.5337], device='cuda:0')
tensor([ 0.3529,  0.7805,  0.7827,  0.7830, -0.0345,  0.2762,  0.8987,  0.9326,
         1.4319, -0.1050,  0.1411,  0.7953, -0.0216], device='cuda:0')
Solve time for step 3 (global step 2) 6.03926006378606
Current ori: tensor(-0.0216, device='cuda:0')
Middle force: tensor([1.0326, 2.4851, 2.3318, 2.0844], device='cuda:0')
Thumb force: tensor([0.0905, 0.4650, 0.7761, 0.8650], device='cuda:0')
Index force: tensor([3.0959, 1.9439, 1.8388, 1.5958], device='cuda:0')
tensor([ 0.3699,  0.8550,  0.7852,  0.7901,  0.0274,  0.2065,  1.0602,  0.7419,
         1.4086,  0.1056,  0.0381,  0.9604, -0.1396], device='cuda:0')
Solve time for step 4 (global step 3) 5.519285249058157
Current ori: tensor(-0.1396, device='cuda:0')
Middle force: tensor([2.4101, 2.3347, 1.8633], device='cuda:0')
Thumb force: tensor([0.4978, 0.7751, 0.8734], device='cuda:0')
Index force: tensor([1.9411, 1.8394, 1.6486], device='cuda:0')
tensor([ 0.3756,  0.9734,  0.7862,  0.8143,  0.1432,  0.2457,  0.9976,  0.7711,
         1.4242,  0.0422,  0.0116,  1.0184, -0.3817], device='cuda:0')
Solve time for step 5 (global step 4) 5.466904142871499
Current ori: tensor(-0.3817, device='cuda:0')
Middle force: tensor([2.1796, 1.6244], device='cuda:0')
Thumb force: tensor([0.7922, 0.9042], device='cuda:0')
Index force: tensor([1.8395, 1.6578], device='cuda:0')
tensor([ 0.3677,  1.0392,  0.7713,  0.8318,  0.2027,  0.2551,  0.9974,  0.7770,
         1.4249,  0.2138,  0.0108,  1.1313, -0.5064], device='cuda:0')
Solve time for step 6 (global step 5) 5.145595924928784
Current ori: tensor(-0.5064, device='cuda:0')
Middle force: tensor([1.5376], device='cuda:0')
Thumb force: tensor([0.9238], device='cuda:0')
Index force: tensor([1.6152], device='cuda:0')
Current yaw: tensor([-0.5947], device='cuda:0')
2 turn
tensor([ 0.3580,  1.0961,  0.7687,  0.7982,  0.2357,  0.2722,  0.9932,  0.7661,
         1.4563,  0.3795, -0.0041,  1.1282, -0.5947], device='cuda:0')
Solve time for step 1 (global step 6) 12.545121910981834
Current ori: tensor(-0.5947, device='cuda:0')
Middle force: tensor([1.2268, 1.6554, 1.1949, 1.4181, 1.6838, 0.3551], device='cuda:0')
Thumb force: tensor([0.4673, 0.6239, 0.1238, 0.0796, 0.6895, 0.8214], device='cuda:0')
Index force: tensor([1.3571, 2.5234, 2.3758, 1.7476, 1.1382, 1.9763], device='cuda:0')
tensor([ 3.5929e-01,  1.1754e+00,  7.9749e-01,  7.7529e-01,  2.5641e-01,
         2.7077e-01,  9.9675e-01,  7.6137e-01,  1.4859e+00,  3.5024e-01,
        -1.0788e-04,  1.0835e+00, -6.3195e-01], device='cuda:0')
Solve time for step 2 (global step 7) 6.123434844892472
Current ori: tensor(-0.6320, device='cuda:0')
Middle force: tensor([1.7766, 1.2333, 1.3295, 1.2218, 0.4225], device='cuda:0')
Thumb force: tensor([0.5805, 0.1365, 0.3021, 0.7255, 0.6967], device='cuda:0')
Index force: tensor([1.7395, 2.2776, 1.3704, 1.2125, 1.8243], device='cuda:0')
tensor([ 0.3174,  1.3483,  0.7780,  0.7790,  0.3094,  0.2708,  1.0702,  0.6501,
         1.5000,  0.3605,  0.0810,  1.0161, -0.7616], device='cuda:0')
Solve time for step 3 (global step 8) 6.02258924394846
Current ori: tensor(-0.7616, device='cuda:0')
Middle force: tensor([1.2825, 1.3023, 1.0194, 0.4913], device='cuda:0')
Thumb force: tensor([0.1776, 0.2912, 0.7001, 0.6353], device='cuda:0')
Index force: tensor([2.2210, 1.2560, 1.2297, 1.7171], device='cuda:0')
tensor([ 0.3074,  1.4267,  0.7531,  0.7736,  0.3215,  0.2907,  1.0522,  0.6573,
         1.5000,  0.3915,  0.1280,  0.9476, -0.8077], device='cuda:0')
Solve time for step 4 (global step 9) 5.724815960973501
Current ori: tensor(-0.8077, device='cuda:0')
Middle force: tensor([1.2600, 0.9556, 0.5222], device='cuda:0')
Thumb force: tensor([0.2406, 0.6517, 0.5895], device='cuda:0')
Index force: tensor([1.1745, 1.2212, 1.6357], device='cuda:0')
tensor([ 0.2996,  1.4959,  0.7137,  0.7264,  0.3290,  0.3153,  1.0313,  0.6608,
         1.4575,  0.5440,  0.2149,  0.8732, -0.8408], device='cuda:0')
Solve time for step 5 (global step 10) 5.392182823270559
Current ori: tensor(-0.8408, device='cuda:0')
Middle force: tensor([0.9023, 0.6080], device='cuda:0')
Thumb force: tensor([0.6794, 0.5160], device='cuda:0')
Index force: tensor([1.2263, 1.5611], device='cuda:0')
tensor([ 0.2747,  1.5788,  0.6812,  0.7067,  0.3347,  0.3162,  1.0373,  0.6454,
         1.5000,  0.3578,  0.1492,  0.8441, -0.8511], device='cuda:0')
Solve time for step 6 (global step 11) 5.055347714573145
Current ori: tensor(-0.8511, device='cuda:0')
Middle force: tensor([0.6180], device='cuda:0')
Thumb force: tensor([0.4739], device='cuda:0')
Index force: tensor([1.4986], device='cuda:0')
Current yaw: tensor([-0.8514], device='cuda:0')
Average turn amount: -0.38896399885416033 over 5 trials
{}

Trial 6
No action perturbation this trial
Current yaw: tensor([0.5188], device='cuda:0')
Current yaw: tensor([0.5187], device='cuda:0')
1 turn
tensor([ 0.3017,  0.5576,  0.7408,  1.0404, -0.0133,  0.1914,  0.9026,  0.8752,
         1.2448,  0.0575,  0.3665,  0.4705,  0.5187], device='cuda:0')
Solve time for step 1 (global step 0) 12.210924391634762
Current ori: tensor(0.5187, device='cuda:0')
Middle force: tensor([1.8002, 1.3612, 2.1738, 2.8900, 2.4053, 2.4605], device='cuda:0')
Thumb force: tensor([0.2396, 0.7419, 0.8975, 0.8296, 2.6866, 0.9615], device='cuda:0')
Index force: tensor([3.4989, 2.9820, 0.8004, 1.3059, 2.5278, 1.9246], device='cuda:0')
tensor([0.2998, 0.5685, 0.7112, 1.0648, 0.0317, 0.2012, 0.8749, 0.8601, 1.2780,
        0.0150, 0.2725, 0.6378, 0.5183], device='cuda:0')
Solve time for step 2 (global step 1) 5.957305575255305
Current ori: tensor(0.5183, device='cuda:0')
Middle force: tensor([1.5719, 1.5051, 2.1377, 2.0486, 1.1335], device='cuda:0')
Thumb force: tensor([0.3156, 0.2619, 0.5257, 0.1933, 0.8009], device='cuda:0')
Index force: tensor([1.1705, 2.1332, 0.6858, 1.5496, 1.1724], device='cuda:0')
tensor([0.2971, 0.5658, 0.7136, 1.0552, 0.0461, 0.1965, 0.8891, 0.8320, 1.1912,
        0.2453, 0.2324, 0.6274, 0.5183], device='cuda:0')
Solve time for step 3 (global step 2) 5.991845626849681
Current ori: tensor(0.5183, device='cuda:0')
Middle force: tensor([1.4204, 2.0597, 2.0765, 1.1592], device='cuda:0')
Thumb force: tensor([0.2491, 0.3425, 0.1474, 0.6946], device='cuda:0')
Index force: tensor([2.1170, 0.6749, 1.1735, 1.1894], device='cuda:0')
tensor([0.2979, 0.5529, 0.7278, 1.0581, 0.1039, 0.2016, 0.8882, 0.7997, 1.1645,
        0.4459, 0.1951, 0.8134, 0.5182], device='cuda:0')
Solve time for step 4 (global step 3) 5.5683798007667065
Current ori: tensor(0.5182, device='cuda:0')
Middle force: tensor([1.9901, 2.0420, 1.1283], device='cuda:0')
Thumb force: tensor([0.3372, 0.1833, 0.6599], device='cuda:0')
Index force: tensor([0.6785, 1.0877, 1.1554], device='cuda:0')
tensor([0.3013, 0.5585, 0.7265, 1.0607, 0.1307, 0.2058, 0.9245, 0.7382, 1.1851,
        0.3569, 0.1485, 0.8988, 0.5182], device='cuda:0')
Solve time for step 5 (global step 4) 5.429180288687348
Current ori: tensor(0.5182, device='cuda:0')
Middle force: tensor([1.9456, 1.0868], device='cuda:0')
Thumb force: tensor([0.1570, 0.6545], device='cuda:0')
Index force: tensor([1.0453, 1.0896], device='cuda:0')
tensor([0.3002, 0.5720, 0.7180, 1.0465, 0.1367, 0.1859, 1.0089, 0.6232, 1.1764,
        0.3272, 0.1470, 0.9272, 0.5182], device='cuda:0')
Solve time for step 6 (global step 5) 5.151542727369815
Current ori: tensor(0.5182, device='cuda:0')
Middle force: tensor([1.0733], device='cuda:0')
Thumb force: tensor([0.6309], device='cuda:0')
Index force: tensor([1.0697], device='cuda:0')
Current yaw: tensor([0.5181], device='cuda:0')
2 turn
tensor([0.3043, 0.5957, 0.6965, 1.0488, 0.1516, 0.2005, 0.9892, 0.6385, 1.1696,
        0.3157, 0.1265, 0.9693, 0.5181], device='cuda:0')
Solve time for step 1 (global step 6) 12.168912196997553
Current ori: tensor(0.5181, device='cuda:0')
Middle force: tensor([1.7426, 0.3249, 0.7882, 1.1235, 0.5380, 1.9605], device='cuda:0')
Thumb force: tensor([0.1173, 1.4808, 0.7377, 1.6796, 0.2449, 0.3536], device='cuda:0')
Index force: tensor([0.8141, 1.8930, 0.8531, 1.7980, 1.1053, 0.5449], device='cuda:0')
tensor([0.3048, 0.6010, 0.6849, 1.0599, 0.1508, 0.1796, 1.0940, 0.4653, 1.1906,
        0.2654, 0.0739, 0.9707, 0.5181], device='cuda:0')
Solve time for step 2 (global step 7) 6.0446205008775
Current ori: tensor(0.5181, device='cuda:0')
Middle force: tensor([0.3195, 0.8108, 0.7827, 0.5254, 1.9039], device='cuda:0')
Thumb force: tensor([1.5889, 0.7735, 1.5419, 0.2712, 0.3413], device='cuda:0')
Index force: tensor([1.5098, 0.6646, 1.8202, 1.0512, 0.8858], device='cuda:0')
tensor([0.3190, 0.6254, 0.6755, 1.0574, 0.1473, 0.1726, 1.1268, 0.4432, 1.1745,
        0.3140, 0.1184, 0.9820, 0.5416], device='cuda:0')
Solve time for step 3 (global step 8) 5.853451946284622
Current ori: tensor(0.5416, device='cuda:0')
Middle force: tensor([0.8071, 0.6753, 0.5569, 1.7541], device='cuda:0')
Thumb force: tensor([0.7681, 1.4712, 0.1677, 0.4113], device='cuda:0')
Index force: tensor([0.6342, 1.7335, 1.0513, 0.9458], device='cuda:0')
tensor([0.3135, 0.6399, 0.6691, 1.0397, 0.1513, 0.1831, 1.0579, 0.5621, 1.1531,
        0.3941, 0.1439, 0.9555, 0.5418], device='cuda:0')
Solve time for step 4 (global step 9) 5.655715122818947
Current ori: tensor(0.5418, device='cuda:0')
Middle force: tensor([0.6516, 0.5645, 1.6421], device='cuda:0')
Thumb force: tensor([1.3929, 0.0600, 0.4599], device='cuda:0')
Index force: tensor([1.6495, 1.0211, 0.9050], device='cuda:0')
tensor([0.3190, 0.6587, 0.6720, 1.0154, 0.1510, 0.1968, 1.0163, 0.6109, 1.1685,
        0.3076, 0.1263, 0.9737, 0.5417], device='cuda:0')
Solve time for step 5 (global step 10) 5.355805019848049
Current ori: tensor(0.5417, device='cuda:0')
Middle force: tensor([0.5562, 1.5789], device='cuda:0')
Thumb force: tensor([0.0526, 0.5000], device='cuda:0')
Index force: tensor([0.9953, 0.8774], device='cuda:0')
tensor([0.3252, 0.6521, 0.6934, 1.0173, 0.1511, 0.2004, 1.0063, 0.6217, 1.2377,
        0.0409, 0.0745, 1.0031, 0.5417], device='cuda:0')
Solve time for step 6 (global step 11) 4.967171819880605
Current ori: tensor(0.5417, device='cuda:0')
Middle force: tensor([1.5159], device='cuda:0')
Thumb force: tensor([0.5178], device='cuda:0')
Index force: tensor([0.8726], device='cuda:0')
Current yaw: tensor([0.5417], device='cuda:0')
Average turn amount: -0.23385962968071303 over 6 trials
{}

Trial 7
No action perturbation this trial
Current yaw: tensor([-0.4231], device='cuda:0')
Current yaw: tensor([-0.4228], device='cuda:0')
1 turn
tensor([ 0.2267,  0.6982,  0.7003,  0.7995, -0.0339,  0.3573,  0.9160,  0.7510,
         1.3010,  0.0782,  0.3994,  0.4472, -0.4228], device='cuda:0')
Solve time for step 1 (global step 0) 13.391351083759218
Current ori: tensor(-0.4228, device='cuda:0')
Middle force: tensor([3.2979, 1.7481, 1.3186, 2.0218, 1.2947, 2.1403], device='cuda:0')
Thumb force: tensor([0.1336, 0.6476, 0.6231, 0.4834, 0.2752, 1.0820], device='cuda:0')
Index force: tensor([2.1719, 1.1228, 1.3147, 1.6329, 2.2412, 1.7332], device='cuda:0')
tensor([ 0.1524,  0.7320,  0.6846,  0.7902, -0.0949,  0.3630,  0.9041,  0.8407,
         1.1598,  0.3334,  0.5362,  0.1932, -0.4228], device='cuda:0')
Solve time for step 2 (global step 1) 6.261017847806215
Current ori: tensor(-0.4228, device='cuda:0')
Middle force: tensor([1.7047, 1.3254, 1.9960, 1.3066, 2.0765], device='cuda:0')
Thumb force: tensor([0.6026, 0.6771, 0.4081, 0.2348, 1.0496], device='cuda:0')
Index force: tensor([1.1597, 1.2427, 1.5482, 2.0894, 1.6334], device='cuda:0')
tensor([ 0.1369,  0.7576,  0.6937,  0.7767, -0.0820,  0.3349,  1.0058,  0.7156,
         1.3378,  0.0210,  0.5781,  0.0597, -0.4226], device='cuda:0')
Solve time for step 3 (global step 2) 6.3640988930128515
Current ori: tensor(-0.4226, device='cuda:0')
Middle force: tensor([1.3142, 1.9623, 1.2908, 2.0036], device='cuda:0')
Thumb force: tensor([0.7426, 0.3977, 0.2263, 1.0516], device='cuda:0')
Index force: tensor([1.2028, 1.5055, 2.0357, 1.6047], device='cuda:0')
tensor([ 0.1348,  0.8058,  0.6932,  0.7709, -0.0898,  0.3199,  1.0594,  0.6301,
         1.1688,  0.3278,  0.4744,  0.3119, -0.4223], device='cuda:0')
Solve time for step 4 (global step 3) 5.85816911328584
Current ori: tensor(-0.4223, device='cuda:0')
Middle force: tensor([1.8094, 1.2564, 1.6904], device='cuda:0')
Thumb force: tensor([0.5089, 0.2747, 1.2618], device='cuda:0')
Index force: tensor([1.3659, 1.7012, 1.3510], device='cuda:0')
tensor([ 1.3413e-01,  8.1599e-01,  6.6990e-01,  7.9004e-01, -9.0215e-02,
         3.0946e-01,  1.0896e+00,  5.9524e-01,  1.1400e+00,  3.2659e-01,
         6.6506e-01, -8.8035e-05, -4.2128e-01], device='cuda:0')
Solve time for step 5 (global step 4) 6.010113989003003
Current ori: tensor(-0.4213, device='cuda:0')
Middle force: tensor([1.1942, 1.6374], device='cuda:0')
Thumb force: tensor([0.4549, 1.3035], device='cuda:0')
Index force: tensor([1.5161, 1.2634], device='cuda:0')
tensor([ 0.1340,  0.8081,  0.7087,  0.7305, -0.0627,  0.3259,  1.0610,  0.6451,
         1.2420,  0.1134,  0.5268,  0.2217, -0.4210], device='cuda:0')
Solve time for step 6 (global step 5) 5.4857266480103135
Current ori: tensor(-0.4210, device='cuda:0')
Middle force: tensor([1.6247], device='cuda:0')
Thumb force: tensor([1.2495], device='cuda:0')
Index force: tensor([1.2357], device='cuda:0')
Current yaw: tensor([-0.4210], device='cuda:0')
2 turn
tensor([ 0.1341,  0.8030,  0.7129,  0.7391, -0.0605,  0.3251,  1.0575,  0.6562,
         1.2298,  0.1489,  0.6663, -0.0676, -0.4210], device='cuda:0')
Solve time for step 1 (global step 6) 12.932041668333113
Current ori: tensor(-0.4210, device='cuda:0')
Middle force: tensor([2.6063, 1.8313, 3.7352, 2.0868, 1.2922, 0.8422], device='cuda:0')
Thumb force: tensor([0.9452, 0.8763, 1.6055, 1.2208, 0.8709, 0.5822], device='cuda:0')
Index force: tensor([1.3929, 1.4786, 2.6022, 1.9971, 1.3483, 0.7957], device='cuda:0')
tensor([ 0.1344,  0.8218,  0.6624,  0.7865, -0.0641,  0.3252,  1.0825,  0.5972,
         1.1872,  0.1488,  0.6174,  0.0544, -0.4209], device='cuda:0')
Solve time for step 2 (global step 7) 6.19734927918762
Current ori: tensor(-0.4209, device='cuda:0')
Middle force: tensor([1.7173, 3.5536, 1.9494, 1.3137, 0.7886], device='cuda:0')
Thumb force: tensor([0.4527, 1.2982, 0.9295, 0.6406, 0.4244], device='cuda:0')
Index force: tensor([1.4372, 2.4120, 1.8920, 1.2039, 0.7601], device='cuda:0')
tensor([ 0.1386,  0.8027,  0.7422,  0.6811, -0.0566,  0.3308,  1.0878,  0.5758,
         1.1398,  0.1925,  0.4682,  0.3633, -0.4209], device='cuda:0')
Solve time for step 3 (global step 8) 6.172211176715791
Current ori: tensor(-0.4209, device='cuda:0')
Middle force: tensor([3.3736, 1.9588, 1.2873, 0.7699], device='cuda:0')
Thumb force: tensor([1.2659, 0.1678, 0.7019, 0.4401], device='cuda:0')
Index force: tensor([2.4227, 1.2130, 1.1225, 0.7328], device='cuda:0')
tensor([ 0.1506,  0.7999,  0.7845,  0.6104, -0.0574,  0.3288,  1.0953,  0.5675,
         1.0843,  0.1502,  0.7170,  0.0621, -0.4182], device='cuda:0')
Solve time for step 4 (global step 9) 6.001973312348127
Current ori: tensor(-0.4182, device='cuda:0')
Middle force: tensor([1.8383, 1.2022, 0.7451], device='cuda:0')
Thumb force: tensor([0.2532, 0.7377, 0.4996], device='cuda:0')
Index force: tensor([0.9435, 1.0677, 0.6966], device='cuda:0')
tensor([ 0.1423,  0.8259,  0.7217,  0.6517, -0.0308,  0.3424,  1.0794,  0.5960,
         0.9043,  0.4674,  0.7651,  0.1176, -0.4183], device='cuda:0')
Solve time for step 5 (global step 10) 5.898938704282045
Current ori: tensor(-0.4183, device='cuda:0')
Middle force: tensor([1.1505, 0.7381], device='cuda:0')
Thumb force: tensor([0.7175, 0.4864], device='cuda:0')
Index force: tensor([1.0498, 0.6788], device='cuda:0')
tensor([ 0.1422,  0.8295,  0.7115,  0.6620, -0.0273,  0.3443,  1.0629,  0.6333,
         0.9646,  0.3353,  0.7547,  0.1194, -0.4183], device='cuda:0')
Solve time for step 6 (global step 11) 5.480192380025983
Current ori: tensor(-0.4183, device='cuda:0')
Middle force: tensor([0.6935], device='cuda:0')
Thumb force: tensor([0.4943], device='cuda:0')
Index force: tensor([0.6873], device='cuda:0')
Current yaw: tensor([-0.4183], device='cuda:0')
Average turn amount: -0.26021159227405277 over 7 trials
{}

Trial 8
No action perturbation this trial
Current yaw: tensor([0.0549], device='cuda:0')
Current yaw: tensor([0.0548], device='cuda:0')
1 turn
tensor([ 0.2994,  0.7636,  0.6310,  0.7700, -0.0505,  0.2242,  0.9242,  0.8707,
         1.2706,  0.1432,  0.4161,  0.4555,  0.0548], device='cuda:0')
Solve time for step 1 (global step 0) 12.793398251757026
Current ori: tensor(0.0548, device='cuda:0')
Middle force: tensor([2.1872, 1.2121, 1.6646, 1.6870, 1.8073, 3.0519], device='cuda:0')
Thumb force: tensor([0.3036, 0.1059, 0.0017, 1.6514, 0.2140, 0.7946], device='cuda:0')
Index force: tensor([0.6124, 0.9179, 0.9979, 2.2488, 0.7583, 3.9656], device='cuda:0')
tensor([ 0.3369,  0.8505,  0.6720,  0.7711,  0.0336,  0.2518,  0.8177,  0.9613,
         1.3430,  0.0679,  0.1654,  0.7645, -0.0998], device='cuda:0')
Solve time for step 2 (global step 1) 6.202469980809838
Current ori: tensor(-0.0998, device='cuda:0')
Middle force: tensor([1.0901, 1.3812, 1.5339, 1.4272, 2.7792], device='cuda:0')
Thumb force: tensor([0.1012, 0.3306, 1.5598, 0.4044, 0.8445], device='cuda:0')
Index force: tensor([0.7728, 0.7385, 2.1209, 0.6973, 3.8267], device='cuda:0')
tensor([ 0.3441,  0.8579,  0.6729,  0.7923,  0.0427,  0.2198,  0.9051,  0.8694,
         1.3882,  0.0620,  0.1368,  0.8537, -0.1180], device='cuda:0')
Solve time for step 3 (global step 2) 6.171587772201747
Current ori: tensor(-0.1180, device='cuda:0')
Middle force: tensor([1.3128, 1.4987, 1.3354, 2.6641], device='cuda:0')
Thumb force: tensor([0.3541, 1.4455, 0.5263, 0.8534], device='cuda:0')
Index force: tensor([0.7184, 2.0777, 0.6781, 3.5794], device='cuda:0')
tensor([ 0.3467,  0.8852,  0.6722,  0.8070,  0.0746,  0.2205,  0.9075,  0.8562,
         1.4140,  0.0136,  0.1006,  0.9081, -0.1786], device='cuda:0')
Solve time for step 4 (global step 3) 5.934341672807932
Current ori: tensor(-0.1786, device='cuda:0')
Middle force: tensor([1.4245, 1.3034, 2.6367], device='cuda:0')
Thumb force: tensor([1.4283, 0.5320, 0.9293], device='cuda:0')
Index force: tensor([2.0238, 0.6623, 3.4248], device='cuda:0')
tensor([ 0.3495,  0.9207,  0.6857,  0.7974,  0.1196,  0.2151,  0.9506,  0.7893,
         1.4633, -0.0712,  0.0481,  0.9616, -0.2700], device='cuda:0')
Solve time for step 5 (global step 4) 5.735488255042583
Current ori: tensor(-0.2700, device='cuda:0')
Middle force: tensor([1.2724, 2.5302], device='cuda:0')
Thumb force: tensor([0.5048, 0.9162], device='cuda:0')
Index force: tensor([0.6547, 3.2761], device='cuda:0')
tensor([ 0.3505,  0.9363,  0.6933,  0.7884,  0.1359,  0.2131,  0.9691,  0.7622,
         1.5000, -0.0556,  0.0247,  0.9997, -0.3039], device='cuda:0')
Solve time for step 6 (global step 5) 5.524337235838175
Current ori: tensor(-0.3039, device='cuda:0')
Middle force: tensor([2.3680], device='cuda:0')
Thumb force: tensor([0.8913], device='cuda:0')
Index force: tensor([3.0710], device='cuda:0')
Current yaw: tensor([-0.3724], device='cuda:0')
2 turn
tensor([ 0.3496,  0.9679,  0.6839,  0.8086,  0.1776,  0.2057,  0.9869,  0.7637,
         1.5000, -0.0272,  0.0447,  1.0156, -0.3724], device='cuda:0')
Solve time for step 1 (global step 6) 12.761086140293628
Current ori: tensor(-0.3724, device='cuda:0')
Middle force: tensor([1.9933, 1.8683, 0.8511, 1.4855, 0.6290, 1.6842], device='cuda:0')
Thumb force: tensor([1.4927, 1.2273, 0.4929, 0.3248, 0.2282, 0.5507], device='cuda:0')
Index force: tensor([2.5518, 1.3003, 0.5622, 2.1588, 1.0200, 2.0724], device='cuda:0')
tensor([ 0.3453,  1.0315,  0.6735,  0.8200,  0.2311,  0.2463,  0.9277,  0.8051,
         1.5000, -0.1050,  0.0046,  1.0280, -0.4868], device='cuda:0')
Solve time for step 2 (global step 7) 6.3299396103248
Current ori: tensor(-0.4868, device='cuda:0')
Middle force: tensor([1.6529, 1.8734, 1.2302, 2.4821, 1.1725], device='cuda:0')
Thumb force: tensor([0.9268, 0.4377, 1.0106, 0.4590, 0.5781], device='cuda:0')
Index force: tensor([0.8366, 1.3149, 1.2524, 1.9789, 0.4266], device='cuda:0')
tensor([ 0.3451,  1.0470,  0.6427,  0.8573,  0.2187,  0.2535,  0.9509,  0.7792,
         1.4903, -0.0542,  0.0444,  1.0888, -0.4933], device='cuda:0')
Solve time for step 3 (global step 8) 6.1540345987305045
Current ori: tensor(-0.4933, device='cuda:0')
Middle force: tensor([1.7982, 1.1715, 2.3851, 1.1793], device='cuda:0')
Thumb force: tensor([0.4348, 0.8810, 0.4027, 0.4426], device='cuda:0')
Index force: tensor([1.3140, 0.9617, 1.9411, 0.4882], device='cuda:0')
tensor([ 0.3322,  1.1055,  0.5999,  0.8416,  0.2533,  0.2656,  0.9511,  0.7700,
         1.4885,  0.2096,  0.0047,  1.1122, -0.5712], device='cuda:0')
Solve time for step 4 (global step 9) 6.137312031816691
Current ori: tensor(-0.5712, device='cuda:0')
Middle force: tensor([1.1471, 2.3107, 1.1311], device='cuda:0')
Thumb force: tensor([0.8434, 0.4216, 0.4160], device='cuda:0')
Index force: tensor([0.8686, 1.8638, 0.5045], device='cuda:0')
tensor([ 0.3326,  1.1049,  0.6057,  0.8451,  0.2492,  0.2674,  0.9603,  0.7658,
         1.5000, -0.0676, -0.0213,  1.1724, -0.5761], device='cuda:0')
Solve time for step 5 (global step 10) 6.001276560593396
Current ori: tensor(-0.5761, device='cuda:0')
Middle force: tensor([2.2189, 1.1088], device='cuda:0')
Thumb force: tensor([0.4077, 0.3955], device='cuda:0')
Index force: tensor([1.7722, 0.5055], device='cuda:0')
tensor([ 0.3173,  1.1500,  0.5982,  0.8100,  0.2862,  0.2874,  0.9465,  0.7764,
         1.5000, -0.0174,  0.0458,  1.1945, -0.6647], device='cuda:0')
