Importing module 'gym_38' (/home/abhinav/Documents/isaacgym/python/isaacgym/_bindings/linux-x86_64/gym_38.so)
Setting GYM_USD_PLUG_INFO_PATH to /home/abhinav/Documents/isaacgym/python/isaacgym/_bindings/linux-x86_64/usd/plugInfo.json
PyTorch version 2.4.1+cu121
Device count 2
/home/abhinav/Documents/isaacgym/python/isaacgym/_bindings/src/gymtorch
ninja: no work to do.
No ROS install found, continuing
CCAI_PATH /home/abhinav/Documents/ccai
robot pose [ 0.02  -0.35   0.376] [0, 0, 0.7071068, 0.7071068]
Not connected to PVD
Physics Engine: PhysX
Physics Device: cpu
GPU Pipeline: disabled
Using VHACD cache directory '/home/abhinav/.isaacgym/vhacd'
Found existing convex decomposition for mesh '/home/abhinav/Documents/github/isaacgym-arm-envs/isaac_victor_envs/assets/xela_models/mesh/allegro/base_ns.stl'
Found existing convex decomposition for mesh '/home/abhinav/Documents/github/isaacgym-arm-envs/isaac_victor_envs/assets/xela_models/mesh/allegro/link_1.0.stl'
Found existing convex decomposition for mesh '/home/abhinav/Documents/github/isaacgym-arm-envs/isaac_victor_envs/assets/xela_models/mesh/ft_c.stl'
[ models/temporal ] Channel dimensions: [(35, 128), (128, 256), (256, 512)]
[ models/temporal ] Channel dimensions: [(35, 128), (128, 256), (256, 512)]

Trial 4501
No action perturbation this trial
Loaded trajectory sampler
Current yaw: tensor([0.7512], device='cuda:1')
Current yaw: tensor([0.7513], device='cuda:1')
1 turn
Likelihood: -32.15317153930664
Sampling time 3.8528884809929878
tensor([ 0.3017,  0.4979,  0.7540,  0.7953, -0.0203,  0.2275,  0.9185,  0.6791,
         1.2464,  0.1012,  0.3387,  0.3786,  0.7513], device='cuda:1')
Solve time for step 1 (global step 0) 5.205450666020624
Current ori: tensor(0.7513, device='cuda:1')
Middle force: tensor([2.5899, 2.6311, 1.2078, 1.7523, 2.1087, 3.2873], device='cuda:1')
Thumb force: tensor([0.3132, 0.2395, 0.9317, 0.4214, 0.1124, 1.0764], device='cuda:1')
Index force: tensor([1.4434, 1.4827, 1.6679, 1.7674, 1.1833, 1.4510], device='cuda:1')
tensor([0.3131, 0.5176, 0.7475, 0.8056, 0.0467, 0.2358, 0.9506, 0.6577, 1.2953,
        0.0417, 0.2498, 0.5263, 0.7514], device='cuda:1')
Likelihood: -45.484825134277344
Solve time for step 2 (global step 1) 5.065210058004595
Current ori: tensor(0.7514, device='cuda:1')
Middle force: tensor([2.5666, 0.9967, 1.6397, 2.0458, 3.2145], device='cuda:1')
Thumb force: tensor([0.2085, 0.9603, 0.3908, 0.1031, 0.9249], device='cuda:1')
Index force: tensor([1.3351, 1.8324, 1.7840, 1.1102, 1.4343], device='cuda:1')
tensor([0.3164, 0.5314, 0.7310, 0.8185, 0.1030, 0.2773, 0.9690, 0.6626, 1.2677,
        0.1229, 0.2011, 0.6312, 0.7514], device='cuda:1')
Likelihood: -58.24736785888672
State is out of distribution
Final likelihood: tensor([-0.6187, -0.8150, -0.8686, -0.9408, -0.9419, -1.1212, -1.3852, -1.5008],
       device='cuda:1', grad_fn=<IndexBackward0>)
Final likelihood: tensor([-0.6187, -0.8150, -0.8686, -0.9408, -0.9419, -1.1212, -1.3852, -1.5008],
       device='cuda:1', grad_fn=<IndexBackward0>)
1 mode projection succeeded
New goal: tensor([ 0.2931,  0.5867,  0.8090,  0.8492, -0.0229,  0.2244,  0.9464,  0.8963,
         1.3329,  0.0046,  0.3846,  0.3096, -0.0668], device='cuda:1')
Likelihood: -85.30213928222656
Likelihood: -79.25001525878906
Likelihood: -57.37944412231445
{'index': 85.30213928222656,
 'middle': 79.25001525878906,
 'thumb': 57.37944412231445}
Plan time: 63.08407553297002
Current yaw: tensor([0.7514], device='cuda:1')
2 thumb
tensor([0.3165, 0.5316, 0.7310, 0.8185, 0.1032, 0.2774, 0.9690, 0.6626, 1.2676,
        0.1231, 0.2010, 0.6314, 0.7514], device='cuda:1')
Solve time for step 1 (global step 2) 0.38142177800182253
Current ori: tensor(0.7514, device='cuda:1')
Index force: tensor([1.0562, 1.1032, 1.2963], device='cuda:1')
Middle force: tensor([1.0562, 1.1032, 1.2963], device='cuda:1')
tensor([0.3303, 0.5479, 0.7788, 0.7706, 0.1109, 0.2469, 1.0972, 0.4995, 1.1503,
        0.0480, 0.2698, 0.3929, 0.7514], device='cuda:1')
Solve time for step 2 (global step 3) 4.542612310964614
Current ori: tensor(0.7514, device='cuda:1')
Index force: tensor([1.0448, 1.2160], device='cuda:1')
Middle force: tensor([1.0448, 1.2160], device='cuda:1')
tensor([ 0.3345,  0.5366,  0.8336,  0.7213,  0.1436,  0.2486,  1.1961,  0.3777,
         1.2084, -0.0378,  0.2912,  0.2458,  0.7514], device='cuda:1')
Solve time for step 3 (global step 4) 4.626590409083292
Current ori: tensor(0.7514, device='cuda:1')
Index force: tensor([1.1493], device='cuda:1')
Middle force: tensor([1.1493], device='cuda:1')
Current yaw: tensor([0.7514], device='cuda:1')
3 turn
Likelihood: -67.59429931640625
State is out of distribution
Final likelihood: tensor([-0.6751, -0.7375, -0.8558, -0.8629, -1.1606, -1.3345, -1.4759, -1.7005],
       device='cuda:1', grad_fn=<IndexBackward0>)
Final likelihood: tensor([-0.6751, -0.7375, -0.8558, -0.8629, -1.1606, -1.3345, -1.4759, -1.7005],
       device='cuda:1', grad_fn=<IndexBackward0>)
1 mode projection succeeded
New goal: tensor([ 0.2971,  0.5870,  0.7672,  0.8715, -0.0435,  0.2657,  0.9945,  0.8172,
         1.2932,  0.1054,  0.4237,  0.2920, -0.0223], device='cuda:1')
Likelihood: -92.08411407470703
Likelihood: -62.7587890625
Likelihood: -78.92561340332031
{'index': 92.08411407470703,
 'middle': 62.7587890625,
 'thumb': 78.92561340332031}
Plan time: 65.1007960208226
Current yaw: tensor([0.7514], device='cuda:1')
4 middle
tensor([ 0.3427,  0.5471,  0.8641,  0.7084,  0.1576,  0.3322,  0.9963,  0.6216,
         1.1521, -0.0208,  0.5810,  0.0280,  0.7514], device='cuda:1')
Solve time for step 1 (global step 5) 0.4314642620738596
Current ori: tensor(0.7514, device='cuda:1')
Thumb force: tensor([0.9180, 1.1115, 1.1884], device='cuda:1')
tensor([ 0.3496,  0.6717,  0.6253,  1.0237, -0.0045,  0.1119,  0.9477,  0.6748,
         1.2688, -0.1050,  0.4040,  0.3317,  0.7514], device='cuda:1')
Solve time for step 2 (global step 6) 4.55585521296598
Current ori: tensor(0.7514, device='cuda:1')
Thumb force: tensor([1.0591, 1.1435], device='cuda:1')
tensor([ 0.3430,  0.6901,  0.7252,  0.9373, -0.2643,  0.1374,  0.9211,  0.8707,
         1.1127,  0.2077,  0.4552,  0.3230,  0.7514], device='cuda:1')
Solve time for step 3 (global step 7) 4.351068502990529
Current ori: tensor(0.7514, device='cuda:1')
Thumb force: tensor([1.0786], device='cuda:1')
Current yaw: tensor([0.7516], device='cuda:1')
5 turn
Likelihood: -67.52951049804688
State is out of distribution
Final likelihood: tensor([-0.5643, -0.8419, -0.8435, -0.8961, -1.0510, -1.2290, -1.3251, -1.6441],
       device='cuda:1', grad_fn=<IndexBackward0>)
Final likelihood: tensor([-0.5643, -0.8419, -0.8435, -0.8961, -1.0510, -1.2290, -1.3251, -1.6441],
       device='cuda:1', grad_fn=<IndexBackward0>)
1 mode projection succeeded
New goal: tensor([ 0.2976,  0.5862,  0.7671,  0.8709, -0.0434,  0.2668,  0.9944,  0.8161,
         1.2936,  0.1047,  0.4243,  0.2923, -0.0209], device='cuda:1')
Likelihood: -100.40369415283203
Likelihood: -120.2760009765625
Likelihood: -64.44660186767578
{'index': 100.40369415283203,
 'middle': 120.2760009765625,
 'thumb': 64.44660186767578}
Plan time: 64.04326496901922
Current yaw: tensor([0.7516], device='cuda:1')
6 thumb
tensor([ 0.3401,  0.7419,  0.7361,  0.9461, -0.3245,  0.1823,  1.1457,  0.9074,
         1.1844,  0.0395,  0.4608,  0.2831,  0.7516], device='cuda:1')
Solve time for step 1 (global step 8) 0.37734358897432685
Current ori: tensor(0.7516, device='cuda:1')
Index force: tensor([1.2432, 1.2126, 1.0873], device='cuda:1')
Middle force: tensor([1.2432, 1.2126, 1.0873], device='cuda:1')
tensor([ 0.3308,  0.8028,  0.7403,  0.9871, -0.3234,  0.1561,  1.2179,  0.8245,
         1.1254,  0.0267,  0.3905,  0.1895,  0.7516], device='cuda:1')
Solve time for step 2 (global step 9) 4.126023828051984
Current ori: tensor(0.7516, device='cuda:1')
Index force: tensor([1.3327, 1.0786], device='cuda:1')
Middle force: tensor([1.3327, 1.0786], device='cuda:1')
tensor([ 0.3221,  0.8463,  0.7987,  0.8860, -0.3229,  0.1854,  1.1341,  0.9178,
         1.1351, -0.0702,  0.4151,  0.1463,  0.7515], device='cuda:1')
Solve time for step 3 (global step 10) 4.41972591704689
Current ori: tensor(0.7515, device='cuda:1')
Index force: tensor([1.0750], device='cuda:1')
Middle force: tensor([1.0750], device='cuda:1')
Current yaw: tensor([0.7516], device='cuda:1')
7 turn
Likelihood: -89.46214294433594
State is out of distribution
Final likelihood: tensor([-0.5724, -0.7055, -0.7710, -0.7885, -0.8214, -1.0259, -1.3334, -1.4346],
       device='cuda:1', grad_fn=<IndexBackward0>)
Final likelihood: tensor([-0.5724, -0.7055, -0.7710, -0.7885, -0.8214, -1.0259, -1.3334, -1.4346],
       device='cuda:1', grad_fn=<IndexBackward0>)
1 mode projection succeeded
New goal: tensor([ 0.2478,  0.6297,  0.6414,  0.8625, -0.0715,  0.1884,  1.0201,  0.7146,
         1.2825,  0.1180,  0.4339,  0.2909,  0.0505], device='cuda:1')
Likelihood: -106.52093505859375
Likelihood: -96.88262176513672
Likelihood: -86.75860595703125
{'index': 106.52093505859375,
 'middle': 96.88262176513672,
 'thumb': 86.75860595703125}
Plan time: 65.14356559014414
Current yaw: tensor([0.7516], device='cuda:1')
8 thumb
tensor([ 0.3221,  0.8912,  0.7940,  0.8638, -0.3246,  0.1937,  1.1204,  0.9206,
         1.1267, -0.0034,  0.6886, -0.0832,  0.7516], device='cuda:1')
Solve time for step 1 (global step 11) 0.3296025129966438
Current ori: tensor(0.7516, device='cuda:1')
Index force: tensor([1.0183, 1.0898, 1.2668], device='cuda:1')
Middle force: tensor([1.0183, 1.0898, 1.2668], device='cuda:1')
tensor([ 0.3440,  0.9712,  0.7773,  0.6165, -0.3251,  0.1468,  1.2582,  0.7587,
         1.1282, -0.0328,  0.5033,  0.0129,  0.7516], device='cuda:1')
Solve time for step 2 (global step 12) 4.287316215923056
Current ori: tensor(0.7516, device='cuda:1')
Index force: tensor([1.0726, 1.2849], device='cuda:1')
Middle force: tensor([1.0726, 1.2849], device='cuda:1')
tensor([ 0.3263,  1.0443,  0.7373,  0.8648, -0.3259,  0.1750,  1.1825,  0.8340,
         1.0999,  0.0239,  0.4935,  0.0298,  0.7516], device='cuda:1')
Solve time for step 3 (global step 13) 4.015289314906113
Current ori: tensor(0.7516, device='cuda:1')
Index force: tensor([1.4064], device='cuda:1')
Middle force: tensor([1.4064], device='cuda:1')
Current yaw: tensor([0.7515], device='cuda:1')
9 turn
Likelihood: -87.79199981689453
State is out of distribution
Final likelihood: tensor([-0.6330, -0.7160, -0.8136, -1.0530, -1.2408, -1.4114, -1.4808, -2.0507],
       device='cuda:1', grad_fn=<IndexBackward0>)
Final likelihood: tensor([-0.6330, -0.7160, -0.8136, -1.0530, -1.2408, -1.4114, -1.4808, -2.0507],
       device='cuda:1', grad_fn=<IndexBackward0>)
1 mode projection succeeded
New goal: tensor([ 0.2928,  0.5857,  0.8087,  0.8490, -0.0239,  0.2255,  0.9455,  0.8966,
         1.3319,  0.0049,  0.3861,  0.3084, -0.0666], device='cuda:1')
Likelihood: -103.98345947265625
Likelihood: -87.61234283447266
Likelihood: -85.60252380371094
{'index': 103.98345947265625,
 'middle': 87.61234283447266,
 'thumb': 85.60252380371094}
Plan time: 63.45483563817106
Current yaw: tensor([0.7515], device='cuda:1')
10 thumb
tensor([ 0.3098,  1.0298,  0.8052,  0.7882, -0.3132,  0.1483,  1.2283,  0.7787,
         1.1423, -0.0300,  0.5391, -0.0243,  0.7515], device='cuda:1')
Solve time for step 1 (global step 14) 0.3816725459182635
Current ori: tensor(0.7515, device='cuda:1')
Index force: tensor([2.2834, 1.2772, 1.4005], device='cuda:1')
Middle force: tensor([2.2834, 1.2772, 1.4005], device='cuda:1')
tensor([ 0.3055,  1.1713,  0.7551,  0.8057, -0.2578,  0.2080,  0.9465,  1.0552,
         1.1588,  0.1013,  0.4147, -0.0395,  0.6870], device='cuda:1')
Solve time for step 2 (global step 15) 4.789868235005997
Current ori: tensor(0.6870, device='cuda:1')
Index force: tensor([1.5716, 1.3745], device='cuda:1')
Middle force: tensor([1.5716, 1.3745], device='cuda:1')
tensor([ 0.3226,  1.1513,  0.9751,  0.5170, -0.1242,  0.0292,  1.2622,  0.7597,
         1.1813,  0.0213,  0.3545,  0.1011,  0.6263], device='cuda:1')
Solve time for step 3 (global step 16) 3.742502841982059
Current ori: tensor(0.6263, device='cuda:1')
Index force: tensor([1.0189], device='cuda:1')
Middle force: tensor([1.0189], device='cuda:1')
Current yaw: tensor([0.5753], device='cuda:1')
11 turn
Likelihood: -108.61749267578125
State is out of distribution
Final likelihood: tensor([-0.6821, -0.8142, -1.0094, -1.1067, -1.1242, -1.1483, -1.2300, -1.3501],
       device='cuda:1', grad_fn=<IndexBackward0>)
Final likelihood: tensor([-0.6821, -0.8142, -1.0094, -1.1067, -1.1242, -1.1483, -1.2300, -1.3501],
       device='cuda:1', grad_fn=<IndexBackward0>)
1 mode projection succeeded
New goal: tensor([ 0.3263,  0.6231,  0.8357,  0.7881, -0.0306,  0.2750,  0.9336,  0.8329,
         1.3095,  0.0804,  0.3912,  0.2968, -0.1216], device='cuda:1')
Likelihood: -54.32586669921875
Likelihood: -124.70437622070312
Likelihood: -133.87429809570312
{'index': 54.32586669921875,
 'middle': 124.70437622070312,
 'thumb': 133.87429809570312}
Plan time: 64.37641905678902
Current yaw: tensor([0.5753], device='cuda:1')
12 index
tensor([ 0.3012,  1.1413,  1.1154,  0.2668, -0.0701,  0.1088,  0.9809,  1.0549,
         1.1945,  0.0578,  0.4160, -0.0668,  0.5753], device='cuda:1')
Solve time for step 1 (global step 17) 0.21207220805808902
Current ori: tensor(0.5753, device='cuda:1')
Middle force: tensor([2.3629, 1.2668, 0.9686], device='cuda:1')
Thumb force: tensor([0.5184, 0.0110, 0.6049], device='cuda:1')
tensor([ 0.4700,  0.9224,  1.1011,  0.5127, -0.0601,  0.0891,  1.0232,  1.0040,
         1.1892,  0.3714,  0.2842,  0.2420,  0.5750], device='cuda:1')
Solve time for step 2 (global step 18) 4.780462588998489
Current ori: tensor(0.5750, device='cuda:1')
Middle force: tensor([2.4409, 4.4436], device='cuda:1')
Thumb force: tensor([0.6920, 0.2119], device='cuda:1')
tensor([ 0.4700,  0.8067,  0.9416,  0.5273, -0.0585,  0.0498,  1.1301,  0.8888,
         1.1200,  0.5695,  0.3661,  0.4108,  0.5749], device='cuda:1')
Solve time for step 3 (global step 19) 3.9024258559802547
Current ori: tensor(0.5749, device='cuda:1')
Middle force: tensor([4.4002], device='cuda:1')
Thumb force: tensor([0.2517], device='cuda:1')
Current yaw: tensor([0.5715], device='cuda:1')
13 turn
Likelihood: -98.58683776855469
State is out of distribution
Final likelihood: tensor([-0.6694, -0.7405, -0.8577, -0.9060, -0.9281, -0.9931, -1.6685, -1.8222],
       device='cuda:1', grad_fn=<IndexBackward0>)
Final likelihood: tensor([-0.6694, -0.7405, -0.8577, -0.9060, -0.9281, -0.9931, -1.6685, -1.8222],
       device='cuda:1', grad_fn=<IndexBackward0>)
1 mode projection succeeded
New goal: tensor([ 0.3445,  0.6101,  0.7730,  0.7954, -0.0656,  0.2456,  0.9935,  0.8611,
         1.2973,  0.0723,  0.4286,  0.3278,  0.0323], device='cuda:1')
Likelihood: -97.40861511230469
Likelihood: -95.0363998413086
Likelihood: -56.096920013427734
{'index': 97.40861511230469,
 'middle': 95.0363998413086,
 'thumb': 56.096920013427734}
Plan time: 64.14797639288008
Current yaw: tensor([0.5715], device='cuda:1')
14 thumb
tensor([ 0.3931,  0.7151,  0.8619,  0.6367, -0.0036,  0.0414,  1.1137,  0.8969,
         1.1843,  0.5406,  0.2053,  0.7104,  0.5715], device='cuda:1')
Solve time for step 1 (global step 20) 0.3317765969550237
Current ori: tensor(0.5715, device='cuda:1')
Index force: tensor([1.1878, 1.2363, 1.1732], device='cuda:1')
Middle force: tensor([1.1878, 1.2363, 1.1732], device='cuda:1')
tensor([ 0.3897,  0.7824,  0.9155,  0.5758, -0.0035,  0.0552,  1.0725,  0.9417,
         1.1764,  0.4113,  0.1542,  0.4982,  0.5714], device='cuda:1')
Solve time for step 2 (global step 21) 4.669470058986917
Current ori: tensor(0.5714, device='cuda:1')
Index force: tensor([1.2061, 1.1434], device='cuda:1')
Middle force: tensor([1.2061, 1.1434], device='cuda:1')
tensor([ 0.3780,  0.8562,  0.8849,  0.6750, -0.0035,  0.0432,  1.1070,  0.9047,
         1.0514,  0.2088,  0.3281,  0.3791,  0.5714], device='cuda:1')
Solve time for step 3 (global step 22) 4.232870176085271
Current ori: tensor(0.5714, device='cuda:1')
Index force: tensor([1.1453], device='cuda:1')
Middle force: tensor([1.1453], device='cuda:1')
Current yaw: tensor([0.5713], device='cuda:1')
15 turn
Likelihood: -70.35871887207031
State is out of distribution
Final likelihood: tensor([-0.6034, -0.8440, -0.8563, -1.1152, -1.3193, -1.4168, -1.9200, -2.0938],
       device='cuda:1', grad_fn=<IndexBackward0>)
Final likelihood: tensor([-0.6034, -0.8440, -0.8563, -1.1152, -1.3193, -1.4168, -1.9200, -2.0938],
       device='cuda:1', grad_fn=<IndexBackward0>)
1 mode projection succeeded
New goal: tensor([ 0.2847,  0.6537,  0.7468,  0.8271, -0.0081,  0.1985,  1.0016,  0.7107,
         1.2974,  0.0791,  0.4027,  0.3553, -0.1106], device='cuda:1')
Likelihood: -90.16537475585938
Likelihood: -108.62252807617188
Likelihood: -76.13215637207031
{'index': 90.16537475585938,
 'middle': 108.62252807617188,
 'thumb': 76.13215637207031}
Plan time: 64.26382446102798
Current yaw: tensor([0.5713], device='cuda:1')
16 thumb
tensor([ 0.3726,  0.9152,  0.8732,  0.7457, -0.0030,  0.0493,  1.0891,  0.9236,
         1.1689,  0.0214,  0.5695,  0.0614,  0.5713], device='cuda:1')
Solve time for step 1 (global step 23) 0.46410931495483965
Current ori: tensor(0.5713, device='cuda:1')
Index force: tensor([1.0256, 1.1840, 1.0908], device='cuda:1')
Middle force: tensor([1.0256, 1.1840, 1.0908], device='cuda:1')
tensor([0.3757, 0.9689, 0.8943, 0.6431, 0.0089, 0.0761, 1.0267, 0.9865, 1.0868,
        0.0399, 0.4457, 0.0622, 0.5713], device='cuda:1')
Solve time for step 2 (global step 24) 4.2959075790131465
Current ori: tensor(0.5713, device='cuda:1')
Index force: tensor([1.3239, 1.1130], device='cuda:1')
Middle force: tensor([1.3239, 1.1130], device='cuda:1')
tensor([ 0.3600,  1.0099,  0.8552,  0.6803,  0.0276,  0.0347,  1.1246,  0.8793,
         1.0741,  0.0335,  0.5336, -0.0017,  0.5712], device='cuda:1')
Solve time for step 3 (global step 25) 4.56467823300045
Current ori: tensor(0.5712, device='cuda:1')
Index force: tensor([1.1579], device='cuda:1')
Middle force: tensor([1.1579], device='cuda:1')
Current yaw: tensor([0.5711], device='cuda:1')
17 turn
Likelihood: -77.4320297241211
State is out of distribution
Final likelihood: tensor([-0.5395, -0.8412, -0.8523, -0.9879, -1.0174, -1.0529, -1.0846, -1.1143],
       device='cuda:1', grad_fn=<IndexBackward0>)
Final likelihood: tensor([-0.5395, -0.8412, -0.8523, -0.9879, -1.0174, -1.0529, -1.0846, -1.1143],
       device='cuda:1', grad_fn=<IndexBackward0>)
1 mode projection succeeded
New goal: tensor([ 0.3258,  0.6239,  0.8343,  0.7884, -0.0316,  0.2737,  0.9342,  0.8330,
         1.3092,  0.0820,  0.3898,  0.2963, -0.1201], device='cuda:1')
Likelihood: -59.53895568847656
Likelihood: -101.24639129638672
Likelihood: -113.78069305419922
{'index': 59.53895568847656,
 'middle': 101.24639129638672,
 'thumb': 113.78069305419922}
Plan time: 65.39543860801496
Current yaw: tensor([0.5711], device='cuda:1')
18 index
tensor([ 0.3362,  1.0131,  0.8154,  0.8131,  0.0397,  0.0232,  1.1547,  0.8410,
         1.1647, -0.0178,  0.6056, -0.1201,  0.5711], device='cuda:1')
Solve time for step 1 (global step 26) 0.43868606199976057
Current ori: tensor(0.5711, device='cuda:1')
Middle force: tensor([1.4216, 3.3801, 2.0118], device='cuda:1')
Thumb force: tensor([0.2661, 1.2156, 1.8230], device='cuda:1')
tensor([ 0.4700,  0.8563,  0.7767,  0.7958,  0.0659,  0.0864,  0.9894,  1.0106,
         1.2393, -0.1050,  0.5054,  0.1703,  0.5711], device='cuda:1')
Solve time for step 2 (global step 27) 3.863631199928932
Current ori: tensor(0.5711, device='cuda:1')
Middle force: tensor([1.0061, 1.1089], device='cuda:1')
Thumb force: tensor([0.2491, 0.0673], device='cuda:1')
tensor([0.4700, 0.7642, 0.6804, 0.8133, 0.1181, 0.2426, 0.6796, 1.2936, 1.1748,
        0.1614, 0.3041, 0.4791, 0.5711], device='cuda:1')
Solve time for step 3 (global step 28) 3.896322390064597
Current ori: tensor(0.5711, device='cuda:1')
Middle force: tensor([1.0642], device='cuda:1')
Thumb force: tensor([0.1466], device='cuda:1')
Current yaw: tensor([0.5711], device='cuda:1')
19 turn
Likelihood: -85.54834747314453
State is out of distribution
Final likelihood: tensor([-0.6691, -0.8002, -0.8649, -1.0249, -1.1693, -1.2594, -1.3280, -1.5527],
       device='cuda:1', grad_fn=<IndexBackward0>)
Final likelihood: tensor([-0.6691, -0.8002, -0.8649, -1.0249, -1.1693, -1.2594, -1.3280, -1.5527],
       device='cuda:1', grad_fn=<IndexBackward0>)
1 mode projection succeeded
New goal: tensor([ 0.3680,  0.6531,  0.7154,  0.8388, -0.0722,  0.2303,  0.8702,  0.8147,
         1.2823,  0.1750,  0.3568,  0.3609,  0.0746], device='cuda:1')
Likelihood: -112.91544342041016
Likelihood: -63.914764404296875
Likelihood: -55.525821685791016
{'index': 112.91544342041016,
 'middle': 63.914764404296875,
 'thumb': 55.525821685791016}
Plan time: 64.4272783419583
Current yaw: tensor([0.5712], device='cuda:1')
20 thumb
tensor([0.2955, 0.5823, 0.7031, 0.7166, 0.1351, 0.1428, 0.9653, 1.0147, 1.1187,
        0.2849, 0.3021, 0.5524, 0.5712], device='cuda:1')
Solve time for step 1 (global step 29) 0.3322220629779622
Current ori: tensor(0.5712, device='cuda:1')
Index force: tensor([1.0523, 1.2973, 1.0930], device='cuda:1')
Middle force: tensor([1.0523, 1.2973, 1.0930], device='cuda:1')
tensor([0.3065, 0.5798, 0.7297, 0.7075, 0.1518, 0.1839, 0.8858, 1.0795, 1.1340,
        0.2413, 0.2064, 0.4401, 0.5711], device='cuda:1')
Solve time for step 2 (global step 30) 4.130169097101316
Current ori: tensor(0.5711, device='cuda:1')
Index force: tensor([1.2654, 1.0774], device='cuda:1')
Middle force: tensor([1.2654, 1.0774], device='cuda:1')
tensor([0.3226, 0.5954, 0.7581, 0.6710, 0.1622, 0.1839, 0.9060, 1.0458, 1.1153,
        0.1631, 0.2470, 0.4084, 0.5711], device='cuda:1')
Solve time for step 3 (global step 31) 3.695442738942802
Current ori: tensor(0.5711, device='cuda:1')
Index force: tensor([1.0640], device='cuda:1')
Middle force: tensor([1.0640], device='cuda:1')
Current yaw: tensor([0.5711], device='cuda:1')
21 turn
Likelihood: -55.353599548339844
State is out of distribution
Final likelihood: tensor([-0.6675, -0.7245, -0.8355, -1.0163, -1.0419, -1.1514, -1.1773, -1.5069],
       device='cuda:1', grad_fn=<IndexBackward0>)
Final likelihood: tensor([-0.6675, -0.7245, -0.8355, -1.0163, -1.0419, -1.1514, -1.1773, -1.5069],
       device='cuda:1', grad_fn=<IndexBackward0>)
1 mode projection succeeded
New goal: tensor([ 0.2741,  0.6369,  0.7664,  0.8260, -0.0280,  0.2227,  1.0239,  0.8370,
         1.3186,  0.0336,  0.3852,  0.3803, -0.2286], device='cuda:1')
Likelihood: -103.9045181274414
Likelihood: -77.41938018798828
Likelihood: -75.08495330810547
{'index': 103.9045181274414,
 'middle': 77.41938018798828,
 'thumb': 75.08495330810547}
Plan time: 63.879385313834064
Current yaw: tensor([0.5711], device='cuda:1')
22 thumb
tensor([0.3269, 0.6430, 0.6719, 0.7430, 0.1790, 0.1680, 1.0045, 0.9223, 1.1757,
        0.0341, 0.4506, 0.2549, 0.5711], device='cuda:1')
Solve time for step 1 (global step 32) 0.4598483439767733
Current ori: tensor(0.5711, device='cuda:1')
Index force: tensor([1.0346, 1.4702, 1.0290], device='cuda:1')
Middle force: tensor([1.0346, 1.4702, 1.0290], device='cuda:1')
tensor([0.3470, 0.6682, 0.7071, 0.6904, 0.1699, 0.0433, 1.3204, 0.6085, 1.1275,
        0.0044, 0.3904, 0.2172, 0.5711], device='cuda:1')
Solve time for step 2 (global step 33) 4.651983847026713
Current ori: tensor(0.5711, device='cuda:1')
Index force: tensor([1.1039, 0.9585], device='cuda:1')
Middle force: tensor([1.1039, 0.9585], device='cuda:1')
tensor([ 0.3560,  0.6925,  0.6731,  0.7469,  0.1968,  0.1848,  1.0105,  0.9215,
         1.1083, -0.0883,  0.4932,  0.2044,  0.5710], device='cuda:1')
Solve time for step 3 (global step 34) 4.4388274770462885
Current ori: tensor(0.5710, device='cuda:1')
Index force: tensor([0.9776], device='cuda:1')
Middle force: tensor([0.9776], device='cuda:1')
Current yaw: tensor([0.5710], device='cuda:1')
23 turn
Likelihood: -85.43113708496094
State is out of distribution
Final likelihood: tensor([-0.7052, -0.9865, -1.0277, -1.0614, -1.1919, -1.1942, -1.4904, -1.8274],
       device='cuda:1', grad_fn=<IndexBackward0>)
Final likelihood: tensor([-0.7052, -0.9865, -1.0277, -1.0614, -1.1919, -1.1942, -1.4904, -1.8274],
       device='cuda:1', grad_fn=<IndexBackward0>)
1 mode projection succeeded
New goal: tensor([ 0.2974,  0.5871,  0.7679,  0.8710, -0.0416,  0.2661,  0.9941,  0.8160,
         1.2938,  0.1047,  0.4240,  0.2918, -0.0236], device='cuda:1')
Likelihood: -86.68853759765625
Likelihood: -68.68865966796875
Likelihood: -72.83995056152344
{'index': 86.68853759765625,
 'middle': 68.68865966796875,
 'thumb': 72.83995056152344}
Plan time: 64.08502200990915
Current yaw: tensor([0.5710], device='cuda:1')
24 middle
tensor([ 0.3577,  0.6663,  0.7431,  0.6570,  0.2149,  0.2853,  0.8109,  1.1137,
         1.1335, -0.0100,  0.6363,  0.0234,  0.5710], device='cuda:1')
Solve time for step 1 (global step 35) 0.4261514360550791
Current ori: tensor(0.5710, device='cuda:1')
Thumb force: tensor([0.6162, 1.4430, 1.0916], device='cuda:1')
tensor([ 0.3592,  0.6792,  0.7164,  0.6903,  0.1424,  0.0852,  0.8282,  1.0129,
         1.2208, -0.1050,  0.4730,  0.3180,  0.5654], device='cuda:1')
Solve time for step 2 (global step 36) 4.296834556967951
Current ori: tensor(0.5654, device='cuda:1')
Thumb force: tensor([0.8905, 0.7330], device='cuda:1')
tensor([ 0.3656,  0.7120,  0.6636,  0.7406, -0.1144,  0.0997,  0.8759,  0.8920,
         1.1132,  0.1648,  0.3463,  0.5523,  0.5653], device='cuda:1')
Solve time for step 3 (global step 37) 4.4965411049779505
Current ori: tensor(0.5653, device='cuda:1')
Thumb force: tensor([0.7881], device='cuda:1')
Current yaw: tensor([0.5680], device='cuda:1')
25 turn
Likelihood: -85.42742919921875
State is out of distribution
Final likelihood: tensor([ -0.5767,  -0.7328,  -0.9916,  -1.0376,  -1.8010,  -1.9396,  -3.8014,
        -13.1457], device='cuda:1', grad_fn=<IndexBackward0>)
Final likelihood: tensor([ -0.5767,  -0.7328,  -0.9916,  -1.0376,  -1.8010,  -1.9396,  -3.8014,
        -13.1457], device='cuda:1', grad_fn=<IndexBackward0>)
1 mode projection succeeded
New goal: tensor([ 0.3041,  0.6232,  0.6994,  0.8695, -0.0527,  0.2413,  0.9633,  0.8304,
         1.2962,  0.0858,  0.4011,  0.3209,  0.0133], device='cuda:1')
Likelihood: -83.50733947753906
Likelihood: -73.42993927001953
Likelihood: -48.98736572265625
{'index': 83.50733947753906,
 'middle': 73.42993927001953,
 'thumb': 48.98736572265625}
Plan time: 64.004479869036
Current yaw: tensor([0.5680], device='cuda:1')
26 thumb
tensor([ 0.3716,  0.7347,  0.6387,  0.7568, -0.2398,  0.1620,  1.0325,  0.9157,
         0.9872,  0.4586,  0.3775,  0.5939,  0.5680], device='cuda:1')
Solve time for step 1 (global step 38) 0.355459172045812
Current ori: tensor(0.5680, device='cuda:1')
Index force: tensor([1.3189, 1.1119, 1.0762], device='cuda:1')
Middle force: tensor([1.3189, 1.1119, 1.0762], device='cuda:1')
tensor([ 0.3761,  0.7395,  0.6763,  0.7427, -0.2390,  0.1717,  1.0053,  0.9434,
         0.9873,  0.2900,  0.3869,  0.4276,  0.5676], device='cuda:1')
Solve time for step 2 (global step 39) 4.208096415037289
Current ori: tensor(0.5676, device='cuda:1')
Index force: tensor([1.0449, 1.1609], device='cuda:1')
Middle force: tensor([1.0449, 1.1609], device='cuda:1')
tensor([ 0.3844,  0.7672,  0.6748,  0.7427, -0.2389,  0.1773,  0.9904,  0.9583,
         1.0995,  0.1657,  0.3402,  0.2623,  0.5675], device='cuda:1')
Solve time for step 3 (global step 40) 4.413846181007102
Current ori: tensor(0.5675, device='cuda:1')
Index force: tensor([1.2110], device='cuda:1')
Middle force: tensor([1.2110], device='cuda:1')
Current yaw: tensor([0.5671], device='cuda:1')
27 turn
Likelihood: -63.59440612792969
State is out of distribution
Final likelihood: tensor([ -0.6900,  -0.8084,  -1.1903,  -1.3476,  -1.9555,  -3.0425, -10.8826,
        -11.1657], device='cuda:1', grad_fn=<IndexBackward0>)
Final likelihood: tensor([ -0.6900,  -0.8084,  -1.1903,  -1.3476,  -1.9555,  -3.0425, -10.8826,
        -11.1657], device='cuda:1', grad_fn=<IndexBackward0>)
1 mode projection succeeded
New goal: tensor([ 0.3445,  0.6099,  0.7734,  0.7956, -0.0644,  0.2454,  0.9934,  0.8606,
         1.2982,  0.0701,  0.4292,  0.3308,  0.0359], device='cuda:1')
Likelihood: -54.04903793334961
Likelihood: -61.91987609863281
Likelihood: -62.179969787597656
{'index': 54.04903793334961,
 'middle': 61.91987609863281,
 'thumb': 62.179969787597656}
Plan time: 63.69537768000737
Current yaw: tensor([0.5671], device='cuda:1')
28 index
tensor([ 0.3866,  0.7667,  0.6939,  0.7186, -0.2383,  0.1557,  1.0470,  0.8985,
         1.1710,  0.0531,  0.5779, -0.0036,  0.5671], device='cuda:1')
Solve time for step 1 (global step 41) 0.334326955024153
Current ori: tensor(0.5671, device='cuda:1')
Middle force: tensor([1.1400, 2.6824, 1.4029], device='cuda:1')
Thumb force: tensor([0.1704, 1.6137, 0.7517], device='cuda:1')
tensor([ 0.4700,  0.7120,  0.6565,  0.7711, -0.2330,  0.0975,  1.2022,  0.7318,
         1.1976,  0.0125,  0.5201,  0.1234,  0.5671], device='cuda:1')
Solve time for step 2 (global step 42) 4.2323409949894994
Current ori: tensor(0.5671, device='cuda:1')
Middle force: tensor([2.6696, 1.4283], device='cuda:1')
Thumb force: tensor([1.7200, 0.7925], device='cuda:1')
tensor([ 0.4509,  0.5745,  0.7760,  0.7135, -0.1927,  0.1587,  0.9743,  0.9920,
         1.1419,  0.3224,  0.3688,  0.4258,  0.5670], device='cuda:1')
Solve time for step 3 (global step 43) 4.296564023941755
Current ori: tensor(0.5670, device='cuda:1')
Middle force: tensor([1.0076], device='cuda:1')
Thumb force: tensor([0.0886], device='cuda:1')
