Importing module 'gym_38' (/home/abhinav/Downloads/IsaacGym_Preview_4_Package/isaacgym/python/isaacgym/_bindings/linux-x86_64/gym_38.so)
Setting GYM_USD_PLUG_INFO_PATH to /home/abhinav/Downloads/IsaacGym_Preview_4_Package/isaacgym/python/isaacgym/_bindings/linux-x86_64/usd/plugInfo.json
PyTorch version 2.4.0+cu121
Device count 2
/home/abhinav/Downloads/IsaacGym_Preview_4_Package/isaacgym/python/isaacgym/_bindings/src/gymtorch
ninja: no work to do.
CCAI_PATH /home/abhinav/Documents/ccai
Not connected to PVD
Physics Engine: PhysX
Physics Device: cpu
GPU Pipeline: disabled
Using VHACD cache directory '/home/abhinav/.isaacgym/vhacd'
Found existing convex decomposition for mesh '/home/abhinav/Documents/github/isaacgym-arm-envs/isaac_victor_envs/assets/xela_models/mesh/allegro/base_ns.stl'
Found existing convex decomposition for mesh '/home/abhinav/Documents/github/isaacgym-arm-envs/isaac_victor_envs/assets/xela_models/mesh/allegro/link_1.0.stl'
Found existing convex decomposition for mesh '/home/abhinav/Documents/github/isaacgym-arm-envs/isaac_victor_envs/assets/xela_models/mesh/ft_c.stl'
[ models/temporal ] Channel dimensions: [(37, 128), (128, 256), (256, 512)]
[ models/temporal ] Channel dimensions: [(37, 128), (128, 256), (256, 512)]
[ models/temporal ] Channel dimensions: [(37, 128), (128, 256), (256, 512)]
Loaded trajectory sampler
Current yaw: tensor(-0.0518, device='cuda:0')
0 pregrasp
Current yaw: tensor(-0.0586, device='cuda:0')
Adjusting goal to tensor(-1.1058, device='cuda:0')
1 () -0.05856315791606903
2 () -0.05856315791606903
3 ((1.0, 1.0, 1.0),) -0.5489629507064819
4 ((1.0, 1.0, 1.0), (1.0, -1.0, -1.0)) -0.9569594860076904
5 ((1.0, 1.0, 1.0), (1.0, -1.0, -1.0), (1.0, 1.0, 1.0)) -1.6726611852645874
Contact sequence search time: 12.29406705600195
['turn', 'thumb_middle', 'turn']
1 turn
Solve time for step 32.65364193916321
Solve time for step 7.449989557266235
Solve time for step 6.892405271530151
Solve time for step 6.343977689743042
Solve time for step 5.951308488845825
Solve time for step 5.58856725692749
Solve time for step 5.447921991348267
Solve time for step 5.256859540939331
Solve time for step 5.290906667709351
Solve time for step 4.950748920440674
Solve time for step 4.852409839630127
Solve time for step 4.892374753952026
Current yaw: tensor(-0.5793, device='cuda:0')
Adjusting goal to tensor(-1.6265, device='cuda:0')
1 ((1.0, 1.0, 1.0),) -0.5792980194091797
2 ((1.0, 1.0, 1.0),) -0.5792980194091797
3 ((1.0, 1.0, 1.0), (1.0, 1.0, 1.0)) -0.9797701239585876
4 ((1.0, 1.0, 1.0), (1.0, 1.0, 1.0), (-1.0, 1.0, 1.0)) -1.581023931503296
5 ((1.0, 1.0, 1.0), (1.0, 1.0, 1.0), (1.0, -1.0, -1.0)) -1.525991439819336
6 ((1.0, 1.0, 1.0), (1.0, 1.0, 1.0), (-1.0, 1.0, 1.0), (1.0, -1.0, -1.0)) -1.6036701202392578
7 ((1.0, 1.0, 1.0), (1.0, 1.0, 1.0), (-1.0, 1.0, 1.0), (1.0, 1.0, 1.0)) -2.1881062984466553
Contact sequence search time: 19.965883206998114
['turn', 'index', 'turn']
2 turn
Solve time for step 31.026753664016724
Solve time for step 7.3423333168029785
Solve time for step 6.909730911254883
Solve time for step 6.7092461585998535
Solve time for step 6.254238128662109
Solve time for step 5.8266215324401855
Solve time for step 5.580596446990967
Solve time for step 5.296374320983887
Solve time for step 5.017607688903809
Solve time for step 4.869582891464233
Solve time for step 4.870198965072632
Solve time for step 4.8811962604522705
Current yaw: tensor(-1.1031, device='cuda:0')
Adjusting goal to tensor(-2.1503, device='cuda:0')
1 ((1.0, 1.0, 1.0),) -1.10306715965271
2 ((1.0, 1.0, 1.0),) -1.10306715965271
3 ((1.0, 1.0, 1.0), (1.0, -1.0, -1.0)) -1.1452330350875854
4 ((1.0, 1.0, 1.0), (1.0, -1.0, -1.0), (1.0, -1.0, -1.0)) -1.8956570625305176
5 ((1.0, 1.0, 1.0), (1.0, -1.0, -1.0), (1.0, 1.0, 1.0)) -1.6663416624069214
6 ((1.0, 1.0, 1.0), (1.0, -1.0, -1.0), (1.0, 1.0, 1.0), (1.0, 1.0, 1.0)) -1.8943166732788086
7 ((1.0, 1.0, 1.0), (1.0, -1.0, -1.0), (-1.0, 1.0, 1.0)) -1.5159046649932861
8 ((1.0, 1.0, 1.0), (1.0, -1.0, -1.0), (-1.0, 1.0, 1.0), (1.0, 1.0, 1.0)) -2.02479887008667
9 ((1.0, 1.0, 1.0), (1.0, -1.0, -1.0), (-1.0, 1.0, 1.0), (1.0, 1.0, 1.0), (1.0, 1.0, 1.0)) -2.198190927505493
Contact sequence search time: 27.413481581999804
['thumb_middle', 'index', 'turn', 'turn']
3 thumb_middle
Solve time for step 20.440894603729248
Solve time for step 5.049801588058472
Solve time for step 4.870986223220825
Solve time for step 4.699279069900513
Solve time for step 4.630490303039551
Solve time for step 4.450445175170898
Solve time for step 4.397466421127319
Solve time for step 4.278298854827881
Solve time for step 4.296674013137817
Solve time for step 4.300415277481079
Solve time for step 4.090246677398682
Solve time for step 4.1739959716796875
Current yaw: tensor(-1.1073, device='cuda:0')
Adjusting goal to tensor(-2.1545, device='cuda:0')
1 ((1.0, -1.0, -1.0),) -1.10733962059021
2 ((1.0, -1.0, -1.0),) -1.10733962059021
3 ((1.0, -1.0, -1.0), (1.0, 1.0, 1.0)) -1.381996989250183
4 ((1.0, -1.0, -1.0), (1.0, 1.0, 1.0), (1.0, -1.0, -1.0)) -1.7138104438781738
5 ((1.0, -1.0, -1.0), (1.0, 1.0, 1.0), (1.0, -1.0, -1.0), (1.0, 1.0, 1.0)) -2.315335512161255
Contact sequence search time: 11.775466950999544
['turn', 'thumb_middle', 'turn']
4 turn
Solve time for step 31.39288902282715
Solve time for step 7.445343494415283
Solve time for step 6.607023477554321
Solve time for step 6.360820055007935
Solve time for step 5.996093988418579
Solve time for step 5.568512439727783
Solve time for step 5.33826756477356
Solve time for step 5.187644958496094
Solve time for step 4.929929733276367
Solve time for step 4.680989980697632
Solve time for step 4.567240238189697
Solve time for step 4.945542335510254
Current yaw: tensor(-1.6233, device='cuda:0')
Adjusting goal to tensor(-2.6705, device='cuda:0')
1 ((1.0, 1.0, 1.0),) -1.6233441829681396
2 ((1.0, 1.0, 1.0),) -1.6233441829681396
3 ((1.0, 1.0, 1.0), (1.0, -1.0, -1.0)) -1.6008367538452148
4 ((1.0, 1.0, 1.0), (1.0, -1.0, -1.0), (1.0, 1.0, 1.0)) -1.9218660593032837
5 ((1.0, 1.0, 1.0), (1.0, -1.0, -1.0), (1.0, 1.0, 1.0), (1.0, -1.0, -1.0)) -2.051410436630249
6 ((1.0, 1.0, 1.0), (1.0, -1.0, -1.0), (1.0, 1.0, 1.0), (1.0, -1.0, -1.0), (1.0, 1.0, 1.0)) -2.154629707336426
7 ((1.0, 1.0, 1.0), (1.0, -1.0, -1.0), (1.0, 1.0, 1.0), (-1.0, 1.0, 1.0)) -1.8942896127700806
8 ((1.0, 1.0, 1.0), (1.0, -1.0, -1.0), (1.0, 1.0, 1.0), (-1.0, 1.0, 1.0), (1.0, 1.0, 1.0)) -1.997418761253357
9 ((1.0, 1.0, 1.0), (1.0, -1.0, -1.0), (1.0, 1.0, 1.0), (1.0, 1.0, 1.0)) -1.9949164390563965
10 ((1.0, 1.0, 1.0), (1.0, -1.0, -1.0), (1.0, 1.0, 1.0), (1.0, 1.0, 1.0), (1.0, 1.0, 1.0)) -2.2134556770324707
11 ((1.0, 1.0, 1.0), (1.0, 1.0, 1.0)) -1.7306885719299316
12 ((1.0, 1.0, 1.0), (1.0, 1.0, 1.0), (-1.0, 1.0, 1.0)) -2.0217812061309814
13 ((1.0, 1.0, 1.0), (1.0, 1.0, 1.0), (-1.0, 1.0, 1.0), (1.0, 1.0, 1.0)) -2.408703327178955
14 ((1.0, 1.0, 1.0), (1.0, 1.0, 1.0), (-1.0, 1.0, 1.0), (1.0, 1.0, 1.0), (1.0, 1.0, 1.0)) -2.478548288345337
15 ((1.0, 1.0, 1.0), (1.0, 1.0, 1.0), (-1.0, 1.0, 1.0), (1.0, 1.0, 1.0), (1.0, -1.0, -1.0)) -2.2617766857147217
16 ((1.0, 1.0, 1.0), (1.0, 1.0, 1.0), (-1.0, 1.0, 1.0), (1.0, 1.0, 1.0), (1.0, -1.0, -1.0), (1.0, 1.0, 1.0)) -2.4451754093170166
17 ((1.0, 1.0, 1.0), (1.0, 1.0, 1.0), (-1.0, 1.0, 1.0), (1.0, 1.0, 1.0), (1.0, 1.0, 1.0), (-1.0, 1.0, 1.0)) -2.2872543334960938
18 ((1.0, 1.0, 1.0), (1.0, 1.0, 1.0), (-1.0, 1.0, 1.0), (1.0, 1.0, 1.0), (1.0, 1.0, 1.0), (-1.0, 1.0, 1.0), (1.0, 1.0, 1.0)) -2.3925652503967285
19 ((1.0, 1.0, 1.0), (1.0, 1.0, 1.0), (-1.0, 1.0, 1.0), (1.0, 1.0, 1.0), (1.0, 1.0, 1.0), (1.0, -1.0, -1.0)) -2.2405338287353516
20 ((1.0, 1.0, 1.0), (-1.0, 1.0, 1.0)) -1.5522593259811401
21 ((1.0, 1.0, 1.0), (-1.0, 1.0, 1.0), (1.0, 1.0, 1.0)) -3.0655710697174072
Contact sequence search time: 72.10239389900016
['index', 'turn']
5 index
Solve time for step 27.699902534484863
Solve time for step 6.42817759513855
Solve time for step 6.461557865142822
Solve time for step 6.29212212562561
Solve time for step 5.4940900802612305
Solve time for step 5.638786315917969
Solve time for step 5.927837610244751
Solve time for step 5.400702476501465
Solve time for step 5.145822763442993
Solve time for step 5.01362419128418
Solve time for step 5.193385362625122
Solve time for step 5.147268295288086
Current yaw: tensor(-1.5939, device='cuda:0')
Adjusting goal to tensor(-2.6411, device='cuda:0')
1 ((-1.0, 1.0, 1.0),) -1.5938841104507446
2 ((-1.0, 1.0, 1.0),) -1.5938841104507446
3 ((-1.0, 1.0, 1.0), (1.0, 1.0, 1.0)) -1.6504006385803223
4 ((-1.0, 1.0, 1.0), (1.0, 1.0, 1.0), (1.0, 1.0, 1.0)) -1.9089040756225586
5 ((-1.0, 1.0, 1.0), (1.0, 1.0, 1.0), (1.0, 1.0, 1.0), (1.0, -1.0, -1.0)) -2.1080515384674072
6 ((-1.0, 1.0, 1.0), (1.0, 1.0, 1.0), (1.0, 1.0, 1.0), (1.0, -1.0, -1.0), (1.0, 1.0, 1.0)) -2.204423189163208
7 ((-1.0, 1.0, 1.0), (1.0, 1.0, 1.0), (1.0, 1.0, 1.0), (1.0, -1.0, -1.0), (1.0, 1.0, 1.0), (1.0, 1.0, 1.0)) -2.486815929412842
8 ((-1.0, 1.0, 1.0), (1.0, 1.0, 1.0), (-1.0, 1.0, 1.0)) -1.705043077468872
9 ((-1.0, 1.0, 1.0), (1.0, 1.0, 1.0), (-1.0, 1.0, 1.0), (1.0, 1.0, 1.0)) -2.2831666469573975
10 ((-1.0, 1.0, 1.0), (1.0, 1.0, 1.0), (-1.0, 1.0, 1.0), (1.0, 1.0, 1.0), (-1.0, 1.0, 1.0)) -2.139677047729492
11 ((-1.0, 1.0, 1.0), (1.0, 1.0, 1.0), (-1.0, 1.0, 1.0), (1.0, 1.0, 1.0), (-1.0, 1.0, 1.0), (1.0, 1.0, 1.0)) -2.2814202308654785
12 ((-1.0, 1.0, 1.0), (1.0, 1.0, 1.0), (-1.0, 1.0, 1.0), (1.0, 1.0, 1.0), (-1.0, 1.0, 1.0), (1.0, 1.0, 1.0), (1.0, -1.0, -1.0)) -2.1364407539367676
13 ((-1.0, 1.0, 1.0), (1.0, 1.0, 1.0), (-1.0, 1.0, 1.0), (1.0, 1.0, 1.0), (-1.0, 1.0, 1.0), (1.0, 1.0, 1.0), (1.0, -1.0, -1.0), (1.0, 1.0, 1.0)) -2.4730610847473145
14 ((-1.0, 1.0, 1.0), (1.0, 1.0, 1.0), (1.0, 1.0, 1.0), (1.0, -1.0, -1.0), (1.0, 1.0, 1.0), (1.0, 1.0, 1.0), (1.0, -1.0, -1.0)) -2.38254976272583
15 ((-1.0, 1.0, 1.0), (1.0, 1.0, 1.0), (1.0, 1.0, 1.0), (1.0, -1.0, -1.0), (1.0, 1.0, 1.0), (1.0, 1.0, 1.0), (1.0, -1.0, -1.0), (1.0, 1.0, 1.0)) -2.660118579864502
Contact sequence search time: 45.53551532900019
['turn', 'turn', 'thumb_middle', 'turn', 'turn', 'thumb_middle', 'turn']
6 turn
Solve time for step 30.02896213531494
Solve time for step 7.171072959899902
Solve time for step 6.626804828643799
Solve time for step 6.540016174316406
Solve time for step 6.054800987243652
Solve time for step 5.919490098953247
Solve time for step 5.439016580581665
Solve time for step 5.087136507034302
Solve time for step 5.099194526672363
Solve time for step 4.963298320770264
Solve time for step 5.23232364654541
Solve time for step 4.7193615436553955
Current yaw: tensor(-1.7657, device='cuda:0')
Adjusting goal to tensor(-2.8129, device='cuda:0')
1 ((1.0, 1.0, 1.0),) -1.765743374824524
2 ((1.0, 1.0, 1.0),) -1.765743374824524
3 ((1.0, 1.0, 1.0), (1.0, 1.0, 1.0)) -1.8648502826690674
4 ((1.0, 1.0, 1.0), (1.0, -1.0, -1.0)) -1.6788772344589233
5 ((1.0, 1.0, 1.0), (1.0, -1.0, -1.0), (-1.0, 1.0, 1.0)) -2.0445868968963623
6 ((1.0, 1.0, 1.0), (1.0, -1.0, -1.0), (-1.0, 1.0, 1.0), (1.0, 1.0, 1.0)) -2.311995506286621
7 ((1.0, 1.0, 1.0), (1.0, -1.0, -1.0), (-1.0, 1.0, 1.0), (1.0, 1.0, 1.0), (1.0, -1.0, -1.0)) -2.054558038711548
8 ((1.0, 1.0, 1.0), (1.0, -1.0, -1.0), (-1.0, 1.0, 1.0), (1.0, 1.0, 1.0), (-1.0, 1.0, 1.0)) -1.91696035861969
9 ((1.0, 1.0, 1.0), (1.0, 1.0, 1.0), (-1.0, 1.0, 1.0)) -1.9011350870132446
10 ((1.0, 1.0, 1.0), (1.0, -1.0, -1.0), (1.0, 1.0, 1.0)) -1.776829719543457
11 ((1.0, 1.0, 1.0), (1.0, 1.0, 1.0), (-1.0, 1.0, 1.0), (1.0, 1.0, 1.0)) -1.9534602165222168
12 ((1.0, 1.0, 1.0), (1.0, -1.0, -1.0), (-1.0, 1.0, 1.0), (1.0, 1.0, 1.0), (1.0, -1.0, -1.0), (-1.0, 1.0, 1.0)) -1.9148204326629639
13 ((1.0, 1.0, 1.0), (1.0, -1.0, -1.0), (-1.0, 1.0, 1.0), (1.0, 1.0, 1.0), (1.0, -1.0, -1.0), (-1.0, 1.0, 1.0), (1.0, 1.0, 1.0)) -2.09723162651062
14 ((1.0, 1.0, 1.0), (1.0, -1.0, -1.0), (-1.0, 1.0, 1.0), (1.0, 1.0, 1.0), (1.0, -1.0, -1.0), (-1.0, 1.0, 1.0), (1.0, 1.0, 1.0), (1.0, 1.0, 1.0)) -2.249335527420044
15 ((1.0, 1.0, 1.0), (1.0, 1.0, 1.0), (-1.0, 1.0, 1.0), (1.0, 1.0, 1.0), (1.0, -1.0, -1.0)) -1.9672176837921143
16 ((1.0, 1.0, 1.0), (1.0, 1.0, 1.0), (-1.0, 1.0, 1.0), (1.0, 1.0, 1.0), (1.0, -1.0, -1.0), (1.0, 1.0, 1.0)) -2.1386914253234863
17 ((1.0, 1.0, 1.0), (1.0, 1.0, 1.0), (-1.0, 1.0, 1.0), (1.0, 1.0, 1.0), (1.0, 1.0, 1.0)) -2.1192891597747803
18 ((1.0, 1.0, 1.0), (1.0, -1.0, -1.0), (-1.0, 1.0, 1.0), (1.0, 1.0, 1.0), (1.0, -1.0, -1.0), (-1.0, 1.0, 1.0), (1.0, 1.0, 1.0), (1.0, -1.0, -1.0)) -2.039905548095703
19 ((1.0, 1.0, 1.0), (1.0, -1.0, -1.0), (-1.0, 1.0, 1.0), (1.0, 1.0, 1.0), (1.0, -1.0, -1.0), (1.0, -1.0, -1.0)) -2.0272951126098633
20 ((1.0, 1.0, 1.0), (1.0, -1.0, -1.0), (-1.0, 1.0, 1.0), (1.0, 1.0, 1.0), (1.0, -1.0, -1.0), (1.0, -1.0, -1.0), (1.0, 1.0, 1.0)) -2.374093770980835
21 ((1.0, 1.0, 1.0), (1.0, -1.0, -1.0), (-1.0, 1.0, 1.0), (1.0, 1.0, 1.0), (1.0, -1.0, -1.0), (1.0, -1.0, -1.0), (1.0, 1.0, 1.0), (1.0, -1.0, -1.0)) -2.296525001525879
22 ((1.0, 1.0, 1.0), (1.0, 1.0, 1.0), (-1.0, 1.0, 1.0), (1.0, 1.0, 1.0), (1.0, -1.0, -1.0), (1.0, 1.0, 1.0), (1.0, -1.0, -1.0)) -2.0903053283691406
23 ((1.0, 1.0, 1.0), (1.0, 1.0, 1.0), (-1.0, 1.0, 1.0), (1.0, 1.0, 1.0), (1.0, -1.0, -1.0), (1.0, 1.0, 1.0), (1.0, -1.0, -1.0), (1.0, 1.0, 1.0)) -2.254030227661133
24 ((1.0, 1.0, 1.0), (1.0, 1.0, 1.0), (1.0, 1.0, 1.0)) -1.9221155643463135
25 ((1.0, 1.0, 1.0), (1.0, 1.0, 1.0), (-1.0, 1.0, 1.0), (1.0, 1.0, 1.0), (1.0, 1.0, 1.0), (1.0, 1.0, 1.0)) -2.3387227058410645
26 ((1.0, 1.0, 1.0), (1.0, 1.0, 1.0), (-1.0, 1.0, 1.0), (1.0, 1.0, 1.0), (1.0, -1.0, -1.0), (1.0, 1.0, 1.0), (-1.0, 1.0, 1.0)) -2.075343370437622
27 ((1.0, 1.0, 1.0), (1.0, 1.0, 1.0), (-1.0, 1.0, 1.0), (1.0, 1.0, 1.0), (1.0, -1.0, -1.0), (1.0, 1.0, 1.0), (-1.0, 1.0, 1.0), (1.0, 1.0, 1.0)) -2.303614377975464
28 ((1.0, 1.0, 1.0), (1.0, 1.0, 1.0), (-1.0, 1.0, 1.0), (1.0, 1.0, 1.0), (1.0, -1.0, -1.0), (1.0, 1.0, 1.0), (1.0, 1.0, 1.0)) -2.255265474319458
29 ((1.0, 1.0, 1.0), (1.0, -1.0, -1.0), (-1.0, 1.0, 1.0), (1.0, 1.0, 1.0), (1.0, -1.0, -1.0), (-1.0, 1.0, 1.0), (1.0, 1.0, 1.0), (-1.0, 1.0, 1.0)) -1.9475195407867432
30 ((1.0, 1.0, 1.0), (1.0, -1.0, -1.0), (-1.0, 1.0, 1.0), (1.0, 1.0, 1.0), (-1.0, 1.0, 1.0), (1.0, -1.0, -1.0)) -1.682631015777588
31 ((1.0, 1.0, 1.0), (1.0, -1.0, -1.0), (-1.0, 1.0, 1.0), (1.0, 1.0, 1.0), (-1.0, 1.0, 1.0), (1.0, -1.0, -1.0), (1.0, 1.0, 1.0)) -1.789306402206421
32 ((1.0, 1.0, 1.0), (1.0, -1.0, -1.0), (-1.0, 1.0, 1.0), (1.0, 1.0, 1.0), (-1.0, 1.0, 1.0), (1.0, -1.0, -1.0), (1.0, 1.0, 1.0), (1.0, -1.0, -1.0)) -1.8727030754089355
33 ((1.0, 1.0, 1.0), (1.0, -1.0, -1.0), (-1.0, 1.0, 1.0), (1.0, 1.0, 1.0), (-1.0, 1.0, 1.0), (1.0, -1.0, -1.0), (-1.0, 1.0, 1.0)) -1.7599760293960571
34 ((1.0, 1.0, 1.0), (1.0, -1.0, -1.0), (-1.0, 1.0, 1.0), (1.0, 1.0, 1.0), (-1.0, 1.0, 1.0), (1.0, -1.0, -1.0), (-1.0, 1.0, 1.0), (1.0, 1.0, 1.0)) -1.979065179824829
35 ((1.0, 1.0, 1.0), (1.0, 1.0, 1.0), (-1.0, 1.0, 1.0), (1.0, 1.0, 1.0), (1.0, -1.0, -1.0), (1.0, 1.0, 1.0), (1.0, 1.0, 1.0), (1.0, -1.0, -1.0)) -2.1875147819519043
36 ((1.0, 1.0, 1.0), (1.0, 1.0, 1.0), (-1.0, 1.0, 1.0), (1.0, 1.0, 1.0), (1.0, -1.0, -1.0), (1.0, 1.0, 1.0), (-1.0, 1.0, 1.0), (-1.0, 1.0, 1.0)) -2.1570820808410645
37 ((1.0, 1.0, 1.0), (1.0, 1.0, 1.0), (-1.0, 1.0, 1.0), (1.0, 1.0, 1.0), (1.0, 1.0, 1.0), (1.0, 1.0, 1.0), (-1.0, 1.0, 1.0)) -2.2068519592285156
38 ((1.0, 1.0, 1.0), (1.0, 1.0, 1.0), (-1.0, 1.0, 1.0), (1.0, 1.0, 1.0), (1.0, 1.0, 1.0), (1.0, 1.0, 1.0), (-1.0, 1.0, 1.0), (1.0, 1.0, 1.0)) -2.469412088394165
39 ((1.0, 1.0, 1.0), (1.0, -1.0, -1.0), (-1.0, 1.0, 1.0), (-1.0, 1.0, 1.0)) -1.5986053943634033
40 ((1.0, 1.0, 1.0), (1.0, -1.0, -1.0), (-1.0, 1.0, 1.0), (-1.0, 1.0, 1.0), (1.0, 1.0, 1.0)) -1.9970777034759521
41 ((1.0, 1.0, 1.0), (1.0, -1.0, -1.0), (-1.0, 1.0, 1.0), (-1.0, 1.0, 1.0), (1.0, 1.0, 1.0), (-1.0, 1.0, 1.0)) -1.9448184967041016
42 ((1.0, 1.0, 1.0), (1.0, -1.0, -1.0), (-1.0, 1.0, 1.0), (-1.0, 1.0, 1.0), (1.0, 1.0, 1.0), (-1.0, 1.0, 1.0), (1.0, 1.0, 1.0)) -2.01039981842041
43 ((1.0, 1.0, 1.0), (1.0, -1.0, -1.0), (-1.0, 1.0, 1.0), (-1.0, 1.0, 1.0), (1.0, 1.0, 1.0), (-1.0, 1.0, 1.0), (1.0, 1.0, 1.0), (1.0, 1.0, 1.0)) -2.255183696746826
44 ((1.0, 1.0, 1.0), (1.0, -1.0, -1.0), (-1.0, 1.0, 1.0), (-1.0, 1.0, 1.0), (1.0, 1.0, 1.0), (-1.0, 1.0, 1.0), (1.0, -1.0, -1.0)) -1.8658729791641235
45 ((1.0, 1.0, 1.0), (1.0, -1.0, -1.0), (-1.0, 1.0, 1.0), (-1.0, 1.0, 1.0), (1.0, 1.0, 1.0), (-1.0, 1.0, 1.0), (1.0, -1.0, -1.0), (1.0, 1.0, 1.0)) -2.3508429527282715
46 ((1.0, 1.0, 1.0), (1.0, -1.0, -1.0), (-1.0, 1.0, 1.0), (-1.0, 1.0, 1.0), (1.0, 1.0, 1.0), (-1.0, 1.0, 1.0), (1.0, 1.0, 1.0), (1.0, -1.0, -1.0)) -1.942033052444458
47 ((1.0, 1.0, 1.0), (1.0, -1.0, -1.0), (1.0, 1.0, 1.0), (1.0, -1.0, -1.0)) -1.4242417812347412
48 ((1.0, 1.0, 1.0), (1.0, -1.0, -1.0), (1.0, 1.0, 1.0), (1.0, -1.0, -1.0), (-1.0, 1.0, 1.0)) -2.154600143432617
49 ((1.0, 1.0, 1.0), (1.0, -1.0, -1.0), (1.0, 1.0, 1.0), (1.0, -1.0, -1.0), (-1.0, 1.0, 1.0), (1.0, 1.0, 1.0)) -2.2290291786193848
50 ((1.0, 1.0, 1.0), (1.0, -1.0, -1.0), (1.0, 1.0, 1.0), (1.0, -1.0, -1.0), (-1.0, 1.0, 1.0), (1.0, -1.0, -1.0)) -1.875020980834961
51 ((1.0, 1.0, 1.0), (1.0, -1.0, -1.0), (1.0, 1.0, 1.0), (1.0, -1.0, -1.0), (-1.0, 1.0, 1.0), (1.0, -1.0, -1.0), (1.0, 1.0, 1.0)) -2.165858030319214
52 ((1.0, 1.0, 1.0), (1.0, -1.0, -1.0), (1.0, 1.0, 1.0), (1.0, -1.0, -1.0), (-1.0, 1.0, 1.0), (1.0, -1.0, -1.0), (1.0, 1.0, 1.0), (-1.0, 1.0, 1.0)) -2.1253716945648193
53 ((1.0, 1.0, 1.0), (1.0, -1.0, -1.0), (1.0, 1.0, 1.0), (1.0, -1.0, -1.0), (-1.0, 1.0, 1.0), (1.0, -1.0, -1.0), (1.0, 1.0, 1.0), (1.0, -1.0, -1.0)) -2.111215114593506
54 ((1.0, 1.0, 1.0), (1.0, -1.0, -1.0), (1.0, 1.0, 1.0), (1.0, -1.0, -1.0), (-1.0, 1.0, 1.0), (1.0, 1.0, 1.0), (-1.0, 1.0, 1.0)) -1.9372599124908447
55 ((1.0, 1.0, 1.0), (1.0, -1.0, -1.0), (1.0, 1.0, 1.0), (1.0, -1.0, -1.0), (-1.0, 1.0, 1.0), (-1.0, 1.0, 1.0)) -1.9777120351791382
56 ((1.0, 1.0, 1.0), (1.0, -1.0, -1.0), (1.0, 1.0, 1.0), (1.0, -1.0, -1.0), (-1.0, 1.0, 1.0), (-1.0, 1.0, 1.0), (1.0, 1.0, 1.0)) -2.2305221557617188
57 ((1.0, 1.0, 1.0), (1.0, -1.0, -1.0), (1.0, 1.0, 1.0), (1.0, -1.0, -1.0), (-1.0, 1.0, 1.0), (1.0, 1.0, 1.0), (1.0, 1.0, 1.0)) -2.076646327972412
58 ((1.0, 1.0, 1.0), (1.0, -1.0, -1.0), (1.0, 1.0, 1.0), (1.0, -1.0, -1.0), (-1.0, 1.0, 1.0), (-1.0, 1.0, 1.0), (1.0, 1.0, 1.0), (1.0, -1.0, -1.0)) -2.0733225345611572
59 ((1.0, 1.0, 1.0), (1.0, -1.0, -1.0), (1.0, 1.0, 1.0), (1.0, -1.0, -1.0), (1.0, 1.0, 1.0)) -1.605993390083313
60 ((1.0, 1.0, 1.0), (1.0, -1.0, -1.0), (1.0, 1.0, 1.0), (1.0, -1.0, -1.0), (-1.0, 1.0, 1.0), (1.0, -1.0, -1.0), (-1.0, 1.0, 1.0)) -1.7482630014419556
61 ((1.0, 1.0, 1.0), (1.0, -1.0, -1.0), (1.0, 1.0, 1.0), (1.0, -1.0, -1.0), (-1.0, 1.0, 1.0), (1.0, -1.0, -1.0), (-1.0, 1.0, 1.0), (1.0, 1.0, 1.0)) -2.1911797523498535
62 ((1.0, 1.0, 1.0), (1.0, -1.0, -1.0), (1.0, 1.0, 1.0), (1.0, -1.0, -1.0), (-1.0, 1.0, 1.0), (1.0, 1.0, 1.0), (-1.0, 1.0, 1.0), (-1.0, 1.0, 1.0)) -1.9751005172729492
63 ((1.0, 1.0, 1.0), (1.0, -1.0, -1.0), (-1.0, 1.0, 1.0), (-1.0, 1.0, 1.0), (1.0, 1.0, 1.0), (1.0, 1.0, 1.0)) -1.919557809829712
64 ((1.0, 1.0, 1.0), (1.0, -1.0, -1.0), (-1.0, 1.0, 1.0), (-1.0, 1.0, 1.0), (1.0, 1.0, 1.0), (1.0, 1.0, 1.0), (1.0, 1.0, 1.0)) -2.2691993713378906
65 ((1.0, 1.0, 1.0), (1.0, -1.0, -1.0), (1.0, 1.0, 1.0), (1.0, -1.0, -1.0), (-1.0, 1.0, 1.0), (1.0, 1.0, 1.0), (1.0, 1.0, 1.0), (-1.0, 1.0, 1.0)) -1.920469045639038
66 ((1.0, 1.0, 1.0), (1.0, -1.0, -1.0), (1.0, 1.0, 1.0), (1.0, -1.0, -1.0), (-1.0, 1.0, 1.0), (-1.0, 1.0, 1.0), (1.0, 1.0, 1.0), (1.0, 1.0, 1.0)) -2.1370346546173096
67 ((1.0, 1.0, 1.0), (1.0, 1.0, 1.0), (-1.0, 1.0, 1.0), (1.0, 1.0, 1.0), (1.0, -1.0, -1.0), (1.0, 1.0, 1.0), (1.0, 1.0, 1.0), (1.0, 1.0, 1.0)) -2.2561304569244385
68 ((1.0, 1.0, 1.0), (1.0, -1.0, -1.0), (1.0, 1.0, 1.0), (-1.0, 1.0, 1.0)) -1.409528374671936
69 ((1.0, 1.0, 1.0), (1.0, -1.0, -1.0), (1.0, 1.0, 1.0), (-1.0, 1.0, 1.0), (1.0, 1.0, 1.0)) -1.5796550512313843
70 ((1.0, 1.0, 1.0), (1.0, 1.0, 1.0), (-1.0, 1.0, 1.0), (1.0, 1.0, 1.0), (1.0, -1.0, -1.0), (1.0, -1.0, -1.0)) -1.8841187953948975
71 ((1.0, 1.0, 1.0), (1.0, 1.0, 1.0), (-1.0, 1.0, 1.0), (1.0, 1.0, 1.0), (1.0, -1.0, -1.0), (1.0, -1.0, -1.0), (1.0, 1.0, 1.0)) -2.0711824893951416
72 ((1.0, 1.0, 1.0), (1.0, 1.0, 1.0), (-1.0, 1.0, 1.0), (1.0, 1.0, 1.0), (1.0, -1.0, -1.0), (1.0, -1.0, -1.0), (1.0, 1.0, 1.0), (1.0, 1.0, 1.0)) -2.329133987426758
73 ((1.0, 1.0, 1.0), (1.0, -1.0, -1.0), (1.0, 1.0, 1.0), (1.0, -1.0, -1.0), (-1.0, 1.0, 1.0), (1.0, -1.0, -1.0), (1.0, -1.0, -1.0)) -1.8030383586883545
74 ((1.0, 1.0, 1.0), (1.0, -1.0, -1.0), (1.0, 1.0, 1.0), (1.0, -1.0, -1.0), (-1.0, 1.0, 1.0), (-1.0, 1.0, 1.0), (1.0, 1.0, 1.0), (-1.0, 1.0, 1.0)) -1.8883129358291626
75 ((1.0, 1.0, 1.0), (1.0, 1.0, 1.0), (-1.0, 1.0, 1.0), (1.0, 1.0, 1.0), (1.0, -1.0, -1.0), (1.0, 1.0, 1.0), (-1.0, 1.0, 1.0), (1.0, -1.0, -1.0)) -1.8815362453460693
76 ((1.0, 1.0, 1.0), (1.0, -1.0, -1.0), (-1.0, 1.0, 1.0), (1.0, 1.0, 1.0), (-1.0, 1.0, 1.0), (1.0, -1.0, -1.0), (1.0, -1.0, -1.0)) -1.796766757965088
77 ((1.0, 1.0, 1.0), (1.0, -1.0, -1.0), (-1.0, 1.0, 1.0), (1.0, 1.0, 1.0), (-1.0, 1.0, 1.0), (1.0, -1.0, -1.0), (1.0, -1.0, -1.0), (1.0, 1.0, 1.0)) -1.913042664527893
78 ((1.0, 1.0, 1.0), (1.0, -1.0, -1.0), (-1.0, 1.0, 1.0), (1.0, 1.0, 1.0), (1.0, -1.0, -1.0), (-1.0, 1.0, 1.0), (-1.0, 1.0, 1.0)) -1.791017770767212
79 ((1.0, 1.0, 1.0), (1.0, -1.0, -1.0), (-1.0, 1.0, 1.0), (1.0, 1.0, 1.0), (1.0, -1.0, -1.0), (-1.0, 1.0, 1.0), (-1.0, 1.0, 1.0), (1.0, 1.0, 1.0)) -2.0253987312316895
80 ((1.0, 1.0, 1.0), (1.0, -1.0, -1.0), (-1.0, 1.0, 1.0), (1.0, 1.0, 1.0), (1.0, -1.0, -1.0), (1.0, -1.0, -1.0), (-1.0, 1.0, 1.0)) -1.7823851108551025
81 ((1.0, 1.0, 1.0), (1.0, -1.0, -1.0), (-1.0, 1.0, 1.0), (1.0, 1.0, 1.0), (1.0, -1.0, -1.0), (1.0, -1.0, -1.0), (-1.0, 1.0, 1.0), (1.0, 1.0, 1.0)) -2.0495622158050537
82 ((1.0, 1.0, 1.0), (1.0, -1.0, -1.0), (1.0, 1.0, 1.0), (1.0, -1.0, -1.0), (-1.0, 1.0, 1.0), (1.0, 1.0, 1.0), (-1.0, 1.0, 1.0), (1.0, -1.0, -1.0)) -1.703424334526062
83 ((1.0, 1.0, 1.0), (1.0, -1.0, -1.0), (1.0, 1.0, 1.0), (-1.0, 1.0, 1.0), (1.0, 1.0, 1.0), (1.0, -1.0, -1.0)) -1.5426392555236816
84 ((1.0, 1.0, 1.0), (1.0, -1.0, -1.0), (1.0, 1.0, 1.0), (-1.0, 1.0, 1.0), (1.0, 1.0, 1.0), (1.0, -1.0, -1.0), (-1.0, 1.0, 1.0)) -1.9239104986190796
85 ((1.0, 1.0, 1.0), (1.0, -1.0, -1.0), (1.0, 1.0, 1.0), (-1.0, 1.0, 1.0), (1.0, 1.0, 1.0), (1.0, -1.0, -1.0), (-1.0, 1.0, 1.0), (1.0, 1.0, 1.0)) -2.2034740447998047
86 ((1.0, 1.0, 1.0), (1.0, -1.0, -1.0), (-1.0, 1.0, 1.0), (-1.0, 1.0, 1.0), (1.0, -1.0, -1.0)) -1.6036663055419922
87 ((1.0, 1.0, 1.0), (1.0, -1.0, -1.0), (-1.0, 1.0, 1.0), (-1.0, 1.0, 1.0), (1.0, -1.0, -1.0), (1.0, 1.0, 1.0)) -2.1581788063049316
88 ((1.0, 1.0, 1.0), (1.0, -1.0, -1.0), (-1.0, 1.0, 1.0), (-1.0, 1.0, 1.0), (1.0, -1.0, -1.0), (1.0, 1.0, 1.0), (1.0, 1.0, 1.0)) -2.2983083724975586
89 ((1.0, 1.0, 1.0), (1.0, -1.0, -1.0), (-1.0, 1.0, 1.0), (-1.0, 1.0, 1.0), (1.0, -1.0, -1.0), (1.0, 1.0, 1.0), (1.0, -1.0, -1.0)) -2.111541986465454
90 ((1.0, 1.0, 1.0), (1.0, -1.0, -1.0), (-1.0, 1.0, 1.0), (-1.0, 1.0, 1.0), (1.0, -1.0, -1.0), (1.0, 1.0, 1.0), (1.0, 1.0, 1.0), (1.0, -1.0, -1.0)) -2.2282872200012207
91 ((1.0, 1.0, 1.0), (1.0, -1.0, -1.0), (-1.0, 1.0, 1.0), (-1.0, 1.0, 1.0), (1.0, -1.0, -1.0), (1.0, 1.0, 1.0), (-1.0, 1.0, 1.0)) -1.9083704948425293
92 ((1.0, 1.0, 1.0), (1.0, -1.0, -1.0), (-1.0, 1.0, 1.0), (-1.0, 1.0, 1.0), (1.0, -1.0, -1.0), (1.0, 1.0, 1.0), (-1.0, 1.0, 1.0), (1.0, 1.0, 1.0)) -2.168022632598877
93 ((1.0, 1.0, 1.0), (1.0, -1.0, -1.0), (-1.0, 1.0, 1.0), (-1.0, 1.0, 1.0), (1.0, -1.0, -1.0), (1.0, 1.0, 1.0), (1.0, -1.0, -1.0), (-1.0, 1.0, 1.0)) -1.9043519496917725
94 ((1.0, 1.0, 1.0), (1.0, -1.0, -1.0), (-1.0, 1.0, 1.0), (-1.0, 1.0, 1.0), (1.0, 1.0, 1.0), (-1.0, 1.0, 1.0), (1.0, 1.0, 1.0), (-1.0, 1.0, 1.0)) -1.861396312713623
95 ((1.0, 1.0, 1.0), (1.0, 1.0, 1.0), (-1.0, 1.0, 1.0), (1.0, 1.0, 1.0), (1.0, 1.0, 1.0), (-1.0, 1.0, 1.0)) -1.8493231534957886
96 ((1.0, 1.0, 1.0), (1.0, 1.0, 1.0), (-1.0, 1.0, 1.0), (1.0, 1.0, 1.0), (1.0, 1.0, 1.0), (-1.0, 1.0, 1.0), (1.0, 1.0, 1.0)) -1.9556342363357544
97 ((1.0, 1.0, 1.0), (1.0, 1.0, 1.0), (-1.0, 1.0, 1.0), (1.0, 1.0, 1.0), (1.0, -1.0, -1.0), (-1.0, 1.0, 1.0)) -1.693301796913147
98 ((1.0, 1.0, 1.0), (1.0, 1.0, 1.0), (-1.0, 1.0, 1.0), (1.0, 1.0, 1.0), (1.0, -1.0, -1.0), (-1.0, 1.0, 1.0), (1.0, 1.0, 1.0)) -2.1399271488189697
99 ((1.0, 1.0, 1.0), (1.0, 1.0, 1.0), (-1.0, 1.0, 1.0), (1.0, 1.0, 1.0), (1.0, -1.0, -1.0), (-1.0, 1.0, 1.0), (1.0, 1.0, 1.0), (1.0, 1.0, 1.0)) -2.4589638710021973
100 ((1.0, 1.0, 1.0), (1.0, 1.0, 1.0), (-1.0, 1.0, 1.0), (1.0, 1.0, 1.0), (1.0, -1.0, -1.0), (-1.0, 1.0, 1.0), (1.0, 1.0, 1.0), (1.0, -1.0, -1.0)) -2.0281431674957275
101 ((1.0, 1.0, 1.0), (1.0, -1.0, -1.0), (1.0, 1.0, 1.0), (1.0, -1.0, -1.0), (1.0, 1.0, 1.0), (1.0, 1.0, 1.0)) -1.706095576286316
102 ((1.0, 1.0, 1.0), (1.0, -1.0, -1.0), (-1.0, 1.0, 1.0), (1.0, 1.0, 1.0), (-1.0, 1.0, 1.0), (1.0, -1.0, -1.0), (1.0, 1.0, 1.0), (-1.0, 1.0, 1.0)) -1.7062296867370605
103 ((1.0, 1.0, 1.0), (1.0, -1.0, -1.0), (1.0, 1.0, 1.0), (1.0, -1.0, -1.0), (-1.0, 1.0, 1.0), (-1.0, 1.0, 1.0), (1.0, -1.0, -1.0)) -1.755181074142456
104 ((1.0, 1.0, 1.0), (1.0, -1.0, -1.0), (1.0, 1.0, 1.0), (1.0, -1.0, -1.0), (-1.0, 1.0, 1.0), (-1.0, 1.0, 1.0), (1.0, -1.0, -1.0), (1.0, 1.0, 1.0)) -2.082571506500244
105 ((1.0, 1.0, 1.0), (1.0, -1.0, -1.0), (-1.0, 1.0, 1.0), (1.0, 1.0, 1.0), (1.0, -1.0, -1.0), (-1.0, 1.0, 1.0), (1.0, -1.0, -1.0)) -1.587096929550171
106 ((1.0, 1.0, 1.0), (1.0, -1.0, -1.0), (-1.0, 1.0, 1.0), (1.0, 1.0, 1.0), (1.0, -1.0, -1.0), (-1.0, 1.0, 1.0), (1.0, -1.0, -1.0), (1.0, 1.0, 1.0)) -2.368009567260742
107 ((1.0, 1.0, 1.0), (1.0, -1.0, -1.0), (1.0, 1.0, 1.0), (1.0, -1.0, -1.0), (-1.0, 1.0, 1.0), (1.0, 1.0, 1.0), (1.0, -1.0, -1.0)) -1.6572651863098145
108 ((1.0, 1.0, 1.0), (1.0, -1.0, -1.0), (1.0, 1.0, 1.0), (1.0, -1.0, -1.0), (-1.0, 1.0, 1.0), (1.0, 1.0, 1.0), (1.0, -1.0, -1.0), (1.0, 1.0, 1.0)) -2.119769811630249
109 ((1.0, 1.0, 1.0), (1.0, -1.0, -1.0), (1.0, 1.0, 1.0), (1.0, -1.0, -1.0), (-1.0, 1.0, 1.0), (1.0, 1.0, 1.0), (1.0, -1.0, -1.0), (-1.0, 1.0, 1.0)) -1.7544487714767456
110 ((1.0, 1.0, 1.0), (1.0, -1.0, -1.0), (-1.0, 1.0, 1.0), (-1.0, 1.0, 1.0), (1.0, 1.0, 1.0), (1.0, -1.0, -1.0)) -1.6619160175323486
111 ((1.0, 1.0, 1.0), (1.0, -1.0, -1.0), (-1.0, 1.0, 1.0), (-1.0, 1.0, 1.0), (1.0, 1.0, 1.0), (1.0, -1.0, -1.0), (1.0, 1.0, 1.0)) -2.13344144821167
112 ((1.0, 1.0, 1.0), (1.0, -1.0, -1.0), (-1.0, 1.0, 1.0), (-1.0, 1.0, 1.0), (1.0, 1.0, 1.0), (1.0, -1.0, -1.0), (1.0, 1.0, 1.0), (1.0, 1.0, 1.0)) -2.4369359016418457
113 ((1.0, 1.0, 1.0), (1.0, -1.0, -1.0), (-1.0, 1.0, 1.0), (-1.0, 1.0, 1.0), (1.0, 1.0, 1.0), (1.0, -1.0, -1.0), (1.0, 1.0, 1.0), (1.0, -1.0, -1.0)) -2.0462212562561035
114 ((1.0, 1.0, 1.0), (1.0, -1.0, -1.0), (1.0, -1.0, -1.0)) -1.4056307077407837
115 ((1.0, 1.0, 1.0), (1.0, -1.0, -1.0), (1.0, -1.0, -1.0), (1.0, 1.0, 1.0)) -1.8883870840072632
116 ((1.0, 1.0, 1.0), (1.0, -1.0, -1.0), (1.0, -1.0, -1.0), (1.0, 1.0, 1.0), (1.0, 1.0, 1.0)) -2.350527286529541
117 ((1.0, 1.0, 1.0), (1.0, -1.0, -1.0), (1.0, -1.0, -1.0), (1.0, 1.0, 1.0), (1.0, -1.0, -1.0)) -2.001939058303833
118 ((1.0, 1.0, 1.0), (1.0, -1.0, -1.0), (1.0, -1.0, -1.0), (1.0, 1.0, 1.0), (1.0, -1.0, -1.0), (1.0, 1.0, 1.0)) -2.551210403442383
119 ((1.0, 1.0, 1.0), (1.0, -1.0, -1.0), (1.0, -1.0, -1.0), (1.0, 1.0, 1.0), (1.0, -1.0, -1.0), (1.0, 1.0, 1.0), (-1.0, 1.0, 1.0)) -2.630419969558716
120 ((1.0, 1.0, 1.0), (1.0, -1.0, -1.0), (1.0, -1.0, -1.0), (1.0, 1.0, 1.0), (1.0, -1.0, -1.0), (1.0, 1.0, 1.0), (1.0, -1.0, -1.0)) -2.579991102218628
121 ((1.0, 1.0, 1.0), (1.0, -1.0, -1.0), (1.0, -1.0, -1.0), (1.0, 1.0, 1.0), (1.0, -1.0, -1.0), (1.0, 1.0, 1.0), (-1.0, 1.0, 1.0), (1.0, 1.0, 1.0)) -2.508747100830078
122 ((1.0, 1.0, 1.0), (1.0, -1.0, -1.0), (1.0, -1.0, -1.0), (1.0, 1.0, 1.0), (1.0, -1.0, -1.0), (1.0, 1.0, 1.0), (1.0, -1.0, -1.0), (1.0, 1.0, 1.0)) -2.47786283493042
123 ((1.0, 1.0, 1.0), (1.0, -1.0, -1.0), (1.0, -1.0, -1.0), (1.0, 1.0, 1.0), (1.0, 1.0, 1.0), (1.0, -1.0, -1.0)) -2.2432668209075928
124 ((1.0, 1.0, 1.0), (1.0, -1.0, -1.0), (1.0, -1.0, -1.0), (1.0, 1.0, 1.0), (1.0, 1.0, 1.0), (1.0, -1.0, -1.0), (1.0, 1.0, 1.0)) -2.43906307220459
125 ((1.0, 1.0, 1.0), (1.0, -1.0, -1.0), (1.0, -1.0, -1.0), (-1.0, 1.0, 1.0)) -1.8771086931228638
126 ((1.0, 1.0, 1.0), (1.0, -1.0, -1.0), (1.0, -1.0, -1.0), (-1.0, 1.0, 1.0), (1.0, 1.0, 1.0)) -2.2936534881591797
Contact sequence search time: 303.5253952160019
No contact sequence found
['turn', 'thumb_middle', 'turn', 'turn', 'thumb_middle', 'turn']
7 turn
Sampling time 3.6373060879996046
Solve time for step 29.92325210571289
Solve time for step 7.515894651412964
Solve time for step 6.639235019683838
Solve time for step 6.262357234954834
Solve time for step 6.232268810272217
Solve time for step 5.486996412277222
Solve time for step 5.245988368988037
Solve time for step 4.976521968841553
Solve time for step 4.826900005340576
Solve time for step 4.726762056350708
Solve time for step 4.940712928771973
Solve time for step 4.630151033401489
csvgd, Average time per step: 0.0
{}
[ models/temporal ] Channel dimensions: [(37, 128), (128, 256), (256, 512)]
[ models/temporal ] Channel dimensions: [(37, 128), (128, 256), (256, 512)]
[ models/temporal ] Channel dimensions: [(37, 128), (128, 256), (256, 512)]
Loaded trajectory sampler
Current yaw: tensor(-0.0518, device='cuda:0')
0 pregrasp
Current yaw: tensor(-0.0603, device='cuda:0')
Adjusting goal to tensor(-1.1075, device='cuda:0')
1 () -0.060315266251564026
2 () -0.060315266251564026
3 ((1.0, 1.0, 1.0),) -0.5894431471824646
4 ((1.0, 1.0, 1.0), (-1.0, 1.0, 1.0)) -0.9722563624382019
5 ((1.0, 1.0, 1.0), (-1.0, 1.0, 1.0), (1.0, -1.0, -1.0)) -1.34756338596344
Contact sequence search time: 11.18508131499766
['turn', 'index', 'thumb_middle']
1 turn
Solve time for step 29.822881937026978
Solve time for step 7.325533866882324
Solve time for step 6.820760726928711
Solve time for step 6.337777614593506
Solve time for step 6.014239072799683
Solve time for step 5.516441106796265
Solve time for step 5.263010740280151
Solve time for step 5.209160327911377
Solve time for step 5.066548109054565
Solve time for step 5.009851455688477
Solve time for step 5.136138916015625
Solve time for step 4.7330217361450195
Current yaw: tensor(-0.5644, device='cuda:0')
Adjusting goal to tensor(-1.6116, device='cuda:0')
1 ((1.0, 1.0, 1.0),) -0.5643969178199768
2 ((1.0, 1.0, 1.0),) -0.5643969178199768
3 ((1.0, 1.0, 1.0), (1.0, 1.0, 1.0)) -1.0111169815063477
4 ((1.0, 1.0, 1.0), (1.0, 1.0, 1.0), (1.0, 1.0, 1.0)) -1.7581771612167358
Contact sequence search time: 7.9653957709997485
['turn', 'turn']
2 turn
Solve time for step 30.422202110290527
Solve time for step 7.243596315383911
Solve time for step 7.125646591186523
Solve time for step 7.063990592956543
Solve time for step 6.258488655090332
Solve time for step 5.789093494415283
Solve time for step 5.413766384124756
Solve time for step 5.54973840713501
Solve time for step 4.7609217166900635
Solve time for step 4.997498512268066
Solve time for step 4.7781641483306885
Solve time for step 4.795866966247559
Current yaw: tensor(-1.0818, device='cuda:0')
Adjusting goal to tensor(-2.1290, device='cuda:0')
1 ((1.0, 1.0, 1.0),) -1.0817973613739014
2 ((1.0, 1.0, 1.0),) -1.0817973613739014
3 ((1.0, 1.0, 1.0), (1.0, -1.0, -1.0)) -1.0412249565124512
4 ((1.0, 1.0, 1.0), (1.0, -1.0, -1.0), (1.0, 1.0, 1.0)) -1.5601917505264282
5 ((1.0, 1.0, 1.0), (1.0, -1.0, -1.0), (1.0, 1.0, 1.0), (1.0, -1.0, -1.0)) -1.616930365562439
6 ((1.0, 1.0, 1.0), (1.0, -1.0, -1.0), (1.0, 1.0, 1.0), (-1.0, 1.0, 1.0)) -1.5090303421020508
7 ((1.0, 1.0, 1.0), (1.0, -1.0, -1.0), (1.0, 1.0, 1.0), (-1.0, 1.0, 1.0), (1.0, 1.0, 1.0)) -2.125894069671631
8 ((1.0, 1.0, 1.0), (1.0, -1.0, -1.0), (1.0, 1.0, 1.0), (-1.0, 1.0, 1.0), (1.0, 1.0, 1.0), (-1.0, 1.0, 1.0)) -1.9656505584716797
9 ((1.0, 1.0, 1.0), (1.0, -1.0, -1.0), (1.0, 1.0, 1.0), (-1.0, 1.0, 1.0), (1.0, 1.0, 1.0), (-1.0, 1.0, 1.0), (1.0, 1.0, 1.0)) -2.1944594383239746
Contact sequence search time: 26.532650529999955
['thumb_middle', 'turn', 'index', 'turn', 'index', 'turn']
3 thumb_middle
Solve time for step 20.01244306564331
Solve time for step 4.856558799743652
Solve time for step 4.825816869735718
Solve time for step 4.5959367752075195
Solve time for step 4.5042219161987305
Solve time for step 4.387791156768799
Solve time for step 4.370822906494141
Solve time for step 4.273792266845703
Solve time for step 4.106637001037598
Solve time for step 4.189054012298584
Solve time for step 4.226917505264282
Solve time for step 3.8821215629577637
Current yaw: tensor(-1.0827, device='cuda:0')
Adjusting goal to tensor(-2.1299, device='cuda:0')
1 ((1.0, -1.0, -1.0),) -1.0826691389083862
2 ((1.0, -1.0, -1.0),) -1.0826691389083862
3 ((1.0, -1.0, -1.0), (1.0, 1.0, 1.0)) -1.4292786121368408
4 ((1.0, -1.0, -1.0), (1.0, 1.0, 1.0), (-1.0, 1.0, 1.0)) -2.3220083713531494
Contact sequence search time: 7.50824037500206
['turn', 'index']
4 turn
Solve time for step 30.15949010848999
Solve time for step 7.314905643463135
Solve time for step 6.654499053955078
Solve time for step 6.284375905990601
Solve time for step 6.32420539855957
Solve time for step 5.472629070281982
Solve time for step 5.439752578735352
Solve time for step 5.270578861236572
Solve time for step 5.814125299453735
Solve time for step 5.513357400894165
Solve time for step 5.477907180786133
Solve time for step 5.520478963851929
Current yaw: tensor(-1.4906, device='cuda:0')
Adjusting goal to tensor(-2.5378, device='cuda:0')
1 ((1.0, 1.0, 1.0),) -1.490630865097046
2 ((1.0, 1.0, 1.0),) -1.490630865097046
3 ((1.0, 1.0, 1.0), (1.0, -1.0, -1.0)) -1.5597984790802002
4 ((1.0, 1.0, 1.0), (1.0, -1.0, -1.0), (1.0, 1.0, 1.0)) -2.9387292861938477
Contact sequence search time: 7.951364463999198
['thumb_middle', 'turn']
5 thumb_middle
Solve time for step 19.642775058746338
Solve time for step 4.993677139282227
Solve time for step 4.750864028930664
Solve time for step 4.610748291015625
Solve time for step 4.55929970741272
Solve time for step 4.348548650741577
Solve time for step 4.70225715637207
Solve time for step 4.661355257034302
Solve time for step 4.546543121337891
Solve time for step 4.380056619644165
Solve time for step 4.179725885391235
Solve time for step 4.187136888504028
Current yaw: tensor(-1.4947, device='cuda:0')
Adjusting goal to tensor(-2.5419, device='cuda:0')
1 ((1.0, -1.0, -1.0),) -1.4947006702423096
2 ((1.0, -1.0, -1.0),) -1.4947006702423096
3 ((1.0, -1.0, -1.0), (1.0, 1.0, 1.0)) -1.8583595752716064
4 ((1.0, -1.0, -1.0), (1.0, 1.0, 1.0), (-1.0, 1.0, 1.0)) -1.9300318956375122
5 ((1.0, -1.0, -1.0), (1.0, 1.0, 1.0), (-1.0, 1.0, 1.0), (1.0, 1.0, 1.0)) -2.2331717014312744
6 ((1.0, -1.0, -1.0), (1.0, 1.0, 1.0), (1.0, 1.0, 1.0)) -2.067556619644165
7 ((1.0, -1.0, -1.0), (1.0, 1.0, 1.0), (1.0, 1.0, 1.0), (1.0, 1.0, 1.0)) -2.3448290824890137
8 ((1.0, -1.0, -1.0), (1.0, 1.0, 1.0), (1.0, 1.0, 1.0), (1.0, 1.0, 1.0), (1.0, -1.0, -1.0)) -2.6293177604675293
Contact sequence search time: 22.69709401900036
['turn', 'turn', 'turn', 'thumb_middle']
6 turn
Solve time for step 30.517404079437256
Solve time for step 7.401926517486572
Solve time for step 7.059441566467285
Solve time for step 6.405881881713867
Solve time for step 6.40400505065918
Solve time for step 5.560252904891968
Solve time for step 5.359549045562744
Solve time for step 5.387697458267212
Solve time for step 5.358205318450928
Solve time for step 5.691982984542847
Solve time for step 4.940846681594849
Solve time for step 4.761082649230957
Current yaw: tensor(-1.9719, device='cuda:0')
Adjusting goal to tensor(-3.0191, device='cuda:0')
1 ((1.0, 1.0, 1.0),) -1.9718692302703857
2 ((1.0, 1.0, 1.0),) -1.9718692302703857
3 ((1.0, 1.0, 1.0), (1.0, 1.0, 1.0)) -2.0884039402008057
4 ((1.0, 1.0, 1.0), (1.0, -1.0, -1.0)) -1.8218882083892822
5 ((1.0, 1.0, 1.0), (-1.0, 1.0, 1.0)) -1.704984188079834
6 ((1.0, 1.0, 1.0), (-1.0, 1.0, 1.0), (1.0, 1.0, 1.0)) -2.3387086391448975
7 ((1.0, 1.0, 1.0), (1.0, 1.0, 1.0), (1.0, -1.0, -1.0)) -1.8851324319839478
8 ((1.0, 1.0, 1.0), (1.0, 1.0, 1.0), (1.0, -1.0, -1.0), (1.0, 1.0, 1.0)) -2.146714687347412
9 ((1.0, 1.0, 1.0), (1.0, 1.0, 1.0), (1.0, -1.0, -1.0), (1.0, 1.0, 1.0), (1.0, -1.0, -1.0)) -2.036888837814331
10 ((1.0, 1.0, 1.0), (1.0, 1.0, 1.0), (1.0, -1.0, -1.0), (1.0, 1.0, 1.0), (1.0, -1.0, -1.0), (1.0, 1.0, 1.0)) -2.466416597366333
11 ((1.0, 1.0, 1.0), (1.0, 1.0, 1.0), (1.0, -1.0, -1.0), (1.0, 1.0, 1.0), (1.0, -1.0, -1.0), (1.0, 1.0, 1.0), (1.0, -1.0, -1.0)) -2.2925686836242676
12 ((1.0, 1.0, 1.0), (1.0, 1.0, 1.0), (1.0, -1.0, -1.0), (1.0, 1.0, 1.0), (1.0, -1.0, -1.0), (1.0, 1.0, 1.0), (1.0, -1.0, -1.0), (1.0, 1.0, 1.0)) -2.390634536743164
13 ((1.0, 1.0, 1.0), (1.0, 1.0, 1.0), (1.0, -1.0, -1.0), (1.0, 1.0, 1.0), (-1.0, 1.0, 1.0)) -2.0088868141174316
14 ((1.0, 1.0, 1.0), (1.0, 1.0, 1.0), (1.0, -1.0, -1.0), (1.0, 1.0, 1.0), (1.0, -1.0, -1.0), (1.0, 1.0, 1.0), (-1.0, 1.0, 1.0)) -2.1624534130096436
15 ((1.0, 1.0, 1.0), (1.0, -1.0, -1.0), (1.0, -1.0, -1.0)) -1.7984405755996704
16 ((1.0, 1.0, 1.0), (1.0, -1.0, -1.0), (1.0, -1.0, -1.0), (-1.0, 1.0, 1.0)) -1.9091408252716064
17 ((1.0, 1.0, 1.0), (1.0, -1.0, -1.0), (1.0, -1.0, -1.0), (-1.0, 1.0, 1.0), (1.0, 1.0, 1.0)) -2.1296980381011963
18 ((1.0, 1.0, 1.0), (1.0, -1.0, -1.0), (1.0, -1.0, -1.0), (1.0, 1.0, 1.0)) -1.9379160404205322
19 ((1.0, 1.0, 1.0), (1.0, -1.0, -1.0), (1.0, -1.0, -1.0), (1.0, 1.0, 1.0), (1.0, 1.0, 1.0)) -2.2480075359344482
20 ((1.0, 1.0, 1.0), (1.0, -1.0, -1.0), (-1.0, 1.0, 1.0)) -1.6188665628433228
21 ((1.0, 1.0, 1.0), (1.0, -1.0, -1.0), (-1.0, 1.0, 1.0), (1.0, 1.0, 1.0)) -1.8623762130737305
22 ((1.0, 1.0, 1.0), (1.0, -1.0, -1.0), (-1.0, 1.0, 1.0), (1.0, 1.0, 1.0), (-1.0, 1.0, 1.0)) -1.9229928255081177
23 ((1.0, 1.0, 1.0), (1.0, -1.0, -1.0), (-1.0, 1.0, 1.0), (1.0, 1.0, 1.0), (-1.0, 1.0, 1.0), (1.0, 1.0, 1.0)) -2.0550777912139893
24 ((1.0, 1.0, 1.0), (1.0, -1.0, -1.0), (-1.0, 1.0, 1.0), (1.0, 1.0, 1.0), (1.0, 1.0, 1.0)) -2.0718138217926025
25 ((1.0, 1.0, 1.0), (1.0, -1.0, -1.0), (-1.0, 1.0, 1.0), (1.0, 1.0, 1.0), (1.0, 1.0, 1.0), (1.0, -1.0, -1.0)) -2.154669761657715
26 ((1.0, 1.0, 1.0), (1.0, -1.0, -1.0), (-1.0, 1.0, 1.0), (1.0, 1.0, 1.0), (1.0, -1.0, -1.0)) -1.8186633586883545
27 ((1.0, 1.0, 1.0), (1.0, 1.0, 1.0), (1.0, 1.0, 1.0)) -1.9570214748382568
28 ((1.0, 1.0, 1.0), (1.0, 1.0, 1.0), (1.0, 1.0, 1.0), (1.0, 1.0, 1.0)) -2.2984588146209717
29 ((1.0, 1.0, 1.0), (1.0, 1.0, 1.0), (1.0, -1.0, -1.0), (1.0, 1.0, 1.0), (1.0, -1.0, -1.0), (1.0, 1.0, 1.0), (-1.0, 1.0, 1.0), (1.0, -1.0, -1.0)) -2.1990795135498047
30 ((1.0, 1.0, 1.0), (1.0, -1.0, -1.0), (1.0, 1.0, 1.0)) -1.7204495668411255
31 ((1.0, 1.0, 1.0), (1.0, -1.0, -1.0), (1.0, 1.0, 1.0), (1.0, -1.0, -1.0)) -2.1680479049682617
32 ((1.0, 1.0, 1.0), (1.0, -1.0, -1.0), (1.0, 1.0, 1.0), (1.0, -1.0, -1.0), (1.0, -1.0, -1.0)) -2.26265025138855
33 ((1.0, 1.0, 1.0), (1.0, -1.0, -1.0), (1.0, 1.0, 1.0), (1.0, -1.0, -1.0), (1.0, -1.0, -1.0), (1.0, 1.0, 1.0)) -2.2612428665161133
34 ((1.0, 1.0, 1.0), (1.0, -1.0, -1.0), (-1.0, 1.0, 1.0), (1.0, 1.0, 1.0), (1.0, 1.0, 1.0), (-1.0, 1.0, 1.0)) -1.9934200048446655
35 ((1.0, 1.0, 1.0), (1.0, -1.0, -1.0), (-1.0, 1.0, 1.0), (1.0, 1.0, 1.0), (1.0, 1.0, 1.0), (-1.0, 1.0, 1.0), (1.0, 1.0, 1.0)) -2.1621296405792236
36 ((1.0, 1.0, 1.0), (1.0, -1.0, -1.0), (1.0, -1.0, -1.0), (1.0, 1.0, 1.0), (1.0, 1.0, 1.0), (1.0, -1.0, -1.0)) -2.154824733734131
37 ((1.0, 1.0, 1.0), (1.0, -1.0, -1.0), (1.0, -1.0, -1.0), (1.0, 1.0, 1.0), (1.0, 1.0, 1.0), (1.0, -1.0, -1.0), (1.0, 1.0, 1.0)) -2.2754766941070557
38 ((1.0, 1.0, 1.0), (1.0, -1.0, -1.0), (1.0, -1.0, -1.0), (-1.0, 1.0, 1.0), (1.0, 1.0, 1.0), (1.0, -1.0, -1.0)) -1.9712753295898438
39 ((1.0, 1.0, 1.0), (1.0, -1.0, -1.0), (1.0, -1.0, -1.0), (-1.0, 1.0, 1.0), (1.0, 1.0, 1.0), (1.0, -1.0, -1.0), (1.0, 1.0, 1.0)) -2.217688798904419
40 ((1.0, 1.0, 1.0), (-1.0, 1.0, 1.0), (1.0, 1.0, 1.0), (1.0, -1.0, -1.0)) -1.6298880577087402
41 ((1.0, 1.0, 1.0), (-1.0, 1.0, 1.0), (1.0, 1.0, 1.0), (1.0, -1.0, -1.0), (1.0, 1.0, 1.0)) -2.2781360149383545
42 ((1.0, 1.0, 1.0), (-1.0, 1.0, 1.0), (1.0, 1.0, 1.0), (1.0, -1.0, -1.0), (1.0, 1.0, 1.0), (1.0, -1.0, -1.0)) -2.6251015663146973
43 ((1.0, 1.0, 1.0), (-1.0, 1.0, 1.0), (1.0, 1.0, 1.0), (1.0, -1.0, -1.0), (1.0, 1.0, 1.0), (1.0, -1.0, -1.0), (-1.0, 1.0, 1.0)) -2.1367642879486084
44 ((1.0, 1.0, 1.0), (-1.0, 1.0, 1.0), (1.0, 1.0, 1.0), (1.0, -1.0, -1.0), (1.0, 1.0, 1.0), (1.0, -1.0, -1.0), (-1.0, 1.0, 1.0), (1.0, 1.0, 1.0)) -2.5864081382751465
45 ((1.0, 1.0, 1.0), (-1.0, 1.0, 1.0), (1.0, 1.0, 1.0), (1.0, -1.0, -1.0), (1.0, 1.0, 1.0), (1.0, -1.0, -1.0), (-1.0, 1.0, 1.0), (1.0, -1.0, -1.0)) -1.991774559020996
46 ((1.0, 1.0, 1.0), (1.0, -1.0, -1.0), (1.0, 1.0, 1.0), (1.0, -1.0, -1.0), (-1.0, 1.0, 1.0)) -1.7013185024261475
47 ((1.0, 1.0, 1.0), (1.0, -1.0, -1.0), (1.0, 1.0, 1.0), (1.0, -1.0, -1.0), (-1.0, 1.0, 1.0), (1.0, 1.0, 1.0)) -2.109696388244629
48 ((1.0, 1.0, 1.0), (1.0, -1.0, -1.0), (1.0, 1.0, 1.0), (1.0, -1.0, -1.0), (-1.0, 1.0, 1.0), (1.0, 1.0, 1.0), (1.0, 1.0, 1.0)) -2.095564365386963
49 ((1.0, 1.0, 1.0), (1.0, -1.0, -1.0), (1.0, 1.0, 1.0), (1.0, -1.0, -1.0), (-1.0, 1.0, 1.0), (1.0, 1.0, 1.0), (-1.0, 1.0, 1.0)) -1.8921582698822021
50 ((1.0, 1.0, 1.0), (1.0, 1.0, 1.0), (1.0, -1.0, -1.0), (1.0, -1.0, -1.0)) -1.93377685546875
51 ((1.0, 1.0, 1.0), (1.0, 1.0, 1.0), (1.0, -1.0, -1.0), (1.0, -1.0, -1.0), (1.0, 1.0, 1.0)) -2.2558696269989014
52 ((1.0, 1.0, 1.0), (1.0, 1.0, 1.0), (1.0, -1.0, -1.0), (1.0, -1.0, -1.0), (1.0, 1.0, 1.0), (1.0, -1.0, -1.0)) -2.238830804824829
53 ((1.0, 1.0, 1.0), (1.0, 1.0, 1.0), (1.0, -1.0, -1.0), (1.0, -1.0, -1.0), (1.0, 1.0, 1.0), (-1.0, 1.0, 1.0)) -2.165300130844116
54 ((1.0, 1.0, 1.0), (1.0, 1.0, 1.0), (1.0, -1.0, -1.0), (1.0, -1.0, -1.0), (-1.0, 1.0, 1.0)) -2.047118902206421
55 ((1.0, 1.0, 1.0), (1.0, -1.0, -1.0), (-1.0, 1.0, 1.0), (1.0, 1.0, 1.0), (1.0, 1.0, 1.0), (1.0, -1.0, -1.0), (-1.0, 1.0, 1.0)) -2.0199103355407715
56 ((1.0, 1.0, 1.0), (1.0, -1.0, -1.0), (-1.0, 1.0, 1.0), (1.0, 1.0, 1.0), (1.0, 1.0, 1.0), (1.0, -1.0, -1.0), (-1.0, 1.0, 1.0), (1.0, 1.0, 1.0)) -2.154017925262451
57 ((1.0, 1.0, 1.0), (1.0, -1.0, -1.0), (-1.0, 1.0, 1.0), (1.0, 1.0, 1.0), (1.0, -1.0, -1.0), (1.0, 1.0, 1.0)) -1.8028184175491333
58 ((1.0, 1.0, 1.0), (1.0, -1.0, -1.0), (1.0, -1.0, -1.0), (-1.0, 1.0, 1.0), (1.0, 1.0, 1.0), (-1.0, 1.0, 1.0)) -1.9009910821914673
59 ((1.0, 1.0, 1.0), (1.0, -1.0, -1.0), (1.0, -1.0, -1.0), (-1.0, 1.0, 1.0), (1.0, 1.0, 1.0), (-1.0, 1.0, 1.0), (1.0, 1.0, 1.0)) -2.0851480960845947
60 ((1.0, 1.0, 1.0), (1.0, -1.0, -1.0), (1.0, -1.0, -1.0), (-1.0, 1.0, 1.0), (1.0, -1.0, -1.0)) -1.8090721368789673
61 ((1.0, 1.0, 1.0), (1.0, -1.0, -1.0), (1.0, -1.0, -1.0), (1.0, 1.0, 1.0), (1.0, -1.0, -1.0)) -1.8203811645507812
62 ((1.0, 1.0, 1.0), (1.0, -1.0, -1.0), (1.0, -1.0, -1.0), (1.0, 1.0, 1.0), (1.0, -1.0, -1.0), (1.0, 1.0, 1.0)) -1.9463539123535156
63 ((1.0, 1.0, 1.0), (-1.0, 1.0, 1.0), (1.0, -1.0, -1.0)) -1.478041410446167
64 ((1.0, 1.0, 1.0), (-1.0, 1.0, 1.0), (1.0, -1.0, -1.0), (1.0, 1.0, 1.0)) -2.029303550720215
65 ((1.0, 1.0, 1.0), (-1.0, 1.0, 1.0), (1.0, -1.0, -1.0), (1.0, 1.0, 1.0), (1.0, -1.0, -1.0)) -1.9617254734039307
66 ((1.0, 1.0, 1.0), (-1.0, 1.0, 1.0), (1.0, -1.0, -1.0), (1.0, 1.0, 1.0), (-1.0, 1.0, 1.0)) -1.8756508827209473
67 ((1.0, 1.0, 1.0), (-1.0, 1.0, 1.0), (1.0, -1.0, -1.0), (1.0, 1.0, 1.0), (-1.0, 1.0, 1.0), (1.0, 1.0, 1.0)) -2.029111862182617
68 ((1.0, 1.0, 1.0), (-1.0, 1.0, 1.0), (1.0, -1.0, -1.0), (1.0, 1.0, 1.0), (-1.0, 1.0, 1.0), (1.0, 1.0, 1.0), (1.0, 1.0, 1.0)) -2.4694712162017822
69 ((1.0, 1.0, 1.0), (-1.0, 1.0, 1.0), (1.0, -1.0, -1.0), (1.0, 1.0, 1.0), (1.0, -1.0, -1.0), (1.0, 1.0, 1.0)) -2.0317554473876953
70 ((1.0, 1.0, 1.0), (-1.0, 1.0, 1.0), (1.0, -1.0, -1.0), (1.0, 1.0, 1.0), (1.0, -1.0, -1.0), (1.0, 1.0, 1.0), (1.0, -1.0, -1.0)) -2.4037225246429443
71 ((1.0, 1.0, 1.0), (-1.0, 1.0, 1.0), (1.0, -1.0, -1.0), (1.0, 1.0, 1.0), (1.0, -1.0, -1.0), (1.0, 1.0, 1.0), (-1.0, 1.0, 1.0)) -2.019296884536743
72 ((1.0, 1.0, 1.0), (-1.0, 1.0, 1.0), (1.0, -1.0, -1.0), (1.0, 1.0, 1.0), (1.0, -1.0, -1.0), (1.0, 1.0, 1.0), (-1.0, 1.0, 1.0), (1.0, 1.0, 1.0)) -2.436790704727173
73 ((1.0, 1.0, 1.0), (-1.0, 1.0, 1.0), (1.0, -1.0, -1.0), (1.0, 1.0, 1.0), (-1.0, 1.0, 1.0), (1.0, 1.0, 1.0), (1.0, 1.0, 1.0), (1.0, -1.0, -1.0)) -2.2496776580810547
74 ((1.0, 1.0, 1.0), (-1.0, 1.0, 1.0), (1.0, -1.0, -1.0), (1.0, 1.0, 1.0), (-1.0, 1.0, 1.0), (1.0, 1.0, 1.0), (1.0, -1.0, -1.0)) -1.9754469394683838
75 ((1.0, 1.0, 1.0), (-1.0, 1.0, 1.0), (1.0, -1.0, -1.0), (1.0, 1.0, 1.0), (-1.0, 1.0, 1.0), (1.0, 1.0, 1.0), (1.0, -1.0, -1.0), (1.0, 1.0, 1.0)) -2.1568610668182373
76 ((1.0, 1.0, 1.0), (-1.0, 1.0, 1.0), (1.0, -1.0, -1.0), (1.0, 1.0, 1.0), (1.0, -1.0, -1.0), (1.0, 1.0, 1.0), (1.0, -1.0, -1.0), (-1.0, 1.0, 1.0)) -1.9707080125808716
77 ((1.0, 1.0, 1.0), (-1.0, 1.0, 1.0), (1.0, -1.0, -1.0), (1.0, 1.0, 1.0), (-1.0, 1.0, 1.0), (1.0, 1.0, 1.0), (-1.0, 1.0, 1.0)) -1.8691850900650024
78 ((1.0, 1.0, 1.0), (-1.0, 1.0, 1.0), (1.0, -1.0, -1.0), (1.0, 1.0, 1.0), (-1.0, 1.0, 1.0), (1.0, 1.0, 1.0), (-1.0, 1.0, 1.0), (1.0, 1.0, 1.0)) -2.2267236709594727
79 ((1.0, 1.0, 1.0), (-1.0, 1.0, 1.0), (1.0, -1.0, -1.0), (1.0, 1.0, 1.0), (-1.0, 1.0, 1.0), (1.0, 1.0, 1.0), (-1.0, 1.0, 1.0), (1.0, -1.0, -1.0)) -1.9650225639343262
80 ((1.0, 1.0, 1.0), (1.0, 1.0, 1.0), (1.0, 1.0, 1.0), (1.0, -1.0, -1.0)) -1.8651455640792847
81 ((1.0, 1.0, 1.0), (1.0, 1.0, 1.0), (1.0, 1.0, 1.0), (1.0, -1.0, -1.0), (1.0, 1.0, 1.0)) -2.272045612335205
82 ((1.0, 1.0, 1.0), (1.0, 1.0, 1.0), (1.0, 1.0, 1.0), (1.0, -1.0, -1.0), (1.0, 1.0, 1.0), (-1.0, 1.0, 1.0)) -2.0730862617492676
83 ((1.0, 1.0, 1.0), (1.0, 1.0, 1.0), (1.0, 1.0, 1.0), (1.0, -1.0, -1.0), (1.0, 1.0, 1.0), (-1.0, 1.0, 1.0), (1.0, 1.0, 1.0)) -2.5735578536987305
84 ((1.0, 1.0, 1.0), (1.0, 1.0, 1.0), (1.0, 1.0, 1.0), (1.0, -1.0, -1.0), (1.0, 1.0, 1.0), (1.0, -1.0, -1.0)) -2.0696001052856445
85 ((1.0, 1.0, 1.0), (1.0, 1.0, 1.0), (1.0, 1.0, 1.0), (1.0, -1.0, -1.0), (1.0, -1.0, -1.0)) -2.133263111114502
86 ((1.0, 1.0, 1.0), (1.0, 1.0, 1.0), (1.0, 1.0, 1.0), (1.0, -1.0, -1.0), (1.0, -1.0, -1.0), (1.0, 1.0, 1.0)) -2.869575023651123
87 ((1.0, 1.0, 1.0), (1.0, 1.0, 1.0), (1.0, 1.0, 1.0), (1.0, -1.0, -1.0), (1.0, -1.0, -1.0), (1.0, 1.0, 1.0), (-1.0, 1.0, 1.0)) -2.5014946460723877
88 ((1.0, 1.0, 1.0), (1.0, -1.0, -1.0), (1.0, 1.0, 1.0), (1.0, -1.0, -1.0), (1.0, -1.0, -1.0), (1.0, 1.0, 1.0), (1.0, 1.0, 1.0)) -2.1573705673217773
89 ((1.0, 1.0, 1.0), (1.0, 1.0, 1.0), (1.0, 1.0, 1.0), (1.0, 1.0, 1.0), (1.0, -1.0, -1.0)) -2.1259899139404297
90 ((1.0, 1.0, 1.0), (1.0, 1.0, 1.0), (1.0, 1.0, 1.0), (1.0, 1.0, 1.0), (1.0, -1.0, -1.0), (1.0, 1.0, 1.0)) -2.2525408267974854
91 ((1.0, 1.0, 1.0), (1.0, 1.0, 1.0), (1.0, 1.0, 1.0), (1.0, 1.0, 1.0), (1.0, -1.0, -1.0), (1.0, 1.0, 1.0), (1.0, 1.0, 1.0)) -2.635756254196167
Contact sequence search time: 303.68526039100107
No contact sequence found
['turn', 'turn', 'thumb_middle']
7 turn
Sampling time 3.4330729930006783
Solve time for step 31.910122394561768
Solve time for step 7.198574781417847
Solve time for step 6.754087924957275
Solve time for step 6.232487678527832
Solve time for step 6.007125377655029
Solve time for step 5.621919870376587
Solve time for step 5.351978778839111
Solve time for step 5.510169982910156
Solve time for step 5.3535315990448
Solve time for step 5.61560583114624
Solve time for step 5.519942760467529
Solve time for step 5.565575122833252
csvgd, Average time per step: 0.0
{}
[ models/temporal ] Channel dimensions: [(37, 128), (128, 256), (256, 512)]
[ models/temporal ] Channel dimensions: [(37, 128), (128, 256), (256, 512)]
[ models/temporal ] Channel dimensions: [(37, 128), (128, 256), (256, 512)]
Loaded trajectory sampler
Current yaw: tensor(-0.0518, device='cuda:0')
0 pregrasp
Current yaw: tensor(-0.0566, device='cuda:0')
Adjusting goal to tensor(-1.1038, device='cuda:0')
1 () -0.056601155549287796
2 () -0.056601155549287796
3 ((1.0, 1.0, 1.0),) -0.431449294090271
4 ((1.0, 1.0, 1.0), (1.0, 1.0, 1.0)) -1.1896474361419678
Contact sequence search time: 7.644925870001316
['turn', 'turn']
1 turn
Solve time for step 30.76299738883972
Solve time for step 7.311288833618164
Solve time for step 6.8828654289245605
Solve time for step 6.943572998046875
Solve time for step 6.004221200942993
Solve time for step 5.405340909957886
Solve time for step 5.403143644332886
Solve time for step 5.3355793952941895
Solve time for step 5.154213905334473
Solve time for step 5.180981397628784
Solve time for step 4.90836763381958
Solve time for step 4.992237329483032
Current yaw: tensor(-0.5823, device='cuda:0')
Adjusting goal to tensor(-1.6295, device='cuda:0')
1 ((1.0, 1.0, 1.0),) -0.5822677612304688
2 ((1.0, 1.0, 1.0),) -0.5822677612304688
3 ((1.0, 1.0, 1.0), (1.0, -1.0, -1.0)) -0.5940278172492981
4 ((1.0, 1.0, 1.0), (1.0, -1.0, -1.0), (1.0, -1.0, -1.0)) -1.2163251638412476
5 ((1.0, 1.0, 1.0), (1.0, -1.0, -1.0), (1.0, -1.0, -1.0), (-1.0, 1.0, 1.0)) -1.3802480697631836
6 ((1.0, 1.0, 1.0), (1.0, -1.0, -1.0), (1.0, -1.0, -1.0), (-1.0, 1.0, 1.0), (1.0, -1.0, -1.0)) -1.7936882972717285
Contact sequence search time: 14.985400653000397
['thumb_middle', 'thumb_middle', 'index', 'thumb_middle']
2 thumb_middle
Solve time for step 19.78465461730957
Solve time for step 5.204216241836548
Solve time for step 4.7084338665008545
Solve time for step 4.577308893203735
Solve time for step 4.85654878616333
Solve time for step 4.7643022537231445
Solve time for step 4.637834072113037
Solve time for step 4.412417650222778
Solve time for step 4.296405076980591
Solve time for step 4.194562673568726
Solve time for step 4.158923625946045
Solve time for step 4.026364088058472
Current yaw: tensor(-0.5836, device='cuda:0')
Adjusting goal to tensor(-1.6308, device='cuda:0')
1 ((1.0, -1.0, -1.0),) -0.5836148262023926
2 ((1.0, -1.0, -1.0),) -0.5836148262023926
3 ((1.0, -1.0, -1.0), (1.0, 1.0, 1.0)) -0.9761401414871216
4 ((1.0, -1.0, -1.0), (1.0, 1.0, 1.0), (1.0, 1.0, 1.0)) -1.3435781002044678
5 ((1.0, -1.0, -1.0), (1.0, 1.0, 1.0), (1.0, 1.0, 1.0), (-1.0, 1.0, 1.0)) -1.6197900772094727
6 ((1.0, -1.0, -1.0), (1.0, 1.0, 1.0), (1.0, 1.0, 1.0), (1.0, -1.0, -1.0)) -1.8399890661239624
Contact sequence search time: 15.920218230996397
['turn', 'turn', 'thumb_middle']
3 turn
Solve time for step 30.25261902809143
Solve time for step 7.820675373077393
Solve time for step 6.704461336135864
Solve time for step 6.356187105178833
Solve time for step 6.512624025344849
Solve time for step 5.847623586654663
Solve time for step 5.61870551109314
Solve time for step 5.2303385734558105
Solve time for step 5.126746654510498
Solve time for step 5.010302543640137
Solve time for step 4.915080308914185
Solve time for step 4.981892347335815
Current yaw: tensor(-1.0332, device='cuda:0')
Adjusting goal to tensor(-2.0804, device='cuda:0')
1 ((1.0, 1.0, 1.0),) -1.0331624746322632
2 ((1.0, 1.0, 1.0),) -1.0331624746322632
3 ((1.0, 1.0, 1.0), (1.0, -1.0, -1.0)) -1.0426009893417358
4 ((1.0, 1.0, 1.0), (1.0, -1.0, -1.0), (1.0, 1.0, 1.0)) -2.005112648010254
5 ((1.0, 1.0, 1.0), (1.0, -1.0, -1.0), (1.0, 1.0, 1.0), (1.0, -1.0, -1.0)) -2.2517590522766113
Contact sequence search time: 11.432583288995374
['thumb_middle', 'turn', 'thumb_middle']
4 thumb_middle
Solve time for step 19.958728075027466
Solve time for step 5.118947744369507
Solve time for step 4.817556858062744
Solve time for step 4.742294073104858
Solve time for step 4.6161112785339355
Solve time for step 4.653595685958862
Solve time for step 4.36902928352356
Solve time for step 4.46372389793396
Solve time for step 4.545317649841309
Solve time for step 4.365532398223877
Solve time for step 4.322786569595337
Solve time for step 4.47238564491272
Current yaw: tensor(-1.0415, device='cuda:0')
Adjusting goal to tensor(-2.0887, device='cuda:0')
1 ((1.0, -1.0, -1.0),) -1.041528582572937
2 ((1.0, -1.0, -1.0),) -1.041528582572937
3 ((1.0, -1.0, -1.0), (1.0, 1.0, 1.0)) -1.4201462268829346
4 ((1.0, -1.0, -1.0), (1.0, 1.0, 1.0), (1.0, -1.0, -1.0)) -1.5957785844802856
5 ((1.0, -1.0, -1.0), (1.0, 1.0, 1.0), (1.0, -1.0, -1.0), (1.0, 1.0, 1.0)) -2.1275439262390137
Contact sequence search time: 11.334351211997273
['turn', 'thumb_middle', 'turn']
5 turn
Solve time for step 30.38561725616455
Solve time for step 7.1816418170928955
Solve time for step 7.034412384033203
Solve time for step 6.674415588378906
Solve time for step 6.2617104053497314
Solve time for step 5.653780221939087
Solve time for step 5.341235876083374
Solve time for step 5.209437608718872
Solve time for step 4.915619611740112
Solve time for step 5.435616970062256
Solve time for step 5.044371128082275
Solve time for step 5.238949775695801
Current yaw: tensor(-1.5428, device='cuda:0')
Adjusting goal to tensor(-2.5900, device='cuda:0')
1 ((1.0, 1.0, 1.0),) -1.5427695512771606
2 ((1.0, 1.0, 1.0),) -1.5427695512771606
3 ((1.0, 1.0, 1.0), (1.0, 1.0, 1.0)) -1.9381588697433472
4 ((1.0, 1.0, 1.0), (1.0, -1.0, -1.0)) -1.7042075395584106
5 ((1.0, 1.0, 1.0), (1.0, -1.0, -1.0), (1.0, 1.0, 1.0)) -2.171842098236084
6 ((1.0, 1.0, 1.0), (1.0, -1.0, -1.0), (1.0, 1.0, 1.0), (1.0, -1.0, -1.0)) -2.0323572158813477
7 ((1.0, 1.0, 1.0), (1.0, -1.0, -1.0), (1.0, 1.0, 1.0), (1.0, -1.0, -1.0), (1.0, 1.0, 1.0)) -2.3773813247680664
8 ((1.0, 1.0, 1.0), (1.0, -1.0, -1.0), (1.0, 1.0, 1.0), (1.0, -1.0, -1.0), (1.0, 1.0, 1.0), (1.0, -1.0, -1.0)) -2.3284313678741455
9 ((1.0, 1.0, 1.0), (1.0, -1.0, -1.0), (1.0, 1.0, 1.0), (1.0, -1.0, -1.0), (1.0, 1.0, 1.0), (-1.0, 1.0, 1.0)) -2.1411688327789307
10 ((1.0, 1.0, 1.0), (1.0, -1.0, -1.0), (1.0, 1.0, 1.0), (1.0, -1.0, -1.0), (1.0, 1.0, 1.0), (-1.0, 1.0, 1.0), (1.0, 1.0, 1.0)) -2.489410400390625
11 ((1.0, 1.0, 1.0), (1.0, -1.0, -1.0), (1.0, 1.0, 1.0), (1.0, -1.0, -1.0), (1.0, 1.0, 1.0), (-1.0, 1.0, 1.0), (1.0, 1.0, 1.0), (1.0, -1.0, -1.0)) -2.334989547729492
12 ((1.0, 1.0, 1.0), (1.0, -1.0, -1.0), (1.0, 1.0, 1.0), (1.0, 1.0, 1.0)) -2.098968505859375
13 ((1.0, 1.0, 1.0), (1.0, -1.0, -1.0), (1.0, 1.0, 1.0), (1.0, 1.0, 1.0), (1.0, 1.0, 1.0)) -2.4238884449005127
14 ((1.0, 1.0, 1.0), (1.0, 1.0, 1.0), (-1.0, 1.0, 1.0)) -1.9197932481765747
15 ((1.0, 1.0, 1.0), (1.0, 1.0, 1.0), (-1.0, 1.0, 1.0), (1.0, 1.0, 1.0)) -2.2046923637390137
16 ((1.0, 1.0, 1.0), (1.0, 1.0, 1.0), (-1.0, 1.0, 1.0), (1.0, 1.0, 1.0), (1.0, -1.0, -1.0)) -2.110976219177246
17 ((1.0, 1.0, 1.0), (1.0, -1.0, -1.0), (1.0, 1.0, 1.0), (1.0, -1.0, -1.0), (1.0, 1.0, 1.0), (1.0, 1.0, 1.0)) -2.304887533187866
18 ((1.0, 1.0, 1.0), (1.0, 1.0, 1.0), (-1.0, 1.0, 1.0), (1.0, 1.0, 1.0), (1.0, 1.0, 1.0)) -2.260563850402832
19 ((1.0, 1.0, 1.0), (1.0, 1.0, 1.0), (-1.0, 1.0, 1.0), (1.0, 1.0, 1.0), (-1.0, 1.0, 1.0)) -2.050299644470215
20 ((1.0, 1.0, 1.0), (1.0, 1.0, 1.0), (-1.0, 1.0, 1.0), (1.0, 1.0, 1.0), (-1.0, 1.0, 1.0), (1.0, 1.0, 1.0)) -2.33246111869812
21 ((1.0, 1.0, 1.0), (1.0, -1.0, -1.0), (1.0, 1.0, 1.0), (1.0, -1.0, -1.0), (1.0, 1.0, 1.0), (1.0, -1.0, -1.0), (-1.0, 1.0, 1.0)) -2.0906567573547363
22 ((1.0, 1.0, 1.0), (1.0, 1.0, 1.0), (-1.0, 1.0, 1.0), (1.0, 1.0, 1.0), (1.0, -1.0, -1.0), (1.0, -1.0, -1.0)) -2.287961006164551
23 ((1.0, 1.0, 1.0), (1.0, -1.0, -1.0), (1.0, -1.0, -1.0)) -1.8336986303329468
24 ((1.0, 1.0, 1.0), (1.0, -1.0, -1.0), (1.0, -1.0, -1.0), (1.0, 1.0, 1.0)) -2.129668951034546
25 ((1.0, 1.0, 1.0), (1.0, -1.0, -1.0), (1.0, -1.0, -1.0), (1.0, 1.0, 1.0), (-1.0, 1.0, 1.0)) -2.0565507411956787
26 ((1.0, 1.0, 1.0), (1.0, -1.0, -1.0), (1.0, -1.0, -1.0), (1.0, 1.0, 1.0), (-1.0, 1.0, 1.0), (1.0, 1.0, 1.0)) -2.378621816635132
27 ((1.0, 1.0, 1.0), (1.0, -1.0, -1.0), (1.0, -1.0, -1.0), (1.0, 1.0, 1.0), (-1.0, 1.0, 1.0), (1.0, 1.0, 1.0), (-1.0, 1.0, 1.0)) -2.2160236835479736
28 ((1.0, 1.0, 1.0), (1.0, -1.0, -1.0), (1.0, 1.0, 1.0), (1.0, 1.0, 1.0), (1.0, -1.0, -1.0)) -2.006481409072876
29 ((1.0, 1.0, 1.0), (1.0, -1.0, -1.0), (1.0, 1.0, 1.0), (1.0, 1.0, 1.0), (1.0, -1.0, -1.0), (1.0, 1.0, 1.0)) -2.1476311683654785
30 ((1.0, 1.0, 1.0), (1.0, 1.0, 1.0), (1.0, -1.0, -1.0)) -1.8244366645812988
31 ((1.0, 1.0, 1.0), (1.0, 1.0, 1.0), (1.0, -1.0, -1.0), (1.0, 1.0, 1.0)) -2.0140109062194824
32 ((1.0, 1.0, 1.0), (1.0, 1.0, 1.0), (1.0, -1.0, -1.0), (1.0, 1.0, 1.0), (1.0, 1.0, 1.0)) -2.445547103881836
33 ((1.0, 1.0, 1.0), (1.0, 1.0, 1.0), (-1.0, 1.0, 1.0), (1.0, -1.0, -1.0)) -1.907188057899475
34 ((1.0, 1.0, 1.0), (1.0, 1.0, 1.0), (-1.0, 1.0, 1.0), (1.0, 1.0, 1.0), (1.0, -1.0, -1.0), (1.0, 1.0, 1.0)) -2.148409843444824
35 ((1.0, 1.0, 1.0), (1.0, 1.0, 1.0), (-1.0, 1.0, 1.0), (1.0, 1.0, 1.0), (1.0, -1.0, -1.0), (1.0, 1.0, 1.0), (1.0, -1.0, -1.0)) -2.402560234069824
36 ((1.0, 1.0, 1.0), (-1.0, 1.0, 1.0)) -1.5643471479415894
37 ((1.0, 1.0, 1.0), (-1.0, 1.0, 1.0), (-1.0, 1.0, 1.0)) -2.2133662700653076
38 ((1.0, 1.0, 1.0), (-1.0, 1.0, 1.0), (-1.0, 1.0, 1.0), (1.0, 1.0, 1.0)) -2.2019011974334717
39 ((1.0, 1.0, 1.0), (-1.0, 1.0, 1.0), (-1.0, 1.0, 1.0), (1.0, 1.0, 1.0), (-1.0, 1.0, 1.0)) -2.276233196258545
40 ((1.0, 1.0, 1.0), (-1.0, 1.0, 1.0), (1.0, 1.0, 1.0)) -1.8475912809371948
41 ((1.0, 1.0, 1.0), (-1.0, 1.0, 1.0), (1.0, 1.0, 1.0), (1.0, -1.0, -1.0)) -2.0606186389923096
42 ((1.0, 1.0, 1.0), (-1.0, 1.0, 1.0), (1.0, 1.0, 1.0), (1.0, -1.0, -1.0), (1.0, 1.0, 1.0)) -2.415975570678711
43 ((1.0, 1.0, 1.0), (-1.0, 1.0, 1.0), (1.0, 1.0, 1.0), (1.0, -1.0, -1.0), (1.0, 1.0, 1.0), (-1.0, 1.0, 1.0)) -2.3348889350891113
44 ((1.0, 1.0, 1.0), (-1.0, 1.0, 1.0), (1.0, 1.0, 1.0), (1.0, -1.0, -1.0), (1.0, 1.0, 1.0), (-1.0, 1.0, 1.0), (1.0, 1.0, 1.0)) -2.471203327178955
45 ((1.0, 1.0, 1.0), (-1.0, 1.0, 1.0), (1.0, 1.0, 1.0), (1.0, -1.0, -1.0), (1.0, 1.0, 1.0), (-1.0, 1.0, 1.0), (1.0, 1.0, 1.0), (-1.0, 1.0, 1.0)) -2.2917909622192383
46 ((1.0, 1.0, 1.0), (-1.0, 1.0, 1.0), (1.0, 1.0, 1.0), (1.0, -1.0, -1.0), (1.0, 1.0, 1.0), (1.0, -1.0, -1.0)) -2.085906982421875
47 ((1.0, 1.0, 1.0), (-1.0, 1.0, 1.0), (1.0, 1.0, 1.0), (1.0, -1.0, -1.0), (1.0, 1.0, 1.0), (1.0, -1.0, -1.0), (1.0, 1.0, 1.0)) -2.253413677215576
48 ((1.0, 1.0, 1.0), (-1.0, 1.0, 1.0), (1.0, 1.0, 1.0), (1.0, -1.0, -1.0), (1.0, 1.0, 1.0), (-1.0, 1.0, 1.0), (1.0, 1.0, 1.0), (1.0, 1.0, 1.0)) -2.4953858852386475
49 ((1.0, 1.0, 1.0), (-1.0, 1.0, 1.0), (-1.0, 1.0, 1.0), (1.0, -1.0, -1.0)) -2.0359883308410645
50 ((1.0, 1.0, 1.0), (-1.0, 1.0, 1.0), (1.0, -1.0, -1.0)) -1.7615907192230225
51 ((1.0, 1.0, 1.0), (-1.0, 1.0, 1.0), (1.0, -1.0, -1.0), (1.0, 1.0, 1.0)) -2.1471211910247803
52 ((1.0, 1.0, 1.0), (-1.0, 1.0, 1.0), (1.0, -1.0, -1.0), (1.0, 1.0, 1.0), (1.0, -1.0, -1.0)) -2.0392959117889404
53 ((1.0, 1.0, 1.0), (-1.0, 1.0, 1.0), (1.0, -1.0, -1.0), (1.0, 1.0, 1.0), (1.0, -1.0, -1.0), (1.0, 1.0, 1.0)) -2.34342098236084
54 ((1.0, 1.0, 1.0), (-1.0, 1.0, 1.0), (1.0, -1.0, -1.0), (1.0, 1.0, 1.0), (1.0, 1.0, 1.0)) -2.210479497909546
55 ((1.0, 1.0, 1.0), (-1.0, 1.0, 1.0), (1.0, -1.0, -1.0), (1.0, 1.0, 1.0), (1.0, -1.0, -1.0), (1.0, 1.0, 1.0), (-1.0, 1.0, 1.0)) -2.1416385173797607
56 ((1.0, 1.0, 1.0), (-1.0, 1.0, 1.0), (1.0, -1.0, -1.0), (1.0, 1.0, 1.0), (1.0, -1.0, -1.0), (1.0, 1.0, 1.0), (-1.0, 1.0, 1.0), (1.0, 1.0, 1.0)) -2.296949625015259
57 ((1.0, 1.0, 1.0), (-1.0, 1.0, 1.0), (1.0, -1.0, -1.0), (1.0, 1.0, 1.0), (1.0, -1.0, -1.0), (-1.0, 1.0, 1.0)) -2.0223631858825684
58 ((1.0, 1.0, 1.0), (-1.0, 1.0, 1.0), (1.0, -1.0, -1.0), (1.0, 1.0, 1.0), (1.0, -1.0, -1.0), (1.0, 1.0, 1.0), (-1.0, 1.0, 1.0), (1.0, -1.0, -1.0)) -2.2007222175598145
59 ((1.0, 1.0, 1.0), (-1.0, 1.0, 1.0), (1.0, -1.0, -1.0), (1.0, 1.0, 1.0), (1.0, 1.0, 1.0), (1.0, -1.0, -1.0)) -2.184690237045288
60 ((1.0, 1.0, 1.0), (-1.0, 1.0, 1.0), (1.0, -1.0, -1.0), (1.0, 1.0, 1.0), (1.0, -1.0, -1.0), (1.0, -1.0, -1.0)) -2.1744606494903564
61 ((1.0, 1.0, 1.0), (-1.0, 1.0, 1.0), (1.0, 1.0, 1.0), (1.0, -1.0, -1.0), (1.0, 1.0, 1.0), (1.0, -1.0, -1.0), (1.0, 1.0, 1.0), (1.0, 1.0, 1.0)) -2.347764253616333
62 ((1.0, 1.0, 1.0), (-1.0, 1.0, 1.0), (-1.0, 1.0, 1.0), (1.0, 1.0, 1.0), (-1.0, 1.0, 1.0), (1.0, -1.0, -1.0)) -2.1315760612487793
63 ((1.0, 1.0, 1.0), (-1.0, 1.0, 1.0), (1.0, -1.0, -1.0), (1.0, 1.0, 1.0), (1.0, -1.0, -1.0), (-1.0, 1.0, 1.0), (1.0, 1.0, 1.0)) -2.0432353019714355
64 ((1.0, 1.0, 1.0), (-1.0, 1.0, 1.0), (1.0, 1.0, 1.0), (1.0, -1.0, -1.0), (1.0, 1.0, 1.0), (1.0, -1.0, -1.0), (-1.0, 1.0, 1.0)) -2.012498378753662
65 ((1.0, 1.0, 1.0), (-1.0, 1.0, 1.0), (1.0, 1.0, 1.0), (1.0, -1.0, -1.0), (1.0, 1.0, 1.0), (1.0, -1.0, -1.0), (-1.0, 1.0, 1.0), (-1.0, 1.0, 1.0)) -2.2992255687713623
66 ((1.0, 1.0, 1.0), (-1.0, 1.0, 1.0), (1.0, 1.0, 1.0), (1.0, -1.0, -1.0), (-1.0, 1.0, 1.0)) -1.833587884902954
67 ((1.0, 1.0, 1.0), (-1.0, 1.0, 1.0), (1.0, 1.0, 1.0), (1.0, -1.0, -1.0), (-1.0, 1.0, 1.0), (1.0, 1.0, 1.0)) -2.359252452850342
68 ((1.0, 1.0, 1.0), (-1.0, 1.0, 1.0), (1.0, 1.0, 1.0), (1.0, -1.0, -1.0), (-1.0, 1.0, 1.0), (1.0, 1.0, 1.0), (-1.0, 1.0, 1.0)) -2.087984085083008
69 ((1.0, 1.0, 1.0), (-1.0, 1.0, 1.0), (1.0, 1.0, 1.0), (1.0, -1.0, -1.0), (-1.0, 1.0, 1.0), (1.0, 1.0, 1.0), (-1.0, 1.0, 1.0), (1.0, 1.0, 1.0)) -2.225405693054199
70 ((1.0, 1.0, 1.0), (1.0, 1.0, 1.0), (1.0, -1.0, -1.0), (1.0, 1.0, 1.0), (1.0, -1.0, -1.0)) -1.9872967004776
71 ((1.0, 1.0, 1.0), (1.0, 1.0, 1.0), (1.0, -1.0, -1.0), (1.0, 1.0, 1.0), (1.0, -1.0, -1.0), (1.0, 1.0, 1.0)) -2.318976640701294
72 ((1.0, 1.0, 1.0), (1.0, 1.0, 1.0), (1.0, -1.0, -1.0), (1.0, 1.0, 1.0), (1.0, -1.0, -1.0), (1.0, 1.0, 1.0), (-1.0, 1.0, 1.0)) -2.819516897201538
Contact sequence search time: 237.40739221499825
['turn', 'thumb_middle', 'turn', 'thumb_middle', 'turn', 'index']
6 turn
Solve time for step 30.155810117721558
Solve time for step 7.079685926437378
Solve time for step 6.486154317855835
Solve time for step 6.156653881072998
Solve time for step 6.230554103851318
Solve time for step 5.950968027114868
Solve time for step 5.4851202964782715
Solve time for step 5.397391080856323
Solve time for step 5.128252744674683
Solve time for step 5.471090793609619
Solve time for step 4.826464891433716
Solve time for step 4.539535760879517
Current yaw: tensor(-1.6890, device='cuda:0')
Adjusting goal to tensor(-2.7362, device='cuda:0')
1 ((1.0, 1.0, 1.0),) -1.6889781951904297
2 ((1.0, 1.0, 1.0),) -1.6889781951904297
3 ((1.0, 1.0, 1.0), (1.0, -1.0, -1.0)) -1.660804271697998
4 ((1.0, 1.0, 1.0), (1.0, -1.0, -1.0), (1.0, 1.0, 1.0)) -2.5288469791412354
5 ((1.0, 1.0, 1.0), (1.0, -1.0, -1.0), (1.0, 1.0, 1.0), (-1.0, 1.0, 1.0)) -2.1098029613494873
6 ((1.0, 1.0, 1.0), (1.0, -1.0, -1.0), (1.0, 1.0, 1.0), (-1.0, 1.0, 1.0), (1.0, 1.0, 1.0)) -2.327169895172119
7 ((1.0, 1.0, 1.0), (1.0, -1.0, -1.0), (1.0, 1.0, 1.0), (-1.0, 1.0, 1.0), (1.0, 1.0, 1.0), (-1.0, 1.0, 1.0)) -2.1042652130126953
8 ((1.0, 1.0, 1.0), (1.0, -1.0, -1.0), (1.0, 1.0, 1.0), (-1.0, 1.0, 1.0), (1.0, 1.0, 1.0), (-1.0, 1.0, 1.0), (1.0, 1.0, 1.0)) -2.5207598209381104
9 ((1.0, 1.0, 1.0), (1.0, -1.0, -1.0), (1.0, 1.0, 1.0), (-1.0, 1.0, 1.0), (1.0, -1.0, -1.0)) -1.944498896598816
10 ((1.0, 1.0, 1.0), (1.0, -1.0, -1.0), (1.0, 1.0, 1.0), (-1.0, 1.0, 1.0), (1.0, 1.0, 1.0), (-1.0, 1.0, 1.0), (1.0, -1.0, -1.0)) -2.0624704360961914
11 ((1.0, 1.0, 1.0), (1.0, -1.0, -1.0), (1.0, 1.0, 1.0), (-1.0, 1.0, 1.0), (1.0, 1.0, 1.0), (-1.0, 1.0, 1.0), (1.0, -1.0, -1.0), (1.0, 1.0, 1.0)) -2.4574997425079346
12 ((1.0, 1.0, 1.0), (1.0, -1.0, -1.0), (1.0, 1.0, 1.0), (-1.0, 1.0, 1.0), (1.0, 1.0, 1.0), (-1.0, 1.0, 1.0), (1.0, 1.0, 1.0), (1.0, -1.0, -1.0)) -2.1118969917297363
13 ((1.0, 1.0, 1.0), (1.0, -1.0, -1.0), (1.0, 1.0, 1.0), (-1.0, 1.0, 1.0), (1.0, 1.0, 1.0), (-1.0, 1.0, 1.0), (1.0, 1.0, 1.0), (-1.0, 1.0, 1.0)) -2.0809247493743896
14 ((1.0, 1.0, 1.0), (1.0, -1.0, -1.0), (-1.0, 1.0, 1.0)) -1.6257045269012451
15 ((1.0, 1.0, 1.0), (1.0, -1.0, -1.0), (-1.0, 1.0, 1.0), (1.0, 1.0, 1.0)) -1.774856448173523
16 ((1.0, 1.0, 1.0), (1.0, -1.0, -1.0), (-1.0, 1.0, 1.0), (1.0, 1.0, 1.0), (1.0, 1.0, 1.0)) -1.981183409690857
17 ((1.0, 1.0, 1.0), (1.0, -1.0, -1.0), (-1.0, 1.0, 1.0), (1.0, 1.0, 1.0), (-1.0, 1.0, 1.0)) -1.784700632095337
18 ((1.0, 1.0, 1.0), (1.0, -1.0, -1.0), (-1.0, 1.0, 1.0), (1.0, 1.0, 1.0), (-1.0, 1.0, 1.0), (1.0, 1.0, 1.0)) -2.1667439937591553
19 ((1.0, 1.0, 1.0), (1.0, -1.0, -1.0), (-1.0, 1.0, 1.0), (1.0, 1.0, 1.0), (-1.0, 1.0, 1.0), (1.0, 1.0, 1.0), (1.0, -1.0, -1.0)) -2.1097469329833984
20 ((1.0, 1.0, 1.0), (1.0, -1.0, -1.0), (-1.0, 1.0, 1.0), (1.0, 1.0, 1.0), (-1.0, 1.0, 1.0), (1.0, 1.0, 1.0), (1.0, -1.0, -1.0), (1.0, 1.0, 1.0)) -2.3365485668182373
21 ((1.0, 1.0, 1.0), (1.0, -1.0, -1.0), (1.0, 1.0, 1.0), (-1.0, 1.0, 1.0), (1.0, 1.0, 1.0), (1.0, -1.0, -1.0)) -1.8515822887420654
22 ((1.0, 1.0, 1.0), (1.0, -1.0, -1.0), (1.0, 1.0, 1.0), (-1.0, 1.0, 1.0), (1.0, 1.0, 1.0), (1.0, -1.0, -1.0), (1.0, 1.0, 1.0)) -2.290165424346924
23 ((1.0, 1.0, 1.0), (1.0, -1.0, -1.0), (1.0, 1.0, 1.0), (-1.0, 1.0, 1.0), (1.0, -1.0, -1.0), (-1.0, 1.0, 1.0)) -1.8391952514648438
24 ((1.0, 1.0, 1.0), (1.0, -1.0, -1.0), (1.0, 1.0, 1.0), (-1.0, 1.0, 1.0), (1.0, -1.0, -1.0), (-1.0, 1.0, 1.0), (1.0, 1.0, 1.0)) -2.133413791656494
25 ((1.0, 1.0, 1.0), (1.0, -1.0, -1.0), (1.0, 1.0, 1.0), (-1.0, 1.0, 1.0), (1.0, -1.0, -1.0), (-1.0, 1.0, 1.0), (1.0, 1.0, 1.0), (1.0, 1.0, 1.0)) -2.6319499015808105
26 ((1.0, 1.0, 1.0), (1.0, -1.0, -1.0), (-1.0, 1.0, 1.0), (1.0, 1.0, 1.0), (1.0, -1.0, -1.0)) -1.7562931776046753
27 ((1.0, 1.0, 1.0), (1.0, -1.0, -1.0), (-1.0, 1.0, 1.0), (1.0, 1.0, 1.0), (1.0, -1.0, -1.0), (1.0, -1.0, -1.0)) -2.003713369369507
28 ((1.0, 1.0, 1.0), (1.0, -1.0, -1.0), (-1.0, 1.0, 1.0), (1.0, 1.0, 1.0), (-1.0, 1.0, 1.0), (1.0, 1.0, 1.0), (1.0, 1.0, 1.0)) -2.0926194190979004
29 ((1.0, 1.0, 1.0), (1.0, -1.0, -1.0), (1.0, 1.0, 1.0), (-1.0, 1.0, 1.0), (1.0, 1.0, 1.0), (1.0, -1.0, -1.0), (1.0, 1.0, 1.0), (1.0, -1.0, -1.0)) -1.9965598583221436
30 ((1.0, 1.0, 1.0), (1.0, -1.0, -1.0), (-1.0, 1.0, 1.0), (1.0, 1.0, 1.0), (-1.0, 1.0, 1.0), (1.0, -1.0, -1.0)) -1.7973759174346924
31 ((1.0, 1.0, 1.0), (1.0, -1.0, -1.0), (-1.0, 1.0, 1.0), (1.0, 1.0, 1.0), (-1.0, 1.0, 1.0), (1.0, -1.0, -1.0), (1.0, 1.0, 1.0)) -2.4238173961639404
32 ((1.0, 1.0, 1.0), (1.0, -1.0, -1.0), (-1.0, 1.0, 1.0), (1.0, 1.0, 1.0), (-1.0, 1.0, 1.0), (1.0, -1.0, -1.0), (1.0, 1.0, 1.0), (1.0, -1.0, -1.0)) -2.319939374923706
33 ((1.0, 1.0, 1.0), (1.0, -1.0, -1.0), (-1.0, 1.0, 1.0), (1.0, 1.0, 1.0), (-1.0, 1.0, 1.0), (1.0, -1.0, -1.0), (1.0, 1.0, 1.0), (1.0, 1.0, 1.0)) -2.407512664794922
34 ((1.0, 1.0, 1.0), (1.0, -1.0, -1.0), (-1.0, 1.0, 1.0), (1.0, 1.0, 1.0), (-1.0, 1.0, 1.0), (1.0, -1.0, -1.0), (1.0, 1.0, 1.0), (-1.0, 1.0, 1.0)) -2.114220380783081
35 ((1.0, 1.0, 1.0), (1.0, -1.0, -1.0), (1.0, -1.0, -1.0)) -1.6990869045257568
36 ((1.0, 1.0, 1.0), (1.0, -1.0, -1.0), (1.0, -1.0, -1.0), (1.0, 1.0, 1.0)) -2.048351287841797
37 ((1.0, 1.0, 1.0), (1.0, -1.0, -1.0), (1.0, -1.0, -1.0), (1.0, 1.0, 1.0), (1.0, -1.0, -1.0)) -1.8823819160461426
38 ((1.0, 1.0, 1.0), (1.0, 1.0, 1.0)) -1.6333402395248413
39 ((1.0, 1.0, 1.0), (1.0, 1.0, 1.0), (-1.0, 1.0, 1.0)) -1.791239619255066
40 ((1.0, 1.0, 1.0), (1.0, 1.0, 1.0), (-1.0, 1.0, 1.0), (1.0, 1.0, 1.0)) -2.0660133361816406
41 ((1.0, 1.0, 1.0), (1.0, 1.0, 1.0), (-1.0, 1.0, 1.0), (1.0, 1.0, 1.0), (1.0, -1.0, -1.0)) -2.273308038711548
42 ((1.0, 1.0, 1.0), (1.0, 1.0, 1.0), (-1.0, 1.0, 1.0), (1.0, 1.0, 1.0), (1.0, 1.0, 1.0)) -2.3286900520324707
43 ((1.0, 1.0, 1.0), (1.0, 1.0, 1.0), (-1.0, 1.0, 1.0), (1.0, 1.0, 1.0), (1.0, -1.0, -1.0), (-1.0, 1.0, 1.0)) -1.9674263000488281
44 ((1.0, 1.0, 1.0), (1.0, 1.0, 1.0), (-1.0, 1.0, 1.0), (1.0, 1.0, 1.0), (1.0, -1.0, -1.0), (-1.0, 1.0, 1.0), (1.0, 1.0, 1.0)) -2.21915340423584
45 ((1.0, 1.0, 1.0), (1.0, 1.0, 1.0), (-1.0, 1.0, 1.0), (1.0, 1.0, 1.0), (1.0, -1.0, -1.0), (-1.0, 1.0, 1.0), (1.0, 1.0, 1.0), (-1.0, 1.0, 1.0)) -2.1864013671875
46 ((1.0, 1.0, 1.0), (1.0, -1.0, -1.0), (1.0, -1.0, -1.0), (1.0, 1.0, 1.0), (1.0, -1.0, -1.0), (1.0, 1.0, 1.0)) -1.9670684337615967
47 ((1.0, 1.0, 1.0), (1.0, -1.0, -1.0), (1.0, 1.0, 1.0), (-1.0, 1.0, 1.0), (1.0, 1.0, 1.0), (1.0, -1.0, -1.0), (1.0, 1.0, 1.0), (-1.0, 1.0, 1.0)) -1.9489147663116455
48 ((1.0, 1.0, 1.0), (1.0, -1.0, -1.0), (1.0, -1.0, -1.0), (1.0, 1.0, 1.0), (1.0, -1.0, -1.0), (1.0, 1.0, 1.0), (1.0, 1.0, 1.0)) -2.1880693435668945
49 ((1.0, 1.0, 1.0), (1.0, 1.0, 1.0), (-1.0, 1.0, 1.0), (1.0, 1.0, 1.0), (1.0, -1.0, -1.0), (-1.0, 1.0, 1.0), (1.0, -1.0, -1.0)) -2.020878314971924
50 ((1.0, 1.0, 1.0), (1.0, -1.0, -1.0), (1.0, 1.0, 1.0), (-1.0, 1.0, 1.0), (1.0, 1.0, 1.0), (-1.0, 1.0, 1.0), (1.0, -1.0, -1.0), (1.0, -1.0, -1.0)) -2.095989465713501
51 ((1.0, 1.0, 1.0), (1.0, -1.0, -1.0), (1.0, 1.0, 1.0), (-1.0, 1.0, 1.0), (1.0, -1.0, -1.0), (-1.0, 1.0, 1.0), (1.0, 1.0, 1.0), (1.0, -1.0, -1.0)) -1.9285030364990234
52 ((1.0, 1.0, 1.0), (1.0, -1.0, -1.0), (1.0, 1.0, 1.0), (-1.0, 1.0, 1.0), (1.0, 1.0, 1.0), (-1.0, 1.0, 1.0), (1.0, 1.0, 1.0), (1.0, 1.0, 1.0)) -2.162912607192993
53 ((1.0, 1.0, 1.0), (1.0, -1.0, -1.0), (-1.0, 1.0, 1.0), (1.0, 1.0, 1.0), (-1.0, 1.0, 1.0), (1.0, 1.0, 1.0), (-1.0, 1.0, 1.0)) -1.82574462890625
54 ((1.0, 1.0, 1.0), (1.0, -1.0, -1.0), (-1.0, 1.0, 1.0), (1.0, 1.0, 1.0), (-1.0, 1.0, 1.0), (1.0, 1.0, 1.0), (-1.0, 1.0, 1.0), (1.0, 1.0, 1.0)) -1.9811266660690308
55 ((1.0, 1.0, 1.0), (1.0, -1.0, -1.0), (-1.0, 1.0, 1.0), (1.0, 1.0, 1.0), (-1.0, 1.0, 1.0), (1.0, 1.0, 1.0), (-1.0, 1.0, 1.0), (1.0, -1.0, -1.0)) -1.9671905040740967
56 ((1.0, 1.0, 1.0), (1.0, -1.0, -1.0), (-1.0, 1.0, 1.0), (1.0, 1.0, 1.0), (1.0, 1.0, 1.0), (1.0, 1.0, 1.0)) -2.0652284622192383
57 ((1.0, 1.0, 1.0), (1.0, -1.0, -1.0), (1.0, 1.0, 1.0), (-1.0, 1.0, 1.0), (-1.0, 1.0, 1.0)) -1.8033300638198853
58 ((1.0, 1.0, 1.0), (1.0, -1.0, -1.0), (1.0, 1.0, 1.0), (-1.0, 1.0, 1.0), (-1.0, 1.0, 1.0), (1.0, 1.0, 1.0)) -2.1077024936676025
59 ((1.0, 1.0, 1.0), (1.0, -1.0, -1.0), (1.0, 1.0, 1.0), (-1.0, 1.0, 1.0), (-1.0, 1.0, 1.0), (1.0, 1.0, 1.0), (1.0, 1.0, 1.0)) -2.558741807937622
60 ((1.0, 1.0, 1.0), (1.0, -1.0, -1.0), (1.0, 1.0, 1.0), (-1.0, 1.0, 1.0), (-1.0, 1.0, 1.0), (1.0, 1.0, 1.0), (1.0, -1.0, -1.0)) -2.00380539894104
61 ((1.0, 1.0, 1.0), (1.0, -1.0, -1.0), (1.0, 1.0, 1.0), (-1.0, 1.0, 1.0), (-1.0, 1.0, 1.0), (1.0, 1.0, 1.0), (1.0, -1.0, -1.0), (-1.0, 1.0, 1.0)) -2.0972084999084473
62 ((1.0, 1.0, 1.0), (1.0, -1.0, -1.0), (-1.0, 1.0, 1.0), (1.0, 1.0, 1.0), (1.0, 1.0, 1.0), (-1.0, 1.0, 1.0)) -1.8964440822601318
63 ((1.0, 1.0, 1.0), (1.0, -1.0, -1.0), (1.0, 1.0, 1.0), (-1.0, 1.0, 1.0), (1.0, -1.0, -1.0), (-1.0, 1.0, 1.0), (1.0, 1.0, 1.0), (-1.0, 1.0, 1.0)) -1.8983383178710938
64 ((1.0, 1.0, 1.0), (1.0, 1.0, 1.0), (-1.0, 1.0, 1.0), (1.0, 1.0, 1.0), (1.0, 1.0, 1.0), (1.0, -1.0, -1.0)) -2.042921781539917
65 ((1.0, 1.0, 1.0), (1.0, -1.0, -1.0), (1.0, 1.0, 1.0), (-1.0, 1.0, 1.0), (1.0, 1.0, 1.0), (-1.0, 1.0, 1.0), (-1.0, 1.0, 1.0)) -1.9674853086471558
66 ((1.0, 1.0, 1.0), (1.0, -1.0, -1.0), (1.0, 1.0, 1.0), (-1.0, 1.0, 1.0), (1.0, 1.0, 1.0), (-1.0, 1.0, 1.0), (-1.0, 1.0, 1.0), (1.0, 1.0, 1.0)) -2.141608238220215
67 ((1.0, 1.0, 1.0), (1.0, 1.0, 1.0), (-1.0, 1.0, 1.0), (1.0, 1.0, 1.0), (-1.0, 1.0, 1.0)) -1.7951185703277588
68 ((1.0, 1.0, 1.0), (1.0, -1.0, -1.0), (1.0, 1.0, 1.0), (-1.0, 1.0, 1.0), (-1.0, 1.0, 1.0), (1.0, 1.0, 1.0), (-1.0, 1.0, 1.0)) -1.9558848142623901
69 ((1.0, 1.0, 1.0), (1.0, -1.0, -1.0), (1.0, 1.0, 1.0), (-1.0, 1.0, 1.0), (-1.0, 1.0, 1.0), (1.0, 1.0, 1.0), (-1.0, 1.0, 1.0), (1.0, 1.0, 1.0)) -2.328697681427002
70 ((1.0, 1.0, 1.0), (1.0, -1.0, -1.0), (1.0, 1.0, 1.0), (-1.0, 1.0, 1.0), (-1.0, 1.0, 1.0), (1.0, 1.0, 1.0), (1.0, 1.0, 1.0), (1.0, 1.0, 1.0)) -2.43044376373291
71 ((1.0, 1.0, 1.0), (1.0, -1.0, -1.0), (1.0, 1.0, 1.0), (-1.0, 1.0, 1.0), (-1.0, 1.0, 1.0), (1.0, 1.0, 1.0), (1.0, 1.0, 1.0), (-1.0, 1.0, 1.0)) -2.204111099243164
72 ((1.0, 1.0, 1.0), (1.0, -1.0, -1.0), (1.0, 1.0, 1.0), (-1.0, 1.0, 1.0), (1.0, -1.0, -1.0), (-1.0, 1.0, 1.0), (1.0, -1.0, -1.0)) -1.782196044921875
73 ((1.0, 1.0, 1.0), (1.0, -1.0, -1.0), (1.0, 1.0, 1.0), (-1.0, 1.0, 1.0), (1.0, -1.0, -1.0), (-1.0, 1.0, 1.0), (1.0, -1.0, -1.0), (1.0, 1.0, 1.0)) -1.986842155456543
74 ((1.0, 1.0, 1.0), (1.0, -1.0, -1.0), (-1.0, 1.0, 1.0), (1.0, -1.0, -1.0)) -1.5124711990356445
75 ((1.0, 1.0, 1.0), (1.0, -1.0, -1.0), (1.0, -1.0, -1.0), (1.0, 1.0, 1.0), (-1.0, 1.0, 1.0)) -1.7372177839279175
76 ((1.0, 1.0, 1.0), (1.0, -1.0, -1.0), (1.0, -1.0, -1.0), (1.0, 1.0, 1.0), (-1.0, 1.0, 1.0), (1.0, 1.0, 1.0)) -1.9924720525741577
77 ((1.0, 1.0, 1.0), (1.0, -1.0, -1.0), (1.0, -1.0, -1.0), (1.0, 1.0, 1.0), (-1.0, 1.0, 1.0), (1.0, 1.0, 1.0), (1.0, -1.0, -1.0)) -1.9330915212631226
78 ((1.0, 1.0, 1.0), (1.0, -1.0, -1.0), (-1.0, 1.0, 1.0), (1.0, 1.0, 1.0), (-1.0, 1.0, 1.0), (1.0, 1.0, 1.0), (1.0, -1.0, -1.0), (-1.0, 1.0, 1.0)) -1.8232355117797852
79 ((1.0, 1.0, 1.0), (1.0, 1.0, 1.0), (-1.0, 1.0, 1.0), (1.0, 1.0, 1.0), (1.0, -1.0, -1.0), (-1.0, 1.0, 1.0), (1.0, 1.0, 1.0), (1.0, -1.0, -1.0)) -1.9781137704849243
80 ((1.0, 1.0, 1.0), (1.0, -1.0, -1.0), (1.0, 1.0, 1.0), (-1.0, 1.0, 1.0), (-1.0, 1.0, 1.0), (1.0, 1.0, 1.0), (-1.0, 1.0, 1.0), (1.0, -1.0, -1.0)) -1.9737358093261719
81 ((1.0, 1.0, 1.0), (1.0, -1.0, -1.0), (-1.0, 1.0, 1.0), (1.0, 1.0, 1.0), (1.0, 1.0, 1.0), (-1.0, 1.0, 1.0), (1.0, -1.0, -1.0)) -1.8804008960723877
82 ((1.0, 1.0, 1.0), (1.0, 1.0, 1.0), (-1.0, 1.0, 1.0), (1.0, 1.0, 1.0), (1.0, 1.0, 1.0), (-1.0, 1.0, 1.0)) -1.9608781337738037
83 ((1.0, 1.0, 1.0), (1.0, 1.0, 1.0), (-1.0, 1.0, 1.0), (1.0, 1.0, 1.0), (1.0, 1.0, 1.0), (-1.0, 1.0, 1.0), (1.0, 1.0, 1.0)) -2.327471971511841
84 ((1.0, 1.0, 1.0), (1.0, 1.0, 1.0), (-1.0, 1.0, 1.0), (1.0, 1.0, 1.0), (1.0, 1.0, 1.0), (-1.0, 1.0, 1.0), (1.0, 1.0, 1.0), (1.0, 1.0, 1.0)) -2.4661171436309814
85 ((1.0, 1.0, 1.0), (1.0, 1.0, 1.0), (-1.0, 1.0, 1.0), (1.0, 1.0, 1.0), (1.0, 1.0, 1.0), (-1.0, 1.0, 1.0), (1.0, -1.0, -1.0)) -2.0617454051971436
86 ((1.0, 1.0, 1.0), (1.0, 1.0, 1.0), (-1.0, 1.0, 1.0), (1.0, 1.0, 1.0), (1.0, 1.0, 1.0), (-1.0, 1.0, 1.0), (1.0, -1.0, -1.0), (1.0, 1.0, 1.0)) -2.3743045330047607
87 ((1.0, 1.0, 1.0), (1.0, 1.0, 1.0), (-1.0, 1.0, 1.0), (1.0, 1.0, 1.0), (1.0, 1.0, 1.0), (1.0, 1.0, 1.0)) -2.133938789367676
88 ((1.0, 1.0, 1.0), (1.0, 1.0, 1.0), (-1.0, 1.0, 1.0), (1.0, 1.0, 1.0), (1.0, 1.0, 1.0), (1.0, 1.0, 1.0), (1.0, -1.0, -1.0)) -2.6253767013549805
89 ((1.0, 1.0, 1.0), (1.0, 1.0, 1.0), (-1.0, 1.0, 1.0), (1.0, 1.0, 1.0), (1.0, 1.0, 1.0), (1.0, 1.0, 1.0), (-1.0, 1.0, 1.0)) -2.269758462905884
90 ((1.0, 1.0, 1.0), (1.0, 1.0, 1.0), (-1.0, 1.0, 1.0), (1.0, 1.0, 1.0), (1.0, 1.0, 1.0), (1.0, 1.0, 1.0), (-1.0, 1.0, 1.0), (1.0, 1.0, 1.0)) -2.45084810256958
91 ((1.0, 1.0, 1.0), (1.0, 1.0, 1.0), (-1.0, 1.0, 1.0), (1.0, 1.0, 1.0), (-1.0, 1.0, 1.0), (1.0, 1.0, 1.0)) -1.854271650314331
92 ((1.0, 1.0, 1.0), (1.0, 1.0, 1.0), (-1.0, 1.0, 1.0), (1.0, 1.0, 1.0), (-1.0, 1.0, 1.0), (1.0, 1.0, 1.0), (1.0, -1.0, -1.0)) -2.078366279602051
93 ((1.0, 1.0, 1.0), (1.0, 1.0, 1.0), (-1.0, 1.0, 1.0), (1.0, 1.0, 1.0), (-1.0, 1.0, 1.0), (1.0, 1.0, 1.0), (-1.0, 1.0, 1.0)) -2.0695760250091553
94 ((1.0, 1.0, 1.0), (1.0, 1.0, 1.0), (-1.0, 1.0, 1.0), (1.0, 1.0, 1.0), (-1.0, 1.0, 1.0), (1.0, 1.0, 1.0), (-1.0, 1.0, 1.0), (1.0, 1.0, 1.0)) -2.2769665718078613
95 ((1.0, 1.0, 1.0), (1.0, 1.0, 1.0), (-1.0, 1.0, 1.0), (1.0, 1.0, 1.0), (-1.0, 1.0, 1.0), (1.0, 1.0, 1.0), (1.0, 1.0, 1.0)) -2.122582197189331
96 ((1.0, 1.0, 1.0), (1.0, 1.0, 1.0), (-1.0, 1.0, 1.0), (1.0, 1.0, 1.0), (-1.0, 1.0, 1.0), (1.0, 1.0, 1.0), (1.0, -1.0, -1.0), (1.0, 1.0, 1.0)) -2.0498440265655518
97 ((1.0, 1.0, 1.0), (1.0, -1.0, -1.0), (1.0, 1.0, 1.0), (-1.0, 1.0, 1.0), (1.0, -1.0, -1.0), (1.0, -1.0, -1.0)) -1.777603268623352
98 ((1.0, 1.0, 1.0), (1.0, -1.0, -1.0), (1.0, 1.0, 1.0), (-1.0, 1.0, 1.0), (1.0, -1.0, -1.0), (1.0, -1.0, -1.0), (1.0, 1.0, 1.0)) -2.0759084224700928
99 ((1.0, 1.0, 1.0), (1.0, -1.0, -1.0), (1.0, 1.0, 1.0), (-1.0, 1.0, 1.0), (1.0, -1.0, -1.0), (1.0, -1.0, -1.0), (1.0, -1.0, -1.0)) -2.0550169944763184
100 ((1.0, 1.0, 1.0), (1.0, -1.0, -1.0), (1.0, 1.0, 1.0), (-1.0, 1.0, 1.0), (-1.0, 1.0, 1.0), (1.0, -1.0, -1.0)) -1.7731326818466187
101 ((1.0, 1.0, 1.0), (1.0, -1.0, -1.0), (1.0, 1.0, 1.0), (1.0, -1.0, -1.0)) -1.4331715106964111
102 ((1.0, 1.0, 1.0), (1.0, -1.0, -1.0), (1.0, 1.0, 1.0), (1.0, -1.0, -1.0), (1.0, 1.0, 1.0)) -1.9626731872558594
103 ((1.0, 1.0, 1.0), (1.0, -1.0, -1.0), (1.0, 1.0, 1.0), (1.0, -1.0, -1.0), (1.0, 1.0, 1.0), (-1.0, 1.0, 1.0)) -1.8439133167266846
104 ((1.0, 1.0, 1.0), (1.0, -1.0, -1.0), (1.0, 1.0, 1.0), (1.0, -1.0, -1.0), (1.0, 1.0, 1.0), (-1.0, 1.0, 1.0), (1.0, 1.0, 1.0)) -1.8722039461135864
105 ((1.0, 1.0, 1.0), (1.0, -1.0, -1.0), (1.0, 1.0, 1.0), (1.0, -1.0, -1.0), (1.0, 1.0, 1.0), (1.0, 1.0, 1.0)) -1.932409644126892
106 ((1.0, 1.0, 1.0), (1.0, -1.0, -1.0), (1.0, 1.0, 1.0), (1.0, -1.0, -1.0), (1.0, 1.0, 1.0), (1.0, -1.0, -1.0)) -1.6446341276168823
107 ((1.0, 1.0, 1.0), (1.0, -1.0, -1.0), (-1.0, 1.0, 1.0), (1.0, -1.0, -1.0), (1.0, 1.0, 1.0)) -1.5954393148422241
108 ((1.0, 1.0, 1.0), (1.0, -1.0, -1.0), (-1.0, 1.0, 1.0), (1.0, -1.0, -1.0), (1.0, 1.0, 1.0), (1.0, -1.0, -1.0)) -1.8975685834884644
109 ((1.0, 1.0, 1.0), (1.0, -1.0, -1.0), (-1.0, 1.0, 1.0), (1.0, -1.0, -1.0), (1.0, 1.0, 1.0), (1.0, -1.0, -1.0), (1.0, -1.0, -1.0)) -1.8437349796295166
110 ((1.0, 1.0, 1.0), (1.0, -1.0, -1.0), (-1.0, 1.0, 1.0), (1.0, -1.0, -1.0), (1.0, 1.0, 1.0), (1.0, -1.0, -1.0), (1.0, -1.0, -1.0), (1.0, 1.0, 1.0)) -1.9609583616256714
111 ((1.0, 1.0, 1.0), (1.0, -1.0, -1.0), (-1.0, 1.0, 1.0), (1.0, 1.0, 1.0), (1.0, 1.0, 1.0), (1.0, -1.0, -1.0)) -1.7511427402496338
112 ((1.0, 1.0, 1.0), (1.0, -1.0, -1.0), (-1.0, 1.0, 1.0), (-1.0, 1.0, 1.0)) -1.5695500373840332
Contact sequence search time: 303.36822506000317
No contact sequence found
['thumb_middle', 'turn', 'thumb_middle', 'turn', 'index']
7 thumb_middle
Sampling time 3.4670339659933234
Solve time for step 19.983935356140137
Solve time for step 4.8527655601501465
Solve time for step 4.6995768547058105
Solve time for step 4.591331481933594
Solve time for step 4.605578184127808
Solve time for step 4.4181458950042725
Solve time for step 4.271949052810669
Solve time for step 4.618058443069458
Solve time for step 4.322098255157471
Solve time for step 4.034763336181641
Solve time for step 3.967799186706543
Solve time for step 4.017430305480957
csvgd, Average time per step: 0.0
{}
[ models/temporal ] Channel dimensions: [(37, 128), (128, 256), (256, 512)]
[ models/temporal ] Channel dimensions: [(37, 128), (128, 256), (256, 512)]
[ models/temporal ] Channel dimensions: [(37, 128), (128, 256), (256, 512)]
Loaded trajectory sampler
Current yaw: tensor(-0.0518, device='cuda:0')
0 pregrasp
Current yaw: tensor(-0.0635, device='cuda:0')
Adjusting goal to tensor(-1.1107, device='cuda:0')
1 () -0.06347663700580597
2 () -0.06347663700580597
3 ((1.0, 1.0, 1.0),) -0.5233937501907349
4 ((1.0, 1.0, 1.0), (1.0, 1.0, 1.0)) -1.7852723598480225
Contact sequence search time: 7.677457124998909
['turn', 'turn']
1 turn
Solve time for step 30.29548478126526
Solve time for step 7.245007276535034
Solve time for step 7.322547197341919
Solve time for step 6.4132304191589355
Solve time for step 6.66083550453186
Solve time for step 5.620217323303223
Solve time for step 5.425097227096558
Solve time for step 5.035071611404419
Solve time for step 5.14022421836853
Solve time for step 4.89615535736084
Solve time for step 4.695224285125732
Solve time for step 4.8396148681640625
Current yaw: tensor(-0.5133, device='cuda:0')
Adjusting goal to tensor(-1.5605, device='cuda:0')
1 ((1.0, 1.0, 1.0),) -0.5133380889892578
2 ((1.0, 1.0, 1.0),) -0.5133380889892578
3 ((1.0, 1.0, 1.0), (1.0, 1.0, 1.0)) -0.8479833602905273
4 ((1.0, 1.0, 1.0), (1.0, 1.0, 1.0), (1.0, -1.0, -1.0)) -1.3985087871551514
5 ((1.0, 1.0, 1.0), (1.0, 1.0, 1.0), (1.0, -1.0, -1.0), (1.0, 1.0, 1.0)) -1.9556082487106323
Contact sequence search time: 11.598718244997144
['turn', 'thumb_middle', 'turn']
2 turn
Solve time for step 30.708856344223022
Solve time for step 7.734700918197632
Solve time for step 6.860847473144531
Solve time for step 6.385948419570923
Solve time for step 6.554989337921143
Solve time for step 6.006006479263306
Solve time for step 5.429316520690918
Solve time for step 5.2629780769348145
Solve time for step 5.404493093490601
Solve time for step 5.645159482955933
Solve time for step 4.895914554595947
Solve time for step 4.831028461456299
Current yaw: tensor(-1.0314, device='cuda:0')
Adjusting goal to tensor(-2.0786, device='cuda:0')
1 ((1.0, 1.0, 1.0),) -1.0313773155212402
2 ((1.0, 1.0, 1.0),) -1.0313773155212402
3 ((1.0, 1.0, 1.0), (-1.0, 1.0, 1.0)) -0.9468103647232056
4 ((1.0, 1.0, 1.0), (-1.0, 1.0, 1.0), (-1.0, 1.0, 1.0)) -1.6624151468276978
5 ((1.0, 1.0, 1.0), (-1.0, 1.0, 1.0), (-1.0, 1.0, 1.0), (1.0, 1.0, 1.0)) -2.181382417678833
Contact sequence search time: 11.450320158000977
['index', 'index', 'turn']
3 index
Solve time for step 26.12740969657898
Solve time for step 6.961209535598755
Solve time for step 6.270354747772217
Solve time for step 5.755331516265869
Solve time for step 5.865488290786743
Solve time for step 6.0942041873931885
Solve time for step 5.32602071762085
Solve time for step 5.6183412075042725
Solve time for step 5.137343883514404
Solve time for step 4.911159038543701
Solve time for step 5.6921610832214355
Solve time for step 4.927513837814331
Current yaw: tensor(-1.0249, device='cuda:0')
Adjusting goal to tensor(-2.0721, device='cuda:0')
1 ((-1.0, 1.0, 1.0),) -1.024920105934143
2 ((-1.0, 1.0, 1.0),) -1.024920105934143
3 ((-1.0, 1.0, 1.0), (1.0, 1.0, 1.0)) -1.3897124528884888
4 ((-1.0, 1.0, 1.0), (1.0, 1.0, 1.0), (1.0, 1.0, 1.0)) -1.7309569120407104
5 ((-1.0, 1.0, 1.0), (1.0, 1.0, 1.0), (1.0, 1.0, 1.0), (1.0, 1.0, 1.0)) -2.052462100982666
6 ((-1.0, 1.0, 1.0), (1.0, 1.0, 1.0), (1.0, 1.0, 1.0), (1.0, -1.0, -1.0)) -1.8073344230651855
7 ((-1.0, 1.0, 1.0), (1.0, 1.0, 1.0), (1.0, 1.0, 1.0), (1.0, -1.0, -1.0), (1.0, 1.0, 1.0)) -2.1505422592163086
Contact sequence search time: 19.919638138002483
['turn', 'turn', 'thumb_middle', 'turn']
4 turn
Solve time for step 30.568140029907227
Solve time for step 7.902917146682739
Solve time for step 6.746710300445557
Solve time for step 5.960697412490845
Solve time for step 6.059176683425903
Solve time for step 5.560531854629517
Solve time for step 5.3196258544921875
Solve time for step 5.044687032699585
Solve time for step 4.9637291431427
Solve time for step 4.855057716369629
Solve time for step 4.824626922607422
Solve time for step 4.593587875366211
Current yaw: tensor(-1.2256, device='cuda:0')
Adjusting goal to tensor(-2.2728, device='cuda:0')
1 ((1.0, 1.0, 1.0),) -1.2255600690841675
2 ((1.0, 1.0, 1.0),) -1.2255600690841675
3 ((1.0, 1.0, 1.0), (1.0, -1.0, -1.0)) -1.1343672275543213
4 ((1.0, 1.0, 1.0), (1.0, -1.0, -1.0), (-1.0, 1.0, 1.0)) -1.7548619508743286
5 ((1.0, 1.0, 1.0), (1.0, -1.0, -1.0), (-1.0, 1.0, 1.0), (1.0, 1.0, 1.0)) -2.049150228500366
6 ((1.0, 1.0, 1.0), (1.0, -1.0, -1.0), (-1.0, 1.0, 1.0), (1.0, 1.0, 1.0), (1.0, 1.0, 1.0)) -2.147782564163208
7 ((1.0, 1.0, 1.0), (1.0, -1.0, -1.0), (-1.0, 1.0, 1.0), (1.0, 1.0, 1.0), (-1.0, 1.0, 1.0)) -1.8465467691421509
8 ((1.0, 1.0, 1.0), (1.0, -1.0, -1.0), (-1.0, 1.0, 1.0), (1.0, 1.0, 1.0), (-1.0, 1.0, 1.0), (1.0, 1.0, 1.0)) -2.14736270904541
9 ((1.0, 1.0, 1.0), (1.0, -1.0, -1.0), (-1.0, 1.0, 1.0), (1.0, 1.0, 1.0), (-1.0, 1.0, 1.0), (1.0, 1.0, 1.0), (-1.0, 1.0, 1.0)) -2.199522018432617
10 ((1.0, 1.0, 1.0), (1.0, -1.0, -1.0), (-1.0, 1.0, 1.0), (1.0, 1.0, 1.0), (-1.0, 1.0, 1.0), (1.0, 1.0, 1.0), (-1.0, 1.0, 1.0), (1.0, 1.0, 1.0)) -2.3559153079986572
Contact sequence search time: 30.683364283002447
['thumb_middle', 'index', 'turn', 'index', 'turn', 'index', 'turn']
5 thumb_middle
Solve time for step 19.91776704788208
Solve time for step 4.906581163406372
Solve time for step 4.816385507583618
Solve time for step 4.691270589828491
Solve time for step 4.486834287643433
Solve time for step 4.430087327957153
Solve time for step 4.312976121902466
Solve time for step 4.169204235076904
Solve time for step 4.200064182281494
Solve time for step 4.137740135192871
Solve time for step 4.1243369579315186
Solve time for step 4.0868239402771
Current yaw: tensor(-1.2129, device='cuda:0')
Adjusting goal to tensor(-2.2601, device='cuda:0')
1 ((1.0, -1.0, -1.0),) -1.212946891784668
2 ((1.0, -1.0, -1.0),) -1.212946891784668
3 ((1.0, -1.0, -1.0), (1.0, 1.0, 1.0)) -1.4857676029205322
4 ((1.0, -1.0, -1.0), (1.0, 1.0, 1.0), (1.0, 1.0, 1.0)) -2.3725719451904297
Contact sequence search time: 7.670426579999912
['turn', 'turn']
6 turn
Solve time for step 30.317139148712158
Solve time for step 7.291174411773682
Solve time for step 6.872205018997192
Solve time for step 7.0914084911346436
Solve time for step 6.627824544906616
Solve time for step 5.399603843688965
Solve time for step 5.687208890914917
Solve time for step 5.762599468231201
Solve time for step 5.455464601516724
Solve time for step 5.455988645553589
Solve time for step 4.962916612625122
Solve time for step 4.595818519592285
Current yaw: tensor(-1.7110, device='cuda:0')
Adjusting goal to tensor(-2.7582, device='cuda:0')
1 ((1.0, 1.0, 1.0),) -1.7110286951065063
2 ((1.0, 1.0, 1.0),) -1.7110286951065063
3 ((1.0, 1.0, 1.0), (-1.0, 1.0, 1.0)) -1.718626618385315
4 ((1.0, 1.0, 1.0), (1.0, -1.0, -1.0)) -1.3629539012908936
5 ((1.0, 1.0, 1.0), (1.0, -1.0, -1.0), (1.0, 1.0, 1.0)) -1.923494815826416
6 ((1.0, 1.0, 1.0), (1.0, -1.0, -1.0), (1.0, 1.0, 1.0), (1.0, -1.0, -1.0)) -1.940493106842041
7 ((1.0, 1.0, 1.0), (1.0, -1.0, -1.0), (1.0, 1.0, 1.0), (1.0, -1.0, -1.0), (1.0, 1.0, 1.0)) -2.211886167526245
8 ((1.0, 1.0, 1.0), (1.0, -1.0, -1.0), (1.0, 1.0, 1.0), (1.0, -1.0, -1.0), (-1.0, 1.0, 1.0)) -1.9604041576385498
9 ((1.0, 1.0, 1.0), (1.0, -1.0, -1.0), (1.0, 1.0, 1.0), (1.0, -1.0, -1.0), (-1.0, 1.0, 1.0), (1.0, 1.0, 1.0)) -2.3578109741210938
10 ((1.0, 1.0, 1.0), (1.0, -1.0, -1.0), (1.0, 1.0, 1.0), (1.0, -1.0, -1.0), (-1.0, 1.0, 1.0), (1.0, 1.0, 1.0), (1.0, -1.0, -1.0)) -2.1837453842163086
11 ((1.0, 1.0, 1.0), (1.0, -1.0, -1.0), (1.0, 1.0, 1.0), (-1.0, 1.0, 1.0)) -1.8526320457458496
12 ((1.0, 1.0, 1.0), (1.0, -1.0, -1.0), (1.0, 1.0, 1.0), (1.0, 1.0, 1.0)) -2.0061707496643066
13 ((1.0, 1.0, 1.0), (1.0, -1.0, -1.0), (1.0, 1.0, 1.0), (1.0, 1.0, 1.0), (-1.0, 1.0, 1.0)) -2.1196372509002686
14 ((1.0, 1.0, 1.0), (1.0, -1.0, -1.0), (1.0, 1.0, 1.0), (1.0, 1.0, 1.0), (-1.0, 1.0, 1.0), (1.0, -1.0, -1.0)) -2.2991392612457275
15 ((1.0, 1.0, 1.0), (1.0, -1.0, -1.0), (1.0, 1.0, 1.0), (1.0, 1.0, 1.0), (-1.0, 1.0, 1.0), (1.0, 1.0, 1.0)) -2.1812644004821777
16 ((1.0, 1.0, 1.0), (1.0, -1.0, -1.0), (1.0, 1.0, 1.0), (1.0, -1.0, -1.0), (1.0, 1.0, 1.0), (1.0, 1.0, 1.0)) -2.1963932514190674
17 ((1.0, 1.0, 1.0), (1.0, -1.0, -1.0), (1.0, 1.0, 1.0), (-1.0, 1.0, 1.0), (1.0, 1.0, 1.0)) -1.848697543144226
18 ((1.0, 1.0, 1.0), (1.0, -1.0, -1.0), (1.0, 1.0, 1.0), (-1.0, 1.0, 1.0), (1.0, 1.0, 1.0), (1.0, -1.0, -1.0)) -1.9715330600738525
19 ((1.0, 1.0, 1.0), (1.0, -1.0, -1.0), (1.0, 1.0, 1.0), (-1.0, 1.0, 1.0), (1.0, 1.0, 1.0), (1.0, -1.0, -1.0), (1.0, 1.0, 1.0)) -1.9899193048477173
20 ((1.0, 1.0, 1.0), (1.0, -1.0, -1.0), (1.0, 1.0, 1.0), (1.0, -1.0, -1.0), (1.0, 1.0, 1.0), (1.0, -1.0, -1.0)) -1.8861842155456543
21 ((1.0, 1.0, 1.0), (1.0, -1.0, -1.0), (1.0, 1.0, 1.0), (-1.0, 1.0, 1.0), (1.0, 1.0, 1.0), (1.0, 1.0, 1.0)) -2.0560641288757324
22 ((1.0, 1.0, 1.0), (1.0, -1.0, -1.0), (1.0, 1.0, 1.0), (1.0, 1.0, 1.0), (-1.0, 1.0, 1.0), (1.0, 1.0, 1.0), (1.0, 1.0, 1.0)) -2.2814090251922607
23 ((1.0, 1.0, 1.0), (1.0, -1.0, -1.0), (1.0, 1.0, 1.0), (1.0, -1.0, -1.0), (1.0, 1.0, 1.0), (1.0, -1.0, -1.0), (1.0, 1.0, 1.0)) -1.9335894584655762
24 ((1.0, 1.0, 1.0), (1.0, -1.0, -1.0), (1.0, 1.0, 1.0), (1.0, -1.0, -1.0), (1.0, 1.0, 1.0), (1.0, -1.0, -1.0), (1.0, 1.0, 1.0), (-1.0, 1.0, 1.0)) -2.0130767822265625
25 ((1.0, 1.0, 1.0), (1.0, -1.0, -1.0), (1.0, 1.0, 1.0), (1.0, -1.0, -1.0), (1.0, 1.0, 1.0), (1.0, -1.0, -1.0), (-1.0, 1.0, 1.0)) -1.9007008075714111
26 ((1.0, 1.0, 1.0), (1.0, -1.0, -1.0), (1.0, 1.0, 1.0), (1.0, -1.0, -1.0), (1.0, -1.0, -1.0)) -1.8770190477371216
27 ((1.0, 1.0, 1.0), (1.0, -1.0, -1.0), (1.0, 1.0, 1.0), (1.0, -1.0, -1.0), (1.0, -1.0, -1.0), (1.0, 1.0, 1.0)) -2.16467022895813
28 ((1.0, 1.0, 1.0), (1.0, -1.0, -1.0), (1.0, 1.0, 1.0), (1.0, -1.0, -1.0), (-1.0, 1.0, 1.0), (1.0, 1.0, 1.0), (1.0, -1.0, -1.0), (-1.0, 1.0, 1.0)) -1.9719386100769043
29 ((1.0, 1.0, 1.0), (1.0, -1.0, -1.0), (1.0, 1.0, 1.0), (-1.0, 1.0, 1.0), (1.0, -1.0, -1.0)) -1.7048168182373047
30 ((1.0, 1.0, 1.0), (1.0, -1.0, -1.0), (1.0, 1.0, 1.0), (-1.0, 1.0, 1.0), (1.0, -1.0, -1.0), (1.0, 1.0, 1.0)) -2.1715011596679688
31 ((1.0, 1.0, 1.0), (1.0, -1.0, -1.0), (1.0, 1.0, 1.0), (-1.0, 1.0, 1.0), (1.0, -1.0, -1.0), (1.0, 1.0, 1.0), (1.0, 1.0, 1.0)) -2.6043989658355713
32 ((1.0, 1.0, 1.0), (1.0, -1.0, -1.0), (1.0, 1.0, 1.0), (-1.0, 1.0, 1.0), (1.0, -1.0, -1.0), (1.0, 1.0, 1.0), (1.0, 1.0, 1.0), (1.0, -1.0, -1.0)) -2.242931365966797
33 ((1.0, 1.0, 1.0), (1.0, -1.0, -1.0), (1.0, 1.0, 1.0), (-1.0, 1.0, 1.0), (1.0, -1.0, -1.0), (1.0, 1.0, 1.0), (-1.0, 1.0, 1.0)) -1.95041024684906
34 ((1.0, 1.0, 1.0), (1.0, -1.0, -1.0), (1.0, 1.0, 1.0), (-1.0, 1.0, 1.0), (1.0, -1.0, -1.0), (1.0, 1.0, 1.0), (-1.0, 1.0, 1.0), (1.0, 1.0, 1.0)) -2.1149914264678955
35 ((1.0, 1.0, 1.0), (1.0, -1.0, -1.0), (1.0, 1.0, 1.0), (-1.0, 1.0, 1.0), (1.0, -1.0, -1.0), (1.0, 1.0, 1.0), (1.0, 1.0, 1.0), (-1.0, 1.0, 1.0)) -2.208124876022339
36 ((1.0, 1.0, 1.0), (1.0, -1.0, -1.0), (1.0, 1.0, 1.0), (1.0, -1.0, -1.0), (-1.0, 1.0, 1.0), (1.0, 1.0, 1.0), (1.0, 1.0, 1.0)) -2.0616207122802734
37 ((1.0, 1.0, 1.0), (1.0, -1.0, -1.0), (1.0, 1.0, 1.0), (-1.0, 1.0, 1.0), (1.0, -1.0, -1.0), (1.0, 1.0, 1.0), (1.0, -1.0, -1.0)) -1.854701042175293
38 ((1.0, 1.0, 1.0), (1.0, -1.0, -1.0), (1.0, 1.0, 1.0), (-1.0, 1.0, 1.0), (1.0, -1.0, -1.0), (1.0, 1.0, 1.0), (1.0, -1.0, -1.0), (1.0, 1.0, 1.0)) -2.0786654949188232
39 ((1.0, 1.0, 1.0), (1.0, -1.0, -1.0), (1.0, 1.0, 1.0), (-1.0, 1.0, 1.0), (1.0, 1.0, 1.0), (1.0, -1.0, -1.0), (1.0, 1.0, 1.0), (1.0, 1.0, 1.0)) -2.0990946292877197
40 ((1.0, 1.0, 1.0), (1.0, -1.0, -1.0), (1.0, 1.0, 1.0), (1.0, -1.0, -1.0), (-1.0, 1.0, 1.0), (1.0, 1.0, 1.0), (-1.0, 1.0, 1.0)) -1.8470195531845093
41 ((1.0, 1.0, 1.0), (1.0, -1.0, -1.0), (1.0, 1.0, 1.0), (1.0, -1.0, -1.0), (-1.0, 1.0, 1.0), (1.0, 1.0, 1.0), (-1.0, 1.0, 1.0), (1.0, 1.0, 1.0)) -2.1769261360168457
42 ((1.0, 1.0, 1.0), (1.0, -1.0, -1.0), (1.0, 1.0, 1.0), (1.0, -1.0, -1.0), (-1.0, 1.0, 1.0), (1.0, 1.0, 1.0), (-1.0, 1.0, 1.0), (1.0, -1.0, -1.0)) -1.9247314929962158
43 ((1.0, 1.0, 1.0), (1.0, -1.0, -1.0), (1.0, 1.0, 1.0), (-1.0, 1.0, 1.0), (1.0, 1.0, 1.0), (1.0, -1.0, -1.0), (1.0, -1.0, -1.0)) -1.982421636581421
44 ((1.0, 1.0, 1.0), (1.0, -1.0, -1.0), (-1.0, 1.0, 1.0)) -1.474202036857605
45 ((1.0, 1.0, 1.0), (1.0, -1.0, -1.0), (-1.0, 1.0, 1.0), (1.0, 1.0, 1.0)) -1.7616249322891235
46 ((1.0, 1.0, 1.0), (1.0, -1.0, -1.0), (-1.0, 1.0, 1.0), (1.0, 1.0, 1.0), (1.0, -1.0, -1.0)) -1.7923052310943604
47 ((1.0, 1.0, 1.0), (1.0, -1.0, -1.0), (-1.0, 1.0, 1.0), (1.0, 1.0, 1.0), (1.0, -1.0, -1.0), (1.0, 1.0, 1.0)) -2.055912971496582
48 ((1.0, 1.0, 1.0), (1.0, -1.0, -1.0), (-1.0, 1.0, 1.0), (1.0, 1.0, 1.0), (1.0, -1.0, -1.0), (1.0, 1.0, 1.0), (1.0, 1.0, 1.0)) -2.186971664428711
49 ((1.0, 1.0, 1.0), (1.0, -1.0, -1.0), (-1.0, 1.0, 1.0), (1.0, 1.0, 1.0), (1.0, -1.0, -1.0), (1.0, 1.0, 1.0), (1.0, 1.0, 1.0), (1.0, 1.0, 1.0)) -2.676131248474121
50 ((1.0, 1.0, 1.0), (1.0, -1.0, -1.0), (-1.0, 1.0, 1.0), (1.0, 1.0, 1.0), (1.0, -1.0, -1.0), (1.0, 1.0, 1.0), (1.0, 1.0, 1.0), (-1.0, 1.0, 1.0)) -2.3291449546813965
51 ((1.0, 1.0, 1.0), (1.0, -1.0, -1.0), (-1.0, 1.0, 1.0), (1.0, 1.0, 1.0), (1.0, -1.0, -1.0), (1.0, 1.0, 1.0), (-1.0, 1.0, 1.0)) -1.9522806406021118
52 ((1.0, 1.0, 1.0), (1.0, -1.0, -1.0), (-1.0, 1.0, 1.0), (1.0, 1.0, 1.0), (1.0, -1.0, -1.0), (1.0, 1.0, 1.0), (-1.0, 1.0, 1.0), (1.0, 1.0, 1.0)) -2.242856979370117
53 ((1.0, 1.0, 1.0), (1.0, -1.0, -1.0), (-1.0, 1.0, 1.0), (1.0, 1.0, 1.0), (1.0, -1.0, -1.0), (1.0, 1.0, 1.0), (1.0, -1.0, -1.0)) -1.8848702907562256
54 ((1.0, 1.0, 1.0), (1.0, -1.0, -1.0), (-1.0, 1.0, 1.0), (1.0, 1.0, 1.0), (1.0, -1.0, -1.0), (1.0, 1.0, 1.0), (1.0, -1.0, -1.0), (1.0, 1.0, 1.0)) -2.095332622528076
55 ((1.0, 1.0, 1.0), (1.0, -1.0, -1.0), (-1.0, 1.0, 1.0), (1.0, 1.0, 1.0), (1.0, -1.0, -1.0), (1.0, 1.0, 1.0), (1.0, 1.0, 1.0), (1.0, -1.0, -1.0)) -2.1129114627838135
56 ((1.0, 1.0, 1.0), (1.0, -1.0, -1.0), (1.0, 1.0, 1.0), (1.0, -1.0, -1.0), (1.0, 1.0, 1.0), (1.0, 1.0, 1.0), (-1.0, 1.0, 1.0)) -1.9871325492858887
57 ((1.0, 1.0, 1.0), (1.0, -1.0, -1.0), (-1.0, 1.0, 1.0), (-1.0, 1.0, 1.0)) -1.7104467153549194
58 ((1.0, 1.0, 1.0), (1.0, -1.0, -1.0), (-1.0, 1.0, 1.0), (-1.0, 1.0, 1.0), (1.0, 1.0, 1.0)) -2.1920247077941895
59 ((1.0, 1.0, 1.0), (1.0, -1.0, -1.0), (-1.0, 1.0, 1.0), (-1.0, 1.0, 1.0), (1.0, 1.0, 1.0), (-1.0, 1.0, 1.0)) -1.967482566833496
60 ((1.0, 1.0, 1.0), (1.0, -1.0, -1.0), (-1.0, 1.0, 1.0), (-1.0, 1.0, 1.0), (1.0, 1.0, 1.0), (-1.0, 1.0, 1.0), (1.0, 1.0, 1.0)) -2.4421677589416504
61 ((1.0, 1.0, 1.0), (1.0, -1.0, -1.0), (-1.0, 1.0, 1.0), (-1.0, 1.0, 1.0), (1.0, 1.0, 1.0), (-1.0, 1.0, 1.0), (1.0, 1.0, 1.0), (-1.0, 1.0, 1.0)) -2.382263660430908
62 ((1.0, 1.0, 1.0), (1.0, -1.0, -1.0), (-1.0, 1.0, 1.0), (-1.0, 1.0, 1.0), (1.0, 1.0, 1.0), (-1.0, 1.0, 1.0), (1.0, 1.0, 1.0), (1.0, -1.0, -1.0)) -2.1446950435638428
63 ((1.0, 1.0, 1.0), (1.0, -1.0, -1.0), (1.0, 1.0, 1.0), (1.0, -1.0, -1.0), (1.0, 1.0, 1.0), (-1.0, 1.0, 1.0)) -1.7268493175506592
64 ((1.0, 1.0, 1.0), (1.0, -1.0, -1.0), (1.0, 1.0, 1.0), (1.0, -1.0, -1.0), (1.0, 1.0, 1.0), (-1.0, 1.0, 1.0), (1.0, 1.0, 1.0)) -2.193601608276367
65 ((1.0, 1.0, 1.0), (1.0, -1.0, -1.0), (1.0, 1.0, 1.0), (1.0, -1.0, -1.0), (1.0, 1.0, 1.0), (-1.0, 1.0, 1.0), (1.0, 1.0, 1.0), (1.0, -1.0, -1.0)) -2.033066749572754
66 ((1.0, 1.0, 1.0), (1.0, -1.0, -1.0), (1.0, 1.0, 1.0), (1.0, -1.0, -1.0), (1.0, 1.0, 1.0), (-1.0, 1.0, 1.0), (1.0, 1.0, 1.0), (1.0, 1.0, 1.0)) -2.154066562652588
67 ((1.0, 1.0, 1.0), (1.0, -1.0, -1.0), (1.0, 1.0, 1.0), (1.0, -1.0, -1.0), (1.0, 1.0, 1.0), (-1.0, 1.0, 1.0), (1.0, 1.0, 1.0), (-1.0, 1.0, 1.0)) -1.9800552129745483
68 ((1.0, 1.0, 1.0), (1.0, -1.0, -1.0), (1.0, 1.0, 1.0), (1.0, 1.0, 1.0), (-1.0, 1.0, 1.0), (1.0, 1.0, 1.0), (-1.0, 1.0, 1.0)) -1.9599347114562988
69 ((1.0, 1.0, 1.0), (1.0, -1.0, -1.0), (-1.0, 1.0, 1.0), (-1.0, 1.0, 1.0), (1.0, 1.0, 1.0), (1.0, -1.0, -1.0)) -1.860053300857544
70 ((1.0, 1.0, 1.0), (1.0, -1.0, -1.0), (1.0, 1.0, 1.0), (1.0, -1.0, -1.0), (1.0, 1.0, 1.0), (1.0, -1.0, -1.0), (-1.0, 1.0, 1.0), (1.0, 1.0, 1.0)) -1.8821656703948975
71 ((1.0, 1.0, 1.0), (1.0, -1.0, -1.0), (1.0, 1.0, 1.0), (1.0, 1.0, 1.0), (-1.0, 1.0, 1.0), (1.0, -1.0, -1.0), (-1.0, 1.0, 1.0)) -1.9437754154205322
72 ((1.0, 1.0, 1.0), (1.0, -1.0, -1.0), (1.0, 1.0, 1.0), (1.0, -1.0, -1.0), (1.0, -1.0, -1.0), (1.0, 1.0, 1.0), (1.0, -1.0, -1.0)) -1.9339680671691895
73 ((1.0, 1.0, 1.0), (1.0, -1.0, -1.0), (1.0, 1.0, 1.0), (-1.0, 1.0, 1.0), (1.0, 1.0, 1.0), (1.0, -1.0, -1.0), (-1.0, 1.0, 1.0)) -1.7603771686553955
74 ((1.0, 1.0, 1.0), (1.0, -1.0, -1.0), (1.0, 1.0, 1.0), (-1.0, 1.0, 1.0), (1.0, 1.0, 1.0), (1.0, -1.0, -1.0), (-1.0, 1.0, 1.0), (1.0, 1.0, 1.0)) -2.1783738136291504
75 ((1.0, 1.0, 1.0), (1.0, -1.0, -1.0), (1.0, -1.0, -1.0)) -1.5829874277114868
76 ((1.0, 1.0, 1.0), (1.0, -1.0, -1.0), (1.0, -1.0, -1.0), (1.0, 1.0, 1.0)) -2.106905937194824
77 ((1.0, 1.0, 1.0), (1.0, -1.0, -1.0), (1.0, -1.0, -1.0), (1.0, 1.0, 1.0), (1.0, 1.0, 1.0)) -2.215517044067383
78 ((1.0, 1.0, 1.0), (1.0, -1.0, -1.0), (1.0, -1.0, -1.0), (1.0, 1.0, 1.0), (-1.0, 1.0, 1.0)) -1.9125598669052124
79 ((1.0, 1.0, 1.0), (1.0, -1.0, -1.0), (1.0, -1.0, -1.0), (1.0, 1.0, 1.0), (-1.0, 1.0, 1.0), (1.0, 1.0, 1.0)) -2.0887722969055176
80 ((1.0, 1.0, 1.0), (1.0, -1.0, -1.0), (1.0, -1.0, -1.0), (1.0, 1.0, 1.0), (1.0, 1.0, 1.0), (-1.0, 1.0, 1.0)) -2.1588525772094727
81 ((1.0, 1.0, 1.0), (1.0, -1.0, -1.0), (1.0, -1.0, -1.0), (1.0, 1.0, 1.0), (1.0, 1.0, 1.0), (-1.0, 1.0, 1.0), (1.0, 1.0, 1.0)) -2.2664201259613037
82 ((1.0, 1.0, 1.0), (1.0, -1.0, -1.0), (1.0, -1.0, -1.0), (1.0, 1.0, 1.0), (-1.0, 1.0, 1.0), (1.0, 1.0, 1.0), (1.0, 1.0, 1.0)) -2.1882002353668213
83 ((1.0, 1.0, 1.0), (1.0, -1.0, -1.0), (1.0, -1.0, -1.0), (1.0, 1.0, 1.0), (1.0, -1.0, -1.0)) -1.80496346950531
84 ((1.0, 1.0, 1.0), (1.0, -1.0, -1.0), (1.0, 1.0, 1.0), (1.0, 1.0, 1.0), (1.0, 1.0, 1.0)) -1.9172052145004272
85 ((1.0, 1.0, 1.0), (1.0, -1.0, -1.0), (1.0, 1.0, 1.0), (1.0, 1.0, 1.0), (-1.0, 1.0, 1.0), (1.0, 1.0, 1.0), (1.0, -1.0, -1.0)) -1.9300765991210938
86 ((1.0, 1.0, 1.0), (1.0, -1.0, -1.0), (1.0, 1.0, 1.0), (1.0, 1.0, 1.0), (-1.0, 1.0, 1.0), (1.0, 1.0, 1.0), (1.0, -1.0, -1.0), (1.0, 1.0, 1.0)) -2.1515536308288574
87 ((1.0, 1.0, 1.0), (1.0, -1.0, -1.0), (-1.0, 1.0, 1.0), (1.0, 1.0, 1.0), (-1.0, 1.0, 1.0)) -1.5871634483337402
88 ((1.0, 1.0, 1.0), (1.0, -1.0, -1.0), (-1.0, 1.0, 1.0), (1.0, 1.0, 1.0), (-1.0, 1.0, 1.0), (1.0, 1.0, 1.0)) -1.881917119026184
89 ((1.0, 1.0, 1.0), (1.0, -1.0, -1.0), (-1.0, 1.0, 1.0), (1.0, 1.0, 1.0), (-1.0, 1.0, 1.0), (1.0, 1.0, 1.0), (1.0, 1.0, 1.0)) -2.1296403408050537
90 ((1.0, 1.0, 1.0), (1.0, -1.0, -1.0), (-1.0, 1.0, 1.0), (1.0, 1.0, 1.0), (-1.0, 1.0, 1.0), (1.0, 1.0, 1.0), (1.0, 1.0, 1.0), (1.0, -1.0, -1.0)) -2.1803038120269775
91 ((1.0, 1.0, 1.0), (1.0, -1.0, -1.0), (-1.0, 1.0, 1.0), (1.0, 1.0, 1.0), (-1.0, 1.0, 1.0), (1.0, 1.0, 1.0), (-1.0, 1.0, 1.0)) -1.7650861740112305
92 ((1.0, 1.0, 1.0), (1.0, -1.0, -1.0), (-1.0, 1.0, 1.0), (1.0, 1.0, 1.0), (-1.0, 1.0, 1.0), (1.0, 1.0, 1.0), (-1.0, 1.0, 1.0), (1.0, 1.0, 1.0)) -2.153999090194702
93 ((1.0, 1.0, 1.0), (1.0, -1.0, -1.0), (1.0, -1.0, -1.0), (1.0, 1.0, 1.0), (-1.0, 1.0, 1.0), (1.0, 1.0, 1.0), (1.0, -1.0, -1.0)) -1.9221073389053345
94 ((1.0, 1.0, 1.0), (1.0, -1.0, -1.0), (1.0, 1.0, 1.0), (1.0, -1.0, -1.0), (-1.0, 1.0, 1.0), (-1.0, 1.0, 1.0)) -1.8473925590515137
95 ((1.0, 1.0, 1.0), (1.0, -1.0, -1.0), (1.0, 1.0, 1.0), (1.0, -1.0, -1.0), (-1.0, 1.0, 1.0), (-1.0, 1.0, 1.0), (1.0, -1.0, -1.0)) -1.9246305227279663
96 ((1.0, 1.0, 1.0), (1.0, -1.0, -1.0), (1.0, 1.0, 1.0), (1.0, -1.0, -1.0), (-1.0, 1.0, 1.0), (-1.0, 1.0, 1.0), (1.0, -1.0, -1.0), (1.0, 1.0, 1.0)) -2.2141523361206055
97 ((1.0, 1.0, 1.0), (1.0, -1.0, -1.0), (1.0, 1.0, 1.0), (1.0, -1.0, -1.0), (1.0, -1.0, -1.0), (-1.0, 1.0, 1.0)) -1.8297767639160156
98 ((1.0, 1.0, 1.0), (1.0, -1.0, -1.0), (1.0, 1.0, 1.0), (1.0, -1.0, -1.0), (1.0, -1.0, -1.0), (-1.0, 1.0, 1.0), (1.0, 1.0, 1.0)) -2.0861880779266357
99 ((1.0, 1.0, 1.0), (1.0, -1.0, -1.0), (1.0, 1.0, 1.0), (1.0, -1.0, -1.0), (1.0, -1.0, -1.0), (-1.0, 1.0, 1.0), (1.0, 1.0, 1.0), (-1.0, 1.0, 1.0)) -2.055960178375244
100 ((1.0, 1.0, 1.0), (1.0, -1.0, -1.0), (1.0, 1.0, 1.0), (1.0, -1.0, -1.0), (1.0, -1.0, -1.0), (-1.0, 1.0, 1.0), (1.0, 1.0, 1.0), (1.0, -1.0, -1.0)) -1.9995695352554321
101 ((1.0, 1.0, 1.0), (1.0, -1.0, -1.0), (1.0, 1.0, 1.0), (1.0, 1.0, 1.0), (-1.0, 1.0, 1.0), (-1.0, 1.0, 1.0)) -1.9786195755004883
102 ((1.0, 1.0, 1.0), (1.0, -1.0, -1.0), (1.0, 1.0, 1.0), (1.0, 1.0, 1.0), (-1.0, 1.0, 1.0), (-1.0, 1.0, 1.0), (1.0, 1.0, 1.0)) -2.149613380432129
103 ((1.0, 1.0, 1.0), (1.0, -1.0, -1.0), (1.0, 1.0, 1.0), (1.0, -1.0, -1.0), (1.0, 1.0, 1.0), (1.0, -1.0, -1.0), (-1.0, 1.0, 1.0), (1.0, -1.0, -1.0)) -1.8265690803527832
104 ((1.0, 1.0, 1.0), (1.0, -1.0, -1.0), (-1.0, 1.0, 1.0), (1.0, 1.0, 1.0), (1.0, -1.0, -1.0), (1.0, 1.0, 1.0), (1.0, -1.0, -1.0), (-1.0, 1.0, 1.0)) -1.8223049640655518
105 ((1.0, 1.0, 1.0), (1.0, -1.0, -1.0), (1.0, 1.0, 1.0), (1.0, -1.0, -1.0), (1.0, 1.0, 1.0), (1.0, 1.0, 1.0), (1.0, -1.0, -1.0)) -1.9189062118530273
106 ((1.0, 1.0, 1.0), (1.0, -1.0, -1.0), (1.0, 1.0, 1.0), (-1.0, 1.0, 1.0), (-1.0, 1.0, 1.0)) -1.7170490026474
107 ((1.0, 1.0, 1.0), (1.0, -1.0, -1.0), (1.0, 1.0, 1.0), (-1.0, 1.0, 1.0), (-1.0, 1.0, 1.0), (1.0, 1.0, 1.0)) -2.0313079357147217
108 ((1.0, 1.0, 1.0), (1.0, -1.0, -1.0), (1.0, 1.0, 1.0), (-1.0, 1.0, 1.0), (-1.0, 1.0, 1.0), (1.0, 1.0, 1.0), (1.0, 1.0, 1.0)) -2.098207473754883
109 ((1.0, 1.0, 1.0), (1.0, -1.0, -1.0), (1.0, -1.0, -1.0), (1.0, 1.0, 1.0), (1.0, 1.0, 1.0), (1.0, -1.0, -1.0)) -1.9735389947891235
Contact sequence search time: 302.2578303180053
No contact sequence found
['turn']
7 turn
Sampling time 3.421232656997745
Solve time for step 30.25024652481079
Solve time for step 7.756516218185425
Solve time for step 6.667888164520264
Solve time for step 6.254104375839233
Solve time for step 5.872780799865723
Solve time for step 5.641547441482544
Solve time for step 5.338134288787842
Solve time for step 5.157958030700684
Solve time for step 4.966943264007568
Solve time for step 4.884795427322388
Solve time for step 4.925596714019775
Solve time for step 4.670148611068726
csvgd, Average time per step: 0.0
{}
