Importing module 'gym_38' (/home/abhinav/Downloads/IsaacGym_Preview_4_Package/isaacgym/python/isaacgym/_bindings/linux-x86_64/gym_38.so)
Setting GYM_USD_PLUG_INFO_PATH to /home/abhinav/Downloads/IsaacGym_Preview_4_Package/isaacgym/python/isaacgym/_bindings/linux-x86_64/usd/plugInfo.json
PyTorch version 2.4.0+cu121
Device count 2
/home/abhinav/Downloads/IsaacGym_Preview_4_Package/isaacgym/python/isaacgym/_bindings/src/gymtorch
ninja: no work to do.
CCAI_PATH /home/abhinav/Documents/ccai
Not connected to PVD
Physics Engine: PhysX
Physics Device: cpu
GPU Pipeline: disabled
Using VHACD cache directory '/home/abhinav/.isaacgym/vhacd'
Found existing convex decomposition for mesh '/home/abhinav/Documents/github/isaacgym-arm-envs/isaac_victor_envs/assets/xela_models/mesh/allegro/base_ns.stl'
Found existing convex decomposition for mesh '/home/abhinav/Documents/github/isaacgym-arm-envs/isaac_victor_envs/assets/xela_models/mesh/allegro/link_1.0.stl'
Found existing convex decomposition for mesh '/home/abhinav/Documents/github/isaacgym-arm-envs/isaac_victor_envs/assets/xela_models/mesh/ft_c.stl'
0 pregrasp
Solve time for step 42.46468734741211
Solve time for step 6.0126683712005615
Solve time for step 5.582596063613892
Solve time for step 5.428943634033203
Solve time for step 5.342302560806274
Solve time for step 5.1784045696258545
Solve time for step 5.033077716827393
Solve time for step 4.997294902801514
Solve time for step 5.495881080627441
Solve time for step 5.0026092529296875
Solve time for step 4.552899122238159
Solve time for step 4.4180591106414795
Solve time for step 4.415827035903931
Solve time for step 4.649719476699829
Solve time for step 4.51178240776062
1 turn
Solve time for step 97.55935835838318
Solve time for step 13.8864107131958
Solve time for step 13.162952184677124
Solve time for step 12.223872661590576
Solve time for step 11.011869430541992
Solve time for step 10.981053352355957
Solve time for step 9.575108289718628
Solve time for step 8.871893882751465
Solve time for step 8.351619720458984
Solve time for step 8.12874150276184
Solve time for step 7.639885902404785
Solve time for step 7.961388826370239
Solve time for step 9.999518156051636
Solve time for step 6.882024765014648
Solve time for step 7.106038570404053
2 thumb_middle
Solve time for step 55.262343645095825
Solve time for step 8.42662525177002
Solve time for step 7.956926584243774
Solve time for step 7.9095001220703125
Solve time for step 7.455230474472046
Solve time for step 7.228923797607422
Solve time for step 7.232567548751831
Solve time for step 6.982944011688232
Solve time for step 6.649106025695801
Solve time for step 6.522370338439941
Solve time for step 6.571717262268066
Solve time for step 6.468122720718384
Solve time for step 6.122398376464844
Solve time for step 6.33268141746521
Solve time for step 6.436560153961182
3 index
Solve time for step 78.4645426273346
Solve time for step 11.392662286758423
Solve time for step 11.029908418655396
Solve time for step 11.31894564628601
Solve time for step 9.94788408279419
Solve time for step 9.311594009399414
Solve time for step 8.937715291976929
Solve time for step 8.592875480651855
Solve time for step 7.8717873096466064
Solve time for step 7.983513593673706
Solve time for step 7.7634665966033936
Solve time for step 7.520918846130371
Solve time for step 7.52276349067688
Solve time for step 7.305773973464966
Solve time for step 7.157738447189331
4 turn
Solve time for step 92.29688429832458
Solve time for step 13.765554428100586
Solve time for step 13.087035417556763
Solve time for step 11.570837020874023
Solve time for step 10.744294166564941
Solve time for step 10.064929962158203
Solve time for step 9.267781734466553
Solve time for step 8.863104820251465
Solve time for step 8.643584728240967
Solve time for step 7.959601402282715
Solve time for step 7.780868768692017
Solve time for step 7.159106969833374
Solve time for step 7.8903443813323975
Solve time for step 6.946669816970825
Solve time for step 7.177131175994873
5 index
Solve time for step 74.21059393882751
Solve time for step 10.763004541397095
Solve time for step 10.460649967193604
Solve time for step 9.924547672271729
Solve time for step 9.519774198532104
Solve time for step 8.885838508605957
Solve time for step 8.791899919509888
Solve time for step 8.325518608093262
Solve time for step 8.101834774017334
Solve time for step 8.043655395507812
Solve time for step 7.731384038925171
Solve time for step 7.675631999969482
Solve time for step 7.618583679199219
Solve time for step 7.430942535400391
Solve time for step 7.308717250823975
6 thumb_middle
Solve time for step 52.4449737071991
Solve time for step 7.994777679443359
Solve time for step 8.08985161781311
Solve time for step 7.701202392578125
Solve time for step 7.2618021965026855
Solve time for step 7.023514032363892
Solve time for step 6.811557769775391
Solve time for step 6.742318391799927
Solve time for step 6.365751028060913
Solve time for step 6.3220696449279785
Solve time for step 6.268893003463745
Solve time for step 6.176502466201782
Solve time for step 6.073182582855225
Solve time for step 6.025177478790283
Solve time for step 5.925427675247192
7 turn
Solve time for step 91.81983637809753
Solve time for step 13.672672510147095
Solve time for step 12.58226990699768
Solve time for step 11.875245571136475
Solve time for step 10.978627443313599
Solve time for step 10.29692792892456
Solve time for step 9.539647102355957
Solve time for step 8.867504119873047
Solve time for step 8.328255414962769
Solve time for step 7.861893653869629
Solve time for step 7.877942085266113
Solve time for step 7.4870054721832275
Solve time for step 6.995280742645264
Solve time for step 7.18670129776001
Solve time for step 7.03284215927124
csvgd, Average time per step: 0.0
{}
0 pregrasp
Solve time for step 36.037232637405396
Solve time for step 5.624350070953369
Solve time for step 5.509881258010864
Solve time for step 5.387782335281372
Solve time for step 5.3470072746276855
Solve time for step 5.293943881988525
Solve time for step 5.120367050170898
Solve time for step 5.175839424133301
Solve time for step 4.872258186340332
Solve time for step 4.820692539215088
Solve time for step 4.741352796554565
Solve time for step 4.691591262817383
Solve time for step 4.601715564727783
Solve time for step 4.481560230255127
Solve time for step 4.5955963134765625
1 turn
Solve time for step 88.38186955451965
Solve time for step 13.040940046310425
Solve time for step 12.2126944065094
Solve time for step 11.42733097076416
Solve time for step 10.574048519134521
Solve time for step 9.760684490203857
Solve time for step 9.300146102905273
Solve time for step 8.744436979293823
Solve time for step 7.891707897186279
Solve time for step 7.885149002075195
Solve time for step 7.66154146194458
Solve time for step 7.55626654624939
Solve time for step 7.267336130142212
Solve time for step 7.200015068054199
Solve time for step 7.0117270946502686
2 thumb_middle
Solve time for step 52.096468925476074
Solve time for step 8.111635684967041
Solve time for step 7.6957337856292725
Solve time for step 7.5705177783966064
Solve time for step 7.36377477645874
Solve time for step 7.110803842544556
Solve time for step 7.106755971908569
Solve time for step 6.9210920333862305
Solve time for step 6.653627634048462
Solve time for step 6.60101318359375
Solve time for step 6.417891502380371
Solve time for step 6.385105848312378
Solve time for step 6.5623252391815186
Solve time for step 6.136125326156616
Solve time for step 6.219401597976685
3 index
Solve time for step 71.36681008338928
Solve time for step 11.042283535003662
Solve time for step 10.198471546173096
Solve time for step 9.867169618606567
Solve time for step 9.638752222061157
Solve time for step 9.101680278778076
Solve time for step 8.751763820648193
Solve time for step 8.519521951675415
Solve time for step 8.152055978775024
Solve time for step 8.049239158630371
Solve time for step 7.7168731689453125
Solve time for step 7.7531232833862305
Solve time for step 7.441097259521484
Solve time for step 7.183161973953247
Solve time for step 7.2342307567596436
4 turn
Solve time for step 87.51082825660706
Solve time for step 12.982769250869751
Solve time for step 12.258386850357056
Solve time for step 11.402479648590088
Solve time for step 10.566309690475464
Solve time for step 9.806878805160522
Solve time for step 9.222580671310425
Solve time for step 8.711274147033691
Solve time for step 8.715512990951538
Solve time for step 8.04752230644226
Solve time for step 7.696406364440918
Solve time for step 7.606433629989624
Solve time for step 7.359705209732056
Solve time for step 7.186907768249512
Solve time for step 7.019700527191162
5 thumb_middle
Solve time for step 51.69258904457092
Solve time for step 8.581651210784912
Solve time for step 8.031232595443726
Solve time for step 7.638262033462524
Solve time for step 7.5256993770599365
Solve time for step 7.226417064666748
Solve time for step 6.845512628555298
Solve time for step 6.67417311668396
Solve time for step 6.516871690750122
Solve time for step 6.562864303588867
Solve time for step 6.269236087799072
Solve time for step 6.110658884048462
Solve time for step 5.967167615890503
Solve time for step 5.9700212478637695
Solve time for step 6.026171922683716
6 index
Solve time for step 72.73311114311218
Solve time for step 10.964399337768555
Solve time for step 10.2946298122406
Solve time for step 9.955843687057495
Solve time for step 9.60390830039978
Solve time for step 8.999608278274536
Solve time for step 9.02781057357788
Solve time for step 8.453261613845825
Solve time for step 8.00729751586914
Solve time for step 8.7185800075531
Solve time for step 8.25639271736145
Solve time for step 7.932565450668335
Solve time for step 7.601604223251343
Solve time for step 7.4331159591674805
Solve time for step 7.161006927490234
7 turn
Solve time for step 92.32138466835022
Solve time for step 13.755613803863525
Solve time for step 13.140807151794434
Solve time for step 11.580771684646606
Solve time for step 11.360111951828003
Solve time for step 10.155275821685791
Solve time for step 9.597314357757568
Solve time for step 8.717897891998291
Solve time for step 8.6142578125
Solve time for step 8.254074811935425
Solve time for step 7.79665994644165
Solve time for step 7.858412027359009
Solve time for step 7.794433355331421
Solve time for step 7.115532398223877
Solve time for step 6.676608562469482
csvgd, Average time per step: 0.0
{}
0 pregrasp
Solve time for step 35.41630220413208
Solve time for step 5.752414703369141
Solve time for step 5.667000770568848
Solve time for step 5.450066566467285
Solve time for step 5.338759422302246
Solve time for step 5.2911036014556885
Solve time for step 5.049789905548096
Solve time for step 4.912051200866699
Solve time for step 4.575357437133789
Solve time for step 4.62882924079895
Solve time for step 4.706508636474609
Solve time for step 4.538323402404785
Solve time for step 4.486885070800781
Solve time for step 4.606557846069336
Solve time for step 4.541952610015869
1 turn
Solve time for step 89.48639273643494
Solve time for step 13.7468740940094
Solve time for step 12.923326969146729
Solve time for step 11.46579384803772
Solve time for step 10.75236964225769
Solve time for step 10.109929323196411
Solve time for step 9.416580200195312
Solve time for step 8.948662996292114
Solve time for step 8.439029455184937
Solve time for step 7.812873363494873
Solve time for step 7.574250936508179
Solve time for step 7.504107475280762
Solve time for step 7.075253248214722
Solve time for step 7.298023223876953
Solve time for step 7.0186543464660645
2 index
Solve time for step 70.58027410507202
Solve time for step 10.825649738311768
Solve time for step 9.942267179489136
Solve time for step 9.708914995193481
Solve time for step 9.329693078994751
Solve time for step 8.950114011764526
Solve time for step 8.521991491317749
Solve time for step 8.383451700210571
Solve time for step 8.18474268913269
Solve time for step 8.13720703125
Solve time for step 7.860129356384277
Solve time for step 7.63504433631897
Solve time for step 7.6719887256622314
Solve time for step 7.065221071243286
Solve time for step 7.035844326019287
3 thumb_middle
Solve time for step 51.80742931365967
Solve time for step 8.17551326751709
Solve time for step 7.829627275466919
Solve time for step 7.673650503158569
Solve time for step 7.457153797149658
Solve time for step 7.230657339096069
Solve time for step 7.038755655288696
Solve time for step 6.786158084869385
Solve time for step 6.523713827133179
Solve time for step 6.514077663421631
Solve time for step 6.260998725891113
Solve time for step 6.167357444763184
Solve time for step 6.182577133178711
Solve time for step 5.9622087478637695
Solve time for step 6.082137584686279
4 turn
Solve time for step 88.53143668174744
Solve time for step 13.046050310134888
Solve time for step 12.312761306762695
Solve time for step 11.270826816558838
Solve time for step 10.949218273162842
Solve time for step 10.134280443191528
Solve time for step 9.26538896560669
Solve time for step 8.871068000793457
Solve time for step 8.20350694656372
Solve time for step 8.208462715148926
Solve time for step 7.76035737991333
Solve time for step 7.49222731590271
Solve time for step 7.16304612159729
Solve time for step 7.548813581466675
Solve time for step 6.975622653961182
5 index
Solve time for step 71.56734299659729
Solve time for step 11.196960926055908
Solve time for step 10.392405986785889
Solve time for step 10.092761754989624
Solve time for step 9.491792678833008
Solve time for step 8.967832565307617
Solve time for step 8.596183061599731
Solve time for step 9.311715602874756
Solve time for step 8.846230268478394
Solve time for step 8.056572675704956
Solve time for step 8.096862077713013
Solve time for step 7.875445604324341
Solve time for step 7.551412105560303
Solve time for step 7.300107955932617
Solve time for step 7.323745489120483
6 thumb_middle
Solve time for step 51.84825682640076
Solve time for step 7.960142374038696
Solve time for step 7.814059734344482
Solve time for step 7.552430629730225
Solve time for step 7.4624950885772705
Solve time for step 7.2344701290130615
Solve time for step 6.898153781890869
Solve time for step 7.061473369598389
Solve time for step 6.664899110794067
Solve time for step 6.50127911567688
Solve time for step 6.182939529418945
Solve time for step 6.228556394577026
Solve time for step 6.115335941314697
Solve time for step 5.963433027267456
Solve time for step 6.084317207336426
7 turn
Solve time for step 92.07766890525818
Solve time for step 13.538555383682251
Solve time for step 12.530361413955688
Solve time for step 11.589930534362793
Solve time for step 10.992945432662964
Solve time for step 10.230148553848267
Solve time for step 9.499942541122437
Solve time for step 9.085614919662476
Solve time for step 8.400166988372803
Solve time for step 8.134235143661499
Solve time for step 7.714139223098755
Solve time for step 7.585956811904907
Solve time for step 7.362810850143433
Solve time for step 7.24277663230896
Solve time for step 6.979966878890991
csvgd, Average time per step: 0.0
{}
0 pregrasp
Solve time for step 36.38994026184082
Solve time for step 5.7028725147247314
Solve time for step 5.549705266952515
Solve time for step 5.482264041900635
Solve time for step 5.383852481842041
Solve time for step 5.381762742996216
Solve time for step 5.241083145141602
Solve time for step 5.003204822540283
Solve time for step 4.905531167984009
Solve time for step 4.784199953079224
Solve time for step 4.741268634796143
Solve time for step 4.604531288146973
Solve time for step 4.638653516769409
Solve time for step 4.615121603012085
Solve time for step 4.693452835083008
1 turn
Solve time for step 88.29412531852722
Solve time for step 13.273677349090576
Solve time for step 11.86806869506836
Solve time for step 11.406991720199585
Solve time for step 10.755130529403687
Solve time for step 10.163965225219727
Solve time for step 9.299311637878418
Solve time for step 8.83738660812378
Solve time for step 9.325987339019775
Solve time for step 8.571991920471191
Solve time for step 7.910945415496826
Solve time for step 7.153160810470581
Solve time for step 7.293413877487183
Solve time for step 7.23928427696228
Solve time for step 7.020516395568848
2 thumb_middle
Solve time for step 52.30775737762451
Solve time for step 8.078115463256836
Solve time for step 7.708238363265991
Solve time for step 7.656620025634766
Solve time for step 7.197037220001221
Solve time for step 7.354629755020142
Solve time for step 7.134317636489868
Solve time for step 6.688185453414917
Solve time for step 6.442685604095459
Solve time for step 6.881295919418335
Solve time for step 6.60805606842041
Solve time for step 6.313051700592041
Solve time for step 6.157304048538208
Solve time for step 6.0596396923065186
Solve time for step 6.121453046798706
3 index
Solve time for step 72.4224796295166
Solve time for step 11.198559522628784
Solve time for step 10.278614282608032
Solve time for step 9.980892181396484
Solve time for step 8.966953754425049
Solve time for step 8.995222806930542
Solve time for step 8.763614892959595
Solve time for step 8.216978311538696
Solve time for step 8.133304119110107
Solve time for step 7.773488521575928
Solve time for step 7.775790452957153
Solve time for step 7.7742393016815186
Solve time for step 7.644134283065796
Solve time for step 7.600321531295776
Solve time for step 7.14574933052063
4 turn
Solve time for step 88.45706272125244
Solve time for step 12.994384288787842
Solve time for step 12.301917552947998
Solve time for step 11.467982053756714
Solve time for step 11.16445255279541
Solve time for step 10.78578495979309
Solve time for step 9.18427586555481
Solve time for step 8.945193529129028
Solve time for step 8.606444120407104
Solve time for step 8.755370855331421
Solve time for step 7.715985298156738
Solve time for step 7.68170690536499
Solve time for step 7.509682655334473
Solve time for step 7.077097177505493
Solve time for step 6.851032495498657
5 thumb_middle
Solve time for step 52.09041929244995
Solve time for step 8.023889780044556
Solve time for step 7.941263914108276
Solve time for step 7.728994607925415
Solve time for step 7.203396320343018
Solve time for step 7.423339128494263
Solve time for step 6.908559799194336
Solve time for step 6.717283725738525
Solve time for step 6.500085353851318
Solve time for step 6.45485520362854
Solve time for step 6.137964248657227
Solve time for step 6.146460771560669
Solve time for step 6.202443838119507
Solve time for step 6.114408254623413
Solve time for step 6.159482002258301
6 index
Solve time for step 72.39132595062256
Solve time for step 10.950947999954224
Solve time for step 10.56389832496643
Solve time for step 10.014338493347168
Solve time for step 9.812140464782715
Solve time for step 9.182928323745728
Solve time for step 8.940002918243408
Solve time for step 8.622509479522705
Solve time for step 8.227563619613647
Solve time for step 7.7229626178741455
Solve time for step 7.398957252502441
Solve time for step 6.961451292037964
Solve time for step 7.620530366897583
Solve time for step 7.528189182281494
Solve time for step 7.337077617645264
7 turn
Solve time for step 93.37786483764648
Solve time for step 14.009702444076538
Solve time for step 12.236612558364868
Solve time for step 11.376444578170776
Solve time for step 10.83728814125061
Solve time for step 10.073142766952515
Solve time for step 9.322356462478638
Solve time for step 8.747646570205688
Solve time for step 8.290255308151245
Solve time for step 8.14033317565918
Solve time for step 7.719874143600464
Solve time for step 7.4334282875061035
Solve time for step 7.2761218547821045
Solve time for step 7.138009071350098
Solve time for step 6.999409198760986
csvgd, Average time per step: 0.0
{}
0 pregrasp
Solve time for step 36.034239768981934
Solve time for step 5.704326629638672
Solve time for step 5.638063669204712
Solve time for step 5.480619430541992
Solve time for step 5.4855945110321045
Solve time for step 5.208281517028809
Solve time for step 5.160175085067749
Solve time for step 4.99238657951355
Solve time for step 4.725825071334839
Solve time for step 4.860205411911011
Solve time for step 4.7166221141815186
Solve time for step 4.551736116409302
Solve time for step 4.277755260467529
Solve time for step 4.370363473892212
Solve time for step 4.4708778858184814
1 turn
Solve time for step 89.36179375648499
Solve time for step 13.116312265396118
Solve time for step 12.252917766571045
Solve time for step 11.291882038116455
Solve time for step 10.562170505523682
Solve time for step 9.849095106124878
Solve time for step 9.26285719871521
Solve time for step 8.748337984085083
Solve time for step 8.3185875415802
Solve time for step 7.5974555015563965
Solve time for step 7.300259828567505
Solve time for step 7.308130264282227
Solve time for step 7.114573955535889
Solve time for step 7.1332011222839355
Solve time for step 6.866327524185181
2 index
Solve time for step 71.21176815032959
Solve time for step 10.962578058242798
Solve time for step 10.502229690551758
Solve time for step 10.1055908203125
Solve time for step 9.410071611404419
Solve time for step 8.982287168502808
Solve time for step 8.539860725402832
Solve time for step 8.311889886856079
Solve time for step 8.04030728340149
Solve time for step 7.819521427154541
Solve time for step 7.61761212348938
Solve time for step 7.4337193965911865
Solve time for step 7.55586838722229
Solve time for step 7.14996862411499
Solve time for step 6.943946123123169
3 thumb_middle
Solve time for step 51.481810331344604
Solve time for step 8.212273597717285
Solve time for step 7.536876916885376
Solve time for step 7.500385761260986
Solve time for step 7.326523780822754
Solve time for step 6.9589784145355225
Solve time for step 6.771229982376099
Solve time for step 6.584611415863037
Solve time for step 6.519855737686157
Solve time for step 6.270901203155518
Solve time for step 6.159360408782959
Solve time for step 6.043116569519043
Solve time for step 6.004202842712402
Solve time for step 6.072246074676514
Solve time for step 5.47768759727478
4 turn
Solve time for step 89.28764319419861
Solve time for step 13.055221796035767
Solve time for step 12.266132593154907
Solve time for step 11.29672360420227
Solve time for step 10.550357341766357
Solve time for step 9.566868543624878
Solve time for step 9.295814275741577
Solve time for step 8.82396125793457
Solve time for step 8.504549980163574
Solve time for step 8.016568422317505
Solve time for step 7.750713348388672
Solve time for step 7.360553503036499
Solve time for step 7.435833692550659
Solve time for step 7.178503036499023
Solve time for step 6.565612554550171
5 thumb_middle
Solve time for step 50.53985786437988
Solve time for step 8.12425684928894
Solve time for step 7.721496105194092
Solve time for step 7.5458083152771
Solve time for step 7.485295534133911
Solve time for step 7.180209159851074
Solve time for step 7.044226169586182
Solve time for step 6.835044860839844
Solve time for step 6.306757688522339
Solve time for step 6.191155910491943
Solve time for step 6.087284088134766
Solve time for step 5.865642070770264
Solve time for step 5.871306657791138
Solve time for step 5.635324716567993
Solve time for step 5.946425437927246
6 index
Solve time for step 71.43341112136841
Solve time for step 10.869447469711304
Solve time for step 10.46594762802124
Solve time for step 9.818667650222778
Solve time for step 9.714294195175171
Solve time for step 9.211528539657593
Solve time for step 8.754363536834717
Solve time for step 8.2363920211792
Solve time for step 8.085521697998047
Solve time for step 7.864648342132568
Solve time for step 7.440474510192871
Solve time for step 7.275458335876465
Solve time for step 6.98352313041687
Solve time for step 7.432746887207031
Solve time for step 7.2619688510894775
7 turn
Solve time for step 90.20121574401855
Solve time for step 12.847800493240356
Solve time for step 11.788575649261475
Solve time for step 11.180222034454346
Solve time for step 10.322729110717773
Solve time for step 9.408507347106934
Solve time for step 8.958782434463501
Solve time for step 8.490782737731934
Solve time for step 8.510345220565796
Solve time for step 8.399408102035522
Solve time for step 7.786343574523926
Solve time for step 7.3620359897613525
Solve time for step 7.697805881500244
Solve time for step 7.414665699005127
Solve time for step 7.035553693771362
csvgd, Average time per step: 0.0
{}
0 pregrasp
Solve time for step 35.84246850013733
Solve time for step 5.641090631484985
Solve time for step 5.465674161911011
Solve time for step 5.621377229690552
Solve time for step 5.365011692047119
Solve time for step 5.322207689285278
Solve time for step 5.113973617553711
Solve time for step 5.042732238769531
Solve time for step 4.824047565460205
Solve time for step 4.70883846282959
Solve time for step 4.698290586471558
Solve time for step 4.580533027648926
Solve time for step 4.572299003601074
Solve time for step 4.519043207168579
Solve time for step 4.4529383182525635
1 turn
Solve time for step 92.15714836120605
Solve time for step 13.179566383361816
Solve time for step 12.664183616638184
Solve time for step 11.587613344192505
Solve time for step 10.936336517333984
Solve time for step 10.266643762588501
Solve time for step 9.456473112106323
Solve time for step 9.097550630569458
Solve time for step 8.59371042251587
Solve time for step 8.056871175765991
Solve time for step 7.652515411376953
Solve time for step 7.5312745571136475
Solve time for step 7.281059980392456
Solve time for step 7.660099983215332
Solve time for step 6.878902196884155
2 index
Solve time for step 71.02343225479126
Solve time for step 10.653517961502075
Solve time for step 10.402164936065674
Solve time for step 10.472315549850464
Solve time for step 9.653054237365723
Solve time for step 9.342705726623535
Solve time for step 8.952943086624146
Solve time for step 8.708763599395752
Solve time for step 8.416866779327393
Solve time for step 8.192609548568726
Solve time for step 7.974811553955078
Solve time for step 7.706356048583984
Solve time for step 7.82020902633667
Solve time for step 7.597694158554077
Solve time for step 7.3809661865234375
3 thumb_middle
Solve time for step 52.59007215499878
Solve time for step 8.165174961090088
Solve time for step 7.873090982437134
Solve time for step 7.73645544052124
Solve time for step 7.5327136516571045
Solve time for step 7.248886585235596
Solve time for step 7.277897119522095
Solve time for step 7.350978374481201
Solve time for step 6.908072471618652
Solve time for step 6.585568904876709
Solve time for step 6.308374881744385
Solve time for step 6.0571677684783936
Solve time for step 6.243929147720337
Solve time for step 6.064951658248901
Solve time for step 6.087113857269287
4 turn
Solve time for step 91.86532592773438
Solve time for step 13.869939088821411
Solve time for step 12.202844381332397
Solve time for step 11.540292024612427
Solve time for step 10.56025505065918
Solve time for step 10.166256666183472
Solve time for step 9.315305471420288
Solve time for step 9.014174222946167
Solve time for step 8.460232973098755
Solve time for step 7.927441596984863
Solve time for step 7.817584991455078
Solve time for step 7.682188272476196
Solve time for step 7.921772718429565
Solve time for step 7.9384377002716064
Solve time for step 6.997495174407959
5 thumb_middle
Solve time for step 52.02490043640137
Solve time for step 8.056476354598999
Solve time for step 8.0443274974823
Solve time for step 7.655385255813599
Solve time for step 7.173619270324707
Solve time for step 6.99535608291626
Solve time for step 6.904680967330933
Solve time for step 6.584620952606201
Solve time for step 6.353036642074585
Solve time for step 6.263217926025391
Solve time for step 6.184516906738281
Solve time for step 6.348128080368042
Solve time for step 6.2618114948272705
Solve time for step 6.084482669830322
Solve time for step 6.0999438762664795
6 index
Solve time for step 72.2053484916687
Solve time for step 11.215225458145142
Solve time for step 10.579500436782837
Solve time for step 9.944347381591797
Solve time for step 9.983372688293457
Solve time for step 9.687767267227173
Solve time for step 8.82316517829895
Solve time for step 8.859127283096313
Solve time for step 8.333803653717041
Solve time for step 7.756550312042236
Solve time for step 7.526402473449707
Solve time for step 7.377276420593262
Solve time for step 7.416643857955933
Solve time for step 7.436263799667358
Solve time for step 7.079726219177246
7 turn
Solve time for step 91.16714525222778
Solve time for step 13.65501880645752
Solve time for step 12.727983951568604
Solve time for step 12.049665451049805
Solve time for step 11.286072492599487
Solve time for step 10.022518157958984
Solve time for step 9.476307392120361
Solve time for step 9.092688083648682
Solve time for step 8.419197797775269
Solve time for step 7.954052925109863
Solve time for step 7.720187425613403
Solve time for step 7.359932899475098
Solve time for step 7.293302536010742
Solve time for step 6.984999895095825
Solve time for step 7.076036691665649
csvgd, Average time per step: 0.0
{}
0 pregrasp
Solve time for step 35.59354543685913
Solve time for step 5.6872007846832275
Solve time for step 5.610860109329224
Solve time for step 5.479329586029053
Solve time for step 5.428048610687256
Solve time for step 5.220922946929932
Solve time for step 5.121471405029297
Solve time for step 4.991350412368774
Solve time for step 4.765991926193237
Solve time for step 4.731916666030884
Solve time for step 4.635299444198608
Solve time for step 4.478993892669678
Solve time for step 4.409727096557617
Solve time for step 4.634335041046143
Solve time for step 4.657339334487915
1 turn
Solve time for step 92.19847440719604
Solve time for step 13.101173400878906
Solve time for step 12.405485153198242
Solve time for step 11.412254333496094
Solve time for step 10.123409271240234
Solve time for step 9.672979831695557
Solve time for step 9.270937442779541
Solve time for step 8.82321548461914
Solve time for step 8.377200365066528
Solve time for step 8.42077350616455
Solve time for step 7.920058488845825
Solve time for step 7.346415042877197
Solve time for step 7.212390422821045
Solve time for step 7.225166082382202
Solve time for step 6.996595859527588
2 index
Solve time for step 71.36376309394836
Solve time for step 10.654445886611938
Solve time for step 10.22676944732666
Solve time for step 10.449193477630615
Solve time for step 9.65144968032837
Solve time for step 9.225923776626587
Solve time for step 8.65447187423706
Solve time for step 8.367035150527954
Solve time for step 8.4093177318573
Solve time for step 8.222232341766357
Solve time for step 7.97564172744751
Solve time for step 7.613286733627319
Solve time for step 7.4820873737335205
Solve time for step 7.225544452667236
Solve time for step 7.090169668197632
3 thumb_middle
Solve time for step 51.557520627975464
Solve time for step 8.012713432312012
Solve time for step 7.8901526927948
Solve time for step 7.489451169967651
Solve time for step 7.384840250015259
Solve time for step 7.18612265586853
Solve time for step 7.337651252746582
Solve time for step 7.099226951599121
Solve time for step 6.4668967723846436
Solve time for step 6.379139184951782
Solve time for step 6.146052360534668
Solve time for step 6.08660888671875
Solve time for step 6.421429634094238
Solve time for step 6.1626832485198975
Solve time for step 6.109250545501709
4 turn
Solve time for step 91.7491295337677
Solve time for step 13.147183895111084
Solve time for step 12.211161375045776
Solve time for step 11.52224326133728
Solve time for step 10.791165113449097
Solve time for step 10.184942960739136
Solve time for step 9.400052547454834
Solve time for step 8.851231336593628
Solve time for step 8.434084415435791
Solve time for step 8.124086141586304
Solve time for step 7.75499153137207
Solve time for step 7.757263422012329
Solve time for step 7.529125928878784
Solve time for step 7.154385328292847
Solve time for step 6.710240602493286
5 index
Solve time for step 71.43746900558472
Solve time for step 10.922053337097168
Solve time for step 10.005192995071411
Solve time for step 10.046220302581787
Solve time for step 9.650124073028564
Solve time for step 8.960653066635132
Solve time for step 9.022655725479126
Solve time for step 8.795833349227905
Solve time for step 7.799657583236694
Solve time for step 8.021283388137817
Solve time for step 7.869126558303833
Solve time for step 7.495065212249756
Solve time for step 7.378982067108154
Solve time for step 6.823752403259277
Solve time for step 7.450405597686768
6 thumb_middle
Solve time for step 52.980708599090576
Solve time for step 8.128097772598267
Solve time for step 7.496338367462158
Solve time for step 7.59655499458313
Solve time for step 7.4328014850616455
Solve time for step 7.266205787658691
Solve time for step 6.957920789718628
Solve time for step 6.828415632247925
Solve time for step 6.464412212371826
Solve time for step 6.322921276092529
Solve time for step 6.483853816986084
Solve time for step 6.144158124923706
Solve time for step 6.007378339767456
Solve time for step 5.9082818031311035
Solve time for step 6.068341255187988
7 turn
Solve time for step 91.41871762275696
Solve time for step 13.06728720664978
Solve time for step 11.927894115447998
Solve time for step 11.237309455871582
Solve time for step 10.375863790512085
Solve time for step 9.726014614105225
Solve time for step 9.166918992996216
Solve time for step 8.589577913284302
Solve time for step 8.143313884735107
Solve time for step 7.933495759963989
Solve time for step 7.926160097122192
Solve time for step 7.285706996917725
Solve time for step 7.2218451499938965
Solve time for step 7.027538061141968
Solve time for step 6.912573575973511
csvgd, Average time per step: 0.0
{}
0 pregrasp
Solve time for step 35.22817254066467
Solve time for step 5.700144052505493
Solve time for step 5.548987150192261
Solve time for step 5.4794921875
Solve time for step 5.07340669631958
Solve time for step 4.970030784606934
Solve time for step 4.882052421569824
Solve time for step 4.700284957885742
Solve time for step 4.674980640411377
Solve time for step 4.771688938140869
Solve time for step 4.885019779205322
Solve time for step 4.617742300033569
Solve time for step 4.405601263046265
Solve time for step 4.336653709411621
Solve time for step 4.302787780761719
1 turn
Solve time for step 92.48819613456726
Solve time for step 13.745128154754639
Solve time for step 12.443766832351685
Solve time for step 11.470446586608887
Solve time for step 10.539045810699463
Solve time for step 9.486701011657715
Solve time for step 9.804066896438599
Solve time for step 8.758927822113037
Solve time for step 8.209800958633423
Solve time for step 7.920156002044678
Solve time for step 8.038689613342285
Solve time for step 7.362543106079102
Solve time for step 7.239238023757935
Solve time for step 7.212145566940308
Solve time for step 7.212082624435425
2 thumb_middle
Solve time for step 53.407007932662964
Solve time for step 8.164394617080688
Solve time for step 7.765523195266724
Solve time for step 7.5568459033966064
Solve time for step 7.26469087600708
Solve time for step 7.423128128051758
Solve time for step 7.112931251525879
Solve time for step 7.0686681270599365
Solve time for step 6.5763514041900635
Solve time for step 6.2687366008758545
Solve time for step 6.185539245605469
Solve time for step 6.185426235198975
Solve time for step 6.257415294647217
Solve time for step 6.369340658187866
Solve time for step 6.122501611709595
3 index
Solve time for step 72.6694667339325
Solve time for step 10.94485592842102
Solve time for step 10.796035051345825
Solve time for step 10.146722793579102
Solve time for step 10.142043113708496
Solve time for step 9.315980434417725
Solve time for step 8.846924304962158
Solve time for step 8.610972166061401
Solve time for step 8.353455781936646
Solve time for step 8.190031290054321
Solve time for step 7.744048595428467
Solve time for step 7.595044136047363
Solve time for step 7.493355989456177
Solve time for step 7.476522207260132
Solve time for step 7.143014907836914
4 turn
Solve time for step 91.5886082649231
Solve time for step 13.232721090316772
Solve time for step 12.355067729949951
Solve time for step 11.685970306396484
Solve time for step 10.649709939956665
Solve time for step 9.921686172485352
Solve time for step 9.368065357208252
Solve time for step 8.895219087600708
Solve time for step 8.145533084869385
Solve time for step 7.711155652999878
Solve time for step 7.512925863265991
Solve time for step 7.276322603225708
Solve time for step 7.2288477420806885
Solve time for step 7.015908241271973
Solve time for step 6.898870468139648
5 index
Solve time for step 71.54392194747925
Solve time for step 11.197522401809692
Solve time for step 10.52827763557434
Solve time for step 9.871097326278687
Solve time for step 9.597806215286255
Solve time for step 9.115331888198853
Solve time for step 8.572648048400879
Solve time for step 8.229857444763184
Solve time for step 7.977558374404907
Solve time for step 7.8472394943237305
Solve time for step 7.847304105758667
Solve time for step 7.427027702331543
Solve time for step 7.536031484603882
Solve time for step 7.37069034576416
Solve time for step 7.2270660400390625
6 thumb_middle
Solve time for step 52.01485204696655
Solve time for step 8.220571756362915
Solve time for step 7.692534685134888
Solve time for step 7.535820245742798
Solve time for step 7.320104122161865
Solve time for step 6.974067687988281
Solve time for step 6.938642740249634
Solve time for step 6.808964252471924
Solve time for step 6.469735860824585
Solve time for step 6.741181373596191
Solve time for step 6.251148462295532
Solve time for step 6.245439529418945
Solve time for step 6.086919784545898
Solve time for step 5.835456609725952
Solve time for step 5.796635389328003
7 turn
Solve time for step 91.63301062583923
Solve time for step 13.402554273605347
Solve time for step 12.638186693191528
Solve time for step 11.79394006729126
Solve time for step 10.751426935195923
Solve time for step 10.213405132293701
Solve time for step 9.238279104232788
Solve time for step 8.701858282089233
Solve time for step 8.438458681106567
Solve time for step 7.979777097702026
Solve time for step 7.791698694229126
Solve time for step 7.692501068115234
Solve time for step 7.341797351837158
Solve time for step 7.07215690612793
Solve time for step 7.118293523788452
csvgd, Average time per step: 0.0
{}
0 pregrasp
Solve time for step 36.120999574661255
Solve time for step 5.630280494689941
Solve time for step 5.571789264678955
Solve time for step 5.348987579345703
Solve time for step 5.4176647663116455
Solve time for step 5.310521602630615
Solve time for step 5.064299821853638
Solve time for step 4.923062801361084
Solve time for step 5.039094686508179
Solve time for step 4.814214706420898
Solve time for step 4.655848741531372
Solve time for step 4.624760627746582
Solve time for step 4.55711555480957
Solve time for step 4.626758575439453
Solve time for step 4.341352224349976
1 turn
Solve time for step 91.75536012649536
Solve time for step 13.173603534698486
Solve time for step 12.529757261276245
Solve time for step 11.749186754226685
Solve time for step 10.861686944961548
Solve time for step 10.534010887145996
Solve time for step 9.426041841506958
Solve time for step 8.745405673980713
Solve time for step 8.55577802658081
Solve time for step 8.158007144927979
Solve time for step 7.86994743347168
Solve time for step 8.011220216751099
Solve time for step 8.291875123977661
Solve time for step 7.826411724090576
Solve time for step 8.660364389419556
2 index
Solve time for step 79.53834819793701
Solve time for step 11.80982255935669
Solve time for step 11.400038003921509
Solve time for step 10.548515796661377
Solve time for step 10.629603624343872
Solve time for step 9.613367557525635
Solve time for step 9.21347689628601
Solve time for step 9.214434623718262
Solve time for step 8.72560453414917
Solve time for step 8.674859046936035
Solve time for step 8.424212455749512
Solve time for step 8.035078287124634
Solve time for step 8.074790000915527
Solve time for step 7.813339948654175
Solve time for step 8.025787830352783
3 thumb_middle
Solve time for step 56.02394676208496
Solve time for step 8.91012167930603
Solve time for step 8.53328561782837
Solve time for step 7.956689119338989
Solve time for step 7.885733127593994
Solve time for step 7.5286784172058105
Solve time for step 7.3926990032196045
Solve time for step 7.425919771194458
Solve time for step 7.042553663253784
Solve time for step 6.917067766189575
Solve time for step 6.927292346954346
Solve time for step 6.5621490478515625
Solve time for step 6.427637338638306
Solve time for step 6.292237997055054
Solve time for step 6.565889835357666
4 turn
Solve time for step 99.13743019104004
Solve time for step 14.686070203781128
Solve time for step 13.544384717941284
Solve time for step 13.15494966506958
Solve time for step 11.795629978179932
Solve time for step 11.36791181564331
Solve time for step 10.043296337127686
Solve time for step 9.599105834960938
Solve time for step 8.759148597717285
Solve time for step 8.969393014907837
Solve time for step 8.596835374832153
Solve time for step 8.281264781951904
Solve time for step 7.752010822296143
Solve time for step 7.543221950531006
Solve time for step 7.375448226928711
5 index
Solve time for step 81.19867324829102
Solve time for step 13.235635042190552
Solve time for step 12.744910478591919
Solve time for step 11.70321774482727
Solve time for step 11.916306257247925
Solve time for step 11.293187379837036
Solve time for step 10.238776206970215
Solve time for step 9.805954694747925
Solve time for step 9.299331665039062
Solve time for step 9.201639413833618
Solve time for step 9.244378566741943
Solve time for step 8.638793230056763
Solve time for step 8.93678617477417
Solve time for step 8.338255643844604
Solve time for step 8.322818994522095
6 thumb_middle
Solve time for step 63.805397033691406
Solve time for step 9.691715478897095
Solve time for step 9.282076835632324
Solve time for step 8.967853784561157
Solve time for step 8.613404989242554
Solve time for step 8.490909099578857
Solve time for step 7.993070363998413
Solve time for step 8.092265605926514
Solve time for step 7.467488050460815
Solve time for step 7.432762861251831
Solve time for step 7.331446170806885
Solve time for step 7.342019557952881
Solve time for step 7.234153509140015
Solve time for step 7.245103120803833
Solve time for step 7.476693153381348
7 turn
Solve time for step 114.5092306137085
Solve time for step 16.664031744003296
Solve time for step 13.44512128829956
Solve time for step 12.586859941482544
Solve time for step 11.663921356201172
Solve time for step 11.316511631011963
Solve time for step 11.309115409851074
Solve time for step 10.030530214309692
Solve time for step 9.410717964172363
Solve time for step 8.599060773849487
Solve time for step 8.566717624664307
Solve time for step 8.133646011352539
Solve time for step 7.597134828567505
Solve time for step 7.752473592758179
Solve time for step 7.196708917617798
csvgd, Average time per step: 0.0
{}
0 pregrasp
Solve time for step 39.67925000190735
Solve time for step 6.318077564239502
Solve time for step 6.113063812255859
Solve time for step 5.9213478565216064
Solve time for step 5.750650405883789
Solve time for step 5.662684917449951
Solve time for step 5.6376261711120605
Solve time for step 5.424917697906494
Solve time for step 5.188130140304565
Solve time for step 5.077240943908691
Solve time for step 5.059629678726196
Solve time for step 5.235681533813477
Solve time for step 4.96486234664917
Solve time for step 4.944917678833008
Solve time for step 4.907859802246094
1 turn
Solve time for step 100.96590256690979
Solve time for step 15.474745273590088
Solve time for step 13.98980712890625
Solve time for step 12.69522213935852
Solve time for step 11.881156921386719
Solve time for step 11.47008991241455
Solve time for step 10.58571481704712
Solve time for step 10.064813613891602
Solve time for step 9.528934717178345
Solve time for step 8.986725091934204
Solve time for step 8.699850082397461
Solve time for step 7.987417936325073
Solve time for step 7.764865398406982
Solve time for step 8.343749046325684
Solve time for step 7.788010120391846
2 index
Solve time for step 82.22045516967773
Solve time for step 12.213992357254028
Solve time for step 11.48421049118042
Solve time for step 11.033110618591309
Solve time for step 10.26474642753601
Solve time for step 9.745825052261353
Solve time for step 9.400210857391357
Solve time for step 9.304799795150757
Solve time for step 9.266114950180054
Solve time for step 8.610286712646484
Solve time for step 8.520868301391602
Solve time for step 8.188045501708984
Solve time for step 8.404418230056763
Solve time for step 8.312817096710205
Solve time for step 8.074243783950806
3 thumb_middle
Solve time for step 57.87409996986389
Solve time for step 9.02554440498352
Solve time for step 8.59295392036438
Solve time for step 8.536160230636597
Solve time for step 8.151357173919678
Solve time for step 7.742034196853638
Solve time for step 7.1923229694366455
Solve time for step 7.4763503074646
Solve time for step 7.179089546203613
Solve time for step 7.004128456115723
Solve time for step 7.069388151168823
Solve time for step 6.975658178329468
Solve time for step 6.685214519500732
Solve time for step 6.612185478210449
Solve time for step 6.752953290939331
4 turn
Solve time for step 102.8051266670227
Solve time for step 14.876983880996704
Solve time for step 13.434236288070679
Solve time for step 12.961328506469727
Solve time for step 11.841639995574951
Solve time for step 11.123908996582031
Solve time for step 10.143923282623291
Solve time for step 10.68881344795227
Solve time for step 9.9624605178833
Solve time for step 9.53481125831604
Solve time for step 9.570542335510254
Solve time for step 8.386063814163208
Solve time for step 8.270195722579956
Solve time for step 8.565524101257324
Solve time for step 7.742277145385742
5 index
Solve time for step 80.5618736743927
Solve time for step 12.170169115066528
Solve time for step 12.127061367034912
Solve time for step 11.76635217666626
Solve time for step 10.745209455490112
Solve time for step 10.23496413230896
Solve time for step 9.734180927276611
Solve time for step 9.376612663269043
Solve time for step 9.473862648010254
Solve time for step 9.278783082962036
Solve time for step 8.762584209442139
Solve time for step 8.771389961242676
Solve time for step 8.567710638046265
Solve time for step 8.310734987258911
Solve time for step 8.407511711120605
6 thumb_middle
Solve time for step 58.06577706336975
Solve time for step 9.132298946380615
Solve time for step 8.899057388305664
Solve time for step 8.443198442459106
Solve time for step 8.430995225906372
Solve time for step 8.11397910118103
Solve time for step 7.8402674198150635
Solve time for step 7.526456117630005
Solve time for step 7.446547269821167
Solve time for step 7.370239973068237
Solve time for step 7.102800607681274
Solve time for step 7.002680063247681
Solve time for step 6.9100260734558105
Solve time for step 6.9553446769714355
Solve time for step 6.65688681602478
7 turn
Solve time for step 99.73887825012207
Solve time for step 14.764610767364502
Solve time for step 13.590006351470947
Solve time for step 13.204821825027466
Solve time for step 11.961374521255493
Solve time for step 11.637061834335327
Solve time for step 10.443113327026367
Solve time for step 10.253679752349854
Solve time for step 8.808334589004517
Solve time for step 8.922335863113403
Solve time for step 8.964298725128174
Solve time for step 8.765438795089722
Solve time for step 8.686097383499146
Solve time for step 7.9439191818237305
Solve time for step 7.71908974647522
csvgd, Average time per step: 0.0
{}
