Importing module 'gym_38' (/home/abhinav/Documents/isaacgym/python/isaacgym/_bindings/linux-x86_64/gym_38.so)
Setting GYM_USD_PLUG_INFO_PATH to /home/abhinav/Documents/isaacgym/python/isaacgym/_bindings/linux-x86_64/usd/plugInfo.json
PyTorch version 2.4.1+cu121
Device count 2
/home/abhinav/Documents/isaacgym/python/isaacgym/_bindings/src/gymtorch
ninja: no work to do.
No ROS install found, continuing
CCAI_PATH /home/abhinav/Documents/ccai
Not connected to PVD
Physics Engine: PhysX
Physics Device: cpu
GPU Pipeline: disabled
Using VHACD cache directory '/home/abhinav/.isaacgym/vhacd'
Found existing convex decomposition for mesh '/home/abhinav/Documents/github/isaacgym-arm-envs/isaac_victor_envs/assets/xela_models/mesh/allegro/base_ns.stl'
Found existing convex decomposition for mesh '/home/abhinav/Documents/github/isaacgym-arm-envs/isaac_victor_envs/assets/xela_models/mesh/allegro/link_1.0.stl'
Found existing convex decomposition for mesh '/home/abhinav/Documents/github/isaacgym-arm-envs/isaac_victor_envs/assets/xela_models/mesh/ft_c.stl'
[ models/temporal ] Channel dimensions: [(37, 128), (128, 256), (256, 512)]
[ models/temporal ] Channel dimensions: [(37, 128), (128, 256), (256, 512)]

Trial 1
No action perturbation this trial
Random perturbation %: 0.33
Loaded trajectory sampler
Current yaw: tensor([ 0.0174,  0.0215, -1.2072], device='cuda:0')
Current yaw: tensor([ 0.0174,  0.0215, -1.2072], device='cuda:0')
1 turn
Likelihood: -94.02461242675781
Sampling time 4.034811999998055
tensor([ 0.1402,  0.6143,  0.5779,  0.6154, -0.0849,  0.5451,  0.8876,  0.9480,
         1.2573,  0.2422,  0.2505,  1.2246,  0.0174,  0.0215, -1.2072],
       device='cuda:0')
Solve time for step 1 (global step 0) 9.9271333499928
Current ori: tensor([ 0.0174,  0.0215, -1.2072], device='cuda:0')
Middle force: tensor([0.9822, 0.8051, 0.7000, 0.8285, 1.2877, 0.5521, 1.6583, 0.6310, 0.8615,
        0.8568, 2.2726, 1.7592], device='cuda:0')
Thumb force: tensor([1.2114, 0.9313, 1.0586, 0.8433, 1.8776, 1.1418, 1.8531, 0.5807, 1.6109,
        0.8006, 1.6321, 1.3250], device='cuda:0')
Index force: tensor([0.9420, 0.8297, 0.9409, 0.6816, 1.0148, 0.6170, 0.5085, 0.5626, 0.5148,
        0.6595, 1.0962, 0.5171], device='cuda:0')
tensor([ 0.1314,  0.6454,  0.5530,  0.5694, -0.0997,  0.5414,  0.8795,  0.9777,
         1.2599,  0.2699,  0.2609,  1.1603,  0.0048,  0.0066, -1.2780],
       device='cuda:0')
Likelihood: -59.617576599121094
Solve time for step 2 (global step 1) 9.608205576019827
Current ori: tensor([ 0.0048,  0.0066, -1.2780], device='cuda:0')
Middle force: tensor([0.8111, 0.7251, 0.8352, 1.2922, 0.5485, 1.6276, 0.6223, 0.8324, 0.8447,
        2.2230, 1.7174], device='cuda:0')
Thumb force: tensor([0.8983, 1.0031, 0.8062, 1.7892, 1.1068, 1.7736, 0.5687, 1.5650, 0.7644,
        1.5534, 1.2787], device='cuda:0')
Index force: tensor([0.8201, 0.9131, 0.6673, 0.9893, 0.6068, 0.5065, 0.5572, 0.5120, 0.6516,
        1.0745, 0.5135], device='cuda:0')
tensor([ 1.3482e-01,  6.6983e-01,  5.3987e-01,  5.3647e-01, -9.1614e-02,
         5.2400e-01,  8.8341e-01,  1.0382e+00,  1.2630e+00,  2.8263e-01,
         2.6664e-01,  1.1040e+00, -2.1493e-03,  1.2938e-03, -1.3916e+00],
       device='cuda:0')
Likelihood: -89.08372497558594
Solve time for step 3 (global step 2) 8.783915881998837
Current ori: tensor([-2.1493e-03,  1.2938e-03, -1.3916e+00], device='cuda:0')
Middle force: tensor([0.7253, 0.8309, 1.2730, 0.5453, 1.5913, 0.6142, 0.8045, 0.8266, 2.1638,
        1.6719], device='cuda:0')
Thumb force: tensor([1.0036, 0.8038, 1.7381, 1.0745, 1.7094, 0.5600, 1.5291, 0.7403, 1.4927,
        1.2420], device='cuda:0')
Index force: tensor([0.8742, 0.6473, 0.9609, 0.5987, 0.5050, 0.5523, 0.5096, 0.6430, 1.0542,
        0.5110], device='cuda:0')
tensor([ 0.1252,  0.6791,  0.5258,  0.5185, -0.0986,  0.5181,  0.8796,  1.0541,
         1.2834,  0.2848,  0.2775,  1.0369, -0.0058,  0.0066, -1.4497],
       device='cuda:0')
Likelihood: -98.642333984375
Solve time for step 4 (global step 3) 9.070041453989688
Current ori: tensor([-0.0058,  0.0066, -1.4497], device='cuda:0')
Middle force: tensor([0.8269, 1.2581, 0.5427, 1.5555, 0.6065, 0.7772, 0.8094, 2.1034, 1.6275],
       device='cuda:0')
Thumb force: tensor([0.7998, 1.6912, 1.0453, 1.6504, 0.5528, 1.4998, 0.7185, 1.4416, 1.2083],
       device='cuda:0')
Index force: tensor([0.6313, 0.9360, 0.5916, 0.5039, 0.5482, 0.5076, 0.6352, 1.0321, 0.5090],
       device='cuda:0')
Applying force: tensor([[-0.7673, -0.6723,  0.0000]]) at position: (0.015, 0.013, 0.049)
tensor([ 0.1300,  0.7022,  0.5054,  0.5061, -0.0897,  0.5094,  0.8927,  1.0826,
         1.2942,  0.2880,  0.2861,  0.9577, -0.0124,  0.0018, -1.5520],
       device='cuda:0')
Likelihood: -113.81562805175781
Solve time for step 5 (global step 4) 8.69513782300055
Current ori: tensor([-0.0124,  0.0018, -1.5520], device='cuda:0')
Middle force: tensor([1.2412, 0.5400, 1.5210, 0.6001, 0.7558, 0.7943, 2.0483, 1.5881],
       device='cuda:0')
Thumb force: tensor([1.6407, 1.0189, 1.5956, 0.5465, 1.4705, 0.6989, 1.3940, 1.1764],
       device='cuda:0')
Index force: tensor([0.9149, 0.5863, 0.5031, 0.5447, 0.5061, 0.6284, 1.0102, 0.5074],
       device='cuda:0')
tensor([ 1.3333e-01,  7.1287e-01,  4.9820e-01,  4.9795e-01, -8.2429e-02,
         4.9235e-01,  9.1475e-01,  1.1211e+00,  1.3100e+00,  3.2781e-01,
         3.0009e-01,  8.5885e-01, -1.4591e-02, -3.4234e-04, -1.6810e+00],
       device='cuda:0')
Likelihood: -150.23696899414062
Solve time for step 6 (global step 5) 8.232973512029275
Current ori: tensor([-1.4591e-02, -3.4234e-04, -1.6810e+00], device='cuda:0')
Middle force: tensor([0.5367, 1.4909, 0.5927, 0.7322, 0.7820, 1.9932, 1.5456],
       device='cuda:0')
Thumb force: tensor([0.9910, 1.5390, 0.5406, 1.4490, 0.6789, 1.3499, 1.1502],
       device='cuda:0')
Index force: tensor([0.5801, 0.5023, 0.5412, 0.5047, 0.6216, 0.9916, 0.5062],
       device='cuda:0')
tensor([ 0.1197,  0.7222,  0.4760,  0.4750, -0.0934,  0.4894,  0.9193,  1.1223,
         1.3312,  0.3526,  0.3081,  0.8073, -0.0181,  0.0071, -1.7310],
       device='cuda:0')
Likelihood: -168.043212890625
Solve time for step 7 (global step 6) 7.2257581779849716
Current ori: tensor([-0.0181,  0.0071, -1.7310], device='cuda:0')
Middle force: tensor([1.4585, 0.5866, 0.7118, 0.7701, 1.9400, 1.5052], device='cuda:0')
Thumb force: tensor([1.4946, 0.5364, 1.4271, 0.6638, 1.3111, 1.1256], device='cuda:0')
Index force: tensor([0.5017, 0.5381, 0.5037, 0.6151, 0.9733, 0.5053], device='cuda:0')
tensor([ 0.1253,  0.7274,  0.4747,  0.4730, -0.0846,  0.4782,  0.9363,  1.1519,
         1.3634,  0.3281,  0.3148,  0.7343, -0.0190,  0.0043, -1.8267],
       device='cuda:0')
Likelihood: -193.55145263671875
State is out of distribution
Final likelihood: tensor([ -3.1934,  -3.3870,  -4.0633,  -4.3154,  -4.4474,  -4.6576,  -5.1152,
         -5.5483,  -6.0802,  -6.5319,  -7.2037,  -7.2838,  -8.4804,  -9.2119,
         -9.9739, -12.6806], device='cuda:0', grad_fn=<IndexBackward0>)
Final likelihood: tensor([ -3.1934,  -3.3870,  -4.0633,  -4.3154,  -4.4474,  -4.6576,  -5.1152,
         -5.5483,  -6.0802,  -6.5319,  -7.2037,  -7.2838,  -8.4804,  -9.2119,
         -9.9739, -12.6806], device='cuda:0', grad_fn=<IndexBackward0>)
1 mode projection succeeded
New goal: tensor([ 0.1171,  0.6245,  0.5228,  0.5917, -0.1184,  0.5467,  0.9180,  0.8419,
         1.2037,  0.3088,  0.2581,  1.2275, -0.0093,  0.0110, -1.8274],
       device='cuda:0')
tensor([[0.0005]], device='cuda:0') tensor([[0.0003]], device='cuda:0') tensor([[0.0006]], device='cuda:0')
Likelihood: -73.15020751953125
Likelihood: -172.96087646484375
{'index': 172.96087646484375, 'thumb_middle': 73.15020751953125}
Plan time: 24.29909846407827
Current yaw: tensor([-0.0189,  0.0044, -1.8274], device='cuda:0')
2 thumb_middle
tensor([ 0.1254,  0.7275,  0.4747,  0.4730, -0.0846,  0.4781,  0.9364,  1.1520,
         1.3636,  0.3280,  0.3147,  0.7341, -0.0189,  0.0044, -1.8274],
       device='cuda:0')
Solve time for step 1 (global step 7) 0.23554392298683524
Current ori: tensor([-0.0189,  0.0044, -1.8274], device='cuda:0')
Index force: tensor([0.5515, 0.5632, 0.5628], device='cuda:0')
tensor([ 0.1259,  0.7146,  0.4853,  0.5021, -0.1860,  0.4765,  0.8874,  1.0158,
         1.2700,  0.3198,  0.2195,  0.8718, -0.0144,  0.0041, -1.8274],
       device='cuda:0')
Solve time for step 2 (global step 8) 6.758860094007105
Current ori: tensor([-0.0144,  0.0041, -1.8274], device='cuda:0')
Index force: tensor([0.5553, 0.5561], device='cuda:0')
tensor([ 0.1260,  0.7054,  0.4925,  0.5137, -0.2087,  0.4972,  0.8749,  0.9293,
         1.2117,  0.2875,  0.1992,  1.0212, -0.0118,  0.0047, -1.8274],
       device='cuda:0')
Solve time for step 3 (global step 9) 5.5333178479922935
Current ori: tensor([-0.0118,  0.0047, -1.8274], device='cuda:0')
Index force: tensor([0.4989], device='cuda:0')
Current yaw: tensor([-0.0105,  0.0025, -1.8114], device='cuda:0')
3 turn
Likelihood: -64.59565734863281
Sampling time 4.203143884020392
tensor([ 0.1291,  0.7118,  0.4891,  0.5077, -0.1240,  0.5707,  0.9198,  0.9282,
         1.2321,  0.3086,  0.2586,  1.1645, -0.0105,  0.0025, -1.8114],
       device='cuda:0')
Solve time for step 1 (global step 10) 10.559124658000655
Current ori: tensor([-0.0105,  0.0025, -1.8114], device='cuda:0')
Middle force: tensor([0.9528, 1.3821, 0.6889, 0.6281, 0.6891, 1.0985, 0.6486, 0.5386, 0.5519,
        0.5249, 0.5530, 0.5400], device='cuda:0')
Thumb force: tensor([0.7020, 0.7297, 1.2117, 0.9646, 1.4676, 0.6691, 2.0351, 0.6918, 0.8674,
        1.0621, 0.6261, 0.5170], device='cuda:0')
Index force: tensor([1.3235, 0.8799, 0.8786, 1.1480, 0.8670, 1.0793, 0.9791, 0.7086, 0.9306,
        0.7001, 0.9390, 0.6142], device='cuda:0')
Applying force: tensor([[ 0.6249, -0.5133,  0.0000]]) at position: (-0.016, 0.012, 0.040)
tensor([ 0.1126,  0.7505,  0.4306,  0.4542, -0.1304,  0.5607,  0.9170,  0.9555,
         1.2529,  0.3039,  0.2886,  1.0674, -0.0200,  0.0077, -1.9102],
       device='cuda:0')
Likelihood: -90.62098693847656
Solve time for step 2 (global step 11) 10.18755831202725
Current ori: tensor([-0.0200,  0.0077, -1.9102], device='cuda:0')
Middle force: tensor([1.2076, 2.5752, 0.5050, 1.0561, 0.9666, 0.9387, 0.8593, 0.9872, 0.8595,
        0.6898, 0.8930], device='cuda:0')
Thumb force: tensor([1.4299, 1.1410, 1.4160, 0.8243, 0.9741, 0.6120, 1.1336, 0.6315, 0.7981,
        0.6074, 1.3376], device='cuda:0')
Index force: tensor([0.9877, 0.9191, 0.5800, 1.0658, 0.9991, 0.6773, 0.6069, 0.9806, 0.6907,
        0.7020, 0.7002], device='cuda:0')
tensor([ 0.0997,  0.7581,  0.4187,  0.4048, -0.1416,  0.5603,  0.8910,  1.0026,
         1.3492,  0.2194,  0.2337,  1.0445, -0.0251,  0.0164, -1.9875],
       device='cuda:0')
Likelihood: -105.09577941894531
Solve time for step 3 (global step 12) 9.640294980024919
Current ori: tensor([-0.0251,  0.0164, -1.9875], device='cuda:0')
Middle force: tensor([2.4093, 0.5065, 0.9978, 0.9551, 1.0267, 0.7725, 1.1836, 0.5000, 0.7899,
        0.5556], device='cuda:0')
Thumb force: tensor([1.1488, 1.3281, 0.8154, 0.9608, 1.2092, 0.9231, 0.7315, 0.7406, 1.0454,
        1.1525], device='cuda:0')
Index force: tensor([0.8726, 0.5763, 1.0189, 0.9548, 1.2751, 1.0312, 0.6193, 0.7510, 1.1358,
        0.5985], device='cuda:0')
tensor([ 0.1156,  0.7455,  0.4515,  0.4275, -0.1246,  0.5346,  0.9215,  1.0916,
         1.4160,  0.1095,  0.2044,  0.9810, -0.0215,  0.0056, -2.1603],
       device='cuda:0')
Likelihood: -169.1591796875
Solve time for step 4 (global step 13) 9.218677895027213
Current ori: tensor([-0.0215,  0.0056, -2.1603], device='cuda:0')
Middle force: tensor([0.6675, 0.7436, 1.1246, 0.6341, 0.5498, 0.5259, 0.5238, 0.5277, 0.5310],
       device='cuda:0')
Thumb force: tensor([0.8923, 1.3387, 0.6275, 1.8814, 0.6231, 0.8170, 0.9565, 0.6085, 0.5077],
       device='cuda:0')
Index force: tensor([1.0477, 0.8085, 0.9973, 0.9070, 0.7055, 0.9030, 0.6715, 0.9152, 0.6005],
       device='cuda:0')
Applying force: tensor([[-0.1468, -0.7879,  0.0000]]) at position: (0.002, 0.020, 0.070)
tensor([ 0.1212,  0.7725,  0.4158,  0.4179, -0.1325,  0.5433,  0.9435,  1.0931,
         1.3830,  0.2032,  0.2448,  0.8841, -0.0296,  0.0037, -2.1946],
       device='cuda:0')
Likelihood: -160.00057983398438
Solve time for step 5 (global step 14) 8.79853443900356
Current ori: tensor([-0.0296,  0.0037, -2.1946], device='cuda:0')
Middle force: tensor([1.0042, 0.9197, 0.8406, 0.7917, 0.8974, 0.8024, 0.6439, 0.7897],
       device='cuda:0')
Thumb force: tensor([0.7140, 0.8251, 0.5467, 1.0307, 0.5760, 0.7056, 0.5611, 1.2191],
       device='cuda:0')
Index force: tensor([0.9431, 0.8533, 0.5950, 0.5614, 0.8865, 0.6400, 0.6458, 0.6398],
       device='cuda:0')
tensor([ 1.2334e-01,  7.8563e-01,  4.0042e-01,  3.7762e-01, -1.2134e-01,
         5.3437e-01,  9.5782e-01,  1.1218e+00,  1.4351e+00,  1.3345e-01,
         2.4209e-01,  8.1266e-01, -3.0257e-02, -1.7613e-03, -2.2829e+00],
       device='cuda:0')
Likelihood: -205.6192626953125
State is out of distribution
Final likelihood: tensor([-2.7624, -3.5615, -3.7948, -3.8034, -3.9209, -4.4559, -4.6747, -5.2209,
        -5.7836, -6.0096, -6.3612, -6.6053, -6.8192, -7.5683, -8.4685, -8.6028],
       device='cuda:0', grad_fn=<IndexBackward0>)
Final likelihood: tensor([-2.7624, -3.5615, -3.7948, -3.8034, -3.9209, -4.4559, -4.6747, -5.2209,
        -5.7836, -6.0096, -6.3612, -6.6053, -6.8192, -7.5683, -8.4685, -8.6028],
       device='cuda:0', grad_fn=<IndexBackward0>)
1 mode projection succeeded
New goal: tensor([ 0.1171,  0.6241,  0.5233,  0.5919, -0.1187,  0.5469,  0.9171,  0.8425,
         1.2033,  0.3096,  0.2570,  1.2285, -0.0091,  0.0109, -2.2834],
       device='cuda:0')
tensor([[0.0004]], device='cuda:0') tensor([[0.0004]], device='cuda:0') tensor([[0.0006]], device='cuda:0')
Likelihood: -77.30068969726562
Likelihood: -168.03790283203125
{'index': 168.03790283203125, 'thumb_middle': 77.30068969726562}
Plan time: 20.17070940200938
Current yaw: tensor([-3.0266e-02, -1.8062e-03, -2.2834e+00], device='cuda:0')
4 thumb_middle
tensor([ 1.2325e-01,  7.8561e-01,  4.0041e-01,  3.7756e-01, -1.2118e-01,
         5.3423e-01,  9.5795e-01,  1.1220e+00,  1.4354e+00,  1.3327e-01,
         2.4192e-01,  8.1241e-01, -3.0266e-02, -1.8062e-03, -2.2834e+00],
       device='cuda:0')
Solve time for step 1 (global step 15) 0.410114275990054
Current ori: tensor([-3.0266e-02, -1.8062e-03, -2.2834e+00], device='cuda:0')
Index force: tensor([0.5622, 0.5752, 0.5719], device='cuda:0')
tensor([ 1.1322e-01,  7.4837e-01,  4.3464e-01,  4.5596e-01, -2.1348e-01,
         4.9217e-01,  9.1974e-01,  1.0203e+00,  1.3167e+00,  1.8681e-01,
         1.7656e-01,  9.2312e-01, -1.4748e-02,  1.8285e-03, -2.2834e+00],
       device='cuda:0')
Solve time for step 2 (global step 16) 5.494183200004045
Current ori: tensor([-1.4748e-02,  1.8285e-03, -2.2834e+00], device='cuda:0')
Index force: tensor([0.5669, 0.5659], device='cuda:0')
Applying force: tensor([[-0.7766, -0.4288,  0.0000]]) at position: (0.018, 0.008, 0.092)
tensor([ 0.1077,  0.7256,  0.4504,  0.4955, -0.2312,  0.5026,  0.9002,  0.9328,
         1.2528,  0.2377,  0.1589,  1.0386, -0.0096,  0.0046, -2.2965],
       device='cuda:0')
Solve time for step 3 (global step 17) 4.936422723985743
Current ori: tensor([-0.0096,  0.0046, -2.2965], device='cuda:0')
Index force: tensor([0.5561], device='cuda:0')
Current yaw: tensor([-1.7065e-02,  1.1158e-03, -2.2876e+00], device='cuda:0')
5 turn
Likelihood: -101.21385955810547
Sampling time 4.0698938890127465
tensor([ 1.1217e-01,  7.5629e-01,  4.1710e-01,  4.6473e-01, -1.2502e-01,
         5.7600e-01,  9.3811e-01,  8.8231e-01,  1.2667e+00,  2.7209e-01,
         2.2750e-01,  1.1723e+00, -1.7065e-02,  1.1158e-03, -2.2876e+00],
       device='cuda:0')
Solve time for step 1 (global step 18) 10.70801100198878
Current ori: tensor([-1.7065e-02,  1.1158e-03, -2.2876e+00], device='cuda:0')
Middle force: tensor([0.9907, 1.2597, 2.7319, 0.5222, 0.7984, 0.4982, 0.7977, 0.8296, 0.9074,
        1.3353, 0.8878, 0.8266], device='cuda:0')
Thumb force: tensor([0.7821, 1.5385, 1.1540, 1.5243, 1.0246, 1.0725, 0.6674, 0.7006, 0.5556,
        0.5868, 1.2942, 0.7346], device='cuda:0')
Index force: tensor([1.1735, 0.9925, 0.9567, 0.5713, 0.7820, 0.7340, 0.6610, 0.5836, 0.5687,
        0.7876, 0.6093, 0.5670], device='cuda:0')
Applying force: tensor([[-0.3306, -0.7922,  0.0000]]) at position: (0.007, 0.019, 0.095)
tensor([ 1.0584e-01,  7.8966e-01,  3.7068e-01,  3.8120e-01, -1.2716e-01,
         5.6882e-01,  9.2257e-01,  9.6032e-01,  1.3383e+00,  1.9179e-01,
         2.2142e-01,  1.0589e+00, -3.1686e-02,  3.3601e-04, -2.3694e+00],
       device='cuda:0')
Likelihood: -129.66075134277344
Solve time for step 2 (global step 19) 10.571882247983012
Current ori: tensor([-3.1686e-02,  3.3601e-04, -2.3694e+00], device='cuda:0')
Middle force: tensor([1.2265, 2.6351, 0.5157, 1.1049, 1.0237, 0.6113, 0.8102, 1.0059, 0.6428,
        0.8246, 1.3336], device='cuda:0')
Thumb force: tensor([1.4861, 1.1173, 1.4172, 0.7742, 1.0048, 0.5636, 0.8204, 0.9637, 0.5038,
        0.9670, 2.1552], device='cuda:0')
Index force: tensor([0.9626, 0.9362, 0.5949, 1.0762, 1.0135, 0.6167, 0.7512, 1.2192, 0.5685,
        0.8521, 0.6325], device='cuda:0')
Applying force: tensor([[ 0.6646, -0.2749,  0.0000]]) at position: (-0.019, 0.007, 0.093)
tensor([ 0.0800,  0.7854,  0.3602,  0.3364, -0.1313,  0.6020,  0.9101,  1.0035,
         1.3825,  0.1290,  0.1880,  1.0277, -0.0312, -0.0102, -2.5008],
       device='cuda:0')
Likelihood: -167.7293701171875
Solve time for step 3 (global step 20) 9.680687969957944
Current ori: tensor([-0.0312, -0.0102, -2.5008], device='cuda:0')
Middle force: tensor([2.5013, 0.5156, 1.1192, 1.0305, 0.5946, 0.8054, 1.0315, 0.6370, 0.8318,
        1.2810], device='cuda:0')
Thumb force: tensor([1.0933, 1.3161, 0.7064, 0.9263, 0.5403, 0.7638, 0.8537, 0.5006, 0.8916,
        2.0842], device='cuda:0')
Index force: tensor([0.8864, 0.5779, 1.0304, 0.9453, 0.5948, 0.7227, 1.1706, 0.5526, 0.8199,
        0.6133], device='cuda:0')
tensor([ 0.0858,  0.7587,  0.4026,  0.3917, -0.1257,  0.5871,  0.9291,  1.0759,
         1.4416,  0.0393,  0.1940,  0.9313, -0.0347, -0.0123, -2.6615],
       device='cuda:0')
Likelihood: -207.6982879638672
State is out of distribution
Final likelihood: tensor([-3.9573, -4.0848, -4.1486, -4.5538, -4.6293, -4.6827, -4.8816, -4.9230,
        -5.0463, -5.2770, -5.5941, -6.2193, -6.3721, -7.0067, -8.5789, -8.5950],
       device='cuda:0', grad_fn=<IndexBackward0>)
Final likelihood: tensor([-3.9573, -4.0848, -4.1486, -4.5538, -4.6293, -4.6827, -4.8816, -4.9230,
        -5.0463, -5.2770, -5.5941, -6.2193, -6.3721, -7.0067, -8.5789, -8.5950],
       device='cuda:0', grad_fn=<IndexBackward0>)
1 mode projection succeeded
New goal: tensor([ 0.1172,  0.6239,  0.5233,  0.5930, -0.1190,  0.5470,  0.9174,  0.8440,
         1.2038,  0.3089,  0.2563,  1.2283, -0.0091,  0.0110, -2.6619],
       device='cuda:0')
tensor([[0.0008]], device='cuda:0') tensor([[0.0002]], device='cuda:0') tensor([[0.0004]], device='cuda:0')
Likelihood: -105.43022155761719
Likelihood: -137.6433563232422
{'index': 137.6433563232422, 'thumb_middle': 105.43022155761719}
Plan time: 20.576638253987767
Current yaw: tensor([-0.0348, -0.0124, -2.6619], device='cuda:0')
6 thumb_middle
tensor([ 0.0855,  0.7585,  0.4027,  0.3919, -0.1256,  0.5877,  0.9294,  1.0761,
         1.4417,  0.0390,  0.1939,  0.9309, -0.0348, -0.0124, -2.6619],
       device='cuda:0')
Solve time for step 1 (global step 21) 0.46568261296488345
Current ori: tensor([-0.0348, -0.0124, -2.6619], device='cuda:0')
Index force: tensor([0.4446, 0.5316, 0.5514], device='cuda:0')
tensor([ 0.0729,  0.7552,  0.3965,  0.3794, -0.2188,  0.5294,  0.9065,  0.9701,
         1.3170,  0.1210,  0.1559,  1.0116, -0.0343, -0.0041, -2.6618],
       device='cuda:0')
Solve time for step 2 (global step 22) 5.23891974898288
Current ori: tensor([-0.0343, -0.0041, -2.6618], device='cuda:0')
Index force: tensor([0.5258, 0.5452], device='cuda:0')
tensor([ 5.8386e-02,  7.1485e-01,  4.2258e-01,  4.5965e-01, -2.3313e-01,
         5.3673e-01,  8.8061e-01,  9.0527e-01,  1.2544e+00,  1.5433e-01,
         1.6442e-01,  1.0910e+00, -1.7809e-02,  2.4634e-03, -2.6618e+00],
       device='cuda:0')
Solve time for step 3 (global step 23) 5.449534446001053
Current ori: tensor([-1.7809e-02,  2.4634e-03, -2.6618e+00], device='cuda:0')
Index force: tensor([0.5396], device='cuda:0')
Current yaw: tensor([-2.4865e-02,  1.1203e-03, -2.6556e+00], device='cuda:0')
7 turn
Likelihood: -118.8862075805664
Sampling time 3.7726428150199354
tensor([ 6.0200e-02,  7.4295e-01,  3.8782e-01,  4.3397e-01, -1.2392e-01,
         6.0420e-01,  9.0014e-01,  8.8376e-01,  1.2906e+00,  2.2891e-01,
         2.1941e-01,  1.1596e+00, -2.4865e-02,  1.1203e-03, -2.6556e+00],
       device='cuda:0')
Solve time for step 1 (global step 24) 8.957959403982386
Current ori: tensor([-2.4865e-02,  1.1203e-03, -2.6556e+00], device='cuda:0')
Middle force: tensor([0.8399, 1.3920, 1.1604, 1.0377, 0.9861, 1.4613, 1.1260, 1.1383, 1.9112,
        1.2898, 2.1302, 2.1626], device='cuda:0')
Thumb force: tensor([1.2169, 2.1178, 0.8730, 0.5062, 0.9648, 1.3002, 0.5039, 1.3620, 1.3973,
        0.6662, 1.6583, 2.4338], device='cuda:0')
Index force: tensor([0.8437, 0.7660, 0.6044, 0.8571, 0.5482, 0.7086, 1.1820, 1.1945, 0.7620,
        0.8483, 0.7157, 0.8055], device='cuda:0')
tensor([ 0.0489,  0.7473,  0.3751,  0.4154, -0.1334,  0.5918,  0.8977,  0.9157,
         1.3612,  0.1740,  0.1924,  1.1116, -0.0277,  0.0083, -2.7325],
       device='cuda:0')
Likelihood: -128.6923370361328
Solve time for step 2 (global step 25) 8.76367488905089
Current ori: tensor([-0.0277,  0.0083, -2.7325], device='cuda:0')
Middle force: tensor([1.4187, 1.1571, 1.0476, 0.9654, 1.4151, 1.0878, 1.0884, 1.8315, 1.2275,
        2.0220, 2.0760], device='cuda:0')
Thumb force: tensor([2.0761, 0.9061, 0.5049, 0.8888, 1.2675, 0.5024, 1.3058, 1.3589, 0.6431,
        1.5910, 2.3698], device='cuda:0')
Index force: tensor([0.7652, 0.5985, 0.8175, 0.5429, 0.6906, 1.1474, 1.1525, 0.7440, 0.8185,
        0.7080, 0.7893], device='cuda:0')
Applying force: tensor([[0.1678, 1.0760, 0.0000]]) at position: (-0.004, -0.020, 0.021)
tensor([ 0.0562,  0.7458,  0.3871,  0.4154, -0.1321,  0.5608,  0.9027,  1.0275,
         1.2998,  0.3482,  0.2773,  0.9214, -0.0184,  0.0059, -2.8753],
       device='cuda:0')
Likelihood: -158.36349487304688
Solve time for step 3 (global step 26) 8.617984987038653
Current ori: tensor([-0.0184,  0.0059, -2.8753], device='cuda:0')
Middle force: tensor([1.3080, 1.0730, 0.9845, 1.3991, 1.0729, 1.0777, 1.7592, 1.1751, 1.9094,
        2.0008], device='cuda:0')
Thumb force: tensor([1.0371, 0.5041, 0.8205, 1.2279, 0.5008, 1.2279, 1.3150, 0.6211, 1.5256,
        2.2961], device='cuda:0')
Index force: tensor([0.5959, 0.7883, 0.5372, 0.6848, 1.1046, 1.1105, 0.7341, 0.7946, 0.7032,
        0.7748], device='cuda:0')
tensor([ 0.0433,  0.7443,  0.3807,  0.3956, -0.1357,  0.6121,  0.8599,  0.9214,
         1.2521,  0.3965,  0.2325,  1.1242, -0.0242,  0.0114, -2.7398],
       device='cuda:0')
Likelihood: -127.18807220458984
Solve time for step 4 (global step 27) 7.500727814971469
Current ori: tensor([-0.0242,  0.0114, -2.7398], device='cuda:0')
Middle force: tensor([1.1802, 1.0280, 1.4100, 1.0717, 1.0598, 1.7151, 1.1333, 1.8266, 1.9411],
       device='cuda:0')
Thumb force: tensor([0.5070, 0.7845, 1.2159, 0.5004, 1.1707, 1.2618, 0.6052, 1.4632, 2.2444],
       device='cuda:0')
Index force: tensor([0.8153, 0.5387, 0.7080, 1.0580, 1.1000, 0.7301, 0.7701, 0.6929, 0.7652],
       device='cuda:0')
tensor([ 0.0335,  0.7700,  0.3358,  0.3452, -0.1416,  0.6435,  0.8310,  0.8782,
         1.2832,  0.3533,  0.1933,  1.1688, -0.0309,  0.0155, -2.6889],
       device='cuda:0')
Likelihood: -166.3914794921875
Solve time for step 5 (global step 28) 9.749389427015558
Current ori: tensor([-0.0309,  0.0155, -2.6889], device='cuda:0')
Middle force: tensor([0.6908, 0.8382, 0.5038, 1.6029, 0.5054, 1.2903, 0.5919, 1.7482],
       device='cuda:0')
Thumb force: tensor([2.8492, 1.0407, 1.5609, 0.9199, 0.5000, 1.3762, 0.6504, 1.6215],
       device='cuda:0')
Index force: tensor([0.7566, 0.5134, 0.5295, 0.6898, 0.5001, 0.6099, 0.8990, 0.9983],
       device='cuda:0')
tensor([ 0.0456,  0.7713,  0.3443,  0.3508, -0.1591,  0.6046,  0.8639,  0.9071,
         1.3418,  0.3640,  0.1744,  1.0746, -0.0382,  0.0279, -2.8135],
       device='cuda:0')
Likelihood: -164.27952575683594
Solve time for step 6 (global step 29) 9.133655773010105
Current ori: tensor([-0.0382,  0.0279, -2.8135], device='cuda:0')
Middle force: tensor([1.5724, 1.1272, 1.1173, 1.6479, 1.0741, 1.7044, 1.8353],
       device='cuda:0')
Thumb force: tensor([1.2557, 0.5009, 1.0491, 1.1686, 0.5694, 1.3517, 2.1388],
       device='cuda:0')
Index force: tensor([0.7999, 0.9919, 1.1033, 0.7493, 0.7501, 0.6702, 0.7393],
       device='cuda:0')
tensor([ 0.0056,  0.7729,  0.3049,  0.3425, -0.1547,  0.6848,  0.7725,  0.8228,
         1.3115,  0.3788,  0.1261,  1.2536, -0.0371,  0.0286, -2.6745],
       device='cuda:0')
Likelihood: -201.66580200195312
State is out of distribution
Final likelihood: tensor([ -3.0136,  -3.4240,  -4.6194,  -4.7704,  -6.1961,  -6.4516,  -6.4727,
         -7.1240,  -7.2973,  -8.0429,  -8.1845,  -8.3296,  -8.6799,  -8.8907,
        -10.2081, -10.7837], device='cuda:0', grad_fn=<IndexBackward0>)
Final likelihood: tensor([ -3.0136,  -3.4240,  -4.6194,  -4.7704,  -6.1961,  -6.4516,  -6.4727,
         -7.1240,  -7.2973,  -8.0429,  -8.1845,  -8.3296,  -8.6799,  -8.8907,
        -10.2081, -10.7837], device='cuda:0', grad_fn=<IndexBackward0>)
1 mode projection succeeded
New goal: tensor([ 0.1161,  0.6204,  0.5226,  0.6016, -0.1245,  0.5504,  0.9088,  0.8852,
         1.2826,  0.2853,  0.1809,  1.1893, -0.0061,  0.0101, -2.6746],
       device='cuda:0')
tensor([[0.0006]], device='cuda:0') tensor([[0.0005]], device='cuda:0') tensor([[0.0006]], device='cuda:0')
Likelihood: -101.8871841430664
Likelihood: -127.20826721191406
{'index': 127.20826721191406, 'thumb_middle': 101.8871841430664}
Plan time: 22.895650649035815
Current yaw: tensor([-0.0372,  0.0287, -2.6746], device='cuda:0')
8 thumb_middle
tensor([ 0.0056,  0.7730,  0.3049,  0.3425, -0.1546,  0.6851,  0.7722,  0.8226,
         1.3121,  0.3791,  0.1262,  1.2542, -0.0372,  0.0287, -2.6746],
       device='cuda:0')
Solve time for step 1 (global step 30) 0.4372584220254794
Current ori: tensor([-0.0372,  0.0287, -2.6746], device='cuda:0')
Index force: tensor([0.6029, 0.5643, 0.5555], device='cuda:0')
tensor([ 0.0410,  0.7486,  0.3589,  0.4279, -0.2299,  0.6322,  0.8170,  0.8147,
         1.2584,  0.3161,  0.0624,  1.2047, -0.0340,  0.0216, -2.6746],
       device='cuda:0')
Solve time for step 2 (global step 31) 6.535137753002346
Current ori: tensor([-0.0340,  0.0216, -2.6746], device='cuda:0')
Index force: tensor([0.5880, 0.5472], device='cuda:0')
Applying force: tensor([[-0.1820, -0.6880,  0.0000]]) at position: (0.003, 0.020, 0.024)
tensor([ 0.0691,  0.7272,  0.4152,  0.4542, -0.2260,  0.5855,  0.8225,  0.8447,
         1.2453,  0.2905,  0.0667,  1.1952, -0.0286,  0.0040, -2.6614],
       device='cuda:0')
Solve time for step 3 (global step 32) 5.053760638984386
Current ori: tensor([-0.0286,  0.0040, -2.6614], device='cuda:0')
Index force: tensor([0.5385], device='cuda:0')
Current yaw: tensor([-2.4095e-02,  1.9554e-03, -2.6693e+00], device='cuda:0')
9 turn
Likelihood: -116.92240905761719
Sampling time 3.717992560006678
tensor([ 7.0324e-02,  7.1914e-01,  4.1826e-01,  4.8619e-01, -1.3169e-01,
         6.2582e-01,  8.8600e-01,  8.7247e-01,  1.3177e+00,  2.9118e-01,
         1.5629e-01,  1.1697e+00, -2.4095e-02,  1.9554e-03, -2.6693e+00],
       device='cuda:0')
Solve time for step 1 (global step 33) 10.194022625975776
Current ori: tensor([-2.4095e-02,  1.9554e-03, -2.6693e+00], device='cuda:0')
Middle force: tensor([0.8374, 1.4590, 1.1557, 1.0077, 0.5048, 1.1100, 0.5028, 1.5390, 0.5007,
        1.1313, 1.0286, 2.4813], device='cuda:0')
Thumb force: tensor([1.2065, 2.0541, 0.8310, 0.5032, 1.3836, 0.5700, 0.5736, 1.2438, 0.5173,
        1.2627, 1.6017, 1.3785], device='cuda:0')
Index force: tensor([0.8317, 0.7522, 0.6062, 0.8411, 0.6455, 0.6689, 0.8298, 0.8992, 0.8536,
        0.6462, 0.6885, 1.3180], device='cuda:0')
Applying force: tensor([[0.9262, 0.0041, 0.0000]]) at position: (-0.020, -0.001, 0.082)
tensor([ 0.0679,  0.7238,  0.4172,  0.4608, -0.1342,  0.6102,  0.8997,  0.8950,
         1.3670,  0.2449,  0.1345,  1.1208, -0.0271,  0.0029, -2.7532],
       device='cuda:0')
Likelihood: -132.8860626220703
Solve time for step 2 (global step 34) 9.284525413007941
Current ori: tensor([-0.0271,  0.0029, -2.7532], device='cuda:0')
Middle force: tensor([1.7934, 1.9120, 1.3886, 0.6996, 1.6598, 1.2928, 1.2696, 0.5736, 0.8963,
        0.9883, 0.6452], device='cuda:0')
Thumb force: tensor([0.8428, 1.1341, 2.6668, 1.4018, 3.7531, 1.0705, 1.4353, 1.2622, 0.5954,
        1.6610, 0.7292], device='cuda:0')
Index force: tensor([0.9910, 1.0282, 1.1391, 0.6523, 0.9306, 0.5653, 0.7301, 0.5457, 0.5921,
        0.8104, 0.6447], device='cuda:0')
tensor([ 6.9286e-02,  6.7604e-01,  4.8919e-01,  4.8094e-01, -1.4192e-01,
         6.1601e-01,  8.9945e-01,  9.1376e-01,  1.3618e+00,  2.4247e-01,
         1.0982e-01,  1.2021e+00, -1.5351e-02,  1.8471e-03, -2.7095e+00],
       device='cuda:0')
Likelihood: -128.09320068359375
Solve time for step 3 (global step 35) 8.54192453896394
Current ori: tensor([-1.5351e-02,  1.8471e-03, -2.7095e+00], device='cuda:0')
Middle force: tensor([1.8695, 1.3998, 0.6903, 1.6435, 1.2486, 1.2002, 0.5617, 0.8534, 0.9381,
        0.6193], device='cuda:0')
Thumb force: tensor([1.0715, 2.6027, 1.3715, 3.6057, 1.0042, 1.3890, 1.2189, 0.5736, 1.6069,
        0.7014], device='cuda:0')
Index force: tensor([0.9947, 1.0862, 0.6360, 0.9056, 0.5536, 0.7070, 0.5373, 0.5815, 0.7828,
        0.6313], device='cuda:0')
Applying force: tensor([[-1.0450,  0.4729,  0.0000]]) at position: (0.018, -0.008, 0.100)
tensor([ 0.0470,  0.6437,  0.5070,  0.5002, -0.1656,  0.5900,  0.9116,  0.9286,
         1.3634,  0.2980,  0.1290,  1.1702, -0.0089,  0.0189, -2.7269],
       device='cuda:0')
Likelihood: -119.56460571289062
Solve time for step 4 (global step 36) 8.361683227994945
Current ori: tensor([-0.0089,  0.0189, -2.7269], device='cuda:0')
Middle force: tensor([1.3872, 0.6953, 1.6498, 1.2050, 1.1643, 0.5480, 0.8097, 0.8940, 0.5949],
       device='cuda:0')
Thumb force: tensor([2.5737, 1.3366, 3.4722, 0.9572, 1.3161, 1.1815, 0.5545, 1.5424, 0.6756],
       device='cuda:0')
Index force: tensor([1.0462, 0.6396, 0.8789, 0.5437, 0.6862, 0.5290, 0.5709, 0.7510, 0.6167],
       device='cuda:0')
Applying force: tensor([[0.7591, 0.1615, 0.0000]]) at position: (-0.019, -0.006, 0.059)
tensor([ 0.0492,  0.6431,  0.5189,  0.4836, -0.1691,  0.5691,  0.9312,  0.9577,
         1.3874,  0.2499,  0.1501,  1.0977, -0.0129,  0.0189, -2.8565],
       device='cuda:0')
Likelihood: -141.96810913085938
Solve time for step 5 (global step 37) 8.408024640986696
Current ori: tensor([-0.0129,  0.0189, -2.8565], device='cuda:0')
Middle force: tensor([0.7411, 1.5873, 1.1829, 1.1212, 0.5400, 0.7683, 0.8434, 0.5715],
       device='cuda:0')
Thumb force: tensor([1.3043, 3.3482, 0.9331, 1.2556, 1.1292, 0.5376, 1.4855, 0.6486],
       device='cuda:0')
Index force: tensor([0.6562, 0.8689, 0.5322, 0.6783, 0.5231, 0.5621, 0.7210, 0.6025],
       device='cuda:0')
Applying force: tensor([[-1.0912, -0.1980,  0.0000]]) at position: (0.020, 0.003, 0.070)
tensor([ 0.0441,  0.6459,  0.5148,  0.4691, -0.1776,  0.5434,  0.9462,  1.0019,
         1.4186,  0.2164,  0.1717,  1.0107, -0.0144,  0.0250, -2.9810],
       device='cuda:0')
Likelihood: -163.46412658691406
Solve time for step 6 (global step 38) 7.593816204986069
Current ori: tensor([-0.0144,  0.0250, -2.9810], device='cuda:0')
Middle force: tensor([0.5744, 0.7975, 0.4990, 0.8854, 1.6041, 0.5297, 0.8039],
       device='cuda:0')
Thumb force: tensor([1.2641, 0.8936, 0.6656, 1.3882, 1.3133, 0.9428, 0.8694],
       device='cuda:0')
Index force: tensor([0.7176, 0.5628, 0.8488, 0.6798, 0.6588, 0.6129, 0.8245],
       device='cuda:0')
Applying force: tensor([[ 0.5478, -1.1097,  0.0000]]) at position: (-0.008, 0.018, 0.052)
tensor([ 0.0375,  0.6767,  0.4543,  0.4794, -0.1758,  0.6200,  0.8733,  0.8993,
         1.2667,  0.4969,  0.2058,  1.1384, -0.0216,  0.0265, -2.9157],
       device='cuda:0')
Likelihood: -141.12307739257812
Solve time for step 7 (global step 39) 6.9709721760009415
Current ori: tensor([-0.0216,  0.0265, -2.9157], device='cuda:0')
Middle force: tensor([1.0075, 0.5843, 0.5907, 0.6668, 1.1423, 0.6319], device='cuda:0')
Thumb force: tensor([1.0633, 1.3437, 0.8348, 0.9526, 0.7153, 1.1729], device='cuda:0')
Index force: tensor([0.7850, 0.5054, 0.5527, 0.7662, 0.6035, 0.5494], device='cuda:0')
Applying force: tensor([[0.7201, 0.9717, 0.0000]]) at position: (-0.013, -0.015, 0.032)
tensor([ 0.0233,  0.6927,  0.4180,  0.4665, -0.1773,  0.6839,  0.8097,  0.8004,
         1.2459,  0.5199,  0.1725,  1.2671, -0.0252,  0.0329, -2.7399],
       device='cuda:0')
Likelihood: -175.55874633789062
State is out of distribution
Final likelihood: tensor([-2.8447, -3.0574, -3.3907, -3.8743, -4.0577, -4.5788, -4.7850, -5.0901,
        -5.1887, -5.5408, -6.1170, -6.2354, -6.2667, -6.4904, -6.9655, -6.9963],
       device='cuda:0', grad_fn=<IndexBackward0>)
Final likelihood: tensor([-2.8447, -3.0574, -3.3907, -3.8743, -4.0577, -4.5788, -4.7850, -5.0901,
        -5.1887, -5.5408, -6.1170, -6.2354, -6.2667, -6.4904, -6.9655, -6.9963],
       device='cuda:0', grad_fn=<IndexBackward0>)
1 mode projection succeeded
New goal: tensor([ 0.1169,  0.6235,  0.5238,  0.5927, -0.1184,  0.5462,  0.9184,  0.8443,
         1.2035,  0.3094,  0.2569,  1.2290, -0.0090,  0.0108, -2.7394],
       device='cuda:0')
tensor([[0.0004]], device='cuda:0') tensor([[0.0006]], device='cuda:0') tensor([[0.0008]], device='cuda:0')
Likelihood: -84.18661499023438
Likelihood: -117.71576690673828
{'index': 117.71576690673828, 'thumb_middle': 84.18661499023438}
Plan time: 24.78056636004476
Current yaw: tensor([-0.0251,  0.0328, -2.7394], device='cuda:0')
10 thumb_middle
tensor([ 0.0228,  0.6925,  0.4176,  0.4664, -0.1770,  0.6843,  0.8093,  0.8000,
         1.2458,  0.5198,  0.1721,  1.2674, -0.0251,  0.0328, -2.7394],
       device='cuda:0')
Solve time for step 1 (global step 40) 0.2743586889700964
Current ori: tensor([-0.0251,  0.0328, -2.7394], device='cuda:0')
Index force: tensor([0.6576, 0.5478, 0.5648], device='cuda:0')
tensor([ 0.0591,  0.6788,  0.4625,  0.5100, -0.2284,  0.6150,  0.8339,  0.8159,
         1.1828,  0.4226,  0.1187,  1.2325, -0.0194,  0.0106, -2.7394],
       device='cuda:0')
Solve time for step 2 (global step 41) 6.990755333972629
Current ori: tensor([-0.0194,  0.0106, -2.7394], device='cuda:0')
Index force: tensor([0.5449, 0.5598], device='cuda:0')
tensor([ 0.0694,  0.6739,  0.4793,  0.5145, -0.2262,  0.5796,  0.8478,  0.8082,
         1.1682,  0.3461,  0.1415,  1.2063, -0.0181,  0.0044, -2.7394],
       device='cuda:0')
Solve time for step 3 (global step 42) 5.631322177010588
Current ori: tensor([-0.0181,  0.0044, -2.7394], device='cuda:0')
Index force: tensor([0.5499], device='cuda:0')
Current yaw: tensor([-0.0235,  0.0057, -2.7486], device='cuda:0')
11 turn
Likelihood: -90.29721069335938
Sampling time 3.8700934780063108
tensor([ 0.0677,  0.6916,  0.4579,  0.4899, -0.1275,  0.6050,  0.9087,  0.8443,
         1.2442,  0.3196,  0.2315,  1.1930, -0.0235,  0.0057, -2.7486],
       device='cuda:0')
Solve time for step 1 (global step 43) 10.113377556961495
Current ori: tensor([-0.0235,  0.0057, -2.7486], device='cuda:0')
Middle force: tensor([0.8250, 1.4516, 1.1557, 1.0123, 0.6083, 1.0631, 0.9981, 1.0206, 0.4926,
        0.8498, 1.4325, 1.1693], device='cuda:0')
Thumb force: tensor([1.2321, 2.0669, 0.8649, 0.5037, 3.4420, 1.6094, 1.3373, 0.9133, 0.6478,
        1.0718, 0.9525, 1.1537], device='cuda:0')
Index force: tensor([0.8433, 0.7952, 0.6292, 0.8571, 0.8321, 0.8800, 0.7458, 0.8928, 0.7923,
        0.8551, 0.6410, 0.5007], device='cuda:0')
tensor([ 0.0576,  0.7066,  0.4294,  0.4702, -0.1372,  0.5910,  0.9038,  0.8840,
         1.3006,  0.2623,  0.2165,  1.1457, -0.0288,  0.0117, -2.8580],
       device='cuda:0')
Likelihood: -97.24431610107422
Solve time for step 2 (global step 44) 9.24058562098071
Current ori: tensor([-0.0288,  0.0117, -2.8580], device='cuda:0')
Middle force: tensor([0.5192, 0.7566, 0.7070, 1.2164, 1.0740, 0.6725, 0.8957, 1.1506, 0.7559,
        1.3301, 0.8287], device='cuda:0')
Thumb force: tensor([1.5350, 0.6703, 0.5256, 2.9682, 0.9837, 0.8868, 0.8142, 2.4645, 0.6231,
        0.6387, 0.5020], device='cuda:0')
Index force: tensor([1.3773, 0.9083, 1.0221, 1.5760, 0.7156, 0.7578, 0.5236, 0.6896, 0.7022,
        0.9210, 0.5340], device='cuda:0')
Applying force: tensor([[-0.2744,  0.6894,  0.0000]]) at position: (0.007, -0.019, 0.060)
tensor([ 0.0536,  0.6937,  0.4502,  0.4605, -0.1428,  0.5783,  0.8995,  0.9272,
         1.2755,  0.3056,  0.2528,  1.1088, -0.0263,  0.0154, -2.9065],
       device='cuda:0')
Likelihood: -83.72998046875
Solve time for step 3 (global step 45) 8.626783504034393
Current ori: tensor([-0.0263,  0.0154, -2.9065], device='cuda:0')
Middle force: tensor([0.7665, 0.7070, 1.1763, 1.0426, 0.9965, 0.6506, 0.5905, 1.2526, 0.9258,
        1.5351], device='cuda:0')
Thumb force: tensor([0.6457, 0.5383, 2.7423, 0.5183, 0.7535, 1.3686, 0.7649, 0.8918, 0.9642,
        0.7245], device='cuda:0')
Index force: tensor([0.9003, 0.9531, 1.5307, 0.8127, 0.6004, 0.7388, 0.7430, 0.5887, 0.8784,
        0.5810], device='cuda:0')
tensor([ 0.0445,  0.6713,  0.4699,  0.4796, -0.1503,  0.5581,  0.9106,  0.9617,
         1.2939,  0.3086,  0.2510,  1.0801, -0.0207,  0.0191, -2.9652],
       device='cuda:0')
Likelihood: -89.32559967041016
Solve time for step 4 (global step 46) 8.411644227046054
Current ori: tensor([-0.0207,  0.0191, -2.9652], device='cuda:0')
Middle force: tensor([0.7168, 1.1468, 1.0487, 0.9841, 0.6498, 0.5790, 1.2060, 0.8841, 1.4844],
       device='cuda:0')
Thumb force: tensor([0.5288, 2.5319, 0.5095, 0.7231, 1.3030, 0.7216, 0.8581, 0.9236, 0.7034],
       device='cuda:0')
Index force: tensor([0.9321, 1.4989, 0.7904, 0.5813, 0.7075, 0.7292, 0.5740, 0.8530, 0.5691],
       device='cuda:0')
Applying force: tensor([[0.3072, 0.9474, 0.0000]]) at position: (-0.004, -0.020, 0.094)
tensor([ 0.0455,  0.6299,  0.5019,  0.5232, -0.1421,  0.5495,  0.9374,  1.0111,
         1.3492,  0.2693,  0.2077,  1.0831,  0.0483,  0.0038, -2.9805],
       device='cuda:0')
Likelihood: -148.97930908203125
Solve time for step 5 (global step 47) 8.23699480801588
Current ori: tensor([ 0.0483,  0.0038, -2.9805], device='cuda:0')
Middle force: tensor([0.6925, 1.0228, 0.9403, 0.6484, 0.6979, 0.5444, 0.6934, 0.5964],
       device='cuda:0')
Thumb force: tensor([2.6386, 1.4082, 1.1502, 1.0651, 1.2049, 0.5358, 0.5005, 0.5725],
       device='cuda:0')
Index force: tensor([0.7637, 0.7689, 0.6917, 0.7742, 0.5542, 0.6221, 0.5878, 0.7234],
       device='cuda:0')
Applying force: tensor([[ 0.4046, -0.6344,  0.0000]]) at position: (-0.010, 0.017, 0.042)
tensor([ 5.9978e-02,  6.1319e-01,  5.1746e-01,  5.6657e-01, -1.2868e-01,
         6.0004e-01,  9.1697e-01,  9.0555e-01,  1.2911e+00,  3.7262e-01,
         1.2156e-01,  1.3212e+00,  5.5795e-02, -1.9085e-03, -2.8677e+00],
       device='cuda:0')
Likelihood: -132.17886352539062
Solve time for step 6 (global step 48) 7.4614373610238545
Current ori: tensor([ 5.5795e-02, -1.9085e-03, -2.8677e+00], device='cuda:0')
Middle force: tensor([1.0880, 1.0043, 1.1844, 0.5005, 0.7726, 1.1862, 1.0580],
       device='cuda:0')
Thumb force: tensor([1.5497, 1.3358, 0.7560, 0.5250, 0.7841, 0.8351, 0.9593],
       device='cuda:0')
Index force: tensor([0.7377, 0.6650, 0.7971, 0.7017, 0.7425, 0.5701, 0.5000],
       device='cuda:0')
tensor([ 0.0730,  0.5993,  0.5321,  0.6011, -0.1067,  0.6729,  0.8682,  0.8168,
         1.2180,  0.4646,  0.1095,  1.4648,  0.0613, -0.0069, -2.7746],
       device='cuda:0')
Likelihood: -156.816162109375
Solve time for step 7 (global step 49) 9.962356991949491
Current ori: tensor([ 0.0613, -0.0069, -2.7746], device='cuda:0')
Middle force: tensor([0.9069, 0.7407, 0.6320, 1.0328, 0.8861, 1.3885], device='cuda:0')
Thumb force: tensor([0.8321, 1.2483, 0.6297, 0.8698, 0.7909, 0.6297], device='cuda:0')
Index force: tensor([0.5345, 0.6499, 0.6515, 0.5511, 0.7584, 0.5419], device='cuda:0')
tensor([ 5.0581e-02,  6.0667e-01,  5.1962e-01,  5.6217e-01, -1.2692e-01,
         6.5370e-01,  8.7322e-01,  8.4066e-01,  1.2699e+00,  4.4124e-01,
         1.0419e-01,  1.3849e+00,  5.6235e-02,  1.7492e-03, -2.8470e+00],
       device='cuda:0')
Likelihood: -153.66580200195312
Solve time for step 8 (global step 50) 9.22227276902413
Current ori: tensor([ 5.6235e-02,  1.7492e-03, -2.8470e+00], device='cuda:0')
Middle force: tensor([0.8108, 0.6714, 1.0069, 0.8749, 1.3460], device='cuda:0')
Thumb force: tensor([1.3507, 0.6449, 0.9170, 0.7985, 0.6210], device='cuda:0')
Index force: tensor([0.6319, 0.6346, 0.5485, 0.7371, 0.5357], device='cuda:0')
tensor([ 0.0613,  0.6082,  0.5324,  0.5532, -0.1037,  0.7063,  0.8417,  0.7622,
         1.1798,  0.5444,  0.1331,  1.4746,  0.0557, -0.0033, -2.7588],
       device='cuda:0')
Likelihood: -170.16278076171875
State is out of distribution
Final likelihood: tensor([-2.4287, -2.9137, -2.9668, -3.3984, -4.3258, -4.3401, -4.7507, -4.9826,
        -5.1031, -5.2635, -5.7775, -6.3142, -6.3585, -7.2152, -7.2955, -9.7603],
       device='cuda:0', grad_fn=<IndexBackward0>)
Final likelihood: tensor([-2.4287, -2.9137, -2.9668, -3.3984, -4.3258, -4.3401, -4.7507, -4.9826,
        -5.1031, -5.2635, -5.7775, -6.3142, -6.3585, -7.2152, -7.2955, -9.7603],
       device='cuda:0', grad_fn=<IndexBackward0>)
1 mode projection succeeded
New goal: tensor([ 0.1315,  0.5946,  0.5608,  0.6260, -0.1259,  0.5484,  0.8906,  0.9326,
         1.2242,  0.3214,  0.2242,  1.2236,  0.0032,  0.0140, -2.7590],
       device='cuda:0')
tensor([[0.0006]], device='cuda:0') tensor([[0.0004]], device='cuda:0') tensor([[0.0009]], device='cuda:0')
Likelihood: -119.89077758789062
Likelihood: -191.22247314453125
{'index': 191.22247314453125, 'thumb_middle': 119.89077758789062}
Plan time: 21.394938512064982
Current yaw: tensor([ 0.0557, -0.0031, -2.7590], device='cuda:0')
12 thumb_middle
tensor([ 0.0613,  0.6083,  0.5324,  0.5531, -0.1036,  0.7066,  0.8418,  0.7621,
         1.1803,  0.5449,  0.1335,  1.4750,  0.0557, -0.0031, -2.7590],
       device='cuda:0')
Solve time for step 1 (global step 51) 0.5048698900500312
Current ori: tensor([ 0.0557, -0.0031, -2.7590], device='cuda:0')
Index force: tensor([0.5601, 0.5471, 0.5218], device='cuda:0')
tensor([ 4.8577e-02,  6.4140e-01,  4.8832e-01,  5.2448e-01, -1.9633e-01,
         6.0955e-01,  8.2685e-01,  7.9871e-01,  1.1369e+00,  4.6062e-01,
         1.0984e-01,  1.3788e+00,  4.4793e-02,  7.9031e-04, -2.7590e+00],
       device='cuda:0')
Solve time for step 2 (global step 52) 5.753321105032228
Current ori: tensor([ 4.4793e-02,  7.9031e-04, -2.7590e+00], device='cuda:0')
Index force: tensor([0.5431, 0.5197], device='cuda:0')
Applying force: tensor([[-0.5639, -0.2769,  0.0000]]) at position: (0.018, 0.008, 0.075)
tensor([ 0.0301,  0.6774,  0.4401,  0.4921, -0.2183,  0.5665,  0.8324,  0.8558,
         1.1584,  0.3714,  0.1167,  1.2971,  0.0222,  0.0178, -2.7637],
       device='cuda:0')
Solve time for step 3 (global step 53) 6.533945107948966
Current ori: tensor([ 0.0222,  0.0178, -2.7637], device='cuda:0')
Index force: tensor([0.5134], device='cuda:0')
Current yaw: tensor([ 0.0185,  0.0056, -2.7761], device='cuda:0')
13 turn
Likelihood: -130.8260955810547
Sampling time 3.895084122021217
tensor([ 0.0506,  0.6912,  0.4495,  0.4739, -0.1356,  0.5875,  0.8976,  0.9390,
         1.2200,  0.3885,  0.1949,  1.3106,  0.0185,  0.0056, -2.7761],
       device='cuda:0')
Solve time for step 1 (global step 54) 10.285359572968446
Current ori: tensor([ 0.0185,  0.0056, -2.7761], device='cuda:0')
Middle force: tensor([0.8600, 1.4592, 0.6026, 0.7908, 0.5421, 1.6247, 0.5003, 1.5760, 0.8554,
        1.2588, 0.6908, 0.7119], device='cuda:0')
Thumb force: tensor([1.2293, 2.3457, 2.1091, 1.0363, 1.0999, 2.4432, 1.1985, 1.7007, 0.8280,
        1.0550, 1.3038, 0.5140], device='cuda:0')
Index force: tensor([0.7890, 0.6091, 0.5877, 0.6655, 1.3480, 0.5719, 0.8229, 0.9306, 0.5196,
        1.0227, 0.5919, 0.5259], device='cuda:0')
Applying force: tensor([[0.7009, 0.2874, 0.0000]]) at position: (-0.018, -0.009, 0.075)
tensor([ 0.0479,  0.6657,  0.4680,  0.5031, -0.1397,  0.5703,  0.9082,  0.9797,
         1.2391,  0.4207,  0.1900,  1.2637,  0.0256,  0.0056, -2.8191],
       device='cuda:0')
Likelihood: -123.62255859375
Solve time for step 2 (global step 55) 8.32100629498018
Current ori: tensor([ 0.0256,  0.0056, -2.8191], device='cuda:0')
Middle force: tensor([1.3898, 0.6103, 0.7815, 0.5272, 1.5529, 0.5002, 1.5095, 0.8030, 1.2255,
        0.6786, 0.6947], device='cuda:0')
Thumb force: tensor([2.1591, 1.9755, 1.0050, 1.0751, 2.3202, 1.1169, 1.6602, 0.7811, 0.9860,
        1.2433, 0.5073], device='cuda:0')
Index force: tensor([0.5879, 0.5686, 0.6522, 1.2976, 0.5595, 0.8034, 0.9019, 0.5140, 0.9831,
        0.5800, 0.5206], device='cuda:0')
Applying force: tensor([[-0.1025,  0.6315,  0.0000]]) at position: (0.004, -0.020, 0.084)
tensor([ 0.0410,  0.6947,  0.4370,  0.4687, -0.1431,  0.5798,  0.8850,  0.9915,
         1.2569,  0.4569,  0.1936,  1.1925,  0.0177,  0.0092, -2.8536],
       device='cuda:0')
Likelihood: -143.1685028076172
Solve time for step 3 (global step 56) 9.345136767020449
Current ori: tensor([ 0.0177,  0.0092, -2.8536], device='cuda:0')
Middle force: tensor([2.9999, 1.5514, 1.4610, 0.6201, 0.5004, 1.0458, 0.6234, 0.8089, 1.2177,
        0.5002], device='cuda:0')
Thumb force: tensor([2.4848, 1.6761, 0.8262, 0.6377, 0.7082, 0.8287, 0.6117, 0.9967, 1.2141,
        0.7586], device='cuda:0')
Index force: tensor([0.9057, 0.9442, 1.3900, 0.7279, 0.6216, 0.5832, 0.9085, 0.5008, 0.7370,
        0.6819], device='cuda:0')
tensor([ 0.0411,  0.6972,  0.4531,  0.4069, -0.1094,  0.6461,  0.8335,  0.8944,
         1.2237,  0.4723,  0.1391,  1.3346,  0.0107, -0.0050, -2.6742],
       device='cuda:0')
Likelihood: -168.21795654296875
Solve time for step 4 (global step 57) 8.043815479031764
Current ori: tensor([ 0.0107, -0.0050, -2.6742], device='cuda:0')
Middle force: tensor([0.9574, 1.0717, 1.2470, 0.5049, 0.7627, 0.8064, 0.6090, 0.7687, 1.0964],
       device='cuda:0')
Thumb force: tensor([1.6159, 2.3486, 1.8103, 1.1024, 0.5197, 1.1389, 0.8522, 0.9839, 1.3311],
       device='cuda:0')
Index force: tensor([0.5005, 0.8407, 0.5087, 0.6106, 0.5056, 0.5549, 0.8069, 0.8836, 0.4999],
       device='cuda:0')
tensor([ 0.0442,  0.6884,  0.4603,  0.4350, -0.1195,  0.6064,  0.8570,  0.9893,
         1.2466,  0.5077,  0.1724,  1.1842,  0.0092, -0.0042, -2.8303],
       device='cuda:0')
Likelihood: -152.00119018554688
Solve time for step 5 (global step 58) 7.814663016004488
Current ori: tensor([ 0.0092, -0.0042, -2.8303], device='cuda:0')
Middle force: tensor([0.5249, 0.6673, 1.3059, 0.6334, 1.5725, 0.5526, 0.9645, 0.7133],
       device='cuda:0')
Thumb force: tensor([0.5002, 0.5092, 1.6379, 1.0137, 2.0025, 0.6832, 0.9845, 0.5286],
       device='cuda:0')
Index force: tensor([0.6301, 0.5075, 0.6684, 0.8025, 0.5826, 0.5034, 0.5000, 0.5705],
       device='cuda:0')
tensor([ 0.0419,  0.7033,  0.4501,  0.3901, -0.1198,  0.6290,  0.8540,  0.9201,
         1.2611,  0.4912,  0.1177,  1.2739,  0.0038, -0.0036, -2.7884],
       device='cuda:0')
Likelihood: -175.10458374023438
State is out of distribution
Final likelihood: tensor([-2.5808, -3.8699, -4.1866, -4.3313, -4.4520, -4.9325, -5.0700, -5.1967,
        -5.3814, -5.5011, -5.8496, -6.0742, -7.1495, -8.0310, -8.5516, -9.7751],
       device='cuda:0', grad_fn=<IndexBackward0>)
Final likelihood: tensor([-2.5808, -3.8699, -4.1866, -4.3313, -4.4520, -4.9325, -5.0700, -5.1967,
        -5.3814, -5.5011, -5.8496, -6.0742, -7.1495, -8.0310, -8.5516, -9.7751],
       device='cuda:0', grad_fn=<IndexBackward0>)
1 mode projection succeeded
New goal: tensor([ 1.2128e-01,  6.4501e-01,  5.0719e-01,  5.7206e-01, -1.2030e-01,
         5.6562e-01,  8.8062e-01,  8.5827e-01,  1.2359e+00,  2.8250e-01,
         2.6507e-01,  1.1503e+00,  1.5561e-04,  1.4504e-02, -2.7884e+00],
       device='cuda:0')
tensor([[0.0001]], device='cuda:0') tensor([[0.0005]], device='cuda:0') tensor([[0.0006]], device='cuda:0')
Likelihood: -121.97672271728516
Likelihood: -112.559326171875
{'index': 112.559326171875, 'thumb_middle': 121.97672271728516}
Plan time: 24.8005210479605
Current yaw: tensor([ 0.0038, -0.0036, -2.7884], device='cuda:0')
14 index
tensor([ 0.0418,  0.7033,  0.4501,  0.3900, -0.1199,  0.6293,  0.8541,  0.9199,
         1.2612,  0.4911,  0.1175,  1.2741,  0.0038, -0.0036, -2.7884],
       device='cuda:0')
Solve time for step 1 (global step 59) 0.471683694049716
Current ori: tensor([ 0.0038, -0.0036, -2.7884], device='cuda:0')
Middle force: tensor([0.5168, 0.5438, 0.5670], device='cuda:0')
Thumb force: tensor([0.5692, 0.5822, 0.5676], device='cuda:0')
Applying force: tensor([[ 0.0501, -0.9831,  0.0000]]) at position: (-0.001, 0.020, 0.012)
tensor([ 0.1224,  0.6318,  0.4236,  0.4317, -0.1358,  0.6566,  0.8783,  0.8976,
         1.2769,  0.4849,  0.0879,  1.2406, -0.0397, -0.0093, -2.7026],
       device='cuda:0')
Solve time for step 2 (global step 60) 8.375774202984758
Current ori: tensor([-0.0397, -0.0093, -2.7026], device='cuda:0')
Middle force: tensor([0.5147, 0.5154], device='cuda:0')
Thumb force: tensor([0.5639, 0.5467], device='cuda:0')
tensor([ 0.1807,  0.6177,  0.4439,  0.4779, -0.1490,  0.6675,  0.8941,  0.8873,
         1.2405,  0.5671,  0.1240,  1.2021, -0.0552, -0.0102, -2.7161],
       device='cuda:0')
Solve time for step 3 (global step 61) 7.0347410420072265
Current ori: tensor([-0.0552, -0.0102, -2.7161], device='cuda:0')
Middle force: tensor([0.5103], device='cuda:0')
Thumb force: tensor([0.5447], device='cuda:0')
Current yaw: tensor([-0.0800, -0.0062, -2.7255], device='cuda:0')
15 turn
Likelihood: -241.91897583007812
State is out of distribution
Final likelihood: tensor([ -4.0338,  -4.6171,  -4.8730,  -4.8739,  -5.3893,  -5.6445,  -5.6795,
         -5.6986,  -6.0484,  -6.0798,  -6.9660,  -7.2795,  -7.9299,  -9.4008,
        -10.4029, -12.3288], device='cuda:0', grad_fn=<IndexBackward0>)
Final likelihood: tensor([ -4.0338,  -4.6171,  -4.8730,  -4.8739,  -5.3893,  -5.6445,  -5.6795,
         -5.6986,  -6.0484,  -6.0798,  -6.9660,  -7.2795,  -7.9299,  -9.4008,
        -10.4029, -12.3288], device='cuda:0', grad_fn=<IndexBackward0>)
1 mode projection succeeded
New goal: tensor([ 1.5945e-01,  6.3177e-01,  5.7343e-01,  5.5443e-01, -1.0054e-01,
         5.2769e-01,  8.9150e-01,  8.8258e-01,  1.2382e+00,  2.6496e-01,
         2.4282e-01,  1.2153e+00,  2.6735e-03,  1.4106e-02, -2.7256e+00],
       device='cuda:0')
tensor([[-1.9687e-05]], device='cuda:0') tensor([[0.0006]], device='cuda:0') tensor([[0.0006]], device='cuda:0')
Likelihood: -82.83079528808594
Likelihood: -209.5895233154297
{'index': 209.5895233154297, 'thumb_middle': 82.83079528808594}
Plan time: 21.38880223594606
Current yaw: tensor([-0.0801, -0.0060, -2.7256], device='cuda:0')
16 thumb_middle
tensor([ 0.1585,  0.8630,  0.3288,  0.3162, -0.1643,  0.6831,  0.9121,  0.8664,
         1.2912,  0.5289,  0.0687,  1.2004, -0.0801, -0.0060, -2.7256],
       device='cuda:0')
Solve time for step 1 (global step 62) 0.4907905029831454
Current ori: tensor([-0.0801, -0.0060, -2.7256], device='cuda:0')
Index force: tensor([0.5505, 0.5598, 0.5756], device='cuda:0')
tensor([ 0.1472,  0.7813,  0.4331,  0.4071, -0.2302,  0.6079,  0.8687,  0.8534,
         1.2279,  0.4288,  0.0700,  1.1731, -0.0463, -0.0203, -2.7256],
       device='cuda:0')
Solve time for step 2 (global step 63) 5.19556347298203
Current ori: tensor([-0.0463, -0.0203, -2.7256], device='cuda:0')
Index force: tensor([0.5730, 0.5677], device='cuda:0')
tensor([ 1.1193e-01,  7.4256e-01,  4.5040e-01,  4.2359e-01, -2.3025e-01,
         5.7905e-01,  8.5180e-01,  8.4478e-01,  1.1999e+00,  3.3154e-01,
         1.1944e-01,  1.1599e+00, -3.7936e-02,  2.1085e-03, -2.7256e+00],
       device='cuda:0')
Solve time for step 3 (global step 64) 4.763793660036754
Current ori: tensor([-3.7936e-02,  2.1085e-03, -2.7256e+00], device='cuda:0')
Index force: tensor([0.5573], device='cuda:0')
Current yaw: tensor([-0.0396,  0.0039, -2.7302], device='cuda:0')
17 turn
Likelihood: -127.08998107910156
Sampling time 3.824762122007087
tensor([ 0.1094,  0.7431,  0.4545,  0.4019, -0.1067,  0.6176,  0.8650,  0.8469,
         1.2668,  0.3078,  0.2340,  1.1096, -0.0396,  0.0039, -2.7302],
       device='cuda:0')
Solve time for step 1 (global step 65) 10.83870023797499
Current ori: tensor([-0.0396,  0.0039, -2.7302], device='cuda:0')
Middle force: tensor([1.3518, 1.4145, 0.9145, 1.7849, 1.9183, 0.7843, 0.6145, 1.1362, 1.2126,
        1.7460, 0.5021, 1.0762], device='cuda:0')
Thumb force: tensor([0.6333, 1.4092, 2.2958, 0.9985, 1.4073, 1.5417, 1.2933, 1.1067, 1.0046,
        1.9389, 1.4878, 1.6762], device='cuda:0')
Index force: tensor([1.2897, 1.1483, 0.6903, 0.5916, 0.8803, 0.5028, 0.8657, 0.5294, 0.6510,
        0.9868, 0.9169, 0.9326], device='cuda:0')
Applying force: tensor([[ 1.1302, -0.2214,  0.0000]]) at position: (-0.019, 0.006, 0.080)
tensor([ 0.1178,  0.7322,  0.4765,  0.4184, -0.0988,  0.6025,  0.8795,  0.8837,
         1.2778,  0.2984,  0.2157,  1.1025, -0.0365, -0.0045, -2.8096],
       device='cuda:0')
Likelihood: -108.93357849121094
Solve time for step 2 (global step 66) 10.472349633986596
Current ori: tensor([-0.0365, -0.0045, -2.8096], device='cuda:0')
Middle force: tensor([0.6187, 1.1140, 0.5009, 0.6901, 0.9271, 0.5162, 0.5175, 0.5037, 0.9250,
        0.8313, 0.8229], device='cuda:0')
Thumb force: tensor([1.5571, 1.2771, 1.7464, 1.7592, 1.3076, 0.6316, 0.6908, 1.0550, 1.2530,
        1.2475, 0.8320], device='cuda:0')
Index force: tensor([0.6734, 0.6019, 0.6666, 0.7732, 1.1123, 0.5224, 0.7080, 0.9072, 0.5669,
        0.5015, 0.7278], device='cuda:0')
tensor([ 0.1094,  0.7546,  0.4382,  0.3908, -0.1128,  0.5957,  0.8515,  0.9431,
         1.3268,  0.2496,  0.2347,  1.0199, -0.0427,  0.0069, -2.9039],
       device='cuda:0')
Likelihood: -104.00843048095703
Solve time for step 3 (global step 67) 9.696582355012652
Current ori: tensor([-0.0427,  0.0069, -2.9039], device='cuda:0')
Middle force: tensor([2.8851, 1.4617, 1.3779, 1.2592, 0.6553, 1.1483, 0.8392, 1.4673, 0.7746,
        0.5313], device='cuda:0')
Thumb force: tensor([2.3988, 1.6111, 0.9774, 0.6968, 0.9717, 1.2950, 0.7493, 0.6285, 0.9646,
        1.3109], device='cuda:0')
Index force: tensor([0.9935, 0.9808, 1.3239, 0.7765, 0.7904, 0.6488, 0.5680, 0.5272, 0.8286,
        0.6033], device='cuda:0')
tensor([ 0.0841,  0.7528,  0.4233,  0.3503, -0.0995,  0.6777,  0.7745,  0.8116,
         1.2799,  0.2883,  0.1983,  1.1829, -0.0488,  0.0055, -2.7049],
       device='cuda:0')
Likelihood: -166.3096160888672
Solve time for step 4 (global step 68) 9.398475433001295
Current ori: tensor([-0.0488,  0.0055, -2.7049], device='cuda:0')
Middle force: tensor([1.5840, 1.4228, 1.2548, 0.6476, 1.1229, 0.8176, 1.4138, 0.7620, 0.5222],
       device='cuda:0')
Thumb force: tensor([1.6949, 1.0880, 0.7116, 0.9088, 1.2697, 0.7335, 0.5885, 0.8961, 1.2590],
       device='cuda:0')
Index force: tensor([0.9848, 1.2251, 0.7388, 0.7763, 0.6328, 0.5516, 0.5190, 0.7943, 0.5932],
       device='cuda:0')
Applying force: tensor([[0.4651, 0.8983, 0.0000]]) at position: (-0.009, -0.018, 0.038)
tensor([ 0.0522,  0.7721,  0.3659,  0.3047, -0.1084,  0.7833,  0.6619,  0.7010,
         1.3581,  0.1580,  0.1532,  1.3328, -0.0472,  0.0150, -2.5055],
       device='cuda:0')
Likelihood: -188.07203674316406
State is out of distribution
Final likelihood: tensor([ -2.5649,  -2.8744,  -2.9856,  -3.8425,  -4.2292,  -4.3971,  -4.4775,
         -4.8340,  -4.8735,  -5.5587,  -5.8183,  -6.1708,  -6.6062,  -7.7403,
         -8.9650, -12.3476], device='cuda:0', grad_fn=<IndexBackward0>)
Final likelihood: tensor([ -2.5649,  -2.8744,  -2.9856,  -3.8425,  -4.2292,  -4.3971,  -4.4775,
         -4.8340,  -4.8735,  -5.5587,  -5.8183,  -6.1708,  -6.6062,  -7.7403,
         -8.9650, -12.3476], device='cuda:0', grad_fn=<IndexBackward0>)
1 mode projection succeeded
New goal: tensor([ 0.1446,  0.6301,  0.5622,  0.5520, -0.1113,  0.5926,  0.8337,  0.8821,
         1.1838,  0.3132,  0.2931,  1.1897, -0.0047,  0.0104, -2.5052],
       device='cuda:0')
tensor([[1.2711e-05]], device='cuda:0') tensor([[0.0004]], device='cuda:0') tensor([[0.0005]], device='cuda:0')
Likelihood: -105.9156494140625
Likelihood: -162.53125
{'index': 162.53125, 'thumb_middle': 105.9156494140625}
Plan time: 22.937414553074632
Current yaw: tensor([-0.0472,  0.0150, -2.5052], device='cuda:0')
18 thumb_middle
tensor([ 0.0523,  0.7722,  0.3658,  0.3046, -0.1084,  0.7838,  0.6613,  0.7006,
         1.3585,  0.1576,  0.1531,  1.3331, -0.0472,  0.0150, -2.5052],
       device='cuda:0')
Solve time for step 1 (global step 69) 0.46704909997060895
Current ori: tensor([-0.0472,  0.0150, -2.5052], device='cuda:0')
Index force: tensor([0.5702, 0.5538, 0.5470], device='cuda:0')
tensor([ 0.0713,  0.7298,  0.4301,  0.4045, -0.1735,  0.6993,  0.6753,  0.7622,
         1.2314,  0.1813,  0.1432,  1.2974, -0.0422,  0.0309, -2.5058],
       device='cuda:0')
Solve time for step 2 (global step 70) 6.365488208015449
Current ori: tensor([-0.0422,  0.0309, -2.5058], device='cuda:0')
Index force: tensor([0.6166, 0.5396], device='cuda:0')
tensor([ 0.1066,  0.7074,  0.4982,  0.4263, -0.2129,  0.6545,  0.7323,  0.8040,
         1.1950,  0.2053,  0.1892,  1.1780, -0.0370,  0.0081, -2.5058],
       device='cuda:0')
Solve time for step 3 (global step 71) 5.775614954007324
Current ori: tensor([-0.0370,  0.0081, -2.5058], device='cuda:0')
Index force: tensor([0.5310], device='cuda:0')
Current yaw: tensor([-0.0380,  0.0057, -2.5190], device='cuda:0')
19 turn
Likelihood: -104.62782287597656
Sampling time 3.86040053202305
tensor([ 0.1100,  0.7163,  0.4824,  0.4413, -0.1298,  0.7062,  0.7699,  0.8347,
         1.2837,  0.2328,  0.2549,  1.1129, -0.0380,  0.0057, -2.5190],
       device='cuda:0')
Solve time for step 1 (global step 72) 10.203683778992854
Current ori: tensor([-0.0380,  0.0057, -2.5190], device='cuda:0')
Middle force: tensor([0.9987, 1.3136, 2.8555, 0.5035, 0.7215, 0.6380, 0.5058, 0.5443, 0.9349,
        0.6347, 1.3755, 1.2497], device='cuda:0')
Thumb force: tensor([0.7915, 1.6000, 1.2203, 1.4848, 0.7483, 1.2099, 0.6826, 0.5736, 0.6662,
        0.5457, 0.8429, 1.7268], device='cuda:0')
Index force: tensor([1.1906, 1.0387, 0.9795, 0.5715, 0.8406, 0.9971, 0.6737, 0.7662, 0.9076,
        0.5123, 0.5965, 0.5024], device='cuda:0')
tensor([ 0.1030,  0.7440,  0.4483,  0.3909, -0.1362,  0.6733,  0.7960,  0.8815,
         1.3419,  0.1682,  0.2593,  1.0230, -0.0464,  0.0103, -2.6356],
       device='cuda:0')
Likelihood: -122.80780029296875
Solve time for step 2 (global step 73) 9.439599606965203
Current ori: tensor([-0.0464,  0.0103, -2.6356], device='cuda:0')
Middle force: tensor([1.6423, 1.0988, 1.4393, 0.8779, 0.9900, 0.8646, 0.6556, 1.1978, 0.5685,
        0.5509, 0.7934], device='cuda:0')
Thumb force: tensor([1.5961, 0.6641, 1.7098, 1.2114, 1.0145, 0.5069, 1.2790, 0.8683, 1.6568,
        0.5513, 0.7125], device='cuda:0')
Index force: tensor([0.6211, 0.5458, 1.0860, 0.5981, 0.9329, 0.9664, 0.9241, 0.5537, 1.0157,
        0.6876, 0.6756], device='cuda:0')
tensor([ 0.1035,  0.7629,  0.4165,  0.3881, -0.1413,  0.6194,  0.8396,  0.9624,
         1.4323,  0.0521,  0.2662,  0.8930, -0.0495,  0.0145, -2.8334],
       device='cuda:0')
Likelihood: -145.0953369140625
Solve time for step 3 (global step 74) 8.525782669021282
Current ori: tensor([-0.0495,  0.0145, -2.8334], device='cuda:0')
Middle force: tensor([1.1383, 1.5733, 0.9133, 0.9648, 0.8622, 0.6273, 1.1298, 0.5750, 0.5377,
        0.7658], device='cuda:0')
Thumb force: tensor([0.6503, 1.6648, 1.1494, 0.9296, 0.5014, 1.2246, 0.8200, 1.5502, 0.5330,
        0.6762], device='cuda:0')
Index force: tensor([0.5495, 1.1803, 0.5951, 0.9285, 0.9366, 0.8910, 0.5404, 0.9685, 0.6858,
        0.6705], device='cuda:0')
tensor([ 0.1133,  0.7588,  0.4302,  0.4070, -0.1270,  0.5992,  0.8472,  1.0486,
         1.3797,  0.1460,  0.3142,  0.7897, -0.0475,  0.0067, -2.9748],
       device='cuda:0')
Likelihood: -156.88291931152344
