Importing module 'gym_38' (/home/abhinav/Documents/isaacgym/python/isaacgym/_bindings/linux-x86_64/gym_38.so)
Setting GYM_USD_PLUG_INFO_PATH to /home/abhinav/Documents/isaacgym/python/isaacgym/_bindings/linux-x86_64/usd/plugInfo.json
PyTorch version 2.4.1+cu121
Device count 2
/home/abhinav/Documents/isaacgym/python/isaacgym/_bindings/src/gymtorch
ninja: no work to do.
No ROS install found, continuing
CCAI_PATH /home/abhinav/Documents/ccai
Not connected to PVD
Physics Engine: PhysX
Physics Device: cpu
GPU Pipeline: disabled
Using VHACD cache directory '/home/abhinav/.isaacgym/vhacd'
Found existing convex decomposition for mesh '/home/abhinav/Documents/github/isaacgym-arm-envs/isaac_victor_envs/assets/xela_models/mesh/allegro/base_ns.stl'
Found existing convex decomposition for mesh '/home/abhinav/Documents/github/isaacgym-arm-envs/isaac_victor_envs/assets/xela_models/mesh/allegro/link_1.0.stl'
Found existing convex decomposition for mesh '/home/abhinav/Documents/github/isaacgym-arm-envs/isaac_victor_envs/assets/xela_models/mesh/ft_c.stl'
[ models/temporal ] Channel dimensions: [(37, 128), (128, 256), (256, 512)]
[ models/temporal ] Channel dimensions: [(37, 128), (128, 256), (256, 512)]

Trial 401
No action perturbation this trial
Random perturbation %: 1.15
Loaded trajectory sampler
Current yaw: tensor([-0.0177, -0.0152,  3.0191], device='cuda:1')
Current yaw: tensor([-0.0177, -0.0152,  3.0191], device='cuda:1')
1 turn
Likelihood: -144.701904296875
Sampling time 4.276473947000341
tensor([ 0.1311,  0.6282,  0.5448,  0.6386, -0.0900,  0.5700,  0.9375,  0.8324,
         1.2488,  0.2155,  0.2497,  1.2223, -0.0177, -0.0152,  3.0191],
       device='cuda:1')
Solve time for step 1 (global step 0) 21.34296464199724
Current ori: tensor([-0.0177, -0.0152,  3.0191], device='cuda:1')
Middle force: tensor([0.7614, 1.6978, 2.2329, 0.5142, 0.8331, 0.6974, 0.5201, 0.7979, 0.5164,
        0.5716, 0.6062, 0.5163], device='cuda:1')
Thumb force: tensor([1.3176, 1.7290, 0.7319, 0.5775, 0.5002, 1.0305, 1.2578, 1.5281, 0.5263,
        0.4957, 0.5293, 0.5767], device='cuda:1')
Index force: tensor([0.5971, 0.8599, 0.5978, 0.5925, 0.5102, 0.8445, 0.5268, 0.5275, 0.6187,
        0.5811, 0.5571, 0.5492], device='cuda:1')
Applying force: tensor([[-0.1598, -0.8860,  0.0000]]) at position: (0.004, 0.020, 0.034)
tensor([ 1.0277e-01,  6.6323e-01,  4.9496e-01,  5.8287e-01, -7.9833e-02,
         5.0236e-01,  9.4045e-01,  1.1068e+00,  1.1928e+00,  3.5954e-01,
         3.8225e-01,  9.2089e-01, -3.5010e-02, -1.3128e-03,  2.7011e+00],
       device='cuda:1')
Likelihood: -211.21900939941406
State is out of distribution
Final likelihood: tensor([-2.8632, -3.0847, -3.2795, -3.3820, -3.4190, -3.8279, -4.0264, -4.0362,
        -4.2891, -4.4459, -5.1550, -5.2719, -5.4479, -5.7330, -5.9196, -7.1634],
       device='cuda:1', grad_fn=<IndexBackward0>)
Final likelihood: tensor([-2.8632, -3.0847, -3.2795, -3.3820, -3.4190, -3.8279, -4.0264, -4.0362,
        -4.2891, -4.4459, -5.1550, -5.2719, -5.4479, -5.7330, -5.9196, -7.1634],
       device='cuda:1', grad_fn=<IndexBackward0>)
1 mode projection succeeded
New goal: tensor([ 0.0272,  0.5784,  0.4789,  0.6300, -0.0368,  0.4971,  0.8421,  0.8501,
         1.2501,  0.4951,  0.2338,  1.0234, -0.0135,  0.0094,  2.6999],
       device='cuda:1')
tensor([[2.5362e-05]], device='cuda:1') tensor([[0.0003]], device='cuda:1') tensor([[0.0005]], device='cuda:1')
Likelihood: -126.4281005859375
Likelihood: -169.59027099609375
{'index': 169.59027099609375, 'thumb_middle': 126.4281005859375}
Plan time: 32.853853410997544
Current yaw: tensor([-3.5067e-02, -1.6126e-03,  2.6999e+00], device='cuda:1')
2 thumb_middle
tensor([ 1.0236e-01,  6.6304e-01,  4.9483e-01,  5.8277e-01, -7.9111e-02,
         5.0221e-01,  9.4093e-01,  1.1078e+00,  1.1928e+00,  3.5983e-01,
         3.8233e-01,  9.1991e-01, -3.5067e-02, -1.6126e-03,  2.6999e+00],
       device='cuda:1')
Solve time for step 1 (global step 1) 11.580808614991838
Current ori: tensor([-3.5067e-02, -1.6126e-03,  2.6999e+00], device='cuda:1')
Index force: tensor([0.6062, 0.5846, 0.4999], device='cuda:1')
tensor([ 0.0975,  0.6197,  0.5061,  0.6699, -0.1646,  0.4369,  0.8669,  0.9910,
         1.1620,  0.4309,  0.2462,  0.9576, -0.0180,  0.0044,  2.7003],
       device='cuda:1')
Solve time for step 2 (global step 2) 5.7886801730055595
Current ori: tensor([-0.0180,  0.0044,  2.7003], device='cuda:1')
Index force: tensor([0.5802, 0.5000], device='cuda:1')
tensor([ 9.9994e-02,  6.0106e-01,  4.7179e-01,  7.9510e-01, -1.4676e-01,
         4.4191e-01,  8.3622e-01,  9.1863e-01,  1.1904e+00,  4.6875e-01,
         2.0389e-01,  9.7496e-01, -1.9214e-03,  5.0556e-03,  2.7003e+00],
       device='cuda:1')
Solve time for step 3 (global step 3) 4.6871976730035385
Current ori: tensor([-1.9214e-03,  5.0556e-03,  2.7003e+00], device='cuda:1')
Index force: tensor([0.5000], device='cuda:1')
Current yaw: tensor([-3.1562e-03,  5.9045e-04,  2.6981e+00], device='cuda:1')
3 turn
Likelihood: -122.69879150390625
Sampling time 4.231600986007834
tensor([ 1.0671e-01,  6.1025e-01,  4.6393e-01,  7.9758e-01, -4.0384e-02,
         4.9493e-01,  8.8974e-01,  9.3111e-01,  1.2489e+00,  5.1801e-01,
         2.3007e-01,  1.0515e+00, -3.1562e-03,  5.9045e-04,  2.6981e+00],
       device='cuda:1')
Solve time for step 1 (global step 4) 19.002193099004216
Current ori: tensor([-3.1562e-03,  5.9045e-04,  2.6981e+00], device='cuda:1')
Middle force: tensor([0.7260, 0.8731, 0.5474, 0.8731, 0.5718, 0.6210, 0.5558, 0.5160, 0.4819,
        0.5193, 0.6504, 0.5452], device='cuda:1')
Thumb force: tensor([1.2177, 2.1986, 1.9823, 1.6565, 0.5533, 0.5139, 0.7944, 1.1869, 0.4802,
        0.5966, 0.8610, 0.5638], device='cuda:1')
Index force: tensor([0.7510, 0.7770, 0.6567, 0.5244, 0.7143, 0.7699, 0.5864, 0.5332, 0.7593,
        0.6361, 0.5675, 0.6356], device='cuda:1')
Applying force: tensor([[0.6939, 1.1905, 0.0000]]) at position: (-0.010, -0.017, 0.050)
tensor([ 0.0883,  0.6011,  0.4980,  0.7172, -0.0089,  0.4367,  0.9115,  1.1384,
         1.3736,  0.4058,  0.2493,  0.8029,  0.0051, -0.0143,  2.4422],
       device='cuda:1')
Likelihood: -149.5474853515625
Solve time for step 2 (global step 5) 9.840497286000755
Current ori: tensor([ 0.0051, -0.0143,  2.4422], device='cuda:1')
Middle force: tensor([0.6892, 0.5102, 0.5302, 0.5246, 0.7902, 0.5008, 0.5046, 0.5871, 0.5190,
        0.5106, 0.5538], device='cuda:1')
Thumb force: tensor([0.6865, 0.5647, 0.7812, 0.5525, 1.2731, 0.5614, 0.5953, 0.5119, 0.5208,
        0.5829, 0.5859], device='cuda:1')
Index force: tensor([0.5622, 0.6727, 0.5200, 0.6393, 0.5465, 0.6509, 0.7497, 0.7933, 0.6255,
        0.6536, 0.6196], device='cuda:1')
Applying force: tensor([[1.5972, 0.5643, 0.0000]]) at position: (-0.019, -0.006, 0.013)
tensor([ 0.0988,  0.5982,  0.5188,  0.7046, -0.0271,  0.4842,  0.9368,  1.0321,
         1.3277,  0.4487,  0.1683,  0.9994,  0.0027, -0.0246,  2.5039],
       device='cuda:1')
Likelihood: -131.7165985107422
Solve time for step 3 (global step 6) 9.237552214995958
Current ori: tensor([ 0.0027, -0.0246,  2.5039], device='cuda:1')
Middle force: tensor([0.5044, 0.5459, 0.5241, 0.7975, 0.5027, 0.5044, 0.5029, 0.5008, 0.5215,
        0.5384], device='cuda:1')
Thumb force: tensor([0.6205, 0.7723, 0.5433, 1.2178, 0.5350, 0.5808, 0.5192, 0.5510, 0.6156,
        0.5771], device='cuda:1')
Index force: tensor([0.7110, 0.5142, 0.6348, 0.5474, 0.6205, 0.6881, 0.8270, 0.6035, 0.5847,
        0.6557], device='cuda:1')
Applying force: tensor([[ 0.0123, -0.1224,  0.0000]]) at position: (-0.002, 0.020, 0.008)
tensor([ 0.0936,  0.5723,  0.5410,  0.7219, -0.0374,  0.4801,  0.9436,  1.0132,
         1.3349,  0.4286,  0.1131,  1.1051,  0.0098, -0.0198,  2.5457],
       device='cuda:1')
Likelihood: -117.87967681884766
Solve time for step 4 (global step 7) 8.585115980997216
Current ori: tensor([ 0.0098, -0.0198,  2.5457], device='cuda:1')
Middle force: tensor([0.5549, 0.5231, 0.7416, 0.5003, 0.5029, 0.6167, 0.5148, 0.5103, 0.5489],
       device='cuda:1')
Thumb force: tensor([0.7904, 0.5518, 1.2274, 0.5475, 0.5982, 0.5059, 0.5167, 0.5678, 0.5752],
       device='cuda:1')
Index force: tensor([0.5142, 0.6414, 0.5542, 0.6513, 0.7179, 0.7553, 0.6301, 0.6408, 0.6096],
       device='cuda:1')
Applying force: tensor([[-0.2298, -1.8575,  0.0000]]) at position: (0.003, 0.020, 0.011)
tensor([ 0.0806,  0.5342,  0.5607,  0.7635, -0.0488,  0.4888,  0.9292,  0.9865,
         1.3287,  0.4244,  0.0725,  1.2251,  0.0197, -0.0120,  2.6036],
       device='cuda:1')
Likelihood: -111.82278442382812
Solve time for step 5 (global step 8) 7.925353875994915
Current ori: tensor([ 0.0197, -0.0120,  2.6036], device='cuda:1')
Middle force: tensor([0.5291, 0.7354, 0.4999, 0.5025, 0.6142, 0.5151, 0.5111, 0.5492],
       device='cuda:1')
Thumb force: tensor([0.5582, 1.2126, 0.5414, 0.5915, 0.5050, 0.5121, 0.5584, 0.5671],
       device='cuda:1')
Index force: tensor([0.6186, 0.5523, 0.6412, 0.7034, 0.7428, 0.6221, 0.6263, 0.6030],
       device='cuda:1')
Applying force: tensor([[0.3014, 0.6283, 0.0000]]) at position: (-0.008, -0.018, 0.071)
tensor([ 0.0838,  0.5308,  0.5680,  0.7647, -0.0550,  0.5172,  0.9198,  0.9560,
         1.3183,  0.4381,  0.0527,  1.2858,  0.0226, -0.0134,  2.6208],
       device='cuda:1')
Likelihood: -122.26728820800781
Solve time for step 6 (global step 9) 8.531185904008453
Current ori: tensor([ 0.0226, -0.0134,  2.6208], device='cuda:1')
Middle force: tensor([0.7169, 0.5001, 0.5021, 0.6112, 0.5155, 0.5099, 0.5474],
       device='cuda:1')
Thumb force: tensor([1.1658, 0.5355, 0.5842, 0.5039, 0.5093, 0.5530, 0.5609],
       device='cuda:1')
Index force: tensor([0.5470, 0.6280, 0.6851, 0.7285, 0.6086, 0.6159, 0.5930],
       device='cuda:1')
Applying force: tensor([[-1.3259,  0.2190,  0.0000]]) at position: (0.020, -0.003, 0.084)
tensor([ 0.0571,  0.5365,  0.5467,  0.7404, -0.0907,  0.5053,  0.9071,  0.9475,
         1.3539,  0.4162,  0.0813,  1.2230,  0.0223,  0.0127,  2.6569],
       device='cuda:1')
Likelihood: -95.84271240234375
Solve time for step 7 (global step 10) 9.418568045002758
Current ori: tensor([0.0223, 0.0127, 2.6569], device='cuda:1')
Middle force: tensor([0.5319, 0.5045, 0.5020, 0.5153, 0.5029, 0.5280], device='cuda:1')
Thumb force: tensor([0.5362, 0.5174, 1.0028, 0.5011, 0.5571, 0.5292], device='cuda:1')
Index force: tensor([0.5345, 0.5870, 0.5000, 0.5307, 0.5423, 0.5914], device='cuda:1')
Applying force: tensor([[-0.4951,  0.4909,  0.0000]]) at position: (0.015, -0.014, 0.074)
tensor([ 0.0425,  0.5298,  0.5502,  0.7250, -0.1019,  0.4914,  0.9025,  0.9863,
         1.3706,  0.4041,  0.0960,  1.1754,  0.0211,  0.0192,  2.6229],
       device='cuda:1')
Likelihood: -93.41567993164062
Solve time for step 8 (global step 11) 7.944751023998833
Current ori: tensor([0.0211, 0.0192, 2.6229], device='cuda:1')
Middle force: tensor([0.5002, 0.5366, 0.5165, 0.5461, 0.5008], device='cuda:1')
Thumb force: tensor([0.5480, 0.5297, 0.6143, 0.5454, 0.5120], device='cuda:1')
Index force: tensor([0.7134, 0.5045, 0.5316, 0.5453, 0.5590], device='cuda:1')
Applying force: tensor([[ 0.4256, -0.0583,  0.0000]]) at position: (-0.020, 0.002, 0.024)
tensor([ 0.0546,  0.5309,  0.5549,  0.7350, -0.1072,  0.5031,  0.9231,  0.9810,
         1.3711,  0.4229,  0.0970,  1.1498,  0.0220,  0.0117,  2.5969],
       device='cuda:1')
Likelihood: -97.02281188964844
Solve time for step 9 (global step 12) 7.8031472110014874
Current ori: tensor([0.0220, 0.0117, 2.5969], device='cuda:1')
Middle force: tensor([0.5008, 0.5118, 0.5024, 0.5217], device='cuda:1')
Thumb force: tensor([0.9797, 0.5004, 0.5489, 0.5263], device='cuda:1')
Index force: tensor([0.5000, 0.5261, 0.5323, 0.5786], device='cuda:1')
Applying force: tensor([[0.4550, 0.1088, 0.0000]]) at position: (-0.019, -0.005, 0.096)
tensor([ 0.0644,  0.5561,  0.5450,  0.7030, -0.1015,  0.5014,  0.9198,  1.0184,
         1.3991,  0.3972,  0.1079,  1.0647,  0.0130,  0.0054,  2.5068],
       device='cuda:1')
Likelihood: -94.07537078857422
Solve time for step 10 (global step 13) 7.097424221996334
Current ori: tensor([0.0130, 0.0054, 2.5068], device='cuda:1')
Middle force: tensor([0.7457, 0.5006, 0.5061], device='cuda:1')
Thumb force: tensor([0.6556, 0.5440, 0.5162], device='cuda:1')
Index force: tensor([0.5172, 0.5463, 0.5829], device='cuda:1')
Applying force: tensor([[-0.0280,  0.5867,  0.0000]]) at position: (0.000, -0.020, 0.035)
tensor([ 7.8692e-02,  5.7057e-01,  5.3053e-01,  7.1930e-01, -9.4424e-02,
         4.9167e-01,  9.3531e-01,  1.0616e+00,  1.4112e+00,  3.9444e-01,
         1.2369e-01,  1.0003e+00,  1.1805e-02, -2.0529e-03,  2.4351e+00],
       device='cuda:1')
Likelihood: -113.15650177001953
Solve time for step 11 (global step 14) 7.071514716997626
Current ori: tensor([ 1.1805e-02, -2.0529e-03,  2.4351e+00], device='cuda:1')
Middle force: tensor([0.5004, 0.5050], device='cuda:1')
Thumb force: tensor([0.5428, 0.5148], device='cuda:1')
Index force: tensor([0.5413, 0.5767], device='cuda:1')
Applying force: tensor([[-0.1598,  0.6476,  0.0000]]) at position: (0.005, -0.019, 0.089)
tensor([ 0.0858,  0.5656,  0.5331,  0.7419, -0.1014,  0.4992,  0.9408,  1.0725,
         1.4241,  0.3987,  0.1283,  0.9643,  0.0158, -0.0050,  2.4180],
       device='cuda:1')
Likelihood: -110.4232177734375
Solve time for step 12 (global step 15) 6.710742429000675
Current ori: tensor([ 0.0158, -0.0050,  2.4180], device='cuda:1')
Middle force: tensor([0.5038], device='cuda:1')
Thumb force: tensor([0.5127], device='cuda:1')
Index force: tensor([0.5650], device='cuda:1')
Applying force: tensor([[ 1.6343, -0.8423,  0.0000]]) at position: (-0.018, 0.009, 0.062)
Current yaw: tensor([-0.0219, -0.0155,  2.4653], device='cuda:1')
4 turn
Likelihood: -129.79452514648438
Sampling time 4.244436848995974
tensor([ 0.0912,  0.5753,  0.5199,  0.7504, -0.1083,  0.5272,  0.9563,  1.0883,
         1.4289,  0.3913,  0.1053,  0.9212, -0.0219, -0.0155,  2.4653],
       device='cuda:1')
Solve time for step 1 (global step 16) 19.699890828997013
Current ori: tensor([-0.0219, -0.0155,  2.4653], device='cuda:1')
Middle force: tensor([0.5562, 0.5537, 1.3047, 0.5990, 0.6150, 0.8474, 0.5100, 0.6099, 1.3086,
        0.5214, 0.5916, 0.5089], device='cuda:1')
Thumb force: tensor([0.6317, 1.1132, 1.0922, 1.2187, 0.5550, 0.5885, 0.5995, 0.5977, 1.0913,
        0.5520, 0.5953, 0.5873], device='cuda:1')
Index force: tensor([0.6967, 0.5107, 1.4302, 0.5620, 0.6248, 0.6327, 0.6920, 0.5808, 0.5352,
        0.5725, 0.5830, 0.5717], device='cuda:1')
Applying force: tensor([[ 1.8139, -0.8849,  0.0000]]) at position: (-0.018, 0.008, 0.033)
tensor([ 0.0840,  0.5590,  0.5598,  0.6996, -0.1220,  0.5948,  0.9101,  1.1080,
         1.4528,  0.3306,  0.0291,  1.0187, -0.0306, -0.0163,  2.5730],
       device='cuda:1')
Likelihood: -155.33139038085938
Solve time for step 2 (global step 17) 9.892767076002201
Current ori: tensor([-0.0306, -0.0163,  2.5730], device='cuda:1')
Middle force: tensor([0.5030, 1.0552, 1.2023, 0.6118, 0.5259, 0.5105, 0.5558, 0.5433, 0.5770,
        0.5635, 0.5598], device='cuda:1')
Thumb force: tensor([0.5064, 1.1513, 0.9753, 0.5359, 0.7855, 0.5262, 0.9674, 0.6911, 0.5042,
        0.5134, 0.5534], device='cuda:1')
Index force: tensor([0.6451, 0.5523, 0.5134, 0.7473, 0.5008, 0.5223, 0.5074, 0.5006, 0.5636,
        0.5644, 0.6206], device='cuda:1')
Applying force: tensor([[ 0.1554, -0.0802,  0.0000]]) at position: (-0.018, 0.009, 0.048)
tensor([ 0.0942,  0.5467,  0.5937,  0.6857, -0.1371,  0.6116,  0.9327,  1.0971,
         1.4540,  0.3750,  0.0248,  0.9983, -0.0291, -0.0216,  2.5526],
       device='cuda:1')
Likelihood: -142.24496459960938
Solve time for step 3 (global step 18) 8.950427702002344
Current ori: tensor([-0.0291, -0.0216,  2.5526], device='cuda:1')
Middle force: tensor([1.3399, 0.5994, 0.6151, 0.8361, 0.5021, 0.6111, 1.2931, 0.5199, 0.5870,
        0.5080], device='cuda:1')
Thumb force: tensor([1.1636, 1.2033, 0.5448, 0.6054, 0.5936, 0.5905, 1.0503, 0.5468, 0.5860,
        0.5774], device='cuda:1')
Index force: tensor([1.4009, 0.5590, 0.6125, 0.6221, 0.7540, 0.5702, 0.5292, 0.5642, 0.5733,
        0.5638], device='cuda:1')
Applying force: tensor([[-0.3863,  0.3014,  0.0000]]) at position: (0.016, -0.013, 0.058)
tensor([ 0.0581,  0.5242,  0.5925,  0.6791, -0.1522,  0.6361,  0.8823,  1.0919,
         1.4451,  0.3551, -0.0559,  1.1967, -0.0072, -0.0188,  2.7170],
       device='cuda:1')
Likelihood: -186.51724243164062
State is out of distribution
Final likelihood: tensor([-3.1546, -3.4022, -3.6635, -3.7301, -3.8131, -4.1448, -4.5503, -4.6495,
        -4.6615, -4.8730, -5.1666, -5.4912, -5.5950, -5.6418, -6.4413, -8.5612],
       device='cuda:1', grad_fn=<IndexBackward0>)
Final likelihood: tensor([-3.1546, -3.4022, -3.6635, -3.7301, -3.8131, -4.1448, -4.5503, -4.6495,
        -4.6615, -4.8730, -5.1666, -5.4912, -5.5950, -5.6418, -6.4413, -8.5612],
       device='cuda:1', grad_fn=<IndexBackward0>)
1 mode projection succeeded
New goal: tensor([ 0.0393,  0.5445,  0.5381,  0.6285, -0.0730,  0.4896,  0.8538,  0.9152,
         1.2896,  0.2886,  0.2391,  1.0905,  0.0050,  0.0159,  2.7175],
       device='cuda:1')
tensor([[0.0007]], device='cuda:1') tensor([[0.0006]], device='cuda:1') tensor([[0.0008]], device='cuda:1')
Likelihood: -70.59394836425781
Likelihood: -186.53684997558594
{'index': 186.53684997558594, 'thumb_middle': 70.59394836425781}
Plan time: 31.146664544008672
Current yaw: tensor([-0.0071, -0.0190,  2.7175], device='cuda:1')
5 thumb_middle
tensor([ 0.0579,  0.5243,  0.5923,  0.6789, -0.1521,  0.6364,  0.8822,  1.0919,
         1.4451,  0.3549, -0.0562,  1.1973, -0.0071, -0.0190,  2.7175],
       device='cuda:1')
Solve time for step 1 (global step 19) 11.191930203000084
Current ori: tensor([-0.0071, -0.0190,  2.7175], device='cuda:1')
Index force: tensor([0.5916, 0.6006, 0.5753], device='cuda:1')
tensor([ 1.7405e-02,  5.0337e-01,  5.7109e-01,  7.0583e-01, -2.1094e-01,
         5.1409e-01,  8.2376e-01,  9.9489e-01,  1.3455e+00,  2.9092e-01,
        -7.4373e-03,  1.1288e+00, -9.6904e-04,  4.5381e-03,  2.7175e+00],
       device='cuda:1')
Solve time for step 2 (global step 20) 5.459414351003943
Current ori: tensor([-9.6904e-04,  4.5381e-03,  2.7175e+00], device='cuda:1')
Index force: tensor([0.5867, 0.5634], device='cuda:1')
tensor([ 1.6466e-02,  4.9538e-01,  5.7647e-01,  7.1587e-01, -1.7552e-01,
         4.9444e-01,  7.9115e-01,  9.6740e-01,  1.3118e+00,  2.6076e-01,
         4.3493e-02,  1.1148e+00,  2.1348e-03,  5.0430e-03,  2.7175e+00],
       device='cuda:1')
Solve time for step 3 (global step 21) 5.411857073995634
Current ori: tensor([2.1348e-03, 5.0430e-03, 2.7175e+00], device='cuda:1')
Index force: tensor([0.5503], device='cuda:1')
Current yaw: tensor([-5.1269e-03,  2.4947e-03,  2.7173e+00], device='cuda:1')
6 turn
Likelihood: -59.75563049316406
Sampling time 4.056099245994119
tensor([ 2.0504e-02,  5.0408e-01,  5.9553e-01,  6.5970e-01, -6.3341e-02,
         5.6392e-01,  8.1401e-01,  9.5697e-01,  1.3337e+00,  2.8285e-01,
         1.7761e-01,  1.1103e+00, -5.1269e-03,  2.4947e-03,  2.7173e+00],
       device='cuda:1')
Solve time for step 1 (global step 22) 20.320989215993905
Current ori: tensor([-5.1269e-03,  2.4947e-03,  2.7173e+00], device='cuda:1')
Middle force: tensor([0.5321, 0.7220, 0.4937, 0.8549, 2.0281, 0.5301, 0.6674, 0.5342, 0.9178,
        1.1715, 0.7546, 0.5528], device='cuda:1')
Thumb force: tensor([0.6154, 0.8345, 0.5381, 0.5337, 1.8123, 0.5131, 0.6883, 0.5062, 0.5223,
        1.1087, 0.5430, 0.5727], device='cuda:1')
Index force: tensor([0.6351, 0.7313, 0.6754, 0.4960, 0.5543, 0.5643, 0.6030, 0.6001, 0.4981,
        0.5408, 0.7714, 0.6825], device='cuda:1')
Applying force: tensor([[0.3143, 0.9501, 0.0000]]) at position: (-0.007, -0.019, 0.002)
tensor([ 4.9968e-03,  4.9968e-01,  5.7943e-01,  6.7257e-01, -7.9850e-02,
         6.0377e-01,  7.9893e-01,  9.7239e-01,  1.3806e+00,  1.9639e-01,
         1.2802e-01,  1.1830e+00,  1.8218e-02, -2.1717e-03,  2.6851e+00],
       device='cuda:1')
Likelihood: -126.60659790039062
Solve time for step 2 (global step 23) 10.981774472005782
Current ori: tensor([ 1.8218e-02, -2.1717e-03,  2.6851e+00], device='cuda:1')
Middle force: tensor([0.7104, 0.5082, 0.8309, 1.9265, 0.5125, 0.6615, 0.5214, 0.8989, 1.1592,
        0.7522, 0.5697], device='cuda:1')
Thumb force: tensor([0.8240, 0.5350, 0.5181, 1.7293, 0.5090, 0.6783, 0.5020, 0.5159, 1.0825,
        0.5355, 0.5562], device='cuda:1')
Index force: tensor([0.7147, 0.6909, 0.5057, 0.5486, 0.5522, 0.5896, 0.5954, 0.5056, 0.5341,
        0.7347, 0.5520], device='cuda:1')
Applying force: tensor([[ 0.6257, -0.5233,  0.0000]]) at position: (-0.015, 0.013, 0.025)
tensor([-0.0053,  0.4921,  0.5733,  0.6860, -0.0823,  0.6143,  0.7890,  0.9753,
         1.3627,  0.2638,  0.1226,  1.1609,  0.0067, -0.0027,  2.6731],
       device='cuda:1')
Likelihood: -125.27714538574219
Solve time for step 3 (global step 24) 10.410369093995541
Current ori: tensor([ 0.0067, -0.0027,  2.6731], device='cuda:1')
Middle force: tensor([0.5095, 0.8225, 1.8657, 0.5111, 0.6530, 0.5207, 0.8877, 1.1343, 0.7609,
        0.5762], device='cuda:1')
Thumb force: tensor([0.5323, 0.5156, 1.6813, 0.5085, 0.6704, 0.5017, 0.5143, 1.0644, 0.5311,
        0.5509], device='cuda:1')
Index force: tensor([0.6611, 0.5049, 0.5457, 0.5485, 0.5850, 0.5884, 0.5047, 0.5319, 0.7138,
        0.5436], device='cuda:1')
Applying force: tensor([[1.4542, 1.1022, 0.0000]]) at position: (-0.016, -0.012, 0.039)
tensor([ 0.0188,  0.4971,  0.5801,  0.7006, -0.0970,  0.6415,  0.8000,  0.9822,
         1.3693,  0.2530,  0.1100,  1.1341,  0.0078, -0.0160,  2.5695],
       device='cuda:1')
Likelihood: -144.26141357421875
Solve time for step 4 (global step 25) 9.947218109009555
Current ori: tensor([ 0.0078, -0.0160,  2.5695], device='cuda:1')
Middle force: tensor([0.7713, 1.7992, 0.5186, 0.6243, 0.5145, 0.5783, 0.5579, 0.5826, 0.5285],
       device='cuda:1')
Thumb force: tensor([0.5120, 1.6172, 0.5048, 0.6365, 0.5025, 0.5230, 0.5574, 0.5704, 0.5517],
       device='cuda:1')
Index force: tensor([0.5044, 0.5396, 0.5342, 0.5744, 0.5645, 0.5452, 0.5872, 0.5736, 0.6659],
       device='cuda:1')
Applying force: tensor([[0.1858, 0.2949, 0.0000]]) at position: (-0.011, -0.017, 0.003)
tensor([ 0.0185,  0.4898,  0.5847,  0.7102, -0.0942,  0.6270,  0.8247,  1.0040,
         1.3910,  0.2289,  0.1194,  1.0833,  0.0084, -0.0173,  2.4997],
       device='cuda:1')
Likelihood: -139.37298583984375
Solve time for step 5 (global step 26) 9.905269073991803
Current ori: tensor([ 0.0084, -0.0173,  2.4997], device='cuda:1')
Middle force: tensor([1.7511, 0.5167, 0.6176, 0.5134, 0.5731, 0.5528, 0.5774, 0.5265],
       device='cuda:1')
Thumb force: tensor([1.5628, 0.5044, 0.6292, 0.5020, 0.5210, 0.5526, 0.5664, 0.5480],
       device='cuda:1')
Index force: tensor([0.5348, 0.5310, 0.5701, 0.5602, 0.5427, 0.5824, 0.5686, 0.6595],
       device='cuda:1')
Applying force: tensor([[-1.5021, -0.8173,  0.0000]]) at position: (0.017, 0.010, 0.098)
tensor([-0.0173,  0.4737,  0.5788,  0.7108, -0.1391,  0.5879,  0.8373,  1.0293,
         1.4493,  0.2520,  0.1568,  0.9810,  0.0237,  0.0132,  2.5144],
       device='cuda:1')
Likelihood: -171.07308959960938
State is out of distribution
Final likelihood: tensor([-2.7169, -2.9808, -3.4127, -3.7889, -3.8214, -4.0562, -4.9103, -5.1398,
        -5.2105, -5.3045, -5.5547, -5.5779, -5.6857, -6.8372, -6.8484, -7.5302],
       device='cuda:1', grad_fn=<IndexBackward0>)
Final likelihood: tensor([-2.7169, -2.9808, -3.4127, -3.7889, -3.8214, -4.0562, -4.9103, -5.1398,
        -5.2105, -5.3045, -5.5547, -5.5779, -5.6857, -6.8372, -6.8484, -7.5302],
       device='cuda:1', grad_fn=<IndexBackward0>)
1 mode projection succeeded
New goal: tensor([ 0.0387,  0.5440,  0.5378,  0.6283, -0.0734,  0.4899,  0.8532,  0.9138,
         1.2879,  0.2919,  0.2411,  1.0894,  0.0051,  0.0161,  2.5136],
       device='cuda:1')
tensor([[0.0007]], device='cuda:1') tensor([[0.0006]], device='cuda:1') tensor([[0.0009]], device='cuda:1')
Likelihood: -92.29457092285156
Likelihood: -142.76133728027344
{'index': 142.76133728027344, 'thumb_middle': 92.29457092285156}
Plan time: 32.64889581099851
Current yaw: tensor([0.0237, 0.0126, 2.5136], device='cuda:1')
7 thumb_middle
tensor([-0.0169,  0.4739,  0.5789,  0.7108, -0.1386,  0.5884,  0.8376,  1.0295,
         1.4490,  0.2518,  0.1563,  0.9807,  0.0237,  0.0126,  2.5136],
       device='cuda:1')
Solve time for step 1 (global step 27) 11.25492637399293
Current ori: tensor([0.0237, 0.0126, 2.5136], device='cuda:1')
Index force: tensor([0.5801, 0.5954, 0.5830], device='cuda:1')
tensor([-0.0044,  0.4806,  0.5810,  0.7091, -0.1785,  0.4814,  0.8124,  0.9718,
         1.3290,  0.2432,  0.1044,  1.0134,  0.0222,  0.0064,  2.5135],
       device='cuda:1')
Solve time for step 2 (global step 28) 6.2284069180022925
Current ori: tensor([0.0222, 0.0064, 2.5135], device='cuda:1')
Index force: tensor([0.5865, 0.5748], device='cuda:1')
tensor([-0.0027,  0.5052,  0.5594,  0.6859, -0.1702,  0.4817,  0.7946,  0.9665,
         1.2956,  0.2366,  0.1261,  1.0256,  0.0134,  0.0056,  2.5135],
       device='cuda:1')
Solve time for step 3 (global step 29) 4.65924629100482
Current ori: tensor([0.0134, 0.0056, 2.5135], device='cuda:1')
Index force: tensor([0.5614], device='cuda:1')
Current yaw: tensor([0.0152, 0.0041, 2.5098], device='cuda:1')
8 turn
Likelihood: -94.42236328125
Sampling time 4.042056300997501
tensor([-7.1573e-04,  5.0040e-01,  5.6877e-01,  6.8398e-01, -7.2122e-02,
         5.2354e-01,  8.6530e-01,  9.7920e-01,  1.3680e+00,  2.3898e-01,
         1.8895e-01,  1.0632e+00,  1.5228e-02,  4.1203e-03,  2.5098e+00],
       device='cuda:1')
Solve time for step 1 (global step 30) 18.965285893995315
Current ori: tensor([0.0152, 0.0041, 2.5098], device='cuda:1')
Middle force: tensor([0.9004, 0.6611, 0.5691, 1.1938, 0.8338, 0.8228, 0.7227, 0.6522, 0.5127,
        0.4919, 0.5227, 0.5009], device='cuda:1')
Thumb force: tensor([0.7544, 0.5373, 0.5543, 1.2439, 0.5229, 0.4756, 0.6774, 0.7913, 1.1466,
        0.5545, 0.5416, 1.0653], device='cuda:1')
Index force: tensor([0.7404, 0.7193, 0.7216, 1.2649, 0.7614, 1.0346, 0.9155, 0.5310, 0.7946,
        0.6349, 0.5901, 0.4876], device='cuda:1')
Applying force: tensor([[-1.1923,  1.4673,  0.0000]]) at position: (0.013, -0.015, 0.095)
tensor([-0.0478,  0.5115,  0.5608,  0.6810, -0.0722,  0.5132,  0.8982,  1.1252,
         1.3717,  0.4481,  0.4539,  0.7490,  0.2606,  0.0261,  2.5250],
       device='cuda:1')
Likelihood: -346.46295166015625
State is out of distribution
Probably dropped the object
{}

Trial 402
No action perturbation this trial
Random perturbation %: 1.60
Loaded trajectory sampler
Current yaw: tensor([ 1.0156e-03,  5.2160e-03, -2.9971e+00], device='cuda:1')
Current yaw: tensor([ 1.0156e-03,  5.2160e-03, -2.9971e+00], device='cuda:1')
1 turn
Likelihood: -91.8828125
Sampling time 3.9262040389876347
tensor([ 1.1500e-01,  6.2073e-01,  5.8839e-01,  5.3666e-01, -6.5621e-02,
         5.3331e-01,  8.7961e-01,  8.9987e-01,  1.2383e+00,  2.7052e-01,
         2.8263e-01,  1.1567e+00,  1.0156e-03,  5.2160e-03, -2.9971e+00],
       device='cuda:1')
Solve time for step 1 (global step 0) 21.296894333005184
Current ori: tensor([ 1.0156e-03,  5.2160e-03, -2.9971e+00], device='cuda:1')
Middle force: tensor([0.9880, 0.8416, 0.5078, 0.5005, 0.5044, 0.8737, 0.5145, 0.6053, 0.5902,
        0.5658, 0.5075, 0.6019], device='cuda:1')
Thumb force: tensor([0.5747, 0.5600, 0.5811, 0.6893, 0.6065, 0.5945, 0.5008, 0.5901, 0.6020,
        0.5972, 0.5824, 0.6177], device='cuda:1')
Index force: tensor([0.5027, 0.8854, 0.5844, 1.0507, 0.6780, 0.5670, 0.7009, 0.5553, 0.6308,
        0.5825, 0.7122, 0.5851], device='cuda:1')
Applying force: tensor([[ 0.3025, -1.6865,  0.0000]]) at position: (-0.004, 0.020, 0.099)
tensor([ 0.1120,  0.6368,  0.5754,  0.4864, -0.0711,  0.6029,  0.8971,  0.8596,
         1.2779,  0.2248,  0.2124,  1.1602, -0.0764, -0.0143, -2.8532],
       device='cuda:1')
Likelihood: -140.85308837890625
Solve time for step 2 (global step 1) 10.542032994999317
Current ori: tensor([-0.0764, -0.0143, -2.8532], device='cuda:1')
Middle force: tensor([0.6024, 0.5002, 2.2253, 1.1500, 0.5154, 0.6467, 0.5211, 0.5023, 0.5037,
        0.5193, 0.5030], device='cuda:1')
Thumb force: tensor([0.6570, 1.2917, 1.7104, 1.1426, 0.5288, 0.8812, 0.5292, 1.2513, 0.5535,
        0.5966, 0.5110], device='cuda:1')
Index force: tensor([0.5199, 0.5523, 1.1645, 0.5113, 0.5602, 0.9026, 0.7746, 0.5155, 0.5497,
        0.6826, 0.5887], device='cuda:1')
Applying force: tensor([[ 1.2578, -0.2330,  0.0000]]) at position: (-0.020, 0.003, 0.011)
tensor([ 0.1097,  0.6174,  0.6008,  0.4926, -0.0740,  0.6019,  0.8954,  0.8777,
         1.2781,  0.2238,  0.2110,  1.1621, -0.0715, -0.0142, -2.8845],
       device='cuda:1')
Likelihood: -143.37860107421875
Solve time for step 3 (global step 2) 9.841208598998492
Current ori: tensor([-0.0715, -0.0142, -2.8845], device='cuda:1')
Middle force: tensor([1.5850, 1.5758, 0.6348, 0.5315, 0.5031, 0.6307, 0.5282, 0.5123, 0.5108,
        0.5007], device='cuda:1')
Thumb force: tensor([1.4403, 1.3359, 0.6247, 0.8789, 0.5039, 1.1866, 0.7036, 0.5287, 0.5930,
        0.6214], device='cuda:1')
Index force: tensor([0.6181, 0.5073, 0.9754, 0.5384, 0.5638, 0.5003, 0.5150, 0.6093, 0.6359,
        0.6707], device='cuda:1')
Applying force: tensor([[-1.2969,  0.3421,  0.0000]]) at position: (0.019, -0.006, 0.058)
tensor([ 0.0589,  0.6544,  0.5168,  0.4307, -0.1307,  0.7070,  0.7708,  0.7009,
         1.3670,  0.1622,  0.1995,  1.3047, -0.0866,  0.0292, -2.6805],
       device='cuda:1')
Likelihood: -172.7554931640625
State is out of distribution
Final likelihood: tensor([-3.0283, -3.8022, -3.8773, -4.0589, -4.6280, -4.8331, -5.4913, -5.6615,
        -5.9227, -6.2275, -6.8788, -7.0305, -7.2469, -7.7312, -7.9527, -8.3119],
       device='cuda:1', grad_fn=<IndexBackward0>)
Final likelihood: tensor([-3.0283, -3.8022, -3.8773, -4.0589, -4.6280, -4.8331, -5.4913, -5.6615,
        -5.9227, -6.2275, -6.8788, -7.0305, -7.2469, -7.7312, -7.9527, -8.3119],
       device='cuda:1', grad_fn=<IndexBackward0>)
1 mode projection succeeded
New goal: tensor([ 4.8736e-02,  5.8222e-01,  4.9831e-01,  6.1921e-01, -3.0809e-02,
         4.8227e-01,  8.9341e-01,  8.2679e-01,  1.3268e+00,  2.9922e-01,
         1.5806e-01,  1.0726e+00, -2.6581e-02,  1.4071e-03, -2.6810e+00],
       device='cuda:1')
tensor([[0.0004]], device='cuda:1') tensor([[0.0005]], device='cuda:1') tensor([[0.0006]], device='cuda:1')
Likelihood: -85.20561218261719
Likelihood: -193.5005645751953
{'index': 193.5005645751953, 'thumb_middle': 85.20561218261719}
Plan time: 33.1781896600296
Current yaw: tensor([-0.0869,  0.0280, -2.6810], device='cuda:1')
2 thumb_middle
tensor([ 0.0590,  0.6547,  0.5168,  0.4306, -0.1322,  0.7065,  0.7695,  0.7001,
         1.3666,  0.1620,  0.1982,  1.3055, -0.0869,  0.0280, -2.6810],
       device='cuda:1')
Solve time for step 1 (global step 3) 10.71447088799323
Current ori: tensor([-0.0869,  0.0280, -2.6810], device='cuda:1')
Index force: tensor([0.8786, 0.5967, 0.5867], device='cuda:1')
tensor([ 0.0868,  0.6611,  0.5146,  0.4809, -0.1639,  0.6122,  0.7790,  0.6847,
         1.2775,  0.1692,  0.1019,  1.1429, -0.0841,  0.0155, -2.6810],
       device='cuda:1')
Solve time for step 2 (global step 4) 5.228199803997995
Current ori: tensor([-0.0841,  0.0155, -2.6810], device='cuda:1')
Index force: tensor([0.5997, 0.5784], device='cuda:1')
tensor([ 0.1006,  0.6387,  0.5408,  0.5377, -0.1401,  0.5744,  0.7754,  0.7061,
         1.2945,  0.2159,  0.0940,  1.0278, -0.0749,  0.0059, -2.6810],
       device='cuda:1')
Solve time for step 3 (global step 5) 4.532773978993646
Current ori: tensor([-0.0749,  0.0059, -2.6810], device='cuda:1')
Index force: tensor([0.5633], device='cuda:1')
Current yaw: tensor([-6.1215e-02,  1.6936e-03, -2.6931e+00], device='cuda:1')
3 turn
Likelihood: -91.34187316894531
Sampling time 3.9871894719981356
tensor([ 1.0535e-01,  5.9516e-01,  5.8735e-01,  5.8674e-01, -4.3088e-02,
         6.1103e-01,  8.1812e-01,  7.4464e-01,  1.3854e+00,  2.4386e-01,
         1.5161e-01,  9.9056e-01, -6.1215e-02,  1.6936e-03, -2.6931e+00],
       device='cuda:1')
Solve time for step 1 (global step 6) 22.115256372009753
Current ori: tensor([-6.1215e-02,  1.6936e-03, -2.6931e+00], device='cuda:1')
Middle force: tensor([0.5512, 0.5362, 1.3098, 0.5692, 0.5952, 0.7861, 0.6189, 0.5441, 0.7286,
        0.5527, 0.5551, 0.6583], device='cuda:1')
Thumb force: tensor([0.5958, 1.0809, 1.0369, 1.1562, 0.5241, 0.5856, 0.5787, 0.5713, 0.5755,
        0.6156, 0.6409, 1.2504], device='cuda:1')
Index force: tensor([0.6500, 0.5089, 1.4855, 0.5907, 0.6597, 0.6009, 0.5928, 0.5062, 0.5389,
        0.6210, 0.6261, 0.6761], device='cuda:1')
Applying force: tensor([[1.9134, 0.9507, 0.0000]]) at position: (-0.018, -0.010, 0.001)
tensor([ 8.1469e-02,  5.6547e-01,  5.9580e-01,  6.0750e-01, -5.2676e-02,
         6.6339e-01,  7.1252e-01,  8.6336e-01,  1.3999e+00,  2.1152e-01,
         1.3199e-01,  1.0345e+00, -3.3211e-02, -2.6874e-03, -2.7943e+00],
       device='cuda:1')
Likelihood: -96.88380432128906
Solve time for step 2 (global step 7) 10.74432329199044
Current ori: tensor([-3.3211e-02, -2.6874e-03, -2.7943e+00], device='cuda:1')
Middle force: tensor([0.5326, 1.3000, 0.5630, 0.5973, 0.7699, 0.6061, 0.5341, 0.7254, 0.5463,
        0.5584, 0.6608], device='cuda:1')
Thumb force: tensor([1.0327, 1.0062, 1.1065, 0.5138, 0.5743, 0.5706, 0.5557, 0.5678, 0.6097,
        0.6217, 1.2107], device='cuda:1')
Index force: tensor([0.5068, 1.4567, 0.5820, 0.6471, 0.5875, 0.5875, 0.5034, 0.5341, 0.6129,
        0.6076, 0.6658], device='cuda:1')
Applying force: tensor([[ 1.2454, -0.9959,  0.0000]]) at position: (-0.015, 0.013, 0.051)
tensor([ 0.0960,  0.5373,  0.6245,  0.6560, -0.0549,  0.6951,  0.6834,  0.9117,
         1.3852,  0.2212,  0.1063,  1.0985, -0.0219, -0.0129, -2.7714],
       device='cuda:1')
Likelihood: -89.71575927734375
Solve time for step 3 (global step 8) 9.958241339001688
Current ori: tensor([-0.0219, -0.0129, -2.7714], device='cuda:1')
Middle force: tensor([1.2582, 0.5562, 0.5884, 0.7488, 0.5925, 0.5242, 0.7187, 0.5408, 0.5569,
        0.6541], device='cuda:1')
Thumb force: tensor([1.0055, 1.0650, 0.5087, 0.5680, 0.5653, 0.5468, 0.5620, 0.6040, 0.6116,
        1.1883], device='cuda:1')
Index force: tensor([1.4331, 0.5759, 0.6382, 0.5774, 0.5853, 0.5016, 0.5303, 0.6059, 0.5945,
        0.6543], device='cuda:1')
Applying force: tensor([[-0.8918,  0.4193,  0.0000]]) at position: (0.018, -0.009, 0.044)
tensor([ 7.3677e-02,  4.9239e-01,  6.4811e-01,  6.8879e-01, -7.4420e-02,
         6.6634e-01,  6.8521e-01,  9.6674e-01,  1.3955e+00,  2.1033e-01,
         1.1356e-01,  1.1325e+00, -7.0230e-03,  1.4561e-03, -2.7569e+00],
       device='cuda:1')
Likelihood: -76.74024963378906
Solve time for step 4 (global step 9) 9.594180618005339
Current ori: tensor([-7.0230e-03,  1.4561e-03, -2.7569e+00], device='cuda:1')
Middle force: tensor([0.5526, 0.5783, 0.7272, 0.5808, 0.5132, 0.7115, 0.5355, 0.5517, 0.6453],
       device='cuda:1')
Thumb force: tensor([1.0170, 0.5044, 0.5610, 0.5568, 0.5374, 0.5563, 0.5960, 0.6017, 1.1667],
       device='cuda:1')
Index force: tensor([0.5635, 0.6234, 0.5672, 0.5789, 0.5004, 0.5257, 0.5982, 0.5831, 0.6420],
       device='cuda:1')
Applying force: tensor([[-0.1654,  0.7767,  0.0000]]) at position: (0.004, -0.020, 0.063)
tensor([ 0.0626,  0.4604,  0.6685,  0.7150, -0.0846,  0.6518,  0.6844,  1.0019,
         1.4032,  0.2511,  0.1000,  1.1445,  0.0040,  0.0083, -2.7377],
       device='cuda:1')
Likelihood: -112.78715515136719
Solve time for step 5 (global step 10) 8.94511126598809
Current ori: tensor([ 0.0040,  0.0083, -2.7377], device='cuda:1')
Middle force: tensor([0.6839, 0.5163, 0.7542, 1.2079, 0.4997, 0.5563, 0.6276, 0.5000],
       device='cuda:1')
Thumb force: tensor([0.5246, 0.6629, 0.5329, 0.6803, 0.5200, 0.5643, 0.5346, 0.5733],
       device='cuda:1')
Index force: tensor([0.5858, 0.5446, 0.5028, 0.7810, 0.6115, 0.5217, 0.7641, 0.6347],
       device='cuda:1')
Applying force: tensor([[0.2833, 0.6744, 0.0000]]) at position: (-0.008, -0.018, 0.049)
tensor([ 0.0645,  0.4355,  0.6893,  0.7460, -0.0854,  0.6031,  0.7693,  0.9768,
         1.4202,  0.2618,  0.1024,  1.1005,  0.0151,  0.0072, -2.7610],
       device='cuda:1')
Likelihood: -121.11212158203125
Solve time for step 6 (global step 11) 8.05753909300256
Current ori: tensor([ 0.0151,  0.0072, -2.7610], device='cuda:1')
Middle force: tensor([0.5172, 0.7603, 1.1941, 0.5051, 0.5001, 0.5389, 0.5078],
       device='cuda:1')
Thumb force: tensor([0.6697, 0.5297, 0.7018, 0.5034, 0.7352, 0.5279, 0.8043],
       device='cuda:1')
Index force: tensor([0.5269, 0.5025, 0.7973, 0.5769, 0.5367, 0.5605, 0.5189],
       device='cuda:1')
Applying force: tensor([[-0.7611,  1.4016,  0.0000]]) at position: (0.009, -0.018, 0.041)
tensor([ 0.0528,  0.4163,  0.6962,  0.7650, -0.1046,  0.5651,  0.8095,  0.9764,
         1.4398,  0.3100,  0.1263,  1.0432,  0.0258,  0.0195, -2.7554],
       device='cuda:1')
Likelihood: -139.0828094482422
Solve time for step 7 (global step 12) 7.3942944439913845
Current ori: tensor([ 0.0258,  0.0195, -2.7554], device='cuda:1')
Middle force: tensor([0.7071, 1.0838, 0.4998, 0.5490, 0.5990, 0.4999], device='cuda:1')
Thumb force: tensor([0.5338, 0.6561, 0.5247, 0.5538, 0.5313, 0.5631], device='cuda:1')
Index force: tensor([0.5021, 0.7084, 0.5881, 0.5115, 0.7337, 0.6239], device='cuda:1')
Applying force: tensor([[-0.7499,  1.6525,  0.0000]]) at position: (0.008, -0.018, 0.069)
tensor([ 0.0560,  0.4020,  0.7111,  0.7815, -0.1151,  0.5407,  0.8315,  0.9910,
         1.4798,  0.3032,  0.1191,  1.0173,  0.0418,  0.0262, -2.6961],
       device='cuda:1')
Likelihood: -174.33543395996094
State is out of distribution
Final likelihood: tensor([-2.9368, -2.9418, -3.6271, -3.7007, -3.7677, -3.9513, -4.0630, -4.0819,
        -4.3260, -4.4714, -4.6010, -4.8465, -4.8622, -5.2238, -5.2784, -5.3631],
       device='cuda:1', grad_fn=<IndexBackward0>)
Final likelihood: tensor([-2.9368, -2.9418, -3.6271, -3.7007, -3.7677, -3.9513, -4.0630, -4.0819,
        -4.3260, -4.4714, -4.6010, -4.8465, -4.8622, -5.2238, -5.2784, -5.3631],
       device='cuda:1', grad_fn=<IndexBackward0>)
1 mode projection succeeded
New goal: tensor([ 0.0311,  0.5285,  0.5504,  0.6357, -0.0670,  0.4983,  0.8610,  0.8417,
         1.2928,  0.2933,  0.1946,  1.1738,  0.0061,  0.0160, -2.6967],
       device='cuda:1')
tensor([[0.0005]], device='cuda:1') tensor([[0.0004]], device='cuda:1') tensor([[0.0005]], device='cuda:1')
