Importing module 'gym_38' (/home/abhinav/Documents/isaacgym/python/isaacgym/_bindings/linux-x86_64/gym_38.so)
Setting GYM_USD_PLUG_INFO_PATH to /home/abhinav/Documents/isaacgym/python/isaacgym/_bindings/linux-x86_64/usd/plugInfo.json
PyTorch version 2.4.1+cu121
Device count 2
/home/abhinav/Documents/isaacgym/python/isaacgym/_bindings/src/gymtorch
ninja: no work to do.
No ROS install found, continuing
CCAI_PATH /home/abhinav/Documents/ccai
robot pose [ 0.02  -0.35   0.376] [0, 0, 0.7071068, 0.7071068]
Not connected to PVD
Physics Engine: PhysX
Physics Device: cpu
GPU Pipeline: disabled
Using VHACD cache directory '/home/abhinav/.isaacgym/vhacd'
Found existing convex decomposition for mesh '/home/abhinav/Documents/github/isaacgym-arm-envs/isaac_victor_envs/assets/xela_models/mesh/allegro/base_ns.stl'
Found existing convex decomposition for mesh '/home/abhinav/Documents/github/isaacgym-arm-envs/isaac_victor_envs/assets/xela_models/mesh/allegro/link_1.0.stl'
Found existing convex decomposition for mesh '/home/abhinav/Documents/github/isaacgym-arm-envs/isaac_victor_envs/assets/xela_models/mesh/ft_c.stl'

Trial 401
No action perturbation this trial
Current yaw: tensor([-0.4797], device='cuda:1')
Current yaw: tensor([-0.4797], device='cuda:1')
1 turn
tensor([ 0.3277,  0.7197,  0.6997,  0.8146, -0.0478,  0.3308,  0.9167,  0.7857,
         1.3274,  0.0062,  0.4028,  0.3145, -0.4797], device='cuda:1')
Solve time for step 1 (global step 0) 11.114812526968308
Current ori: tensor(-0.4797, device='cuda:1')
Middle force: tensor([1.6299, 3.9264, 2.3460, 1.1878, 2.2524, 1.0549], device='cuda:1')
Thumb force: tensor([1.9575, 0.1201, 1.8579, 0.7592, 0.9293, 1.1241], device='cuda:1')
Index force: tensor([1.8009, 1.1573, 2.7078, 1.0884, 3.2787, 3.2174], device='cuda:1')
tensor([ 0.1983,  0.7378,  0.6339,  0.8513, -0.0494,  0.3437,  0.9400,  0.7831,
         1.3518, -0.1050,  0.4642,  0.2342, -0.4797], device='cuda:1')
Solve time for step 2 (global step 1) 4.281751365982927
Current ori: tensor(-0.4797, device='cuda:1')
Middle force: tensor([3.5162, 1.8544, 0.9585, 1.8656, 1.0175], device='cuda:1')
Thumb force: tensor([0.1718, 1.5088, 0.6731, 0.8582, 0.9030], device='cuda:1')
Index force: tensor([1.0218, 2.3301, 1.1882, 2.7866, 2.8312], device='cuda:1')
tensor([ 0.1853,  0.7941,  0.6258,  0.8980, -0.0194,  0.3557,  0.9504,  0.7714,
         1.3073, -0.0522,  0.4629,  0.2638, -0.4790], device='cuda:1')
Solve time for step 3 (global step 2) 5.671107497997582
Current ori: tensor(-0.4790, device='cuda:1')
Middle force: tensor([1.5758, 0.8576, 1.7991, 0.9941], device='cuda:1')
Thumb force: tensor([1.4881, 0.6708, 0.8098, 0.8211], device='cuda:1')
Index force: tensor([2.1889, 1.2227, 2.5885, 2.7061], device='cuda:1')
tensor([ 0.1822,  0.8526,  0.6006,  0.9144, -0.0219,  0.3630,  0.9582,  0.7325,
         1.2335,  0.1186,  0.5199,  0.1434, -0.4789], device='cuda:1')
Solve time for step 4 (global step 3) 5.261298145051114
Current ori: tensor(-0.4789, device='cuda:1')
Middle force: tensor([0.9305, 1.6475, 0.9811], device='cuda:1')
Thumb force: tensor([0.4705, 1.0907, 0.5148], device='cuda:1')
Index force: tensor([1.1686, 2.2921, 2.4872], device='cuda:1')
tensor([ 0.1806,  0.8740,  0.5814,  0.9163, -0.0220,  0.3533,  0.9781,  0.7170,
         1.0844,  0.4121,  0.6055, -0.0164, -0.4789], device='cuda:1')
Solve time for step 5 (global step 4) 4.8320990450447425
Current ori: tensor(-0.4789, device='cuda:1')
Middle force: tensor([1.4929, 1.0617], device='cuda:1')
Thumb force: tensor([1.1364, 0.0138], device='cuda:1')
Index force: tensor([2.1197, 2.2295], device='cuda:1')
tensor([ 0.1798,  0.8785,  0.5502,  0.9545,  0.0071,  0.3556,  0.9935,  0.7315,
         1.1718,  0.2662,  0.6917, -0.1620, -0.4687], device='cuda:1')
Solve time for step 6 (global step 5) 4.774884829064831
Current ori: tensor(-0.4687, device='cuda:1')
Middle force: tensor([1.0417], device='cuda:1')
Thumb force: tensor([0.1546], device='cuda:1')
Index force: tensor([2.0933], device='cuda:1')
Failed to turn past .15 rad
Average turn amount: -0.46855029463768005 over 1 trials
{}

Trial 402
No action perturbation this trial
Current yaw: tensor([0.1398], device='cuda:1')
Current yaw: tensor([0.0887], device='cuda:1')
1 turn
tensor([ 0.3322,  0.5594,  0.7443,  0.9075, -0.0977,  0.2506,  0.9149,  0.9004,
         1.3311,  0.0352,  0.3620,  0.2990,  0.0887], device='cuda:1')
Solve time for step 1 (global step 0) 11.742652597953565
Current ori: tensor(0.0887, device='cuda:1')
Middle force: tensor([0.6226, 1.3751, 2.9553, 2.8379, 2.0688, 1.7384], device='cuda:1')
Thumb force: tensor([1.3425, 0.6386, 0.8430, 0.3677, 0.7580, 0.7795], device='cuda:1')
Index force: tensor([3.2306, 0.6079, 1.2402, 2.5771, 1.5368, 2.3419], device='cuda:1')
tensor([ 0.3569,  0.6281,  0.7407,  0.9061, -0.0282,  0.2552,  0.9047,  0.8738,
         1.3545,  0.1129,  0.2522,  0.5155, -0.0315], device='cuda:1')
Solve time for step 2 (global step 1) 4.5308360940543935
Current ori: tensor(-0.0315, device='cuda:1')
Middle force: tensor([1.2463, 2.2455, 2.6606, 1.9105, 1.6184], device='cuda:1')
Thumb force: tensor([0.7139, 0.6847, 0.6368, 0.6990, 0.7728], device='cuda:1')
Index force: tensor([0.5618, 1.5911, 2.2184, 1.5558, 2.2333], device='cuda:1')
tensor([ 0.3708,  0.7039,  0.7597,  0.9040,  0.0640,  0.2413,  0.9836,  0.7237,
         1.3881,  0.2062,  0.1833,  0.6153, -0.2023], device='cuda:1')
Solve time for step 3 (global step 2) 5.930689517990686
Current ori: tensor(-0.2023, device='cuda:1')
Middle force: tensor([1.9733, 2.5672, 1.8675, 1.4833], device='cuda:1')
Thumb force: tensor([0.6843, 0.7084, 0.6823, 0.7559], device='cuda:1')
Index force: tensor([1.7092, 2.1363, 1.5523, 2.1744], device='cuda:1')
tensor([ 0.3853,  0.7992,  0.7643,  0.8820,  0.1263,  0.2585,  0.9808,  0.6952,
         1.4367,  0.4665,  0.1851,  0.6199, -0.3318], device='cuda:1')
Solve time for step 4 (global step 3) 5.280868481961079
Current ori: tensor(-0.3318, device='cuda:1')
Middle force: tensor([2.4898, 1.8275, 1.3885], device='cuda:1')
Thumb force: tensor([0.7502, 0.5974, 0.7541], device='cuda:1')
Index force: tensor([2.0793, 1.4822, 2.0106], device='cuda:1')
tensor([ 0.3873,  0.9125,  0.7886,  0.8233,  0.1997,  0.2811,  0.9978,  0.6363,
         1.5000,  0.3538,  0.1870,  0.6197, -0.4967], device='cuda:1')
Solve time for step 5 (global step 4) 5.032089603017084
Current ori: tensor(-0.4967, device='cuda:1')
Middle force: tensor([1.7882, 1.2797], device='cuda:1')
Thumb force: tensor([0.5365, 0.7540], device='cuda:1')
Index force: tensor([1.4122, 1.8723], device='cuda:1')
tensor([ 0.3640,  0.9880,  0.8065,  0.7771,  0.2596,  0.3208,  0.9790,  0.6263,
         1.4373,  0.6251,  0.3396,  0.5090, -0.6466], device='cuda:1')
Solve time for step 6 (global step 5) 4.835896645090543
Current ori: tensor(-0.6466, device='cuda:1')
Middle force: tensor([1.2762], device='cuda:1')
Thumb force: tensor([0.6986], device='cuda:1')
Index force: tensor([1.8620], device='cuda:1')
Current yaw: tensor([-0.6549], device='cuda:1')
2 turn
tensor([ 0.3730,  1.0417,  0.7743,  0.7606,  0.2498,  0.3523,  0.9691,  0.5902,
         1.5000,  0.4290,  0.2364,  0.5139, -0.6549], device='cuda:1')
Solve time for step 1 (global step 6) 10.216201919014566
Current ori: tensor(-0.6549, device='cuda:1')
Middle force: tensor([2.1461, 3.3263, 2.8084, 2.3224, 2.4437, 1.3241], device='cuda:1')
Thumb force: tensor([0.0539, 0.8542, 0.2995, 0.3044, 0.4434, 0.2156], device='cuda:1')
Index force: tensor([1.3613, 1.1963, 2.2837, 1.7156, 2.3305, 1.6484], device='cuda:1')
tensor([ 0.3829,  1.0401,  0.8471,  0.6803,  0.2540,  0.3641,  0.9160,  0.6566,
         1.5000,  0.3822,  0.2029,  0.5202, -0.6553], device='cuda:1')
Solve time for step 2 (global step 7) 5.745993376011029
Current ori: tensor(-0.6553, device='cuda:1')
Middle force: tensor([3.1812, 2.6178, 2.1537, 2.5782, 1.1722], device='cuda:1')
Thumb force: tensor([0.2436, 0.4458, 0.1787, 0.2360, 0.1723], device='cuda:1')
Index force: tensor([1.1599, 2.3881, 1.6875, 2.3765, 1.4282], device='cuda:1')
tensor([ 0.3218,  1.2205,  0.7857,  0.6272,  0.3783,  0.4352,  0.8707,  0.5846,
         1.5000,  0.1354,  0.3226,  0.3521, -0.9041], device='cuda:1')
Solve time for step 3 (global step 8) 5.5337392969522625
Current ori: tensor(-0.9041, device='cuda:1')
Middle force: tensor([2.5382, 2.0671, 2.6061, 1.1321], device='cuda:1')
Thumb force: tensor([0.4826, 0.2981, 0.2788, 0.2294], device='cuda:1')
Index force: tensor([2.4077, 1.6565, 2.3323, 1.3728], device='cuda:1')
tensor([ 0.2684,  1.2398,  0.9571,  0.3188,  0.4206,  0.4728,  0.8992,  0.5278,
         1.5000,  0.1811,  0.4564,  0.3488, -1.0587], device='cuda:1')
Reached goal yaw
Solve time for step 4 (global step 9) 5.234916860004887
Current ori: tensor(-1.0587, device='cuda:1')
Middle force: tensor([1.8877, 2.4354, 1.0238], device='cuda:1')
Thumb force: tensor([0.6581, 0.2044, 0.4325], device='cuda:1')
Index force: tensor([1.5328, 2.2689, 1.3353], device='cuda:1')
tensor([ 0.2691,  1.2820,  0.8407,  0.4652,  0.3977,  0.4905,  0.8990,  0.5055,
         1.3445,  0.5097,  0.4734,  0.3307, -1.0592], device='cuda:1')
Reached goal yaw
Solve time for step 5 (global step 10) 5.266295072971843
Current ori: tensor(-1.0592, device='cuda:1')
Middle force: tensor([2.3628, 0.9733], device='cuda:1')
Thumb force: tensor([0.1798, 0.5864], device='cuda:1')
Index force: tensor([2.2048, 1.2768], device='cuda:1')
tensor([ 0.2670,  1.3154,  0.7602,  0.5329,  0.4002,  0.4852,  0.9114,  0.4942,
         1.1562,  0.8484,  0.6374,  0.2363, -1.0605], device='cuda:1')
Reached goal yaw
Solve time for step 6 (global step 11) 3.9489269320620224
Current ori: tensor(-1.0605, device='cuda:1')
Middle force: tensor([0.9856], device='cuda:1')
Thumb force: tensor([0.5574], device='cuda:1')
Index force: tensor([1.2678], device='cuda:1')
Reached goal yaw
Average turn amount: -0.7656216472387314 over 2 trials
{}

Trial 403
No action perturbation this trial
Current yaw: tensor([-0.7042], device='cuda:1')
Current yaw: tensor([-0.7032], device='cuda:1')
1 turn
tensor([ 0.2952,  0.5684,  0.7283,  0.7476, -0.0385,  0.2010,  0.9544,  0.8148,
         1.2847,  0.0767,  0.3590,  0.3456, -0.7032], device='cuda:1')
Solve time for step 1 (global step 0) 10.054961233981885
Current ori: tensor(-0.7032, device='cuda:1')
Middle force: tensor([1.3279, 1.3780, 3.3417, 2.2370, 1.4138, 0.6714], device='cuda:1')
Thumb force: tensor([0.7579, 0.4161, 0.6640, 1.2850, 0.1096, 1.9026], device='cuda:1')
Index force: tensor([1.1431, 0.7561, 3.4791, 2.9035, 1.2645, 1.9395], device='cuda:1')
tensor([ 0.3012,  0.5983,  0.7392,  0.7048, -0.0493,  0.1995,  0.9591,  0.7992,
         1.2792,  0.1321,  0.3796,  0.3054, -0.7031], device='cuda:1')
Solve time for step 2 (global step 1) 5.43066012498457
Current ori: tensor(-0.7031, device='cuda:1')
Middle force: tensor([1.1302, 2.9450, 1.9506, 1.1777, 0.6348], device='cuda:1')
Thumb force: tensor([0.3269, 0.6812, 1.1939, 0.4537, 1.6105], device='cuda:1')
Index force: tensor([1.0688, 3.3162, 2.7132, 1.0963, 2.1381], device='cuda:1')
tensor([ 0.2997,  0.6057,  0.7375,  0.6758, -0.0316,  0.1831,  1.0265,  0.7229,
         1.4650, -0.1050,  0.3837,  0.2631, -0.7030], device='cuda:1')
Solve time for step 3 (global step 2) 5.811102041974664
Current ori: tensor(-0.7030, device='cuda:1')
Middle force: tensor([2.7925, 1.8642, 1.0627, 0.7221], device='cuda:1')
Thumb force: tensor([0.7648, 1.1851, 0.5568, 1.4805], device='cuda:1')
Index force: tensor([3.2193, 2.6504, 1.0676, 2.2018], device='cuda:1')
tensor([ 0.2978,  0.6062,  0.7292,  0.6758, -0.0168,  0.1527,  1.0919,  0.6957,
         1.3604,  0.1065,  0.4437,  0.2791, -0.7022], device='cuda:1')
Solve time for step 4 (global step 3) 5.16017931397073
Current ori: tensor(-0.7022, device='cuda:1')
Middle force: tensor([1.8164, 1.0285, 0.6775], device='cuda:1')
Thumb force: tensor([1.1455, 0.6011, 1.4575], device='cuda:1')
Index force: tensor([2.5655, 1.0528, 2.1055], device='cuda:1')
tensor([ 0.2988,  0.6113,  0.7217,  0.6893, -0.0075,  0.1818,  1.0798,  0.6603,
         1.4640, -0.1050,  0.5007,  0.1331, -0.7021], device='cuda:1')
Solve time for step 5 (global step 4) 4.945123931975104
Current ori: tensor(-0.7021, device='cuda:1')
Middle force: tensor([0.9867, 0.6210], device='cuda:1')
Thumb force: tensor([0.6043, 1.4702], device='cuda:1')
Index force: tensor([1.0482, 2.0009], device='cuda:1')
tensor([ 0.2988,  0.6098,  0.7260,  0.6836, -0.0057,  0.1801,  1.0841,  0.6597,
         1.3364,  0.1485,  0.4571,  0.1753, -0.7021], device='cuda:1')
Solve time for step 6 (global step 5) 5.012485548038967
Current ori: tensor(-0.7021, device='cuda:1')
Middle force: tensor([0.6243], device='cuda:1')
Thumb force: tensor([1.4428], device='cuda:1')
Index force: tensor([1.9002], device='cuda:1')
Failed to turn past .15 rad
Average turn amount: -0.7441706160704294 over 3 trials
{}

Trial 404
No action perturbation this trial
Current yaw: tensor([0.2947], device='cuda:1')
Current yaw: tensor([0.2855], device='cuda:1')
1 turn
tensor([ 0.2927,  0.5211,  0.7116,  0.8265, -0.0478,  0.1685,  0.9197,  0.7659,
         1.3012,  0.0202,  0.3538,  0.2993,  0.2855], device='cuda:1')
Solve time for step 1 (global step 0) 11.16426611202769
Current ori: tensor(0.2855, device='cuda:1')
Middle force: tensor([1.4298, 2.6464, 3.0964, 2.6892, 1.8384, 1.6283], device='cuda:1')
Thumb force: tensor([1.7880, 0.4439, 0.3477, 0.9129, 1.4922, 0.8630], device='cuda:1')
Index force: tensor([1.0437, 2.2204, 1.1442, 2.0147, 1.9719, 1.5320], device='cuda:1')
tensor([ 0.3248,  0.5521,  0.7248,  0.8089, -0.0114,  0.1616,  0.9319,  0.7309,
         1.3925, -0.1050,  0.2439,  0.4859,  0.2852], device='cuda:1')
Solve time for step 2 (global step 1) 4.938144452054985
Current ori: tensor(0.2852, device='cuda:1')
Middle force: tensor([2.4482, 3.1419, 2.6706, 1.7531, 1.3103], device='cuda:1')
Thumb force: tensor([0.7266, 0.1625, 1.0137, 1.8426, 0.6298], device='cuda:1')
Index force: tensor([2.4186, 0.9065, 1.8385, 1.7396, 1.4157], device='cuda:1')
tensor([0.3473, 0.5665, 0.7433, 0.8418, 0.0721, 0.1619, 0.9164, 0.7022, 1.2136,
        0.2076, 0.1694, 0.6584, 0.2851], device='cuda:1')
Solve time for step 3 (global step 2) 6.004014590056613
Current ori: tensor(0.2851, device='cuda:1')
Middle force: tensor([3.1366, 2.6615, 1.5245, 1.2764], device='cuda:1')
Thumb force: tensor([0.0939, 1.1496, 2.1285, 0.3470], device='cuda:1')
Index force: tensor([0.9545, 1.6449, 1.6011, 1.3004], device='cuda:1')
tensor([0.4267, 0.7050, 0.7761, 0.9020, 0.2100, 0.1854, 0.8973, 0.6399, 1.3164,
        0.2621, 0.0084, 0.9514, 0.2847], device='cuda:1')
Solve time for step 4 (global step 3) 5.122970644966699
Current ori: tensor(0.2847, device='cuda:1')
Middle force: tensor([2.5392, 0.9842, 1.3406], device='cuda:1')
Thumb force: tensor([1.2463, 2.2584, 0.0241], device='cuda:1')
Index force: tensor([1.5177, 1.6384, 1.1149], device='cuda:1')
tensor([ 0.4207,  0.7210,  0.7809,  0.9217,  0.2481,  0.1972,  0.8825,  0.6756,
         1.2963,  0.2596, -0.0061,  0.9853,  0.2847], device='cuda:1')
Solve time for step 5 (global step 4) 5.020751929027028
Current ori: tensor(0.2847, device='cuda:1')
Middle force: tensor([0.8713, 1.3276], device='cuda:1')
Thumb force: tensor([2.2138, 0.2231], device='cuda:1')
Index force: tensor([1.6613, 0.9851], device='cuda:1')
tensor([ 0.4206,  0.7256,  0.7707,  0.9321,  0.2486,  0.2052,  0.8540,  0.7117,
         1.3037,  0.1890, -0.0093,  0.9887,  0.2845], device='cuda:1')
Solve time for step 6 (global step 5) 4.998275351012126
Current ori: tensor(0.2845, device='cuda:1')
Middle force: tensor([1.3113], device='cuda:1')
Thumb force: tensor([0.1885], device='cuda:1')
Index force: tensor([0.9883], device='cuda:1')
Failed to turn past .15 rad
Average turn amount: -0.4870091825723648 over 4 trials
{}

Trial 405
No action perturbation this trial
Current yaw: tensor([-0.4410], device='cuda:1')
Current yaw: tensor([-0.4410], device='cuda:1')
1 turn
tensor([ 0.2205,  0.6658,  0.7086,  0.8392, -0.0144,  0.2476,  0.9075,  0.8182,
         1.2915,  0.1231,  0.3949,  0.3008, -0.4410], device='cuda:1')
Solve time for step 1 (global step 0) 11.15101233497262
Current ori: tensor(-0.4410, device='cuda:1')
Middle force: tensor([2.2311, 1.7026, 2.6576, 1.2826, 0.5986, 1.4149], device='cuda:1')
Thumb force: tensor([0.7306, 0.1320, 0.4716, 0.9248, 1.2863, 0.4959], device='cuda:1')
Index force: tensor([1.4085, 2.7155, 1.3902, 2.4789, 2.7818, 2.9504], device='cuda:1')
tensor([ 2.3192e-01,  6.9862e-01,  7.1600e-01,  8.5663e-01,  9.3093e-04,
         3.4157e-01,  9.7912e-01,  8.2938e-01,  1.1174e+00,  4.3870e-01,
         5.2475e-01,  3.3207e-01, -4.4104e-01], device='cuda:1')
Solve time for step 2 (global step 1) 5.577782432897948
Current ori: tensor(-0.4410, device='cuda:1')
Middle force: tensor([1.6770, 2.6240, 1.2644, 0.5960, 1.3142], device='cuda:1')
Thumb force: tensor([0.5230, 0.4495, 0.6274, 1.0769, 0.5769], device='cuda:1')
Index force: tensor([2.3552, 1.2633, 2.4185, 2.6845, 2.8261], device='cuda:1')
tensor([ 0.1668,  0.7341,  0.6234,  0.8925,  0.0402,  0.3452,  0.9991,  0.8272,
         1.2814,  0.1607,  0.5208,  0.2701, -0.4409], device='cuda:1')
Solve time for step 3 (global step 2) 4.903122465009801
Current ori: tensor(-0.4409, device='cuda:1')
Middle force: tensor([2.5266, 1.1735, 0.5819, 1.2179], device='cuda:1')
Thumb force: tensor([0.5079, 0.6280, 1.0213, 0.5627], device='cuda:1')
Index force: tensor([1.2269, 2.3193, 2.5605, 2.6560], device='cuda:1')
tensor([ 0.1608,  0.7767,  0.6382,  0.8525,  0.0179,  0.3626,  0.9808,  0.8384,
         1.3336,  0.0408,  0.6214,  0.0775, -0.4000], device='cuda:1')
Solve time for step 4 (global step 3) 4.79278004297521
Current ori: tensor(-0.4000, device='cuda:1')
Middle force: tensor([1.1607, 0.5839, 1.1884], device='cuda:1')
Thumb force: tensor([0.5958, 0.9957, 0.5219], device='cuda:1')
Index force: tensor([2.2411, 2.4324, 2.5076], device='cuda:1')
tensor([ 0.1313,  0.8407,  0.5724,  0.8407,  0.0089,  0.3486,  0.9981,  0.8465,
         1.1694,  0.3405,  0.7784, -0.1620, -0.3786], device='cuda:1')
Solve time for step 5 (global step 4) 4.606699257041328
Current ori: tensor(-0.3786, device='cuda:1')
Middle force: tensor([0.5737, 1.2562], device='cuda:1')
Thumb force: tensor([0.9963, 0.3699], device='cuda:1')
Index force: tensor([2.2554, 2.4644], device='cuda:1')
tensor([ 0.1267,  0.8213,  0.6546,  0.7444,  0.0204,  0.3612,  1.0094,  0.8010,
         1.2420,  0.1682,  0.5473,  0.1467, -0.3785], device='cuda:1')
Solve time for step 6 (global step 5) 3.9901701010530815
Current ori: tensor(-0.3785, device='cuda:1')
Middle force: tensor([1.3501], device='cuda:1')
Thumb force: tensor([0.0688], device='cuda:1')
Index force: tensor([2.2215], device='cuda:1')
Failed to turn past .15 rad
Average turn amount: -0.4652778208255768 over 5 trials
{}

Trial 406
No action perturbation this trial
Current yaw: tensor([0.1655], device='cuda:1')
Current yaw: tensor([0.1575], device='cuda:1')
1 turn
tensor([ 0.2780,  0.5929,  0.6836,  0.7797, -0.0809,  0.2070,  0.8775,  0.7726,
         1.2935,  0.0500,  0.3696,  0.3306,  0.1575], device='cuda:1')
Solve time for step 1 (global step 0) 11.082783028949052
Current ori: tensor(0.1575, device='cuda:1')
Middle force: tensor([1.0649, 2.2036, 1.1419, 1.9279, 1.5736, 3.2341], device='cuda:1')
Thumb force: tensor([1.7869, 1.6147, 0.4489, 0.1711, 0.0580, 1.1224], device='cuda:1')
Index force: tensor([1.7694, 1.5010, 2.2075, 2.0556, 3.5737, 1.9323], device='cuda:1')
tensor([ 0.3099,  0.6474,  0.6167,  0.8223, -0.0498,  0.1614,  0.9615,  0.6728,
         1.2987,  0.1669,  0.2707,  0.4533,  0.1569], device='cuda:1')
Solve time for step 2 (global step 1) 5.761595843010582
Current ori: tensor(0.1569, device='cuda:1')
Middle force: tensor([1.7521, 0.4011, 2.6359, 1.6915, 1.5338], device='cuda:1')
Thumb force: tensor([0.9701, 0.9859, 0.2248, 1.2283, 1.5889], device='cuda:1')
Index force: tensor([1.1971, 1.5219, 1.5826, 2.2956, 2.2494], device='cuda:1')
tensor([0.3164, 0.6658, 0.6149, 0.8045, 0.0461, 0.1527, 0.9443, 0.6632, 1.3255,
        0.2931, 0.1918, 0.5981, 0.1418], device='cuda:1')
Solve time for step 3 (global step 2) 4.942867839010432
Current ori: tensor(0.1418, device='cuda:1')
Middle force: tensor([0.3263, 2.6878, 1.5625, 1.6216], device='cuda:1')
Thumb force: tensor([0.9740, 0.2716, 1.1031, 1.6049], device='cuda:1')
Index force: tensor([1.6288, 1.3812, 2.3338, 2.0322], device='cuda:1')
tensor([0.3351, 0.6813, 0.6081, 0.8311, 0.1167, 0.1522, 0.9679, 0.5898, 1.2356,
        0.6078, 0.1996, 0.6432, 0.1414], device='cuda:1')
Solve time for step 4 (global step 3) 4.724583960021846
Current ori: tensor(0.1414, device='cuda:1')
Middle force: tensor([2.8632, 1.2416, 1.6414], device='cuda:1')
Thumb force: tensor([0.4187, 1.0019, 1.6000], device='cuda:1')
Index force: tensor([1.5193, 2.2860, 1.8217], device='cuda:1')
tensor([0.3824, 0.7931, 0.5869, 0.8546, 0.3951, 0.2535, 0.9046, 0.5232, 1.1487,
        0.9423, 0.2746, 0.8828, 0.0593], device='cuda:1')
Solve time for step 5 (global step 4) 4.596373886917718
Current ori: tensor(0.0593, device='cuda:1')
Middle force: tensor([1.0930, 1.4881], device='cuda:1')
Thumb force: tensor([1.0629, 1.6803], device='cuda:1')
Index force: tensor([2.1509, 1.5307], device='cuda:1')
tensor([0.3887, 0.7960, 0.6045, 0.8483, 0.3954, 0.2825, 0.8575, 0.5287, 1.1244,
        0.9689, 0.2920, 0.8758, 0.0572], device='cuda:1')
Solve time for step 6 (global step 5) 4.110934600932524
Current ori: tensor(0.0572, device='cuda:1')
Middle force: tensor([1.4084], device='cuda:1')
Thumb force: tensor([1.6228], device='cuda:1')
Index force: tensor([1.4718], device='cuda:1')
Failed to turn past .15 rad
Average turn amount: -0.3783924672752619 over 6 trials
{}

Trial 407
No action perturbation this trial
Current yaw: tensor([-0.6669], device='cuda:1')
Current yaw: tensor([-0.6668], device='cuda:1')
1 turn
tensor([ 0.2993,  0.7069,  0.7034,  0.7924, -0.0327,  0.2696,  0.9093,  0.7780,
         1.3007,  0.0822,  0.3786,  0.3244, -0.6668], device='cuda:1')
Solve time for step 1 (global step 0) 10.877464747056365
Current ori: tensor(-0.6668, device='cuda:1')
Middle force: tensor([2.2504, 2.2613, 1.2282, 0.5373, 1.8189, 1.5405], device='cuda:1')
Thumb force: tensor([1.8208, 0.0906, 0.1287, 1.2946, 2.0632, 0.6755], device='cuda:1')
Index force: tensor([0.9845, 1.5541, 1.6447, 2.4468, 1.4501, 2.6884], device='cuda:1')
tensor([ 0.2892,  0.7245,  0.6962,  0.7773, -0.0337,  0.2696,  0.9196,  0.7629,
         1.1660,  0.3760,  0.3600,  0.3363, -0.6614], device='cuda:1')
Solve time for step 2 (global step 1) 5.774152330006473
Current ori: tensor(-0.6614, device='cuda:1')
Middle force: tensor([2.3154, 2.5421, 1.1696, 1.4839, 1.0923], device='cuda:1')
Thumb force: tensor([1.3663, 1.0423, 0.3916, 0.6155, 0.2318], device='cuda:1')
Index force: tensor([1.3794, 1.5025, 1.0102, 0.9495, 0.9707], device='cuda:1')
tensor([ 0.2650,  0.7439,  0.7729,  0.6243, -0.0039,  0.2820,  0.9172,  0.7902,
         1.2705,  0.2917,  0.4157,  0.3092, -0.6612], device='cuda:1')
Solve time for step 3 (global step 2) 4.935639178031124
Current ori: tensor(-0.6612, device='cuda:1')
Middle force: tensor([2.4565, 1.1680, 1.3501, 1.0892], device='cuda:1')
Thumb force: tensor([1.0297, 0.3600, 0.7663, 0.1605], device='cuda:1')
Index force: tensor([1.4142, 0.9936, 1.0666, 0.9714], device='cuda:1')
tensor([ 0.2649,  0.7580,  0.7421,  0.6657,  0.0113,  0.2929,  0.9055,  0.8137,
         1.3255,  0.1377,  0.4497,  0.2663, -0.6610], device='cuda:1')
Solve time for step 4 (global step 3) 4.741717485012487
Current ori: tensor(-0.6610, device='cuda:1')
Middle force: tensor([1.1901, 1.2954, 1.0947], device='cuda:1')
Thumb force: tensor([0.2984, 0.7621, 0.1893], device='cuda:1')
Index force: tensor([0.9687, 1.0842, 0.9490], device='cuda:1')
tensor([ 0.2649,  0.7976,  0.7697,  0.6105,  0.0142,  0.3149,  0.8600,  0.8535,
         1.3718,  0.0486,  0.4848,  0.2042, -0.6609], device='cuda:1')
Solve time for step 5 (global step 4) 4.459159509977326
Current ori: tensor(-0.6609, device='cuda:1')
Middle force: tensor([1.2996, 1.0980], device='cuda:1')
Thumb force: tensor([0.8128, 0.1849], device='cuda:1')
Index force: tensor([1.1286, 0.9408], device='cuda:1')
tensor([ 0.2627,  0.8079,  0.7362,  0.6443,  0.0112,  0.3236,  0.8473,  0.8555,
         1.2338,  0.2973,  0.5295,  0.0755, -0.6557], device='cuda:1')
Solve time for step 6 (global step 5) 3.9046446019783616
Current ori: tensor(-0.6557, device='cuda:1')
Middle force: tensor([1.0979], device='cuda:1')
Thumb force: tensor([0.1804], device='cuda:1')
Index force: tensor([0.9321], device='cuda:1')
Failed to turn past .15 rad
Average turn amount: -0.417747684355293 over 7 trials
{}

Trial 408
No action perturbation this trial
Current yaw: tensor([-0.4599], device='cuda:1')
Current yaw: tensor([-0.4599], device='cuda:1')
1 turn
tensor([ 0.2999,  0.7346,  0.7136,  0.6897,  0.0218,  0.1991,  0.9246,  0.7930,
         1.3306,  0.0172,  0.3923,  0.2863, -0.4599], device='cuda:1')
Solve time for step 1 (global step 0) 9.959326957934536
Current ori: tensor(-0.4599, device='cuda:1')
Middle force: tensor([1.7764, 1.3037, 1.0561, 2.0138, 3.5978, 2.0331], device='cuda:1')
Thumb force: tensor([0.2794, 0.3656, 0.4024, 1.4971, 0.5456, 1.3145], device='cuda:1')
Index force: tensor([2.2256, 1.1507, 1.5252, 1.8268, 1.0475, 1.2452], device='cuda:1')
tensor([ 0.2119,  0.7339,  0.6883,  0.6305,  0.0977,  0.4092,  0.9041,  0.9111,
         1.2936,  0.1408,  0.4200,  0.2645, -0.4599], device='cuda:1')
Solve time for step 2 (global step 1) 5.0476501969387755
Current ori: tensor(-0.4599, device='cuda:1')
Middle force: tensor([1.0433, 0.9866, 1.7484, 3.1906, 1.4307], device='cuda:1')
Thumb force: tensor([0.4147, 0.7050, 1.3594, 0.4471, 1.1270], device='cuda:1')
Index force: tensor([1.1025, 1.4253, 1.6672, 1.1647, 1.3162], device='cuda:1')
tensor([ 0.2151,  0.7711,  0.7008,  0.6360,  0.0973,  0.4154,  0.8880,  0.9282,
         1.3690, -0.1050,  0.5430,  0.1619, -0.4599], device='cuda:1')
Solve time for step 3 (global step 2) 5.193000031984411
Current ori: tensor(-0.4599, device='cuda:1')
Middle force: tensor([0.9734, 1.6442, 3.0996, 1.3002], device='cuda:1')
Thumb force: tensor([0.7525, 1.3735, 0.4036, 1.1155], device='cuda:1')
Index force: tensor([1.4342, 1.6374, 1.2168, 1.3069], device='cuda:1')
tensor([ 0.1977,  0.8325,  0.6915,  0.6449,  0.0975,  0.4157,  0.8949,  0.9125,
         1.1373,  0.2081,  0.4051,  0.3706, -0.4599], device='cuda:1')
Solve time for step 4 (global step 3) 5.21112177008763
Current ori: tensor(-0.4599, device='cuda:1')
Middle force: tensor([1.6107, 3.0107, 1.2942], device='cuda:1')
Thumb force: tensor([1.3784, 0.3605, 1.0619], device='cuda:1')
Index force: tensor([1.5887, 1.2486, 1.2803], device='cuda:1')
tensor([ 0.1546,  0.9082,  0.6428,  0.5938,  0.0968,  0.4236,  0.8835,  0.9145,
         1.2362,  0.0836,  0.4845,  0.2268, -0.4599], device='cuda:1')
Solve time for step 5 (global step 4) 4.786628895089962
Current ori: tensor(-0.4599, device='cuda:1')
Middle force: tensor([2.9090, 1.1894], device='cuda:1')
Thumb force: tensor([0.3585, 1.1395], device='cuda:1')
Index force: tensor([1.1998, 1.2038], device='cuda:1')
tensor([ 0.1536,  0.9225,  0.6178,  0.6133,  0.0969,  0.4257,  0.8785,  0.9195,
         1.2838, -0.0044,  0.4714,  0.2556, -0.4601], device='cuda:1')
Solve time for step 6 (global step 5) 3.8204046519240364
Current ori: tensor(-0.4601, device='cuda:1')
Middle force: tensor([1.1314], device='cuda:1')
Thumb force: tensor([1.1684], device='cuda:1')
Index force: tensor([1.1012], device='cuda:1')
Failed to turn past .15 rad
Average turn amount: -0.4230406912975013 over 8 trials
{}

Trial 409
No action perturbation this trial
Current yaw: tensor([-0.1996], device='cuda:1')
Current yaw: tensor([-0.1996], device='cuda:1')
1 turn
tensor([ 0.2501,  0.6559,  0.7510,  0.7891, -0.0340,  0.2894,  0.9074,  0.8573,
         1.3142,  0.0585,  0.3568,  0.3806, -0.1996], device='cuda:1')
Solve time for step 1 (global step 0) 9.988771610078402
Current ori: tensor(-0.1996, device='cuda:1')
Middle force: tensor([1.9972, 1.5116, 1.5096, 2.4725, 1.4086, 1.0392], device='cuda:1')
Thumb force: tensor([2.2739, 0.4133, 1.2045, 1.4446, 0.1349, 1.3836], device='cuda:1')
Index force: tensor([1.4651, 2.8974, 0.7594, 1.4191, 2.2718, 1.8861], device='cuda:1')
tensor([ 0.2294,  0.6625,  0.8598,  0.6712,  0.0524,  0.4053,  0.6864,  1.0374,
         1.4067,  0.0653,  0.2558,  0.6322, -0.2187], device='cuda:1')
Solve time for step 2 (global step 1) 5.096646099933423
Current ori: tensor(-0.2187, device='cuda:1')
Middle force: tensor([1.4645, 1.4949, 2.4307, 1.3595, 1.0513], device='cuda:1')
Thumb force: tensor([0.4556, 1.1792, 1.2784, 0.0789, 1.2152], device='cuda:1')
Index force: tensor([2.8767, 0.6524, 1.5351, 2.1642, 1.8793], device='cuda:1')
tensor([ 0.3098,  0.8139,  1.0966,  0.3548,  0.2034,  0.4034,  0.7940,  0.8645,
         1.4453,  0.3666,  0.1706,  0.6387, -0.5856], device='cuda:1')
Solve time for step 3 (global step 2) 5.543856072006747
Current ori: tensor(-0.5856, device='cuda:1')
Middle force: tensor([1.4728, 2.2832, 1.3011, 1.0748], device='cuda:1')
Thumb force: tensor([1.1631, 1.1807, 0.1814, 1.0359], device='cuda:1')
Index force: tensor([0.5902, 1.7361, 2.1386, 1.8635], device='cuda:1')
tensor([ 0.3255,  0.8589,  1.1197,  0.3098,  0.2225,  0.4420,  0.7387,  0.8964,
         1.4424,  0.5728,  0.4241,  0.3206, -0.6484], device='cuda:1')
Solve time for step 4 (global step 3) 5.22773602604866
Current ori: tensor(-0.6484, device='cuda:1')
Middle force: tensor([2.1334, 0.9725, 1.1191], device='cuda:1')
Thumb force: tensor([1.0430, 0.5119, 0.8547], device='cuda:1')
Index force: tensor([1.8084, 2.0856, 1.8606], device='cuda:1')
tensor([ 0.2403,  0.8834,  0.8580,  0.6216,  0.1398,  0.3935,  0.7815,  0.8928,
         1.3531,  0.5463,  0.6542,  0.0417, -0.6494], device='cuda:1')
Solve time for step 5 (global step 4) 4.566460347967222
Current ori: tensor(-0.6494, device='cuda:1')
Middle force: tensor([0.8266, 1.2006], device='cuda:1')
Thumb force: tensor([0.6423, 0.4799], device='cuda:1')
Index force: tensor([1.9639, 1.6100], device='cuda:1')
tensor([ 0.2385,  0.9072,  0.8092,  0.6464,  0.1038,  0.4469,  0.7528,  0.9207,
         1.3602,  0.4549,  0.5665,  0.1204, -0.6495], device='cuda:1')
Solve time for step 6 (global step 5) 3.6797627679770812
Current ori: tensor(-0.6495, device='cuda:1')
Middle force: tensor([1.2053], device='cuda:1')
Thumb force: tensor([0.3751], device='cuda:1')
Index force: tensor([1.5586], device='cuda:1')
Current yaw: tensor([-0.6495], device='cuda:1')
2 turn
tensor([ 0.2541,  0.8962,  0.8614,  0.5996,  0.1067,  0.4609,  0.7489,  0.8988,
         1.3854,  0.4491,  0.6088,  0.1070, -0.6495], device='cuda:1')
Solve time for step 1 (global step 6) 11.117937310016714
Current ori: tensor(-0.6495, device='cuda:1')
Middle force: tensor([1.3446, 0.9191, 2.4205, 1.2914, 1.2502, 1.9029], device='cuda:1')
Thumb force: tensor([0.2030, 0.7576, 1.7610, 0.0691, 0.2630, 0.7922], device='cuda:1')
Index force: tensor([2.1326, 0.9945, 2.1814, 2.1877, 3.0274, 1.4881], device='cuda:1')
tensor([ 0.2702,  0.9204,  0.8727,  0.5265,  0.1059,  0.4658,  0.7515,  0.8698,
         1.3799,  0.4615,  0.6484,  0.0276, -0.6500], device='cuda:1')
Solve time for step 2 (global step 7) 5.47197692701593
Current ori: tensor(-0.6500, device='cuda:1')
Middle force: tensor([1.2168, 2.3951, 1.3312, 1.2295, 1.8985], device='cuda:1')
Thumb force: tensor([0.1876, 2.0555, 0.1193, 0.3421, 0.6275], device='cuda:1')
Index force: tensor([0.9690, 2.1678, 2.1282, 2.9691, 1.3983], device='cuda:1')
tensor([ 0.2981,  0.9067,  1.0247,  0.3038,  0.1558,  0.4636,  0.7870,  0.8433,
         1.3946,  0.4486,  0.7188, -0.1620, -0.6517], device='cuda:1')
Solve time for step 3 (global step 8) 5.415248189005069
Current ori: tensor(-0.6517, device='cuda:1')
Middle force: tensor([2.6758, 1.3210, 1.1708, 1.8846], device='cuda:1')
Thumb force: tensor([2.4743, 0.1621, 0.4457, 0.5253], device='cuda:1')
Index force: tensor([1.8834, 2.0592, 2.9014, 1.2351], device='cuda:1')
tensor([ 0.3098,  1.0161,  0.9449,  0.3676,  0.2078,  0.4725,  0.8276,  0.8032,
         1.2265,  0.7004,  0.9070, -0.1620, -0.7515], device='cuda:1')
Solve time for step 4 (global step 9) 4.806686396012083
Current ori: tensor(-0.7515, device='cuda:1')
Middle force: tensor([1.5792, 1.1509, 1.9848], device='cuda:1')
Thumb force: tensor([0.2462, 0.4960, 0.5636], device='cuda:1')
Index force: tensor([2.0007, 2.8434, 1.0024], device='cuda:1')
tensor([ 0.2995,  1.1451,  0.8482,  0.3981,  0.2404,  0.5214,  0.7566,  0.8305,
         1.1600,  0.7617,  1.0063, -0.1620, -0.8608], device='cuda:1')
Solve time for step 5 (global step 10) 4.381698488956317
Current ori: tensor(-0.8608, device='cuda:1')
Middle force: tensor([0.8072, 2.2677], device='cuda:1')
Thumb force: tensor([0.8589, 0.5179], device='cuda:1')
Index force: tensor([2.7008, 0.9338], device='cuda:1')
tensor([ 0.3143,  1.3063,  0.5378,  0.7085,  0.2378,  0.5512,  0.7113,  0.8357,
         1.0619,  0.8042,  1.1029, -0.1620, -0.8629], device='cuda:1')
Solve time for step 6 (global step 11) 4.050896603963338
Current ori: tensor(-0.8629, device='cuda:1')
Middle force: tensor([1.9269], device='cuda:1')
Thumb force: tensor([0.6667], device='cuda:1')
Index force: tensor([0.8108], device='cuda:1')
Current yaw: tensor([-0.8630], device='cuda:1')
Average turn amount: -0.4719242283867465 over 9 trials
{}

Trial 410
No action perturbation this trial
Current yaw: tensor([-0.6646], device='cuda:1')
Current yaw: tensor([-0.6643], device='cuda:1')
1 turn
tensor([ 0.2869,  0.6766,  0.6426,  0.7794, -0.0514,  0.3147,  0.8492,  0.7555,
         1.3119,  0.0706,  0.3960,  0.2768, -0.6643], device='cuda:1')
Solve time for step 1 (global step 0) 10.295109695987776
Current ori: tensor(-0.6643, device='cuda:1')
Middle force: tensor([2.3288, 1.7505, 0.6313, 1.5568, 1.4321, 1.2285], device='cuda:1')
Thumb force: tensor([0.6461, 0.1043, 1.5668, 0.2341, 0.1922, 0.1780], device='cuda:1')
Index force: tensor([3.8042, 2.1910, 1.2031, 2.2609, 1.3467, 1.3588], device='cuda:1')
tensor([ 0.2866,  0.6739,  0.6492,  0.7702, -0.0623,  0.2782,  0.9078,  0.7273,
         1.3999, -0.1050,  0.4756,  0.0821, -0.6638], device='cuda:1')
Solve time for step 2 (global step 1) 4.989129552966915
Current ori: tensor(-0.6638, device='cuda:1')
Middle force: tensor([1.5286, 0.6347, 1.4505, 1.2635, 1.2030], device='cuda:1')
Thumb force: tensor([0.3420, 1.4213, 0.3155, 0.3415, 0.2805], device='cuda:1')
Index force: tensor([1.9584, 1.2530, 2.2320, 1.2204, 1.4187], device='cuda:1')
tensor([ 0.2967,  0.7332,  0.6021,  0.8294, -0.0747,  0.2691,  0.9021,  0.7531,
         1.2595,  0.2080,  0.4495,  0.1756, -0.6637], device='cuda:1')
Solve time for step 3 (global step 2) 5.393951480044052
Current ori: tensor(-0.6637, device='cuda:1')
Middle force: tensor([0.6447, 1.4098, 1.1814, 1.1548], device='cuda:1')
Thumb force: tensor([1.3360, 0.3839, 0.4779, 0.3073], device='cuda:1')
Index force: tensor([1.1810, 2.1546, 1.1951, 1.3867], device='cuda:1')
tensor([ 0.2901,  0.7735,  0.6422,  0.7967, -0.0729,  0.2864,  0.8653,  0.7836,
         1.2703,  0.1856,  0.4854,  0.1277, -0.6636], device='cuda:1')
Solve time for step 4 (global step 3) 5.185973196988925
Current ori: tensor(-0.6636, device='cuda:1')
Middle force: tensor([1.3850, 1.1408, 1.0595], device='cuda:1')
Thumb force: tensor([0.3910, 0.5155, 0.4009], device='cuda:1')
Index force: tensor([2.0543, 1.1361, 1.3484], device='cuda:1')
tensor([ 0.2728,  0.8057,  0.6609,  0.8029, -0.0474,  0.3055,  0.8596,  0.7676,
         1.2699,  0.1844,  0.4822,  0.1337, -0.6635], device='cuda:1')
Solve time for step 5 (global step 4) 4.669651287025772
Current ori: tensor(-0.6635, device='cuda:1')
Middle force: tensor([1.1500, 1.0070], device='cuda:1')
Thumb force: tensor([0.4736, 0.4552], device='cuda:1')
Index force: tensor([1.1155, 1.3590], device='cuda:1')
tensor([ 0.2656,  0.8168,  0.6430,  0.8038, -0.0378,  0.3050,  0.8640,  0.7708,
         1.1446,  0.4691,  0.5849,  0.0129, -0.6631], device='cuda:1')
Solve time for step 6 (global step 5) 3.839966716011986
Current ori: tensor(-0.6631, device='cuda:1')
Middle force: tensor([1.0006], device='cuda:1')
Thumb force: tensor([0.4269], device='cuda:1')
Index force: tensor([1.3032], device='cuda:1')
Failed to turn past .15 rad
Average turn amount: -0.490077069029212 over 10 trials
{}

Trial 411
No action perturbation this trial
Current yaw: tensor([-0.5108], device='cuda:1')
Current yaw: tensor([-0.5108], device='cuda:1')
1 turn
tensor([ 0.3067,  0.7057,  0.7096,  0.7929, -0.0281,  0.2773,  0.9680,  0.7620,
         1.2864,  0.1172,  0.4007,  0.3574, -0.5108], device='cuda:1')
Solve time for step 1 (global step 0) 10.422547771013342
Current ori: tensor(-0.5108, device='cuda:1')
Middle force: tensor([0.4748, 2.3489, 0.7093, 1.8188, 1.4806, 1.4169], device='cuda:1')
Thumb force: tensor([1.2991, 1.8975, 0.7324, 0.4534, 1.5669, 0.9944], device='cuda:1')
Index force: tensor([2.0351, 2.6617, 1.2245, 1.1567, 3.4451, 1.7457], device='cuda:1')
tensor([ 0.2582,  0.7788,  0.7530,  0.7194, -0.0140,  0.3165,  0.9978,  0.7391,
         1.2563,  0.1963,  0.3887,  0.4326, -0.5108], device='cuda:1')
Solve time for step 2 (global step 1) 4.801923893974163
Current ori: tensor(-0.5108, device='cuda:1')
Middle force: tensor([2.1459, 0.8653, 1.5880, 1.3825, 1.3196], device='cuda:1')
Thumb force: tensor([1.6088, 0.5973, 0.3589, 1.4812, 0.8560], device='cuda:1')
Index force: tensor([2.5532, 1.2997, 1.3474, 3.2354, 1.5177], device='cuda:1')
tensor([ 0.1940,  0.8882,  0.6885,  0.7074, -0.0122,  0.2999,  1.0225,  0.7375,
         1.1067,  0.5126,  0.5072,  0.3506, -0.5107], device='cuda:1')
Solve time for step 3 (global step 2) 5.217236392083578
Current ori: tensor(-0.5107, device='cuda:1')
Middle force: tensor([0.6862, 1.4496, 1.0607, 1.1627], device='cuda:1')
Thumb force: tensor([0.7412, 0.0287, 1.7478, 0.8013], device='cuda:1')
Index force: tensor([1.1900, 1.3260, 2.9282, 1.5770], device='cuda:1')
tensor([ 0.1888,  0.9421,  0.5402,  0.8401, -0.0130,  0.2967,  1.0267,  0.7365,
         1.1586,  0.3828,  0.5377,  0.2213, -0.5106], device='cuda:1')
Solve time for step 4 (global step 3) 5.395307344966568
Current ori: tensor(-0.5106, device='cuda:1')
Middle force: tensor([1.3613, 0.9930, 1.0154], device='cuda:1')
Thumb force: tensor([0.2137, 1.7727, 0.8442], device='cuda:1')
Index force: tensor([1.2929, 2.6744, 1.5820], device='cuda:1')
tensor([ 0.1930,  0.9230,  0.6174,  0.7435, -0.0049,  0.3111,  1.0175,  0.7282,
         1.1927,  0.3161,  0.5131,  0.2443, -0.5106], device='cuda:1')
Solve time for step 5 (global step 4) 4.643906336976215
Current ori: tensor(-0.5106, device='cuda:1')
Middle force: tensor([0.9381, 0.9426], device='cuda:1')
Thumb force: tensor([1.6930, 0.8601], device='cuda:1')
Index force: tensor([2.5716, 1.5720], device='cuda:1')
tensor([ 0.1871,  0.9186,  0.6279,  0.7271, -0.0015,  0.2998,  1.0251,  0.7505,
         1.3130,  0.0981,  0.5558,  0.1321, -0.5106], device='cuda:1')
Solve time for step 6 (global step 5) 3.7549023490864784
Current ori: tensor(-0.5106, device='cuda:1')
Middle force: tensor([0.9221], device='cuda:1')
Thumb force: tensor([0.8445], device='cuda:1')
Index force: tensor([1.5432], device='cuda:1')
Failed to turn past .15 rad
Average turn amount: -0.4919389293275096 over 11 trials
{}

Trial 412
No action perturbation this trial
Current yaw: tensor([-0.1374], device='cuda:1')
Current yaw: tensor([-0.1374], device='cuda:1')
1 turn
tensor([ 0.3406,  0.6724,  0.7682,  0.8298, -0.0247,  0.3028,  0.8439,  0.8189,
         1.3134,  0.0696,  0.3810,  0.3245, -0.1374], device='cuda:1')
Solve time for step 1 (global step 0) 10.904576968983747
Current ori: tensor(-0.1374, device='cuda:1')
Middle force: tensor([1.5458, 1.6777, 1.8291, 2.3670, 1.5944, 1.2913], device='cuda:1')
Thumb force: tensor([2.2895, 0.3893, 0.5451, 0.1008, 0.9861, 0.7584], device='cuda:1')
Index force: tensor([1.8255, 3.6655, 1.9262, 0.6592, 0.6684, 2.7077], device='cuda:1')
tensor([ 0.3843,  0.7364,  0.7616,  0.8296,  0.0352,  0.3842,  0.7172,  0.8814,
         1.4365, -0.0301,  0.2205,  0.6047, -0.1670], device='cuda:1')
Solve time for step 2 (global step 1) 4.845815647044219
Current ori: tensor(-0.1670, device='cuda:1')
Middle force: tensor([1.3355, 1.8104, 2.0776, 1.6898, 1.2158], device='cuda:1')
Thumb force: tensor([0.8850, 0.4404, 0.0942, 0.3456, 0.9099], device='cuda:1')
Index force: tensor([3.4138, 1.7980, 0.8606, 0.7287, 2.6113], device='cuda:1')
tensor([ 0.3940,  0.7766,  0.8105,  0.8085,  0.0922,  0.3730,  0.7743,  0.7958,
         1.4689,  0.0653,  0.1839,  0.6231, -0.2812], device='cuda:1')
Solve time for step 3 (global step 2) 5.121603630948812
Current ori: tensor(-0.2812, device='cuda:1')
Middle force: tensor([2.4867, 0.9933, 1.2945, 2.1959], device='cuda:1')
Thumb force: tensor([0.6024, 0.1797, 0.8970, 1.2355], device='cuda:1')
Index force: tensor([1.1916, 2.1766, 2.1250, 1.2859], device='cuda:1')
tensor([ 0.4349,  0.8241,  0.8917,  0.7410,  0.0920,  0.3168,  0.9588,  0.5775,
         1.4761,  0.1110,  0.1663,  0.5910, -0.2833], device='cuda:1')
Solve time for step 4 (global step 3) 5.4350899970158935
Current ori: tensor(-0.2833, device='cuda:1')
Middle force: tensor([1.0087, 1.3629, 2.2837], device='cuda:1')
Thumb force: tensor([0.2396, 0.6543, 1.0505], device='cuda:1')
Index force: tensor([2.1622, 2.1454, 1.0489], device='cuda:1')
tensor([ 0.4108,  1.0979,  1.0299,  0.5947,  0.2627,  0.4451,  0.7798,  0.6644,
         1.5000,  0.2883,  0.2099,  0.5230, -0.6641], device='cuda:1')
Solve time for step 5 (global step 4) 4.473116782028228
Current ori: tensor(-0.6641, device='cuda:1')
Middle force: tensor([1.4769, 2.3071], device='cuda:1')
Thumb force: tensor([0.6112, 1.0169], device='cuda:1')
Index force: tensor([2.1341, 0.9159], device='cuda:1')
tensor([ 0.3235,  1.4454,  0.7320,  0.9093,  0.4282,  0.6258,  0.6486,  0.5201,
         1.5000,  0.3744,  0.3775,  0.2064, -1.0334], device='cuda:1')
Reached goal yaw
Solve time for step 6 (global step 5) 3.867919804994017
Current ori: tensor(-1.0334, device='cuda:1')
Middle force: tensor([2.4436], device='cuda:1')
Thumb force: tensor([0.7189], device='cuda:1')
Index force: tensor([0.9201], device='cuda:1')
Reached goal yaw
Average turn amount: -0.5391114177182317 over 12 trials
{}

Trial 413
No action perturbation this trial
Current yaw: tensor([0.6460], device='cuda:1')
Current yaw: tensor([0.6177], device='cuda:1')
1 turn
tensor([ 0.3087,  0.5259,  0.7151,  0.8589, -0.1092,  0.2337,  0.8313,  0.8091,
         1.2762,  0.0763,  0.3332,  0.3719,  0.6177], device='cuda:1')
Solve time for step 1 (global step 0) 10.528277524048463
Current ori: tensor(0.6177, device='cuda:1')
Middle force: tensor([3.5075, 2.4881, 1.2988, 2.2202, 1.2332, 1.3463], device='cuda:1')
Thumb force: tensor([1.1578, 1.0778, 0.8614, 3.2101, 1.3967, 0.6597], device='cuda:1')
Index force: tensor([1.3864, 0.7339, 0.7393, 1.7669, 2.0205, 2.4525], device='cuda:1')
tensor([ 0.3033,  0.5547,  0.6468,  0.9093, -0.1084,  0.2278,  0.8363,  0.8155,
         1.1805,  0.3906,  0.3926,  0.3197,  0.6176], device='cuda:1')
Solve time for step 2 (global step 1) 4.962207354954444
Current ori: tensor(0.6176, device='cuda:1')
Middle force: tensor([2.1788, 1.1018, 2.2566, 1.3194, 1.6545], device='cuda:1')
Thumb force: tensor([1.1728, 0.5024, 3.0191, 1.3492, 0.7345], device='cuda:1')
Index force: tensor([0.5473, 0.9685, 1.7881, 1.8393, 2.0240], device='cuda:1')
tensor([ 0.3156,  0.5818,  0.6473,  0.8855, -0.1228,  0.2361,  0.8230,  0.8462,
         1.3691,  0.1257,  0.2968,  0.3696,  0.6176], device='cuda:1')
Solve time for step 3 (global step 2) 5.165271544014104
Current ori: tensor(0.6176, device='cuda:1')
Middle force: tensor([1.0929, 2.1221, 1.3499, 1.6051], device='cuda:1')
Thumb force: tensor([0.2991, 2.9005, 1.3123, 0.7947], device='cuda:1')
Index force: tensor([1.0354, 1.7553, 1.7457, 1.8810], device='cuda:1')
tensor([ 0.3213,  0.5792,  0.6610,  0.8824, -0.1244,  0.2515,  0.7996,  0.8504,
         1.2455,  0.3905,  0.2775,  0.3905,  0.6176], device='cuda:1')
Solve time for step 4 (global step 3) 5.349526543985121
Current ori: tensor(0.6176, device='cuda:1')
Middle force: tensor([2.0129, 1.3182, 1.5299], device='cuda:1')
Thumb force: tensor([2.7180, 1.2633, 0.8288], device='cuda:1')
Index force: tensor([1.6600, 1.6318, 1.7641], device='cuda:1')
tensor([ 0.3244,  0.5888,  0.6665,  0.8580, -0.1452,  0.2553,  0.8159,  0.8422,
         1.2734,  0.3419,  0.3250,  0.3610,  0.6176], device='cuda:1')
Solve time for step 5 (global step 4) 4.4834942849120125
Current ori: tensor(0.6176, device='cuda:1')
Middle force: tensor([1.3020, 1.4715], device='cuda:1')
Thumb force: tensor([1.2445, 0.8262], device='cuda:1')
Index force: tensor([1.4786, 1.6523], device='cuda:1')
tensor([ 0.3238,  0.5925,  0.6610,  0.8575, -0.1242,  0.2374,  0.8298,  0.8300,
         1.3208,  0.2738,  0.2693,  0.4609,  0.6169], device='cuda:1')
Solve time for step 6 (global step 5) 3.840930689009838
Current ori: tensor(0.6169, device='cuda:1')
Middle force: tensor([1.4339], device='cuda:1')
Thumb force: tensor([0.8511], device='cuda:1')
Index force: tensor([1.6819], device='cuda:1')
Failed to turn past .15 rad
Average turn amount: -0.45019467260975105 over 13 trials
{}

Trial 414
No action perturbation this trial
Current yaw: tensor([-0.5704], device='cuda:1')
Current yaw: tensor([-0.5703], device='cuda:1')
1 turn
tensor([ 0.2473,  0.6470,  0.6779,  0.7839, -0.0362,  0.2928,  0.9411,  0.7150,
         1.2984,  0.1091,  0.3962,  0.2831, -0.5703], device='cuda:1')
Solve time for step 1 (global step 0) 10.53609209205024
Current ori: tensor(-0.5703, device='cuda:1')
Middle force: tensor([1.6626, 2.4331, 1.8712, 1.4222, 1.6726, 1.6365], device='cuda:1')
Thumb force: tensor([0.1601, 0.8023, 0.0703, 0.4113, 0.3769, 1.2206], device='cuda:1')
Index force: tensor([2.0200, 2.1783, 1.7138, 1.2698, 1.6677, 1.3505], device='cuda:1')
tensor([ 0.2599,  0.7179,  0.6911,  0.8021, -0.0287,  0.3328,  0.9325,  0.7218,
         1.2938,  0.0591,  0.4308,  0.2667, -0.5702], device='cuda:1')
Solve time for step 2 (global step 1) 4.868842158000916
Current ori: tensor(-0.5702, device='cuda:1')
Middle force: tensor([1.9508, 1.7260, 1.3461, 1.4847, 1.4598], device='cuda:1')
Thumb force: tensor([0.8131, 0.0060, 0.0232, 0.2185, 0.7817], device='cuda:1')
Index force: tensor([2.0408, 1.5385, 1.1311, 1.3748, 1.3564], device='cuda:1')
tensor([ 0.2524,  0.7496,  0.7568,  0.6811, -0.0322,  0.3194,  0.9522,  0.7242,
         1.1203,  0.3793,  0.5238,  0.1581, -0.5611], device='cuda:1')
Solve time for step 3 (global step 2) 5.750957038020715
Current ori: tensor(-0.5611, device='cuda:1')
Middle force: tensor([1.6647, 1.3243, 1.4199, 1.4123], device='cuda:1')
Thumb force: tensor([0.0456, 0.1055, 0.2195, 0.6754], device='cuda:1')
Index force: tensor([1.4462, 1.1140, 1.3233, 1.3408], device='cuda:1')
tensor([ 0.2112,  0.8407,  0.7377,  0.6832, -0.0242,  0.3384,  0.9378,  0.7178,
         1.0877,  0.3460,  0.5503,  0.1258, -0.5610], device='cuda:1')
Solve time for step 4 (global step 3) 4.995833421009593
Current ori: tensor(-0.5610, device='cuda:1')
Middle force: tensor([1.3019, 1.4029, 1.4070], device='cuda:1')
Thumb force: tensor([0.1222, 0.2260, 0.6345], device='cuda:1')
Index force: tensor([1.1119, 1.3355, 1.3435], device='cuda:1')
tensor([ 0.2072,  0.8920,  0.7276,  0.6740, -0.0235,  0.3455,  0.9409,  0.6950,
         1.1767,  0.1158,  0.4974,  0.1690, -0.5609], device='cuda:1')
Solve time for step 5 (global step 4) 4.7866467230487615
Current ori: tensor(-0.5609, device='cuda:1')
Middle force: tensor([1.2159, 1.4535], device='cuda:1')
Thumb force: tensor([0.1932, 0.0999], device='cuda:1')
Index force: tensor([1.2289, 1.1864], device='cuda:1')
tensor([ 0.2100,  0.9483,  0.6143,  0.7547, -0.0085,  0.3575,  0.9481,  0.6739,
         1.0461,  0.4232,  0.5911,  0.0909, -0.5609], device='cuda:1')
Solve time for step 6 (global step 5) 4.672166381031275
Current ori: tensor(-0.5609, device='cuda:1')
Middle force: tensor([1.3645], device='cuda:1')
Thumb force: tensor([0.2924], device='cuda:1')
Index force: tensor([1.1022], device='cuda:1')
Failed to turn past .15 rad
Average turn amount: -0.45810286248368876 over 14 trials
{}

Trial 415
No action perturbation this trial
Current yaw: tensor([-0.2268], device='cuda:1')
Current yaw: tensor([-0.2268], device='cuda:1')
1 turn
tensor([ 0.2910,  0.6365,  0.7604,  0.8491, -0.0501,  0.3545,  0.9277,  0.8256,
         1.3201,  0.0321,  0.3828,  0.3461, -0.2268], device='cuda:1')
Solve time for step 1 (global step 0) 11.60160144593101
Current ori: tensor(-0.2268, device='cuda:1')
Middle force: tensor([2.7348, 2.8492, 1.9063, 1.8196, 2.0997, 1.0223], device='cuda:1')
Thumb force: tensor([0.0074, 0.5771, 2.5418, 1.0107, 1.0005, 1.6572], device='cuda:1')
Index force: tensor([0.9798, 3.2356, 3.2769, 2.7453, 3.4477, 1.7119], device='cuda:1')
tensor([ 0.2933,  0.6791,  0.7536,  0.8775, -0.0683,  0.4103,  0.9559,  0.8322,
         1.4118, -0.0903,  0.3826,  0.2537, -0.2268], device='cuda:1')
Solve time for step 2 (global step 1) 4.34575522004161
Current ori: tensor(-0.2268, device='cuda:1')
Middle force: tensor([2.5270, 1.9101, 1.7490, 1.9123, 1.1801], device='cuda:1')
Thumb force: tensor([0.6556, 2.5540, 0.6968, 1.2408, 1.6666], device='cuda:1')
Index force: tensor([2.7331, 2.9582, 2.4127, 2.8147, 1.1449], device='cuda:1')
tensor([ 0.2917,  0.7146,  0.7134,  0.8964, -0.0467,  0.4380,  0.8906,  0.9091,
         1.4450, -0.0116,  0.3201,  0.4260, -0.2270], device='cuda:1')
Solve time for step 3 (global step 2) 5.800617182976566
Current ori: tensor(-0.2270, device='cuda:1')
Middle force: tensor([1.8340, 1.7366, 1.7765, 1.4342], device='cuda:1')
Thumb force: tensor([2.6174, 0.1872, 1.4769, 1.6617], device='cuda:1')
Index force: tensor([2.8686, 2.1428, 2.4935, 0.7215], device='cuda:1')
tensor([ 0.2920,  0.7353,  0.6619,  0.9433, -0.0350,  0.4084,  0.9876,  0.7908,
         1.4620, -0.0764,  0.3240,  0.4499, -0.2273], device='cuda:1')
Solve time for step 4 (global step 3) 5.011831498937681
Current ori: tensor(-0.2273, device='cuda:1')
Middle force: tensor([1.7544, 1.7694, 1.3735], device='cuda:1')
Thumb force: tensor([0.0233, 1.4733, 1.6782], device='cuda:1')
Index force: tensor([1.9812, 2.3738, 0.7206], device='cuda:1')
tensor([ 2.9388e-01,  7.4398e-01,  6.5146e-01,  9.4081e-01,  1.1170e-03,
         4.0598e-01,  1.0268e+00,  7.3650e-01,  1.4221e+00,  5.5667e-02,
         3.1288e-01,  4.3798e-01, -2.2756e-01], device='cuda:1')
Solve time for step 5 (global step 4) 5.041963033960201
Current ori: tensor(-0.2276, device='cuda:1')
Middle force: tensor([1.7225, 1.2964], device='cuda:1')
Thumb force: tensor([1.3860, 1.6350], device='cuda:1')
Index force: tensor([2.3031, 0.7461], device='cuda:1')
tensor([ 2.9370e-01,  7.5011e-01,  6.6368e-01,  9.0070e-01,  3.3845e-05,
         3.9412e-01,  1.0382e+00,  7.4283e-01,  1.4167e+00,  1.0557e-01,
         3.0860e-01,  4.3028e-01, -2.2957e-01], device='cuda:1')
Solve time for step 6 (global step 5) 4.702249409980141
Current ori: tensor(-0.2296, device='cuda:1')
Middle force: tensor([1.2740], device='cuda:1')
Thumb force: tensor([1.6064], device='cuda:1')
Index force: tensor([0.7545], device='cuda:1')
Failed to turn past .15 rad
Average turn amount: -0.44290499662359556 over 15 trials
{}

Trial 416
No action perturbation this trial
Current yaw: tensor([-0.5854], device='cuda:1')
Current yaw: tensor([-0.5854], device='cuda:1')
1 turn
tensor([ 0.2997,  0.6133,  0.7873,  0.8637, -0.0454,  0.3420,  0.8570,  0.7460,
         1.3003,  0.0886,  0.3783,  0.3790, -0.5854], device='cuda:1')
Solve time for step 1 (global step 0) 11.336238738964312
Current ori: tensor(-0.5854, device='cuda:1')
Middle force: tensor([1.4878, 1.1685, 1.8999, 1.4817, 1.1405, 0.7083], device='cuda:1')
Thumb force: tensor([0.8565, 1.1912, 0.8585, 0.5749, 0.3168, 0.8351], device='cuda:1')
Index force: tensor([2.1046, 1.6509, 0.2754, 1.6625, 1.3690, 1.9781], device='cuda:1')
tensor([ 0.2426,  0.6535,  0.8116,  0.8195, -0.0398,  0.3371,  0.8966,  0.7412,
         1.1689,  0.3461,  0.3816,  0.3262, -0.5854], device='cuda:1')
Solve time for step 2 (global step 1) 4.359794840915129
Current ori: tensor(-0.5854, device='cuda:1')
Middle force: tensor([0.9689, 1.6452, 1.1764, 0.9467, 0.7474], device='cuda:1')
Thumb force: tensor([1.0411, 1.0510, 0.9068, 0.4185, 0.7795], device='cuda:1')
Index force: tensor([1.5438, 0.1993, 1.4147, 1.3269, 1.7377], device='cuda:1')
tensor([ 0.2376,  0.6726,  0.7891,  0.8403, -0.0263,  0.3677,  0.8587,  0.7620,
         1.0238,  0.4946,  0.4983,  0.1883, -0.5853], device='cuda:1')
Solve time for step 3 (global step 2) 5.6610297170700505
Current ori: tensor(-0.5853, device='cuda:1')
Middle force: tensor([1.5940, 0.9636, 0.9268, 0.7579], device='cuda:1')
Thumb force: tensor([1.2300, 1.0548, 0.4316, 0.7431], device='cuda:1')
Index force: tensor([0.1653, 1.4243, 1.2650, 1.6373], device='cuda:1')
tensor([ 0.2507,  0.7034,  0.7702,  0.8705, -0.0266,  0.3639,  0.8689,  0.7517,
         1.0975,  0.3980,  0.5781,  0.0560, -0.5850], device='cuda:1')
Solve time for step 4 (global step 3) 5.051594721036963
Current ori: tensor(-0.5850, device='cuda:1')
Middle force: tensor([0.9260, 0.9424, 0.7379], device='cuda:1')
Thumb force: tensor([1.0580, 0.3836, 0.7599], device='cuda:1')
Index force: tensor([1.3446, 1.2150, 1.5356], device='cuda:1')
tensor([ 0.2476,  0.7379,  0.7935,  0.8165, -0.0186,  0.3616,  0.8710,  0.7665,
         1.0255,  0.5274,  0.6729, -0.0502, -0.5850], device='cuda:1')
Solve time for step 5 (global step 4) 5.193404927966185
Current ori: tensor(-0.5850, device='cuda:1')
Middle force: tensor([0.9240, 0.7727], device='cuda:1')
Thumb force: tensor([0.4131, 0.7293], device='cuda:1')
Index force: tensor([1.1893, 1.4724], device='cuda:1')
tensor([ 0.2330,  0.7920,  0.7341,  0.8108, -0.0161,  0.3606,  0.8690,  0.7776,
         1.1812,  0.3031,  0.4995,  0.0843, -0.5847], device='cuda:1')
Solve time for step 6 (global step 5) 4.9791331310989335
Current ori: tensor(-0.5847, device='cuda:1')
Middle force: tensor([0.7655], device='cuda:1')
Thumb force: tensor([0.7315], device='cuda:1')
Index force: tensor([1.4155], device='cuda:1')
Failed to turn past .15 rad
Average turn amount: -0.45084129623137414 over 16 trials
{}

Trial 417
No action perturbation this trial
Current yaw: tensor([0.2639], device='cuda:1')
Current yaw: tensor([0.2460], device='cuda:1')
1 turn
tensor([ 0.2659,  0.5651,  0.6578,  0.8065, -0.0536,  0.2124,  0.8236,  0.8287,
         1.2857,  0.0911,  0.3685,  0.2672,  0.2460], device='cuda:1')
Solve time for step 1 (global step 0) 11.109800999984145
Current ori: tensor(0.2460, device='cuda:1')
Middle force: tensor([0.9218, 2.5272, 1.0578, 1.7336, 1.4085, 0.7115], device='cuda:1')
Thumb force: tensor([0.3025, 2.5854, 0.1282, 0.0750, 0.2292, 1.5322], device='cuda:1')
Index force: tensor([1.7030, 1.3263, 1.9562, 1.4428, 1.6177, 2.0292], device='cuda:1')
