Importing module 'gym_38' (/home/abhinav/Downloads/IsaacGym_Preview_4_Package/isaacgym/python/isaacgym/_bindings/linux-x86_64/gym_38.so)
Setting GYM_USD_PLUG_INFO_PATH to /home/abhinav/Downloads/IsaacGym_Preview_4_Package/isaacgym/python/isaacgym/_bindings/linux-x86_64/usd/plugInfo.json
PyTorch version 2.4.0+cu121
Device count 2
/home/abhinav/Downloads/IsaacGym_Preview_4_Package/isaacgym/python/isaacgym/_bindings/src/gymtorch
ninja: no work to do.
CCAI_PATH /home/abhinav/Documents/ccai
Not connected to PVD
Physics Engine: PhysX
Physics Device: cpu
GPU Pipeline: disabled
Using VHACD cache directory '/home/abhinav/.isaacgym/vhacd'
Found existing convex decomposition for mesh '/home/abhinav/Documents/github/isaacgym-arm-envs/isaac_victor_envs/assets/xela_models/mesh/allegro/base_ns.stl'
Found existing convex decomposition for mesh '/home/abhinav/Documents/github/isaacgym-arm-envs/isaac_victor_envs/assets/xela_models/mesh/allegro/link_1.0.stl'
Found existing convex decomposition for mesh '/home/abhinav/Documents/github/isaacgym-arm-envs/isaac_victor_envs/assets/xela_models/mesh/ft_c.stl'
[ models/temporal ] Channel dimensions: [(36, 256), (256, 512), (512, 1024), (1024, 2048)]
Loaded trajectory sampler
Current yaw: tensor([ 1.8865e-05,  1.2382e-02, -5.1842e-02], device='cuda:0')
Solve time for pregrasp 10.159831646946259
pregrasp complete: tensor([ 1.8865e-05,  1.2382e-02, -5.1842e-02], device='cuda:0')
Current yaw: tensor([ 0.0022,  0.0174, -0.0542], device='cuda:0')
1 turn
Elapsed time: 43.92199626506772
Sampling time 43.92566220497247
Solve time for step 1 0.09878253936767578
Current ori: tensor([ 0.0022,  0.0174, -0.0542], device='cuda:0')
Middle force: tensor([0.1780, 0.1968, 0.1789, 0.1769, 0.2116, 0.2819, 0.3548, 0.4162, 0.4824,
        0.5521, 0.6127, 0.6609], device='cuda:0')
Thumb force: tensor([0.3558, 0.3545, 0.3422, 0.3298, 0.3168, 0.2968, 0.2835, 0.2861, 0.3064,
        0.3343, 0.4051, 0.4718], device='cuda:0')
Index force: tensor([0.7275, 0.7390, 0.7457, 0.7553, 0.7639, 0.7863, 0.8187, 0.8428, 0.8923,
        0.9450, 0.9885, 1.0155], device='cuda:0')
Solve time for step 2 0.11096954345703125
Current ori: tensor([ 0.0018,  0.0095, -0.0834], device='cuda:0')
Middle force: tensor([0.1968, 0.1789, 0.1769, 0.2116, 0.2819, 0.3548, 0.4162, 0.4824, 0.5521,
        0.6127, 0.6609], device='cuda:0')
Thumb force: tensor([0.3545, 0.3422, 0.3298, 0.3168, 0.2968, 0.2835, 0.2861, 0.3064, 0.3343,
        0.4051, 0.4718], device='cuda:0')
Index force: tensor([0.7390, 0.7457, 0.7553, 0.7639, 0.7863, 0.8187, 0.8428, 0.8923, 0.9450,
        0.9885, 1.0155], device='cuda:0')
Solve time for step 3 0.09357261657714844
Current ori: tensor([ 0.0023,  0.0007, -0.1250], device='cuda:0')
Middle force: tensor([0.1789, 0.1769, 0.2116, 0.2819, 0.3548, 0.4162, 0.4824, 0.5521, 0.6127,
        0.6609], device='cuda:0')
Thumb force: tensor([0.3422, 0.3298, 0.3168, 0.2968, 0.2835, 0.2861, 0.3064, 0.3343, 0.4051,
        0.4718], device='cuda:0')
Index force: tensor([0.7457, 0.7553, 0.7639, 0.7863, 0.8187, 0.8428, 0.8923, 0.9450, 0.9885,
        1.0155], device='cuda:0')
Solve time for step 4 0.11174392700195312
Current ori: tensor([ 0.0037, -0.0093, -0.1804], device='cuda:0')
Middle force: tensor([0.1769, 0.2116, 0.2819, 0.3548, 0.4162, 0.4824, 0.5521, 0.6127, 0.6609],
       device='cuda:0')
Thumb force: tensor([0.3298, 0.3168, 0.2968, 0.2835, 0.2861, 0.3064, 0.3343, 0.4051, 0.4718],
       device='cuda:0')
Index force: tensor([0.7553, 0.7639, 0.7863, 0.8187, 0.8428, 0.8923, 0.9450, 0.9885, 1.0155],
       device='cuda:0')
Solve time for step 5 0.08709406852722168
Current ori: tensor([ 0.0059, -0.0198, -0.2499], device='cuda:0')
Middle force: tensor([0.2116, 0.2819, 0.3548, 0.4162, 0.4824, 0.5521, 0.6127, 0.6609],
       device='cuda:0')
Thumb force: tensor([0.3168, 0.2968, 0.2835, 0.2861, 0.3064, 0.3343, 0.4051, 0.4718],
       device='cuda:0')
Index force: tensor([0.7639, 0.7863, 0.8187, 0.8428, 0.8923, 0.9450, 0.9885, 1.0155],
       device='cuda:0')
Solve time for step 6 0.12824153900146484
Current ori: tensor([ 0.0086, -0.0299, -0.3451], device='cuda:0')
Middle force: tensor([0.2819, 0.3548, 0.4162, 0.4824, 0.5521, 0.6127, 0.6609],
       device='cuda:0')
Thumb force: tensor([0.2968, 0.2835, 0.2861, 0.3064, 0.3343, 0.4051, 0.4718],
       device='cuda:0')
Index force: tensor([0.7863, 0.8187, 0.8428, 0.8923, 0.9450, 0.9885, 1.0155],
       device='cuda:0')
Solve time for step 7 0.10472726821899414
Current ori: tensor([ 0.0153, -0.0429, -0.4665], device='cuda:0')
Middle force: tensor([0.3548, 0.4162, 0.4824, 0.5521, 0.6127, 0.6609], device='cuda:0')
Thumb force: tensor([0.2835, 0.2861, 0.3064, 0.3343, 0.4051, 0.4718], device='cuda:0')
Index force: tensor([0.8187, 0.8428, 0.8923, 0.9450, 0.9885, 1.0155], device='cuda:0')
Solve time for step 8 0.10401248931884766
Current ori: tensor([ 0.0229, -0.0608, -0.6237], device='cuda:0')
Middle force: tensor([0.4162, 0.4824, 0.5521, 0.6127, 0.6609], device='cuda:0')
Thumb force: tensor([0.2861, 0.3064, 0.3343, 0.4051, 0.4718], device='cuda:0')
Index force: tensor([0.8428, 0.8923, 0.9450, 0.9885, 1.0155], device='cuda:0')
Solve time for step 9 0.10495185852050781
Current ori: tensor([ 0.0286, -0.0829, -0.8034], device='cuda:0')
Middle force: tensor([0.4824, 0.5521, 0.6127, 0.6609], device='cuda:0')
Thumb force: tensor([0.3064, 0.3343, 0.4051, 0.4718], device='cuda:0')
Index force: tensor([0.8923, 0.9450, 0.9885, 1.0155], device='cuda:0')
Solve time for step 10 0.09733343124389648
Current ori: tensor([ 0.0396, -0.1031, -0.9870], device='cuda:0')
Middle force: tensor([0.5521, 0.6127, 0.6609], device='cuda:0')
Thumb force: tensor([0.3343, 0.4051, 0.4718], device='cuda:0')
Index force: tensor([0.9450, 0.9885, 1.0155], device='cuda:0')
Solve time for step 11 0.0962991714477539
Current ori: tensor([ 0.0383, -0.1281, -1.1183], device='cuda:0')
Middle force: tensor([0.6127, 0.6609], device='cuda:0')
Thumb force: tensor([0.4051, 0.4718], device='cuda:0')
Index force: tensor([0.9885, 1.0155], device='cuda:0')
Solve time for step 12 0.09953856468200684
Current ori: tensor([ 0.0287, -0.1656, -1.2501], device='cuda:0')
Middle force: tensor([0.6609], device='cuda:0')
Thumb force: tensor([0.4718], device='cuda:0')
Index force: tensor([1.0155], device='cuda:0')
{}
[ models/temporal ] Channel dimensions: [(36, 256), (256, 512), (512, 1024), (1024, 2048)]
Loaded trajectory sampler
Current yaw: tensor([ 1.8865e-05,  1.2382e-02, -5.1842e-02], device='cuda:0')
[Open3D INFO] Memory Statistics: (Device) (#Malloc) (#Free)
[Open3D INFO] ---------------------------------------------
[1;33m[Open3D WARNING] CPU:0: 10752 9618 --> 1134 with 98229024 total bytes[0;m
[1;33m[Open3D WARNING]     0xcca0f790 @ 49200 bytes[0;m
[1;33m[Open3D WARNING]     0xcc943d00 @ 84960 bytes[0;m
[1;33m[Open3D WARNING]     0xccb4c590 @ 84960 bytes[0;m
[1;33m[Open3D WARNING]     0xccd7a540 @ 118824 bytes[0;m
[1;33m[Open3D WARNING]     0xccd297e0 @ 8136 bytes[0;m
[1;33m[Open3D WARNING]     0xccc92f60 @ 8136 bytes[0;m
[1;33m[Open3D WARNING]     0xcc6aab80 @ 39936 bytes[0;m
[1;33m[Open3D WARNING]     0xcc6a0f70 @ 39936 bytes[0;m
[1;33m[Open3D WARNING]     0xcc63bc00 @ 35472 bytes[0;m
[1;33m[Open3D WARNING]     0xcc6b6d40 @ 49200 bytes[0;m
[1;33m[Open3D WARNING]     0xccae4790 @ 8640 bytes[0;m
[1;33m[Open3D WARNING]     0xcca33b00 @ 105456 bytes[0;m
[1;33m[Open3D WARNING]     0xcca1e780 @ 86904 bytes[0;m
[1;33m[Open3D WARNING]     0xccabb5a0 @ 86904 bytes[0;m
[1;33m[Open3D WARNING]     0xcc4954b0 @ 60420 bytes[0;m
[1;33m[Open3D WARNING]     0xccdcd800 @ 60420 bytes[0;m
[1;33m[Open3D WARNING]     0xcce28ea0 @ 49200 bytes[0;m
[1;33m[Open3D WARNING]     0xcc330c50 @ 308592 bytes[0;m
[1;33m[Open3D WARNING]     0xcc4a8a00 @ 275424 bytes[0;m
[1;33m[Open3D WARNING]     0xc68e4d50 @ 49200 bytes[0;m
[1;33m[Open3D WARNING]     0xcc29a760 @ 49200 bytes[0;m
[1;33m[Open3D WARNING]     0xcc2bfed0 @ 8640 bytes[0;m
[1;33m[Open3D WARNING]     0xccd38c20 @ 98520 bytes[0;m
[1;33m[Open3D WARNING]     0xcc191ae0 @ 6480 bytes[0;m
[1;33m[Open3D WARNING]     0xc60dd530 @ 105456 bytes[0;m
[1;33m[Open3D WARNING]     0xcc3c09e0 @ 86904 bytes[0;m
[1;33m[Open3D WARNING]     0xcc2aab50 @ 86904 bytes[0;m
[1;33m[Open3D WARNING]     0xc6931d90 @ 65904 bytes[0;m
[1;33m[Open3D WARNING]     0xc6923180 @ 60420 bytes[0;m
[1;33m[Open3D WARNING]     0xc2b96b30 @ 6480 bytes[0;m
[1;33m[Open3D WARNING]     0xccd2b7b0 @ 10728 bytes[0;m
[1;33m[Open3D WARNING]     0xbfef25d0 @ 86904 bytes[0;m
[1;33m[Open3D WARNING]     0xcb816060 @ 86904 bytes[0;m
[1;33m[Open3D WARNING]     0xc32f6590 @ 60420 bytes[0;m
[1;33m[Open3D WARNING]     0xc5d82640 @ 60420 bytes[0;m
[1;33m[Open3D WARNING]     0xcbaf8f50 @ 308592 bytes[0;m
[1;33m[Open3D WARNING]     0xcbe2a100 @ 42048 bytes[0;m
[1;33m[Open3D WARNING]     0xcb9fd990 @ 42048 bytes[0;m
[1;33m[Open3D WARNING]     0xccb62800 @ 98520 bytes[0;m
[1;33m[Open3D WARNING]     0xcbdfd010 @ 35472 bytes[0;m
[1;33m[Open3D WARNING]     0xc645ed60 @ 49200 bytes[0;m
[1;33m[Open3D WARNING]     0xc6452d20 @ 49200 bytes[0;m
[1;33m[Open3D WARNING]     0xc3ad1520 @ 102120 bytes[0;m
[1;33m[Open3D WARNING]     0xc67cb360 @ 118824 bytes[0;m
[1;33m[Open3D WARNING]     0xc663d790 @ 10728 bytes[0;m
[1;33m[Open3D WARNING]     0xc3f3e1f0 @ 8136 bytes[0;m
[1;33m[Open3D WARNING]     0xc2ca2340 @ 47136 bytes[0;m
[1;33m[Open3D WARNING]     0xc2c90980 @ 39936 bytes[0;m
[1;33m[Open3D WARNING]     0xc09594c0 @ 35472 bytes[0;m
[1;33m[Open3D WARNING]     0xc3b929b0 @ 49200 bytes[0;m
[1;33m[Open3D WARNING]     0xc3b86970 @ 49200 bytes[0;m
[1;33m[Open3D WARNING]     0xc66fd110 @ 8640 bytes[0;m
[1;33m[Open3D WARNING]     0xc60bc650 @ 6480 bytes[0;m
[1;33m[Open3D WARNING]     0xc09e9080 @ 105456 bytes[0;m
[1;33m[Open3D WARNING]     0xc0339af0 @ 86904 bytes[0;m
[1;33m[Open3D WARNING]     0xc3b38110 @ 65904 bytes[0;m
[1;33m[Open3D WARNING]     0xc2d75050 @ 60420 bytes[0;m
[1;33m[Open3D WARNING]     0xc035b780 @ 308592 bytes[0;m
[1;33m[Open3D WARNING]     0xc31e1da0 @ 275424 bytes[0;m
[1;33m[Open3D WARNING]     0xc0e963c0 @ 49200 bytes[0;m
[1;33m[Open3D WARNING]     0xc34bd690 @ 8640 bytes[0;m
[1;33m[Open3D WARNING]     0xc5aa7560 @ 6480 bytes[0;m
[1;33m[Open3D WARNING]     0xc34a00c0 @ 105456 bytes[0;m
[1;33m[Open3D WARNING]     0xc348ad40 @ 86904 bytes[0;m
[1;33m[Open3D WARNING]     0xc4222190 @ 60420 bytes[0;m
[1;33m[Open3D WARNING]     0xc040f5b0 @ 308592 bytes[0;m
[1;33m[Open3D WARNING]     0xc67006c0 @ 275424 bytes[0;m
[1;33m[Open3D WARNING]     0xc108f9a0 @ 49200 bytes[0;m
[1;33m[Open3D WARNING]     0xc05d0800 @ 49200 bytes[0;m
[1;33m[Open3D WARNING]     0xbfc6e310 @ 8640 bytes[0;m
[1;33m[Open3D WARNING]     0xc2c7c990 @ 6480 bytes[0;m
[1;33m[Open3D WARNING]     0xc5c17a80 @ 105456 bytes[0;m
[1;33m[Open3D WARNING]     0xc59dbfc0 @ 65904 bytes[0;m
[1;33m[Open3D WARNING]     0xc2f02550 @ 60420 bytes[0;m
[1;33m[Open3D WARNING]     0xc0a2ad40 @ 308592 bytes[0;m
[1;33m[Open3D WARNING]     0xc6263300 @ 275424 bytes[0;m
[1;33m[Open3D WARNING]     0xc5e05f20 @ 54528 bytes[0;m
[1;33m[Open3D WARNING]     0xbb5cacc0 @ 42048 bytes[0;m
[1;33m[Open3D WARNING]     0xcba07de0 @ 6480 bytes[0;m
[1;33m[Open3D WARNING]     0xc5c02700 @ 86904 bytes[0;m
[1;33m[Open3D WARNING]     0xc08457c0 @ 49200 bytes[0;m
[1;33m[Open3D WARNING]     0xc6c08400 @ 49200 bytes[0;m
[1;33m[Open3D WARNING]     0xc6e6fd40 @ 98520 bytes[0;m
[1;33m[Open3D WARNING]     0xc6d7aed0 @ 98520 bytes[0;m
[1;33m[Open3D WARNING]     0xc6054f30 @ 275424 bytes[0;m
[1;33m[Open3D WARNING]     0xcb0f71d0 @ 8136 bytes[0;m
[1;33m[Open3D WARNING]     0xcaa4c590 @ 47136 bytes[0;m
[1;33m[Open3D WARNING]     0xcaa42980 @ 39936 bytes[0;m
[1;33m[Open3D WARNING]     0xcacf1c00 @ 39936 bytes[0;m
[1;33m[Open3D WARNING]     0xcb078920 @ 35472 bytes[0;m
[1;33m[Open3D WARNING]     0xcac251c0 @ 49200 bytes[0;m
[1;33m[Open3D WARNING]     0xca8b8bd0 @ 6480 bytes[0;m
[1;33m[Open3D WARNING]     0xcab03c90 @ 6480 bytes[0;m
[1;33m[Open3D WARNING]     0xca9d5700 @ 105456 bytes[0;m
[1;33m[Open3D WARNING]     0xcb1316d0 @ 86904 bytes[0;m
[1;33m[Open3D WARNING]     0xcaaa2f60 @ 60420 bytes[0;m
[1;33m[Open3D WARNING]     0xcaaf0780 @ 60420 bytes[0;m
[1;33m[Open3D WARNING]     0xcaec0c50 @ 308592 bytes[0;m
[1;33m[Open3D WARNING]     0xca910840 @ 275424 bytes[0;m
[1;33m[Open3D WARNING]     0xcae02dd0 @ 49200 bytes[0;m
[1;33m[Open3D WARNING]     0xca8ca240 @ 49200 bytes[0;m
[1;33m[Open3D WARNING]     0xcae55410 @ 8640 bytes[0;m
[1;33m[Open3D WARNING]     0xca6dc190 @ 6480 bytes[0;m
[1;33m[Open3D WARNING]     0xcadf5d90 @ 6480 bytes[0;m
[1;33m[Open3D WARNING]     0xcad17580 @ 105456 bytes[0;m
[1;33m[Open3D WARNING]     0xcadd3830 @ 86904 bytes[0;m
[1;33m[Open3D WARNING]     0xcad86010 @ 65904 bytes[0;m
[1;33m[Open3D WARNING]     0xcb09b700 @ 60420 bytes[0;m
[1;33m[Open3D WARNING]     0xca477f10 @ 308592 bytes[0;m
[1;33m[Open3D WARNING]     0xc94eaa70 @ 8640 bytes[0;m
[1;33m[Open3D WARNING]     0xc9f3bc50 @ 6480 bytes[0;m
[1;33m[Open3D WARNING]     0xc9f44700 @ 6480 bytes[0;m
[1;33m[Open3D WARNING]     0xbfdee280 @ 84960 bytes[0;m
[1;33m[Open3D WARNING]     0xca151b30 @ 105456 bytes[0;m
[1;33m[Open3D WARNING]     0xca11f2f0 @ 86904 bytes[0;m
[1;33m[Open3D WARNING]     0xca1ce160 @ 60420 bytes[0;m
[1;33m[Open3D WARNING]     0xc9cae110 @ 308592 bytes[0;m
[1;33m[Open3D WARNING]     0xc9ebf4d0 @ 275424 bytes[0;m
[1;33m[Open3D WARNING]     0xc9f48ec0 @ 275424 bytes[0;m
[1;33m[Open3D WARNING]     0xc94f0900 @ 42048 bytes[0;m
[1;33m[Open3D WARNING]     0xc956a6e0 @ 42048 bytes[0;m
[1;33m[Open3D WARNING]     0xc9b1f290 @ 35472 bytes[0;m
[1;33m[Open3D WARNING]     0xc938aeb0 @ 49200 bytes[0;m
[1;33m[Open3D WARNING]     0xc9e626c0 @ 49200 bytes[0;m
[1;33m[Open3D WARNING]     0xc9576200 @ 84960 bytes[0;m
[1;33m[Open3D WARNING]     0xc9ab9a90 @ 98520 bytes[0;m
[1;33m[Open3D WARNING]     0xc93329b0 @ 8136 bytes[0;m
[1;33m[Open3D WARNING]     0xc9bf2bc0 @ 47136 bytes[0;m
[1;33m[Open3D WARNING]     0xc9979a00 @ 39936 bytes[0;m
[1;33m[Open3D WARNING]     0xc9ba8bd0 @ 39936 bytes[0;m
[1;33m[Open3D WARNING]     0xc915c7c0 @ 35472 bytes[0;m
[1;33m[Open3D WARNING]     0xc9b77980 @ 49200 bytes[0;m
[1;33m[Open3D WARNING]     0xc9a0ae80 @ 49200 bytes[0;m
[1;33m[Open3D WARNING]     0xc903dd10 @ 6480 bytes[0;m
[1;33m[Open3D WARNING]     0xc92de570 @ 65904 bytes[0;m
[1;33m[Open3D WARNING]     0xc92cf960 @ 60420 bytes[0;m
[1;33m[Open3D WARNING]     0xc9968040 @ 60420 bytes[0;m
[1;33m[Open3D WARNING]     0xc9845c40 @ 308592 bytes[0;m
[1;33m[Open3D WARNING]     0xc91ba000 @ 275424 bytes[0;m
[1;33m[Open3D WARNING]     0xc0817c10 @ 35472 bytes[0;m
[1;33m[Open3D WARNING]     0xc8fe5810 @ 275424 bytes[0;m
[1;33m[Open3D WARNING]     0xc8e7da50 @ 35472 bytes[0;m
[1;33m[Open3D WARNING]     0xc9150780 @ 49200 bytes[0;m
[1;33m[Open3D WARNING]     0xc98fa2a0 @ 49200 bytes[0;m
[1;33m[Open3D WARNING]     0xc95b3220 @ 8640 bytes[0;m
[1;33m[Open3D WARNING]     0xc8b667d0 @ 6480 bytes[0;m
[1;33m[Open3D WARNING]     0x63346e90 @ 308592 bytes[0;m
[1;33m[Open3D WARNING]     0x64565280 @ 60420 bytes[0;m
[1;33m[Open3D WARNING]     0x6641d990 @ 8640 bytes[0;m
[1;33m[Open3D WARNING]     0xca616e00 @ 49200 bytes[0;m
[1;33m[Open3D WARNING]     0x6db4a2f0 @ 49200 bytes[0;m
[1;33m[Open3D WARNING]     0xca60adc0 @ 49200 bytes[0;m
[1;33m[Open3D WARNING]     0x6db3e2b0 @ 49200 bytes[0;m
[1;33m[Open3D WARNING]     0x6da42e40 @ 84960 bytes[0;m
[1;33m[Open3D WARNING]     0x693a8d50 @ 98520 bytes[0;m
[1;33m[Open3D WARNING]     0xc7c25c90 @ 35472 bytes[0;m
[1;33m[Open3D WARNING]     0x655f7140 @ 275424 bytes[0;m
[1;33m[Open3D WARNING]     0xc27ee190 @ 118824 bytes[0;m
[1;33m[Open3D WARNING]     0x68e8e960 @ 10728 bytes[0;m
[1;33m[Open3D WARNING]     0x6a8aae90 @ 35472 bytes[0;m
[1;33m[Open3D WARNING]     0x6d916b10 @ 8136 bytes[0;m
[1;33m[Open3D WARNING]     0x693d85d0 @ 47136 bytes[0;m
[1;33m[Open3D WARNING]     0x68091c60 @ 6480 bytes[0;m
[1;33m[Open3D WARNING]     0x68d40390 @ 6480 bytes[0;m
[1;33m[Open3D WARNING]     0x63726d90 @ 86904 bytes[0;m
[1;33m[Open3D WARNING]     0xcbfaa450 @ 49200 bytes[0;m
[1;33m[Open3D WARNING]     0x64e6b700 @ 60420 bytes[0;m
[1;33m[Open3D WARNING]     0xc0e8a380 @ 49200 bytes[0;m
[1;33m[Open3D WARNING]     0x67568700 @ 308592 bytes[0;m
[1;33m[Open3D WARNING]     0x64f6f5c0 @ 275424 bytes[0;m
[1;33m[Open3D WARNING]     0x66566560 @ 105456 bytes[0;m
[1;33m[Open3D WARNING]     0xc5d26210 @ 65904 bytes[0;m
[1;33m[Open3D WARNING]     0x64f05e00 @ 308592 bytes[0;m
[1;33m[Open3D WARNING]     0x67367be0 @ 49200 bytes[0;m
[1;33m[Open3D WARNING]     0x705dd790 @ 39936 bytes[0;m
[1;33m[Open3D WARNING]     0x7354c280 @ 102120 bytes[0;m
[1;33m[Open3D WARNING]     0x67cb24e0 @ 8640 bytes[0;m
[1;33m[Open3D WARNING]     0x6c4721e0 @ 84960 bytes[0;m
[1;33m[Open3D WARNING]     0x6ffa7e50 @ 6480 bytes[0;m
[1;33m[Open3D WARNING]     0x69085400 @ 65904 bytes[0;m
[1;33m[Open3D WARNING]     0x6af05160 @ 308592 bytes[0;m
[1;33m[Open3D WARNING]     0x6c0753e0 @ 35472 bytes[0;m
[1;33m[Open3D WARNING]     0x6b0333d0 @ 8640 bytes[0;m
[1;33m[Open3D WARNING]     0xc933aad0 @ 86904 bytes[0;m
[1;33m[Open3D WARNING]     0x64fe9390 @ 6480 bytes[0;m
[1;33m[Open3D WARNING]     0x6b491300 @ 86904 bytes[0;m
[1;33m[Open3D WARNING]     0x63137f60 @ 54528 bytes[0;m
[1;33m[Open3D WARNING]     0xbda2a230 @ 6480 bytes[0;m
[1;33m[Open3D WARNING]     0x6afc80c0 @ 275424 bytes[0;m
[1;33m[Open3D WARNING]     0xc5a74980 @ 60420 bytes[0;m
[1;33m[Open3D WARNING]     0x65b2ed80 @ 42048 bytes[0;m
[1;33m[Open3D WARNING]     0x6b2dd0e0 @ 60420 bytes[0;m
[1;33m[Open3D WARNING]     0x67438240 @ 39936 bytes[0;m
[1;33m[Open3D WARNING]     0x6a12edc0 @ 47136 bytes[0;m
[1;33m[Open3D WARNING]     0xc2bde310 @ 84960 bytes[0;m
[1;33m[Open3D WARNING]     0x6ab31310 @ 86904 bytes[0;m
[1;33m[Open3D WARNING]     0x69db2a50 @ 118824 bytes[0;m
[1;33m[Open3D WARNING]     0xc11a0910 @ 6480 bytes[0;m
[1;33m[Open3D WARNING]     0x6f942d40 @ 49200 bytes[0;m
[1;33m[Open3D WARNING]     0x6c003b80 @ 86904 bytes[0;m
[1;33m[Open3D WARNING]     0x657057f0 @ 308592 bytes[0;m
[1;33m[Open3D WARNING]     0x6947fc40 @ 42048 bytes[0;m
[1;33m[Open3D WARNING]     0xbed33730 @ 308592 bytes[0;m
[1;33m[Open3D WARNING]     0xc3d20790 @ 35472 bytes[0;m
[1;33m[Open3D WARNING]     0x707828c0 @ 49200 bytes[0;m
[1;33m[Open3D WARNING]     0x7272fe70 @ 8640 bytes[0;m
[1;33m[Open3D WARNING]     0x600a55d0 @ 60420 bytes[0;m
[1;33m[Open3D WARNING]     0x6fe61680 @ 35472 bytes[0;m
[1;33m[Open3D WARNING]     0xca7fef20 @ 275424 bytes[0;m
[1;33m[Open3D WARNING]     0xc1cf4900 @ 49200 bytes[0;m
[1;33m[Open3D WARNING]     0x67fecad0 @ 86904 bytes[0;m
[1;33m[Open3D WARNING]     0x6adfea90 @ 49200 bytes[0;m
[1;33m[Open3D WARNING]     0x6d5021c0 @ 102120 bytes[0;m
[1;33m[Open3D WARNING]     0x6adf2a50 @ 49200 bytes[0;m
[1;33m[Open3D WARNING]     0x64de07b0 @ 86904 bytes[0;m
[1;33m[Open3D WARNING]     0x7369f3d0 @ 84960 bytes[0;m
[1;33m[Open3D WARNING]     0x60d32ec0 @ 84960 bytes[0;m
[1;33m[Open3D WARNING]     0x68077600 @ 86904 bytes[0;m
[1;33m[Open3D WARNING]     0x6b16bf10 @ 275424 bytes[0;m
[1;33m[Open3D WARNING]     0xc142c040 @ 8640 bytes[0;m
[1;33m[Open3D WARNING]     0x5f9d9f50 @ 10728 bytes[0;m
[1;33m[Open3D WARNING]     0xc53243b0 @ 60420 bytes[0;m
[1;33m[Open3D WARNING]     0x6ace2c50 @ 8136 bytes[0;m
[1;33m[Open3D WARNING]     0xcb14dfe0 @ 86904 bytes[0;m
[1;33m[Open3D WARNING]     0x6d1c0d80 @ 275424 bytes[0;m
[1;33m[Open3D WARNING]     0x6d35c140 @ 49200 bytes[0;m
[1;33m[Open3D WARNING]     0x690c4ed0 @ 8136 bytes[0;m
[1;33m[Open3D WARNING]     0x6cb5ec00 @ 86904 bytes[0;m
[1;33m[Open3D WARNING]     0x6c53cf10 @ 39936 bytes[0;m
[1;33m[Open3D WARNING]     0x6409f910 @ 6480 bytes[0;m
[1;33m[Open3D WARNING]     0xbcb29150 @ 35472 bytes[0;m
[1;33m[Open3D WARNING]     0x5f312ad0 @ 6480 bytes[0;m
[1;33m[Open3D WARNING]     0x70458a60 @ 39936 bytes[0;m
[1;33m[Open3D WARNING]     0x6a73ad20 @ 60420 bytes[0;m
[1;33m[Open3D WARNING]     0xc53686a0 @ 65904 bytes[0;m
[1;33m[Open3D WARNING]     0x66b69300 @ 308592 bytes[0;m
[1;33m[Open3D WARNING]     0x695fff00 @ 35472 bytes[0;m
[1;33m[Open3D WARNING]     0xca607e10 @ 8640 bytes[0;m
[1;33m[Open3D WARNING]     0xc7b57220 @ 105456 bytes[0;m
[1;33m[Open3D WARNING]     0xc781bb50 @ 8640 bytes[0;m
[1;33m[Open3D WARNING]     0x6aa24cc0 @ 49200 bytes[0;m
[1;33m[Open3D WARNING]     0x63ea2a90 @ 8640 bytes[0;m
[1;33m[Open3D WARNING]     0xcb83f290 @ 105456 bytes[0;m
[1;33m[Open3D WARNING]     0xbc7c8f30 @ 35472 bytes[0;m
[1;33m[Open3D WARNING]     0x6593b5d0 @ 105456 bytes[0;m
[1;33m[Open3D WARNING]     0x73216580 @ 35472 bytes[0;m
[1;33m[Open3D WARNING]     0x6ad18300 @ 86904 bytes[0;m
[1;33m[Open3D WARNING]     0xcbc19a40 @ 35472 bytes[0;m
[1;33m[Open3D WARNING]     0xbe11c070 @ 308592 bytes[0;m
[1;33m[Open3D WARNING]     0x600b41e0 @ 65904 bytes[0;m
[1;33m[Open3D WARNING]     0x6be022e0 @ 275424 bytes[0;m
[1;33m[Open3D WARNING]     0x67e26a40 @ 275424 bytes[0;m
[1;33m[Open3D WARNING]     0x67319b40 @ 60420 bytes[0;m
[1;33m[Open3D WARNING]     0xc7c4c980 @ 86904 bytes[0;m
[1;33m[Open3D WARNING]     0x6911c410 @ 35472 bytes[0;m
[1;33m[Open3D WARNING]     0x6443df50 @ 49200 bytes[0;m
[1;33m[Open3D WARNING]     0x6bdcea90 @ 8640 bytes[0;m
[1;33m[Open3D WARNING]     0x604c69c0 @ 86904 bytes[0;m
[1;33m[Open3D WARNING]     0x66fba360 @ 86904 bytes[0;m
[1;33m[Open3D WARNING]     0xcabec340 @ 10728 bytes[0;m
[1;33m[Open3D WARNING]     0x67b3bfe0 @ 86904 bytes[0;m
[1;33m[Open3D WARNING]     0xc1821c30 @ 6480 bytes[0;m
[1;33m[Open3D WARNING]     0x6c2081e0 @ 60420 bytes[0;m
[1;33m[Open3D WARNING]     0x6bd81070 @ 308592 bytes[0;m
[1;33m[Open3D WARNING]     0xc263d180 @ 86904 bytes[0;m
[1;33m[Open3D WARNING]     0xc7b54ee0 @ 8640 bytes[0;m
[1;33m[Open3D WARNING]     0x69d40f60 @ 42048 bytes[0;m
[1;33m[Open3D WARNING]     0xc8275800 @ 49200 bytes[0;m
[1;33m[Open3D WARNING]     0x6acf7640 @ 42048 bytes[0;m
[1;33m[Open3D WARNING]     0x69454ef0 @ 105456 bytes[0;m
[1;33m[Open3D WARNING]     0xbeba10f0 @ 60420 bytes[0;m
[1;33m[Open3D WARNING]     0x66167aa0 @ 6480 bytes[0;m
[1;33m[Open3D WARNING]     0xbea1d520 @ 6480 bytes[0;m
[1;33m[Open3D WARNING]     0x60500800 @ 65904 bytes[0;m
[1;33m[Open3D WARNING]     0xbc194550 @ 60420 bytes[0;m
[1;33m[Open3D WARNING]     0x6b783fc0 @ 35472 bytes[0;m
[1;33m[Open3D WARNING]     0xbe5cb440 @ 47136 bytes[0;m
[1;33m[Open3D WARNING]     0xc94fad50 @ 54528 bytes[0;m
[1;33m[Open3D WARNING]     0x7340fa40 @ 98520 bytes[0;m
[1;33m[Open3D WARNING]     0x6f56edf0 @ 35472 bytes[0;m
[1;33m[Open3D WARNING]     0x6805cfa0 @ 105456 bytes[0;m
[1;33m[Open3D WARNING]     0x6d100bc0 @ 308592 bytes[0;m
[1;33m[Open3D WARNING]     0xc96016b0 @ 86904 bytes[0;m
[1;33m[Open3D WARNING]     0x5f9ae640 @ 35472 bytes[0;m
[1;33m[Open3D WARNING]     0xc93eaeb0 @ 60420 bytes[0;m
[1;33m[Open3D WARNING]     0xbea20860 @ 86904 bytes[0;m
[1;33m[Open3D WARNING]     0x6f633d00 @ 86904 bytes[0;m
[1;33m[Open3D WARNING]     0xbd77c5a0 @ 49200 bytes[0;m
[1;33m[Open3D WARNING]     0x7380f4f0 @ 49200 bytes[0;m
[1;33m[Open3D WARNING]     0x682e2960 @ 54528 bytes[0;m
[1;33m[Open3D WARNING]     0xc299d440 @ 35472 bytes[0;m
[1;33m[Open3D WARNING]     0x6d2aa5a0 @ 6480 bytes[0;m
[1;33m[Open3D WARNING]     0x68694770 @ 86904 bytes[0;m
[1;33m[Open3D WARNING]     0x6630b330 @ 60420 bytes[0;m
[1;33m[Open3D WARNING]     0x6d682440 @ 49200 bytes[0;m
[1;33m[Open3D WARNING]     0x6d346c60 @ 84960 bytes[0;m
[1;33m[Open3D WARNING]     0x6d523f00 @ 98520 bytes[0;m
[1;33m[Open3D WARNING]     0xc934fe50 @ 105456 bytes[0;m
[1;33m[Open3D WARNING]     0x6d42a480 @ 10728 bytes[0;m
[1;33m[Open3D WARNING]     0x693c0e30 @ 35472 bytes[0;m
[1;33m[Open3D WARNING]     0x6cdcd090 @ 39936 bytes[0;m
[1;33m[Open3D WARNING]     0x68c7b650 @ 35472 bytes[0;m
[1;33m[Open3D WARNING]     0x6ceaf5f0 @ 49200 bytes[0;m
[1;33m[Open3D WARNING]     0x69366680 @ 49200 bytes[0;m
[1;33m[Open3D WARNING]     0x6cb5c8c0 @ 8640 bytes[0;m
[1;33m[Open3D WARNING]     0x6c216df0 @ 65904 bytes[0;m
[1;33m[Open3D WARNING]     0x6df4ba90 @ 6480 bytes[0;m
[1;33m[Open3D WARNING]     0x70211fc0 @ 275424 bytes[0;m
[1;33m[Open3D WARNING]     0x7323daa0 @ 65904 bytes[0;m
[1;33m[Open3D WARNING]     0x6cb73f80 @ 105456 bytes[0;m
[1;33m[Open3D WARNING]     0x6cb09100 @ 86904 bytes[0;m
[1;33m[Open3D WARNING]     0x645e3d40 @ 86904 bytes[0;m
[1;33m[Open3D WARNING]     0xbd7e37e0 @ 105456 bytes[0;m
[1;33m[Open3D WARNING]     0x65442f90 @ 86904 bytes[0;m
[1;33m[Open3D WARNING]     0x6d009830 @ 49200 bytes[0;m
[1;33m[Open3D WARNING]     0xbb8947e0 @ 86904 bytes[0;m
[1;33m[Open3D WARNING]     0x6b4fe090 @ 8640 bytes[0;m
[1;33m[Open3D WARNING]     0x6b9cb500 @ 6480 bytes[0;m
[1;33m[Open3D WARNING]     0x6cf0c650 @ 86904 bytes[0;m
[1;33m[Open3D WARNING]     0x6fffca10 @ 86904 bytes[0;m
[1;33m[Open3D WARNING]     0x6d284ce0 @ 86904 bytes[0;m
[1;33m[Open3D WARNING]     0x6ac7f7f0 @ 98520 bytes[0;m
[1;33m[Open3D WARNING]     0x6ba6eb70 @ 65904 bytes[0;m
[1;33m[Open3D WARNING]     0x68c56430 @ 49200 bytes[0;m
[1;33m[Open3D WARNING]     0x722f5ac0 @ 60420 bytes[0;m
[1;33m[Open3D WARNING]     0x72cc6400 @ 98520 bytes[0;m
[1;33m[Open3D WARNING]     0x6b894ba0 @ 35472 bytes[0;m
[1;33m[Open3D WARNING]     0xbc1d1310 @ 49200 bytes[0;m
[1;33m[Open3D WARNING]     0x6b87f820 @ 86904 bytes[0;m
[1;33m[Open3D WARNING]     0x6d47e3a0 @ 47136 bytes[0;m
[1;33m[Open3D WARNING]     0x7349c7a0 @ 49200 bytes[0;m
[1;33m[Open3D WARNING]     0xbbfe7f20 @ 42048 bytes[0;m
[1;33m[Open3D WARNING]     0x68d46340 @ 8136 bytes[0;m
[1;33m[Open3D WARNING]     0x63558f80 @ 60420 bytes[0;m
[1;33m[Open3D WARNING]     0x6aa4c800 @ 49200 bytes[0;m
[1;33m[Open3D WARNING]     0xc67978c0 @ 98520 bytes[0;m
[1;33m[Open3D WARNING]     0x6b61c9b0 @ 60420 bytes[0;m
[1;33m[Open3D WARNING]     0x6b299cf0 @ 275424 bytes[0;m
[1;33m[Open3D WARNING]     0x70011d90 @ 105456 bytes[0;m
[1;33m[Open3D WARNING]     0xc22ed020 @ 105456 bytes[0;m
[1;33m[Open3D WARNING]     0x6cdc7170 @ 8136 bytes[0;m
[1;33m[Open3D WARNING]     0x6c2f6b10 @ 42048 bytes[0;m
[1;33m[Open3D WARNING]     0x66746950 @ 60420 bytes[0;m
[1;33m[Open3D WARNING]     0x6d5aa930 @ 84960 bytes[0;m
[1;33m[Open3D WARNING]     0xbf17ff10 @ 98520 bytes[0;m
[1;33m[Open3D WARNING]     0x6cdf6e40 @ 39936 bytes[0;m
[1;33m[Open3D WARNING]     0x6a395970 @ 35472 bytes[0;m
[1;33m[Open3D WARNING]     0x69076410 @ 60420 bytes[0;m
[1;33m[Open3D WARNING]     0x6a120f80 @ 49200 bytes[0;m
[1;33m[Open3D WARNING]     0xbc1c4a20 @ 6480 bytes[0;m
[1;33m[Open3D WARNING]     0x6a170490 @ 10728 bytes[0;m
[1;33m[Open3D WARNING]     0xc963a690 @ 6480 bytes[0;m
[1;33m[Open3D WARNING]     0x6a16be80 @ 8136 bytes[0;m
[1;33m[Open3D WARNING]     0x6c9ac810 @ 8136 bytes[0;m
[1;33m[Open3D WARNING]     0x6a212ee0 @ 39936 bytes[0;m
[1;33m[Open3D WARNING]     0x6c9d9160 @ 49200 bytes[0;m
[1;33m[Open3D WARNING]     0xbda6bc50 @ 60420 bytes[0;m
[1;33m[Open3D WARNING]     0x6a72cec0 @ 6480 bytes[0;m
[1;33m[Open3D WARNING]     0x6a309180 @ 86904 bytes[0;m
[1;33m[Open3D WARNING]     0x609524d0 @ 6480 bytes[0;m
[1;33m[Open3D WARNING]     0xbdff63d0 @ 8640 bytes[0;m
[1;33m[Open3D WARNING]     0x5f491670 @ 65904 bytes[0;m
[1;33m[Open3D WARNING]     0x6a5f27b0 @ 308592 bytes[0;m
[1;33m[Open3D WARNING]     0x6ce3f1d0 @ 6480 bytes[0;m
[1;33m[Open3D WARNING]     0x6a7df550 @ 275424 bytes[0;m
[1;33m[Open3D WARNING]     0x6b8480d0 @ 105456 bytes[0;m
[1;33m[Open3D WARNING]     0x6a860d70 @ 49200 bytes[0;m
[1;33m[Open3D WARNING]     0x68801540 @ 275424 bytes[0;m
[1;33m[Open3D WARNING]     0xc96ce000 @ 105456 bytes[0;m
[1;33m[Open3D WARNING]     0x687cfc30 @ 6480 bytes[0;m
[1;33m[Open3D WARNING]     0xc2718590 @ 49200 bytes[0;m
[1;33m[Open3D WARNING]     0x6878f980 @ 65904 bytes[0;m
[1;33m[Open3D WARNING]     0x725caef0 @ 35472 bytes[0;m
[1;33m[Open3D WARNING]     0x6cbf56e0 @ 60420 bytes[0;m
[1;33m[Open3D WARNING]     0x682cfa50 @ 60420 bytes[0;m
[1;33m[Open3D WARNING]     0x63f63f50 @ 60420 bytes[0;m
[1;33m[Open3D WARNING]     0x6853c030 @ 275424 bytes[0;m
[1;33m[Open3D WARNING]     0x69879fb0 @ 275424 bytes[0;m
[1;33m[Open3D WARNING]     0xbfd0ec00 @ 98520 bytes[0;m
[1;33m[Open3D WARNING]     0xc1f09c00 @ 86904 bytes[0;m
[1;33m[Open3D WARNING]     0xc3e08ff0 @ 39936 bytes[0;m
[1;33m[Open3D WARNING]     0x694ca770 @ 42048 bytes[0;m
[1;33m[Open3D WARNING]     0xc7cc1200 @ 308592 bytes[0;m
[1;33m[Open3D WARNING]     0x69ccc2c0 @ 98520 bytes[0;m
[1;33m[Open3D WARNING]     0xc7a8e3e0 @ 275424 bytes[0;m
[1;33m[Open3D WARNING]     0xc412c210 @ 6480 bytes[0;m
[1;33m[Open3D WARNING]     0x6b3b16d0 @ 8640 bytes[0;m
[1;33m[Open3D WARNING]     0xcbd670d0 @ 8640 bytes[0;m
[1;33m[Open3D WARNING]     0x67a5f410 @ 275424 bytes[0;m
[1;33m[Open3D WARNING]     0x685295d0 @ 8640 bytes[0;m
[1;33m[Open3D WARNING]     0xcce3d4a0 @ 6480 bytes[0;m
[1;33m[Open3D WARNING]     0xc4fb6f40 @ 86904 bytes[0;m
[1;33m[Open3D WARNING]     0x6b24f600 @ 86904 bytes[0;m
[1;33m[Open3D WARNING]     0x6b1bd8f0 @ 308592 bytes[0;m
[1;33m[Open3D WARNING]     0xc67b3280 @ 98520 bytes[0;m
[1;33m[Open3D WARNING]     0x6a59a910 @ 6480 bytes[0;m
[1;33m[Open3D WARNING]     0x66f62bd0 @ 49200 bytes[0;m
[1;33m[Open3D WARNING]     0x71d60af0 @ 42048 bytes[0;m
[1;33m[Open3D WARNING]     0x69343440 @ 98520 bytes[0;m
[1;33m[Open3D WARNING]     0xba839350 @ 6480 bytes[0;m
[1;33m[Open3D WARNING]     0x64c55350 @ 105456 bytes[0;m
[1;33m[Open3D WARNING]     0x69a1fc00 @ 118824 bytes[0;m
[1;33m[Open3D WARNING]     0xc8a01cd0 @ 105456 bytes[0;m
[1;33m[Open3D WARNING]     0xc9c27bc0 @ 84960 bytes[0;m
[1;33m[Open3D WARNING]     0x673a1850 @ 84960 bytes[0;m
[1;33m[Open3D WARNING]     0x64600840 @ 65904 bytes[0;m
[1;33m[Open3D WARNING]     0xcbfb6490 @ 49200 bytes[0;m
[1;33m[Open3D WARNING]     0x693ce9c0 @ 39936 bytes[0;m
[1;33m[Open3D WARNING]     0x647f7e50 @ 275424 bytes[0;m
[1;33m[Open3D WARNING]     0xbefd4d20 @ 86904 bytes[0;m
[1;33m[Open3D WARNING]     0x63d3fd10 @ 8136 bytes[0;m
[1;33m[Open3D WARNING]     0xcc661f40 @ 47136 bytes[0;m
[1;33m[Open3D WARNING]     0x6472ecb0 @ 35472 bytes[0;m
[1;33m[Open3D WARNING]     0x678c1700 @ 308592 bytes[0;m
[1;33m[Open3D WARNING]     0x637a92c0 @ 105456 bytes[0;m
[1;33m[Open3D WARNING]     0xc2d8a9d0 @ 6480 bytes[0;m
[1;33m[Open3D WARNING]     0x63d44320 @ 10728 bytes[0;m
[1;33m[Open3D WARNING]     0x64a2f7b0 @ 49200 bytes[0;m
[1;33m[Open3D WARNING]     0x6464e060 @ 6480 bytes[0;m
[1;33m[Open3D WARNING]     0x73079640 @ 308592 bytes[0;m
[1;33m[Open3D WARNING]     0xbd373640 @ 105456 bytes[0;m
[1;33m[Open3D WARNING]     0xc18ea610 @ 6480 bytes[0;m
[1;33m[Open3D WARNING]     0x6cc042f0 @ 65904 bytes[0;m
[1;33m[Open3D WARNING]     0x6b791960 @ 308592 bytes[0;m
[1;33m[Open3D WARNING]     0xbcef7fc0 @ 308592 bytes[0;m
[1;33m[Open3D WARNING]     0x68507f10 @ 6480 bytes[0;m
[1;33m[Open3D WARNING]     0x6558efa0 @ 275424 bytes[0;m
[1;33m[Open3D WARNING]     0xbb8658c0 @ 65904 bytes[0;m
[1;33m[Open3D WARNING]     0x66a74500 @ 60420 bytes[0;m
[1;33m[Open3D WARNING]     0x69ea26d0 @ 8640 bytes[0;m
[1;33m[Open3D WARNING]     0xc3672fd0 @ 275424 bytes[0;m
[1;33m[Open3D WARNING]     0x6428aa90 @ 49200 bytes[0;m
[1;33m[Open3D WARNING]     0xbe709830 @ 6480 bytes[0;m
[1;33m[Open3D WARNING]     0x6d2a3170 @ 6480 bytes[0;m
[1;33m[Open3D WARNING]     0x66cf6d00 @ 98520 bytes[0;m
[1;33m[Open3D WARNING]     0xc4c2dd00 @ 49200 bytes[0;m
[1;33m[Open3D WARNING]     0x6b951ec0 @ 275424 bytes[0;m
[1;33m[Open3D WARNING]     0x6773ccc0 @ 6480 bytes[0;m
[1;33m[Open3D WARNING]     0x647c0a50 @ 8136 bytes[0;m
[1;33m[Open3D WARNING]     0x73137b70 @ 6480 bytes[0;m
[1;33m[Open3D WARNING]     0x63af72c0 @ 275424 bytes[0;m
[1;33m[Open3D WARNING]     0x66dfa470 @ 49200 bytes[0;m
[1;33m[Open3D WARNING]     0xc4cbc500 @ 105456 bytes[0;m
[1;33m[Open3D WARNING]     0x6aa36a20 @ 8640 bytes[0;m
[1;33m[Open3D WARNING]     0x6ab0c9c0 @ 105456 bytes[0;m
[1;33m[Open3D WARNING]     0xc2678580 @ 49200 bytes[0;m
[1;33m[Open3D WARNING]     0xc507b810 @ 10728 bytes[0;m
[1;33m[Open3D WARNING]     0x687c6e30 @ 6480 bytes[0;m
[1;33m[Open3D WARNING]     0x66ae04a0 @ 8136 bytes[0;m
[1;33m[Open3D WARNING]     0x648a7be0 @ 60420 bytes[0;m
[1;33m[Open3D WARNING]     0x663628c0 @ 86904 bytes[0;m
[1;33m[Open3D WARNING]     0x6971f4c0 @ 86904 bytes[0;m
[1;33m[Open3D WARNING]     0xc543d410 @ 8136 bytes[0;m
[1;33m[Open3D WARNING]     0xcccb22c0 @ 49200 bytes[0;m
[1;33m[Open3D WARNING]     0xc7235480 @ 105456 bytes[0;m
[1;33m[Open3D WARNING]     0x6a296a50 @ 105456 bytes[0;m
[1;33m[Open3D WARNING]     0x6cd09500 @ 49200 bytes[0;m
[1;33m[Open3D WARNING]     0x638c4ab0 @ 308592 bytes[0;m
[1;33m[Open3D WARNING]     0x6a8bdb80 @ 60420 bytes[0;m
[1;33m[Open3D WARNING]     0x72d3d860 @ 49200 bytes[0;m
[1;33m[Open3D WARNING]     0xc0cd7920 @ 102120 bytes[0;m
[1;33m[Open3D WARNING]     0x66f2db40 @ 35472 bytes[0;m
[1;33m[Open3D WARNING]     0x700df630 @ 6480 bytes[0;m
[1;33m[Open3D WARNING]     0x63d8c000 @ 49200 bytes[0;m
[1;33m[Open3D WARNING]     0x668875c0 @ 86904 bytes[0;m
[1;33m[Open3D WARNING]     0x66acb120 @ 86904 bytes[0;m
[1;33m[Open3D WARNING]     0x63851a20 @ 35472 bytes[0;m
[1;33m[Open3D WARNING]     0xc8c9b000 @ 49200 bytes[0;m
[1;33m[Open3D WARNING]     0x6c2b7aa0 @ 8640 bytes[0;m
[1;33m[Open3D WARNING]     0x63303aa0 @ 275424 bytes[0;m
[1;33m[Open3D WARNING]     0xbf7adb50 @ 10728 bytes[0;m
[1;33m[Open3D WARNING]     0x606519d0 @ 60420 bytes[0;m
[1;33m[Open3D WARNING]     0xccdb3220 @ 65904 bytes[0;m
[1;33m[Open3D WARNING]     0x69b6dd00 @ 49200 bytes[0;m
[1;33m[Open3D WARNING]     0x672c3f10 @ 39936 bytes[0;m
[1;33m[Open3D WARNING]     0x6b44f050 @ 60420 bytes[0;m
[1;33m[Open3D WARNING]     0x6498c3c0 @ 65904 bytes[0;m
[1;33m[Open3D WARNING]     0x647732e0 @ 105456 bytes[0;m
[1;33m[Open3D WARNING]     0x6f941010 @ 6480 bytes[0;m
[1;33m[Open3D WARNING]     0x6a3e8b80 @ 275424 bytes[0;m
[1;33m[Open3D WARNING]     0x689d9640 @ 60420 bytes[0;m
[1;33m[Open3D WARNING]     0x6d218820 @ 105456 bytes[0;m
[1;33m[Open3D WARNING]     0xbea052d0 @ 65904 bytes[0;m
[1;33m[Open3D WARNING]     0x632c06b0 @ 275424 bytes[0;m
[1;33m[Open3D WARNING]     0xbf7d26e0 @ 39936 bytes[0;m
[1;33m[Open3D WARNING]     0x653d3080 @ 49200 bytes[0;m
[1;33m[Open3D WARNING]     0x63ec7400 @ 118824 bytes[0;m
[1;33m[Open3D WARNING]     0xc785a080 @ 49200 bytes[0;m
[1;33m[Open3D WARNING]     0x64627700 @ 35472 bytes[0;m
[1;33m[Open3D WARNING]     0xbc8c5740 @ 35472 bytes[0;m
[1;33m[Open3D WARNING]     0x641dfb70 @ 49200 bytes[0;m
[1;33m[Open3D WARNING]     0x63635260 @ 49200 bytes[0;m
[1;33m[Open3D WARNING]     0xbbac5750 @ 60420 bytes[0;m
[1;33m[Open3D WARNING]     0x69652ce0 @ 49200 bytes[0;m
[1;33m[Open3D WARNING]     0xc78d2800 @ 308592 bytes[0;m
[1;33m[Open3D WARNING]     0x64b63940 @ 8640 bytes[0;m
[1;33m[Open3D WARNING]     0x705e73a0 @ 47136 bytes[0;m
[1;33m[Open3D WARNING]     0x677fb500 @ 60420 bytes[0;m
[1;33m[Open3D WARNING]     0x734c5e30 @ 39936 bytes[0;m
[1;33m[Open3D WARNING]     0x72866ab0 @ 60420 bytes[0;m
[1;33m[Open3D WARNING]     0xc8797ec0 @ 54528 bytes[0;m
[1;33m[Open3D WARNING]     0x67ef9640 @ 275424 bytes[0;m
[1;33m[Open3D WARNING]     0x60a985a0 @ 308592 bytes[0;m
[1;33m[Open3D WARNING]     0x64980060 @ 49200 bytes[0;m
[1;33m[Open3D WARNING]     0x65839b10 @ 275424 bytes[0;m
[1;33m[Open3D WARNING]     0x65f3d920 @ 49200 bytes[0;m
[1;33m[Open3D WARNING]     0xbd4b1fa0 @ 60420 bytes[0;m
[1;33m[Open3D WARNING]     0xbfde2240 @ 49200 bytes[0;m
[1;33m[Open3D WARNING]     0x649c1000 @ 60420 bytes[0;m
[1;33m[Open3D WARNING]     0xc78660c0 @ 10728 bytes[0;m
[1;33m[Open3D WARNING]     0x6716e5d0 @ 8640 bytes[0;m
[1;33m[Open3D WARNING]     0x5f46ab90 @ 60420 bytes[0;m
[1;33m[Open3D WARNING]     0x648b8010 @ 308592 bytes[0;m
[1;33m[Open3D WARNING]     0x6c34b850 @ 6480 bytes[0;m
[1;33m[Open3D WARNING]     0x67d72000 @ 275424 bytes[0;m
[1;33m[Open3D WARNING]     0x66be15a0 @ 49200 bytes[0;m
[1;33m[Open3D WARNING]     0xca1ac240 @ 86904 bytes[0;m
[1;33m[Open3D WARNING]     0x63869450 @ 86904 bytes[0;m
[1;33m[Open3D WARNING]     0x6f36a8c0 @ 308592 bytes[0;m
[1;33m[Open3D WARNING]     0x63ea5600 @ 98520 bytes[0;m
[1;33m[Open3D WARNING]     0xc3daaad0 @ 6480 bytes[0;m
[1;33m[Open3D WARNING]     0x63557210 @ 6480 bytes[0;m
[1;33m[Open3D WARNING]     0x677f9980 @ 6480 bytes[0;m
[1;33m[Open3D WARNING]     0x6b42e2a0 @ 49200 bytes[0;m
[1;33m[Open3D WARNING]     0xc26f9d70 @ 98520 bytes[0;m
[1;33m[Open3D WARNING]     0xc4872990 @ 49200 bytes[0;m
[1;33m[Open3D WARNING]     0x63cf8450 @ 98520 bytes[0;m
[1;33m[Open3D WARNING]     0xbbd10750 @ 65904 bytes[0;m
[1;33m[Open3D WARNING]     0x672cdb20 @ 47136 bytes[0;m
[1;33m[Open3D WARNING]     0x6f81d700 @ 275424 bytes[0;m
[1;33m[Open3D WARNING]     0xc87ee8c0 @ 49200 bytes[0;m
[1;33m[Open3D WARNING]     0x6a2248a0 @ 39936 bytes[0;m
[1;33m[Open3D WARNING]     0x67b73970 @ 8640 bytes[0;m
[1;33m[Open3D WARNING]     0x63fb2ba0 @ 102120 bytes[0;m
[1;33m[Open3D WARNING]     0xbeef4c00 @ 60420 bytes[0;m
[1;33m[Open3D WARNING]     0xcb0ad0c0 @ 60420 bytes[0;m
[1;33m[Open3D WARNING]     0xc4c95e10 @ 8640 bytes[0;m
[1;33m[Open3D WARNING]     0x641ebbb0 @ 49200 bytes[0;m
[1;33m[Open3D WARNING]     0x6a5af3c0 @ 275424 bytes[0;m
[1;33m[Open3D WARNING]     0xc297d3f0 @ 84960 bytes[0;m
[1;33m[Open3D WARNING]     0x6ca70d20 @ 275424 bytes[0;m
[1;33m[Open3D WARNING]     0x638b2f00 @ 65904 bytes[0;m
[1;33m[Open3D WARNING]     0xca6dddc0 @ 86904 bytes[0;m
[1;33m[Open3D WARNING]     0x70113340 @ 60420 bytes[0;m
[1;33m[Open3D WARNING]     0x63629220 @ 49200 bytes[0;m
[1;33m[Open3D WARNING]     0x732afc70 @ 8136 bytes[0;m
[1;33m[Open3D WARNING]     0x6483b240 @ 275424 bytes[0;m
[1;33m[Open3D WARNING]     0xc7766fd0 @ 49200 bytes[0;m
[1;33m[Open3D WARNING]     0x6a0944e0 @ 49200 bytes[0;m
[1;33m[Open3D WARNING]     0x674e2150 @ 86904 bytes[0;m
[1;33m[Open3D WARNING]     0x70121f50 @ 65904 bytes[0;m
[1;33m[Open3D WARNING]     0x647a5b00 @ 86904 bytes[0;m
[1;33m[Open3D WARNING]     0x68b9fce0 @ 86904 bytes[0;m
[1;33m[Open3D WARNING]     0x6fe22a90 @ 8136 bytes[0;m
[1;33m[Open3D WARNING]     0x6312db10 @ 42048 bytes[0;m
[1;33m[Open3D WARNING]     0x662fc720 @ 60420 bytes[0;m
[1;33m[Open3D WARNING]     0x71cc5d10 @ 6480 bytes[0;m
[1;33m[Open3D WARNING]     0xc18ec300 @ 65904 bytes[0;m
[1;33m[Open3D WARNING]     0xc891de50 @ 65904 bytes[0;m
[1;33m[Open3D WARNING]     0xc1cef250 @ 6480 bytes[0;m
[1;33m[Open3D WARNING]     0x693726c0 @ 49200 bytes[0;m
[1;33m[Open3D WARNING]     0x5fb9aba0 @ 275424 bytes[0;m
[1;33m[Open3D WARNING]     0x653df0c0 @ 35472 bytes[0;m
[1;33m[Open3D WARNING]     0xbe4cda00 @ 8640 bytes[0;m
[1;33m[Open3D WARNING]     0x63df10e0 @ 39936 bytes[0;m
[1;33m[Open3D WARNING]     0xbf7b99a0 @ 35472 bytes[0;m
[1;33m[Open3D WARNING]     0x6d53e560 @ 98520 bytes[0;m
[1;33m[Open3D WARNING]     0x6a2f77c0 @ 60420 bytes[0;m
[1;33m[Open3D WARNING]     0x66a83110 @ 65904 bytes[0;m
[1;33m[Open3D WARNING]     0x6326fac0 @ 60420 bytes[0;m
[1;33m[Open3D WARNING]     0x69c358d0 @ 84960 bytes[0;m
[1;33m[Open3D WARNING]     0x68c09a20 @ 8136 bytes[0;m
[1;33m[Open3D WARNING]     0x6a257b80 @ 49200 bytes[0;m
[1;33m[Open3D WARNING]     0xca63fa00 @ 275424 bytes[0;m
[1;33m[Open3D WARNING]     0x674fc1a0 @ 105456 bytes[0;m
[1;33m[Open3D WARNING]     0x6cf2e800 @ 35472 bytes[0;m
[1;33m[Open3D WARNING]     0x645cba40 @ 86904 bytes[0;m
[1;33m[Open3D WARNING]     0xccae76c0 @ 102120 bytes[0;m
[1;33m[Open3D WARNING]     0x6641fd60 @ 308592 bytes[0;m
[1;33m[Open3D WARNING]     0xc9d62560 @ 35472 bytes[0;m
[1;33m[Open3D WARNING]     0x63ef2c80 @ 35472 bytes[0;m
[1;33m[Open3D WARNING]     0x6664b460 @ 49200 bytes[0;m
[1;33m[Open3D WARNING]     0xbef12420 @ 65904 bytes[0;m
[1;33m[Open3D WARNING]     0x6a755300 @ 60420 bytes[0;m
[1;33m[Open3D WARNING]     0x63d7ce50 @ 49200 bytes[0;m
[1;33m[Open3D WARNING]     0x69e4cbc0 @ 65904 bytes[0;m
[1;33m[Open3D WARNING]     0xc108dd90 @ 6480 bytes[0;m
[1;33m[Open3D WARNING]     0x697090c0 @ 49200 bytes[0;m
[1;33m[Open3D WARNING]     0xbd1bc0a0 @ 49200 bytes[0;m
[1;33m[Open3D WARNING]     0x6a52f360 @ 65904 bytes[0;m
[1;33m[Open3D WARNING]     0x66157b50 @ 54528 bytes[0;m
[1;33m[Open3D WARNING]     0x71cc0f40 @ 8640 bytes[0;m
[1;33m[Open3D WARNING]     0x68a3f510 @ 105456 bytes[0;m
[1;33m[Open3D WARNING]     0x63dd2600 @ 47136 bytes[0;m
[1;33m[Open3D WARNING]     0x66319f40 @ 65904 bytes[0;m
[1;33m[Open3D WARNING]     0x72e0c010 @ 275424 bytes[0;m
[1;33m[Open3D WARNING]     0x693898e0 @ 35472 bytes[0;m
[1;33m[Open3D WARNING]     0x60558600 @ 105456 bytes[0;m
[1;33m[Open3D WARNING]     0x6d908f60 @ 39936 bytes[0;m
[1;33m[Open3D WARNING]     0x6ad2d680 @ 6480 bytes[0;m
[1;33m[Open3D WARNING]     0x66045fd0 @ 6480 bytes[0;m
[1;33m[Open3D WARNING]     0x72b6dc00 @ 105456 bytes[0;m
[1;33m[Open3D WARNING]     0xc2ad8610 @ 275424 bytes[0;m
[1;33m[Open3D WARNING]     0x68bb5060 @ 105456 bytes[0;m
[1;33m[Open3D WARNING]     0xc3f27540 @ 60420 bytes[0;m
[1;33m[Open3D WARNING]     0x67525310 @ 275424 bytes[0;m
[1;33m[Open3D WARNING]     0x63a32750 @ 6480 bytes[0;m
[1;33m[Open3D WARNING]     0x66bb4880 @ 35472 bytes[0;m
[1;33m[Open3D WARNING]     0x66a62500 @ 60420 bytes[0;m
[1;33m[Open3D WARNING]     0x66799b50 @ 105456 bytes[0;m
[1;33m[Open3D WARNING]     0x66a4a2b0 @ 6480 bytes[0;m
[1;33m[Open3D WARNING]     0xbbd4e4a0 @ 275424 bytes[0;m
[1;33m[Open3D WARNING]     0xc9a298c0 @ 118824 bytes[0;m
[1;33m[Open3D WARNING]     0x666d9390 @ 275424 bytes[0;m
[1;33m[Open3D WARNING]     0x67971420 @ 49200 bytes[0;m
[1;33m[Open3D WARNING]     0x64e049a0 @ 54528 bytes[0;m
[1;33m[Open3D WARNING]     0xbb2ebae0 @ 275424 bytes[0;m
[1;33m[Open3D WARNING]     0x67811a80 @ 49200 bytes[0;m
[1;33m[Open3D WARNING]     0x69b27760 @ 102120 bytes[0;m
[1;33m[Open3D WARNING]     0x67747240 @ 275424 bytes[0;m
[1;33m[Open3D WARNING]     0x72252f20 @ 86904 bytes[0;m
[1;33m[Open3D WARNING]     0x6aa92e00 @ 275424 bytes[0;m
[1;33m[Open3D WARNING]     0x68c662d0 @ 86904 bytes[0;m
[1;33m[Open3D WARNING]     0x63a66250 @ 60420 bytes[0;m
[1;33m[Open3D WARNING]     0xc5063ee0 @ 35472 bytes[0;m
[1;33m[Open3D WARNING]     0x6fa59c10 @ 65904 bytes[0;m
[1;33m[Open3D WARNING]     0xbf697380 @ 49200 bytes[0;m
[1;33m[Open3D WARNING]     0xc2b53740 @ 275424 bytes[0;m
[1;33m[Open3D WARNING]     0x6aa00ba0 @ 8640 bytes[0;m
[1;33m[Open3D WARNING]     0xc8dc9600 @ 308592 bytes[0;m
[1;33m[Open3D WARNING]     0x67475fc0 @ 8136 bytes[0;m
[1;33m[Open3D WARNING]     0x69734840 @ 86904 bytes[0;m
[1;33m[Open3D WARNING]     0x6742ffa0 @ 10728 bytes[0;m
[1;33m[Open3D WARNING]     0x66cda780 @ 98520 bytes[0;m
[1;33m[Open3D WARNING]     0x6e68c9d0 @ 35472 bytes[0;m
[1;33m[Open3D WARNING]     0xbc70de10 @ 118824 bytes[0;m
[1;33m[Open3D WARNING]     0x6e62e650 @ 42048 bytes[0;m
[1;33m[Open3D WARNING]     0x6e638aa0 @ 54528 bytes[0;m
[1;33m[Open3D WARNING]     0x6f2fad90 @ 275424 bytes[0;m
[1;33m[Open3D WARNING]     0x6f17f7c0 @ 275424 bytes[0;m
[1;33m[Open3D WARNING]     0x6fe47a80 @ 105456 bytes[0;m
[1;33m[Open3D WARNING]     0x6f716400 @ 60420 bytes[0;m
[1;33m[Open3D WARNING]     0x6ed2e640 @ 86904 bytes[0;m
[1;33m[Open3D WARNING]     0xbf718230 @ 84960 bytes[0;m
[1;33m[Open3D WARNING]     0x6f5d95f0 @ 105456 bytes[0;m
[1;33m[Open3D WARNING]     0x6e650ad0 @ 6480 bytes[0;m
[1;33m[Open3D WARNING]     0xbce1e1b0 @ 86904 bytes[0;m
[1;33m[Open3D WARNING]     0x6ee0fb50 @ 6480 bytes[0;m
[1;33m[Open3D WARNING]     0x6f652890 @ 8640 bytes[0;m
[1;33m[Open3D WARNING]     0x702fd350 @ 8640 bytes[0;m
[1;33m[Open3D WARNING]     0x6f7274d0 @ 275424 bytes[0;m
[1;33m[Open3D WARNING]     0x72c003c0 @ 118824 bytes[0;m
[1;33m[Open3D WARNING]     0x6f76a8c0 @ 308592 bytes[0;m
[1;33m[Open3D WARNING]     0x6f8865c0 @ 60420 bytes[0;m
[1;33m[Open3D WARNING]     0x6f9e1200 @ 86904 bytes[0;m
[1;33m[Open3D WARNING]     0x703603b0 @ 6480 bytes[0;m
[1;33m[Open3D WARNING]     0xc8994bf0 @ 60420 bytes[0;m
[1;33m[Open3D WARNING]     0x6ffae350 @ 8640 bytes[0;m
[1;33m[Open3D WARNING]     0x6ba5ff60 @ 60420 bytes[0;m
[1;33m[Open3D WARNING]     0xc45c4a80 @ 86904 bytes[0;m
[1;33m[Open3D WARNING]     0xbb3a60b0 @ 10728 bytes[0;m
[1;33m[Open3D WARNING]     0xbac90420 @ 86904 bytes[0;m
[1;33m[Open3D WARNING]     0x7032c8c0 @ 49200 bytes[0;m
[1;33m[Open3D WARNING]     0x70319b80 @ 49200 bytes[0;m
[1;33m[Open3D WARNING]     0x6b8a4040 @ 65904 bytes[0;m
[1;33m[Open3D WARNING]     0x66801dc0 @ 65904 bytes[0;m
[1;33m[Open3D WARNING]     0x702553b0 @ 275424 bytes[0;m
[1;33m[Open3D WARNING]     0x7038d230 @ 49200 bytes[0;m
[1;33m[Open3D WARNING]     0x725a0200 @ 49200 bytes[0;m
[1;33m[Open3D WARNING]     0x702987a0 @ 308592 bytes[0;m
[1;33m[Open3D WARNING]     0x6fb54f10 @ 60420 bytes[0;m
[1;33m[Open3D WARNING]     0x70435940 @ 86904 bytes[0;m
[1;33m[Open3D WARNING]     0x70482690 @ 49200 bytes[0;m
[1;33m[Open3D WARNING]     0x70695040 @ 8136 bytes[0;m
[1;33m[Open3D WARNING]     0xbbe2b6e0 @ 60420 bytes[0;m
[1;33m[Open3D WARNING]     0x6d784280 @ 275424 bytes[0;m
[1;33m[Open3D WARNING]     0xc83ac750 @ 8136 bytes[0;m
[1;33m[Open3D WARNING]     0x706047e0 @ 118824 bytes[0;m
[1;33m[Open3D WARNING]     0xc4c7a330 @ 86904 bytes[0;m
[1;33m[Open3D WARNING]     0x70801c50 @ 84960 bytes[0;m
[1;33m[Open3D WARNING]     0xbd269670 @ 8136 bytes[0;m
[1;33m[Open3D WARNING]     0xbc9587c0 @ 54528 bytes[0;m
[1;33m[Open3D WARNING]     0xc6c7d990 @ 42048 bytes[0;m
[1;33m[Open3D WARNING]     0xcc2c7f90 @ 6480 bytes[0;m
[1;33m[Open3D WARNING]     0x70399270 @ 35472 bytes[0;m
[1;33m[Open3D WARNING]     0x6614d700 @ 42048 bytes[0;m
[1;33m[Open3D WARNING]     0x7213f5d0 @ 54528 bytes[0;m
[1;33m[Open3D WARNING]     0xc3abc930 @ 84960 bytes[0;m
[1;33m[Open3D WARNING]     0xbdf7e560 @ 275424 bytes[0;m
[1;33m[Open3D WARNING]     0x72150f60 @ 42048 bytes[0;m
[1;33m[Open3D WARNING]     0xbdc2b750 @ 275424 bytes[0;m
[1;33m[Open3D WARNING]     0x71fbf270 @ 275424 bytes[0;m
[1;33m[Open3D WARNING]     0x71e897c0 @ 275424 bytes[0;m
[1;33m[Open3D WARNING]     0x71c206e0 @ 60420 bytes[0;m
[1;33m[Open3D WARNING]     0x723046d0 @ 65904 bytes[0;m
[1;33m[Open3D WARNING]     0x7251d990 @ 275424 bytes[0;m
[1;33m[Open3D WARNING]     0x7233b6c0 @ 86904 bytes[0;m
[1;33m[Open3D WARNING]     0x6315dfd0 @ 42048 bytes[0;m
[1;33m[Open3D WARNING]     0x725b12f0 @ 105456 bytes[0;m
[1;33m[Open3D WARNING]     0x7215f130 @ 6480 bytes[0;m
[1;33m[Open3D WARNING]     0x7258e840 @ 49200 bytes[0;m
[1;33m[Open3D WARNING]     0x69be5300 @ 98520 bytes[0;m
[1;33m[Open3D WARNING]     0x72803c80 @ 275424 bytes[0;m
[1;33m[Open3D WARNING]     0x727658b0 @ 308592 bytes[0;m
[1;33m[Open3D WARNING]     0x72707190 @ 60420 bytes[0;m
[1;33m[Open3D WARNING]     0x73206400 @ 65904 bytes[0;m
[1;33m[Open3D WARNING]     0xc57b9280 @ 102120 bytes[0;m
[1;33m[Open3D WARNING]     0xc838d1e0 @ 39936 bytes[0;m
[1;33m[Open3D WARNING]     0x7287ee00 @ 86904 bytes[0;m
[1;33m[Open3D WARNING]     0x732216f0 @ 6480 bytes[0;m
[1;33m[Open3D WARNING]     0xbf933a80 @ 98520 bytes[0;m
[1;33m[Open3D WARNING]     0x725d6010 @ 6480 bytes[0;m
[1;33m[Open3D WARNING]     0x731d9020 @ 49200 bytes[0;m
[1;33m[Open3D WARNING]     0x730f4780 @ 275424 bytes[0;m
[1;33m[Open3D WARNING]     0x7315f2d0 @ 60420 bytes[0;m
[1;33m[Open3D WARNING]     0x6c19af00 @ 54528 bytes[0;m
[1;33m[Open3D WARNING]     0x73258080 @ 60420 bytes[0;m
[1;33m[Open3D WARNING]     0x72bcd980 @ 86904 bytes[0;m
[1;33m[Open3D WARNING]     0xc4662640 @ 275424 bytes[0;m
[1;33m[Open3D WARNING]     0x72ab2930 @ 86904 bytes[0;m
[1;33m[Open3D WARNING]     0xc930d490 @ 86904 bytes[0;m
[1;33m[Open3D WARNING]     0x7304c890 @ 6480 bytes[0;m
[1;33m[Open3D WARNING]     0x7324dc40 @ 35472 bytes[0;m
[1;33m[Open3D WARNING]     0xbc4aaee0 @ 308592 bytes[0;m
[1;33m[Open3D WARNING]     0x734e2a00 @ 39936 bytes[0;m
[1;33m[Open3D WARNING]     0xc7a2d780 @ 49200 bytes[0;m
[1;33m[Open3D WARNING]     0x6a689be0 @ 65904 bytes[0;m
[1;33m[Open3D WARNING]     0x734ec610 @ 47136 bytes[0;m
[1;33m[Open3D WARNING]     0x6a49cfc0 @ 35472 bytes[0;m
[1;33m[Open3D WARNING]     0x7336e1b0 @ 8136 bytes[0;m
[1;33m[Open3D WARNING]     0x732b1c40 @ 10728 bytes[0;m
[1;33m[Open3D WARNING]     0x73713fc0 @ 84960 bytes[0;m
[1;33m[Open3D WARNING]     0xc61668c0 @ 60420 bytes[0;m
[1;33m[Open3D WARNING]     0x6cbe6ad0 @ 60420 bytes[0;m
[1;33m[Open3D WARNING]     0xc06f2dd0 @ 308592 bytes[0;m
[1;33m[Open3D WARNING]     0x7385f800 @ 49200 bytes[0;m
[1;33m[Open3D WARNING]     0x72d2e7a0 @ 35472 bytes[0;m
[1;33m[Open3D WARNING]     0xbe04ef80 @ 275424 bytes[0;m
[1;33m[Open3D WARNING]     0xbef03810 @ 60420 bytes[0;m
[1;33m[Open3D WARNING]     0xbc602fe0 @ 54528 bytes[0;m
[1;33m[Open3D WARNING]     0xbdf1b8b0 @ 49200 bytes[0;m
[1;33m[Open3D WARNING]     0x704ffb20 @ 98520 bytes[0;m
[1;33m[Open3D WARNING]     0xbd9ef7c0 @ 42048 bytes[0;m
[1;33m[Open3D WARNING]     0xbd76e580 @ 6480 bytes[0;m
[1;33m[Open3D WARNING]     0xbccd6900 @ 86904 bytes[0;m
[1;33m[Open3D WARNING]     0x6094ec10 @ 6480 bytes[0;m
[1;33m[Open3D WARNING]     0xc1d1db80 @ 8136 bytes[0;m
[1;33m[Open3D WARNING]     0xbca6df40 @ 42048 bytes[0;m
[1;33m[Open3D WARNING]     0x66ae8370 @ 35472 bytes[0;m
[1;33m[Open3D WARNING]     0xc84784e0 @ 47136 bytes[0;m
[1;33m[Open3D WARNING]     0xc247c850 @ 60420 bytes[0;m
[1;33m[Open3D WARNING]     0xc1984600 @ 86904 bytes[0;m
[1;33m[Open3D WARNING]     0xc0189f50 @ 6480 bytes[0;m
[1;33m[Open3D WARNING]     0x6f4ec0c0 @ 65904 bytes[0;m
[1;33m[Open3D WARNING]     0xc4f95370 @ 8640 bytes[0;m
[1;33m[Open3D WARNING]     0xbcc38500 @ 275424 bytes[0;m
[1;33m[Open3D WARNING]     0xbcc7b8f0 @ 308592 bytes[0;m
[1;33m[Open3D WARNING]     0xc9b41110 @ 10728 bytes[0;m
[1;33m[Open3D WARNING]     0xbc941360 @ 60420 bytes[0;m
[1;33m[Open3D WARNING]     0xbb8a9b60 @ 86904 bytes[0;m
[1;33m[Open3D WARNING]     0x6c617140 @ 102120 bytes[0;m
[1;33m[Open3D WARNING]     0xbdf01cb0 @ 105456 bytes[0;m
[1;33m[Open3D WARNING]     0x63f98f80 @ 84960 bytes[0;m
[1;33m[Open3D WARNING]     0xbad1a9f0 @ 6480 bytes[0;m
[1;33m[Open3D WARNING]     0xbbb60610 @ 8640 bytes[0;m
[1;33m[Open3D WARNING]     0xc43aa8f0 @ 60420 bytes[0;m
[1;33m[Open3D WARNING]     0xbe040640 @ 49200 bytes[0;m
[1;33m[Open3D WARNING]     0xbd0c1180 @ 60420 bytes[0;m
[1;33m[Open3D WARNING]     0xbe0fcf90 @ 60420 bytes[0;m
[1;33m[Open3D WARNING]     0xbc37e3e0 @ 60420 bytes[0;m
[1;33m[Open3D WARNING]     0xc80ae5a0 @ 60420 bytes[0;m
[1;33m[Open3D WARNING]     0xbcddbaa0 @ 86904 bytes[0;m
[1;33m[Open3D WARNING]     0xbd26d9d0 @ 105456 bytes[0;m
[1;33m[Open3D WARNING]     0xbf79f6b0 @ 8136 bytes[0;m
[1;33m[Open3D WARNING]     0xbde60910 @ 6480 bytes[0;m
[1;33m[Open3D WARNING]     0xcbe34550 @ 54528 bytes[0;m
[1;33m[Open3D WARNING]     0x70201b20 @ 60420 bytes[0;m
[1;33m[Open3D WARNING]     0xbe2c83c0 @ 275424 bytes[0;m
[1;33m[Open3D WARNING]     0xbd034740 @ 275424 bytes[0;m
[1;33m[Open3D WARNING]     0xbe31ed00 @ 60420 bytes[0;m
[1;33m[Open3D WARNING]     0xbe282820 @ 65904 bytes[0;m
[1;33m[Open3D WARNING]     0xc1d29540 @ 98520 bytes[0;m
[1;33m[Open3D WARNING]     0x5fe190a0 @ 39936 bytes[0;m
[1;33m[Open3D WARNING]     0xbe4a05a0 @ 86904 bytes[0;m
[1;33m[Open3D WARNING]     0xbe4b5920 @ 86904 bytes[0;m
[1;33m[Open3D WARNING]     0xbe65cd80 @ 105456 bytes[0;m
[1;33m[Open3D WARNING]     0xc155dda0 @ 60420 bytes[0;m
[1;33m[Open3D WARNING]     0xbe361a50 @ 6480 bytes[0;m
[1;33m[Open3D WARNING]     0x67e8fe40 @ 275424 bytes[0;m
[1;33m[Open3D WARNING]     0xbf72ce20 @ 102120 bytes[0;m
[1;33m[Open3D WARNING]     0xbe7ff840 @ 49200 bytes[0;m
[1;33m[Open3D WARNING]     0xbe6134c0 @ 49200 bytes[0;m
[1;33m[Open3D WARNING]     0x600c7d50 @ 6480 bytes[0;m
[1;33m[Open3D WARNING]     0xbe61f500 @ 35472 bytes[0;m
[1;33m[Open3D WARNING]     0xbe6e2d10 @ 39936 bytes[0;m
[1;33m[Open3D WARNING]     0xbe48ebe0 @ 39936 bytes[0;m
[1;33m[Open3D WARNING]     0xc4b8b7c0 @ 8136 bytes[0;m
[1;33m[Open3D WARNING]     0xbe49c790 @ 8136 bytes[0;m
[1;33m[Open3D WARNING]     0xc77cc7b0 @ 49200 bytes[0;m
[1;33m[Open3D WARNING]     0xbb2e22c0 @ 10728 bytes[0;m
[1;33m[Open3D WARNING]     0xbbff2800 @ 8136 bytes[0;m
[1;33m[Open3D WARNING]     0xc268e620 @ 39936 bytes[0;m
[1;33m[Open3D WARNING]     0xbd607d70 @ 98520 bytes[0;m
[1;33m[Open3D WARNING]     0xc74b54c0 @ 308592 bytes[0;m
[1;33m[Open3D WARNING]     0xc1bbe910 @ 35472 bytes[0;m
[1;33m[Open3D WARNING]     0xbe574cd0 @ 84960 bytes[0;m
[1;33m[Open3D WARNING]     0xbe5898c0 @ 84960 bytes[0;m
[1;33m[Open3D WARNING]     0x6b226400 @ 54528 bytes[0;m
[1;33m[Open3D WARNING]     0xc7220100 @ 86904 bytes[0;m
[1;33m[Open3D WARNING]     0xbd698420 @ 102120 bytes[0;m
[1;33m[Open3D WARNING]     0x673e5080 @ 102120 bytes[0;m
[1;33m[Open3D WARNING]     0x707a3840 @ 102120 bytes[0;m
[1;33m[Open3D WARNING]     0xbd770560 @ 49200 bytes[0;m
[1;33m[Open3D WARNING]     0xbbd01b40 @ 60420 bytes[0;m
[1;33m[Open3D WARNING]     0xc72de0b0 @ 8640 bytes[0;m
[1;33m[Open3D WARNING]     0xbe85b0d0 @ 35472 bytes[0;m
[1;33m[Open3D WARNING]     0xccd2ff00 @ 35472 bytes[0;m
[1;33m[Open3D WARNING]     0xc4a6b2c0 @ 308592 bytes[0;m
[1;33m[Open3D WARNING]     0xbda1c060 @ 42048 bytes[0;m
[1;33m[Open3D WARNING]     0xca683c40 @ 275424 bytes[0;m
[1;33m[Open3D WARNING]     0x68caa050 @ 102120 bytes[0;m
[1;33m[Open3D WARNING]     0xbeb10b80 @ 6480 bytes[0;m
[1;33m[Open3D WARNING]     0xbe1d4cf0 @ 6480 bytes[0;m
[1;33m[Open3D WARNING]     0xbd985fc0 @ 275424 bytes[0;m
[1;33m[Open3D WARNING]     0xbd90ae80 @ 275424 bytes[0;m
[1;33m[Open3D WARNING]     0xbd6dadc0 @ 308592 bytes[0;m
[1;33m[Open3D WARNING]     0xbd75f970 @ 60420 bytes[0;m
[1;33m[Open3D WARNING]     0xc3660270 @ 60420 bytes[0;m
[1;33m[Open3D WARNING]     0xbe94d7c0 @ 65904 bytes[0;m
[1;33m[Open3D WARNING]     0xc73a3d70 @ 275424 bytes[0;m
[1;33m[Open3D WARNING]     0xc894cd70 @ 35472 bytes[0;m
[1;33m[Open3D WARNING]     0xc4619b50 @ 8640 bytes[0;m
[1;33m[Open3D WARNING]     0xbea35be0 @ 86904 bytes[0;m
[1;33m[Open3D WARNING]     0xbdc00c30 @ 8640 bytes[0;m
[1;33m[Open3D WARNING]     0xbe941100 @ 49200 bytes[0;m
[1;33m[Open3D WARNING]     0x6b716910 @ 275424 bytes[0;m
[1;33m[Open3D WARNING]     0xbd7fd3e0 @ 35472 bytes[0;m
[1;33m[Open3D WARNING]     0xbea554c0 @ 308592 bytes[0;m
[1;33m[Open3D WARNING]     0xbef41340 @ 86904 bytes[0;m
[1;33m[Open3D WARNING]     0xbf5679b0 @ 60420 bytes[0;m
[1;33m[Open3D WARNING]     0xbf51a1c0 @ 86904 bytes[0;m
[1;33m[Open3D WARNING]     0xbf25db40 @ 86904 bytes[0;m
[1;33m[Open3D WARNING]     0xc37d3490 @ 35472 bytes[0;m
[1;33m[Open3D WARNING]     0x65b391d0 @ 42048 bytes[0;m
[1;33m[Open3D WARNING]     0xbf272ec0 @ 105456 bytes[0;m
[1;33m[Open3D WARNING]     0x6a42bf70 @ 308592 bytes[0;m
[1;33m[Open3D WARNING]     0xbebce9d0 @ 8640 bytes[0;m
[1;33m[Open3D WARNING]     0x6725fe70 @ 49200 bytes[0;m
[1;33m[Open3D WARNING]     0x604eee80 @ 60420 bytes[0;m
[1;33m[Open3D WARNING]     0xc4bb43c0 @ 275424 bytes[0;m
[1;33m[Open3D WARNING]     0xbedee0f0 @ 49200 bytes[0;m
[1;33m[Open3D WARNING]     0x66a58dc0 @ 6480 bytes[0;m
[1;33m[Open3D WARNING]     0xbd324640 @ 35472 bytes[0;m
[1;33m[Open3D WARNING]     0xc8eceae0 @ 275424 bytes[0;m
[1;33m[Open3D WARNING]     0x6f089880 @ 42048 bytes[0;m
[1;33m[Open3D WARNING]     0x6ecf0d40 @ 60420 bytes[0;m
[1;33m[Open3D WARNING]     0xbedfa130 @ 49200 bytes[0;m
[1;33m[Open3D WARNING]     0xbf50a460 @ 35472 bytes[0;m
[1;33m[Open3D WARNING]     0xbf33ea20 @ 275424 bytes[0;m
[1;33m[Open3D WARNING]     0xbecf0340 @ 275424 bytes[0;m
[1;33m[Open3D WARNING]     0x63dbe4d0 @ 39936 bytes[0;m
[1;33m[Open3D WARNING]     0xbf3f8920 @ 6480 bytes[0;m
[1;33m[Open3D WARNING]     0xc7324910 @ 35472 bytes[0;m
[1;33m[Open3D WARNING]     0x70697010 @ 10728 bytes[0;m
[1;33m[Open3D WARNING]     0xbf3e1970 @ 49200 bytes[0;m
[1;33m[Open3D WARNING]     0x60510980 @ 47136 bytes[0;m
[1;33m[Open3D WARNING]     0xbf0ceed0 @ 49200 bytes[0;m
[1;33m[Open3D WARNING]     0xc29583e0 @ 49200 bytes[0;m
[1;33m[Open3D WARNING]     0xc70ce690 @ 275424 bytes[0;m
[1;33m[Open3D WARNING]     0xbf7c2680 @ 39936 bytes[0;m
[1;33m[Open3D WARNING]     0xbf7dc2f0 @ 47136 bytes[0;m
[1;33m[Open3D WARNING]     0xc19d5fd0 @ 275424 bytes[0;m
[1;33m[Open3D WARNING]     0xbf7d0230 @ 8136 bytes[0;m
[1;33m[Open3D WARNING]     0xbf1c0140 @ 98520 bytes[0;m
[1;33m[Open3D WARNING]     0xc1999980 @ 105456 bytes[0;m
[1;33m[Open3D WARNING]     0xbf81dd90 @ 118824 bytes[0;m
[1;33m[Open3D WARNING]     0xbfa06ac0 @ 84960 bytes[0;m
[1;33m[Open3D WARNING]     0xbf1aea20 @ 49200 bytes[0;m
[1;33m[Open3D WARNING]     0xbf8f0c50 @ 35472 bytes[0;m
[1;33m[Open3D WARNING]     0xba7d81a0 @ 42048 bytes[0;m
[1;33m[Open3D WARNING]     0xbd2adde0 @ 42048 bytes[0;m
[1;33m[Open3D WARNING]     0xbc20b7b0 @ 35472 bytes[0;m
[1;33m[Open3D WARNING]     0xbb28a740 @ 275424 bytes[0;m
[1;33m[Open3D WARNING]     0xbbf007c0 @ 275424 bytes[0;m
[1;33m[Open3D WARNING]     0xbbe97460 @ 308592 bytes[0;m
[1;33m[Open3D WARNING]     0xc2299940 @ 86904 bytes[0;m
[1;33m[Open3D WARNING]     0xbaca9880 @ 65904 bytes[0;m
[1;33m[Open3D WARNING]     0x66c076c0 @ 118824 bytes[0;m
[1;33m[Open3D WARNING]     0xbc7d7370 @ 86904 bytes[0;m
[1;33m[Open3D WARNING]     0xcb0bbcd0 @ 35472 bytes[0;m
[1;33m[Open3D WARNING]     0xbbee7b90 @ 86904 bytes[0;m
[1;33m[Open3D WARNING]     0xc6503a90 @ 65904 bytes[0;m
[1;33m[Open3D WARNING]     0xba78d050 @ 6480 bytes[0;m
[1;33m[Open3D WARNING]     0xcc53a9d0 @ 6480 bytes[0;m
[1;33m[Open3D WARNING]     0xb9c44280 @ 8640 bytes[0;m
[1;33m[Open3D WARNING]     0xbcd3eda0 @ 49200 bytes[0;m
[1;33m[Open3D WARNING]     0x6b422260 @ 49200 bytes[0;m
[1;33m[Open3D WARNING]     0xbb331020 @ 275424 bytes[0;m
[1;33m[Open3D WARNING]     0xbca28580 @ 65904 bytes[0;m
[1;33m[Open3D WARNING]     0x686d4150 @ 49200 bytes[0;m
[1;33m[Open3D WARNING]     0xc13c4ae0 @ 54528 bytes[0;m
[1;33m[Open3D WARNING]     0xbd0242c0 @ 49200 bytes[0;m
[1;33m[Open3D WARNING]     0x6fd5b2b0 @ 49200 bytes[0;m
[1;33m[Open3D WARNING]     0xbbc09710 @ 105456 bytes[0;m
[1;33m[Open3D WARNING]     0x5f977330 @ 60420 bytes[0;m
[1;33m[Open3D WARNING]     0xb91bc030 @ 6480 bytes[0;m
[1;33m[Open3D WARNING]     0xba7976a0 @ 6480 bytes[0;m
[1;33m[Open3D WARNING]     0xc4b7f780 @ 49200 bytes[0;m
[1;33m[Open3D WARNING]     0x69c5c1a0 @ 84960 bytes[0;m
[1;33m[Open3D WARNING]     0xbc1c1a80 @ 8640 bytes[0;m
[1;33m[Open3D WARNING]     0xc57d21c0 @ 35472 bytes[0;m
[1;33m[Open3D WARNING]     0x63168420 @ 6480 bytes[0;m
[1;33m[Open3D WARNING]     0xbb1f9a30 @ 49200 bytes[0;m
[1;33m[Open3D WARNING]     0xbb4654d0 @ 35472 bytes[0;m
[1;33m[Open3D WARNING]     0xbc2ff580 @ 275424 bytes[0;m
[1;33m[Open3D WARNING]     0xca1dcd70 @ 65904 bytes[0;m
[1;33m[Open3D WARNING]     0xbc297970 @ 308592 bytes[0;m
[1;33m[Open3D WARNING]     0xc3ea92c0 @ 275424 bytes[0;m
[1;33m[Open3D WARNING]     0xbf6c4510 @ 60420 bytes[0;m
[1;33m[Open3D WARNING]     0xbb817630 @ 86904 bytes[0;m
[1;33m[Open3D WARNING]     0x64a79aa0 @ 86904 bytes[0;m
[1;33m[Open3D WARNING]     0xc555d490 @ 98520 bytes[0;m
[1;33m[Open3D WARNING]     0xbd350380 @ 86904 bytes[0;m
[1;33m[Open3D WARNING]     0xc8957e90 @ 6480 bytes[0;m
[1;33m[Open3D WARNING]     0xbd3a5fd0 @ 6480 bytes[0;m
[1;33m[Open3D WARNING]     0xbe4d5200 @ 118824 bytes[0;m
[1;33m[Open3D WARNING]     0xbcd21b10 @ 6480 bytes[0;m
[1;33m[Open3D WARNING]     0xcc4520c0 @ 275424 bytes[0;m
[1;33m[Open3D WARNING]     0xc34bf940 @ 86904 bytes[0;m
[1;33m[Open3D WARNING]     0xc201abe0 @ 39936 bytes[0;m
[1;33m[Open3D WARNING]     0xc4ec9780 @ 49200 bytes[0;m
[1;33m[Open3D WARNING]     0xbc3910d0 @ 8640 bytes[0;m
[1;33m[Open3D WARNING]     0xbf1a1340 @ 49200 bytes[0;m
[1;33m[Open3D WARNING]     0x67c265e0 @ 49200 bytes[0;m
[1;33m[Open3D WARNING]     0xbd9f9c10 @ 54528 bytes[0;m
[1;33m[Open3D WARNING]     0xbc514780 @ 39936 bytes[0;m
[1;33m[Open3D WARNING]     0xbef7a610 @ 105456 bytes[0;m
[1;33m[Open3D WARNING]     0xc1738260 @ 35472 bytes[0;m
[1;33m[Open3D WARNING]     0xca88c7d0 @ 8136 bytes[0;m
[1;33m[Open3D WARNING]     0x63c5fd90 @ 6480 bytes[0;m
[1;33m[Open3D WARNING]     0xba7a6aa0 @ 39936 bytes[0;m
[1;33m[Open3D WARNING]     0x6d51b0b0 @ 35472 bytes[0;m
[1;33m[Open3D WARNING]     0xbc587aa0 @ 47136 bytes[0;m
[1;33m[Open3D WARNING]     0xbd3dba40 @ 84960 bytes[0;m
[1;33m[Open3D WARNING]     0xc46dc200 @ 308592 bytes[0;m
[1;33m[Open3D WARNING]     0xbd4c7180 @ 84960 bytes[0;m
[1;33m[Open3D WARNING]     0x6857f420 @ 308592 bytes[0;m
[1;33m[Open3D WARNING]     0xbd49cf80 @ 49200 bytes[0;m
[1;33m[Open3D WARNING]     0xc9834f00 @ 8136 bytes[0;m
[1;33m[Open3D WARNING]     0xc1a193c0 @ 275424 bytes[0;m
[1;33m[Open3D WARNING]     0x704e54c0 @ 98520 bytes[0;m
[1;33m[Open3D WARNING]     0xc13e2a40 @ 42048 bytes[0;m
[1;33m[Open3D WARNING]     0xc2344750 @ 275424 bytes[0;m
[1;33m[Open3D WARNING]     0x6c648f80 @ 42048 bytes[0;m
[1;33m[Open3D WARNING]     0xc7ea2740 @ 60420 bytes[0;m
[1;33m[Open3D WARNING]     0x6d37cf90 @ 118824 bytes[0;m
[1;33m[Open3D WARNING]     0xc81fa5d0 @ 60420 bytes[0;m
[1;33m[Open3D WARNING]     0xbb82c9b0 @ 49200 bytes[0;m
[1;33m[Open3D WARNING]     0x66e6d980 @ 84960 bytes[0;m
[1;33m[Open3D WARNING]     0xc82cfdf0 @ 102120 bytes[0;m
[1;33m[Open3D WARNING]     0x64771170 @ 6480 bytes[0;m
[1;33m[Open3D WARNING]     0x6a1b2650 @ 6480 bytes[0;m
[1;33m[Open3D WARNING]     0xc7df07f0 @ 35472 bytes[0;m
[1;33m[Open3D WARNING]     0x65380550 @ 98520 bytes[0;m
[1;33m[Open3D WARNING]     0xcb876290 @ 8640 bytes[0;m
[1;33m[Open3D WARNING]     0xc8f6cf00 @ 65904 bytes[0;m
[1;33m[Open3D WARNING]     0xc0f08c00 @ 84960 bytes[0;m
[1;33m[Open3D WARNING]     0xbeb80340 @ 49200 bytes[0;m
[1;33m[Open3D WARNING]     0x6a174b00 @ 49200 bytes[0;m
[1;33m[Open3D WARNING]     0xc13ece90 @ 42048 bytes[0;m
[1;33m[Open3D WARNING]     0xc12a4d30 @ 275424 bytes[0;m
[1;33m[Open3D WARNING]     0xc156c9b0 @ 60420 bytes[0;m
[1;33m[Open3D WARNING]     0xc157b5c0 @ 65904 bytes[0;m
[1;33m[Open3D WARNING]     0xc9b071b0 @ 98520 bytes[0;m
[1;33m[Open3D WARNING]     0x6603bb80 @ 42048 bytes[0;m
[1;33m[Open3D WARNING]     0xc1793680 @ 86904 bytes[0;m
[1;33m[Open3D WARNING]     0xbd0a6ba0 @ 65904 bytes[0;m
[1;33m[Open3D WARNING]     0xc8c19c60 @ 275424 bytes[0;m
[1;33m[Open3D WARNING]     0xc6cdae90 @ 6480 bytes[0;m
[1;33m[Open3D WARNING]     0xc1782a00 @ 49200 bytes[0;m
[1;33m[Open3D WARNING]     0xc1740f60 @ 49200 bytes[0;m
[1;33m[Open3D WARNING]     0xc101d550 @ 86904 bytes[0;m
[1;33m[Open3D WARNING]     0xc13a39f0 @ 35472 bytes[0;m
[1;33m[Open3D WARNING]     0xc22aecc0 @ 8640 bytes[0;m
[1;33m[Open3D WARNING]     0xc16a1750 @ 308592 bytes[0;m
[1;33m[Open3D WARNING]     0xc1a5c7b0 @ 60420 bytes[0;m
[1;33m[Open3D WARNING]     0xc2508da0 @ 49200 bytes[0;m
[1;33m[Open3D WARNING]     0xc22845c0 @ 86904 bytes[0;m
[1;33m[Open3D WARNING]     0x63a776f0 @ 275424 bytes[0;m
[1;33m[Open3D WARNING]     0xbeb15680 @ 275424 bytes[0;m
[1;33m[Open3D WARNING]     0xc4243400 @ 54528 bytes[0;m
[1;33m[Open3D WARNING]     0xc42f4dd0 @ 275424 bytes[0;m
[1;33m[Open3D WARNING]     0xc23429c0 @ 6480 bytes[0;m
[1;33m[Open3D WARNING]     0xc218e0a0 @ 49200 bytes[0;m
[1;33m[Open3D WARNING]     0xc1c876d0 @ 65904 bytes[0;m
[1;33m[Open3D WARNING]     0xc7e2f940 @ 8136 bytes[0;m
[1;33m[Open3D WARNING]     0xc1c9b5e0 @ 275424 bytes[0;m
[1;33m[Open3D WARNING]     0xc9148f90 @ 6480 bytes[0;m
[1;33m[Open3D WARNING]     0xc1b08410 @ 308592 bytes[0;m
[1;33m[Open3D WARNING]     0x63f72b60 @ 60420 bytes[0;m
[1;33m[Open3D WARNING]     0xc20a7620 @ 60420 bytes[0;m
[1;33m[Open3D WARNING]     0xc1f576c0 @ 60420 bytes[0;m
[1;33m[Open3D WARNING]     0xc253e060 @ 86904 bytes[0;m
[1;33m[Open3D WARNING]     0xc89b0f60 @ 86904 bytes[0;m
[1;33m[Open3D WARNING]     0xc25533e0 @ 105456 bytes[0;m
[1;33m[Open3D WARNING]     0x650f1150 @ 60420 bytes[0;m
[1;33m[Open3D WARNING]     0xc25c6890 @ 6480 bytes[0;m
[1;33m[Open3D WARNING]     0xc205a010 @ 47136 bytes[0;m
[1;33m[Open3D WARNING]     0xc27245d0 @ 8136 bytes[0;m
[1;33m[Open3D WARNING]     0xc279da40 @ 10728 bytes[0;m
[1;33m[Open3D WARNING]     0xc2968800 @ 84960 bytes[0;m
[1;33m[Open3D WARNING]     0xc27282c0 @ 102120 bytes[0;m
[1;33m[Open3D WARNING]     0xbb5a7fc0 @ 49200 bytes[0;m
[1;33m[Open3D WARNING]     0x6c2b60a0 @ 6480 bytes[0;m
[1;33m[Open3D WARNING]     0xc4f49480 @ 49200 bytes[0;m
[1;33m[Open3D WARNING]     0x6d9b7880 @ 84960 bytes[0;m
[1;33m[Open3D WARNING]     0x687cad50 @ 6480 bytes[0;m
[1;33m[Open3D WARNING]     0xc2c5b4f0 @ 8136 bytes[0;m
[1;33m[Open3D WARNING]     0x66169ca0 @ 275424 bytes[0;m
[1;33m[Open3D WARNING]     0x6675ebc0 @ 49200 bytes[0;m
[1;33m[Open3D WARNING]     0xc89ec950 @ 86904 bytes[0;m
[1;33m[Open3D WARNING]     0x72899460 @ 86904 bytes[0;m
[1;33m[Open3D WARNING]     0xc9c7bc10 @ 102120 bytes[0;m
[1;33m[Open3D WARNING]     0xbb4c11f0 @ 105456 bytes[0;m
[1;33m[Open3D WARNING]     0xc42a2dc0 @ 275424 bytes[0;m
[1;33m[Open3D WARNING]     0x6fa9dc70 @ 86904 bytes[0;m
[1;33m[Open3D WARNING]     0x63885410 @ 8640 bytes[0;m
[1;33m[Open3D WARNING]     0xc51b9460 @ 35472 bytes[0;m
[1;33m[Open3D WARNING]     0xc244a0a0 @ 8640 bytes[0;m
[1;33m[Open3D WARNING]     0x63c8be50 @ 84960 bytes[0;m
[1;33m[Open3D WARNING]     0xc76f2010 @ 275424 bytes[0;m
[1;33m[Open3D WARNING]     0xc80c24d0 @ 86904 bytes[0;m
[1;33m[Open3D WARNING]     0xc711aec0 @ 42048 bytes[0;m
[1;33m[Open3D WARNING]     0xbe273c10 @ 60420 bytes[0;m
[1;33m[Open3D WARNING]     0xc80d7850 @ 105456 bytes[0;m
[1;33m[Open3D WARNING]     0x67b565c0 @ 86904 bytes[0;m
[1;33m[Open3D WARNING]     0xc81a0dd0 @ 6480 bytes[0;m
[1;33m[Open3D WARNING]     0xc40db000 @ 42048 bytes[0;m
[1;33m[Open3D WARNING]     0xc3d32e90 @ 308592 bytes[0;m
[1;33m[Open3D WARNING]     0xc2bf2f00 @ 35472 bytes[0;m
[1;33m[Open3D WARNING]     0xc4341180 @ 65904 bytes[0;m
[1;33m[Open3D WARNING]     0xbbb0efa0 @ 275424 bytes[0;m
[1;33m[Open3D WARNING]     0xc43700a0 @ 86904 bytes[0;m
[1;33m[Open3D WARNING]     0xc455f160 @ 105456 bytes[0;m
[1;33m[Open3D WARNING]     0x6f94ed80 @ 49200 bytes[0;m
[1;33m[Open3D WARNING]     0xc4912480 @ 49200 bytes[0;m
[1;33m[Open3D WARNING]     0xc4250910 @ 35472 bytes[0;m
[1;33m[Open3D WARNING]     0xc488f2d0 @ 275424 bytes[0;m
[1;33m[Open3D WARNING]     0xc4641b00 @ 60420 bytes[0;m
[1;33m[Open3D WARNING]     0xc5332fc0 @ 65904 bytes[0;m
[1;33m[Open3D WARNING]     0xc49eb0c0 @ 105456 bytes[0;m
[1;33m[Open3D WARNING]     0xc4848e40 @ 6480 bytes[0;m
[1;33m[Open3D WARNING]     0xc50d6950 @ 6480 bytes[0;m
[1;33m[Open3D WARNING]     0xc5097750 @ 49200 bytes[0;m
[1;33m[Open3D WARNING]     0x65d70ac0 @ 118824 bytes[0;m
[1;33m[Open3D WARNING]     0xc52a4740 @ 60420 bytes[0;m
[1;33m[Open3D WARNING]     0xc506cc00 @ 60420 bytes[0;m
[1;33m[Open3D WARNING]     0xc4c40ec0 @ 86904 bytes[0;m
[1;33m[Open3D WARNING]     0xc4e33970 @ 6480 bytes[0;m
[1;33m[Open3D WARNING]     0xc4d0bf30 @ 39936 bytes[0;m
[1;33m[Open3D WARNING]     0xc542f860 @ 39936 bytes[0;m
[1;33m[Open3D WARNING]     0xc4f01ad0 @ 47136 bytes[0;m
[1;33m[Open3D WARNING]     0xc52a29d0 @ 6480 bytes[0;m
[1;33m[Open3D WARNING]     0xc4e41910 @ 98520 bytes[0;m
[1;33m[Open3D WARNING]     0xc5475e00 @ 118824 bytes[0;m
[1;33m[Open3D WARNING]     0xc4d28ce0 @ 84960 bytes[0;m
[1;33m[Open3D WARNING]     0xc5607050 @ 49200 bytes[0;m
[1;33m[Open3D WARNING]     0xc50bdb90 @ 86904 bytes[0;m
[1;33m[Open3D WARNING]     0xbf0153d0 @ 8640 bytes[0;m
[1;33m[Open3D WARNING]     0x72de0010 @ 49200 bytes[0;m
[1;33m[Open3D WARNING]     0xc1261940 @ 275424 bytes[0;m
[1;33m[Open3D WARNING]     0xbc7beae0 @ 42048 bytes[0;m
[1;33m[Open3D WARNING]     0xbf3b6990 @ 6480 bytes[0;m
[1;33m[Open3D WARNING]     0x71eccbb0 @ 308592 bytes[0;m
[1;33m[Open3D WARNING]     0x5faa4890 @ 105456 bytes[0;m
[1;33m[Open3D WARNING]     0x6a3c9340 @ 86904 bytes[0;m
[1;33m[Open3D WARNING]     0x6a57cb80 @ 86904 bytes[0;m
[1;33m[Open3D WARNING]     0xcbfdf0c0 @ 308592 bytes[0;m
[1;33m[Open3D WARNING]     0xcc12a800 @ 275424 bytes[0;m
[1;33m[Open3D WARNING]     0xc56ff580 @ 84960 bytes[0;m
[1;33m[Open3D WARNING]     0xc6d955c0 @ 308592 bytes[0;m
[1;33m[Open3D WARNING]     0x665bbf00 @ 35472 bytes[0;m
[1;33m[Open3D WARNING]     0x6476a690 @ 8640 bytes[0;m
[1;33m[Open3D WARNING]     0xc7c7de10 @ 275424 bytes[0;m
[1;33m[Open3D WARNING]     0xc7125310 @ 54528 bytes[0;m
[1;33m[Open3D WARNING]     0xcc194000 @ 275424 bytes[0;m
[1;33m[Open3D WARNING]     0xc6dfedc0 @ 275424 bytes[0;m
[1;33m[Open3D WARNING]     0xbe5a81c0 @ 98520 bytes[0;m
[1;33m[Open3D WARNING]     0xc708daa0 @ 60420 bytes[0;m
[1;33m[Open3D WARNING]     0x6c198fd0 @ 6480 bytes[0;m
[1;33m[Open3D WARNING]     0xc734b2c0 @ 60420 bytes[0;m
[1;33m[Open3D WARNING]     0xc72fdaa0 @ 65904 bytes[0;m
[1;33m[Open3D WARNING]     0x72a73f30 @ 8640 bytes[0;m
[1;33m[Open3D WARNING]     0xc88daa60 @ 275424 bytes[0;m
[1;33m[Open3D WARNING]     0xc7469360 @ 86904 bytes[0;m
[1;33m[Open3D WARNING]     0xc6fe9290 @ 6480 bytes[0;m
[1;33m[Open3D WARNING]     0xc7eb1350 @ 65904 bytes[0;m
[1;33m[Open3D WARNING]     0xcaab1b70 @ 65904 bytes[0;m
[1;33m[Open3D WARNING]     0xc7f80120 @ 86904 bytes[0;m
[1;33m[Open3D WARNING]     0xc8525f50 @ 49200 bytes[0;m
[1;33m[Open3D WARNING]     0xc77e0900 @ 6480 bytes[0;m
[1;33m[Open3D WARNING]     0xc779f4d0 @ 6480 bytes[0;m
[1;33m[Open3D WARNING]     0xc72adda0 @ 35472 bytes[0;m
[1;33m[Open3D WARNING]     0xc4238fb0 @ 42048 bytes[0;m
[1;33m[Open3D WARNING]     0xc79929a0 @ 275424 bytes[0;m
[1;33m[Open3D WARNING]     0xc7b462d0 @ 60420 bytes[0;m
[1;33m[Open3D WARNING]     0xc820a480 @ 65904 bytes[0;m
[1;33m[Open3D WARNING]     0xc7c37600 @ 86904 bytes[0;m
[1;33m[Open3D WARNING]     0xc80bd1b0 @ 6480 bytes[0;m
[1;33m[Open3D WARNING]     0xc82697c0 @ 49200 bytes[0;m
[1;33m[Open3D WARNING]     0xc03df5a0 @ 118824 bytes[0;m
[1;33m[Open3D WARNING]     0x70588a20 @ 84960 bytes[0;m
[1;33m[Open3D WARNING]     0xc839eba0 @ 39936 bytes[0;m
[1;33m[Open3D WARNING]     0xc84a6d90 @ 98520 bytes[0;m
[1;33m[Open3D WARNING]     0xc8574cc0 @ 98520 bytes[0;m
[1;33m[Open3D WARNING]     0xc7dd37c0 @ 118824 bytes[0;m
[1;33m[Open3D WARNING]     0x728b3a40 @ 105456 bytes[0;m
[1;33m[Open3D WARNING]     0xbcc035d0 @ 102120 bytes[0;m
[1;33m[Open3D WARNING]     0xc85c5ae0 @ 84960 bytes[0;m
[1;33m[Open3D WARNING]     0xc82bb200 @ 84960 bytes[0;m
[1;33m[Open3D WARNING]     0xcb2d9980 @ 49200 bytes[0;m
[1;33m[Open3D WARNING]     0xbc633540 @ 8136 bytes[0;m
[1;33m[Open3D WARNING]     0xc4a27ed0 @ 275424 bytes[0;m
[1;33m[Open3D WARNING]     0xc833b7c0 @ 42048 bytes[0;m
[1;33m[Open3D WARNING]     0xc84c99c0 @ 42048 bytes[0;m
[1;33m[Open3D WARNING]     0xc8cadd80 @ 60420 bytes[0;m
[1;33m[Open3D WARNING]     0xc8d8bc50 @ 6480 bytes[0;m
[1;33m[Open3D WARNING]     0xc8db3750 @ 8640 bytes[0;m
[1;33m[Open3D WARNING]     0xc8b28100 @ 49200 bytes[0;m
[1;33m[Open3D WARNING]     0x667b3750 @ 35472 bytes[0;m
[1;33m[Open3D WARNING]     0xc9949d80 @ 60420 bytes[0;m
[1;33m[Open3D WARNING]     0xc9666ee0 @ 60420 bytes[0;m
[1;33m[Open3D WARNING]     0xc9616a30 @ 86904 bytes[0;m
[1;33m[Open3D WARNING]     0xc406a0c0 @ 60420 bytes[0;m
[Open3D INFO] ---------------------------------------------
