CCAI_PATH /home/abhinav/Documents/ccai
joint command publisher initialized.
ros listner initialized.
obj_trans pre [0.03324471 0.28664497 0.10388762]
obj_trans post z offset [ 0.03324471  0.28664497 -0.00657718]
obj_trans post hand offset [-2.57355812e-07  9.49999402e-02 -1.25000310e-01]
hand to mocap world position [0.03324497 0.19164503 0.11842313]
obj_trans pre [-2.57355812e-07  9.49999402e-02 -1.25000310e-01]
obj_trans post z offset [-2.57355812e-07  9.49999402e-02 -2.35465110e-01]
obj_trans post hand offset [-1.97751167e-07  9.49999402e-02 -1.25000298e-01]
hand to mocap world position [-5.9604645e-08  0.0000000e+00 -1.1046481e-01]
obj_trans pre [-1.97751167e-07  9.49999402e-02 -1.25000298e-01]
obj_trans post z offset [-1.97751167e-07  9.49999402e-02 -2.35465098e-01]
obj_trans post hand offset [-2.57355812e-07  9.49999402e-02 -1.25000287e-01]
hand to mocap world position [ 5.9604645e-08  0.0000000e+00 -1.1046481e-01]
obj_trans pre [-2.57355812e-07  9.49999402e-02 -1.25000287e-01]
obj_trans post z offset [-2.57355812e-07  9.49999402e-02 -2.35465087e-01]
obj_trans post hand offset [-1.97751167e-07  9.49999402e-02 -1.25000276e-01]
hand to mocap world position [-5.9604645e-08  0.0000000e+00 -1.1046481e-01]
obj_trans pre [-1.97751167e-07  9.49999402e-02 -1.25000276e-01]
obj_trans post z offset [-1.97751167e-07  9.49999402e-02 -2.35465076e-01]
obj_trans post hand offset [-2.57355812e-07  9.49999402e-02 -1.25000264e-01]
hand to mocap world position [ 5.9604645e-08  0.0000000e+00 -1.1046481e-01]
Root coor: [-2.57355812e-07  9.49999402e-02 -1.25000264e-01]
Root ori: [ 0.03272493 -0.00197326 -0.17280966]
joint command publisher initialized.
joint state subscriber initialized.

Trial 1
No action perturbation this trial
[ models/temporal ] Channel dimensions: [(37, 128), (128, 256), (256, 512)]
[ models/temporal ] Channel dimensions: [(37, 128), (128, 256), (256, 512)]
[ models/temporal ] Channel dimensions: [(37, 128), (128, 256)]
[ models/temporal ] Channel dimensions: [(37, 128), (128, 256), (256, 512)]
[ models/temporal ] Channel dimensions: [(37, 128), (128, 256), (256, 512)]
[ models/temporal ] Channel dimensions: [(37, 128), (128, 256)]
Loaded trajectory sampler
Current yaw: tensor([ 3.5031e-02, -2.9757e-05, -1.7596e-01], device='cuda:0')
tensor([ 0.0225, -0.0100, -0.1875], device='cuda:0')
tensor([ 0.0213, -0.0016, -0.1969], device='cuda:0')
Pregrasp complete. Ready to execute. Press <ENTER> to continue.Current yaw: tensor([ 0.0150, -0.0195, -0.2547], device='cuda:0')
1 turn
Sampling time 4.8336654549930245
Ready to check_id. Poke now.
tensor([ 0.1581,  0.6061,  0.5769,  0.5873, -0.0845,  0.5345,  0.8879,  0.9282,
         1.2041,  0.2712,  0.2983,  1.1151,  0.0195, -0.0205, -0.2539,  0.0000],
       device='cuda:0')
tensor([ 0.0149, -0.0201, -0.2541], device='cuda:0')
Likelihood: -23.962196350097656
Solve time for step 1 26.035269238986075
Current ori: tensor([ 0.0171, -0.0200, -0.2541], device='cuda:0')
Middle force: tensor([1.1256, 1.8413, 0.7531, 0.8638, 0.8505, 0.9693, 1.1083, 0.7822, 0.8242,
        0.8074, 0.7695, 0.8282], device='cuda:0')
Thumb force: tensor([0.7699, 1.3790, 0.8300, 0.8061, 0.7485, 1.1393, 0.7827, 0.8451, 0.8514,
        0.8085, 0.8248, 0.9629], device='cuda:0')
Index force: tensor([0.9392, 1.8860, 0.8165, 0.8754, 1.0822, 0.8005, 0.7939, 1.0175, 0.8123,
        1.0099, 0.9933, 0.8132], device='cuda:0')
Ready to check_id. Poke now.
tensor([ 0.1389,  0.6428,  0.5221,  0.5599, -0.0866,  0.5326,  0.8970,  0.9799,
         1.2101,  0.2712,  0.3469,  0.9640, -0.0101,  0.0020, -0.4140,  0.0000],
       device='cuda:0')
tensor([-0.0113,  0.0027, -0.4139], device='cuda:0')
Likelihood: -25.097293853759766
Solve time for step 2 8.727293125994038
Current ori: tensor([-0.0146,  0.0034, -0.4151], device='cuda:0')
Middle force: tensor([0.9171, 0.7730, 0.8150, 1.6526, 0.8181, 0.9795, 1.5144, 0.8651, 0.7876,
        0.7633, 0.8222], device='cuda:0')
Thumb force: tensor([1.7300, 2.1417, 0.8839, 1.3370, 0.8266, 0.8095, 0.8668, 1.0613, 0.9311,
        0.7803, 0.9151], device='cuda:0')
Index force: tensor([0.8551, 0.9138, 0.8837, 0.8673, 0.7882, 0.7945, 0.8052, 0.7499, 0.7552,
        0.9851, 0.8466], device='cuda:0')
Ready to check_id. Poke now.
tensor([ 0.1500,  0.6992,  0.5101,  0.4440, -0.0862,  0.4915,  0.9498,  0.9796,
         1.4423, -0.0669,  0.2868,  0.8275, -0.0306, -0.0029, -0.6635,  0.0000],
       device='cuda:0')
tensor([-0.0287, -0.0064, -0.6627], device='cuda:0')
Likelihood: -27.727596282958984
Solve time for step 3 8.283376948005753
Current ori: tensor([-0.0295, -0.0067, -0.6641], device='cuda:0')
Middle force: tensor([0.8346, 0.7785, 0.7544, 0.7502, 0.8643, 0.7600, 0.7839, 0.7710, 0.8771,
        1.0549], device='cuda:0')
Thumb force: tensor([1.2117, 0.9446, 0.9244, 1.1095, 0.8767, 0.9013, 0.8503, 0.8857, 0.8284,
        1.0877], device='cuda:0')
Index force: tensor([0.7989, 0.8724, 0.9981, 1.0402, 0.8122, 0.9702, 0.9231, 0.9419, 0.7930,
        0.8005], device='cuda:0')
Ready to check_id. Poke now.
tensor([ 0.1489,  0.6627,  0.5224,  0.5126, -0.0990,  0.4779,  0.9132,  1.0577,
         1.4031,  0.0640,  0.3214,  0.8007, -0.0578,  0.0148, -0.7388,  0.0000],
       device='cuda:0')
tensor([-0.0594,  0.0151, -0.7390], device='cuda:0')
Likelihood: -23.79167938232422
Solve time for step 4 7.973387870006263
Current ori: tensor([-0.0564,  0.0132, -0.7389], device='cuda:0')
Middle force: tensor([0.7956, 1.5868, 0.7929, 0.9574, 1.4586, 0.8334, 0.7702, 0.7559, 0.7971],
       device='cuda:0')
Thumb force: tensor([0.8853, 1.3032, 0.8337, 0.7997, 0.8382, 1.0462, 0.9392, 0.7942, 0.9143],
       device='cuda:0')
Index force: tensor([0.8585, 0.8450, 0.7799, 0.7836, 0.7994, 0.7496, 0.7563, 0.9290, 0.8282],
       device='cuda:0')
Ready to check_id. Poke now.
tensor([ 0.1496,  0.6743,  0.5274,  0.4606, -0.1092,  0.4534,  0.9613,  1.0407,
         1.3099,  0.2691,  0.4375,  0.5718, -0.0659,  0.0142, -0.8362,  0.0000],
       device='cuda:0')
tensor([-0.0665,  0.0149, -0.8357], device='cuda:0')
Likelihood: -24.00815200805664
Solve time for step 5 7.577202563988976
Current ori: tensor([-0.0673,  0.0138, -0.8363], device='cuda:0')
Middle force: tensor([1.5533, 0.7945, 0.9449, 1.4422, 0.8308, 0.7677, 0.7558, 0.7934],
       device='cuda:0')
Thumb force: tensor([1.2618, 0.8179, 0.7954, 0.8276, 1.0131, 0.9318, 0.7836, 0.9008],
       device='cuda:0')
Index force: tensor([0.8349, 0.7769, 0.7797, 0.7914, 0.7502, 0.7559, 0.9147, 0.8198],
       device='cuda:0')
Ready to check_id. Poke now.
tensor([ 0.1641,  0.6597,  0.5658,  0.4674, -0.0986,  0.4192,  1.0048,  1.0692,
         1.4040,  0.0993,  0.4315,  0.4884, -0.0614,  0.0155, -0.9449,  0.0000],
       device='cuda:0')
tensor([-0.0626,  0.0153, -0.9447], device='cuda:0')
Likelihood: -25.119213104248047
Solve time for step 6 7.363958627014654
Current ori: tensor([-0.0617,  0.0162, -0.9456], device='cuda:0')
Middle force: tensor([0.7856, 0.9365, 1.4274, 0.8163, 0.7653, 0.7539, 0.7883],
       device='cuda:0')
Thumb force: tensor([0.8159, 0.7901, 0.8167, 1.0086, 0.9182, 0.7818, 0.8873],
       device='cuda:0')
Index force: tensor([0.7733, 0.7754, 0.7844, 0.7501, 0.7546, 0.9015, 0.8140],
       device='cuda:0')
Ready to check_id. Poke now.
tensor([ 0.1779,  0.6249,  0.6120,  0.5083, -0.0961,  0.4044,  1.0279,  1.0802,
         1.4017,  0.1191,  0.4414,  0.4548, -0.0443,  0.0091, -0.9412,  0.0000],
       device='cuda:0')
tensor([-0.0458,  0.0089, -0.9410], device='cuda:0')
Likelihood: -28.44637107849121
Solve time for step 7 6.968620706000365
Current ori: tensor([-0.0471,  0.0100, -0.9416], device='cuda:0')
Middle force: tensor([0.8219, 0.7532, 0.7638, 0.7590, 0.8283, 0.9802], device='cuda:0')
Thumb force: tensor([0.8558, 0.8822, 0.8360, 0.8747, 0.8128, 1.0055], device='cuda:0')
Index force: tensor([0.7824, 0.9051, 0.8615, 0.8738, 0.7714, 0.7769], device='cuda:0')
Ready to check_id. Poke now.
tensor([ 0.1869,  0.5839,  0.6339,  0.6147, -0.0990,  0.3978,  1.0079,  1.1495,
         1.3900,  0.1195,  0.4198,  0.5418, -0.0345,  0.0066, -0.9130,  0.0000],
       device='cuda:0')
tensor([-0.0335,  0.0052, -0.9131], device='cuda:0')
Likelihood: -29.3585205078125
Solve time for step 8 6.734929177997401
Current ori: tensor([-0.0339,  0.0050, -0.9126], device='cuda:0')
Middle force: tensor([1.3682, 0.8019, 0.7624, 0.7537, 0.7791], device='cuda:0')
Thumb force: tensor([0.8008, 0.9810, 0.8887, 0.7749, 0.8620], device='cuda:0')
Index force: tensor([0.7735, 0.7500, 0.7526, 0.8753, 0.8012], device='cuda:0')
Ready to check_id. Poke now.
tensor([ 0.2157,  0.5844,  0.6717,  0.6144, -0.0658,  0.3726,  1.0637,  1.1619,
         1.3895,  0.1162,  0.4355,  0.4506, -0.0316, -0.0113, -1.0009,  0.0000],
       device='cuda:0')
tensor([-0.0310, -0.0120, -1.0018], device='cuda:0')
Likelihood: -31.49822425842285
State is out of distribution
Mean likelihood for thumb_middle: -9.205923080444336
Mean likelihood for index: -13.46399211883545
Unnormalized likelihood for thumb_middle: 0.1413141314131413
Unnormalized likelihood for index: 0.12250712250712249
Normalized likelihood for thumb_middle: 0.5047016136458552
Normalized likelihood for index: 0.49529838635414475
KL Divergence: 0.024002185278803753
Live Recovery contact planning time: 11.1492583109939
Current yaw: tensor([-0.0304, -0.0111, -1.0019], device='cuda:0')
1 thumb_middle
tensor([0.5402, 0.5155, 0.5561, 0.4995, 0.5003, 0.4126, 0.5292, 0.5505, 0.5191,
        0.5581, 0.5558, 0.5419, 0.5551, 0.5738, 0.5454, 0.5514],
       device='cuda:0')
tensor([0.1068, 0.0711, 0.1010, 0.0796, 0.0878, 0.0404, 0.0738, 0.0971, 0.0606,
        0.0953, 0.0950, 0.0741, 0.0988, 0.0670, 0.0686, 0.1000],
       device='cuda:0')
skipped 4 states
Shortcut time 0.002295398007845506
tensor([ 0.2150,  0.5844,  0.6718,  0.6145, -0.0660,  0.3727,  1.0636,  1.1618,
         1.3893,  0.1161,  0.4357,  0.4507, -0.0307, -0.0110, -1.0023,  0.0000],
       device='cuda:0')
tensor([-0.0317, -0.0107, -1.0022], device='cuda:0')
Solve time for step 1 16.91056550698704
Current ori: tensor([-0.0299, -0.0114, -1.0024], device='cuda:0')
Index force: tensor([0.7471, 0.7474, 0.8815, 0.8655], device='cuda:0')
tensor([ 0.2344,  0.5996,  0.6397,  0.6635, -0.1678,  0.4350,  0.8671,  1.0223,
         1.3846,  0.1322,  0.1648,  0.7237, -0.0407, -0.0306, -0.8084,  0.0000],
       device='cuda:0')
tensor([-0.0409, -0.0292, -0.8095], device='cuda:0')
Solve time for step 2 0.1985422449943144
Current ori: tensor([-0.0413, -0.0309, -0.8091], device='cuda:0')
Index force: tensor([0.7488, 0.8817, 0.8628], device='cuda:0')
tensor([ 0.2344,  0.5996,  0.6394,  0.6636, -0.1679,  0.4710,  0.8533,  0.9933,
         1.3747,  0.1321,  0.0988,  0.7922, -0.0389, -0.0346, -0.8083,  0.0000],
       device='cuda:0')
tensor([-0.0412, -0.0340, -0.8090], device='cuda:0')
Solve time for step 3 0.18343904698849656
Current ori: tensor([-0.0395, -0.0348, -0.8084], device='cuda:0')
Index force: tensor([0.8717, 0.8676], device='cuda:0')
tensor([ 0.2311,  0.5963,  0.6439,  0.6623, -0.1683,  0.4710,  0.8532,  0.9888,
         1.3761,  0.1322,  0.0986,  0.7938, -0.0377, -0.0327, -0.8087,  0.0000],
       device='cuda:0')
tensor([-0.0386, -0.0331, -0.8084], device='cuda:0')
Solve time for step 4 0.1861960039823316
Current ori: tensor([-0.0386, -0.0337, -0.8080], device='cuda:0')
Index force: tensor([0.8676], device='cuda:0')
Likelihood: -29.482128143310547
State is in distribution
Current yaw: tensor([-0.0350, -0.0252, -0.8199], device='cuda:0')
1 turn
Sampling time 5.004488639999181
Ready to check_id. Poke now.
tensor([ 0.2236,  0.5950,  0.6410,  0.6620, -0.1066,  0.5326,  0.9026,  1.0058,
         1.4388,  0.1539,  0.1612,  0.7996, -0.0345, -0.0214, -0.8179,  0.0000],
       device='cuda:0')
tensor([-0.0355, -0.0214, -0.8181], device='cuda:0')
Likelihood: -29.453022003173828
Solve time for step 1 26.302430495998124
Current ori: tensor([-0.0369, -0.0269, -0.8213], device='cuda:0')
Middle force: tensor([1.3497, 0.8166, 0.7536, 0.7862, 0.8372, 0.7590, 0.8252, 0.8099, 0.7792,
        0.7919, 0.8413, 0.8462], device='cuda:0')
Thumb force: tensor([1.5903, 1.9005, 1.0329, 1.2248, 0.8737, 1.0491, 0.9183, 1.2534, 0.8928,
        1.0433, 1.4426, 0.8886], device='cuda:0')
Index force: tensor([0.9426, 0.8688, 0.9380, 0.8918, 0.9075, 0.9457, 0.8859, 0.8690, 0.8092,
        0.8455, 0.8506, 0.8404], device='cuda:0')
Ready to check_id. Poke now.
tensor([ 0.2239,  0.5954,  0.6414,  0.6631, -0.1146,  0.5440,  0.8712,  1.1404,
         1.4129,  0.2598,  0.2184,  0.6963, -0.0341, -0.0234, -0.9139,  0.0000],
       device='cuda:0')
tensor([-0.0332, -0.0237, -0.9141], device='cuda:0')
Likelihood: -27.905357360839844
Solve time for step 2 8.930893424025271
Current ori: tensor([-0.0345, -0.0230, -0.9152], device='cuda:0')
Middle force: tensor([2.0533, 0.8268, 0.8033, 0.8117, 0.8989, 0.8056, 0.8095, 0.7709, 0.7502,
        0.9516, 0.7873], device='cuda:0')
Thumb force: tensor([0.8824, 1.8105, 0.7634, 0.9058, 0.8549, 1.3266, 0.8737, 1.0085, 1.1052,
        0.8093, 0.9842], device='cuda:0')
Index force: tensor([1.2597, 0.8324, 1.0446, 0.8671, 0.8467, 0.8770, 0.9116, 0.8673, 1.0305,
        0.8165, 0.8448], device='cuda:0')
Ready to check_id. Poke now.
tensor([ 0.2168,  0.5976,  0.6051,  0.7117, -0.1084,  0.5023,  0.9132,  1.1728,
         1.4038,  0.3256,  0.2995,  0.5332, -0.0304, -0.0167, -1.0220,  0.0000],
       device='cuda:0')
tensor([-0.0302, -0.0171, -1.0222], device='cuda:0')
Likelihood: -26.756000518798828
Solve time for step 3 8.344854662980651
Current ori: tensor([-0.0296, -0.0145, -1.0209], device='cuda:0')
Middle force: tensor([0.7521, 0.7500, 0.9737, 0.7919, 1.0262, 0.8555, 0.8126, 0.7894, 0.7951,
        0.7854], device='cuda:0')
Thumb force: tensor([0.9660, 1.2843, 0.8624, 0.7510, 0.8182, 0.8951, 0.7874, 0.9618, 0.9006,
        0.8685], device='cuda:0')
Index force: tensor([0.8881, 1.0008, 0.7571, 0.8655, 0.8024, 0.8040, 0.8187, 0.8319, 0.8408,
        0.8971], device='cuda:0')
Ready to check_id. Poke now.
tensor([ 0.2072,  0.5898,  0.6070,  0.7108, -0.1591,  0.4825,  0.9716,  1.1563,
         1.4860,  0.0956,  0.2979,  0.4427, -0.0264, -0.0078, -1.0879,  0.0000],
       device='cuda:0')
tensor([-0.0243, -0.0091, -1.0875], device='cuda:0')
Likelihood: -28.82471466064453
Solve time for step 4 8.020047394995345
Current ori: tensor([-0.0289, -0.0077, -1.0939], device='cuda:0')
Middle force: tensor([0.7500, 0.9639, 0.7882, 1.0107, 0.8454, 0.8049, 0.7840, 0.7883, 0.7802],
       device='cuda:0')
Thumb force: tensor([1.2347, 0.8566, 0.7502, 0.8077, 0.8791, 0.7808, 0.9468, 0.8829, 0.8566],
       device='cuda:0')
Index force: tensor([0.9621, 0.7542, 0.8508, 0.7932, 0.7948, 0.8086, 0.8201, 0.8274, 0.8788],
       device='cuda:0')
Ready to check_id. Poke now.
tensor([ 0.2112,  0.5727,  0.6356,  0.7134, -0.1556,  0.4667,  1.0055,  1.1525,
         1.4053,  0.3155,  0.3870,  0.3918, -0.0147, -0.0075, -1.1026,  0.0000],
       device='cuda:0')
tensor([-0.0149, -0.0077, -1.1025], device='cuda:0')
Likelihood: -32.107234954833984
State is out of distribution
Mean likelihood for thumb_middle: -7.81864070892334
Mean likelihood for index: -12.338918685913086
Unnormalized likelihood for thumb_middle: 0.1935193519351935
Unnormalized likelihood for index: 0.14102564102564102
Normalized likelihood for thumb_middle: 0.5131204149923984
Normalized likelihood for index: 0.4868795850076016
KL Divergence: 0.020437381079933772
Live Recovery contact planning time: 11.052446863992373
Current yaw: tensor([-0.0149, -0.0079, -1.1026], device='cuda:0')
1 thumb_middle
tensor([0.5100, 0.5178, 0.4949, 0.5292, 0.5331, 0.5322, 0.5457, 0.5077, 0.5065,
        0.5224, 0.5092, 0.5049, 0.5085, 0.5178, 0.5138, 0.5507],
       device='cuda:0')
tensor([0.0843, 0.1191, 0.0640, 0.0799, 0.0707, 0.0718, 0.0692, 0.0983, 0.0979,
        0.0941, 0.0993, 0.0993, 0.0985, 0.0964, 0.0979, 0.0743],
       device='cuda:0')
tensor([0.0767, 0.0467, 0.0752, 0.0725, 0.0752, 0.0750, 0.0658, 0.0683, 0.0670,
        0.0645, 0.0695, 0.0674, 0.0681, 0.0651, 0.0592, 0.0721],
       device='cuda:0')
skipped 3 states
skipped 1 states
Shortcut time 0.0029857439803890884
tensor([ 0.2108,  0.5727,  0.6357,  0.7132, -0.1554,  0.4669,  1.0057,  1.1526,
         1.4051,  0.3162,  0.3868,  0.3917, -0.0152, -0.0073, -1.1025,  0.0000],
       device='cuda:0')
tensor([-0.0145, -0.0070, -1.1031], device='cuda:0')
Solve time for step 1 17.2578711079841
Current ori: tensor([-0.0149, -0.0058, -1.1029], device='cuda:0')
Index force: tensor([0.7478, 0.7504, 0.8629, 0.8429], device='cuda:0')
tensor([ 0.2383,  0.5731,  0.6480,  0.7132, -0.1530,  0.4681,  0.8234,  0.9781,
         1.3838,  0.1977,  0.1453,  0.7222, -0.0396, -0.0436, -0.9814,  0.0000],
       device='cuda:0')
tensor([-0.0398, -0.0441, -0.9793], device='cuda:0')
Solve time for step 2 0.1983347450150177
Current ori: tensor([-0.0422, -0.0447, -0.9739], device='cuda:0')
Index force: tensor([0.7473, 0.8741, 0.8744], device='cuda:0')
tensor([ 0.2553,  0.5871,  0.6477,  0.7322, -0.1530,  0.4682,  0.8231,  0.9587,
         1.3795,  0.1812,  0.1009,  0.7870, -0.0433, -0.0600, -0.9344,  0.0000],
       device='cuda:0')
tensor([-0.0441, -0.0593, -0.9354], device='cuda:0')
Solve time for step 3 0.1895018499926664
Current ori: tensor([-0.0443, -0.0581, -0.9333], device='cuda:0')
Index force: tensor([0.8741, 0.8744], device='cuda:0')
tensor([ 0.2381,  0.5871,  0.6475,  0.7052, -0.1530,  0.4681,  0.8231,  0.9585,
         1.3814,  0.1811,  0.1010,  0.8000, -0.0477, -0.0520, -0.9370,  0.0000],
       device='cuda:0')
tensor([-0.0492, -0.0509, -0.9367], device='cuda:0')
Solve time for step 4 0.18793172502773814
Current ori: tensor([-0.0487, -0.0511, -0.9376], device='cuda:0')
Index force: tensor([0.8744], device='cuda:0')
Likelihood: -30.764881134033203
State is in distribution
Current yaw: tensor([-0.0430, -0.0398, -0.9301], device='cuda:0')
1 turn
Sampling time 4.742995100998087
Ready to check_id. Poke now.
tensor([ 0.2264,  0.5756,  0.6474,  0.7058, -0.1329,  0.5263,  0.8943,  0.9981,
         1.4288,  0.1866,  0.1294,  0.8086, -0.0439, -0.0394, -0.9302,  0.0000],
       device='cuda:0')
tensor([-0.0452, -0.0398, -0.9295], device='cuda:0')
Likelihood: -28.130043029785156
Solve time for step 1 26.41249255600269
Current ori: tensor([-0.0433, -0.0399, -0.9287], device='cuda:0')
Middle force: tensor([1.3749, 0.9813, 0.7537, 0.8404, 0.7816, 0.8482, 0.9101, 0.8608, 0.7818,
        0.7687, 0.8466, 0.8523], device='cuda:0')
Thumb force: tensor([1.0150, 1.0800, 0.9604, 0.8557, 0.9201, 1.6076, 0.8282, 0.8451, 0.9681,
        1.0695, 0.8501, 0.8176], device='cuda:0')
Index force: tensor([1.1822, 0.9448, 0.7578, 0.8177, 0.7791, 0.8604, 0.8184, 0.8460, 0.8857,
        0.7761, 0.8509, 0.8111], device='cuda:0')
Ready to check_id. Poke now.
tensor([ 0.2097,  0.5492,  0.6424,  0.7658, -0.1271,  0.5301,  0.9482,  1.1524,
         1.4148,  0.2737,  0.2376,  0.6166, -0.0344, -0.0304, -1.0123,  0.0000],
       device='cuda:0')
tensor([-0.0345, -0.0313, -1.0116], device='cuda:0')
Likelihood: -27.531414031982422
Solve time for step 2 8.859152466000523
Current ori: tensor([-0.0335, -0.0313, -1.0121], device='cuda:0')
Middle force: tensor([0.9135, 0.8218, 0.8550, 0.8252, 0.7775, 0.8440, 0.8171, 0.7880, 1.0887,
        0.8046, 0.9129], device='cuda:0')
Thumb force: tensor([0.8767, 0.8256, 0.9398, 0.8295, 1.0915, 0.8374, 0.8327, 0.9479, 0.9382,
        0.9339, 0.8119], device='cuda:0')
Index force: tensor([0.7907, 0.8334, 0.8234, 0.8285, 0.8293, 0.8043, 0.8324, 0.8786, 0.8320,
        0.8397, 0.8195], device='cuda:0')
Ready to check_id. Poke now.
tensor([ 0.2047,  0.5425,  0.6428,  0.7668, -0.1286,  0.5078,  0.9685,  1.1523,
         1.3968,  0.3389,  0.3424,  0.4407, -0.0335, -0.0254, -1.0674,  0.0000],
       device='cuda:0')
tensor([-0.0349, -0.0257, -1.0681], device='cuda:0')
Likelihood: -26.825428009033203
Solve time for step 3 8.363854301016545
Current ori: tensor([-0.0340, -0.0274, -1.0684], device='cuda:0')
Middle force: tensor([0.7518, 0.8293, 0.7830, 0.8235, 0.8960, 0.8524, 0.7694, 0.7634, 0.7995,
        0.8622], device='cuda:0')
Thumb force: tensor([0.8981, 0.8176, 0.8494, 1.3920, 0.7878, 0.8122, 0.8946, 1.0521, 0.8198,
        0.7892], device='cuda:0')
Index force: tensor([0.7668, 0.7883, 0.7651, 0.8240, 0.7835, 0.8109, 0.8582, 0.7655, 0.8224,
        0.7911], device='cuda:0')
Ready to check_id. Poke now.
tensor([ 0.1970,  0.5425,  0.6321,  0.7701, -0.1338,  0.5047,  0.9519,  1.1829,
         1.4398,  0.2283,  0.3820,  0.2898, -0.0360, -0.0200, -1.1155,  0.0000],
       device='cuda:0')
tensor([-0.0370, -0.0187, -1.1153], device='cuda:0')
Likelihood: -27.440855026245117
Solve time for step 4 8.061206787999254
Current ori: tensor([-0.0362, -0.0202, -1.1139], device='cuda:0')
Middle force: tensor([0.7598, 0.7865, 0.8098, 0.7847, 0.7928, 0.8197, 0.8132, 0.7947, 0.8051],
       device='cuda:0')
Thumb force: tensor([0.8138, 0.7945, 0.7876, 0.7868, 0.8063, 0.8056, 0.7800, 0.7852, 0.8050],
       device='cuda:0')
Index force: tensor([0.8035, 0.8110, 0.7941, 0.8022, 0.7914, 0.7933, 0.7962, 0.8041, 0.7976],
       device='cuda:0')
Ready to check_id. Poke now.
tensor([ 0.2033,  0.5352,  0.6266,  0.8168, -0.1327,  0.4945,  0.9802,  1.1812,
         1.4455,  0.1870,  0.4188,  0.2361, -0.0191, -0.0264, -1.1160,  0.0000],
       device='cuda:0')
tensor([-0.0193, -0.0267, -1.1160], device='cuda:0')
Likelihood: -25.438602447509766
Solve time for step 5 7.64811752300011
Current ori: tensor([-0.0192, -0.0264, -1.1159], device='cuda:0')
Middle force: tensor([0.8037, 0.7658, 0.8240, 0.7964, 0.7729, 1.0325, 0.7847, 0.8810],
       device='cuda:0')
Thumb force: tensor([0.7952, 1.0386, 0.8080, 0.8049, 0.8988, 0.8823, 0.8859, 0.7886],
       device='cuda:0')
Index force: tensor([0.8042, 0.8017, 0.7802, 0.8064, 0.8431, 0.8022, 0.8090, 0.7925],
       device='cuda:0')
Ready to check_id. Poke now.
tensor([ 0.2087,  0.5188,  0.6502,  0.8163, -0.1328,  0.4788,  1.0008,  1.2023,
         1.4725,  0.0907,  0.4558,  0.1057, -0.0216, -0.0244, -1.1461,  0.0000],
       device='cuda:0')
tensor([-0.0192, -0.0289, -1.1448], device='cuda:0')
Likelihood: -28.673110961914062
Solve time for step 6 7.420243588014273
Current ori: tensor([-0.0197, -0.0287, -1.1451], device='cuda:0')
Middle force: tensor([0.7589, 0.8177, 0.7909, 0.7692, 1.0145, 0.7791, 0.8718],
       device='cuda:0')
Thumb force: tensor([1.0296, 0.8007, 0.7963, 0.8826, 0.8648, 0.8701, 0.7819],
       device='cuda:0')
Index force: tensor([0.8024, 0.7742, 0.7989, 0.8320, 0.7947, 0.8010, 0.7857],
       device='cuda:0')
Ready to check_id. Poke now.
tensor([ 0.1773,  0.4689,  0.6681,  0.8305, -0.1772,  0.4580,  1.0016,  1.2044,
         1.4629,  0.1543,  0.5787, -0.0852, -0.0094, -0.0041, -1.1057,  0.0000],
       device='cuda:0')
tensor([-0.0101, -0.0038, -1.1055], device='cuda:0')
Likelihood: -26.26819610595703
Solve time for step 7 7.079513963981299
Current ori: tensor([-0.0097, -0.0061, -1.1066], device='cuda:0')
Middle force: tensor([0.8031, 0.7827, 0.7638, 0.9937, 0.7721, 0.8606], device='cuda:0')
Thumb force: tensor([0.7914, 0.7892, 0.8746, 0.8462, 0.8554, 0.7750], device='cuda:0')
Index force: tensor([0.7678, 0.7902, 0.8180, 0.7873, 0.7919, 0.7786], device='cuda:0')
Ready to check_id. Poke now.
tensor([ 2.0157e-01,  4.5058e-01,  7.0707e-01,  8.5673e-01, -1.5695e-01,
         4.5390e-01,  1.0351e+00,  1.2348e+00,  1.4978e+00,  1.4959e-02,
         5.7986e-01, -1.5720e-01,  4.4879e-04, -3.3488e-02, -1.1335e+00,
         0.0000e+00], device='cuda:0')
tensor([ 0.0032, -0.0339, -1.1349], device='cuda:0')
Likelihood: -23.788108825683594
Solve time for step 8 6.792210903018713
Current ori: tensor([-1.7849e-04, -3.0381e-02, -1.1321e+00], device='cuda:0')
Middle force: tensor([0.7774, 0.7641, 0.9783, 0.7690, 0.8521], device='cuda:0')
Thumb force: tensor([0.7780, 0.8373, 0.8296, 0.8305, 0.7685], device='cuda:0')
Index force: tensor([0.7837, 0.8082, 0.7800, 0.7850, 0.7727], device='cuda:0')
Ready to check_id. Poke now.
tensor([ 0.2007,  0.4279,  0.7203,  0.8829, -0.1694,  0.4568,  1.0264,  1.2349,
         1.4956,  0.0065,  0.5807, -0.1312,  0.0062, -0.0168, -1.0960,  0.0000],
       device='cuda:0')
tensor([ 0.0050, -0.0271, -1.0920], device='cuda:0')
Likelihood: -25.423969268798828
Solve time for step 9 6.728740744991228
Current ori: tensor([ 0.0048, -0.0263, -1.0913], device='cuda:0')
Middle force: tensor([0.7500, 0.7614, 0.8316, 0.7544], device='cuda:0')
Thumb force: tensor([0.8169, 0.8167, 0.7561, 1.0023], device='cuda:0')
Index force: tensor([0.7521, 0.8053, 0.8035, 0.7640], device='cuda:0')
Ready to check_id. Poke now.
tensor([ 0.2059,  0.4075,  0.7278,  0.9223, -0.1699,  0.4597,  1.0142,  1.2353,
         1.4912,  0.0075,  0.5973, -0.1430,  0.0213, -0.0201, -1.0504,  0.0000],
       device='cuda:0')
tensor([ 0.0180, -0.0191, -1.0504], device='cuda:0')
Likelihood: -24.76055335998535
Solve time for step 10 6.547000699996715
Current ori: tensor([ 0.0183, -0.0177, -1.0504], device='cuda:0')
Middle force: tensor([0.7561, 0.8151, 0.7530], device='cuda:0')
Thumb force: tensor([0.8222, 0.7553, 0.9891], device='cuda:0')
Index force: tensor([0.7995, 0.7962, 0.7619], device='cuda:0')
Ready to check_id. Poke now.
tensor([ 0.2088,  0.3984,  0.7346,  0.9373, -0.1698,  0.4568,  1.0171,  1.2383,
         1.4904,  0.0080,  0.6134, -0.1760,  0.0209, -0.0227, -1.0312,  0.0000],
       device='cuda:0')
tensor([ 0.0240, -0.0217, -1.0306], device='cuda:0')
Likelihood: -26.677139282226562
Solve time for step 11 6.307349431997864
Current ori: tensor([ 0.0241, -0.0225, -1.0299], device='cuda:0')
Middle force: tensor([0.7666, 0.7588], device='cuda:0')
Thumb force: tensor([0.7598, 0.7637], device='cuda:0')
Index force: tensor([0.7592, 0.7633], device='cuda:0')
Ready to check_id. Poke now.
tensor([ 0.2121,  0.3981,  0.7407,  0.9374, -0.1692,  0.4524,  1.0368,  1.2348,
         1.4971, -0.0146,  0.6228, -0.2142,  0.0225, -0.0380, -1.0392,  0.0000],
       device='cuda:0')
tensor([ 0.0267, -0.0385, -1.0391], device='cuda:0')
Likelihood: -24.8048095703125
Solve time for step 12 6.122039843001403
Current ori: tensor([ 0.0263, -0.0380, -1.0390], device='cuda:0')
Middle force: tensor([0.7557], device='cuda:0')
Thumb force: tensor([0.7582], device='cuda:0')
Index force: tensor([0.7579], device='cuda:0')
Current yaw: tensor([ 0.0341, -0.0348, -1.0734], device='cuda:0')
2 turn
Sampling time 4.901207262009848
Ready to check_id. Poke now.
tensor([ 0.2117,  0.3742,  0.7635,  0.9571, -0.1763,  0.4391,  1.0567,  1.2499,
         1.5027, -0.0177,  0.6269, -0.2178,  0.0332, -0.0375, -1.0729,  0.0000],
       device='cuda:0')
tensor([ 0.0337, -0.0264, -1.0731], device='cuda:0')
Likelihood: -27.399782180786133
Solve time for step 1 26.131240905000595
Current ori: tensor([ 0.0367, -0.0261, -1.0702], device='cuda:0')
Middle force: tensor([0.7869, 0.7615, 0.8694, 0.8684, 0.9018, 0.8976, 0.8932, 0.8805, 0.8649,
        0.8554, 0.9522, 0.9164], device='cuda:0')
Thumb force: tensor([0.9156, 0.7670, 0.8688, 0.8921, 0.8941, 0.8307, 0.8286, 0.8379, 0.8694,
        0.8463, 0.8296, 0.8895], device='cuda:0')
Index force: tensor([0.8841, 0.9432, 0.8519, 0.7863, 0.7765, 0.8394, 0.8416, 0.8443, 0.8213,
        0.8475, 0.7926, 0.7532], device='cuda:0')
Ready to check_id. Poke now.
tensor([ 1.9055e-01,  3.7634e-01,  7.9564e-01,  8.4304e-01, -1.7904e-01,
         4.8379e-01,  1.0083e+00,  1.1707e+00,  1.4759e+00,  4.1331e-02,
         5.2621e-01,  1.0772e-01,  9.0482e-04, -1.6647e-02, -8.9435e-01,
         0.0000e+00], device='cuda:0')
tensor([ 3.7500e-04, -1.6652e-02, -8.9374e-01], device='cuda:0')
Likelihood: -23.4019718170166
Solve time for step 2 8.864931518008234
Current ori: tensor([ 0.0030, -0.0198, -0.8936], device='cuda:0')
Middle force: tensor([0.7593, 0.8568, 0.8517, 0.8929, 0.8839, 0.8800, 0.8688, 0.8465, 0.8404,
        0.9272, 0.8910], device='cuda:0')
Thumb force: tensor([0.7631, 0.8556, 0.8814, 0.8813, 0.8167, 0.8163, 0.8251, 0.8601, 0.8355,
        0.8223, 0.8932], device='cuda:0')
Index force: tensor([0.9204, 0.8399, 0.7805, 0.7696, 0.8276, 0.8291, 0.8316, 0.8096, 0.8364,
        0.7837, 0.7519], device='cuda:0')
Ready to check_id. Poke now.
tensor([ 0.1894,  0.3763,  0.8006,  0.8289, -0.1802,  0.5031,  0.9911,  1.1658,
         1.4836,  0.0164,  0.5181,  0.1227,  0.0023, -0.0182, -0.8930,  0.0000],
       device='cuda:0')
tensor([ 0.0026, -0.0141, -0.8903], device='cuda:0')
Likelihood: -23.154178619384766
Solve time for step 3 8.444111272983719
Current ori: tensor([ 0.0043, -0.0144, -0.8897], device='cuda:0')
Middle force: tensor([0.8417, 0.8345, 0.8691, 0.8695, 0.8652, 0.8555, 0.8288, 0.8278, 0.8997,
        0.8741], device='cuda:0')
Thumb force: tensor([0.8414, 0.8823, 0.8857, 0.8071, 0.8077, 0.8158, 0.8543, 0.8252, 0.8198,
        0.8911], device='cuda:0')
Index force: tensor([0.8243, 0.7741, 0.7642, 0.8177, 0.8192, 0.8207, 0.7999, 0.8261, 0.7761,
        0.7508], device='cuda:0')
Ready to check_id. Poke now.
tensor([ 0.1915,  0.3564,  0.8263,  0.8293, -0.1811,  0.4883,  1.0006,  1.1778,
         1.4836,  0.0193,  0.5158,  0.1531,  0.0070, -0.0115, -0.9054,  0.0000],
       device='cuda:0')
tensor([ 0.0069, -0.0105, -0.9047], device='cuda:0')
Likelihood: -23.9560489654541
Solve time for step 4 8.061918616003823
Current ori: tensor([ 0.0057, -0.0152, -0.9064], device='cuda:0')
Middle force: tensor([0.8194, 0.8520, 0.8580, 0.8544, 0.8444, 0.8179, 0.8165, 0.8840, 0.8596],
       device='cuda:0')
Thumb force: tensor([0.8682, 0.8826, 0.7990, 0.7988, 0.8066, 0.8422, 0.8160, 0.8100, 0.8828],
       device='cuda:0')
Index force: tensor([0.7702, 0.7603, 0.8086, 0.8106, 0.8106, 0.7918, 0.8162, 0.7709, 0.7512],
       device='cuda:0')
Ready to check_id. Poke now.
tensor([ 0.1991,  0.3480,  0.8414,  0.8297, -0.1994,  0.4954,  1.0120,  1.1818,
         1.4830,  0.0320,  0.5352,  0.0851,  0.0084, -0.0159, -0.9504,  0.0000],
       device='cuda:0')
tensor([ 0.0089, -0.0161, -0.9503], device='cuda:0')
Likelihood: -25.584415435791016
Solve time for step 5 7.6779999540012795
Current ori: tensor([ 0.0112, -0.0200, -0.9510], device='cuda:0')
Middle force: tensor([0.7500, 0.8084, 0.8309, 0.8074, 0.7996, 0.7923, 0.8194, 0.7978],
       device='cuda:0')
Thumb force: tensor([0.8489, 0.7795, 0.7762, 0.7776, 0.7843, 0.7772, 0.7796, 0.7821],
       device='cuda:0')
Index force: tensor([0.8645, 0.7776, 0.7773, 0.7799, 0.7766, 0.7833, 0.7684, 0.7961],
       device='cuda:0')
Ready to check_id. Poke now.
tensor([ 0.1994,  0.3508,  0.8390,  0.8307, -0.2119,  0.4896,  1.0519,  1.1779,
         1.4978, -0.0194,  0.5981, -0.1306,  0.0086, -0.0276, -0.9350,  0.0000],
       device='cuda:0')
tensor([ 0.0094, -0.0274, -0.9355], device='cuda:0')
Likelihood: -22.58963394165039
Solve time for step 6 7.571934750012588
Current ori: tensor([ 0.0089, -0.0284, -0.9350], device='cuda:0')
Middle force: tensor([0.7882, 0.7699, 0.7522, 0.8142, 0.7946, 0.8176, 0.8025],
       device='cuda:0')
Thumb force: tensor([0.7921, 0.7852, 0.7500, 0.7764, 0.7800, 0.7727, 0.7808],
       device='cuda:0')
Index force: tensor([0.7944, 0.7530, 1.0122, 0.7903, 0.7885, 0.7881, 0.8039],
       device='cuda:0')
Ready to check_id. Poke now.
tensor([ 0.1766,  0.3384,  0.8336,  0.8308, -0.2192,  0.4984,  1.0380,  1.1583,
         1.5222, -0.0692,  0.6764, -0.2689,  0.0158, -0.0280, -0.8728,  0.0000],
       device='cuda:0')
tensor([ 0.0161, -0.0271, -0.8729], device='cuda:0')
