CCAI_PATH /home/abhinav/Documents/ccai
joint command publisher initialized.
ros listner initialized.
obj_trans pre [0.03100896 0.28947806 0.12328535]
obj_trans post z offset [0.03100896 0.28947806 0.01282055]
obj_trans post hand offset [-2.93485594e-07  9.50000245e-02 -1.25000292e-01]
hand to mocap world position [0.03100926 0.19447803 0.13782084]
obj_trans pre [-2.93485594e-07  9.50000245e-02 -1.25000292e-01]
obj_trans post z offset [-2.93485594e-07  9.50000245e-02 -2.35465092e-01]
obj_trans post hand offset [-2.33880949e-07  9.49999947e-02 -1.25000281e-01]
hand to mocap world position [-5.9604645e-08  2.9802322e-08 -1.1046481e-01]
obj_trans pre [-2.33880949e-07  9.49999947e-02 -1.25000281e-01]
obj_trans post z offset [-2.33880949e-07  9.49999947e-02 -2.35465081e-01]
obj_trans post hand offset [0.03099277 0.28948834 0.23372977]
hand to mocap world position [ 5.9604645e-08 -2.9802322e-08 -1.1046475e-01]
obj_trans pre [0.03099277 0.28948834 0.23372977]
obj_trans post z offset [0.03099277 0.28948834 0.12326497]
obj_trans post hand offset [-2.13550590e-07  9.50000202e-02 -1.25000237e-01]
hand to mocap world position [0.03099298 0.19448832 0.2482652 ]
obj_trans pre [-2.13550590e-07  9.50000202e-02 -1.25000237e-01]
obj_trans post z offset [-2.13550590e-07  9.50000202e-02 -2.35465037e-01]
obj_trans post hand offset [-2.13550590e-07  9.50000202e-02 -1.25000166e-01]
hand to mocap world position [ 0.          0.         -0.11046487]
Root coor: [-2.13550590e-07  9.50000202e-02 -1.25000166e-01]
Root ori: [ 0.03154519  0.02674147 -0.05386504]
joint command publisher initialized.
joint state subscriber initialized.

Trial 1
No action perturbation this trial
[ models/temporal ] Channel dimensions: [(37, 128), (128, 256), (256, 512)]
[ models/temporal ] Channel dimensions: [(37, 128), (128, 256), (256, 512)]
[ models/temporal ] Channel dimensions: [(37, 128), (128, 256)]
[ models/temporal ] Channel dimensions: [(37, 128), (128, 256), (256, 512)]
[ models/temporal ] Channel dimensions: [(37, 128), (128, 256), (256, 512)]
[ models/temporal ] Channel dimensions: [(37, 128), (128, 256)]
Loaded trajectory sampler
Current yaw: tensor([ 0.0234,  0.0195, -0.0124], device='cuda:0')
tensor([ 0.0347,  0.0199, -0.0007], device='cuda:0')
tensor([ 0.0280,  0.0158, -0.0176], device='cuda:0')
Pregrasp complete. Ready to execute. Press <ENTER> to continue.Current yaw: tensor([ 0.0346,  0.0160, -0.0195], device='cuda:0')
1 turn
Sampling time 5.339054680429399
tensor([0.3345, 0.4219, 0.2187, 0.2554, 0.4343, 0.2544, 0.2927, 0.2827, 0.2243,
        0.2211, 0.2253, 0.2555, 0.3357, 0.4921, 0.2712, 0.2638],
       device='cuda:0')
tensor([0.1287, 0.1888, 0.0575, 0.0931, 0.2604, 0.0941, 0.0708, 0.0493, 0.1112,
        0.0548, 0.1139, 0.0555, 0.1248, 0.2817, 0.1404, 0.0902],
       device='cuda:0')
tensor([0.1925, 0.1349, 0.0592, 0.1730, 0.1334, 0.0902, 0.1764, 0.1021, 0.0855,
        0.0626, 0.0843, 0.0536, 0.1938, 0.1246, 0.1495, 0.1411],
       device='cuda:0')
skipped 1 states
tensor([0.0915, 0.0632, 0.0685, 0.0955, 0.0471, 0.0596, 0.0799, 0.0585, 0.0825,
        0.0692, 0.0811, 0.0829, 0.0930, 0.1290, 0.0435, 0.0630],
       device='cuda:0')
tensor([0.1079, 0.0692, 0.0990, 0.0889, 0.0916, 0.0567, 0.0712, 0.1523, 0.0666,
        0.1003, 0.0681, 0.1095, 0.1085, 0.0929, 0.0516, 0.0716],
       device='cuda:0')
skipped 1 states
tensor([0.0815, 0.0998, 0.0819, 0.0561, 0.0566, 0.0467, 0.0768, 0.0665, 0.0780,
        0.0810, 0.0763, 0.0454, 0.0818, 0.0492, 0.0499, 0.0840],
       device='cuda:0')
skipped 1 states
skipped 2 states
Shortcut time 0.0055000330321490765
tensor([ 0.1310,  0.5997,  0.5579,  0.6172, -0.1633,  0.5211,  0.9653,  0.8704,
         1.1814,  0.3242,  0.2833,  1.1710,  0.0309,  0.0180, -0.0220,  0.0000],
       device='cuda:0')
Likelihood: -162.4635009765625
Solve time for step 1 21.609588862862438
Current ori: tensor([ 0.0289,  0.0160, -0.0197], device='cuda:0')
Middle force: tensor([1.5015, 1.5625, 2.2742, 1.6011, 1.4985, 1.4991, 1.5143],
       device='cuda:0')
Thumb force: tensor([1.6155, 1.6092, 2.8134, 1.6006, 2.0129, 1.6059, 1.6507],
       device='cuda:0')
Index force: tensor([0.8352, 0.4998, 1.0434, 0.4894, 1.9848, 1.3247, 0.7319],
       device='cuda:0')
tensor([ 0.0321,  0.0177, -0.0219], device='cuda:0')
tensor([ 0.1328,  0.6031,  0.5637,  0.6073, -0.1624,  0.5221,  0.9492,  0.9090,
         1.2608,  0.2372,  0.2413,  1.1647,  0.0335,  0.0177, -0.0694,  0.0000],
       device='cuda:0')
Likelihood: -149.91390991210938
Solve time for step 2 7.401044312864542
Current ori: tensor([ 0.0339,  0.0180, -0.0705], device='cuda:0')
Middle force: tensor([1.5519, 2.2013, 1.5847, 1.5003, 1.5002, 1.5099], device='cuda:0')
Thumb force: tensor([1.5823, 2.7035, 1.5821, 1.9818, 1.5888, 1.6254], device='cuda:0')
Index force: tensor([0.4927, 1.0028, 0.4764, 1.9271, 1.2858, 0.7212], device='cuda:0')
tensor([ 0.0337,  0.0182, -0.0707], device='cuda:0')
tensor([ 0.1330,  0.5989,  0.5850,  0.5704, -0.1614,  0.5250,  0.9362,  0.9309,
         1.2861,  0.2219,  0.2409,  1.1282,  0.0243,  0.0227, -0.1293,  0.0000],
       device='cuda:0')
Likelihood: -132.44332885742188
Solve time for step 3 6.9946624911390245
Current ori: tensor([-0.0122,  0.0160,  0.0945], device='cuda:0')
Middle force: tensor([2.1336, 1.5708, 1.5000, 1.5000, 1.5069], device='cuda:0')
Thumb force: tensor([2.6010, 1.5669, 1.9510, 1.5751, 1.6052], device='cuda:0')
Index force: tensor([0.9602, 0.4698, 1.8683, 1.2486, 0.7084], device='cuda:0')
tensor([-0.0145,  0.0179,  0.0869], device='cuda:0')
tensor([ 0.1352,  0.6206,  0.5943,  0.4951, -0.1821,  0.6028,  0.8977,  0.9084,
         1.3101,  0.2146,  0.2358,  1.0765, -0.0213,  0.0209,  0.1475,  0.0000],
       device='cuda:0')
Likelihood: -165.2257537841797
State is out of distribution
Likelihood for thumb_middle: -39.652259826660156
Likelihood for index: -38.64925003051758
Current yaw: tensor([-0.0217,  0.0209,  0.1479], device='cuda:0')
1 index
tensor([0.2554, 0.2920, 0.1769, 0.1714, 0.2335, 0.2990, 0.2392, 0.2979, 0.2980,
        0.1882, 0.1789, 0.1876, 0.1892, 0.1783, 0.1731, 0.3017],
       device='cuda:0')
tensor([0.0600, 0.0804, 0.0639, 0.0569, 0.1105, 0.1070, 0.0597, 0.0854, 0.0545,
        0.0439, 0.0618, 0.0658, 0.0860, 0.0637, 0.0567, 0.0824],
       device='cuda:0')
skipped 2 states
skipped 4 states
skipped 2 states
Shortcut time 0.002757740207016468
tensor([ 0.1363,  0.6213,  0.5945,  0.4952, -0.1807,  0.6047,  0.8976,  0.9080,
         1.3105,  0.2131,  0.2354,  1.0765, -0.0224,  0.0211,  0.1484,  0.0000],
       device='cuda:0')
Solve time for step 1 20.56240316806361
Current ori: tensor([-0.0227,  0.0214,  0.1479], device='cuda:0')
Middle force: tensor([1.4984, 1.5410, 1.5304, 1.5126], device='cuda:0')
Thumb force: tensor([1.4989, 1.5315, 1.5466, 1.5961], device='cuda:0')
tensor([-0.0213,  0.0207,  0.1484], device='cuda:0')
tensor([ 0.1853,  0.5260,  0.5937,  0.5075, -0.2177,  0.6734,  0.8852,  0.9472,
         1.2776,  0.3731,  0.2502,  1.0766, -0.6426,  0.7159, -0.5600,  0.0000],
       device='cuda:0')
