CCAI_PATH /home/abhinav/Documents/ccai
joint command publisher initialized.
ros listner initialized.
obj_trans pre [0.03036653 0.29376519 0.1233746 ]
obj_trans post z offset [0.03036653 0.29376519 0.0129098 ]
obj_trans post hand offset [-1.89443573e-07  9.49999372e-02 -1.25000297e-01]
hand to mocap world position [0.03036672 0.19876525 0.1379101 ]
obj_trans pre [-1.89443573e-07  9.49999372e-02 -1.25000297e-01]
obj_trans post z offset [-1.89443573e-07  9.49999372e-02 -2.35465097e-01]
obj_trans post hand offset [-1.89443573e-07  9.49999372e-02 -1.25000226e-01]
hand to mocap world position [ 0.          0.         -0.11046487]
obj_trans pre [-1.89443573e-07  9.49999372e-02 -1.25000226e-01]
obj_trans post z offset [-1.89443573e-07  9.49999372e-02 -2.35465026e-01]
obj_trans post hand offset [-1.89443573e-07  9.49999372e-02 -1.25000274e-01]
hand to mocap world position [ 0.          0.         -0.11046475]
obj_trans pre [0.0303463  0.29364647 0.12325341]
obj_trans post z offset [0.0303463  0.29364647 0.01278861]
obj_trans post hand offset [-2.08726771e-07  9.49999847e-02 -1.25000251e-01]
hand to mocap world position [0.03034651 0.19864649 0.13778886]
obj_trans pre [-2.08726771e-07  9.49999847e-02 -1.25000251e-01]
obj_trans post z offset [-2.08726771e-07  9.49999847e-02 -2.35465051e-01]
obj_trans post hand offset [-2.08726771e-07  9.49999847e-02 -1.25000181e-01]
hand to mocap world position [ 0.          0.         -0.11046487]
Root coor: [-2.08726771e-07  9.49999847e-02 -1.25000181e-01]
Root ori: [ 0.01229787  0.01363615 -0.0005665 ]
joint command publisher initialized.
joint state subscriber initialized.

Trial 1
No action perturbation this trial
[ models/temporal ] Channel dimensions: [(37, 128), (128, 256), (256, 512)]
[ models/temporal ] Channel dimensions: [(37, 128), (128, 256), (256, 512)]
[ models/temporal ] Channel dimensions: [(37, 128), (128, 256)]
[ models/temporal ] Channel dimensions: [(37, 128), (128, 256), (256, 512)]
[ models/temporal ] Channel dimensions: [(37, 128), (128, 256), (256, 512)]
[ models/temporal ] Channel dimensions: [(37, 128), (128, 256)]
Loaded trajectory sampler
Current yaw: tensor([0.0142, 0.0326, 0.0322], device='cuda:0')
tensor([0.0334, 0.0260, 0.0431], device='cuda:0')
tensor([0.0258, 0.0217, 0.0182], device='cuda:0')
Pregrasp complete. Ready to execute. Press <ENTER> to continue.Current yaw: tensor([0.0249, 0.0221, 0.0162], device='cuda:0')
1 turn
Sampling time 4.979667349718511
tensor([0.2648, 0.2319, 0.2866, 0.4262, 0.3757, 0.2359, 0.3858, 0.2996, 0.2784,
        0.3090, 0.2644, 0.3862, 0.2669, 0.2827, 0.2732, 0.2309],
       device='cuda:0')
tensor([0.1469, 0.0966, 0.0633, 0.2791, 0.0891, 0.1114, 0.1736, 0.2594, 0.1674,
        0.1328, 0.0817, 0.1789, 0.1474, 0.1202, 0.1653, 0.0986],
       device='cuda:0')
skipped 1 states
tensor([0.1174, 0.0600, 0.0785, 0.0795, 0.1564, 0.1127, 0.0871, 0.1504, 0.1281,
        0.0911, 0.0711, 0.0884, 0.1194, 0.1811, 0.1298, 0.0592],
       device='cuda:0')
skipped 1 states
tensor([0.0690, 0.0994, 0.0862, 0.0953, 0.1024, 0.1216, 0.0566, 0.0750, 0.0543,
        0.1523, 0.0760, 0.0567, 0.0687, 0.1067, 0.0527, 0.0992],
       device='cuda:0')
skipped 1 states
tensor([0.1486, 0.1000, 0.0977, 0.0890, 0.0813, 0.0478, 0.0501, 0.0548, 0.0820,
        0.1018, 0.1090, 0.0499, 0.0851, 0.1097, 0.1266, 0.0986],
       device='cuda:0')
skipped 2 states
skipped 1 states
Shortcut time 0.004755847156047821
tensor([ 0.1642,  0.6375,  0.5702,  0.5774, -0.1493,  0.5242,  0.9748,  0.8878,
         1.2268,  0.2478,  0.2800,  1.1549,  0.0244,  0.0219,  0.0165,  0.0000],
       device='cuda:0')
Likelihood: -185.23068237304688
State is out of distribution
Likelihood for thumb_middle: -45.99491882324219
Likelihood for index: -46.14452362060547
Current yaw: tensor([0.0228, 0.0217, 0.0159], device='cuda:0')
1 thumb_middle
tensor([0.3077, 0.3233, 0.3111, 0.3166, 0.3211, 0.2978, 0.3218, 0.3312, 0.3229,
        0.3473, 0.3283, 0.3177, 0.3177, 0.3473, 0.3296, 0.3196],
       device='cuda:0')
skipped 4 states
skipped 4 states
Shortcut time 0.0018223966471850872
tensor([ 0.1643,  0.6376,  0.5704,  0.5751, -0.1492,  0.5242,  0.9749,  0.8880,
         1.2268,  0.2478,  0.2803,  1.1545,  0.0254,  0.0221,  0.0153,  0.0000],
       device='cuda:0')
Solve time for step 1 17.542342849075794
Current ori: tensor([0.0271, 0.0214, 0.0164], device='cuda:0')
Index force: tensor([0.0553, 0.1855, 0.4913, 0.1199], device='cuda:0')
tensor([0.0245, 0.0222, 0.0161], device='cuda:0')
tensor([ 0.1639,  0.6589,  0.5422,  0.5749, -0.2280,  0.5253,  0.8952,  0.8059,
         1.2561,  0.1888,  0.2425,  0.9784,  0.0197,  0.0215,  0.0064,  0.0000],
       device='cuda:0')
Solve time for step 2 6.0823784111998975
Current ori: tensor([0.0226, 0.0187, 0.0096], device='cuda:0')
Index force: tensor([0.1776, 0.4717, 0.1151], device='cuda:0')
tensor([0.0179, 0.0207, 0.0083], device='cuda:0')
tensor([ 0.1634,  0.6804,  0.5203,  0.5639, -0.2279,  0.5252,  0.8823,  0.7688,
         1.2818,  0.1402,  0.2232,  0.9533,  0.0250,  0.0177, -0.0089,  0.0000],
       device='cuda:0')
Solve time for step 3 6.041353703010827
Current ori: tensor([ 0.0238,  0.0153, -0.0077], device='cuda:0')
Index force: tensor([0.5532, 0.1949], device='cuda:0')
tensor([ 0.0251,  0.0177, -0.0094], device='cuda:0')
tensor([ 0.1631,  0.6980,  0.5048,  0.5406, -0.2279,  0.5252,  0.8822,  0.7597,
         1.2814,  0.1402,  0.2112,  0.9531, -0.0081,  0.0350, -0.4485,  0.0000],
       device='cuda:0')
Solve time for step 4 5.979914864059538
Current ori: tensor([-0.0078,  0.0358, -0.4488], device='cuda:0')
Index force: tensor([0.1324], device='cuda:0')
tensor([-0.0080,  0.0357, -0.4492], device='cuda:0')
Likelihood: -199.25662231445312
State is out of distribution
Likelihood for thumb_middle: -40.92200469970703
Likelihood for index: -44.380531311035156
Current yaw: tensor([-0.0036,  0.0418, -0.4344], device='cuda:0')
1 thumb_middle
tensor([0.2270, 0.1895, 0.2073, 0.1900, 0.2007, 0.2038, 0.2039, 0.2004, 0.3104,
        0.2526, 0.2594, 0.2465, 0.2058, 0.1889, 0.2712, 0.2613],
       device='cuda:0')
tensor([0.1122, 0.1028, 0.0771, 0.0999, 0.0798, 0.0768, 0.0788, 0.0795, 0.1284,
        0.0863, 0.1034, 0.0796, 0.0777, 0.1040, 0.1035, 0.1007],
       device='cuda:0')
skipped 1 states
tensor([0.0585, 0.0715, 0.0620, 0.0693, 0.0792, 0.0610, 0.0894, 0.0812, 0.0838,
        0.0727, 0.0493, 0.0729, 0.0609, 0.0512, 0.1370, 0.0513],
       device='cuda:0')
tensor([0.0849, 0.0498, 0.1068, 0.0530, 0.0720, 0.0961, 0.0630, 0.0736, 0.0507,
        0.1273, 0.0789, 0.1294, 0.1057, 0.1075, 0.0795, 0.0933],
       device='cuda:0')
skipped 1 states
skipped 4 states
Shortcut time 0.003959679044783115
tensor([ 0.1635,  0.6982,  0.5034,  0.5410, -0.1534,  0.5486,  0.8847,  0.7484,
         1.3651,  0.1459,  0.2465,  0.9886, -0.0041,  0.0423, -0.4352,  0.0000],
       device='cuda:0')
Solve time for step 1 18.49003189569339
Current ori: tensor([-0.0038,  0.0424, -0.4356], device='cuda:0')
Index force: tensor([0.0068, 0.0626, 0.0515, 0.1091, 0.6815, 0.2591], device='cuda:0')
tensor([-0.0030,  0.0418, -0.4359], device='cuda:0')
tensor([ 0.1649,  0.6978,  0.5034,  0.5542, -0.2266,  0.5490,  0.8196,  0.7266,
         1.3575,  0.1463,  0.2207,  0.9567,  0.0030,  0.0409, -0.4574,  0.0000],
       device='cuda:0')
Solve time for step 2 6.678412194829434
Current ori: tensor([ 0.0022,  0.0420, -0.4576], device='cuda:0')
Index force: tensor([0.0593, 0.0517, 0.1065, 0.6708, 0.2502], device='cuda:0')
tensor([ 0.0015,  0.0417, -0.4577], device='cuda:0')
tensor([ 0.1642,  0.6977,  0.5035,  0.5544, -0.2268,  0.5497,  0.8194,  0.7049,
         1.3536,  0.1271,  0.2207,  0.9568,  0.0027,  0.0433, -0.4575,  0.0000],
       device='cuda:0')
Solve time for step 3 6.377491216175258
Current ori: tensor([ 0.0019,  0.0432, -0.4577], device='cuda:0')
Index force: tensor([0.0024, 0.0554, 0.4316, 0.2795], device='cuda:0')
tensor([ 0.0022,  0.0434, -0.4579], device='cuda:0')
tensor([ 0.1640,  0.6979,  0.5019,  0.5547, -0.2268,  0.5497,  0.8193,  0.6792,
         1.3534,  0.1161,  0.2205,  0.9581, -0.0033,  0.0415, -0.4576,  0.0000],
       device='cuda:0')
Solve time for step 4 6.244453003164381
Current ori: tensor([-0.0036,  0.0423, -0.4578], device='cuda:0')
Index force: tensor([0.0565, 0.1603, 0.1594], device='cuda:0')
tensor([-0.0027,  0.0419, -0.4578], device='cuda:0')
tensor([ 0.1640,  0.6979,  0.5013,  0.5549, -0.2277,  0.5497,  0.8193,  0.6793,
         1.3534,  0.0964,  0.2204,  0.9678, -0.0031,  0.0417, -0.4579,  0.0000],
       device='cuda:0')
Solve time for step 5 6.013741674833
Current ori: tensor([-0.0029,  0.0414, -0.4569], device='cuda:0')
Index force: tensor([0.1884, 0.1684], device='cuda:0')
tensor([-0.0029,  0.0422, -0.4578], device='cuda:0')
tensor([ 0.1637,  0.7120,  0.4780,  0.5544, -0.2276,  0.5496,  0.8194,  0.6792,
         1.3533,  0.0964,  0.2205,  0.9679, -0.0057,  0.0405, -0.4614,  0.0000],
       device='cuda:0')
Solve time for step 6 5.888677316252142
Current ori: tensor([-0.0052,  0.0411, -0.4624], device='cuda:0')
Index force: tensor([0.1641], device='cuda:0')
tensor([-0.0053,  0.0409, -0.4622], device='cuda:0')
Likelihood: -198.82640075683594
State is out of distribution
Likelihood for thumb_middle: -50.668704986572266
Likelihood for index: -44.79011535644531
Current yaw: tensor([-0.0105,  0.0408, -0.4730], device='cuda:0')
1 index
tensor([0.2025, 0.3219, 0.1572, 0.1500, 0.1537, 0.1402, 0.2143, 0.2117, 0.1474,
        0.1498, 0.1499, 0.3162, 0.2568, 0.2096, 0.1522, 0.1447],
       device='cuda:0')
tensor([0.1295, 0.0781, 0.1234, 0.0699, 0.1171, 0.0918, 0.1084, 0.1208, 0.1108,
        0.0691, 0.1090, 0.0769, 0.0805, 0.1131, 0.0718, 0.0876],
       device='cuda:0')
skipped 1 states
skipped 4 states
tensor([0.1605, 0.1558, 0.1650, 0.1641, 0.1666, 0.1696, 0.1636, 0.1605, 0.1736,
        0.1652, 0.1672, 0.1584, 0.1624, 0.1638, 0.1666, 0.1691],
       device='cuda:0')
skipped 3 states
Shortcut time 0.0032036248594522476
tensor([ 0.1633,  0.7154,  0.4782,  0.5198, -0.1839,  0.6408,  0.8477,  0.6817,
         1.4002,  0.1118,  0.2257,  0.9885, -0.0065,  0.0360, -0.4650,  0.0000],
       device='cuda:0')
Solve time for step 1 20.649129597935826
Current ori: tensor([-0.0073,  0.0363, -0.4643], device='cuda:0')
Middle force: tensor([1.4998, 1.5078, 1.5681, 1.5030], device='cuda:0')
Thumb force: tensor([1.7029, 1.5970, 1.5347, 1.7010], device='cuda:0')
tensor([-0.0071,  0.0360, -0.4641], device='cuda:0')
tensor([ 0.1640,  0.5968,  0.4734,  0.4535, -0.1720,  0.6768,  0.8050,  0.7168,
         1.3791,  0.1626,  0.2265,  0.9885, -0.0125,  0.0283, -0.4732,  0.0000],
       device='cuda:0')
Solve time for step 2 7.142273681238294
Current ori: tensor([-0.0135,  0.0287, -0.4725], device='cuda:0')
Middle force: tensor([1.5215, 1.5314, 1.5030], device='cuda:0')
Thumb force: tensor([1.5406, 1.5442, 1.6861], device='cuda:0')
tensor([-0.0149,  0.0300, -0.4734], device='cuda:0')
tensor([ 0.1640,  0.5969,  0.4734,  0.4421, -0.1659,  0.6767,  0.7993,  0.7181,
         1.3767,  0.1630,  0.2265,  0.9886, -0.0121,  0.0272, -0.4721,  0.0000],
       device='cuda:0')
Solve time for step 3 7.113774418830872
Current ori: tensor([-0.0158,  0.0287, -0.4726], device='cuda:0')
Middle force: tensor([1.5050, 1.5019], device='cuda:0')
Thumb force: tensor([1.5760, 1.6660], device='cuda:0')
tensor([-0.0116,  0.0268, -0.4722], device='cuda:0')
tensor([ 0.1639,  0.5968,  0.4734,  0.4419, -0.2051,  0.6933,  0.7921,  0.7257,
         1.3806,  0.1934,  0.2278,  0.9886, -0.0181,  0.0379, -0.4714,  0.0000],
       device='cuda:0')
Solve time for step 4 6.8633166290819645
Current ori: tensor([-0.0184,  0.0388, -0.4718], device='cuda:0')
Middle force: tensor([1.5006], device='cuda:0')
Thumb force: tensor([1.6389], device='cuda:0')
tensor([-0.0180,  0.0380, -0.4713], device='cuda:0')
Likelihood: -197.09933471679688
State is out of distribution
Likelihood for thumb_middle: -37.12165069580078
Likelihood for index: -38.914527893066406
Current yaw: tensor([-0.0182,  0.0379, -0.4643], device='cuda:0')
1 thumb_middle
tensor([0.2154, 0.1723, 0.1614, 0.2820, 0.1310, 0.3260, 0.1711, 0.2015, 0.1320,
        0.2778, 0.3201, 0.1337, 0.1316, 0.2072, 0.1320, 0.1594],
       device='cuda:0')
tensor([0.0854, 0.1085, 0.0691, 0.0899, 0.1159, 0.0506, 0.1080, 0.0816, 0.1112,
        0.0895, 0.0517, 0.1138, 0.1229, 0.0862, 0.1149, 0.1026],
       device='cuda:0')
skipped 1 states
tensor([0.1587, 0.1088, 0.1110, 0.1492, 0.1523, 0.0681, 0.1031, 0.1208, 0.1421,
        0.1235, 0.0700, 0.1422, 0.0821, 0.1932, 0.1497, 0.1505],
       device='cuda:0')
skipped 3 states
skipped 4 states
Shortcut time 0.003629811108112335
