CCAI_PATH /home/abhinav/Documents/ccai
joint command publisher initialized.
ros listner initialized.
obj_trans pre [0.02951584 0.29359829 0.12354284]
obj_trans post z offset [0.02951584 0.29359829 0.01307804]
obj_trans post hand offset [-3.16072471e-07  9.49999304e-02 -1.25000319e-01]
hand to mocap world position [0.02951616 0.19859836 0.13807836]
obj_trans pre [-3.16072471e-07  9.49999304e-02 -1.25000319e-01]
obj_trans post z offset [-3.16072471e-07  9.49999304e-02 -2.35465119e-01]
obj_trans post hand offset [-3.16072471e-07  9.49999602e-02 -1.25000307e-01]
hand to mocap world position [ 0.0000000e+00 -2.9802322e-08 -1.1046481e-01]
obj_trans pre [-3.16072471e-07  9.49999602e-02 -1.25000307e-01]
obj_trans post z offset [-3.16072471e-07  9.49999602e-02 -2.35465107e-01]
obj_trans post hand offset [-3.16072471e-07  9.49999602e-02 -1.25000296e-01]
hand to mocap world position [ 0.          0.         -0.11046481]
obj_trans pre [-3.16072471e-07  9.49999602e-02 -1.25000296e-01]
obj_trans post z offset [-3.16072471e-07  9.49999602e-02 -2.35465096e-01]
obj_trans post hand offset [0.02954726 0.29359803 0.23397295]
hand to mocap world position [ 0.          0.         -0.11046475]
obj_trans pre [0.02954726 0.29359803 0.23397295]
obj_trans post z offset [0.02954726 0.29359803 0.12350815]
obj_trans post hand offset [-2.49919415e-07  9.49999389e-02 -1.25000333e-01]
hand to mocap world position [0.02954751 0.19859809 0.24850848]
Root coor: [-2.49919415e-07  9.49999389e-02 -1.25000333e-01]
Root ori: [-0.00155814  0.02782263 -0.11349385]
joint command publisher initialized.
joint state subscriber initialized.

Trial 1
No action perturbation this trial
[ models/temporal ] Channel dimensions: [(37, 128), (128, 256), (256, 512)]
[ models/temporal ] Channel dimensions: [(37, 128), (128, 256), (256, 512)]
[ models/temporal ] Channel dimensions: [(37, 128), (128, 256)]
[ models/temporal ] Channel dimensions: [(37, 128), (128, 256), (256, 512)]
[ models/temporal ] Channel dimensions: [(37, 128), (128, 256), (256, 512)]
[ models/temporal ] Channel dimensions: [(37, 128), (128, 256)]
Loaded trajectory sampler
Current yaw: tensor([ 0.0193,  0.0256, -0.0438], device='cuda:0')
tensor([0.0281, 0.0226, 0.0141], device='cuda:0')
tensor([0.0352, 0.0148, 0.0158], device='cuda:0')
Pregrasp complete. Ready to execute. Press <ENTER> to continue.Current yaw: tensor([0.0308, 0.0157, 0.0105], device='cuda:0')
1 turn
Sampling time 5.05631089489907
tensor([0.2607, 0.4080, 0.2631, 0.2231, 0.2712, 0.2621, 0.2571, 0.2517, 0.4089,
        0.1891, 0.4089, 0.2612, 0.2189, 0.2557, 0.2261, 0.4525],
       device='cuda:0')
tensor([0.0555, 0.1748, 0.1490, 0.1516, 0.0535, 0.1538, 0.0419, 0.1243, 0.1779,
        0.0650, 0.1791, 0.0558, 0.0694, 0.0427, 0.1247, 0.2760],
       device='cuda:0')
tensor([0.0557, 0.0751, 0.1568, 0.1596, 0.1216, 0.1575, 0.0683, 0.1222, 0.0732,
        0.0602, 0.0724, 0.0557, 0.0525, 0.0657, 0.0863, 0.1293],
       device='cuda:0')
skipped 1 states
tensor([0.0636, 0.0618, 0.0624, 0.0428, 0.0838, 0.0606, 0.0640, 0.0562, 0.0660,
        0.0714, 0.0648, 0.0627, 0.0665, 0.0629, 0.0811, 0.1329],
       device='cuda:0')
tensor([0.0605, 0.0568, 0.0868, 0.0528, 0.0535, 0.0860, 0.0999, 0.1080, 0.0565,
        0.1019, 0.0573, 0.0610, 0.0758, 0.1007, 0.0681, 0.0922],
       device='cuda:0')
skipped 1 states
tensor([0.0813, 0.0558, 0.0864, 0.0470, 0.1075, 0.0863, 0.1014, 0.0616, 0.0877,
        0.0822, 0.0536, 0.0806, 0.0518, 0.0910, 0.0761, 0.1397],
       device='cuda:0')
skipped 1 states
skipped 2 states
Shortcut time 0.0054639000445604324
tensor([ 0.1722,  0.6262,  0.5554,  0.6313, -0.0971,  0.5751,  0.8634,  0.8715,
         1.1835,  0.3262,  0.2575,  1.1432,  0.0320,  0.0155,  0.0108,  0.0000],
       device='cuda:0')
Likelihood: -25.082504272460938
Solve time for step 1 21.83081038435921
Current ori: tensor([0.0359, 0.0153, 0.0165], device='cuda:0')
Middle force: tensor([1.5247, 1.4996, 1.6584, 1.5156, 1.5100, 1.5431, 1.5502],
       device='cuda:0')
Thumb force: tensor([1.5231, 1.5743, 2.0552, 1.6103, 1.5738, 1.7527, 1.5659],
       device='cuda:0')
Index force: tensor([0.6649, 1.1166, 0.9195, 0.8615, 1.2246, 0.9639, 0.7825],
       device='cuda:0')
tensor([0.0323, 0.0154, 0.0108], device='cuda:0')
tensor([ 0.1701,  0.6598,  0.5457,  0.5863, -0.1047,  0.5673,  0.8520,  0.9431,
         1.3151,  0.1426,  0.2432,  1.0316,  0.0050,  0.0140, -0.1611,  0.0000],
       device='cuda:0')
Likelihood: -21.783884048461914
Solve time for step 2 7.5210372298024595
Current ori: tensor([ 0.0050,  0.0143, -0.1609], device='cuda:0')
Middle force: tensor([1.5131, 1.5233, 1.5418, 1.5131, 1.4999, 1.5542], device='cuda:0')
Thumb force: tensor([1.5766, 1.6774, 1.5780, 1.5697, 1.7664, 1.5856], device='cuda:0')
Index force: tensor([0.4501, 0.4183, 0.9500, 1.1656, 1.7569, 0.4211], device='cuda:0')
tensor([ 0.0047,  0.0141, -0.1612], device='cuda:0')
tensor([ 0.1721,  0.6582,  0.5456,  0.5951, -0.1019,  0.5632,  0.8389,  0.9752,
         1.2833,  0.2078,  0.2550,  1.0184,  0.0168,  0.0122, -0.2065,  0.0000],
       device='cuda:0')
Likelihood: -19.320011138916016
Solve time for step 3 7.398445876780897
Current ori: tensor([ 0.0166,  0.0119, -0.2074], device='cuda:0')
Middle force: tensor([1.5791, 1.5057, 1.5079, 1.5025, 1.5490], device='cuda:0')
Thumb force: tensor([1.8779, 1.5501, 1.5292, 1.7499, 1.5069], device='cuda:0')
Index force: tensor([0.7596, 0.8041, 1.1633, 1.3042, 0.3845], device='cuda:0')
tensor([ 0.0161,  0.0117, -0.2074], device='cuda:0')
tensor([ 0.1670,  0.6757,  0.5352,  0.5674, -0.1046,  0.5907,  0.8174,  0.9264,
         1.2964,  0.1946,  0.2671,  0.9684, -0.0081,  0.0102, -0.1880,  0.0000],
       device='cuda:0')
Likelihood: -24.06103515625
Solve time for step 4 6.790982561185956
Current ori: tensor([ 0.0049,  0.0144, -0.1925], device='cuda:0')
Middle force: tensor([1.5234, 1.5050, 1.5001, 1.5323], device='cuda:0')
Thumb force: tensor([1.5365, 1.5371, 1.6458, 1.5478], device='cuda:0')
Index force: tensor([0.8999, 1.0739, 1.6292, 0.3989], device='cuda:0')
tensor([-0.0070,  0.0101, -0.1880], device='cuda:0')
tensor([ 0.1709,  0.6758,  0.5349,  0.5690, -0.1042,  0.5982,  0.8074,  0.9402,
         1.2877,  0.2085,  0.2793,  0.9381, -0.0013,  0.0137, -0.2110,  0.0000],
       device='cuda:0')
Likelihood: -26.098758697509766
Solve time for step 5 6.602926597930491
Current ori: tensor([ 0.0053,  0.0128, -0.2107], device='cuda:0')
Middle force: tensor([1.5029, 1.5000, 1.5241], device='cuda:0')
Thumb force: tensor([1.5243, 1.6188, 1.5339], device='cuda:0')
Index force: tensor([1.0232, 1.5455, 0.3854], device='cuda:0')
tensor([-0.0004,  0.0139, -0.2113], device='cuda:0')
tensor([ 0.1693,  0.6759,  0.5351,  0.5701, -0.1037,  0.6019,  0.7986,  0.9385,
         1.2739,  0.2319,  0.2849,  0.9376, -0.0144,  0.0124, -0.2110,  0.0000],
       device='cuda:0')
Likelihood: -30.406841278076172
Solve time for step 6 6.6334889200516045
Current ori: tensor([-0.0150,  0.0128, -0.2113], device='cuda:0')
Middle force: tensor([1.5000, 1.5181], device='cuda:0')
Thumb force: tensor([1.5791, 1.5253], device='cuda:0')
Index force: tensor([1.5166, 0.3774], device='cuda:0')
tensor([-0.0116,  0.0170, -0.2130], device='cuda:0')
tensor([ 0.1695,  0.6755,  0.5351,  0.5745, -0.1034,  0.5925,  0.8117,  0.9515,
         1.2693,  0.2296,  0.2943,  0.9348, -0.0073,  0.0169, -0.2233,  0.0000],
       device='cuda:0')
Likelihood: -25.519542694091797
Solve time for step 7 6.373596708290279
Current ori: tensor([-0.0090,  0.0170, -0.2225], device='cuda:0')
Middle force: tensor([1.5106], device='cuda:0')
Thumb force: tensor([1.5139], device='cuda:0')
Index force: tensor([0.3585], device='cuda:0')
tensor([-0.0093,  0.0162, -0.2224], device='cuda:0')
Current yaw: tensor([-0.0041,  0.0202, -0.3383], device='cuda:0')
2 turn
Sampling time 5.0497642937116325
tensor([0.3601, 0.2408, 0.2108, 0.2672, 0.2644, 0.3408, 0.2464, 0.3576, 0.2107,
        0.2420, 0.3569, 0.3413, 0.2615, 0.2396, 0.2410, 0.2636],
       device='cuda:0')
tensor([0.2684, 0.0490, 0.1146, 0.0611, 0.1595, 0.1362, 0.0580, 0.2649, 0.1147,
        0.1139, 0.2670, 0.1352, 0.1548, 0.1084, 0.1117, 0.0600],
       device='cuda:0')
tensor([0.0583, 0.0894, 0.0801, 0.0427, 0.0611, 0.0551, 0.0821, 0.0622, 0.0825,
        0.0840, 0.0608, 0.0552, 0.0562, 0.0844, 0.0857, 0.0419],
       device='cuda:0')
tensor([0.0740, 0.1225, 0.1223, 0.0772, 0.1263, 0.1098, 0.1234, 0.0718, 0.1230,
        0.0865, 0.0746, 0.1088, 0.1274, 0.0878, 0.0854, 0.0777],
       device='cuda:0')
skipped 1 states
tensor([0.0889, 0.1075, 0.0696, 0.0619, 0.0491, 0.0643, 0.0957, 0.0878, 0.0700,
        0.0822, 0.0880, 0.0656, 0.0458, 0.0823, 0.0831, 0.0577],
       device='cuda:0')
skipped 1 states
tensor([0.0490, 0.0600, 0.0706, 0.0782, 0.0482, 0.0749, 0.0500, 0.1406, 0.0719,
        0.0533, 0.0484, 0.0774, 0.0897, 0.0548, 0.0865, 0.1333],
       device='cuda:0')
skipped 1 states
skipped 2 states
Shortcut time 0.021202290896326303
tensor([ 0.1713,  0.6754,  0.5350,  0.5745, -0.1026,  0.5714,  0.8164,  1.0022,
         1.2959,  0.2119,  0.3108,  0.8626, -0.0042,  0.0196, -0.3388,  0.0000],
       device='cuda:0')
Likelihood: -27.22280502319336
Solve time for step 1 21.771047323010862
Current ori: tensor([-0.0026,  0.0198, -0.3391], device='cuda:0')
Middle force: tensor([1.4985, 1.5140, 1.5851, 1.5632, 1.5117, 1.5371, 1.5195],
       device='cuda:0')
Thumb force: tensor([1.6516, 1.6004, 1.5897, 1.5004, 1.5839, 1.5708, 1.5719],
       device='cuda:0')
Index force: tensor([1.1425, 0.5452, 0.2492, 0.9893, 1.2204, 1.1373, 0.7159],
       device='cuda:0')
tensor([-0.0048,  0.0202, -0.3390], device='cuda:0')
tensor([ 0.1857,  0.6783,  0.5467,  0.5800, -0.0998,  0.5720,  0.8177,  1.0027,
         1.2630,  0.2697,  0.3068,  0.8639,  0.0092, -0.0019, -0.3713,  0.0000],
       device='cuda:0')
Likelihood: -27.111295700073242
Solve time for step 2 7.6312700738199055
Current ori: tensor([ 0.0098, -0.0016, -0.3732], device='cuda:0')
Middle force: tensor([1.5078, 1.5622, 1.5457, 1.5062, 1.5275, 1.5110], device='cuda:0')
Thumb force: tensor([1.5672, 1.5627, 1.5003, 1.5563, 1.5335, 1.5488], device='cuda:0')
Index force: tensor([0.5154, 0.2321, 0.9586, 1.1590, 1.0941, 0.6764], device='cuda:0')
tensor([ 0.0091, -0.0020, -0.3729], device='cuda:0')
tensor([ 0.1844,  0.6755,  0.5443,  0.5852, -0.1006,  0.5718,  0.8149,  1.0074,
         1.2876,  0.2479,  0.3058,  0.8483, -0.0030,  0.0077, -0.4072,  0.0000],
       device='cuda:0')
Likelihood: -41.655548095703125
State is out of distribution
Likelihood for thumb_middle: -7.697178840637207
Likelihood for index: -4.562546253204346
Current yaw: tensor([-0.0031,  0.0080, -0.4076], device='cuda:0')
2 index
tensor([0.1828, 0.1709, 0.1585, 0.1674, 0.1782, 0.1846, 0.1865, 0.1842, 0.1826,
        0.1847, 0.1836, 0.1732, 0.1703, 0.1793, 0.1336, 0.1379],
       device='cuda:0')
tensor([0.0501, 0.0429, 0.0419, 0.0745, 0.0489, 0.0472, 0.0482, 0.0469, 0.0506,
        0.0482, 0.0481, 0.0460, 0.0458, 0.0755, 0.0598, 0.0701],
       device='cuda:0')
skipped 1 states
tensor([0.0802, 0.0767, 0.0801, 0.0636, 0.0840, 0.0540, 0.0542, 0.0808, 0.0561,
        0.0546, 0.0804, 0.0814, 0.0728, 0.0665, 0.0918, 0.0558],
       device='cuda:0')
skipped 1 states
skipped 4 states
skipped 1 states
Shortcut time 0.0031340098939836025
tensor([ 0.1846,  0.6756,  0.5441,  0.5850, -0.1009,  0.5718,  0.8147,  1.0082,
         1.2877,  0.2476,  0.3062,  0.8483, -0.0024,  0.0081, -0.4079,  0.0000],
       device='cuda:0')
Solve time for step 1 21.54103981796652
Current ori: tensor([-0.0018,  0.0080, -0.4083], device='cuda:0')
Middle force: tensor([1.5116, 1.5496, 1.5259, 1.5052, 1.5030], device='cuda:0')
Thumb force: tensor([1.4976, 1.5195, 1.5473, 1.6502, 1.6463], device='cuda:0')
tensor([-0.0015,  0.0073, -0.4079], device='cuda:0')
tensor([ 0.2294,  0.5832,  0.5410,  0.5954, -0.1020,  0.5936,  0.8356,  1.0090,
         1.2843,  0.2137,  0.3068,  0.8305, -0.0180, -0.0084, -0.4444,  0.0000],
       device='cuda:0')
Solve time for step 2 7.483893107157201
Current ori: tensor([-0.0186, -0.0080, -0.4448], device='cuda:0')
Middle force: tensor([1.5334, 1.5194, 1.5034, 1.5014], device='cuda:0')
Thumb force: tensor([1.5116, 1.5238, 1.5808, 1.5870], device='cuda:0')
tensor([-0.0180, -0.0084, -0.4448], device='cuda:0')
tensor([ 0.2298,  0.5832,  0.5410,  0.6011, -0.1034,  0.5921,  0.8422,  1.0089,
         1.2842,  0.2124,  0.3051,  0.8404, -0.0148, -0.0022, -0.4399,  0.0000],
       device='cuda:0')
Solve time for step 3 7.816376421134919
Current ori: tensor([-0.0144, -0.0082, -0.4367], device='cuda:0')
Middle force: tensor([1.5000, 1.5004, 1.5001], device='cuda:0')
Thumb force: tensor([1.5059, 1.5112, 1.5125], device='cuda:0')
tensor([-0.0152, -0.0080, -0.4366], device='cuda:0')
tensor([ 0.2293,  0.5834,  0.5410,  0.6012, -0.1047,  0.5835,  0.8393,  1.0048,
         1.2780,  0.2271,  0.3008,  0.8723, -0.0117, -0.0017, -0.4086,  0.0000],
       device='cuda:0')
Solve time for step 4 7.208486111834645
Current ori: tensor([-0.0119, -0.0016, -0.4092], device='cuda:0')
Middle force: tensor([1.5000, 1.5001], device='cuda:0')
Thumb force: tensor([1.5363, 1.5536], device='cuda:0')
tensor([-0.0106, -0.0010, -0.4095], device='cuda:0')
tensor([ 0.2297,  0.5835,  0.5410,  0.6013, -0.1049,  0.5797,  0.8484,  1.0049,
         1.2816,  0.2217,  0.3016,  0.8708, -0.0095,  0.0024, -0.4189,  0.0000],
       device='cuda:0')
Solve time for step 5 7.176040748134255
Current ori: tensor([-0.0100,  0.0023, -0.4188], device='cuda:0')
Middle force: tensor([1.5013], device='cuda:0')
Thumb force: tensor([1.5224], device='cuda:0')
tensor([-0.0114, -0.0020, -0.4164], device='cuda:0')
Likelihood: -27.89981460571289
State is in distribution
Current yaw: tensor([-0.0129, -0.0037, -0.4194], device='cuda:0')
2 turn
Sampling time 5.143186428118497
tensor([0.3026, 0.2653, 0.3072, 0.2066, 0.2352, 0.2346, 0.2214, 0.2349, 0.2683,
        0.3406, 0.3977, 0.3600, 0.2065, 0.2711, 0.2915, 0.3045],
       device='cuda:0')
tensor([0.2585, 0.0895, 0.1376, 0.1239, 0.0499, 0.2103, 0.0535, 0.0697, 0.0716,
        0.0937, 0.0744, 0.2760, 0.1084, 0.0690, 0.0906, 0.1418],
       device='cuda:0')
tensor([0.1286, 0.0904, 0.1649, 0.2190, 0.0631, 0.0674, 0.0707, 0.0562, 0.0573,
        0.1800, 0.1874, 0.1793, 0.1303, 0.0591, 0.1811, 0.1651],
       device='cuda:0')
skipped 1 states
tensor([0.0412, 0.0419, 0.1075, 0.0583, 0.0624, 0.0621, 0.0643, 0.0665, 0.0806,
        0.1543, 0.0419, 0.0596, 0.0677, 0.0805, 0.0806, 0.1098],
       device='cuda:0')
tensor([0.0833, 0.0730, 0.0578, 0.1257, 0.0585, 0.0633, 0.0988, 0.0939, 0.0770,
        0.0837, 0.0537, 0.0663, 0.0688, 0.0776, 0.0665, 0.0604],
       device='cuda:0')
skipped 1 states
skipped 4 states
Shortcut time 0.019844701047986746
tensor([ 0.1759,  0.6245,  0.5784,  0.6217, -0.1057,  0.5846,  0.8478,  1.0048,
         1.2868,  0.2121,  0.2966,  0.8700, -0.0126, -0.0037, -0.4200,  0.0000],
       device='cuda:0')
Likelihood: -26.487064361572266
Solve time for step 1 21.066299594007432
Current ori: tensor([-0.0133, -0.0035, -0.4198], device='cuda:0')
Middle force: tensor([1.8724, 1.5624, 1.5567, 1.5444, 1.5724, 1.5290], device='cuda:0')
Thumb force: tensor([1.5851, 1.5835, 1.5958, 1.5996, 1.6025, 2.1260], device='cuda:0')
Index force: tensor([0.5445, 0.5277, 0.9153, 0.5023, 0.0875, 0.6766], device='cuda:0')
tensor([-0.0121, -0.0040, -0.4198], device='cuda:0')
tensor([ 0.1759,  0.6245,  0.5784,  0.6216, -0.1044,  0.5465,  0.9171,  1.0436,
         1.2911,  0.2037,  0.3457,  0.7345, -0.0237, -0.0127, -0.5934,  0.0000],
       device='cuda:0')
Likelihood: -28.857677459716797
Solve time for step 2 7.2538459110073745
Current ori: tensor([-0.0232, -0.0123, -0.5941], device='cuda:0')
Middle force: tensor([1.5162, 1.5137, 1.5917, 1.5193, 1.6557], device='cuda:0')
Thumb force: tensor([1.5885, 1.7692, 1.5445, 1.5606, 1.5682], device='cuda:0')
Index force: tensor([0.5020, 0.4635, 0.9578, 1.1841, 1.6873], device='cuda:0')
tensor([-0.0240, -0.0124, -0.5939], device='cuda:0')
tensor([ 0.1752,  0.6127,  0.5900,  0.6440, -0.1035,  0.5446,  0.9063,  1.0543,
         1.2923,  0.2132,  0.3434,  0.7453, -0.0210, -0.0120, -0.5931,  0.0000],
       device='cuda:0')
Likelihood: -29.298297882080078
Solve time for step 3 7.118299196008593
Current ori: tensor([-0.0213, -0.0115, -0.5950], device='cuda:0')
Middle force: tensor([1.5088, 1.5766, 1.5144, 1.6235], device='cuda:0')
Thumb force: tensor([1.7267, 1.5326, 1.5432, 1.5501], device='cuda:0')
Index force: tensor([0.4461, 0.9355, 1.1487, 1.6331], device='cuda:0')
tensor([-0.0218, -0.0116, -0.5940], device='cuda:0')
tensor([ 0.1753,  0.6058,  0.5984,  0.6470, -0.1071,  0.5503,  0.8993,  1.0594,
         1.2867,  0.2262,  0.3446,  0.7453, -0.0221, -0.0110, -0.5923,  0.0000],
       device='cuda:0')
Likelihood: -28.37554931640625
Solve time for step 4 6.812459702603519
Current ori: tensor([-0.0194, -0.0128, -0.5916], device='cuda:0')
Middle force: tensor([1.5631, 1.5102, 1.5960], device='cuda:0')
Thumb force: tensor([1.5229, 1.5305, 1.5361], device='cuda:0')
Index force: tensor([0.9142, 1.1163, 1.5814], device='cuda:0')
tensor([-0.0196, -0.0118, -0.5922], device='cuda:0')
tensor([ 0.1753,  0.5954,  0.6077,  0.6557, -0.1070,  0.5428,  0.9038,  1.0826,
         1.2958,  0.2170,  0.3636,  0.6938, -0.0140, -0.0150, -0.6408,  0.0000],
       device='cuda:0')
Likelihood: -34.35763168334961
Solve time for step 5 6.597152516245842
Current ori: tensor([-0.0147, -0.0155, -0.6404], device='cuda:0')
Middle force: tensor([1.5077, 1.5821], device='cuda:0')
Thumb force: tensor([1.5232, 1.5254], device='cuda:0')
Index force: tensor([1.0932, 1.5408], device='cuda:0')
tensor([-0.0146, -0.0151, -0.6406], device='cuda:0')
tensor([ 1.7013e-01,  5.8884e-01,  6.1212e-01,  6.5995e-01, -1.0724e-01,
         5.3023e-01,  9.1558e-01,  1.1031e+00,  1.3003e+00,  2.2725e-01,
         3.7464e-01,  6.5243e-01, -8.5002e-04, -1.0935e-02, -6.9240e-01,
         0.0000e+00], device='cuda:0')
Likelihood: -29.35662078857422
Solve time for step 6 6.384735612664372
Current ori: tensor([-6.8160e-05, -1.1827e-02, -6.9263e-01], device='cuda:0')
Middle force: tensor([1.5660], device='cuda:0')
Thumb force: tensor([1.5168], device='cuda:0')
Index force: tensor([1.4820], device='cuda:0')
tensor([ 4.5345e-04, -1.1342e-02, -6.9266e-01], device='cuda:0')
Current yaw: tensor([ 0.0050, -0.0069, -0.7526], device='cuda:0')
3 turn
Sampling time 5.132713017985225
tensor([0.3191, 0.4826, 0.4800, 0.3321, 0.4828, 0.4645, 0.4694, 0.4813, 0.4769,
        0.4586, 0.3251, 0.4982, 0.4659, 0.5175, 0.3217, 0.3771],
       device='cuda:0')
tensor([0.0776, 0.0915, 0.2844, 0.1285, 0.0614, 0.1798, 0.1851, 0.0926, 0.1170,
        0.1687, 0.0788, 0.1103, 0.1808, 0.1566, 0.0787, 0.1911],
       device='cuda:0')
skipped 1 states
tensor([0.0604, 0.0612, 0.1454, 0.1308, 0.1077, 0.1177, 0.0808, 0.0603, 0.1068,
        0.0859, 0.0613, 0.1773, 0.0815, 0.1025, 0.0618, 0.0696],
       device='cuda:0')
skipped 1 states
tensor([0.1071, 0.0921, 0.0701, 0.0484, 0.0635, 0.0653, 0.0802, 0.0904, 0.0722,
        0.0800, 0.0415, 0.1068, 0.0783, 0.0528, 0.0414, 0.0500],
       device='cuda:0')
skipped 1 states
skipped 4 states
Shortcut time 0.01842537196353078
tensor([ 1.7125e-01,  5.8905e-01,  6.1195e-01,  6.6245e-01, -1.0558e-01,
         5.0825e-01,  9.2841e-01,  1.1263e+00,  1.3032e+00,  2.2262e-01,
         3.9455e-01,  6.1680e-01,  1.7264e-04, -1.0649e-02, -7.4374e-01,
         0.0000e+00], device='cuda:0')
Likelihood: -38.532676696777344
Solve time for step 1 20.230218172073364
Current ori: tensor([ 0.0019, -0.0068, -0.7528], device='cuda:0')
Middle force: tensor([1.4996, 1.5348, 1.5459, 1.6079, 1.5551], device='cuda:0')
Thumb force: tensor([2.0914, 1.5045, 1.6020, 1.6033, 1.6147], device='cuda:0')
Index force: tensor([2.2008, 0.7650, 0.5013, 0.4334, 1.1381], device='cuda:0')
tensor([-0.0016, -0.0096, -0.7452], device='cuda:0')
tensor([ 1.6522e-01,  6.2151e-01,  5.6865e-01,  6.4990e-01, -1.0392e-01,
         5.0945e-01,  9.2074e-01,  1.1418e+00,  1.2730e+00,  2.9239e-01,
         4.4342e-01,  5.2084e-01, -2.9171e-03, -5.6640e-04, -8.0769e-01,
         0.0000e+00], device='cuda:0')
Likelihood: -28.969989776611328
Solve time for step 2 6.935994165018201
Current ori: tensor([-0.0069, -0.0028, -0.8054], device='cuda:0')
Middle force: tensor([1.5241, 1.5334, 1.5909, 1.5426], device='cuda:0')
Thumb force: tensor([1.5018, 1.5837, 1.5796, 1.5875], device='cuda:0')
Index force: tensor([0.7333, 0.4852, 0.4013, 1.0810], device='cuda:0')
tensor([-2.5011e-03, -1.6602e-04, -8.0738e-01], device='cuda:0')
tensor([ 0.1602,  0.6215,  0.5616,  0.6494, -0.1098,  0.5201,  0.8998,  1.1557,
         1.3423,  0.1644,  0.4379,  0.4968, -0.0091, -0.0025, -0.7873,  0.0000],
       device='cuda:0')
Likelihood: -30.11376190185547
Solve time for step 3 6.665331423282623
Current ori: tensor([-0.0124, -0.0035, -0.7851], device='cuda:0')
Middle force: tensor([1.5229, 1.5748, 1.5315], device='cuda:0')
Thumb force: tensor([1.5634, 1.5583, 1.5626], device='cuda:0')
Index force: tensor([0.4604, 0.3764, 1.0256], device='cuda:0')
tensor([-0.0037,  0.0012, -0.7961], device='cuda:0')
tensor([ 1.6075e-01,  6.2128e-01,  5.6138e-01,  6.5091e-01, -1.0659e-01,
         5.0727e-01,  9.0839e-01,  1.1894e+00,  1.3437e+00,  1.6330e-01,
         4.9651e-01,  3.4298e-01, -8.8705e-03, -1.3133e-04, -8.8706e-01,
         0.0000e+00], device='cuda:0')
Likelihood: -39.69529724121094
Solve time for step 4 6.589317286852747
Current ori: tensor([-9.2549e-03,  3.8098e-04, -8.8702e-01], device='cuda:0')
Middle force: tensor([1.5589, 1.5212], device='cuda:0')
Thumb force: tensor([1.5371, 1.5443], device='cuda:0')
Index force: tensor([0.3498, 0.9714], device='cuda:0')
tensor([-8.1666e-03, -5.0304e-04, -8.8694e-01], device='cuda:0')
tensor([ 0.1630,  0.6216,  0.5616,  0.6511, -0.1072,  0.5023,  0.9187,  1.2087,
         1.3735,  0.1335,  0.5103,  0.2677, -0.0056, -0.0043, -0.9530,  0.0000],
       device='cuda:0')
Likelihood: -36.985504150390625
Solve time for step 5 6.5826485757716
Current ori: tensor([-0.0058, -0.0033, -0.9540], device='cuda:0')
Middle force: tensor([1.5074], device='cuda:0')
Thumb force: tensor([1.5229], device='cuda:0')
Index force: tensor([0.8992], device='cuda:0')
tensor([-0.0055, -0.0042, -0.9537], device='cuda:0')
Current yaw: tensor([-2.1921e-03,  9.9032e-04, -1.0233e+00], device='cuda:0')
4 turn
Sampling time 5.084696437697858
tensor([0.9207, 0.3446, 0.4913, 0.7766, 0.9255, 0.8046, 0.3567, 0.4690, 0.7612,
        0.5411, 0.9084, 0.9047, 0.5641, 0.7029, 0.9300, 0.9507],
       device='cuda:0')
tensor([0.1329, 0.0938, 0.0558, 0.1326, 0.1694, 0.0870, 0.1222, 0.2280, 0.1205,
        0.2257, 0.2388, 0.2546, 0.0994, 0.1579, 0.0816, 0.0642],
       device='cuda:0')
tensor([0.1821, 0.1029, 0.1063, 0.1505, 0.1675, 0.1513, 0.1278, 0.1582, 0.0950,
        0.1580, 0.2040, 0.1282, 0.1080, 0.1138, 0.1141, 0.0577],
       device='cuda:0')
skipped 1 states
tensor([0.0970, 0.0665, 0.0596, 0.0733, 0.0746, 0.0911, 0.0660, 0.0432, 0.0901,
        0.0419, 0.0740, 0.0437, 0.1015, 0.0618, 0.0788, 0.1026],
       device='cuda:0')
skipped 1 states
skipped 4 states
Shortcut time 0.02111139055341482
tensor([ 1.6226e-01,  6.1364e-01,  5.6680e-01,  6.7141e-01, -1.0649e-01,
         4.8097e-01,  9.3109e-01,  1.2443e+00,  1.3968e+00,  9.9912e-02,
         5.3802e-01,  1.9863e-01, -1.6973e-03,  1.1138e-03, -1.0232e+00,
         0.0000e+00], device='cuda:0')
Likelihood: -31.824371337890625
Solve time for step 1 21.179494113195688
Current ori: tensor([-1.6782e-03,  6.6927e-04, -1.0234e+00], device='cuda:0')
Middle force: tensor([1.5427, 1.5126, 1.5383, 1.5395, 1.5491, 1.5609], device='cuda:0')
Thumb force: tensor([1.6230, 1.6585, 1.5957, 1.6331, 1.6007, 1.5428], device='cuda:0')
Index force: tensor([0.5892, 0.6749, 0.9332, 0.3980, 0.6056, 0.2379], device='cuda:0')
tensor([-3.3023e-03, -9.3348e-04, -1.0159e+00], device='cuda:0')
tensor([ 1.6411e-01,  6.1402e-01,  5.2331e-01,  7.5740e-01, -1.0941e-01,
         4.9948e-01,  9.1570e-01,  1.1912e+00,  1.3784e+00,  1.0066e-01,
         4.5718e-01,  4.3550e-01,  6.0771e-03,  5.7671e-04, -8.3251e-01,
         0.0000e+00], device='cuda:0')
Likelihood: -33.815940856933594
Solve time for step 2 7.305070620961487
Current ori: tensor([ 0.0054,  0.0074, -0.7849], device='cuda:0')
Middle force: tensor([1.5204, 1.5846, 1.5224, 1.5299, 1.5072], device='cuda:0')
Thumb force: tensor([1.5294, 1.5416, 1.5719, 1.7802, 1.6025], device='cuda:0')
Index force: tensor([0.2440, 0.4298, 0.3323, 0.8633, 0.3748], device='cuda:0')
tensor([ 0.0043,  0.0061, -0.7855], device='cuda:0')
tensor([ 0.1630,  0.6139,  0.5216,  0.7596, -0.1320,  0.5001,  0.9087,  1.1703,
         1.3795,  0.1004,  0.4597,  0.4587,  0.0023,  0.0091, -0.7625,  0.0000],
       device='cuda:0')
Likelihood: -28.773847579956055
Solve time for step 3 7.099920637439936
Current ori: tensor([ 0.0531, -0.0049, -1.1230], device='cuda:0')
Middle force: tensor([1.5190, 1.5216, 1.5218, 1.5382], device='cuda:0')
Thumb force: tensor([1.5510, 1.5869, 1.5558, 1.5229], device='cuda:0')
Index force: tensor([0.8561, 0.3733, 0.5360, 0.2334], device='cuda:0')
tensor([ 0.0526, -0.0044, -1.1226], device='cuda:0')
tensor([ 0.1652,  0.6290,  0.4852,  0.7828, -0.1333,  0.5083,  0.9105,  1.1625,
         1.4029,  0.0615,  0.4678,  0.4482,  0.0545, -0.0073, -1.1352,  0.0000],
       device='cuda:0')
Likelihood: -35.050472259521484
Solve time for step 4 7.065993893891573
Current ori: tensor([ 0.0553, -0.0079, -1.1356], device='cuda:0')
Middle force: tensor([1.5140, 1.5123, 1.5296], device='cuda:0')
Thumb force: tensor([1.5690, 1.5364, 1.5154], device='cuda:0')
Index force: tensor([0.3615, 0.5062, 0.2296], device='cuda:0')
tensor([ 0.0557, -0.0082, -1.1358], device='cuda:0')
tensor([ 0.1652,  0.6532,  0.4553,  0.7775, -0.1329,  0.5322,  0.8910,  1.1530,
         1.4051,  0.0441,  0.4767,  0.4156,  0.0462, -0.0065, -1.1246,  0.0000],
       device='cuda:0')
Likelihood: -34.384056091308594
Solve time for step 5 6.676743801217526
Current ori: tensor([ 0.0468, -0.0074, -1.1243], device='cuda:0')
Middle force: tensor([1.5064, 1.5234], device='cuda:0')
Thumb force: tensor([1.5215, 1.5098], device='cuda:0')
Index force: tensor([0.4860, 0.2264], device='cuda:0')
tensor([ 0.0460, -0.0071, -1.1243], device='cuda:0')
tensor([ 0.1647,  0.6813,  0.4301,  0.7660, -0.1321,  0.5342,  0.8801,  1.1482,
         1.4183,  0.0255,  0.5043,  0.3416,  0.0415, -0.0058, -1.1380,  0.0000],
       device='cuda:0')
Likelihood: -36.75458908081055
Solve time for step 6 6.701654247939587
Current ori: tensor([ 0.0926, -0.0030, -0.7944], device='cuda:0')
Middle force: tensor([1.5156], device='cuda:0')
Thumb force: tensor([1.5041], device='cuda:0')
Index force: tensor([0.2220], device='cuda:0')
tensor([ 0.0925, -0.0037, -0.7943], device='cuda:0')
Current yaw: tensor([ 0.0924, -0.0026, -0.8016], device='cuda:0')
5 turn
Sampling time 5.1554390653036535
tensor([0.3554, 0.8879, 0.3089, 0.9015, 0.9058, 0.9049, 0.3087, 0.3550, 0.4024,
        0.3158, 0.3167, 0.8943, 0.9128, 0.3938, 0.2796, 0.8939],
       device='cuda:0')
tensor([0.0538, 0.0951, 0.2308, 0.1325, 0.1323, 0.1327, 0.2396, 0.1778, 0.1260,
        0.2346, 0.2393, 0.1141, 0.2341, 0.1264, 0.2419, 0.2143],
       device='cuda:0')
tensor([0.0816, 0.1629, 0.1269, 0.2563, 0.2476, 0.2567, 0.1985, 0.1352, 0.1102,
        0.2663, 0.2615, 0.2404, 0.0653, 0.1120, 0.2508, 0.1870],
       device='cuda:0')
tensor([0.0929, 0.1232, 0.1300, 0.2099, 0.2033, 0.2143, 0.1148, 0.0630, 0.0880,
        0.1072, 0.1381, 0.1990, 0.0804, 0.0830, 0.1385, 0.0636],
       device='cuda:0')
skipped 1 states
tensor([0.0483, 0.0984, 0.0454, 0.0938, 0.0926, 0.0943, 0.0577, 0.0807, 0.1398,
        0.0779, 0.1613, 0.0935, 0.1750, 0.0760, 0.1517, 0.0596],
       device='cuda:0')
skipped 2 states
skipped 4 states
Shortcut time 0.018468750175088644
tensor([ 0.1692,  0.6845,  0.4208,  0.7621, -0.1315,  0.5384,  0.8907,  1.1458,
         1.4129, -0.0353,  0.6248,  0.2712,  0.0935, -0.0043, -0.8016,  0.0000],
       device='cuda:0')
Likelihood: -41.933685302734375
State is out of distribution
Likelihood for thumb_middle: -15.310397148132324
Likelihood for index: -15.906868934631348
Current yaw: tensor([ 0.0931, -0.0053, -0.8024], device='cuda:0')
5 thumb_middle
tensor([0.5522, 0.5995, 0.4708, 0.4266, 0.4346, 0.5486, 0.4687, 0.4730, 0.4769,
        0.6386, 0.6155, 0.4604, 0.3284, 0.4782, 0.4811, 0.5911],
       device='cuda:0')
tensor([0.0873, 0.1041, 0.1104, 0.1166, 0.1017, 0.0835, 0.1073, 0.1109, 0.1111,
        0.0875, 0.0842, 0.1028, 0.1310, 0.1088, 0.1099, 0.0870],
       device='cuda:0')
tensor([0.0689, 0.1119, 0.0567, 0.0840, 0.0816, 0.0683, 0.0645, 0.0619, 0.0608,
        0.0880, 0.0737, 0.0843, 0.0810, 0.0631, 0.0604, 0.0701],
       device='cuda:0')
tensor([0.0856, 0.1291, 0.0896, 0.1235, 0.0404, 0.0792, 0.0892, 0.0644, 0.0629,
        0.0722, 0.1731, 0.0630, 0.1389, 0.0912, 0.0951, 0.0857],
       device='cuda:0')
skipped 2 states
skipped 4 states
Shortcut time 0.004732572007924318
tensor([ 0.1693,  0.6846,  0.4206,  0.7622, -0.1314,  0.5386,  0.8906,  1.1455,
         1.4130, -0.0356,  0.6249,  0.2711,  0.0931, -0.0048, -0.8025,  0.0000],
       device='cuda:0')
Solve time for step 1 18.872149738948792
Current ori: tensor([ 0.0928, -0.0035, -0.8007], device='cuda:0')
Index force: tensor([0.0747, 0.0925, 0.0363, 0.0229, 0.2054, 0.2354], device='cuda:0')
tensor([ 0.0924, -0.0030, -0.8008], device='cuda:0')
tensor([ 0.1699,  0.6491,  0.4692,  0.7620, -0.1292,  0.6554,  0.6199,  1.0125,
         1.3943,  0.0070,  0.4910,  0.4072,  0.0926, -0.0016, -0.7863,  0.0000],
       device='cuda:0')
Solve time for step 2 6.6931869443506
Current ori: tensor([ 0.0979,  0.0028, -0.7871], device='cuda:0')
Index force: tensor([0.0609, 0.0672, 0.1975, 0.2335, 0.1313], device='cuda:0')
tensor([ 0.0979,  0.0033, -0.7872], device='cuda:0')
tensor([ 0.1695,  0.6286,  0.4919,  0.7830, -0.1290,  0.6554,  0.6047,  1.0379,
         1.3945,  0.0070,  0.4909,  0.4073,  0.0952,  0.0048, -0.7729,  0.0000],
       device='cuda:0')
Solve time for step 3 6.695680612232536
Current ori: tensor([ 0.0952,  0.0048, -0.7730], device='cuda:0')
Index force: tensor([0.1412, 0.3394, 1.1481, 0.5743], device='cuda:0')
tensor([ 0.0958,  0.0050, -0.7732], device='cuda:0')
tensor([ 0.1721,  0.6206,  0.5126,  0.7830, -0.1289,  0.7040,  0.5621,  0.9841,
         1.3950,  0.0072,  0.4910,  0.4359,  0.0979,  0.0028, -0.7645,  0.0000],
       device='cuda:0')
Solve time for step 4 6.364762646146119
Current ori: tensor([ 0.0971,  0.0032, -0.7636], device='cuda:0')
Index force: tensor([0.2336, 0.2857, 0.1995], device='cuda:0')
tensor([ 0.0972,  0.0034, -0.7640], device='cuda:0')
tensor([ 1.7552e-01,  6.1359e-01,  5.2612e-01,  7.9188e-01, -1.2895e-01,
         7.0395e-01,  5.6189e-01,  1.0161e+00,  1.3933e+00,  6.9105e-03,
         4.9106e-01,  4.3050e-01,  1.0958e-01,  6.3749e-05, -7.4419e-01,
         0.0000e+00], device='cuda:0')
Solve time for step 5 6.1739120269194245
Current ori: tensor([ 0.1101, -0.0008, -0.7437], device='cuda:0')
Index force: tensor([0.3694, 0.2859], device='cuda:0')
tensor([ 1.1023e-01, -6.9276e-04, -7.4386e-01], device='cuda:0')
tensor([ 0.1839,  0.6103,  0.5340,  0.8066, -0.1289,  0.7006,  0.5712,  1.0226,
         1.3941, -0.0085,  0.4909,  0.4552,  0.1134, -0.0052, -0.7270,  0.0000],
       device='cuda:0')
Solve time for step 6 6.410082028713077
Current ori: tensor([ 0.1138, -0.0057, -0.7275], device='cuda:0')
Index force: tensor([0.4280], device='cuda:0')
tensor([ 0.1132, -0.0051, -0.7270], device='cuda:0')
Likelihood: -44.877784729003906
State is out of distribution
Likelihood for thumb_middle: -15.500411987304688
Likelihood for index: -15.488816261291504
Current yaw: tensor([ 0.1239,  0.0010, -0.6008], device='cuda:0')
5 index
tensor([0.5528, 0.5170, 0.5229, 0.5273, 0.6094, 0.5371, 0.5218, 0.5207, 0.5303,
        0.5156, 0.5160, 0.5137, 0.5756, 0.5211, 0.5256, 0.5216],
       device='cuda:0')
tensor([0.0488, 0.0536, 0.0475, 0.0518, 0.1196, 0.0488, 0.0867, 0.0534, 0.0481,
        0.0520, 0.0522, 0.0551, 0.0465, 0.0526, 0.0544, 0.0740],
       device='cuda:0')
skipped 1 states
tensor([0.0920, 0.1084, 0.0846, 0.1039, 0.1156, 0.0970, 0.0693, 0.1046, 0.0953,
        0.0833, 0.1044, 0.1033, 0.0960, 0.1068, 0.1026, 0.0699],
       device='cuda:0')
skipped 1 states
skipped 4 states
skipped 1 states
Shortcut time 0.003956901840865612
tensor([ 0.1984,  0.5903,  0.5598,  0.8447, -0.0418,  0.8667,  0.5329,  0.9312,
         1.3724, -0.0204,  0.5825,  0.5037,  0.1116, -0.0245, -0.5691,  0.0000],
       device='cuda:0')
Solve time for step 1 21.987992897164077
Current ori: tensor([ 0.1111, -0.0243, -0.5692], device='cuda:0')
Middle force: tensor([1.5004, 1.5772, 1.5537, 1.5209, 1.5617], device='cuda:0')
Thumb force: tensor([1.6269, 1.5372, 1.5610, 1.6324, 1.5404], device='cuda:0')
tensor([ 0.1115, -0.0238, -0.5697], device='cuda:0')
tensor([ 0.2154,  0.5127,  0.5597,  0.6863, -0.0391,  0.8182,  0.6657,  0.9417,
         1.2043,  0.2845,  0.5751,  0.6076,  0.3670, -0.2143, -0.1670,  0.0000],
       device='cuda:0')
