CCAI_PATH /home/abhinav/Documents/ccai

Trial 2
[ models/temporal ] Channel dimensions: [(37, 128), (128, 256), (256, 512)]
[ models/temporal ] Channel dimensions: [(37, 128), (128, 256), (256, 512)]
[ models/temporal ] Channel dimensions: [(37, 128), (128, 256)]
[ models/temporal ] Channel dimensions: [(37, 128), (128, 256), (256, 512)]
[ models/temporal ] Channel dimensions: [(37, 128), (128, 256), (256, 512)]
[ models/temporal ] Channel dimensions: [(37, 128), (128, 256)]
Loaded trajectory sampler
Current yaw: tensor([-9.8306e-05,  1.2234e-02, -5.3800e-02], device='cuda:1')
Current yaw: tensor([ 0.0043,  0.0206, -0.0436], device='cuda:1')
1 turn
Sampling time 5.654223166988231
tensor([0.2423, 0.2563, 0.2428, 0.2434, 0.2963, 0.2422, 0.2437, 0.2691, 0.2576,
        0.2584, 0.2429, 0.2437, 0.2417, 0.2596, 0.2433, 0.2576],
       device='cuda:1')
tensor([0.0710, 0.1502, 0.0729, 0.0724, 0.1376, 0.0736, 0.0727, 0.1225, 0.1506,
        0.1504, 0.0753, 0.0725, 0.0729, 0.1517, 0.0731, 0.1489],
       device='cuda:1')
skipped 1 states
tensor([0.0681, 0.0589, 0.0688, 0.0693, 0.0431, 0.0700, 0.0703, 0.0445, 0.0581,
        0.0585, 0.0691, 0.0693, 0.0695, 0.0587, 0.0692, 0.0577],
       device='cuda:1')
tensor([0.1514, 0.1264, 0.1527, 0.1528, 0.1170, 0.1542, 0.1524, 0.0686, 0.1233,
        0.1256, 0.1526, 0.1537, 0.1547, 0.1249, 0.1524, 0.1255],
       device='cuda:1')
skipped 1 states
tensor([0.0658, 0.0807, 0.0793, 0.0803, 0.0535, 0.0797, 0.0794, 0.0431, 0.0817,
        0.0824, 0.0793, 0.0789, 0.0803, 0.0807, 0.0783, 0.0810],
       device='cuda:1')
skipped 1 states
skipped 4 states
Shortcut time 0.004973882983904332
tensor([ 0.0638,  0.4820,  0.6312,  0.6620, -0.2012,  0.5704,  0.9413,  0.9243,
         1.2501,  0.2313,  0.2872,  1.1762,  0.0043,  0.0206, -0.0436,  0.7855],
       device='cuda:1')
Likelihood: -24.150598526000977
Solve time for step 1 19.880537302000448
Current ori: tensor([ 0.0043,  0.0206, -0.0436], device='cuda:1')
Middle force: tensor([0.5508, 0.5410, 1.8651, 1.4653, 1.1543], device='cuda:1')
Thumb force: tensor([0.6091, 1.2205, 1.4284, 0.8658, 0.9008], device='cuda:1')
Index force: tensor([0.7353, 0.4058, 0.4451, 0.9006, 0.6698], device='cuda:1')
tensor([ 0.0641,  0.4910,  0.6140,  0.6730, -0.2055,  0.5599,  0.9405,  0.9763,
         1.2711,  0.2156,  0.2927,  1.1184,  0.0032,  0.0204, -0.1444,  0.8885],
       device='cuda:1')
Likelihood: -22.64251708984375
Solve time for step 2 6.789566686027683
Current ori: tensor([ 0.0032,  0.0204, -0.1444], device='cuda:1')
Middle force: tensor([0.5059, 1.7866, 1.4083, 1.1054], device='cuda:1')
Thumb force: tensor([1.1652, 1.3652, 0.8216, 0.8621], device='cuda:1')
Index force: tensor([0.3749, 0.4290, 0.8580, 0.6410], device='cuda:1')
tensor([ 0.1235,  0.4623,  0.6473,  0.7729, -0.1970,  0.5614,  0.9358,  1.0176,
         1.2966,  0.2030,  0.2722,  1.0714, -0.0026,  0.0125, -0.2367,  0.4939],
       device='cuda:1')
Likelihood: -23.453943252563477
Solve time for step 3 6.569075191975571
Current ori: tensor([-0.0026,  0.0125, -0.2367], device='cuda:1')
Middle force: tensor([1.7033, 1.3242, 1.0416], device='cuda:1')
Thumb force: tensor([1.3022, 0.8225, 0.8420], device='cuda:1')
Index force: tensor([0.4031, 0.8202, 0.6191], device='cuda:1')
tensor([ 0.2125,  0.3802,  0.7176,  1.0238, -0.1658,  0.5465,  0.9715,  1.0643,
         1.3105,  0.1749,  0.2589,  1.0030, -0.0028, -0.0097, -0.3861,  1.7422],
       device='cuda:1')
Likelihood: -27.493125915527344
Solve time for step 4 6.601757090014871
Current ori: tensor([-0.0028, -0.0097, -0.3861], device='cuda:1')
Middle force: tensor([0.3227, 0.1694], device='cuda:1')
Thumb force: tensor([0.7934, 0.1329], device='cuda:1')
Index force: tensor([0.2566, 0.2314], device='cuda:1')
tensor([ 0.2036,  0.3730,  0.7392,  0.9824, -0.1639,  0.5309,  0.9937,  1.0833,
         1.3223,  0.1777,  0.2822,  0.9156, -0.0086, -0.0074, -0.5010,  1.9515],
       device='cuda:1')
Likelihood: -25.828445434570312
Solve time for step 5 6.343840539979283
Current ori: tensor([-0.0086, -0.0074, -0.5010], device='cuda:1')
Middle force: tensor([0.1448], device='cuda:1')
Thumb force: tensor([0.1467], device='cuda:1')
Index force: tensor([0.1981], device='cuda:1')
Current yaw: tensor([ 0.0077, -0.0181, -0.5825], device='cuda:1')
2 turn
Sampling time 5.4589508950011805
tensor([0.4253, 0.4248, 0.4278, 0.6663, 0.6659, 0.4305, 0.4608, 0.4218, 0.4340,
        0.6169, 0.5376, 0.4569, 0.6888, 0.7111, 0.4266, 0.4284],
       device='cuda:1')
tensor([0.1085, 0.1072, 0.1065, 0.1608, 0.0711, 0.1226, 0.0982, 0.1202, 0.1131,
        0.0599, 0.1554, 0.0782, 0.2512, 0.0828, 0.1113, 0.1129],
       device='cuda:1')
tensor([0.0777, 0.0786, 0.0785, 0.1828, 0.0607, 0.0771, 0.0756, 0.0772, 0.0777,
        0.1340, 0.0747, 0.0473, 0.0842, 0.0828, 0.0798, 0.0781],
       device='cuda:1')
tensor([0.0831, 0.0814, 0.0837, 0.0856, 0.1493, 0.0802, 0.1169, 0.0844, 0.0797,
        0.1425, 0.1027, 0.1051, 0.0777, 0.1001, 0.0831, 0.0792],
       device='cuda:1')
skipped 1 states
tensor([0.0764, 0.0728, 0.0788, 0.0811, 0.1539, 0.1011, 0.1064, 0.0741, 0.1080,
        0.0677, 0.1235, 0.0409, 0.0816, 0.0651, 0.0747, 0.0938],
       device='cuda:1')
skipped 1 states
skipped 4 states
Shortcut time 0.004621587984729558
tensor([ 0.2325,  0.4355,  0.5473,  1.2565, -0.1633,  0.5310,  1.0076,  1.1005,
         1.3292,  0.1600,  0.2978,  0.8702,  0.0077, -0.0181, -0.5825,  2.1012],
       device='cuda:1')
Likelihood: -34.443058013916016
State is out of distribution
Likelihood for thumb_middle: -13.396728515625
Likelihood for index: -12.610600471496582
Current yaw: tensor([ 0.0077, -0.0181, -0.5825], device='cuda:1')
2 index
tensor([0.4842, 0.4758, 0.4519, 0.4346, 0.4551, 0.4774, 0.4460, 0.4481, 0.4764,
        0.4715, 0.4561, 0.4445, 0.3735, 0.4854, 0.4875, 0.4734],
       device='cuda:1')
tensor([0.0489, 0.0518, 0.0765, 0.0777, 0.0841, 0.0520, 0.0906, 0.0786, 0.0523,
        0.0563, 0.0823, 0.0761, 0.1012, 0.0525, 0.0525, 0.0570],
       device='cuda:1')
tensor([0.0727, 0.0950, 0.1066, 0.1003, 0.1058, 0.0872, 0.0935, 0.1035, 0.0939,
        0.0918, 0.1060, 0.0942, 0.0632, 0.0714, 0.0735, 0.0638],
       device='cuda:1')
skipped 1 states
skipped 4 states
skipped 2 states
Shortcut time 0.0032414739835076034
tensor([ 0.2325,  0.4355,  0.5473,  1.2565, -0.1633,  0.5310,  1.0076,  1.1005,
         1.3292,  0.1600,  0.2978,  0.8702,  0.0077, -0.0181, -0.5825,  2.1012],
       device='cuda:1')
Solve time for step 1 20.394331001967657
Current ori: tensor([ 0.0077, -0.0181, -0.5825], device='cuda:1')
Middle force: tensor([0.0504, 0.0073, 0.0055, 0.0022, 0.1351], device='cuda:1')
Thumb force: tensor([0.0076, 0.0120, 0.0046, 0.0026, 0.1354], device='cuda:1')
tensor([ 2.8304e-01,  4.7495e-01,  4.9323e-01,  1.0186e+00, -1.6996e-01,
         5.4590e-01,  9.7186e-01,  1.1341e+00,  1.3432e+00,  1.4814e-01,
         3.1051e-01,  8.3419e-01,  3.3950e-03, -1.3253e-02, -6.0459e-01,
        -5.4949e+00], device='cuda:1')
Solve time for step 2 7.445384275983088
Current ori: tensor([ 0.0034, -0.0133, -0.6046], device='cuda:1')
Middle force: tensor([0.0320, 0.0035, 0.0044, 0.1039], device='cuda:1')
Thumb force: tensor([0.0081, 0.0253, 0.0053, 0.1043], device='cuda:1')
tensor([ 2.7691e-01,  5.0932e-01,  4.7170e-01,  9.5658e-01, -1.6809e-01,
         5.6306e-01,  9.4895e-01,  1.1352e+00,  1.3398e+00,  1.4963e-01,
         3.0065e-01,  8.4853e-01, -4.7656e-05, -1.5058e-02, -5.8198e-01,
        -2.4344e+00], device='cuda:1')
Solve time for step 3 7.324872804980259
Current ori: tensor([-4.7656e-05, -1.5058e-02, -5.8198e-01], device='cuda:1')
Middle force: tensor([0.0177, 0.0062, 0.0831], device='cuda:1')
Thumb force: tensor([0.0180, 0.0099, 0.0834], device='cuda:1')
tensor([ 2.7870e-01,  5.2623e-01,  4.6587e-01,  9.3178e-01, -1.6775e-01,
         5.6639e-01,  9.5042e-01,  1.1272e+00,  1.3353e+00,  1.5297e-01,
         2.9301e-01,  8.6567e-01, -1.6313e-04, -1.6450e-02, -5.6710e-01,
        -5.8099e-01], device='cuda:1')
Solve time for step 4 7.323299126001075
Current ori: tensor([-1.6313e-04, -1.6450e-02, -5.6710e-01], device='cuda:1')
Middle force: tensor([0.0284, 0.0625], device='cuda:1')
Thumb force: tensor([0.0961, 0.0625], device='cuda:1')
tensor([ 0.2679,  0.5306,  0.4418,  0.9449, -0.1670,  0.5782,  0.9394,  1.1163,
         1.3294,  0.1607,  0.2919,  0.8661, -0.0042, -0.0173, -0.5468,  0.4576],
       device='cuda:1')
Solve time for step 5 7.26002431800589
Current ori: tensor([-0.0042, -0.0173, -0.5468], device='cuda:1')
Middle force: tensor([0.0184], device='cuda:1')
Thumb force: tensor([0.0274], device='cuda:1')
Likelihood: -33.76061248779297
State is out of distribution
Likelihood for thumb_middle: -11.926345825195312
Likelihood for index: -8.439796447753906
Current yaw: tensor([-0.0048, -0.0098, -0.5277], device='cuda:1')
2 index
tensor([0.2741, 0.2608, 0.2638, 0.2695, 0.2687, 0.2698, 0.2674, 0.2770, 0.2713,
        0.2707, 0.2737, 0.2735, 0.2668, 0.2732, 0.2706, 0.3709],
       device='cuda:1')
tensor([0.0673, 0.0894, 0.0656, 0.0668, 0.0637, 0.0665, 0.0731, 0.0712, 0.0885,
        0.0889, 0.0601, 0.0871, 0.0694, 0.0679, 0.0905, 0.0551],
       device='cuda:1')
skipped 1 states
tensor([0.0875, 0.0653, 0.0618, 0.0616, 0.0615, 0.0616, 0.0881, 0.0844, 0.0634,
        0.0638, 0.0677, 0.0619, 0.0883, 0.0607, 0.0631, 0.0886],
       device='cuda:1')
skipped 1 states
skipped 4 states
skipped 1 states
Shortcut time 0.00323743699118495
tensor([ 0.1967,  0.5724,  0.4679,  1.0071, -0.1797,  0.5787,  0.9366,  1.1057,
         1.3446,  0.1417,  0.2961,  0.8623, -0.0048, -0.0098, -0.5277,  0.6877],
       device='cuda:1')
Solve time for step 1 20.9994732660125
Current ori: tensor([-0.0048, -0.0098, -0.5277], device='cuda:1')
Middle force: tensor([0.0421, 0.0071, 0.0012, 0.0058, 0.0257], device='cuda:1')
Thumb force: tensor([0.0088, 0.0054, 0.0413, 0.0205, 0.0340], device='cuda:1')
tensor([ 0.2687,  0.5668,  0.4486,  0.8597, -0.1787,  0.5761,  0.9353,  1.1348,
         1.3530,  0.1382,  0.3080,  0.8210, -0.0060, -0.0103, -0.5900, -0.3047],
       device='cuda:1')
Solve time for step 2 7.252673889975995
Current ori: tensor([-0.0060, -0.0103, -0.5900], device='cuda:1')
Middle force: tensor([0.0139, 0.0052, 0.0061, 0.0879], device='cuda:1')
Thumb force: tensor([0.0073, 0.0076, 0.0136, 0.0933], device='cuda:1')
tensor([ 0.2836,  0.5950,  0.4505,  0.8034, -0.1728,  0.5852,  0.9237,  1.1458,
         1.3483,  0.1441,  0.2986,  0.8300, -0.0078, -0.0144, -0.5989, -0.9830],
       device='cuda:1')
Solve time for step 3 7.273516607005149
Current ori: tensor([-0.0078, -0.0144, -0.5989], device='cuda:1')
Middle force: tensor([0.0151, 0.0052, 0.0800], device='cuda:1')
Thumb force: tensor([0.0102, 0.0115, 0.0868], device='cuda:1')
tensor([ 0.2877,  0.6037,  0.4535,  0.7829, -0.1710,  0.5845,  0.9291,  1.1537,
         1.3435,  0.1560,  0.3044,  0.8139, -0.0091, -0.0161, -0.6275, -1.4529],
       device='cuda:1')
Solve time for step 4 7.1606004610075615
Current ori: tensor([-0.0091, -0.0161, -0.6275], device='cuda:1')
Middle force: tensor([0.0142, 0.0717], device='cuda:1')
Thumb force: tensor([0.0458, 0.0819], device='cuda:1')
tensor([ 0.2828,  0.6039,  0.4591,  0.7606, -0.1777,  0.5919,  0.9162,  1.1696,
         1.3292,  0.1831,  0.3205,  0.8005, -0.0097, -0.0134, -0.6295, -1.8410],
       device='cuda:1')
Solve time for step 5 6.873802601010539
Current ori: tensor([-0.0097, -0.0134, -0.6295], device='cuda:1')
Middle force: tensor([0.0737], device='cuda:1')
Thumb force: tensor([0.0549], device='cuda:1')
Likelihood: -28.301856994628906
State is out of distribution
Likelihood for thumb_middle: -11.32622241973877
Likelihood for index: -5.943358898162842
Current yaw: tensor([-0.0071, -0.0103, -0.6476], device='cuda:1')
2 index
tensor([0.2060, 0.2059, 0.2064, 0.2085, 0.2113, 0.2074, 0.2056, 0.2084, 0.2068,
        0.2071, 0.2073, 0.2081, 0.2012, 0.2095, 0.2317, 0.2094],
       device='cuda:1')
tensor([0.0592, 0.0581, 0.0616, 0.0586, 0.0619, 0.0596, 0.0583, 0.0833, 0.0587,
        0.0622, 0.0852, 0.0625, 0.0834, 0.0617, 0.0803, 0.0625],
       device='cuda:1')
skipped 1 states
tensor([0.0834, 0.0571, 0.0574, 0.0845, 0.0854, 0.0566, 0.0834, 0.0625, 0.0588,
        0.0865, 0.0632, 0.0855, 0.0685, 0.0865, 0.0555, 0.0873],
       device='cuda:1')
skipped 1 states
skipped 4 states
skipped 1 states
Shortcut time 0.003205577959306538
tensor([ 0.2216,  0.6529,  0.4994,  0.7757, -0.1828,  0.5880,  0.9144,  1.1868,
         1.3280,  0.1913,  0.3219,  0.8075, -0.0071, -0.0103, -0.6476, -1.9430],
       device='cuda:1')
Solve time for step 1 20.708467765012756
Current ori: tensor([-0.0071, -0.0103, -0.6476], device='cuda:1')
Middle force: tensor([0.0432, 0.0113, 0.0086, 0.0062, 0.0834], device='cuda:1')
Thumb force: tensor([0.0080, 0.0080, 0.0084, 0.0071, 0.0863], device='cuda:1')
tensor([ 0.2722,  0.6145,  0.4625,  0.7174, -0.1859,  0.5855,  0.9203,  1.1917,
         1.3287,  0.1841,  0.3064,  0.8455, -0.0020, -0.0110, -0.6337, -1.9733],
       device='cuda:1')
Solve time for step 2 7.318132582004182
Current ori: tensor([-0.0020, -0.0110, -0.6337], device='cuda:1')
Middle force: tensor([0.0678, 0.0065, 0.0060, 0.0712], device='cuda:1')
Thumb force: tensor([0.0048, 0.0089, 0.0052, 0.0721], device='cuda:1')
tensor([ 0.2782,  0.6399,  0.4370,  0.6975, -0.1786,  0.5931,  0.9166,  1.1844,
         1.3308,  0.1780,  0.2963,  0.8464, -0.0061, -0.0154, -0.6323, -2.0185],
       device='cuda:1')
Solve time for step 3 7.127667260996532
Current ori: tensor([-0.0061, -0.0154, -0.6323], device='cuda:1')
Middle force: tensor([0.0527, 0.0089, 0.0620], device='cuda:1')
Thumb force: tensor([0.0549, 0.0079, 0.0609], device='cuda:1')
tensor([ 0.2834,  0.6560,  0.4269,  0.6815, -0.1783,  0.5895,  0.9277,  1.1694,
         1.3276,  0.1825,  0.2970,  0.8464, -0.0070, -0.0156, -0.6267, -2.0953],
       device='cuda:1')
Solve time for step 4 7.0575523669831455
Current ori: tensor([-0.0070, -0.0156, -0.6267], device='cuda:1')
Middle force: tensor([0.0500, 0.0493], device='cuda:1')
Thumb force: tensor([0.0177, 0.0480], device='cuda:1')
tensor([ 0.2799,  0.6713,  0.3980,  0.6900, -0.1743,  0.5976,  0.9152,  1.1818,
         1.3376,  0.1641,  0.2847,  0.8528, -0.0077, -0.0185, -0.6318, -2.1787],
       device='cuda:1')
Solve time for step 5 7.054491468006745
Current ori: tensor([-0.0077, -0.0185, -0.6318], device='cuda:1')
Middle force: tensor([0.0367], device='cuda:1')
Thumb force: tensor([0.0637], device='cuda:1')
Likelihood: -27.340957641601562
State is in distribution
{}

Trial 3
[ models/temporal ] Channel dimensions: [(37, 128), (128, 256), (256, 512)]
[ models/temporal ] Channel dimensions: [(37, 128), (128, 256), (256, 512)]
[ models/temporal ] Channel dimensions: [(37, 128), (128, 256)]
[ models/temporal ] Channel dimensions: [(37, 128), (128, 256), (256, 512)]
[ models/temporal ] Channel dimensions: [(37, 128), (128, 256), (256, 512)]
[ models/temporal ] Channel dimensions: [(37, 128), (128, 256)]
Loaded trajectory sampler
