CCAI_PATH /home/abhinav/Documents/ccai
joint command publisher initialized.
ros listner initialized.
obj_trans pre [0.03274368 0.28900479 0.10499869]
obj_trans post z offset [ 0.03274368  0.28900479 -0.00546611]
obj_trans post hand offset [-1.89099736e-07  9.49999234e-02 -1.25000271e-01]
hand to mocap world position [0.03274387 0.19400486 0.11953416]
obj_trans pre [0.03267605 0.28885804 0.10493819]
obj_trans post z offset [ 0.03267605  0.28885804 -0.00552661]
obj_trans post hand offset [0.03267599 0.28885813 0.10493814]
hand to mocap world position [ 5.9604645e-08 -8.9406967e-08 -1.1046475e-01]
obj_trans pre [0.03267599 0.28885813 0.10493814]
obj_trans post z offset [ 0.03267599  0.28885813 -0.00552666]
obj_trans post hand offset [-2.88107058e-07  9.50000171e-02 -1.25000262e-01]
hand to mocap world position [0.03267628 0.19385812 0.11947361]
obj_trans pre [-2.88107058e-07  9.50000171e-02 -1.25000262e-01]
obj_trans post z offset [-2.88107058e-07  9.50000171e-02 -2.35465062e-01]
obj_trans post hand offset [-2.88107058e-07  9.50000171e-02 -1.25000310e-01]
hand to mocap world position [ 0.          0.         -0.11046475]
obj_trans pre [-2.88107058e-07  9.50000171e-02 -1.25000310e-01]
obj_trans post z offset [-2.88107058e-07  9.50000171e-02 -2.35465110e-01]
obj_trans post hand offset [-2.88107058e-07  9.50000171e-02 -1.25000358e-01]
hand to mocap world position [ 0.          0.         -0.11046475]
Root coor: [-2.88107058e-07  9.50000171e-02 -1.25000358e-01]
Root ori: [0.02877174 0.0046324  0.0486589 ]
joint command publisher initialized.
joint state subscriber initialized.

Trial 1
No action perturbation this trial
[ models/temporal ] Channel dimensions: [(37, 128), (128, 256), (256, 512)]
[ models/temporal ] Channel dimensions: [(37, 128), (128, 256), (256, 512)]
[ models/temporal ] Channel dimensions: [(37, 128), (128, 256)]
[ models/temporal ] Channel dimensions: [(37, 128), (128, 256), (256, 512)]
[ models/temporal ] Channel dimensions: [(37, 128), (128, 256), (256, 512)]
[ models/temporal ] Channel dimensions: [(37, 128), (128, 256)]
Loaded trajectory sampler
Current yaw: tensor([0.0303, 0.0097, 0.0525], device='cuda:0')
tensor([0.0171, 0.0180, 0.0209], device='cuda:0')
tensor([ 0.0307, -0.0071,  0.0339], device='cuda:0')
Pregrasp complete. Ready to execute. Press <ENTER> to continue.Current yaw: tensor([ 0.0303, -0.0074,  0.0348], device='cuda:0')
1 turn
Sampling time 4.971300492994487
tensor([0.2724, 0.1674, 0.2805, 0.1689, 0.1917, 0.2717, 0.2062, 0.2804, 0.2049,
        0.2750, 0.2188, 0.2722, 0.1686, 0.1692, 0.2025, 0.2030],
       device='cuda:0')
tensor([0.0589, 0.0535, 0.1009, 0.0538, 0.1203, 0.0598, 0.1365, 0.1008, 0.1338,
        0.0575, 0.0957, 0.0585, 0.0522, 0.0523, 0.1332, 0.1338],
       device='cuda:0')
tensor([0.0565, 0.0419, 0.0886, 0.0417, 0.0510, 0.0541, 0.0506, 0.0853, 0.0495,
        0.0530, 0.0885, 0.0537, 0.0426, 0.0409, 0.0508, 0.0496],
       device='cuda:0')
tensor([0.1342, 0.0683, 0.1266, 0.0677, 0.1171, 0.1335, 0.0785, 0.1287, 0.0791,
        0.1346, 0.0839, 0.1324, 0.0670, 0.0666, 0.0774, 0.0775],
       device='cuda:0')
skipped 1 states
tensor([0.0783, 0.0976, 0.0675, 0.0985, 0.0674, 0.0792, 0.1076, 0.0677, 0.1064,
        0.0794, 0.0910, 0.0775, 0.0974, 0.0969, 0.1091, 0.1114],
       device='cuda:0')
skipped 1 states
tensor([0.0543, 0.0827, 0.0762, 0.0828, 0.0786, 0.0552, 0.0893, 0.0760, 0.0825,
        0.0569, 0.0547, 0.1211, 0.0832, 0.0826, 0.0892, 0.0892],
       device='cuda:0')
skipped 1 states
skipped 2 states
Shortcut time 0.0051355138421058655
tensor([ 0.1026,  0.5830,  0.5550,  0.5757, -0.1035,  0.5385,  0.9093,  0.8481,
         1.1761,  0.3211,  0.3106,  1.1306,  0.0329, -0.0073,  0.0338,  0.0000],
       device='cuda:0')
Likelihood: -113.13994598388672
Solve time for step 1 21.069901065900922
Current ori: tensor([ 0.0288, -0.0120,  0.0367], device='cuda:0')
Middle force: tensor([1.2362, 0.5756, 1.4563, 0.5973, 0.7978, 0.5510, 1.2463],
       device='cuda:0')
Thumb force: tensor([0.7846, 0.5909, 1.6199, 1.5413, 0.5878, 1.2296, 1.8629],
       device='cuda:0')
Index force: tensor([0.2890, 0.2825, 0.4719, 1.0426, 0.6392, 0.2056, 0.6119],
       device='cuda:0')
tensor([ 0.0296, -0.0085,  0.0374], device='cuda:0')
tensor([ 0.0977,  0.5833,  0.5520,  0.5754, -0.1079,  0.5186,  0.9066,  0.9509,
         1.2428,  0.2475,  0.3091,  1.0163,  0.0130, -0.0040, -0.1761,  0.0000],
       device='cuda:0')
Likelihood: -88.97848510742188
Solve time for step 2 7.082060058135539
Current ori: tensor([ 0.0131, -0.0034, -0.1764], device='cuda:0')
Middle force: tensor([1.0387, 0.5665, 0.7500, 0.8579, 0.5403, 0.5619], device='cuda:0')
Thumb force: tensor([0.8294, 0.9448, 0.7536, 0.7358, 0.8829, 0.7074], device='cuda:0')
Index force: tensor([1.3724, 0.5255, 0.2478, 0.6204, 0.6194, 0.9995], device='cuda:0')
tensor([ 0.0137, -0.0038, -0.1759], device='cuda:0')
tensor([ 9.6790e-02,  5.9988e-01,  5.4143e-01,  5.3709e-01, -1.0734e-01,
         5.0900e-01,  9.1337e-01,  9.8831e-01,  1.2712e+00,  2.3694e-01,
         3.2284e-01,  8.9535e-01,  7.1158e-03,  7.2579e-04, -2.9123e-01,
         0.0000e+00], device='cuda:0')
Likelihood: -95.83222961425781
Solve time for step 3 6.906007744837552
Current ori: tensor([-0.0127, -0.0048, -0.4074], device='cuda:0')
Middle force: tensor([1.3706, 0.5609, 0.7632, 0.5417, 1.1680], device='cuda:0')
Thumb force: tensor([1.5107, 1.4610, 0.5777, 1.1587, 1.7413], device='cuda:0')
Index force: tensor([0.4436, 0.9894, 0.6054, 0.1910, 0.5767], device='cuda:0')
tensor([-0.0127, -0.0048, -0.4072], device='cuda:0')
tensor([ 1.0822e-02,  5.7030e-01,  4.9975e-01,  5.1857e-01, -1.0752e-01,
         5.2345e-01,  9.0483e-01,  1.0043e+00,  1.3246e+00,  1.7288e-01,
         3.1916e-01,  8.3337e-01, -2.2240e-02, -7.5127e-04, -4.6118e-01,
         0.0000e+00], device='cuda:0')
Likelihood: -84.0478286743164
Solve time for step 4 6.894802952185273
Current ori: tensor([-0.0223, -0.0010, -0.4613], device='cuda:0')
Middle force: tensor([0.7692, 0.6756, 0.7209, 1.1709], device='cuda:0')
Thumb force: tensor([0.8805, 0.5595, 0.5850, 0.7827], device='cuda:0')
Index force: tensor([0.3057, 0.3185, 0.5331, 0.4858], device='cuda:0')
tensor([-0.0226, -0.0011, -0.4612], device='cuda:0')
tensor([ 0.0046,  0.5546,  0.5267,  0.5209, -0.1085,  0.5185,  0.9236,  0.9721,
         1.3396,  0.1375,  0.3165,  0.8334, -0.0159, -0.0053, -0.4361,  0.0000],
       device='cuda:0')
Likelihood: -93.6832275390625
Solve time for step 5 6.4988512601703405
Current ori: tensor([-0.0095, -0.0249, -0.4321], device='cuda:0')
Middle force: tensor([0.6570, 0.7034, 1.1383], device='cuda:0')
Thumb force: tensor([0.5528, 0.5734, 0.7610], device='cuda:0')
Index force: tensor([0.2954, 0.5119, 0.4654], device='cuda:0')
tensor([-0.0095, -0.0248, -0.4320], device='cuda:0')
tensor([-0.1411,  0.5141,  0.5678,  0.5506, -0.1067,  0.5215,  0.9725,  0.9625,
         1.3304,  0.1346,  0.2940,  0.8308, -0.0257, -0.0290, -0.4740,  0.0000],
       device='cuda:0')
Likelihood: -287.10345458984375
State is out of distribution
Normalized likelihood for thumb_middle: 0.4177880883216858
Normalized likelihood for index: 0.5822119116783142
KL Divergence: tensor(4.8185e-05)
Current yaw: tensor([-0.0254, -0.0288, -0.4752], device='cuda:0')
1 index
tensor([0.3137, 0.3077, 0.2373, 0.3104, 0.2880, 0.3082, 0.3249, 0.3153, 0.2372,
        0.2933, 0.2787, 0.2415, 0.3115, 0.2373, 0.3092, 0.3182],
       device='cuda:0')
tensor([0.0726, 0.0793, 0.0879, 0.0797, 0.0798, 0.0803, 0.0866, 0.0728, 0.0870,
        0.1145, 0.1030, 0.0856, 0.0761, 0.1036, 0.0809, 0.0843],
       device='cuda:0')
tensor([0.0558, 0.1151, 0.1233, 0.1130, 0.0929, 0.1159, 0.1101, 0.0575, 0.1239,
        0.0569, 0.0663, 0.0872, 0.0680, 0.0658, 0.1166, 0.1082],
       device='cuda:0')
skipped 1 states
tensor([0.0555, 0.0625, 0.0611, 0.0555, 0.0616, 0.0655, 0.0934, 0.0563, 0.0607,
        0.0581, 0.0483, 0.0465, 0.0758, 0.0525, 0.0596, 0.0856],
       device='cuda:0')
skipped 2 states
skipped 4 states
Shortcut time 0.003641249146312475
tensor([-0.1417,  0.5146,  0.5708,  0.5502, -0.1066,  0.5214,  0.9731,  0.9630,
         1.3301,  0.1344,  0.2935,  0.8310, -0.0251, -0.0293, -0.4756,  0.0000],
       device='cuda:0')
Solve time for step 1 20.864391903858632
Current ori: tensor([-0.0256, -0.0288, -0.4758], device='cuda:0')
Middle force: tensor([0.5846, 0.5957, 0.6107, 0.5965, 0.5721], device='cuda:0')
Thumb force: tensor([0.6296, 0.6210, 0.5951, 0.6090, 0.5904], device='cuda:0')
tensor([-0.0262, -0.0286, -0.4757], device='cuda:0')
tensor([ 0.0504,  0.4785,  0.5437,  0.5583, -0.0930,  0.5772,  0.9733,  0.8854,
         1.3303,  0.1196,  0.2601,  0.8309, -0.0345, -0.0472, -0.4878,  0.0000],
       device='cuda:0')
Solve time for step 2 7.273307368159294
Current ori: tensor([-0.0351, -0.0472, -0.4876], device='cuda:0')
Middle force: tensor([0.5808, 0.6000, 0.5850, 0.5642], device='cuda:0')
Thumb force: tensor([0.6012, 0.5780, 0.5918, 0.5751], device='cuda:0')
tensor([-0.0323, -0.0490, -0.4854], device='cuda:0')
tensor([ 0.0749,  0.4785,  0.5435,  0.5631, -0.0938,  0.5919,  0.9573,  0.8847,
         1.3300,  0.1179,  0.2583,  0.8316, -0.0282, -0.0533, -0.4598,  0.0000],
       device='cuda:0')
Solve time for step 3 7.1084872260689735
Current ori: tensor([-0.0287, -0.0530, -0.4594], device='cuda:0')
Middle force: tensor([0.5775, 0.5589, 0.5612], device='cuda:0')
Thumb force: tensor([0.5672, 0.5888, 0.5745], device='cuda:0')
tensor([-0.0278, -0.0535, -0.4593], device='cuda:0')
tensor([ 0.0842,  0.4786,  0.5434,  0.5631, -0.0938,  0.5974,  0.9528,  0.8769,
         1.3304,  0.1178,  0.2581,  0.8317, -0.0292, -0.0531, -0.4525,  0.0000],
       device='cuda:0')
Solve time for step 4 7.174580439925194
Current ori: tensor([-0.0292, -0.0529, -0.4523], device='cuda:0')
Middle force: tensor([0.5323, 0.5334], device='cuda:0')
Thumb force: tensor([0.5455, 0.5450], device='cuda:0')
tensor([-0.0301, -0.0523, -0.4526], device='cuda:0')
tensor([ 0.0843,  0.4788,  0.5432,  0.5634, -0.0935,  0.5970,  0.9519,  0.8772,
         1.3302,  0.1178,  0.2582,  0.8309, -0.0295, -0.0535, -0.4544,  0.0000],
       device='cuda:0')
Solve time for step 5 7.035653893835843
Current ori: tensor([-0.0302, -0.0529, -0.4550], device='cuda:0')
Middle force: tensor([0.5178], device='cuda:0')
Thumb force: tensor([0.5465], device='cuda:0')
tensor([-0.0291, -0.0535, -0.4548], device='cuda:0')
Likelihood: -161.90516662597656
State is in distribution
Current yaw: tensor([-0.0314, -0.0525, -0.4439], device='cuda:0')
1 turn
Sampling time 4.942530126310885
tensor([0.3022, 0.2837, 0.2897, 0.2018, 0.2865, 0.3646, 0.2886, 0.3685, 0.2918,
        0.3575, 0.2845, 0.2915, 0.2836, 0.2235, 0.2914, 0.2860],
       device='cuda:0')
tensor([0.0599, 0.1730, 0.2907, 0.1178, 0.2860, 0.2089, 0.1742, 0.0606, 0.2880,
        0.2097, 0.2888, 0.1683, 0.1740, 0.1755, 0.2864, 0.1715],
       device='cuda:0')
tensor([0.1033, 0.0679, 0.1657, 0.1619, 0.1601, 0.1670, 0.0704, 0.1558, 0.1674,
        0.1690, 0.1637, 0.0681, 0.0684, 0.0739, 0.1611, 0.0702],
       device='cuda:0')
tensor([0.0538, 0.1432, 0.1734, 0.1332, 0.1706, 0.1044, 0.1408, 0.0941, 0.1728,
        0.1021, 0.1749, 0.1422, 0.1421, 0.0809, 0.1728, 0.1398],
       device='cuda:0')
skipped 1 states
skipped 4 states
skipped 1 states
Shortcut time 0.005187904927879572
tensor([ 0.0732,  0.5303,  0.5718,  0.6044, -0.0939,  0.6070,  0.9369,  0.8771,
         1.3304,  0.1182,  0.2578,  0.8306, -0.0312, -0.0527, -0.4436,  0.0000],
       device='cuda:0')
Likelihood: -174.37353515625
State is out of distribution
Backend TkAgg is interactive backend. Turning interactive mode on.
Normalized likelihood for thumb_middle: 0.4832049310207367
Normalized likelihood for index: 0.5167949795722961
KL Divergence: tensor(0.0100)
Current yaw: tensor([-0.0301, -0.0459, -0.4478], device='cuda:0')
1 index
tensor([0.1631, 0.1866, 0.1938, 0.1919, 0.2814, 0.2702, 0.2334, 0.2398, 0.2001,
        0.1902, 0.2273, 0.2295, 0.1917, 0.1680, 0.1647, 0.1967],
       device='cuda:0')
tensor([0.0541, 0.0761, 0.0805, 0.0821, 0.1382, 0.1057, 0.0784, 0.0617, 0.0652,
        0.0800, 0.0806, 0.0788, 0.0627, 0.0543, 0.0561, 0.0634],
       device='cuda:0')
skipped 2 states
skipped 4 states
skipped 2 states
Shortcut time 0.0025177807547152042
tensor([ 0.0732,  0.5298,  0.5720,  0.6052, -0.0940,  0.6069,  0.9373,  0.8773,
         1.3300,  0.1181,  0.2581,  0.8309, -0.0309, -0.0529, -0.4440,  0.0000],
       device='cuda:0')
Solve time for step 1 20.383478774689138
Current ori: tensor([-0.0315, -0.0528, -0.4443], device='cuda:0')
Middle force: tensor([0.5624, 0.5800, 0.5823, 0.5943], device='cuda:0')
Thumb force: tensor([0.6270, 0.5554, 0.5985, 0.5893], device='cuda:0')
tensor([-0.0304, -0.0532, -0.4440], device='cuda:0')
tensor([ 0.1136,  0.5301,  0.4680,  0.6419, -0.0944,  0.6040,  0.9146,  0.9343,
         1.3309,  0.1182,  0.2585,  0.8339, -0.0273, -0.0527, -0.4652,  0.0000],
       device='cuda:0')
Solve time for step 2 7.083314175717533
Current ori: tensor([-0.0271, -0.0525, -0.4653], device='cuda:0')
Middle force: tensor([0.5553, 0.5600, 0.5693], device='cuda:0')
Thumb force: tensor([0.5463, 0.5781, 0.5679], device='cuda:0')
tensor([-0.0273, -0.0526, -0.4650], device='cuda:0')
tensor([ 0.1135,  0.5303,  0.4668,  0.6447, -0.0945,  0.5983,  0.9164,  0.9543,
         1.3317,  0.1183,  0.2585,  0.8333, -0.0331, -0.0480, -0.4962,  0.0000],
       device='cuda:0')
Solve time for step 3 7.226537854876369
Current ori: tensor([-0.0316, -0.0483, -0.4965], device='cuda:0')
Middle force: tensor([0.5747, 0.5835], device='cuda:0')
Thumb force: tensor([0.6111, 0.5777], device='cuda:0')
tensor([-0.0338, -0.0475, -0.4975], device='cuda:0')
tensor([ 0.1135,  0.5304,  0.4634,  0.6447, -0.0942,  0.5964,  0.9171,  0.9599,
         1.3299,  0.1221,  0.2597,  0.8326, -0.0325, -0.0475, -0.5019,  0.0000],
       device='cuda:0')
Solve time for step 4 6.782285028137267
Current ori: tensor([-0.0328, -0.0478, -0.5027], device='cuda:0')
Middle force: tensor([0.6090], device='cuda:0')
Thumb force: tensor([0.5494], device='cuda:0')
tensor([-0.0323, -0.0478, -0.5027], device='cuda:0')
Likelihood: -218.76760864257812
State is out of distribution
Normalized likelihood for thumb_middle: 0.5629625916481018
Normalized likelihood for index: 0.4370374083518982
KL Divergence: tensor(0.0455)
Current yaw: tensor([-0.0267, -0.0537, -0.4940], device='cuda:0')
1 thumb_middle
tensor([0.2651, 0.2745, 0.3604, 0.2758, 0.2646, 0.2336, 0.2717, 0.3332, 0.3088,
        0.2132, 0.2744, 0.2611, 0.2624, 0.2409, 0.3374, 0.3340],
       device='cuda:0')
tensor([0.0884, 0.1072, 0.0716, 0.1070, 0.1497, 0.0981, 0.1101, 0.0868, 0.0920,
        0.1068, 0.1092, 0.1060, 0.1604, 0.1410, 0.0605, 0.1352],
       device='cuda:0')
skipped 2 states
skipped 4 states
skipped 2 states
Shortcut time 0.002427211031317711
tensor([ 0.0803,  0.5789,  0.4834,  0.6722, -0.0943,  0.5965,  0.9163,  0.9628,
         1.3301,  0.1215,  0.2598,  0.8324, -0.0248, -0.0543, -0.4923,  0.0000],
       device='cuda:0')
Solve time for step 1 17.813950072973967
Current ori: tensor([-0.0252, -0.0539, -0.4925], device='cuda:0')
Index force: tensor([0.0943, 0.1523, 0.3855, 0.2695], device='cuda:0')
tensor([-0.0272, -0.0530, -0.4946], device='cuda:0')
tensor([ 0.0592,  0.4912,  0.6223,  0.6078, -0.1404,  0.5472,  0.8401,  0.9964,
         1.3233,  0.1036,  0.1558,  0.9033, -0.0316, -0.0302, -0.5492,  0.0000],
       device='cuda:0')
Solve time for step 2 6.126200636848807
Current ori: tensor([-0.0312, -0.0306, -0.5459], device='cuda:0')
Index force: tensor([0.1414, 0.3716, 0.2467], device='cuda:0')
tensor([-0.0316, -0.0298, -0.5461], device='cuda:0')
tensor([ 0.0410,  0.4451,  0.6816,  0.5870, -0.1421,  0.5474,  0.8279,  0.9849,
         1.3224,  0.1033,  0.1557,  0.9280, -0.0186, -0.0266, -0.5482,  0.0000],
       device='cuda:0')
Solve time for step 3 6.040402641054243
Current ori: tensor([-0.0174, -0.0279, -0.5476], device='cuda:0')
Index force: tensor([0.1733, 0.4764], device='cuda:0')
tensor([-0.0162, -0.0267, -0.5408], device='cuda:0')
tensor([ 0.0414,  0.4397,  0.6888,  0.5870, -0.1420,  0.5475,  0.8195,  0.9841,
         1.3233,  0.0931,  0.1557,  0.9313, -0.0151, -0.0267, -0.5442,  0.0000],
       device='cuda:0')
Solve time for step 4 6.078746096231043
Current ori: tensor([-0.0158, -0.0264, -0.5439], device='cuda:0')
Index force: tensor([0.2218], device='cuda:0')
tensor([-0.0159, -0.0266, -0.5438], device='cuda:0')
Likelihood: -109.15100860595703
State is in distribution
Current yaw: tensor([-0.0298, -0.0088, -0.5314], device='cuda:0')
1 turn
Sampling time 5.101414839271456
tensor([0.3057, 0.2948, 0.2905, 0.3637, 0.3026, 0.2417, 0.3444, 0.2402, 0.2096,
        0.3068, 0.2106, 0.3018, 0.3036, 0.3510, 0.3021, 0.2115],
       device='cuda:0')
tensor([0.1979, 0.1988, 0.0845, 0.2603, 0.1947, 0.1028, 0.1918, 0.1009, 0.0946,
        0.1977, 0.0942, 0.1953, 0.1967, 0.1922, 0.1954, 0.0941],
       device='cuda:0')
tensor([0.0895, 0.0848, 0.0990, 0.1040, 0.0886, 0.1603, 0.1086, 0.1573, 0.2099,
        0.0902, 0.2053, 0.0897, 0.0879, 0.1087, 0.0881, 0.2067],
       device='cuda:0')
tensor([0.1981, 0.2343, 0.1289, 0.1216, 0.1986, 0.0710, 0.1400, 0.0701, 0.2339,
        0.1977, 0.1954, 0.1979, 0.2003, 0.1390, 0.1976, 0.1970],
       device='cuda:0')
skipped 1 states
tensor([0.1056, 0.0742, 0.0586, 0.1203, 0.1059, 0.1074, 0.0659, 0.1077, 0.0438,
        0.1065, 0.0885, 0.1408, 0.1068, 0.0653, 0.1319, 0.0870],
       device='cuda:0')
skipped 1 states
skipped 4 states
Shortcut time 0.004466835875064135
tensor([ 0.0159,  0.4395,  0.6707,  0.5870, -0.1067,  0.5872,  0.8273,  0.9966,
         1.3639,  0.1146,  0.2069,  0.9707, -0.0199, -0.0108, -0.5199,  0.0000],
       device='cuda:0')
Likelihood: -111.53994750976562
Solve time for step 1 20.64300932502374
Current ori: tensor([-0.0302, -0.0086, -0.5307], device='cuda:0')
Middle force: tensor([0.5245, 0.5600, 1.2395, 0.5606, 0.8917, 0.8944], device='cuda:0')
Thumb force: tensor([0.5739, 0.9097, 0.8775, 0.9739, 0.5548, 0.5792], device='cuda:0')
Index force: tensor([0.3960, 0.3155, 1.2153, 0.4807, 0.6171, 0.4498], device='cuda:0')
tensor([-0.0199, -0.0105, -0.5199], device='cuda:0')
tensor([ 0.0279,  0.4285,  0.6712,  0.6421, -0.1075,  0.5854,  0.8183,  1.0672,
         1.3649,  0.1286,  0.2404,  0.8796, -0.0058, -0.0110, -0.5715,  0.0000],
       device='cuda:0')
Likelihood: -117.17329406738281
Solve time for step 2 6.889456307981163
Current ori: tensor([-0.0065, -0.0112, -0.5721], device='cuda:0')
Middle force: tensor([0.5698, 1.4077, 0.5469, 0.6693, 3.2651], device='cuda:0')
Thumb force: tensor([0.9428, 1.0449, 0.5610, 1.0933, 3.7770], device='cuda:0')
Index force: tensor([0.3523, 1.3696, 0.7403, 0.7017, 1.8620], device='cuda:0')
tensor([-0.0063, -0.0110, -0.5718], device='cuda:0')
tensor([ 0.0307,  0.4269,  0.6701,  0.6525, -0.1082,  0.5832,  0.8154,  1.0750,
         1.3762,  0.1207,  0.2550,  0.8447, -0.0112, -0.0099, -0.6157,  0.0000],
       device='cuda:0')
Likelihood: -124.72833251953125
Solve time for step 3 6.744028297718614
Current ori: tensor([ 0.0095, -0.0053, -0.6197], device='cuda:0')
Middle force: tensor([1.3598, 0.5446, 0.6617, 3.1355], device='cuda:0')
Thumb force: tensor([1.0169, 0.5585, 1.0676, 3.6395], device='cuda:0')
Index force: tensor([1.3278, 0.7204, 0.6831, 1.8051], device='cuda:0')
tensor([-0.0113, -0.0105, -0.6159], device='cuda:0')
tensor([ 0.0321,  0.4199,  0.6788,  0.6631, -0.1080,  0.5684,  0.8345,  1.1083,
         1.3768,  0.1219,  0.2755,  0.8008,  0.0167, -0.0074, -0.6840,  0.0000],
       device='cuda:0')
Likelihood: -118.81390380859375
Solve time for step 4 6.496087845880538
Current ori: tensor([ 0.0173, -0.0085, -0.6766], device='cuda:0')
Middle force: tensor([0.5419, 0.6546, 3.0072], device='cuda:0')
Thumb force: tensor([0.5538, 1.0430, 3.5167], device='cuda:0')
Index force: tensor([0.6953, 0.6657, 1.7436], device='cuda:0')
tensor([ 0.0178, -0.0092, -0.6766], device='cuda:0')
tensor([ 0.0329,  0.4189,  0.6822,  0.6630, -0.1086,  0.5682,  0.8353,  1.1081,
         1.3742,  0.1390,  0.2870,  0.7742,  0.0029, -0.0134, -0.7022,  0.0000],
       device='cuda:0')
Likelihood: -117.98379516601562
Solve time for step 5 6.411999932024628
Current ori: tensor([ 0.0042, -0.0134, -0.7029], device='cuda:0')
Middle force: tensor([0.6449, 2.9039], device='cuda:0')
Thumb force: tensor([1.0141, 3.3826], device='cuda:0')
Index force: tensor([0.6427, 1.6846], device='cuda:0')
tensor([ 0.0138, -0.0120, -0.7049], device='cuda:0')
tensor([ 0.0345,  0.4171,  0.6861,  0.6630, -0.1090,  0.5621,  0.8433,  1.1084,
         1.3736,  0.1513,  0.2994,  0.7300,  0.0022, -0.0093, -0.7441,  0.0000],
       device='cuda:0')
Likelihood: -111.29850769042969
Solve time for step 6 6.166642094030976
Current ori: tensor([ 0.0080, -0.0094, -0.7431], device='cuda:0')
Middle force: tensor([2.7906], device='cuda:0')
Thumb force: tensor([3.2586], device='cuda:0')
Index force: tensor([1.6259], device='cuda:0')
tensor([ 0.0088, -0.0098, -0.7430], device='cuda:0')
Current yaw: tensor([ 0.0037, -0.0084, -0.7737], device='cuda:0')
2 turn
Sampling time 4.959625333081931
tensor([0.1266, 0.1254, 0.1250, 0.1245, 0.1263, 0.1266, 0.1269, 0.1265, 0.1256,
        0.1255, 0.1267, 0.2328, 0.1260, 0.2639, 0.2417, 0.1260],
       device='cuda:0')
tensor([0.0774, 0.0788, 0.0771, 0.0778, 0.0784, 0.0788, 0.0788, 0.0778, 0.0782,
        0.0785, 0.0789, 0.0849, 0.0798, 0.1044, 0.0640, 0.0786],
       device='cuda:0')
tensor([0.0833, 0.0834, 0.0839, 0.0858, 0.0833, 0.0846, 0.0852, 0.0850, 0.0844,
        0.0829, 0.0843, 0.1160, 0.0827, 0.1987, 0.0423, 0.0848],
       device='cuda:0')
skipped 1 states
tensor([0.1006, 0.1016, 0.1007, 0.1024, 0.1031, 0.1016, 0.1009, 0.1021, 0.1029,
        0.1018, 0.1011, 0.0758, 0.1025, 0.0805, 0.1109, 0.1021],
       device='cuda:0')
skipped 1 states
tensor([0.0927, 0.0923, 0.0923, 0.1201, 0.0921, 0.0918, 0.0910, 0.0896, 0.0923,
        0.0922, 0.0926, 0.0802, 0.0933, 0.0608, 0.0452, 0.0918],
       device='cuda:0')
skipped 1 states
skipped 4 states
Shortcut time 0.004767023958265781
tensor([ 0.0372,  0.4129,  0.6914,  0.6630, -0.1073,  0.5506,  0.8608,  1.1171,
         1.3738,  0.1461,  0.3287,  0.6922,  0.0037, -0.0083, -0.7741,  0.0000],
       device='cuda:0')
Likelihood: -110.54447174072266
Solve time for step 1 20.257207293063402
Current ori: tensor([ 0.0050, -0.0077, -0.7721], device='cuda:0')
Middle force: tensor([0.5562, 0.8844, 0.5881, 1.4197, 0.5062], device='cuda:0')
Thumb force: tensor([0.8161, 1.4068, 0.6068, 0.7633, 0.9453], device='cuda:0')
Index force: tensor([0.4455, 0.5826, 0.3852, 0.9158, 0.5526], device='cuda:0')
tensor([ 0.0044, -0.0076, -0.7718], device='cuda:0')
tensor([ 0.0452,  0.4099,  0.7112,  0.6461, -0.1074,  0.5455,  0.8613,  1.1132,
         1.3687,  0.2093,  0.3204,  0.6558, -0.0014, -0.0128, -0.8244,  0.0000],
       device='cuda:0')
Likelihood: -101.38621520996094
Solve time for step 2 6.779777424875647
Current ori: tensor([-7.8044e-04, -1.3119e-02, -8.2493e-01], device='cuda:0')
Middle force: tensor([0.5298, 2.2203, 1.4446, 0.5783], device='cuda:0')
Thumb force: tensor([0.5753, 1.6737, 2.0935, 0.5364], device='cuda:0')
Index force: tensor([0.5197, 0.6472, 0.4645, 0.5209], device='cuda:0')
tensor([-0.0021, -0.0130, -0.8245], device='cuda:0')
tensor([ 0.0446,  0.4077,  0.7103,  0.6514, -0.1078,  0.5454,  0.8612,  1.1181,
         1.3677,  0.2131,  0.3202,  0.6555, -0.0065, -0.0068, -0.8336,  0.0000],
       device='cuda:0')
Likelihood: -100.66569519042969
Solve time for step 3 6.589794100727886
Current ori: tensor([ 9.8289e-05, -1.3964e-02, -8.3115e-01], device='cuda:0')
Middle force: tensor([2.1445, 1.3995, 0.5713], device='cuda:0')
Thumb force: tensor([1.6165, 2.0290, 0.5358], device='cuda:0')
Index force: tensor([0.6201, 0.4551, 0.5187], device='cuda:0')
tensor([-0.0044, -0.0077, -0.8335], device='cuda:0')
tensor([ 0.0538,  0.3978,  0.7188,  0.6783, -0.0972,  0.5457,  0.8637,  1.1422,
         1.3685,  0.2085,  0.3534,  0.5703,  0.0084, -0.0144, -0.8071,  0.0000],
       device='cuda:0')
Likelihood: -125.90965270996094
Solve time for step 4 6.529224067926407
Current ori: tensor([ 0.0893, -0.0138, -0.8013], device='cuda:0')
Middle force: tensor([1.3554, 0.5689], device='cuda:0')
Thumb force: tensor([1.9607, 0.5339], device='cuda:0')
Index force: tensor([0.4396, 0.5099], device='cuda:0')
tensor([ 0.0897, -0.0146, -0.8011], device='cuda:0')
tensor([ 0.0615,  0.3669,  0.7531,  0.7228, -0.1071,  0.5246,  0.8889,  1.1768,
         1.3730,  0.2092,  0.4459,  0.4725,  0.0953, -0.0163, -0.8441,  0.0000],
       device='cuda:0')
Likelihood: -238.7894744873047
State is out of distribution
Normalized likelihood for thumb_middle: 0.46765679121017456
Normalized likelihood for index: 0.5323432087898254
KL Divergence: tensor(0.0061)
Current yaw: tensor([ 0.0957, -0.0165, -0.8430], device='cuda:0')
2 index
tensor([0.3400, 0.3374, 0.3483, 0.3357, 0.3549, 0.3666, 0.3795, 0.3520, 0.3259,
        0.3257, 0.3708, 0.3944, 0.3424, 0.3255, 0.3962, 0.3284],
       device='cuda:0')
tensor([0.0673, 0.0742, 0.0754, 0.0728, 0.0730, 0.0732, 0.0752, 0.0792, 0.0768,
        0.0786, 0.0755, 0.0754, 0.0723, 0.0699, 0.0753, 0.0771],
       device='cuda:0')
tensor([0.0576, 0.0623, 0.0623, 0.0616, 0.0620, 0.0660, 0.0650, 0.0632, 0.0764,
        0.0737, 0.0644, 0.0531, 0.0600, 0.0725, 0.0534, 0.0732],
       device='cuda:0')
tensor([0.1050, 0.1283, 0.1188, 0.1129, 0.1200, 0.0550, 0.0548, 0.1156, 0.0599,
        0.0576, 0.0563, 0.1048, 0.1004, 0.0564, 0.1040, 0.0570],
       device='cuda:0')
skipped 1 states
skipped 4 states
skipped 1 states
Shortcut time 0.004021314904093742
tensor([ 0.0611,  0.3668,  0.7527,  0.7225, -0.1078,  0.5246,  0.8891,  1.1772,
         1.3727,  0.2091,  0.4465,  0.4724,  0.0951, -0.0162, -0.8428,  0.0000],
       device='cuda:0')
Solve time for step 1 21.41029147710651
Current ori: tensor([ 0.0961, -0.0164, -0.8429], device='cuda:0')
Middle force: tensor([0.5945, 0.5977, 0.5865, 0.5982, 0.5863, 0.5908], device='cuda:0')
Thumb force: tensor([0.5903, 0.5769, 0.5741, 0.6027, 0.5832, 0.6116], device='cuda:0')
tensor([ 0.0958, -0.0172, -0.8425], device='cuda:0')
tensor([ 0.1234,  0.3997,  0.5668,  0.7161, -0.0483,  0.5709,  0.8902,  1.0881,
         1.3730,  0.1983,  0.4151,  0.5982,  0.2514, -0.0790, -0.9831,  0.0000],
       device='cuda:0')
