CCAI_PATH /home/abhinav/Documents/ccai
joint command publisher initialized.
ros listner initialized.
obj_trans pre [0.03112653 0.28784327 0.12331272]
obj_trans post z offset [0.03112653 0.28784327 0.01284792]
obj_trans post hand offset [-2.96635682e-05  9.50150327e-02 -1.45245362e-02]
hand to mocap world position [0.03112686 0.19284323 0.1378482 ]
obj_trans pre [-2.96635682e-05  9.50150327e-02 -1.45245362e-02]
obj_trans post z offset [-2.96635682e-05  9.50150327e-02 -1.24989336e-01]
obj_trans post hand offset [-1.59269068e-07  9.49999229e-02 -1.25000363e-01]
hand to mocap world position [-2.9504299e-05  1.5109777e-05  1.1026859e-05]
obj_trans pre [-1.59269068e-07  9.49999229e-02 -1.25000363e-01]
obj_trans post z offset [-1.59269068e-07  9.49999229e-02 -2.35465163e-01]
obj_trans post hand offset [-2.18873713e-07  9.49999229e-02 -1.25000411e-01]
hand to mocap world position [ 5.9604645e-08  0.0000000e+00 -1.1046475e-01]
obj_trans pre [-2.18873713e-07  9.49999229e-02 -1.25000411e-01]
obj_trans post z offset [-2.18873713e-07  9.49999229e-02 -2.35465211e-01]
obj_trans post hand offset [-2.18873713e-07  9.49999527e-02 -1.25000340e-01]
hand to mocap world position [ 0.0000000e+00 -2.9802322e-08 -1.1046487e-01]
obj_trans pre [-2.18873713e-07  9.49999527e-02 -1.25000340e-01]
obj_trans post z offset [-2.18873713e-07  9.49999527e-02 -2.35465140e-01]
obj_trans post hand offset [-1.59269068e-07  9.49998931e-02 -1.25000389e-01]
hand to mocap world position [-5.9604645e-08  5.9604645e-08 -1.1046475e-01]
Root coor: [-1.59269068e-07  9.49998931e-02 -1.25000389e-01]
Root ori: [ 0.03031893  0.01077094 -0.06919461]
joint command publisher initialized.
joint state subscriber initialized.

Trial 1
No action perturbation this trial
[ models/temporal ] Channel dimensions: [(37, 128), (128, 256), (256, 512)]
[ models/temporal ] Channel dimensions: [(37, 128), (128, 256), (256, 512)]
[ models/temporal ] Channel dimensions: [(37, 128), (128, 256)]
[ models/temporal ] Channel dimensions: [(37, 128), (128, 256), (256, 512)]
[ models/temporal ] Channel dimensions: [(37, 128), (128, 256), (256, 512)]
[ models/temporal ] Channel dimensions: [(37, 128), (128, 256)]
Loaded trajectory sampler
Current yaw: tensor([ 0.0153,  0.0018, -0.0847], device='cuda:0')
tensor([ 0.0267,  0.0199, -0.0448], device='cuda:0')
tensor([ 0.0272,  0.0047, -0.0368], device='cuda:0')
Pregrasp complete. Ready to execute. Press <ENTER> to continue.Current yaw: tensor([ 0.0328,  0.0040, -0.0308], device='cuda:0')
1 turn
Sampling time 5.123949082102627
tensor([0.3902, 0.2819, 0.2681, 0.2710, 0.2896, 0.2496, 0.3363, 0.2633, 0.2961,
        0.3035, 0.2610, 0.2474, 0.3770, 0.2637, 0.3365, 0.2311],
       device='cuda:0')
tensor([0.1217, 0.1943, 0.0920, 0.0492, 0.0563, 0.0935, 0.2783, 0.0576, 0.1283,
        0.1104, 0.0588, 0.0923, 0.1326, 0.0581, 0.2803, 0.0589],
       device='cuda:0')
tensor([0.0702, 0.1538, 0.0818, 0.0747, 0.1271, 0.1702, 0.2797, 0.0541, 0.1910,
        0.0746, 0.0535, 0.1711, 0.1481, 0.0547, 0.2815, 0.0577],
       device='cuda:0')
skipped 1 states
tensor([0.1231, 0.1425, 0.1069, 0.0743, 0.0812, 0.1118, 0.0533, 0.0841, 0.1139,
        0.0707, 0.0838, 0.1137, 0.0740, 0.0865, 0.0517, 0.1102],
       device='cuda:0')
skipped 1 states
tensor([0.1146, 0.0706, 0.0608, 0.1188, 0.1223, 0.0887, 0.0459, 0.1092, 0.1362,
        0.0908, 0.1409, 0.1049, 0.0901, 0.1227, 0.0461, 0.1099],
       device='cuda:0')
skipped 2 states
skipped 2 states
Shortcut time 0.004860125947743654
tensor([ 1.4583e-01,  6.1881e-01,  5.7489e-01,  5.8578e-01, -1.2649e-01,
         5.7078e-01,  9.1159e-01,  8.5678e-01,  1.2184e+00,  2.8088e-01,
         2.4101e-01,  1.1825e+00,  2.7151e-02, -6.7162e-04, -2.7690e-02,
         0.0000e+00], device='cuda:0')
Likelihood: -23.961938858032227
Solve time for step 1 21.465404734015465
Current ori: tensor([ 0.0244, -0.0027, -0.0253], device='cuda:0')
Middle force: tensor([1.3999, 1.0377, 1.4685, 1.0813, 1.3757, 1.0054], device='cuda:0')
Thumb force: tensor([1.7079, 1.1347, 1.2978, 1.1143, 1.7846, 2.4871], device='cuda:0')
Index force: tensor([0.6922, 0.9937, 0.2166, 0.2258, 0.8154, 1.3083], device='cuda:0')
tensor([ 0.0330,  0.0042, -0.0310], device='cuda:0')
tensor([ 0.1391,  0.6493,  0.5445,  0.5461, -0.1265,  0.5218,  0.9378,  0.9746,
         1.2864,  0.2477,  0.2500,  1.0045,  0.0082, -0.0082, -0.3927,  0.0000],
       device='cuda:0')
Likelihood: -23.49821662902832
Solve time for step 2 7.036855643847957
Current ori: tensor([ 0.0071, -0.0073, -0.3939], device='cuda:0')
Middle force: tensor([1.0368, 1.2289, 1.0196, 1.0385, 1.0410], device='cuda:0')
Thumb force: tensor([1.0276, 1.7590, 2.4197, 1.0596, 1.1062], device='cuda:0')
Index force: tensor([0.3032, 0.5162, 0.8673, 0.7197, 0.5202], device='cuda:0')
tensor([ 0.0079, -0.0073, -0.3942], device='cuda:0')
tensor([ 1.3778e-01,  6.5099e-01,  5.4441e-01,  5.3641e-01, -1.2842e-01,
         5.6169e-01,  8.9920e-01,  9.6570e-01,  1.3006e+00,  2.0015e-01,
         2.4899e-01,  1.0043e+00, -3.3865e-04, -4.5076e-03, -3.4807e-01,
         0.0000e+00], device='cuda:0')
Likelihood: -20.93798828125
Solve time for step 3 6.796806859085336
Current ori: tensor([ 0.0014, -0.0053, -0.3479], device='cuda:0')
Middle force: tensor([1.1923, 1.0134, 1.0265, 1.0304], device='cuda:0')
Thumb force: tensor([1.6594, 2.2992, 1.0487, 1.0863], device='cuda:0')
Index force: tensor([0.4836, 0.8238, 0.7014, 0.4987], device='cuda:0')
tensor([ 0.0015, -0.0045, -0.3483], device='cuda:0')
tensor([ 0.1371,  0.6514,  0.5446,  0.5349, -0.1282,  0.5572,  0.8922,  0.9668,
         1.3211,  0.1849,  0.2480,  0.9934,  0.0119, -0.0037, -0.3571,  0.0000],
       device='cuda:0')
Likelihood: -20.87477684020996
Solve time for step 4 6.606542412191629
Current ori: tensor([ 0.0072, -0.0064, -0.3563], device='cuda:0')
Middle force: tensor([1.0091, 1.0200, 1.0233], device='cuda:0')
Thumb force: tensor([2.2083, 1.0412, 1.0736], device='cuda:0')
Index force: tensor([0.7743, 0.6877, 0.4793], device='cuda:0')
tensor([ 0.0077, -0.0069, -0.3561], device='cuda:0')
tensor([ 0.1379,  0.6572,  0.5448,  0.5295, -0.1277,  0.5574,  0.8918,  0.9692,
         1.3150,  0.1789,  0.2686,  0.9651,  0.0048, -0.0058, -0.3574,  0.0000],
       device='cuda:0')
Likelihood: -21.83156967163086
Solve time for step 5 6.480482012964785
Current ori: tensor([ 0.0051, -0.0059, -0.3571], device='cuda:0')
Middle force: tensor([1.0199, 1.0912], device='cuda:0')
Thumb force: tensor([1.0270, 1.0358], device='cuda:0')
Index force: tensor([0.3560, 0.4446], device='cuda:0')
tensor([ 0.0055, -0.0051, -0.3575], device='cuda:0')
tensor([ 0.1355,  0.6575,  0.5444,  0.5264, -0.1279,  0.5576,  0.8918,  0.9697,
         1.3164,  0.1740,  0.2799,  0.9341,  0.0045, -0.0069, -0.3661,  0.0000],
       device='cuda:0')
Likelihood: -22.23587417602539
Solve time for step 6 6.418481303146109
Current ori: tensor([ 0.0038, -0.0060, -0.3681], device='cuda:0')
Middle force: tensor([1.0087], device='cuda:0')
Thumb force: tensor([1.0402], device='cuda:0')
Index force: tensor([0.4326], device='cuda:0')
tensor([ 0.0042, -0.0062, -0.3675], device='cuda:0')
Current yaw: tensor([ 0.0131, -0.0097, -0.3799], device='cuda:0')
2 turn
Sampling time 5.214331897906959
tensor([0.2489, 0.1985, 0.1990, 0.2417, 0.2406, 0.2352, 0.1967, 0.2295, 0.1965,
        0.2595, 0.2334, 0.2573, 0.2889, 0.3061, 0.2864, 0.1990],
       device='cuda:0')
tensor([0.1009, 0.1677, 0.1282, 0.1694, 0.1703, 0.1117, 0.1686, 0.0889, 0.1279,
        0.0946, 0.1305, 0.0962, 0.1096, 0.1591, 0.1123, 0.1679],
       device='cuda:0')
skipped 1 states
tensor([0.1456, 0.1219, 0.1826, 0.0873, 0.0865, 0.0615, 0.1236, 0.0653, 0.1821,
        0.0622, 0.1136, 0.0620, 0.1251, 0.1015, 0.1235, 0.1221],
       device='cuda:0')
skipped 1 states
tensor([0.1633, 0.0685, 0.1119, 0.0827, 0.0827, 0.0432, 0.0685, 0.0565, 0.1123,
        0.0953, 0.0598, 0.0954, 0.0768, 0.0600, 0.0791, 0.0689],
       device='cuda:0')
skipped 1 states
tensor([0.0654, 0.0726, 0.0823, 0.0546, 0.0543, 0.0631, 0.0727, 0.0754, 0.0825,
        0.0812, 0.0654, 0.1054, 0.0927, 0.0579, 0.0717, 0.0743],
       device='cuda:0')
skipped 1 states
skipped 2 states
Shortcut time 0.019585366128012538
tensor([ 0.1373,  0.6577,  0.5446,  0.5268, -0.1285,  0.5549,  0.9028,  0.9696,
         1.3281,  0.1615,  0.2910,  0.8803,  0.0075, -0.0112, -0.3805,  0.0000],
       device='cuda:0')
Likelihood: -26.590984344482422
Solve time for step 1 21.328480283962563
Current ori: tensor([ 0.0132, -0.0086, -0.3808], device='cuda:0')
Middle force: tensor([1.2742, 1.2337, 1.0185, 1.0828, 1.0470, 1.0637], device='cuda:0')
Thumb force: tensor([1.0668, 1.5031, 1.7230, 1.0938, 1.2284, 1.0799], device='cuda:0')
Index force: tensor([0.2759, 0.4978, 0.9477, 0.6937, 0.1509, 0.5563], device='cuda:0')
tensor([ 0.0130, -0.0085, -0.3812], device='cuda:0')
tensor([ 0.1356,  0.6578,  0.5442,  0.5269, -0.1284,  0.5425,  0.9117,  1.0363,
         1.3289,  0.1632,  0.3680,  0.6858, -0.0094,  0.0020, -0.5009,  0.0000],
       device='cuda:0')
Likelihood: -29.549585342407227
Solve time for step 2 7.1939689849969
Current ori: tensor([-0.0090,  0.0015, -0.5010], device='cuda:0')
Middle force: tensor([1.1902, 1.0095, 1.0667, 1.0310, 1.0503], device='cuda:0')
Thumb force: tensor([1.4254, 1.6586, 1.0755, 1.1834, 1.0634], device='cuda:0')
Index force: tensor([0.4642, 0.8830, 0.6549, 0.1452, 0.5321], device='cuda:0')
tensor([-0.0095,  0.0007, -0.5008], device='cuda:0')
tensor([ 0.1356,  0.6576,  0.5436,  0.5237, -0.1288,  0.5349,  0.9109,  1.0500,
         1.3870,  0.0960,  0.3876,  0.5871, -0.0053, -0.0076, -0.5516,  0.0000],
       device='cuda:0')
Likelihood: -35.697967529296875
State is out of distribution
Likelihood for thumb_middle: -7.810479640960693
Likelihood for index: -6.469142913818359
Current yaw: tensor([-0.0046, -0.0080, -0.5522], device='cuda:0')
2 index
tensor([0.2412, 0.2287, 0.3179, 0.4792, 0.2992, 0.3124, 0.3047, 0.2379, 0.2368,
        0.2407, 0.3096, 0.2925, 0.2296, 0.3140, 0.2364, 0.2969],
       device='cuda:0')
tensor([0.0574, 0.0773, 0.0977, 0.0976, 0.0926, 0.0745, 0.0975, 0.0708, 0.0701,
        0.0707, 0.0786, 0.0901, 0.0727, 0.0726, 0.0781, 0.0963],
       device='cuda:0')
skipped 2 states
tensor([0.0619, 0.0402, 0.0452, 0.0507, 0.0612, 0.0602, 0.0464, 0.0567, 0.0636,
        0.0516, 0.0547, 0.0434, 0.0552, 0.0578, 0.0447, 0.0611],
       device='cuda:0')
skipped 2 states
skipped 4 states
Shortcut time 0.003519464051350951
tensor([ 0.1353,  0.6578,  0.5434,  0.5243, -0.1289,  0.5351,  0.9111,  1.0504,
         1.3887,  0.0964,  0.3880,  0.5870, -0.0039, -0.0085, -0.5520,  0.0000],
       device='cuda:0')
Solve time for step 1 20.898024399066344
Current ori: tensor([-0.0049, -0.0079, -0.5526], device='cuda:0')
Middle force: tensor([1.0324, 1.0818, 1.0880, 1.0750], device='cuda:0')
Thumb force: tensor([1.0107, 1.0162, 1.0896, 1.1231], device='cuda:0')
tensor([-0.0085, -0.0026, -0.5588], device='cuda:0')
tensor([ 0.2207,  0.5804,  0.5436,  0.5575, -0.1281,  0.5357,  0.9229,  1.0098,
         1.3271,  0.2258,  0.4025,  0.5871, -0.0071, -0.0024, -0.5193,  0.0000],
       device='cuda:0')
Solve time for step 2 7.188053683843464
Current ori: tensor([-0.0086, -0.0016, -0.5186], device='cuda:0')
Middle force: tensor([1.0624, 1.0161, 1.0253], device='cuda:0')
Thumb force: tensor([1.0409, 1.1088, 1.0924], device='cuda:0')
tensor([-0.0068, -0.0020, -0.5186], device='cuda:0')
tensor([ 0.2236,  0.5802,  0.5435,  0.5672, -0.1289,  0.5340,  0.9432,  1.0032,
         1.3235,  0.2096,  0.3721,  0.6623,  0.0028, -0.0046, -0.4853,  0.0000],
       device='cuda:0')
Solve time for step 3 6.986940538045019
Current ori: tensor([-7.8757e-04,  1.0306e-04, -4.9267e-01], device='cuda:0')
Middle force: tensor([1.0080, 1.0099], device='cuda:0')
Thumb force: tensor([1.0546, 1.0606], device='cuda:0')
tensor([-0.0006, -0.0012, -0.4921], device='cuda:0')
tensor([ 0.2234,  0.5804,  0.5435,  0.5751, -0.1273,  0.5238,  0.9504,  1.0037,
         1.3236,  0.2082,  0.3599,  0.6826,  0.0018, -0.0080, -0.4870,  0.0000],
       device='cuda:0')
Solve time for step 4 6.869834904093295
Current ori: tensor([ 0.0031, -0.0096, -0.4809], device='cuda:0')
Middle force: tensor([1.0048], device='cuda:0')
Thumb force: tensor([1.0533], device='cuda:0')
tensor([ 0.0030, -0.0105, -0.4802], device='cuda:0')
Likelihood: -34.59833526611328
State is in distribution
Current yaw: tensor([-2.4043e-04, -8.4088e-03, -4.9831e-01], device='cuda:0')
2 turn
Sampling time 5.132017046911642
tensor([0.3843, 0.4470, 0.4230, 0.4172, 0.3097, 0.4152, 0.3833, 0.4016, 0.4030,
        0.4301, 0.4086, 0.4318, 0.4285, 0.4063, 0.3924, 0.3835],
       device='cuda:0')
tensor([0.1517, 0.1908, 0.1138, 0.2415, 0.1262, 0.0767, 0.1503, 0.0712, 0.0526,
        0.1201, 0.0798, 0.2672, 0.1189, 0.1186, 0.0429, 0.1528],
       device='cuda:0')
tensor([0.1862, 0.0758, 0.1587, 0.0665, 0.1142, 0.1065, 0.1877, 0.0444, 0.0442,
        0.0522, 0.0475, 0.0820, 0.0513, 0.0587, 0.0841, 0.1891],
       device='cuda:0')
tensor([0.0772, 0.1179, 0.1366, 0.1536, 0.1402, 0.0671, 0.0812, 0.0995, 0.0782,
        0.1084, 0.1107, 0.0702, 0.1082, 0.1081, 0.1246, 0.0796],
       device='cuda:0')
skipped 1 states
tensor([0.0817, 0.1090, 0.0648, 0.0730, 0.0483, 0.0710, 0.0787, 0.0707, 0.0588,
        0.0620, 0.0653, 0.0845, 0.0641, 0.0755, 0.1049, 0.0829],
       device='cuda:0')
skipped 1 states
tensor([0.1287, 0.0770, 0.1275, 0.0529, 0.1214, 0.0968, 0.0882, 0.0932, 0.0948,
        0.1099, 0.0951, 0.1138, 0.1023, 0.1472, 0.0922, 0.1313],
       device='cuda:0')
skipped 3 states
Shortcut time 0.018850047141313553
tensor([ 1.8263e-01,  6.2788e-01,  5.9314e-01,  6.0678e-01, -1.2116e-01,
         5.3283e-01,  9.5064e-01,  1.0038e+00,  1.3234e+00,  2.0578e-01,
         3.5208e-01,  6.8378e-01,  6.5427e-04, -8.7469e-03, -4.9801e-01,
         0.0000e+00], device='cuda:0')
Likelihood: -33.53966522216797
Solve time for step 1 21.59559438796714
Current ori: tensor([ 8.0202e-05, -8.8389e-03, -4.9829e-01], device='cuda:0')
Middle force: tensor([1.8987, 1.6400, 0.9983, 1.3338, 1.0037, 1.0707, 1.0556],
       device='cuda:0')
Thumb force: tensor([1.0968, 1.0506, 1.0750, 1.8056, 1.9228, 1.6315, 1.1540],
       device='cuda:0')
Index force: tensor([0.7214, 1.0682, 1.4513, 1.2470, 1.0356, 0.8150, 0.2734],
       device='cuda:0')
tensor([ 2.7769e-04, -9.2479e-03, -4.9772e-01], device='cuda:0')
tensor([ 0.1825,  0.6450,  0.5952,  0.5519, -0.1114,  0.4746,  1.0232,  1.0371,
         1.4567, -0.1385,  0.3489,  0.5285,  0.0055, -0.0259, -0.6926,  0.0000],
       device='cuda:0')
Likelihood: -37.55481719970703
State is out of distribution
Likelihood for thumb_middle: -11.609870910644531
Likelihood for index: -11.236051559448242
Current yaw: tensor([ 0.0073, -0.0275, -0.6945], device='cuda:0')
2 index
tensor([0.4038, 0.4055, 0.3971, 0.3912, 0.4010, 0.4296, 0.3947, 0.4480, 0.4064,
        0.4664, 0.3957, 0.3978, 0.4300, 0.4060, 0.4378, 0.3928],
       device='cuda:0')
tensor([0.0568, 0.0824, 0.0702, 0.0764, 0.0663, 0.1061, 0.1018, 0.1076, 0.0793,
        0.1183, 0.1147, 0.0808, 0.1097, 0.0798, 0.1283, 0.0816],
       device='cuda:0')
skipped 3 states
skipped 4 states
skipped 1 states
Shortcut time 0.0026057790964841843
tensor([ 0.1824,  0.6450,  0.5952,  0.5513, -0.1115,  0.4749,  1.0232,  1.0368,
         1.4592, -0.1381,  0.3486,  0.5282,  0.0060, -0.0280, -0.6940,  0.0000],
       device='cuda:0')
Solve time for step 1 21.13653964106925
Current ori: tensor([ 0.0072, -0.0293, -0.6940], device='cuda:0')
Middle force: tensor([1.0625, 1.0969, 1.0360, 1.0531], device='cuda:0')
Thumb force: tensor([1.0420, 1.0837, 1.1399, 1.0894], device='cuda:0')
tensor([ 0.0062, -0.0288, -0.6944], device='cuda:0')
tensor([ 0.2315,  0.5981,  0.5537,  0.5515, -0.1321,  0.4763,  1.0099,  1.0458,
         1.4003,  0.0458,  0.3453,  0.7139,  0.0061, -0.0191, -0.6017,  0.0000],
       device='cuda:0')
Solve time for step 2 7.377756650093943
Current ori: tensor([ 0.0056, -0.0187, -0.6012], device='cuda:0')
Middle force: tensor([1.0747, 1.0105, 1.0282], device='cuda:0')
Thumb force: tensor([1.0556, 1.1456, 1.0729], device='cuda:0')
tensor([ 0.0059, -0.0187, -0.6015], device='cuda:0')
tensor([ 2.3063e-01,  5.9814e-01,  5.3677e-01,  5.5650e-01, -1.4374e-01,
         5.0340e-01,  9.9865e-01,  1.0389e+00,  1.3810e+00,  8.0590e-02,
         3.4279e-01,  7.1434e-01,  1.0826e-04, -1.9293e-02, -5.8927e-01,
         0.0000e+00], device='cuda:0')
Solve time for step 3 6.968884661095217
Current ori: tensor([-0.0044, -0.0235, -0.5977], device='cuda:0')
Middle force: tensor([1.0447, 1.0374], device='cuda:0')
Thumb force: tensor([1.0808, 1.0846], device='cuda:0')
tensor([-0.0049, -0.0230, -0.5979], device='cuda:0')
tensor([ 0.2312,  0.5982,  0.5366,  0.5564, -0.1242,  0.5141,  0.9941,  1.0394,
         1.3602,  0.0952,  0.3304,  0.7144, -0.0096, -0.0316, -0.6088,  0.0000],
       device='cuda:0')
Solve time for step 4 6.904834680026397
Current ori: tensor([-0.0048, -0.0330, -0.6102], device='cuda:0')
Middle force: tensor([1.0783], device='cuda:0')
Thumb force: tensor([1.0375], device='cuda:0')
tensor([-0.0037, -0.0330, -0.6103], device='cuda:0')
Likelihood: -31.846250534057617
State is in distribution
Current yaw: tensor([-0.0058, -0.0368, -0.6146], device='cuda:0')
2 turn
Sampling time 5.1240799750667065
tensor([0.3484, 0.4433, 0.3567, 0.3536, 0.4053, 0.4326, 0.2887, 0.4360, 0.4014,
        0.4892, 0.4163, 0.4120, 0.4340, 0.4301, 0.4282, 0.4281],
       device='cuda:0')
tensor([0.1595, 0.0834, 0.0753, 0.1179, 0.0457, 0.0719, 0.1187, 0.1672, 0.1281,
        0.1435, 0.1932, 0.0887, 0.1622, 0.1131, 0.0750, 0.0712],
       device='cuda:0')
tensor([0.1131, 0.1487, 0.0621, 0.1639, 0.0931, 0.0567, 0.2117, 0.1571, 0.1404,
        0.1057, 0.1256, 0.1493, 0.1539, 0.0924, 0.0466, 0.0563],
       device='cuda:0')
skipped 1 states
tensor([0.0840, 0.0487, 0.0557, 0.0570, 0.0464, 0.1035, 0.0765, 0.0756, 0.0920,
        0.1003, 0.0827, 0.1380, 0.0755, 0.0666, 0.1004, 0.1011],
       device='cuda:0')
skipped 1 states
tensor([0.1017, 0.0999, 0.0769, 0.0950, 0.1248, 0.1018, 0.0887, 0.0440, 0.0910,
        0.1123, 0.0471, 0.1075, 0.0410, 0.0823, 0.1019, 0.1014],
       device='cuda:0')
skipped 2 states
skipped 2 states
Shortcut time 0.017028585076332092
tensor([ 0.1800,  0.6481,  0.5792,  0.5768, -0.1197,  0.5281,  0.9894,  1.0399,
         1.3586,  0.0932,  0.3244,  0.7137, -0.0064, -0.0360, -0.6161,  0.0000],
       device='cuda:0')
Likelihood: -31.54747772216797
Solve time for step 1 20.65614668582566
Current ori: tensor([-0.0069, -0.0362, -0.6165], device='cuda:0')
Middle force: tensor([1.0465, 1.6754, 2.0506, 1.0909, 1.0353, 1.0496], device='cuda:0')
Thumb force: tensor([1.1629, 1.6050, 1.0807, 1.0870, 1.7326, 1.4028], device='cuda:0')
Index force: tensor([0.5697, 0.8070, 0.5376, 0.4913, 0.5860, 0.8732], device='cuda:0')
tensor([-0.0064, -0.0361, -0.6169], device='cuda:0')
tensor([ 0.1543,  0.6439,  0.5596,  0.5797, -0.1460,  0.5386,  0.9599,  1.0130,
         1.3513,  0.1251,  0.3498,  0.7137, -0.0070, -0.0110, -0.5513,  0.0000],
       device='cuda:0')
Likelihood: -39.12303924560547
State is out of distribution
Likelihood for thumb_middle: -7.779872894287109
Likelihood for index: -6.129462242126465
Current yaw: tensor([-0.0080, -0.0101, -0.5503], device='cuda:0')
2 index
tensor([0.2387, 0.1672, 0.2476, 0.2184, 0.2020, 0.2454, 0.2477, 0.2452, 0.2459,
        0.1732, 0.2413, 0.2456, 0.1664, 0.1607, 0.2447, 0.1694],
       device='cuda:0')
tensor([0.0927, 0.0615, 0.0905, 0.0805, 0.0624, 0.0924, 0.0699, 0.0662, 0.0685,
        0.0548, 0.0696, 0.0715, 0.0568, 0.0700, 0.0935, 0.0545],
       device='cuda:0')
skipped 2 states
skipped 4 states
skipped 2 states
Shortcut time 0.0026470560114830732
tensor([ 0.1545,  0.6439,  0.5599,  0.5793, -0.1463,  0.5386,  0.9599,  1.0116,
         1.3513,  0.1254,  0.3503,  0.7136, -0.0079, -0.0103, -0.5499,  0.0000],
       device='cuda:0')
Solve time for step 1 20.604359610006213
Current ori: tensor([-0.0066, -0.0106, -0.5494], device='cuda:0')
Middle force: tensor([1.0091, 1.0236, 1.0334, 1.0532], device='cuda:0')
Thumb force: tensor([0.9999, 1.0044, 1.1071, 1.0705], device='cuda:0')
tensor([-0.0069, -0.0104, -0.5495], device='cuda:0')
tensor([ 2.1244e-01,  5.6093e-01,  5.5941e-01,  5.7831e-01, -1.8858e-01,
         5.5380e-01,  9.9871e-01,  9.5826e-01,  1.3526e+00,  1.2152e-01,
         3.6805e-01,  6.8529e-01, -2.4886e-02,  8.3236e-04, -6.0331e-01,
         0.0000e+00], device='cuda:0')
Solve time for step 2 7.211163638159633
Current ori: tensor([-2.3397e-02,  4.1750e-04, -6.0327e-01], device='cuda:0')
Middle force: tensor([1.0111, 1.0179, 1.0395], device='cuda:0')
Thumb force: tensor([1.0011, 1.0545, 1.0251], device='cuda:0')
tensor([-2.4391e-02,  4.6731e-04, -6.0300e-01], device='cuda:0')
tensor([ 0.2124,  0.5611,  0.5592,  0.5783, -0.1908,  0.5553,  0.9970,  0.9473,
         1.3517,  0.1220,  0.3632,  0.7271, -0.0209,  0.0041, -0.5436,  0.0000],
       device='cuda:0')
Solve time for step 3 7.074161781929433
Current ori: tensor([-0.0203,  0.0045, -0.5433], device='cuda:0')
Middle force: tensor([1.0930, 1.0829], device='cuda:0')
Thumb force: tensor([1.0544, 1.0596], device='cuda:0')
tensor([-0.0208,  0.0042, -0.5434], device='cuda:0')
tensor([ 0.2122,  0.5610,  0.5591,  0.5782, -0.1905,  0.5586,  1.0029,  0.9474,
         1.3474,  0.1331,  0.3538,  0.7409, -0.0202,  0.0020, -0.5453,  0.0000],
       device='cuda:0')
Solve time for step 4 6.963613201165572
Current ori: tensor([-0.0204,  0.0014, -0.5451], device='cuda:0')
Middle force: tensor([1.0684], device='cuda:0')
Thumb force: tensor([1.0180], device='cuda:0')
tensor([-0.0196,  0.0014, -0.5451], device='cuda:0')
Likelihood: -38.455665588378906
State is out of distribution
Ready to regrasp. Press <ENTER> to continue.