CCAI_PATH /home/abhinav/Documents/ccai

Trial 2
[ models/temporal ] Channel dimensions: [(37, 128), (128, 256), (256, 512)]
[ models/temporal ] Channel dimensions: [(37, 128), (128, 256), (256, 512)]
[ models/temporal ] Channel dimensions: [(37, 128), (128, 256)]
[ models/temporal ] Channel dimensions: [(37, 128), (128, 256), (256, 512)]
[ models/temporal ] Channel dimensions: [(37, 128), (128, 256), (256, 512)]
[ models/temporal ] Channel dimensions: [(37, 128), (128, 256), (256, 512)]
[ models/temporal ] Channel dimensions: [(37, 128), (128, 256)]
Loaded trajectory sampler
Current yaw: tensor([-9.8306e-05,  1.2234e-02, -5.3800e-02], device='cuda:1')
Current yaw: tensor([ 0.0043,  0.0206, -0.0436], device='cuda:1')
1 turn
Sampling time 5.303445768950041
tensor([0.2423, 0.2563, 0.2428, 0.2434, 0.2963, 0.2422, 0.2437, 0.2691, 0.2576,
        0.2584, 0.2429, 0.2437, 0.2417, 0.2596, 0.2433, 0.2576],
       device='cuda:1')
tensor([0.0710, 0.1502, 0.0729, 0.0724, 0.1376, 0.0736, 0.0727, 0.1225, 0.1506,
        0.1504, 0.0753, 0.0725, 0.0729, 0.1517, 0.0731, 0.1489],
       device='cuda:1')
skipped 1 states
tensor([0.0681, 0.0589, 0.0688, 0.0693, 0.0431, 0.0700, 0.0703, 0.0445, 0.0581,
        0.0585, 0.0691, 0.0693, 0.0695, 0.0587, 0.0692, 0.0577],
       device='cuda:1')
tensor([0.1514, 0.1264, 0.1527, 0.1528, 0.1170, 0.1542, 0.1524, 0.0686, 0.1233,
        0.1256, 0.1526, 0.1537, 0.1547, 0.1249, 0.1524, 0.1255],
       device='cuda:1')
skipped 1 states
tensor([0.0658, 0.0807, 0.0793, 0.0803, 0.0535, 0.0797, 0.0794, 0.0431, 0.0817,
        0.0824, 0.0793, 0.0789, 0.0803, 0.0807, 0.0783, 0.0810],
       device='cuda:1')
skipped 1 states
skipped 4 states
Shortcut time 0.004806375014595687
tensor([ 0.0638,  0.4820,  0.6312,  0.6620, -0.2012,  0.5704,  0.9413,  0.9243,
         1.2501,  0.2313,  0.2872,  1.1762,  0.0043,  0.0206, -0.0436,  0.7855],
       device='cuda:1')
Likelihood: -24.150598526000977
Solve time for step 1 18.96786376304226
Current ori: tensor([ 0.0043,  0.0206, -0.0436], device='cuda:1')
Middle force: tensor([0.5508, 0.5410, 1.8651, 1.4653, 1.1543], device='cuda:1')
Thumb force: tensor([0.6091, 1.2205, 1.4284, 0.8658, 0.9008], device='cuda:1')
Index force: tensor([0.7353, 0.4058, 0.4451, 0.9006, 0.6698], device='cuda:1')
tensor([ 0.0641,  0.4910,  0.6140,  0.6730, -0.2055,  0.5599,  0.9405,  0.9763,
         1.2711,  0.2156,  0.2927,  1.1184,  0.0032,  0.0204, -0.1444,  0.8885],
       device='cuda:1')
Likelihood: -22.64251708984375
Solve time for step 2 6.755727153038606
Current ori: tensor([ 0.0032,  0.0204, -0.1444], device='cuda:1')
Middle force: tensor([0.5059, 1.7866, 1.4083, 1.1054], device='cuda:1')
Thumb force: tensor([1.1652, 1.3652, 0.8216, 0.8621], device='cuda:1')
Index force: tensor([0.3749, 0.4290, 0.8580, 0.6410], device='cuda:1')
tensor([ 0.1033,  0.5804,  0.4905,  0.7518, -0.1827,  0.5739,  0.9481,  1.0224,
         1.2840,  0.2007,  0.2579,  1.0702, -0.0093, -0.0029, -0.2684,  1.0819],
       device='cuda:1')
Likelihood: -23.30135726928711
Solve time for step 3 6.534750038990751
Current ori: tensor([-0.0093, -0.0029, -0.2684], device='cuda:1')
Middle force: tensor([1.6943, 1.3502, 1.0570], device='cuda:1')
Thumb force: tensor([1.3058, 0.7795, 0.8270], device='cuda:1')
Index force: tensor([0.3724, 0.8231, 0.6126], device='cuda:1')
tensor([ 0.1098,  0.6825,  0.3975,  0.6653, -0.1516,  0.5627,  0.9710,  1.0643,
         1.3111,  0.1739,  0.2424,  1.0014, -0.0366, -0.0121, -0.3068,  1.0829],
       device='cuda:1')
Likelihood: -20.933292388916016
Solve time for step 4 6.656699891958851
Current ori: tensor([-0.0366, -0.0121, -0.3068], device='cuda:1')
Middle force: tensor([1.2916, 1.0098], device='cuda:1')
Thumb force: tensor([0.7403, 0.7973], device='cuda:1')
Index force: tensor([0.7893, 0.5869], device='cuda:1')
tensor([ 0.1024,  0.6089,  0.4922,  0.6654, -0.1565,  0.5402,  0.9925,  1.0942,
         1.3233,  0.1596,  0.2510,  0.9776, -0.0295, -0.0086, -0.3736,  1.0681],
       device='cuda:1')
Likelihood: -19.611543655395508
Solve time for step 5 6.435352790984325
Current ori: tensor([-0.0295, -0.0086, -0.3736], device='cuda:1')
Middle force: tensor([0.9622], device='cuda:1')
Thumb force: tensor([0.7509], device='cuda:1')
Index force: tensor([0.5530], device='cuda:1')
Current yaw: tensor([-0.0257,  0.0296, -0.4398], device='cuda:1')
2 turn
Sampling time 5.151886859966908
tensor([0.2048, 0.3438, 0.2065, 0.2046, 0.2327, 0.2843, 0.2384, 0.2307, 0.2378,
        0.2363, 0.2381, 0.2889, 0.2033, 0.2866, 0.2268, 0.2317],
       device='cuda:1')
tensor([0.1282, 0.1415, 0.1279, 0.1310, 0.1979, 0.1112, 0.0516, 0.2010, 0.0522,
        0.0512, 0.0509, 0.1177, 0.1323, 0.1142, 0.2654, 0.0533],
       device='cuda:1')
skipped 1 states
tensor([0.0467, 0.0916, 0.0456, 0.0476, 0.0998, 0.0457, 0.0501, 0.0992, 0.0501,
        0.0499, 0.0506, 0.0466, 0.0464, 0.0446, 0.1386, 0.0501],
       device='cuda:1')
tensor([0.1061, 0.0429, 0.1066, 0.1059, 0.1431, 0.0598, 0.1107, 0.1444, 0.1118,
        0.1120, 0.1099, 0.0585, 0.1067, 0.0592, 0.1086, 0.1088],
       device='cuda:1')
skipped 1 states
tensor([0.0830, 0.0795, 0.0830, 0.0820, 0.0760, 0.0630, 0.0634, 0.0751, 0.0628,
        0.0630, 0.0618, 0.0624, 0.0822, 0.0620, 0.1009, 0.1145],
       device='cuda:1')
skipped 1 states
tensor([0.0644, 0.1134, 0.0642, 0.0660, 0.0731, 0.0834, 0.1075, 0.0842, 0.0630,
        0.0627, 0.1308, 0.0938, 0.0915, 0.0832, 0.1138, 0.0404],
       device='cuda:1')
skipped 1 states
skipped 1 states
Shortcut time 0.005321523989550769
tensor([ 0.0274,  0.5405,  0.5885,  0.5288, -0.2063,  0.4996,  1.0013,  1.1175,
         1.3581,  0.1657,  0.2815,  0.9599, -0.0257,  0.0296, -0.4398,  0.9820],
       device='cuda:1')
Likelihood: -17.370166778564453
Solve time for step 1 19.837816251965705
Current ori: tensor([-0.0257,  0.0296, -0.4398], device='cuda:1')
Middle force: tensor([0.2848, 3.2562, 0.1614, 0.5316, 1.3220, 0.5131, 0.4533],
       device='cuda:1')
Thumb force: tensor([0.8834, 1.9027, 0.3287, 0.8138, 2.0461, 0.4638, 0.2806],
       device='cuda:1')
Index force: tensor([0.5794, 1.2667, 0.1917, 0.4982, 0.5541, 0.6163, 0.4862],
       device='cuda:1')
tensor([-0.0128,  0.4139,  0.7511,  0.3429, -0.2133,  0.5117,  0.9839,  1.0914,
         1.3449,  0.1757,  0.2599,  1.0578, -0.0243,  0.0323, -0.3406,  1.9628],
       device='cuda:1')
Likelihood: -23.706947326660156
Solve time for step 2 7.052645968971774
Current ori: tensor([-0.0243,  0.0323, -0.3406], device='cuda:1')
Middle force: tensor([0.3051, 0.8130, 0.6332, 0.8566, 0.8433, 0.0988], device='cuda:1')
Thumb force: tensor([0.6125, 0.7436, 0.3802, 1.1794, 1.3497, 0.3389], device='cuda:1')
Index force: tensor([1.0096, 0.7154, 0.2930, 0.3882, 0.7270, 0.1638], device='cuda:1')
tensor([ 0.1383,  0.3605,  0.9567,  0.4457, -0.1901,  0.4932,  1.0186,  1.1360,
         1.3617,  0.1459,  0.2280,  1.0500, -0.0193,  0.0174, -0.4519,  2.0112],
       device='cuda:1')
Likelihood: -25.510393142700195
Solve time for step 3 6.65112074802164
Current ori: tensor([-0.0193,  0.0174, -0.4519], device='cuda:1')
Middle force: tensor([1.0355, 0.4113, 0.2231, 1.4360, 0.0613], device='cuda:1')
Thumb force: tensor([0.4648, 0.5015, 0.7994, 1.2211, 0.5446], device='cuda:1')
Index force: tensor([0.4730, 0.1282, 0.5293, 0.6696, 0.4374], device='cuda:1')
tensor([ 1.2258e-01,  4.0079e-01,  6.9411e-01,  4.7144e-01, -1.6459e-01,
         5.3294e-01,  9.7819e-01,  1.1310e+00,  1.3383e+00,  1.6975e-01,
         2.0597e-01,  1.0626e+00, -3.2562e-02,  1.6059e-03, -4.2529e-01,
         2.8217e+00], device='cuda:1')
Likelihood: -23.270065307617188
Solve time for step 4 6.858397786971182
Current ori: tensor([-0.0326,  0.0016, -0.4253], device='cuda:1')
Middle force: tensor([0.3683, 0.2338, 1.2956, 0.0647], device='cuda:1')
Thumb force: tensor([0.4209, 0.7000, 1.0838, 0.4960], device='cuda:1')
Index force: tensor([0.0525, 0.4746, 0.6077, 0.4120], device='cuda:1')
tensor([-0.1480,  0.1294,  0.9560,  0.7160, -0.1697,  0.5233,  0.9796,  1.1555,
         1.3423,  0.1832,  0.1999,  1.0686, -0.0277,  0.0058, -0.4520,  2.6158],
       device='cuda:1')
Backend TkAgg is interactive backend. Turning interactive mode on.
Likelihood: -28.26953887939453
State is out of distribution
Likelihood for thumb_middle: 2.3997321128845215
Likelihood for index: 3.3115415573120117
Current yaw: tensor([-0.0277,  0.0058, -0.4520], device='cuda:1')
2 index
tensor([0.4174, 0.4186, 0.4831, 0.4807, 0.4225, 0.4182, 0.4106, 0.4106, 0.4169,
        0.4746, 0.4182, 0.4807, 0.4235, 0.4182, 0.4784, 0.4184],
       device='cuda:1')
tensor([0.1320, 0.1115, 0.0659, 0.1206, 0.1193, 0.1213, 0.1244, 0.1244, 0.1236,
        0.1044, 0.1213, 0.1206, 0.1213, 0.1213, 0.0630, 0.1208],
       device='cuda:1')
tensor([0.0941, 0.0958, 0.0542, 0.0997, 0.0909, 0.0914, 0.0964, 0.0964, 0.0964,
        0.0918, 0.0914, 0.0997, 0.0890, 0.0914, 0.0552, 0.0926],
       device='cuda:1')
tensor([0.1139, 0.0558, 0.0795, 0.0531, 0.0869, 0.0874, 0.0775, 0.0775, 0.0809,
        0.1217, 0.0874, 0.0531, 0.0941, 0.0874, 0.0736, 0.0843],
       device='cuda:1')
skipped 2 states
skipped 4 states
Shortcut time 0.0038629320333711803
tensor([-0.1480,  0.1294,  0.9560,  0.7160, -0.1697,  0.5233,  0.9796,  1.1555,
         1.3423,  0.1832,  0.1999,  1.0686, -0.0277,  0.0058, -0.4520,  2.6158],
       device='cuda:1')
Solve time for step 1 20.970623939996585
Current ori: tensor([-0.0277,  0.0058, -0.4520], device='cuda:1')
Middle force: tensor([0.0893, 0.0214, 0.0230, 0.0173, 0.0361, 0.3075], device='cuda:1')
Thumb force: tensor([0.0389, 0.0299, 0.0295, 0.0783, 0.0294, 0.3154], device='cuda:1')
tensor([ 0.1190,  0.2816,  0.7805,  0.6233, -0.1500,  0.5222,  0.9949,  1.1760,
         1.3391,  0.1847,  0.1765,  1.0651, -0.0287, -0.0082, -0.5059,  2.7158],
       device='cuda:1')
Solve time for step 2 7.543745970993768
Current ori: tensor([-0.0287, -0.0082, -0.5059], device='cuda:1')
Middle force: tensor([0.0204, 0.0128, 0.0176, 0.0258, 0.2511], device='cuda:1')
Thumb force: tensor([0.0987, 0.0811, 0.0456, 0.0217, 0.2561], device='cuda:1')
tensor([ 0.1864,  0.3946,  0.6980,  0.5975, -0.1459,  0.5415,  0.9651,  1.2006,
         1.3246,  0.2053,  0.1642,  1.0952, -0.0310, -0.0124, -0.4972,  2.7480],
       device='cuda:1')
Solve time for step 3 7.127659587014932
Current ori: tensor([-0.0310, -0.0124, -0.4972], device='cuda:1')
Middle force: tensor([0.0192, 0.0160, 0.0249, 0.2478], device='cuda:1')
Thumb force: tensor([0.0860, 0.0470, 0.0226, 0.2533], device='cuda:1')
tensor([ 0.2122,  0.4537,  0.6540,  0.5871, -0.1492,  0.5492,  0.9552,  1.2167,
         1.3140,  0.2198,  0.1569,  1.1298, -0.0300, -0.0121, -0.4800,  2.7583],
       device='cuda:1')
Solve time for step 4 6.885538557020482
Current ori: tensor([-0.0300, -0.0121, -0.4800], device='cuda:1')
Middle force: tensor([0.0174, 0.0239, 0.2446], device='cuda:1')
Thumb force: tensor([0.0535, 0.0226, 0.2501], device='cuda:1')
tensor([ 0.2240,  0.4885,  0.6259,  0.5774, -0.1467,  0.5564,  0.9442,  1.2381,
         1.2999,  0.2389,  0.1513,  1.1490, -0.0297, -0.0152, -0.4820,  2.7803],
       device='cuda:1')
Solve time for step 5 7.054621705028694
Current ori: tensor([-0.0297, -0.0152, -0.4820], device='cuda:1')
Middle force: tensor([0.0218, 0.2369], device='cuda:1')
Thumb force: tensor([0.0293, 0.2419], device='cuda:1')
tensor([ 0.2225,  0.5068,  0.5996,  0.5746, -0.1334,  0.5646,  0.9374,  1.2646,
         1.2916,  0.2469,  0.1356,  1.1582, -0.0285, -0.0254, -0.5131,  2.8460],
       device='cuda:1')
Solve time for step 6 6.881005389965139
Current ori: tensor([-0.0285, -0.0254, -0.5131], device='cuda:1')
Middle force: tensor([0.2092], device='cuda:1')
Thumb force: tensor([0.2105], device='cuda:1')
Likelihood: -29.59354019165039
State is out of distribution
Likelihood for thumb_middle: 3.9583377838134766
Likelihood for index: 2.331955909729004
Current yaw: tensor([-0.0264, -0.0324, -0.5340], device='cuda:1')
2 thumb_middle
tensor([0.3566, 0.3566, 0.3588, 0.3599, 0.3588, 0.3554, 0.3615, 0.3600, 0.3627,
        0.3517, 0.3517, 0.3472, 0.3505, 0.3472, 0.3632, 0.3615],
       device='cuda:1')
skipped 4 states
skipped 4 states
Shortcut time 0.0018784269923344254
tensor([ 0.1679,  0.5818,  0.6310,  0.6001, -0.1243,  0.5703,  0.9315,  1.2866,
         1.2780,  0.2654,  0.1209,  1.1838, -0.0264, -0.0324, -0.5340,  2.8909],
       device='cuda:1')
Solve time for step 1 16.925353411003016
Current ori: tensor([-0.0264, -0.0324, -0.5340], device='cuda:1')
Index force: tensor([0.0222, 0.0005, 0.3174, 0.2005], device='cuda:1')
tensor([ 0.1526,  0.5927,  0.6173,  0.5659, -0.2366,  0.5577,  0.8563,  1.1682,
         1.3215,  0.2383,  0.0184,  1.0439, -0.0328, -0.0237, -0.5340,  2.8536],
       device='cuda:1')
Solve time for step 2 6.063174028007779
Current ori: tensor([-0.0328, -0.0237, -0.5340], device='cuda:1')
Index force: tensor([0.1256, 0.3896, 0.2108], device='cuda:1')
tensor([ 0.1559,  0.6043,  0.6138,  0.5491, -0.2533,  0.5918,  0.8448,  1.1188,
         1.3737,  0.2168, -0.0170,  0.9839, -0.0366, -0.0264, -0.5340,  2.8502],
       device='cuda:1')
Solve time for step 3 5.977148868027143
Current ori: tensor([-0.0366, -0.0264, -0.5340], device='cuda:1')
Index force: tensor([0.3063, 0.1835], device='cuda:1')
tensor([ 0.1681,  0.6151,  0.6184,  0.5374, -0.2413,  0.5710,  0.8182,  1.0990,
         1.3670,  0.1965,  0.0219,  0.9704, -0.0391, -0.0347, -0.5340,  2.8631],
       device='cuda:1')
Solve time for step 4 5.920536935038399
Current ori: tensor([-0.0391, -0.0347, -0.5340], device='cuda:1')
Index force: tensor([0.1127], device='cuda:1')
Likelihood: -24.11206817626953
State is in distribution
{}

Trial 3
[ models/temporal ] Channel dimensions: [(37, 128), (128, 256), (256, 512)]
[ models/temporal ] Channel dimensions: [(37, 128), (128, 256), (256, 512)]
[ models/temporal ] Channel dimensions: [(37, 128), (128, 256)]
[ models/temporal ] Channel dimensions: [(37, 128), (128, 256), (256, 512)]
[ models/temporal ] Channel dimensions: [(37, 128), (128, 256), (256, 512)]
[ models/temporal ] Channel dimensions: [(37, 128), (128, 256), (256, 512)]
[ models/temporal ] Channel dimensions: [(37, 128), (128, 256)]
Loaded trajectory sampler
