CCAI_PATH /home/abhinav/Documents/ccai

Trial 1
[ models/temporal ] Channel dimensions: [(37, 128), (128, 256), (256, 512)]
[ models/temporal ] Channel dimensions: [(37, 128), (128, 256), (256, 512)]
[ models/temporal ] Channel dimensions: [(37, 128), (128, 256)]
[ models/temporal ] Channel dimensions: [(37, 128), (128, 256), (256, 512)]
[ models/temporal ] Channel dimensions: [(37, 128), (128, 256), (256, 512)]
[ models/temporal ] Channel dimensions: [(37, 128), (128, 256)]
Loaded trajectory sampler
Current yaw: tensor([-9.8306e-05,  1.2234e-02, -5.3800e-02], device='cuda:0')
Current yaw: tensor([-0.0018,  0.0068, -0.0638], device='cuda:0')
1 turn
Sampling time 5.453641287982464
tensor([0.2228, 0.1789, 0.1791, 0.3095, 0.1794, 0.2056, 0.1810, 0.1800, 0.1794,
        0.1867, 0.2190, 0.1803, 0.1802, 0.1794, 0.2354, 0.2051],
       device='cuda:0')
tensor([0.1122, 0.0591, 0.0609, 0.2106, 0.0594, 0.0901, 0.0586, 0.0596, 0.0601,
        0.0759, 0.1091, 0.0606, 0.0605, 0.0602, 0.1277, 0.0876],
       device='cuda:0')
tensor([0.0842, 0.0544, 0.0542, 0.1474, 0.0537, 0.0766, 0.0537, 0.0553, 0.0553,
        0.1161, 0.1258, 0.0552, 0.0552, 0.0560, 0.1072, 0.0753],
       device='cuda:0')
skipped 1 states
tensor([0.1085, 0.1120, 0.1114, 0.1218, 0.1116, 0.0611, 0.1105, 0.1120, 0.1112,
        0.0531, 0.0945, 0.1116, 0.1113, 0.1117, 0.1066, 0.0605],
       device='cuda:0')
skipped 1 states
tensor([0.0570, 0.1013, 0.1028, 0.0556, 0.1020, 0.1066, 0.1025, 0.1024, 0.1021,
        0.0402, 0.0955, 0.1022, 0.1021, 0.1023, 0.0840, 0.1070],
       device='cuda:0')
skipped 1 states
tensor([0.0956, 0.1157, 0.1078, 0.0477, 0.1053, 0.0993, 0.1056, 0.1070, 0.1063,
        0.0801, 0.0848, 0.1289, 0.1057, 0.1126, 0.0701, 0.0812],
       device='cuda:0')
skipped 2 states
Shortcut time 0.005327209015376866
tensor([ 0.1281,  0.6097,  0.5517,  0.5966, -0.1389,  0.5592,  0.9170,  0.8828,
         1.2365,  0.3171,  0.2477,  1.1447, -0.0018,  0.0068, -0.0638, -0.5048],
       device='cuda:0')
Likelihood: -17.446382522583008
Solve time for step 1 19.55943467200268
Current ori: tensor([-0.0018,  0.0068, -0.0638], device='cuda:0')
Middle force: tensor([0.6318, 0.6889, 0.9230, 0.1041, 0.3637, 0.0616, 0.3816],
       device='cuda:0')
Thumb force: tensor([0.5711, 0.6556, 1.1576, 2.2365, 1.2003, 0.8866, 0.4150],
       device='cuda:0')
Index force: tensor([0.5807, 0.5714, 0.2887, 0.7550, 1.3089, 0.4752, 0.1559],
       device='cuda:0')
tensor([ 0.1853,  0.6965,  0.5008,  0.5639, -0.1351,  0.5203,  0.9987,  0.7732,
         1.2984,  0.2812,  0.2119,  1.0994, -0.0133,  0.0111, -0.1391, -0.9957],
       device='cuda:0')
Likelihood: -26.684675216674805
Solve time for step 2 7.128360689035617
Current ori: tensor([-0.0133,  0.0111, -0.1391], device='cuda:0')
Middle force: tensor([1.3044, 0.6049, 0.4195, 0.7729, 1.4142, 0.1993], device='cuda:0')
Thumb force: tensor([1.5191, 1.2849, 0.5604, 1.1035, 1.9823, 0.1221], device='cuda:0')
Index force: tensor([0.4662, 1.0415, 0.3416, 0.3726, 1.1041, 0.1352], device='cuda:0')
tensor([ 0.1966,  0.6374,  0.6230,  0.5184, -0.2507,  0.5976,  0.9967,  1.0221,
         1.2786,  0.3509,  0.2007,  1.1025, -0.0071,  0.0073, -0.2142, -0.8867],
       device='cuda:0')
Likelihood: -35.939842224121094
State is out of distribution
Likelihood for thumb_middle: -7.405381202697754
Likelihood for index: -15.264168739318848
Likelihood for turn: -15.178200721740723
Current yaw: tensor([-0.0071,  0.0073, -0.2142], device='cuda:0')
1 thumb_middle
tensor([0.3460, 0.3457, 0.3428, 0.3433, 0.3433, 0.3447, 0.3436, 0.2691, 0.4473,
        0.2692, 0.2703, 0.4001, 0.3226, 0.3292, 0.3647, 0.3637],
       device='cuda:0')
tensor([0.1543, 0.1570, 0.1555, 0.1629, 0.1624, 0.1540, 0.1628, 0.1061, 0.1257,
        0.1088, 0.1086, 0.1656, 0.0593, 0.0662, 0.0983, 0.0577],
       device='cuda:0')
tensor([0.0963, 0.0947, 0.0969, 0.0981, 0.0979, 0.0977, 0.0958, 0.0810, 0.1356,
        0.0855, 0.0853, 0.1087, 0.0772, 0.0772, 0.0477, 0.0452],
       device='cuda:0')
skipped 3 states
skipped 1 states
Shortcut time 0.003305686987005174
tensor([ 0.1966,  0.6374,  0.6230,  0.5184, -0.2507,  0.5976,  0.9967,  1.0221,
         1.2786,  0.3509,  0.2007,  1.1025, -0.0071,  0.0073, -0.2142, -0.8867],
       device='cuda:0')
Solve time for step 1 16.793597728945315
Current ori: tensor([-0.0071,  0.0073, -0.2142], device='cuda:0')
Index force: tensor([0.1874, 0.2157, 0.2105, 0.1677], device='cuda:0')
tensor([ 0.1786,  0.6170,  0.6071,  0.5629, -0.2462,  0.4923,  0.8777,  0.9626,
         1.3070,  0.2991,  0.1225,  1.0227, -0.0013,  0.0171, -0.2142, -0.8275],
       device='cuda:0')
Solve time for step 2 5.9523590540047735
Current ori: tensor([-0.0013,  0.0171, -0.2142], device='cuda:0')
Index force: tensor([0.2099, 0.2086, 0.1633], device='cuda:0')
tensor([ 0.1571,  0.6096,  0.5685,  0.6121, -0.2022,  0.5129,  0.8067,  0.8331,
         1.3504,  0.2910,  0.0760,  0.9908,  0.0027,  0.0303, -0.2142, -0.8144],
       device='cuda:0')
Solve time for step 3 5.801504921982996
Current ori: tensor([ 0.0027,  0.0303, -0.2142], device='cuda:0')
Index force: tensor([0.2213, 0.1513], device='cuda:0')
tensor([ 0.1251,  0.5893,  0.5581,  0.6207, -0.2072,  0.5307,  0.7810,  0.7791,
         1.3692,  0.2946,  0.0745,  0.9901,  0.0091,  0.0494, -0.2142, -0.8551],
       device='cuda:0')
Solve time for step 4 6.081728366087191
Current ori: tensor([ 0.0091,  0.0494, -0.2142], device='cuda:0')
Index force: tensor([0.5234], device='cuda:0')
Likelihood: -31.735107421875
State is out of distribution
Likelihood for thumb_middle: -9.016740798950195
Likelihood for index: -13.804628372192383
Likelihood for turn: -9.682765007019043
Current yaw: tensor([ 0.0090,  0.0440, -0.2285], device='cuda:0')
1 thumb_middle
tensor([0.1848, 0.1814, 0.1845, 0.2187, 0.1823, 0.1819, 0.1831, 0.1813, 0.1807,
        0.1766, 0.1929, 0.1812, 0.1844, 0.1847, 0.1899, 0.3006],
       device='cuda:0')
tensor([0.0820, 0.0834, 0.0828, 0.1003, 0.0772, 0.0956, 0.0947, 0.0622, 0.0611,
        0.1082, 0.0691, 0.1007, 0.0786, 0.0784, 0.1017, 0.1071],
       device='cuda:0')
skipped 2 states
tensor([0.1770, 0.1787, 0.1787, 0.1815, 0.1771, 0.1926, 0.1924, 0.1886, 0.1877,
        0.1912, 0.1679, 0.1906, 0.1778, 0.1761, 0.1926, 0.1814],
       device='cuda:0')
skipped 3 states
Shortcut time 0.0029759060125797987
tensor([ 0.1344,  0.5973,  0.5517,  0.6309, -0.1401,  0.5552,  0.8122,  0.8274,
         1.4337,  0.3100,  0.1328,  1.0245,  0.0090,  0.0440, -0.2285, -0.8075],
       device='cuda:0')
Solve time for step 1 16.737456721020862
Current ori: tensor([ 0.0090,  0.0440, -0.2285], device='cuda:0')
Index force: tensor([0.2259, 0.2252, 0.1326], device='cuda:0')
tensor([ 0.1490,  0.5958,  0.5656,  0.6367, -0.1138,  0.5850,  0.7730,  0.7788,
         1.3519,  0.3155,  0.0724,  0.9485,  0.0089,  0.0373, -0.2240, -0.8293],
       device='cuda:0')
Solve time for step 2 6.0994620870333165
Current ori: tensor([ 0.0089,  0.0373, -0.2240], device='cuda:0')
Index force: tensor([0.2260, 0.2241], device='cuda:0')
tensor([ 0.1583,  0.6190,  0.5354,  0.6530, -0.1480,  0.6059,  0.7600,  0.7572,
         1.3571,  0.3352,  0.0706,  0.9635,  0.0050,  0.0314, -0.2240, -0.8169],
       device='cuda:0')
Solve time for step 3 5.8050203929888085
Current ori: tensor([ 0.0050,  0.0314, -0.2240], device='cuda:0')
Index force: tensor([0.8696], device='cuda:0')
Likelihood: -26.322330474853516
State is in distribution
Current yaw: tensor([-0.0038,  0.0271, -0.2281], device='cuda:0')
1 turn
Sampling time 5.229356199968606
tensor([0.3381, 0.3136, 0.3043, 0.3432, 0.4228, 0.3265, 0.3385, 0.3439, 0.3153,
        0.3072, 0.3070, 0.3846, 0.3617, 0.3401, 0.3398, 0.3045],
       device='cuda:0')
tensor([0.0681, 0.0798, 0.0575, 0.0816, 0.1785, 0.0967, 0.0606, 0.2745, 0.0900,
        0.0575, 0.0593, 0.0928, 0.0454, 0.2747, 0.2741, 0.0579],
       device='cuda:0')
tensor([0.0643, 0.1805, 0.0601, 0.0965, 0.0716, 0.0867, 0.0646, 0.2280, 0.0678,
        0.0613, 0.0596, 0.0766, 0.0844, 0.2299, 0.2330, 0.0615],
       device='cuda:0')
tensor([0.0502, 0.0854, 0.0522, 0.0469, 0.0426, 0.0925, 0.0495, 0.0553, 0.0498,
        0.0521, 0.0505, 0.0728, 0.0943, 0.0548, 0.0532, 0.0522],
       device='cuda:0')
tensor([0.0805, 0.1341, 0.0716, 0.0520, 0.1020, 0.1145, 0.0808, 0.0515, 0.1218,
        0.0730, 0.0726, 0.0789, 0.1171, 0.0524, 0.0527, 0.0734],
       device='cuda:0')
skipped 1 states
tensor([0.1288, 0.1135, 0.0905, 0.0574, 0.1091, 0.0913, 0.1219, 0.0439, 0.1020,
        0.0910, 0.0922, 0.1309, 0.1107, 0.0445, 0.0430, 0.0885],
       device='cuda:0')
skipped 2 states
skipped 2 states
Shortcut time 0.005987701006233692
tensor([ 0.1566,  0.6587,  0.5072,  0.5994, -0.1292,  0.6510,  0.7652,  0.7631,
         1.3850,  0.3905,  0.0954,  1.0913, -0.0038,  0.0271, -0.2281, -0.8353],
       device='cuda:0')
Likelihood: -26.00238609313965
Solve time for step 1 19.94922164804302
Current ori: tensor([-0.0038,  0.0271, -0.2281], device='cuda:0')
Middle force: tensor([0.1918, 0.3936, 0.3013, 0.2964, 0.9420, 0.5749, 0.3272],
       device='cuda:0')
Thumb force: tensor([0.7796, 0.7248, 1.3605, 2.1400, 1.3397, 0.6216, 1.0266],
       device='cuda:0')
Index force: tensor([0.3610, 0.6812, 0.2631, 0.4161, 0.2718, 0.1801, 0.6400],
       device='cuda:0')
tensor([ 0.1749,  0.6423,  0.5495,  0.5987, -0.1224,  0.6357,  0.7677,  0.8325,
         1.3873,  0.4014,  0.0911,  1.0804,  0.0023,  0.0186, -0.2877, -0.7759],
       device='cuda:0')
Likelihood: -23.8779239654541
Solve time for step 2 7.029545722994953
Current ori: tensor([ 0.0023,  0.0186, -0.2877], device='cuda:0')
Middle force: tensor([0.3317, 0.2592, 0.2542, 0.7798, 0.4634, 0.2594], device='cuda:0')
Thumb force: tensor([0.6081, 1.1613, 1.8309, 1.1487, 0.5238, 0.8562], device='cuda:0')
Index force: tensor([0.5652, 0.2154, 0.3527, 0.2336, 0.1231, 0.5356], device='cuda:0')
tensor([ 0.1920,  0.6558,  0.5590,  0.5820, -0.1060,  0.6154,  0.7955,  0.8792,
         1.3747,  0.4278,  0.1065,  1.0457,  0.0056,  0.0035, -0.3648, -0.8011],
       device='cuda:0')
Likelihood: -24.192031860351562
Solve time for step 3 6.781653073034249
Current ori: tensor([ 0.0056,  0.0035, -0.3648], device='cuda:0')
Middle force: tensor([0.2177, 0.2205, 0.6444, 0.3665, 0.2213], device='cuda:0')
Thumb force: tensor([0.9930, 1.5666, 0.9796, 0.4355, 0.7048], device='cuda:0')
Index force: tensor([0.1460, 0.2960, 0.1974, 0.0793, 0.4567], device='cuda:0')
tensor([ 0.1936,  0.6589,  0.5602,  0.5745, -0.1057,  0.6028,  0.8083,  0.9004,
         1.4010,  0.4319,  0.0969,  1.0119,  0.0051,  0.0022, -0.4257, -0.7519],
       device='cuda:0')
Likelihood: -23.228042602539062
Solve time for step 4 6.649285474093631
Current ori: tensor([ 0.0051,  0.0022, -0.4257], device='cuda:0')
Middle force: tensor([0.7722, 0.1817, 0.5313, 0.3858], device='cuda:0')
Thumb force: tensor([0.3933, 1.7939, 0.8820, 1.3385], device='cuda:0')
Index force: tensor([0.2373, 0.4227, 0.9612, 0.3289], device='cuda:0')
tensor([ 1.9240e-01,  6.6694e-01,  5.5290e-01,  5.6561e-01, -1.0514e-01,
         6.1750e-01,  7.7375e-01,  9.3616e-01,  1.4378e+00,  3.8218e-01,
         6.8354e-02,  1.0027e+00,  7.8004e-04,  1.9112e-03, -4.5750e-01,
        -6.8714e-01], device='cuda:0')
Likelihood: -24.882099151611328
Solve time for step 5 6.8616735730320215
Current ori: tensor([ 0.0008,  0.0019, -0.4575], device='cuda:0')
Middle force: tensor([0.2206, 0.4979, 0.3696], device='cuda:0')
Thumb force: tensor([1.7006, 0.8433, 1.2618], device='cuda:0')
Index force: tensor([0.3829, 0.9105, 0.3063], device='cuda:0')
tensor([ 0.1784,  0.6567,  0.5499,  0.5680, -0.1191,  0.6134,  0.7619,  0.9566,
         1.4605,  0.3785,  0.0559,  0.9976,  0.0020,  0.0112, -0.4820, -0.7052],
       device='cuda:0')
Likelihood: -23.27454376220703
Solve time for step 6 6.674736840999685
Current ori: tensor([ 0.0020,  0.0112, -0.4820], device='cuda:0')
Middle force: tensor([0.4672, 0.3518], device='cuda:0')
Thumb force: tensor([0.7974, 1.1925], device='cuda:0')
Index force: tensor([0.8517, 0.2819], device='cuda:0')
tensor([ 0.1829,  0.6708,  0.5428,  0.5539, -0.1131,  0.6033,  0.7723,  0.9878,
         1.4712,  0.3606,  0.0544,  0.9722,  0.0025,  0.0068, -0.5422, -0.6217],
       device='cuda:0')
Likelihood: -23.43087387084961
Solve time for step 7 6.59757275308948
Current ori: tensor([ 0.0025,  0.0068, -0.5422], device='cuda:0')
Middle force: tensor([0.3421], device='cuda:0')
Thumb force: tensor([1.1162], device='cuda:0')
Index force: tensor([0.2388], device='cuda:0')
Current yaw: tensor([ 0.0027,  0.0091, -0.5896], device='cuda:0')
2 turn
Sampling time 5.5226500880671665
tensor([0.3137, 0.3155, 0.3440, 0.3226, 0.2880, 0.3664, 0.3192, 0.3228, 0.3504,
        0.3785, 0.3190, 0.3631, 0.3220, 0.3406, 0.3264, 0.3460],
       device='cuda:0')
tensor([0.1650, 0.0922, 0.1320, 0.1104, 0.2672, 0.1294, 0.1081, 0.0747, 0.0534,
        0.2530, 0.0922, 0.0680, 0.1305, 0.1748, 0.1098, 0.1673],
       device='cuda:0')
tensor([0.1693, 0.1259, 0.2009, 0.1587, 0.2695, 0.0904, 0.1618, 0.0814, 0.1321,
        0.1208, 0.1248, 0.0510, 0.0680, 0.0647, 0.1598, 0.0664],
       device='cuda:0')
skipped 1 states
tensor([0.0818, 0.0898, 0.1049, 0.1127, 0.0505, 0.1137, 0.1115, 0.1219, 0.0698,
        0.0556, 0.0890, 0.0620, 0.0935, 0.0990, 0.1122, 0.1017],
       device='cuda:0')
skipped 1 states
tensor([0.0888, 0.0504, 0.1086, 0.0672, 0.0416, 0.0500, 0.0669, 0.0599, 0.1009,
        0.0563, 0.0520, 0.0874, 0.0575, 0.0741, 0.0688, 0.0716],
       device='cuda:0')
skipped 1 states
tensor([0.0974, 0.0851, 0.0903, 0.0702, 0.0887, 0.0890, 0.0990, 0.0944, 0.0560,
        0.0872, 0.0840, 0.1372, 0.0744, 0.0730, 0.0942, 0.0871],
       device='cuda:0')
skipped 2 states
Shortcut time 0.005889605963602662
tensor([ 0.1791,  0.6714,  0.5388,  0.5513, -0.1206,  0.5914,  0.7776,  1.0094,
         1.4934,  0.3518,  0.0479,  0.9437,  0.0027,  0.0091, -0.5896, -0.6153],
       device='cuda:0')
Likelihood: -23.053619384765625
Solve time for step 1 19.743595923064277
Current ori: tensor([ 0.0027,  0.0091, -0.5896], device='cuda:0')
Middle force: tensor([0.1732, 0.2548, 1.3078, 1.2765, 0.3115, 0.6602, 0.2815],
       device='cuda:0')
Thumb force: tensor([0.8508, 0.7357, 1.7005, 1.1616, 0.6381, 1.6464, 1.4084],
       device='cuda:0')
Index force: tensor([0.1826, 0.2347, 0.4818, 0.7196, 0.9725, 0.8466, 0.3416],
       device='cuda:0')
tensor([ 0.1852,  0.6880,  0.5221,  0.5514, -0.1205,  0.5707,  0.8075,  1.0325,
         1.5000,  0.3713,  0.0662,  0.8854,  0.0030,  0.0053, -0.6375, -0.5715],
       device='cuda:0')
Likelihood: -27.930784225463867
Solve time for step 2 7.116101015009917
Current ori: tensor([ 0.0030,  0.0053, -0.6375], device='cuda:0')
Middle force: tensor([0.2261, 1.2324, 1.2147, 0.2862, 0.6278, 0.2692], device='cuda:0')
Thumb force: tensor([0.6844, 1.5888, 1.1090, 0.6134, 1.5578, 1.3471], device='cuda:0')
Index force: tensor([0.1780, 0.4449, 0.6932, 0.9185, 0.7996, 0.3251], device='cuda:0')
tensor([ 0.1967,  0.6901,  0.5266,  0.5616, -0.1133,  0.5523,  0.8352,  1.0573,
         1.4999,  0.4061,  0.0775,  0.8504,  0.0085, -0.0020, -0.6898, -0.5242],
       device='cuda:0')
Likelihood: -24.007137298583984
Solve time for step 3 7.041023484081961
Current ori: tensor([ 0.0085, -0.0020, -0.6898], device='cuda:0')
Middle force: tensor([0.2099, 0.6245, 1.4700, 0.6459, 0.0888], device='cuda:0')
Thumb force: tensor([1.5868, 0.6265, 1.5344, 0.7882, 0.1521], device='cuda:0')
Index force: tensor([0.5089, 0.3066, 0.5267, 0.6077, 0.1529], device='cuda:0')
tensor([ 0.1759,  0.7125,  0.4777,  0.5505, -0.1297,  0.5473,  0.8290,  1.0676,
         1.4761,  0.5307,  0.1473,  0.7477,  0.0015,  0.0086, -0.7469, -0.5014],
       device='cuda:0')
Likelihood: -24.996891021728516
Solve time for step 4 6.525746105005965
Current ori: tensor([ 0.0015,  0.0086, -0.7469], device='cuda:0')
Middle force: tensor([0.5214, 0.1324, 0.9815, 0.0147], device='cuda:0')
Thumb force: tensor([1.8584, 0.1023, 0.9580, 0.3839], device='cuda:0')
Index force: tensor([0.4457, 0.2420, 0.4508, 0.3050], device='cuda:0')
tensor([ 0.1940,  0.7175,  0.4961,  0.5395, -0.1131,  0.5339,  0.8602,  1.0884,
         1.5000,  0.4180,  0.1257,  0.7563,  0.0105, -0.0052, -0.7722, -0.5305],
       device='cuda:0')
Likelihood: -26.81116485595703
Solve time for step 5 6.69546207098756
Current ori: tensor([ 0.0105, -0.0052, -0.7722], device='cuda:0')
Middle force: tensor([0.0886, 0.9131, 0.0136], device='cuda:0')
Thumb force: tensor([0.1025, 0.8812, 0.3623], device='cuda:0')
Index force: tensor([0.1903, 0.4147, 0.2698], device='cuda:0')
tensor([ 1.8129e-01,  7.1776e-01,  4.8754e-01,  5.2807e-01, -1.2156e-01,
         5.2815e-01,  8.6250e-01,  1.0943e+00,  1.5000e+00,  3.7862e-01,
         1.3239e-01,  7.2468e-01,  9.4045e-03, -8.3684e-04, -7.8809e-01,
        -4.7895e-01], device='cuda:0')
Likelihood: -27.456993103027344
Solve time for step 6 6.78588902996853
Current ori: tensor([ 0.0094, -0.0008, -0.7881], device='cuda:0')
Middle force: tensor([0.8457, 0.0183], device='cuda:0')
Thumb force: tensor([0.7970, 0.3508], device='cuda:0')
Index force: tensor([0.3814, 0.2563], device='cuda:0')
tensor([ 0.1758,  0.7239,  0.4754,  0.5243, -0.1069,  0.5149,  0.8858,  1.1245,
         1.5000,  0.3532,  0.1822,  0.6694,  0.0152, -0.0125, -0.8316, -0.4029],
       device='cuda:0')
Likelihood: -30.752727508544922
State is out of distribution
{}

Trial 2
[ models/temporal ] Channel dimensions: [(37, 128), (128, 256), (256, 512)]
[ models/temporal ] Channel dimensions: [(37, 128), (128, 256), (256, 512)]
[ models/temporal ] Channel dimensions: [(37, 128), (128, 256)]
[ models/temporal ] Channel dimensions: [(37, 128), (128, 256), (256, 512)]
[ models/temporal ] Channel dimensions: [(37, 128), (128, 256), (256, 512)]
[ models/temporal ] Channel dimensions: [(37, 128), (128, 256)]
Loaded trajectory sampler
Current yaw: tensor([-9.8306e-05,  1.2234e-02, -5.3800e-02], device='cuda:0')
Current yaw: tensor([-0.0007,  0.0065, -0.0793], device='cuda:0')
1 turn
Sampling time 5.2880536619341
tensor([0.2547, 0.2513, 0.2246, 0.2381, 0.2120, 0.2122, 0.3134, 0.2511, 0.3650,
        0.2126, 0.2103, 0.2353, 0.2113, 0.2198, 0.2189, 0.2158],
       device='cuda:0')
tensor([0.1136, 0.0479, 0.0798, 0.0790, 0.0949, 0.0944, 0.2649, 0.1189, 0.1996,
        0.0952, 0.0601, 0.0596, 0.0963, 0.0857, 0.0840, 0.1536],
       device='cuda:0')
tensor([0.0817, 0.0569, 0.1139, 0.1214, 0.1699, 0.1691, 0.2625, 0.1186, 0.1358,
        0.1691, 0.0541, 0.0953, 0.1706, 0.0761, 0.0751, 0.0879],
       device='cuda:0')
skipped 1 states
tensor([0.1071, 0.0593, 0.0530, 0.0898, 0.1090, 0.1093, 0.1346, 0.0819, 0.0995,
        0.1100, 0.1097, 0.0924, 0.1095, 0.0591, 0.0597, 0.0666],
       device='cuda:0')
skipped 1 states
tensor([0.1048, 0.1394, 0.0587, 0.0860, 0.0892, 0.0875, 0.1122, 0.0786, 0.0543,
        0.0880, 0.1077, 0.1102, 0.0879, 0.1242, 0.1267, 0.0911],
       device='cuda:0')
skipped 2 states
skipped 2 states
Shortcut time 0.004600062035024166
tensor([ 1.4747e-01,  6.0062e-01,  5.7936e-01,  6.0481e-01, -1.2696e-01,
         5.4586e-01,  8.8932e-01,  9.4312e-01,  1.2314e+00,  2.9387e-01,
         2.4840e-01,  1.1777e+00, -7.3631e-04,  6.5266e-03, -7.9331e-02,
         1.6348e+00], device='cuda:0')
Likelihood: -20.82381248474121
Solve time for step 1 19.633008389966562
Current ori: tensor([-0.0007,  0.0065, -0.0793], device='cuda:0')
Middle force: tensor([1.0983, 0.1028, 0.5173, 1.1789, 0.4083, 0.5790], device='cuda:0')
Thumb force: tensor([1.2710, 0.5482, 2.0502, 0.7179, 0.7344, 2.0609], device='cuda:0')
Index force: tensor([0.2277, 0.4482, 0.6613, 0.4115, 0.6174, 0.9363], device='cuda:0')
tensor([ 0.1884,  0.5806,  0.5951,  0.7144, -0.0940,  0.5372,  0.9302,  0.9619,
         1.1404,  0.4386,  0.1675,  1.4091,  0.0086, -0.0194, -0.1027,  1.7161],
       device='cuda:0')
Likelihood: -28.812620162963867
State is out of distribution
Likelihood for thumb_middle: -14.185602188110352
Likelihood for index: -21.618101119995117
Likelihood for turn: -18.671695709228516
Current yaw: tensor([ 0.0086, -0.0194, -0.1027], device='cuda:0')
1 thumb_middle
tensor([0.5336, 0.5338, 0.4980, 0.4996, 0.4998, 0.5003, 0.4973, 0.5004, 0.4999,
        0.4989, 0.4992, 0.5007, 0.5388, 0.4722, 0.5390, 0.5376],
       device='cuda:0')
tensor([0.0619, 0.0603, 0.1758, 0.0641, 0.0865, 0.0640, 0.0848, 0.0656, 0.0647,
        0.0653, 0.0638, 0.0872, 0.0804, 0.0653, 0.0799, 0.0786],
       device='cuda:0')
tensor([0.0670, 0.0576, 0.1049, 0.0658, 0.0744, 0.0665, 0.0730, 0.0420, 0.0660,
        0.0669, 0.0653, 0.0647, 0.0702, 0.0731, 0.0802, 0.0677],
       device='cuda:0')
skipped 2 states
skipped 2 states
Shortcut time 0.004111332003958523
tensor([ 0.1884,  0.5806,  0.5951,  0.7144, -0.0940,  0.5372,  0.9302,  0.9619,
         1.1404,  0.4386,  0.1675,  1.4091,  0.0086, -0.0194, -0.1027,  1.7161],
       device='cuda:0')
Solve time for step 1 17.819188817986287
Current ori: tensor([ 0.0086, -0.0194, -0.1027], device='cuda:0')
Index force: tensor([0.1002, 0.1020, 0.1006, 0.4016], device='cuda:0')
tensor([ 0.1846,  0.5538,  0.6189,  0.7315, -0.1217,  0.5830,  0.8028,  0.7841,
         1.2342,  0.3505,  0.0668,  1.1414,  0.0154, -0.0151, -0.1082,  1.7518],
       device='cuda:0')
Solve time for step 2 6.298976946040057
Current ori: tensor([ 0.0154, -0.0151, -0.1082], device='cuda:0')
Index force: tensor([0.1040, 0.1061, 0.4082], device='cuda:0')
tensor([ 0.1755,  0.5849,  0.5891,  0.6883, -0.1150,  0.6469,  0.7342,  0.6731,
         1.2900,  0.3245,  0.0523,  1.0570,  0.0044, -0.0128, -0.1082,  1.7178],
       device='cuda:0')
Solve time for step 3 6.0852081310004
Current ori: tensor([ 0.0044, -0.0128, -0.1082], device='cuda:0')
Index force: tensor([0.1132, 0.3194], device='cuda:0')
tensor([ 0.1605,  0.6091,  0.5668,  0.6359, -0.0937,  0.6698,  0.6916,  0.6098,
         1.3059,  0.3180,  0.0563,  1.0270, -0.0055, -0.0069, -0.1082,  1.6752],
       device='cuda:0')
Solve time for step 4 6.0699534779414535
Current ori: tensor([-0.0055, -0.0069, -0.1082], device='cuda:0')
Index force: tensor([0.4501], device='cuda:0')
Likelihood: -28.028078079223633
State is out of distribution
Likelihood for thumb_middle: -12.479256629943848
Likelihood for index: -16.39958381652832
Likelihood for turn: -14.585749626159668
Current yaw: tensor([-0.0175,  0.0030, -0.0901], device='cuda:0')
1 thumb_middle
tensor([0.4022, 0.3706, 0.3566, 0.3731, 0.3706, 0.3803, 0.3523, 0.3986, 0.4102,
        0.4053, 0.4162, 0.3877, 0.3777, 0.3966, 0.3886, 0.3681],
       device='cuda:0')
tensor([0.1310, 0.0945, 0.1370, 0.1337, 0.0925, 0.2217, 0.0475, 0.1094, 0.1079,
        0.1346, 0.0928, 0.0879, 0.2045, 0.1032, 0.1007, 0.0408],
       device='cuda:0')
skipped 1 states
skipped 4 states
Shortcut time 0.0022416660794988275
tensor([ 0.1370,  0.6468,  0.5181,  0.5815, -0.0743,  0.7789,  0.6807,  0.5664,
         1.3789,  0.3365,  0.0971,  1.0572, -0.0175,  0.0030, -0.0901,  1.5808],
       device='cuda:0')
Solve time for step 1 16.5488550219452
Current ori: tensor([-0.0175,  0.0030, -0.0901], device='cuda:0')
Index force: tensor([0.0955, 0.0947, 0.0818], device='cuda:0')
tensor([ 0.1400,  0.5947,  0.5679,  0.6295, -0.1549,  0.6513,  0.7202,  0.6524,
         1.3632,  0.2683,  0.0622,  0.9929, -0.0036,  0.0053, -0.0901,  1.6411],
       device='cuda:0')
Solve time for step 2 6.181249540997669
Current ori: tensor([-0.0036,  0.0053, -0.0901], device='cuda:0')
Index force: tensor([0.1309, 0.2389], device='cuda:0')
tensor([ 0.1419,  0.5587,  0.5920,  0.6818, -0.1590,  0.6793,  0.6966,  0.6323,
         1.3924,  0.3262,  0.0440,  0.9383,  0.0083,  0.0068, -0.0901,  1.6724],
       device='cuda:0')
Solve time for step 3 5.919640581938438
Current ori: tensor([ 0.0083,  0.0068, -0.0901], device='cuda:0')
Index force: tensor([0.1307], device='cuda:0')
Likelihood: -26.675148010253906
State is in distribution
Current yaw: tensor([ 0.0133,  0.0054, -0.0860], device='cuda:0')
1 turn
Sampling time 5.3501529559725896
tensor([0.4248, 0.4282, 0.3628, 0.3589, 0.3566, 0.3206, 0.4613, 0.3608, 0.4237,
        0.3621, 0.3649, 0.3611, 0.3809, 0.4248, 0.3652, 0.3999],
       device='cuda:0')
tensor([0.2870, 0.1629, 0.0710, 0.0739, 0.0750, 0.0894, 0.0619, 0.0742, 0.2870,
        0.0707, 0.0693, 0.2815, 0.0661, 0.1292, 0.0689, 0.1061],
       device='cuda:0')
tensor([0.1413, 0.1361, 0.0661, 0.0670, 0.0662, 0.0836, 0.0533, 0.0643, 0.1413,
        0.0651, 0.0638, 0.2707, 0.0785, 0.2128, 0.0623, 0.0901],
       device='cuda:0')
skipped 1 states
tensor([0.1308, 0.0717, 0.0786, 0.0778, 0.0780, 0.0744, 0.0673, 0.0787, 0.1312,
        0.0788, 0.0800, 0.0613, 0.0698, 0.0942, 0.0782, 0.0499],
       device='cuda:0')
tensor([0.0928, 0.1294, 0.0863, 0.0848, 0.0869, 0.1550, 0.0598, 0.0875, 0.0897,
        0.0864, 0.0865, 0.0450, 0.1481, 0.1091, 0.0863, 0.0679],
       device='cuda:0')
skipped 1 states
skipped 4 states
Shortcut time 0.004815684980712831
tensor([ 0.1442,  0.5433,  0.6073,  0.6978, -0.0706,  0.7252,  0.7076,  0.6656,
         1.4452,  0.2826,  0.1082,  0.9831,  0.0133,  0.0054, -0.0860,  1.6834],
       device='cuda:0')
Likelihood: -25.749000549316406
Solve time for step 1 19.85300838702824
Current ori: tensor([ 0.0133,  0.0054, -0.0860], device='cuda:0')
Middle force: tensor([0.2298, 0.3641, 1.0818, 0.2597, 0.2967, 2.0245], device='cuda:0')
Thumb force: tensor([0.1867, 0.5833, 0.8000, 0.4353, 0.4686, 1.4425], device='cuda:0')
Index force: tensor([0.2976, 0.3904, 0.6738, 0.4061, 0.3446, 1.6472], device='cuda:0')
tensor([ 0.1344,  0.5585,  0.5738,  0.7043, -0.0818,  0.7184,  0.6967,  0.7207,
         1.4470,  0.3064,  0.1375,  0.9180,  0.0116,  0.0083, -0.1274,  1.6444],
       device='cuda:0')
Likelihood: -24.39164161682129
Solve time for step 2 6.752484889002517
Current ori: tensor([ 0.0116,  0.0083, -0.1274], device='cuda:0')
Middle force: tensor([0.3297, 0.9892, 0.2463, 0.2592, 1.8273], device='cuda:0')
Thumb force: tensor([0.5299, 0.7319, 0.3979, 0.4324, 1.2835], device='cuda:0')
Index force: tensor([0.3478, 0.6114, 0.3742, 0.3082, 1.4672], device='cuda:0')
tensor([ 0.1253,  0.5805,  0.5444,  0.6843, -0.0898,  0.7035,  0.7028,  0.7503,
         1.4667,  0.2956,  0.1693,  0.8183,  0.0059,  0.0111, -0.2159,  1.6627],
       device='cuda:0')
Likelihood: -24.676355361938477
Solve time for step 3 6.576878921943717
Current ori: tensor([ 0.0059,  0.0111, -0.2159], device='cuda:0')
Middle force: tensor([0.8993, 0.2299, 0.2254, 1.6377], device='cuda:0')
Thumb force: tensor([0.6539, 0.3630, 0.4046, 1.1433], device='cuda:0')
Index force: tensor([0.5385, 0.3458, 0.2781, 1.3018], device='cuda:0')
tensor([ 0.1288,  0.5939,  0.5343,  0.6753, -0.0922,  0.6737,  0.7321,  0.8016,
         1.4864,  0.2722,  0.1949,  0.7280,  0.0042,  0.0057, -0.3248,  1.7140],
       device='cuda:0')
Likelihood: -24.22486686706543
Solve time for step 4 6.459354960010387
Current ori: tensor([ 0.0042,  0.0057, -0.3248], device='cuda:0')
Middle force: tensor([0.3409, 0.2707, 1.6478], device='cuda:0')
Thumb force: tensor([0.7466, 0.4201, 0.7427], device='cuda:0')
Index force: tensor([0.2954, 0.1781, 1.3605], device='cuda:0')
tensor([ 1.3910e-01,  6.0313e-01,  5.2926e-01,  6.8148e-01, -8.9148e-02,
         6.5390e-01,  7.4222e-01,  8.5669e-01,  1.5000e+00,  2.4838e-01,
         2.1991e-01,  6.4565e-01,  2.7844e-03, -4.3539e-04, -3.8217e-01,
         1.7899e+00], device='cuda:0')
Likelihood: -24.763164520263672
Solve time for step 5 6.858150414074771
Current ori: tensor([ 0.0028, -0.0004, -0.3822], device='cuda:0')
Middle force: tensor([0.1669, 1.2701], device='cuda:0')
Thumb force: tensor([0.3368, 0.9594], device='cuda:0')
Index force: tensor([0.2147, 1.0980], device='cuda:0')
tensor([ 0.1433,  0.6207,  0.5195,  0.6619, -0.0864,  0.6442,  0.7584,  0.8610,
         1.5000,  0.2486,  0.2401,  0.5780, -0.0027, -0.0038, -0.4250,  1.8324],
       device='cuda:0')
Likelihood: -26.031452178955078
Solve time for step 6 6.673442150000483
Current ori: tensor([-0.0027, -0.0038, -0.4250], device='cuda:0')
Middle force: tensor([0.2328], device='cuda:0')
Thumb force: tensor([0.2749], device='cuda:0')
Index force: tensor([0.3075], device='cuda:0')
Current yaw: tensor([-0.0040, -0.0117, -0.4592], device='cuda:0')
2 turn
Sampling time 5.508159928023815
tensor([0.3877, 0.3817, 0.4756, 0.3896, 0.5138, 0.4554, 0.4627, 0.5543, 0.3846,
        0.5338, 0.4624, 0.4115, 0.4815, 0.3871, 0.4701, 0.5019],
       device='cuda:0')
tensor([0.1443, 0.1522, 0.1060, 0.1329, 0.2636, 0.0816, 0.1199, 0.1341, 0.1373,
        0.0910, 0.1352, 0.1561, 0.1103, 0.1383, 0.1048, 0.2639],
       device='cuda:0')
tensor([0.1035, 0.1000, 0.0855, 0.1461, 0.0839, 0.0879, 0.0620, 0.0659, 0.1045,
        0.0791, 0.0803, 0.0626, 0.0844, 0.1034, 0.0836, 0.0811],
       device='cuda:0')
tensor([0.0731, 0.0674, 0.0778, 0.2321, 0.0571, 0.0868, 0.1218, 0.1001, 0.0734,
        0.1228, 0.1414, 0.0711, 0.0772, 0.0734, 0.0775, 0.0552],
       device='cuda:0')
skipped 1 states
tensor([0.0777, 0.0668, 0.0778, 0.0740, 0.0810, 0.0992, 0.0740, 0.0761, 0.0785,
        0.0798, 0.1081, 0.1091, 0.0743, 0.0767, 0.0791, 0.0767],
       device='cuda:0')
skipped 1 states
tensor([0.0608, 0.1061, 0.0805, 0.1191, 0.1110, 0.1018, 0.0870, 0.0758, 0.0659,
        0.0726, 0.0908, 0.0860, 0.1242, 0.0600, 0.1100, 0.1023],
       device='cuda:0')
skipped 3 states
Shortcut time 0.005546480068005621
tensor([ 0.1566,  0.6303,  0.5172,  0.6683, -0.0764,  0.6305,  0.7940,  0.8484,
         1.5000,  0.2211,  0.2383,  0.5427, -0.0040, -0.0117, -0.4592,  1.8837],
       device='cuda:0')
Likelihood: -25.60906219482422
Solve time for step 1 20.041886714985594
Current ori: tensor([-0.0040, -0.0117, -0.4592], device='cuda:0')
Middle force: tensor([0.4342, 0.7006, 1.0345, 0.5790, 0.7870, 0.7513, 0.3186],
       device='cuda:0')
Thumb force: tensor([1.8830, 0.6853, 0.6379, 0.3580, 1.3770, 0.9150, 1.2593],
       device='cuda:0')
Index force: tensor([0.6360, 0.8704, 0.6102, 0.3607, 0.7387, 0.6897, 0.5642],
       device='cuda:0')
tensor([ 1.3390e-01,  5.6265e-01,  6.0527e-01,  6.3049e-01, -9.5787e-02,
         6.5231e-01,  7.3701e-01,  8.8415e-01,  1.4733e+00,  3.4144e-01,
         2.1820e-01,  6.7244e-01,  5.9554e-03,  7.7609e-04, -4.5284e-01,
         1.8867e+00], device='cuda:0')
Likelihood: -25.272571563720703
Solve time for step 2 6.807085638050921
Current ori: tensor([ 0.0060,  0.0008, -0.4528], device='cuda:0')
Middle force: tensor([0.6924, 0.9893, 0.5566, 0.7595, 0.7139, 0.2993], device='cuda:0')
Thumb force: tensor([0.6268, 0.5998, 0.3377, 1.3020, 0.8567, 1.2077], device='cuda:0')
Index force: tensor([0.8227, 0.5876, 0.3383, 0.6994, 0.6481, 0.5310], device='cuda:0')
tensor([ 0.1237,  0.5482,  0.6318,  0.5963, -0.0999,  0.6659,  0.7083,  0.8925,
         1.4655,  0.3500,  0.2080,  0.7134,  0.0063,  0.0050, -0.4180,  1.8553],
       device='cuda:0')
Likelihood: -25.698312759399414
Solve time for step 3 6.974162914906628
Current ori: tensor([ 0.0063,  0.0050, -0.4180], device='cuda:0')
Middle force: tensor([0.9353, 0.5365, 0.7255, 0.6769, 0.2843], device='cuda:0')
Thumb force: tensor([0.5606, 0.3254, 1.2347, 0.8027, 1.1545], device='cuda:0')
Index force: tensor([0.5592, 0.3189, 0.6590, 0.6107, 0.5068], device='cuda:0')
tensor([ 0.1264,  0.5467,  0.6457,  0.5778, -0.0977,  0.6743,  0.6962,  0.8976,
         1.4593,  0.3692,  0.2106,  0.7087,  0.0051,  0.0034, -0.4164,  1.8504],
       device='cuda:0')
Likelihood: -24.039287567138672
Solve time for step 4 6.6439960829447955
Current ori: tensor([ 0.0051,  0.0034, -0.4164], device='cuda:0')
Middle force: tensor([0.5141, 0.6917, 0.6388, 0.2719], device='cuda:0')
Thumb force: tensor([0.2927, 1.1746, 0.7567, 1.1081], device='cuda:0')
Index force: tensor([0.2874, 0.6215, 0.5747, 0.4813], device='cuda:0')
tensor([ 0.1260,  0.5463,  0.6543,  0.5610, -0.0989,  0.6680,  0.6959,  0.9184,
         1.4661,  0.3654,  0.2263,  0.6653,  0.0040,  0.0032, -0.4557,  1.8871],
       device='cuda:0')
Likelihood: -25.274477005004883
Solve time for step 5 6.508957077981904
Current ori: tensor([ 0.0040,  0.0032, -0.4557], device='cuda:0')
Middle force: tensor([0.6481, 0.6077, 0.2638], device='cuda:0')
Thumb force: tensor([1.1146, 0.7192, 1.0658], device='cuda:0')
Index force: tensor([0.5768, 0.5434, 0.4597], device='cuda:0')
tensor([ 1.3184e-01,  5.3905e-01,  6.6852e-01,  5.6368e-01, -9.7908e-02,
         6.5446e-01,  7.0925e-01,  9.4328e-01,  1.4801e+00,  3.6566e-01,
         2.3037e-01,  6.2798e-01,  5.8925e-03,  8.3479e-04, -5.0811e-01,
         1.9464e+00], device='cuda:0')
Likelihood: -26.13945770263672
Solve time for step 6 6.5352027650224045
Current ori: tensor([ 0.0059,  0.0008, -0.5081], device='cuda:0')
Middle force: tensor([0.5681, 0.2566], device='cuda:0')
Thumb force: tensor([0.6736, 1.0297], device='cuda:0')
Index force: tensor([0.5003, 0.4345], device='cuda:0')
tensor([ 0.1420,  0.5447,  0.6758,  0.5548, -0.0923,  0.6382,  0.7290,  0.9753,
         1.4924,  0.3462,  0.2413,  0.5649,  0.0045, -0.0053, -0.5860,  2.0495],
       device='cuda:0')
Likelihood: -27.82168197631836
Solve time for step 7 6.529938758932985
Current ori: tensor([ 0.0045, -0.0053, -0.5860], device='cuda:0')
Middle force: tensor([0.2301], device='cuda:0')
Thumb force: tensor([0.9764], device='cuda:0')
Index force: tensor([0.4081], device='cuda:0')
{}

Trial 3
[ models/temporal ] Channel dimensions: [(37, 128), (128, 256), (256, 512)]
[ models/temporal ] Channel dimensions: [(37, 128), (128, 256), (256, 512)]
[ models/temporal ] Channel dimensions: [(37, 128), (128, 256)]
[ models/temporal ] Channel dimensions: [(37, 128), (128, 256), (256, 512)]
[ models/temporal ] Channel dimensions: [(37, 128), (128, 256), (256, 512)]
[ models/temporal ] Channel dimensions: [(37, 128), (128, 256)]
Loaded trajectory sampler
Current yaw: tensor([-9.8306e-05,  1.2234e-02, -5.3800e-02], device='cuda:0')
Current yaw: tensor([-0.0006,  0.0068, -0.0796], device='cuda:0')
1 turn
Sampling time 5.66894279292319
tensor([0.1959, 0.1759, 0.2376, 0.2219, 0.1990, 0.1725, 0.1753, 0.1750, 0.2603,
        0.2079, 0.3004, 0.3150, 0.2763, 0.2695, 0.2719, 0.2542],
       device='cuda:0')
tensor([0.2495, 0.1541, 0.1755, 0.1976, 0.1428, 0.1346, 0.1567, 0.1545, 0.0755,
        0.2660, 0.2424, 0.3300, 0.2072, 0.1677, 0.2100, 0.2575],
       device='cuda:0')
skipped 3 states
tensor([0.0655, 0.1071, 0.0638, 0.0526, 0.0544, 0.0684, 0.1074, 0.1078, 0.0544,
        0.1057, 0.0761, 0.0734, 0.0776, 0.0782, 0.0837, 0.0499],
       device='cuda:0')
skipped 1 states
tensor([0.0861, 0.1643, 0.0622, 0.0643, 0.1276, 0.0960, 0.1454, 0.1142, 0.1527,
        0.0703, 0.0518, 0.1133, 0.0872, 0.0869, 0.0526, 0.0708],
       device='cuda:0')
skipped 2 states
skipped 1 states
Shortcut time 0.005508058005943894
tensor([ 1.4864e-01,  5.9271e-01,  6.1232e-01,  5.6325e-01, -1.3633e-01,
         5.1280e-01,  9.5064e-01,  9.3651e-01,  1.2066e+00,  3.3640e-01,
         2.8560e-01,  1.1240e+00, -5.7101e-04,  6.7798e-03, -7.9565e-02,
        -3.4637e-01], device='cuda:0')
Likelihood: -23.003639221191406
Solve time for step 1 19.250761696021073
Current ori: tensor([-0.0006,  0.0068, -0.0796], device='cuda:0')
Middle force: tensor([0.9628, 1.8136, 1.5234, 1.0296, 0.3733], device='cuda:0')
Thumb force: tensor([1.4291, 2.0476, 1.2294, 2.1510, 0.7497], device='cuda:0')
Index force: tensor([0.5052, 1.4072, 0.5899, 0.9699, 0.4751], device='cuda:0')
tensor([ 0.2528,  0.5373,  0.7194,  0.4914, -0.2367,  0.4016,  0.9863,  1.0799,
         1.3113,  0.2703,  0.3659,  0.9890,  0.0269,  0.0652, -0.2470, -0.6491],
       device='cuda:0')
Likelihood: -43.60768127441406
State is out of distribution
Likelihood for thumb_middle: -15.955303192138672
Likelihood for index: -17.979307174682617
Likelihood for turn: -17.801177978515625
Current yaw: tensor([ 0.0269,  0.0652, -0.2470], device='cuda:0')
1 thumb_middle
tensor([0.4306, 0.4315, 0.4319, 0.4547, 0.4148, 0.4177, 0.4127, 0.3917, 0.4250,
        0.4158, 0.4769, 0.4454, 0.4179, 0.4155, 0.4352, 0.4353],
       device='cuda:0')
tensor([0.0882, 0.0862, 0.0875, 0.1468, 0.0799, 0.0787, 0.0787, 0.0986, 0.0987,
        0.1488, 0.0722, 0.0877, 0.1532, 0.1468, 0.0650, 0.0645],
       device='cuda:0')
tensor([0.0692, 0.0705, 0.0722, 0.0766, 0.0672, 0.0639, 0.0698, 0.0541, 0.0675,
        0.0779, 0.0720, 0.0687, 0.0864, 0.0862, 0.0555, 0.0665],
       device='cuda:0')
skipped 2 states
skipped 2 states
Shortcut time 0.0030763449613004923
tensor([ 0.2528,  0.5373,  0.7194,  0.4914, -0.2367,  0.4016,  0.9863,  1.0799,
         1.3113,  0.2703,  0.3659,  0.9890,  0.0269,  0.0652, -0.2470, -0.6491],
       device='cuda:0')
Solve time for step 1 17.21575529500842
Current ori: tensor([ 0.0269,  0.0652, -0.2470], device='cuda:0')
Index force: tensor([0.2529, 0.2474, 0.2553, 0.1443], device='cuda:0')
tensor([ 0.2141,  0.6017,  0.6607,  0.5991, -0.2890,  0.4716,  0.9290,  0.8935,
         1.3002,  0.1853,  0.2543,  0.9894,  0.0295,  0.0737, -0.2469, -0.6970],
       device='cuda:0')
Solve time for step 2 6.210042409948073
Current ori: tensor([ 0.0295,  0.0737, -0.2469], device='cuda:0')
Index force: tensor([0.2464, 0.2475, 0.2144], device='cuda:0')
tensor([ 0.2069,  0.6139,  0.6246,  0.6305, -0.2886,  0.5075,  0.9109,  0.8216,
         1.3279,  0.1621,  0.2441,  1.0133,  0.0316,  0.0793, -0.2469, -0.7331],
       device='cuda:0')
Solve time for step 3 5.9930958630284294
Current ori: tensor([ 0.0316,  0.0793, -0.2469], device='cuda:0')
Index force: tensor([0.2429, 0.1408], device='cuda:0')
tensor([ 0.1905,  0.6538,  0.6263,  0.6340, -0.2999,  0.5254,  0.9040,  0.7852,
         1.3103,  0.1284,  0.2835,  1.0490,  0.0371,  0.1001, -0.2469, -0.9076],
       device='cuda:0')
Solve time for step 4 6.158245116006583
Current ori: tensor([ 0.0371,  0.1001, -0.2469], device='cuda:0')
Index force: tensor([0.1796], device='cuda:0')
Likelihood: -44.686195373535156
State is out of distribution
Likelihood for thumb_middle: -15.597081184387207
Likelihood for index: -20.732410430908203
Likelihood for turn: -19.073745727539062
Current yaw: tensor([ 0.0392,  0.1013, -0.2413], device='cuda:0')
1 thumb_middle
tensor([0.3144, 0.2612, 0.3178, 0.2805, 0.3211, 0.2733, 0.2991, 0.2734, 0.2734,
        0.3225, 0.2737, 0.3221, 0.3241, 0.4045, 0.3977, 0.4273],
       device='cuda:0')
tensor([0.0881, 0.0433, 0.0934, 0.1115, 0.1149, 0.1071, 0.0825, 0.1045, 0.0859,
        0.1093, 0.0850, 0.1087, 0.1089, 0.0615, 0.0963, 0.0813],
       device='cuda:0')
skipped 1 states
skipped 4 states
Shortcut time 0.002119885990396142
tensor([ 0.1932,  0.6679,  0.6315,  0.6301, -0.2908,  0.5321,  0.9244,  0.7837,
         1.3854,  0.1558,  0.3637,  1.1037,  0.0392,  0.1013, -0.2413, -0.9691],
       device='cuda:0')
Solve time for step 1 17.05778835399542
Current ori: tensor([ 0.0392,  0.1013, -0.2413], device='cuda:0')
Index force: tensor([0.2592, 0.2435, 0.7003], device='cuda:0')
tensor([ 0.1841,  0.6345,  0.7339,  0.4891, -0.2945,  0.5359,  0.9043,  0.7767,
         1.2915,  0.1874,  0.1922,  1.1187,  0.0410,  0.1085, -0.2435, -0.9885],
       device='cuda:0')
Solve time for step 2 6.1527762819314376
Current ori: tensor([ 0.0410,  0.1085, -0.2435], device='cuda:0')
Index force: tensor([0.3878, 0.8311], device='cuda:0')
tensor([ 0.1810,  0.5951,  0.8588,  0.2787, -0.3038,  0.5521,  0.9042,  0.7554,
         1.2552,  0.2347,  0.1652,  1.2062,  0.0401,  0.1113, -0.2318, -0.9967],
       device='cuda:0')
Solve time for step 3 6.4143131339224055
Current ori: tensor([ 0.0401,  0.1113, -0.2318], device='cuda:0')
Index force: tensor([0.8266], device='cuda:0')
Likelihood: -40.51763916015625
State is out of distribution
Likelihood for thumb_middle: -18.900657653808594
Likelihood for index: -21.39531135559082
Likelihood for turn: -20.859233856201172
Current yaw: tensor([ 0.0626,  0.1127, -0.1469], device='cuda:0')
1 thumb_middle
tensor([0.5946, 0.5929, 0.5941, 0.6102, 0.5980, 0.5766, 0.5764, 0.6048, 0.5756,
        0.5873, 0.5775, 0.6075, 0.6068, 0.6038, 0.6085, 0.5782],
       device='cuda:0')
tensor([0.1521, 0.1312, 0.1320, 0.0946, 0.0982, 0.0813, 0.0824, 0.0839, 0.0809,
        0.0715, 0.0713, 0.1027, 0.1555, 0.1554, 0.1045, 0.0627],
       device='cuda:0')
skipped 1 states
skipped 4 states
Shortcut time 0.002210346981883049
tensor([ 0.1887,  0.4918,  0.9551,  0.5229, -0.3063,  0.5252,  0.9242,  0.7777,
         1.3043,  0.2301,  0.4235,  1.3382,  0.0626,  0.1127, -0.1469, -0.9498],
       device='cuda:0')
Solve time for step 1 18.289940556976944
Current ori: tensor([ 0.0626,  0.1127, -0.1469], device='cuda:0')
Index force: tensor([0.1644, 0.0779, 0.3673], device='cuda:0')
tensor([ 0.1796,  0.5395,  0.8823,  0.6771, -0.2850,  0.6030,  0.7835,  0.7564,
         1.2299,  0.1698,  0.3508,  1.2237,  0.0645,  0.1193, -0.1224, -0.7587],
       device='cuda:0')
Solve time for step 2 6.3192292280728
Current ori: tensor([ 0.0645,  0.1193, -0.1224], device='cuda:0')
Index force: tensor([0.1949, 0.4667], device='cuda:0')
tensor([ 0.1707,  0.5570,  0.9021,  0.7280, -0.2462,  0.8233,  0.5026,  0.4769,
         1.2601,  0.1402,  0.3807,  1.2045,  0.0460,  0.1164, -0.0487, -0.4307],
       device='cuda:0')
Solve time for step 3 6.1619985710131004
Current ori: tensor([ 0.0460,  0.1164, -0.0487], device='cuda:0')
Index force: tensor([0.2670], device='cuda:0')
Likelihood: -56.91531753540039
Probably dropped the object
Likelihood for thumb_middle: -22.742782592773438
Likelihood for index: -29.194705963134766
Likelihood for turn: -29.695846557617188
Current yaw: tensor([0.0331, 0.0978, 0.0800], device='cuda:0')
1 thumb_middle
tensor([0.9022, 0.9395, 0.9590, 0.9549, 0.9619, 0.8687, 0.9572, 0.8638, 0.9636,
        0.9538, 0.8681, 0.8675, 0.8681, 0.8723, 0.8667, 0.8626],
       device='cuda:0')
tensor([0.1439, 0.1515, 0.1602, 0.1537, 0.1521, 0.1287, 0.1542, 0.1331, 0.1589,
        0.1590, 0.1282, 0.1365, 0.1190, 0.1340, 0.1338, 0.1341],
       device='cuda:0')
tensor([0.1122, 0.1142, 0.1189, 0.1199, 0.0868, 0.0845, 0.1218, 0.0833, 0.1206,
        0.1196, 0.0649, 0.0638, 0.0672, 0.0652, 0.0604, 0.0634],
       device='cuda:0')
skipped 4 states
Shortcut time 0.00290994206443429
tensor([ 0.2065,  0.5297,  0.9968,  0.7543, -0.2040,  1.0022,  0.1971,  0.1767,
         1.3229,  0.1444,  0.5041,  1.1873,  0.0331,  0.0978,  0.0800, -0.7026],
       device='cuda:0')
Solve time for step 1 17.258786172955297
Current ori: tensor([0.0331, 0.0978, 0.0800], device='cuda:0')
Index force: tensor([0.0713, 0.0946, 0.0637, 0.3098], device='cuda:0')
tensor([ 0.1009,  0.5362,  0.8996,  0.6521, -0.2868,  0.7892,  0.4602,  0.4811,
         1.3717,  0.1779,  0.3898,  1.1071,  0.0351,  0.1518, -0.0292, -0.6532],
       device='cuda:0')
Solve time for step 2 5.7814413600135595
Current ori: tensor([ 0.0351,  0.1518, -0.0292], device='cuda:0')
Index force: tensor([0.0774, 0.0693, 0.5099], device='cuda:0')
tensor([ 0.1120,  0.5931,  0.8718,  0.5768, -0.2728,  0.6149,  0.5869,  0.7841,
         1.3632,  0.1764,  0.3389,  1.0485,  0.0400,  0.1470, -0.1066, -0.2778],
       device='cuda:0')
Solve time for step 3 6.557933931937441
Current ori: tensor([ 0.0400,  0.1470, -0.1066], device='cuda:0')
Index force: tensor([0.0912, 0.5196], device='cuda:0')
tensor([ 0.1307,  0.6071,  0.8721,  0.5807, -0.2711,  0.4533,  0.7036,  1.0429,
         1.3547,  0.1238,  0.4151,  1.0086,  0.0712,  0.1331, -0.2522, -0.5816],
       device='cuda:0')
Solve time for step 4 6.454045458929613
Current ori: tensor([ 0.0712,  0.1331, -0.2522], device='cuda:0')
Index force: tensor([0.2419], device='cuda:0')
Likelihood: -25.385574340820312
State is in distribution
{}

Trial 4
[ models/temporal ] Channel dimensions: [(37, 128), (128, 256), (256, 512)]
[ models/temporal ] Channel dimensions: [(37, 128), (128, 256), (256, 512)]
[ models/temporal ] Channel dimensions: [(37, 128), (128, 256)]
[ models/temporal ] Channel dimensions: [(37, 128), (128, 256), (256, 512)]
[ models/temporal ] Channel dimensions: [(37, 128), (128, 256), (256, 512)]
[ models/temporal ] Channel dimensions: [(37, 128), (128, 256)]
Loaded trajectory sampler
Current yaw: tensor([-9.3546e-05,  1.2222e-02, -5.4049e-02], device='cuda:0')
Current yaw: tensor([-0.0022,  0.0085, -0.0453], device='cuda:0')
1 turn
Sampling time 5.341835548984818
tensor([0.2889, 0.3003, 0.3176, 0.2961, 0.3188, 0.3733, 0.3124, 0.3019, 0.2935,
        0.2889, 0.2636, 0.3015, 0.3200, 0.3008, 0.4797, 0.3313],
       device='cuda:0')
tensor([0.1920, 0.1056, 0.1808, 0.1621, 0.0446, 0.1005, 0.1471, 0.1047, 0.2154,
        0.0745, 0.1637, 0.1081, 0.0448, 0.1090, 0.2421, 0.1563],
       device='cuda:0')
skipped 2 states
tensor([0.0853, 0.0842, 0.1085, 0.1111, 0.0618, 0.1759, 0.0664, 0.0853, 0.0788,
        0.1161, 0.0530, 0.0828, 0.0614, 0.0832, 0.0690, 0.0753],
       device='cuda:0')
skipped 1 states
tensor([0.0822, 0.0957, 0.1082, 0.1391, 0.1034, 0.1191, 0.0914, 0.1313, 0.0837,
        0.1027, 0.0589, 0.1180, 0.1026, 0.1259, 0.0822, 0.1037],
       device='cuda:0')
skipped 2 states
skipped 2 states
Shortcut time 0.003955653985030949
tensor([ 0.1416,  0.6089,  0.5905,  0.5483, -0.1005,  0.5727,  0.8333,  0.8642,
         1.2303,  0.2419,  0.2707,  1.2132, -0.0022,  0.0085, -0.0453,  0.5431],
       device='cuda:0')
Likelihood: -21.73716163635254
Solve time for step 1 21.23002420598641
Current ori: tensor([-0.0022,  0.0085, -0.0453], device='cuda:0')
Middle force: tensor([0.6206, 1.2124, 0.6841, 1.9161, 0.6189], device='cuda:0')
Thumb force: tensor([1.0633, 1.7856, 0.8473, 1.9356, 0.8421], device='cuda:0')
Index force: tensor([1.0188, 1.8828, 0.4432, 1.1622, 0.8330], device='cuda:0')
tensor([ 0.0660,  0.6385,  0.4771,  0.5402, -0.1333,  0.4566,  0.7884,  1.0209,
         1.3885,  0.0563,  0.2318,  1.2078, -0.0057,  0.0388, -0.0447,  0.5485],
       device='cuda:0')
Likelihood: -23.617359161376953
Solve time for step 2 7.677727925940417
Current ori: tensor([-0.0057,  0.0388, -0.0447], device='cuda:0')
Middle force: tensor([1.2026, 0.6457, 1.8119, 0.6029], device='cuda:0')
Thumb force: tensor([1.6590, 0.7997, 1.8459, 0.7825], device='cuda:0')
Index force: tensor([1.8043, 0.4337, 1.1067, 0.7990], device='cuda:0')
tensor([ 0.0353,  0.6316,  0.4681,  0.5008, -0.0703,  0.5037,  0.8025,  0.9360,
         1.3861,  0.0577,  0.2039,  1.1906, -0.0252,  0.0228, -0.0620,  0.3738],
       device='cuda:0')
Likelihood: -15.83806324005127
Solve time for step 3 7.344177514896728
Current ori: tensor([-0.0252,  0.0228, -0.0620], device='cuda:0')
Middle force: tensor([0.7688, 0.8374, 1.0595], device='cuda:0')
Thumb force: tensor([1.5347, 1.0095, 0.5194], device='cuda:0')
Index force: tensor([0.6330, 0.7040, 0.5514], device='cuda:0')
tensor([-0.0254,  0.5655,  0.5411,  0.4125, -0.1480,  0.4467,  0.8523,  1.0633,
         1.3771,  0.1720,  0.2597,  1.0577, -0.0352,  0.0590, -0.1926, -0.0396],
       device='cuda:0')
Likelihood: -20.85209083557129
Solve time for step 4 7.16160727199167
Current ori: tensor([-0.0352,  0.0590, -0.1926], device='cuda:0')
Middle force: tensor([1.6453, 0.5894], device='cuda:0')
Thumb force: tensor([1.5576, 0.6602], device='cuda:0')
Index force: tensor([0.9673, 0.6966], device='cuda:0')
tensor([-1.2097e-04,  5.4218e-01,  5.5501e-01,  5.3612e-01, -1.1877e-01,
         4.0671e-01,  9.1481e-01,  1.0954e+00,  1.3793e+00,  1.6126e-01,
         2.4429e-01,  1.0478e+00, -2.6115e-02,  4.4423e-02, -3.1062e-01,
         2.2236e-01], device='cuda:0')
Likelihood: -19.369333267211914
Solve time for step 5 7.4774118210189044
Current ori: tensor([-0.0261,  0.0444, -0.3106], device='cuda:0')
Middle force: tensor([0.5318], device='cuda:0')
Thumb force: tensor([0.5858], device='cuda:0')
Index force: tensor([0.6464], device='cuda:0')
Current yaw: tensor([-0.0076, -0.0052, -0.4919], device='cuda:0')
2 turn
Sampling time 5.310599662014283
tensor([0.3064, 0.2583, 0.2591, 0.1713, 0.3041, 0.1860, 0.2610, 0.2572, 0.1733,
        0.2593, 0.2602, 0.2832, 0.3137, 0.1725, 0.3060, 0.3050],
       device='cuda:0')
tensor([0.1044, 0.1270, 0.1264, 0.1907, 0.1039, 0.0422, 0.1266, 0.1244, 0.1943,
        0.1274, 0.1246, 0.2434, 0.1166, 0.1914, 0.1044, 0.1062],
       device='cuda:0')
skipped 1 states
skipped 4 states
tensor([0.1036, 0.0739, 0.0708, 0.0896, 0.0761, 0.0588, 0.0661, 0.0958, 0.0615,
        0.0958, 0.0937, 0.0705, 0.0463, 0.0604, 0.0756, 0.0953],
       device='cuda:0')
skipped 2 states
Shortcut time 0.0033215710427612066
tensor([ 0.0563,  0.4419,  0.6697,  0.6744, -0.0111,  0.3283,  1.0333,  1.1665,
         1.3558,  0.1718,  0.2147,  0.9841, -0.0076, -0.0052, -0.4919,  0.3786],
       device='cuda:0')
Likelihood: -22.821849822998047
Solve time for step 1 19.601460485020652
Current ori: tensor([-0.0076, -0.0052, -0.4919], device='cuda:0')
Middle force: tensor([0.5110, 0.8033, 0.7178, 1.2158, 0.3564], device='cuda:0')
Thumb force: tensor([0.1740, 0.3565, 0.8454, 2.1126, 0.1966], device='cuda:0')
Index force: tensor([0.4177, 0.6133, 1.0380, 0.8433, 0.2047], device='cuda:0')
tensor([-1.8251e-02,  3.9462e-01,  6.3130e-01,  7.9223e-01,  1.9831e-01,
         3.6825e-01,  1.0907e+00,  1.3015e+00,  1.4286e+00, -2.0792e-02,
         8.4976e-02,  9.5725e-01, -1.3716e-03, -9.7502e-02, -8.1162e-01,
         2.2756e+00], device='cuda:0')
Likelihood: -27.044252395629883
Solve time for step 2 6.876687697018497
Current ori: tensor([-0.0014, -0.0975, -0.8116], device='cuda:0')
Middle force: tensor([1.9417, 0.7409, 0.5376, 0.1035], device='cuda:0')
Thumb force: tensor([0.7048, 1.0115, 0.4360, 0.0684], device='cuda:0')
Index force: tensor([1.5909, 0.5674, 0.5284, 0.0380], device='cuda:0')
tensor([ 0.0307,  0.3266,  0.7507,  0.8650,  0.1748,  0.3936,  1.0748,  1.1371,
         1.4680, -0.1050,  0.1349,  0.7951, -0.0264, -0.0992, -0.8526,  2.1994],
       device='cuda:0')
Likelihood: -32.1116943359375
State is out of distribution
Likelihood for thumb_middle: -17.88918113708496
Likelihood for index: -18.218482971191406
Likelihood for turn: -19.115808486938477
Current yaw: tensor([-0.0264, -0.0992, -0.8526], device='cuda:0')
2 thumb_middle
tensor([0.4962, 0.6045, 0.6030, 0.5933, 0.6033, 0.5872, 0.4838, 0.6036, 0.6086,
        0.4806, 0.4778, 0.5945, 0.6632, 0.5870, 0.6554, 0.4775],
       device='cuda:0')
tensor([0.1188, 0.1137, 0.1255, 0.1052, 0.1199, 0.1073, 0.1400, 0.1209, 0.1336,
        0.1393, 0.1392, 0.1184, 0.1021, 0.1120, 0.1170, 0.1401],
       device='cuda:0')
tensor([0.1119, 0.0783, 0.0933, 0.0741, 0.0929, 0.0700, 0.0961, 0.0929, 0.1453,
        0.1267, 0.1261, 0.1030, 0.0777, 0.0512, 0.0816, 0.1260],
       device='cuda:0')
skipped 1 states
tensor([0.1846, 0.1745, 0.1767, 0.1828, 0.1749, 0.1798, 0.1828, 0.1735, 0.1782,
        0.1892, 0.1866, 0.1697, 0.1740, 0.1742, 0.1738, 0.1871],
       device='cuda:0')
skipped 3 states
Shortcut time 0.003908624988980591
tensor([ 0.0307,  0.3266,  0.7507,  0.8650,  0.1748,  0.3936,  1.0748,  1.1371,
         1.4680, -0.1050,  0.1349,  0.7951, -0.0264, -0.0992, -0.8526,  2.1994],
       device='cuda:0')
Solve time for step 1 17.03400294005405
Current ori: tensor([-0.0264, -0.0992, -0.8526], device='cuda:0')
Index force: tensor([0.8335, 0.8669, 0.8819, 0.5906], device='cuda:0')
tensor([ 0.0175,  0.3922,  0.6900,  0.8362, -0.0376,  0.5359,  0.8470,  0.9323,
         1.3185,  0.0998,  0.0527,  0.8850, -0.0423, -0.1021, -0.8284,  2.4901],
       device='cuda:0')
Solve time for step 2 6.057142239995301
Current ori: tensor([-0.0423, -0.1021, -0.8284], device='cuda:0')
Index force: tensor([0.8496, 0.8485, 0.4480], device='cuda:0')
tensor([-8.8197e-04,  4.8136e-01,  6.3876e-01,  7.6466e-01, -3.0355e-02,
         6.2660e-01,  7.6738e-01,  9.1050e-01,  1.3256e+00,  1.8199e-01,
         5.5540e-02,  8.7139e-01, -6.4487e-02, -1.1594e-01, -7.8497e-01,
         3.0024e+00], device='cuda:0')
Solve time for step 3 6.0506253860658035
Current ori: tensor([-0.0645, -0.1159, -0.7850], device='cuda:0')
Index force: tensor([0.8599, 0.5800], device='cuda:0')
tensor([-0.0415,  0.5208,  0.6767,  0.7443, -0.0543,  0.7704,  0.6904,  0.7404,
         1.3442,  0.1615, -0.0041,  0.8787, -0.0792, -0.1405, -0.7823,  3.3665],
       device='cuda:0')
Solve time for step 4 6.46839892398566
Current ori: tensor([-0.0792, -0.1405, -0.7823], device='cuda:0')
Index force: tensor([0.5338], device='cuda:0')
Likelihood: -48.936676025390625
State is out of distribution
Likelihood for thumb_middle: -16.248046875
Likelihood for index: -17.790966033935547
Likelihood for turn: -18.570146560668945
Current yaw: tensor([-0.1053, -0.1647, -0.7829], device='cuda:0')
2 thumb_middle
tensor([0.6291, 0.6324, 0.7117, 0.7003, 0.6291, 0.7078, 0.7028, 0.6428, 0.6970,
        0.7069, 0.7052, 0.6880, 0.7048, 0.7097, 0.6828, 0.6830],
       device='cuda:0')
tensor([0.0791, 0.0803, 0.1393, 0.0990, 0.0809, 0.1357, 0.1410, 0.0868, 0.1383,
        0.1391, 0.1408, 0.1065, 0.1423, 0.1492, 0.1430, 0.1503],
       device='cuda:0')
tensor([0.0477, 0.0477, 0.0974, 0.0561, 0.0466, 0.0951, 0.1304, 0.0886, 0.1317,
        0.1021, 0.1312, 0.0936, 0.1320, 0.0943, 0.0852, 0.0864],
       device='cuda:0')
tensor([0.1083, 0.0814, 0.0985, 0.1007, 0.0637, 0.1010, 0.0554, 0.0434, 0.0545,
        0.0979, 0.0545, 0.0475, 0.0552, 0.0989, 0.1083, 0.1064],
       device='cuda:0')
skipped 2 states
skipped 1 states
Shortcut time 0.0035884740063920617
tensor([-0.0423,  0.6701,  0.6572,  0.5814, -0.0174,  1.1140,  0.5247,  0.4297,
         1.4739,  0.2109, -0.0669,  0.7159, -0.1053, -0.1647, -0.7829,  4.7703],
       device='cuda:0')
Solve time for step 1 17.383565764059313
Current ori: tensor([-0.1053, -0.1647, -0.7829], device='cuda:0')
Index force: tensor([0.7814, 0.7818, 0.7750, 0.7746, 0.4927], device='cuda:0')
tensor([-0.0561,  0.6812,  0.7103,  0.5072, -0.1638,  0.8321,  0.6487,  0.6199,
         1.4302,  0.2781, -0.0444,  0.7368, -0.1043, -0.1706, -0.7258,  4.8583],
       device='cuda:0')
Solve time for step 2 6.206148469005711
Current ori: tensor([-0.1043, -0.1706, -0.7258], device='cuda:0')
Index force: tensor([0.6929, 0.7630, 0.7840, 0.4383], device='cuda:0')
tensor([-9.4213e-02,  7.4064e-01,  6.5725e-01,  5.1900e-01, -1.5800e-01,
         7.0457e-01,  7.6704e-01,  7.4245e-01,  1.4223e+00,  3.0417e-01,
        -1.5177e-03,  6.6131e-01, -1.1203e-01, -1.6682e-01, -7.2772e-01,
         4.0115e+00], device='cuda:0')
Solve time for step 3 6.304693535086699
Current ori: tensor([-0.1120, -0.1668, -0.7277], device='cuda:0')
Index force: tensor([0.7707, 0.7749, 0.3150], device='cuda:0')
tensor([-0.1060,  0.7513,  0.6710,  0.5670, -0.1918,  0.6879,  0.7745,  0.7555,
         1.4291,  0.3012,  0.0656,  0.4750, -0.1285, -0.1707, -0.7918,  3.1875],
       device='cuda:0')
Solve time for step 4 6.217435188940726
Current ori: tensor([-0.1285, -0.1707, -0.7918], device='cuda:0')
Index force: tensor([0.7528, 0.0638], device='cuda:0')
tensor([-0.1301,  0.8360,  0.6371,  0.6201, -0.0657,  0.8851,  0.6916,  0.6513,
         1.4094,  0.2996,  0.0233,  0.4079, -0.1557, -0.2073, -0.7911,  3.0621],
       device='cuda:0')
Solve time for step 5 5.724916956969537
Current ori: tensor([-0.1557, -0.2073, -0.7911], device='cuda:0')
Index force: tensor([0.1189], device='cuda:0')
Likelihood: -111.73011779785156
Probably dropped the object
Likelihood for thumb_middle: -19.675334930419922
Likelihood for index: -22.832157135009766
Likelihood for turn: -16.43770408630371
Current yaw: tensor([-0.1787, -0.2123, -0.8046], device='cuda:0')
2 turn
tensor([0.6998, 0.6985, 0.6961, 0.6924, 0.6941, 0.6985, 0.6985, 0.6934, 0.6855,
        0.6875, 0.7321, 0.9395, 0.7325, 0.7001, 0.9188, 0.8091],
       device='cuda:0')
tensor([0.1291, 0.1225, 0.1803, 0.1808, 0.1820, 0.1793, 0.1780, 0.1686, 0.1318,
        0.1450, 0.1668, 0.0673, 0.1652, 0.1417, 0.1284, 0.1652],
       device='cuda:0')
tensor([0.1036, 0.1001, 0.0904, 0.0811, 0.0849, 0.0870, 0.0860, 0.0895, 0.0987,
        0.0907, 0.0849, 0.0550, 0.0698, 0.0868, 0.0502, 0.0700],
       device='cuda:0')
tensor([0.1403, 0.1355, 0.1077, 0.1061, 0.1081, 0.1028, 0.1066, 0.1068, 0.1290,
        0.1222, 0.0891, 0.0569, 0.0942, 0.1150, 0.0614, 0.0648],
       device='cuda:0')
skipped 1 states
skipped 2 states
Shortcut time 0.003671701066195965
tensor([-0.1462,  0.8724,  0.6445,  0.6244, -0.0090,  1.1662,  0.5719,  0.4911,
         1.4483,  0.3327,  0.1312,  0.0854, -0.1787, -0.2123, -0.8046,  3.5761],
       device='cuda:0')
Solve time for step 1 20.957091963966377
Current ori: tensor([-0.1787, -0.2123, -0.8046], device='cuda:0')
Middle force: tensor([0.3763, 0.4478, 0.4435, 0.4571, 0.2037], device='cuda:0')
Thumb force: tensor([0.8147, 0.8156, 0.8110, 0.8112, 0.5088], device='cuda:0')
Index force: tensor([0.3835, 0.2950, 0.2824, 0.3156, 0.2518], device='cuda:0')
tensor([-1.4109e-01,  9.9102e-01,  5.6005e-01,  7.2198e-01, -1.5591e-02,
         1.1400e+00,  6.2521e-01,  6.6144e-01,  1.4463e+00,  4.3239e-01,
        -2.2827e-05,  2.5429e-01, -2.0870e-01, -2.5229e-01, -7.8213e-01,
         3.8190e+00], device='cuda:0')
Solve time for step 2 7.105718433973379
Current ori: tensor([-0.2087, -0.2523, -0.7821], device='cuda:0')
Middle force: tensor([0.4709, 0.4562, 0.4721, 0.2562], device='cuda:0')
Thumb force: tensor([0.8156, 0.8135, 0.8200, 0.3829], device='cuda:0')
Index force: tensor([0.2589, 0.2608, 0.2774, 0.2100], device='cuda:0')
tensor([-0.1578,  1.0061,  0.6335,  0.6712, -0.0330,  1.1595,  0.7027,  0.6069,
         1.4175,  0.5839, -0.0043,  0.2762, -0.2249, -0.2685, -0.7265,  3.5247],
       device='cuda:0')
Solve time for step 3 7.5841492239851505
Current ori: tensor([-0.2249, -0.2685, -0.7265], device='cuda:0')
Middle force: tensor([0.4070, 0.4790, 0.3242], device='cuda:0')
Thumb force: tensor([0.8143, 0.8049, 0.4000], device='cuda:0')
Index force: tensor([0.2538, 0.2808, 0.0773], device='cuda:0')
tensor([-0.1858,  0.9802,  0.7181,  0.6805, -0.1202,  1.1953,  0.7737,  0.7003,
         1.3792,  0.9965, -0.0306,  0.2864, -0.2592, -0.3092, -0.6951,  3.2720],
       device='cuda:0')
Solve time for step 4 6.739242149982601
Current ori: tensor([-0.2592, -0.3092, -0.6951], device='cuda:0')
Middle force: tensor([0.4939, 0.3526], device='cuda:0')
Thumb force: tensor([0.8142, 0.5521], device='cuda:0')
Index force: tensor([0.2531, 0.1945], device='cuda:0')
tensor([-0.2150,  1.0726,  0.7120,  0.5625, -0.3055,  1.2051,  0.7921,  0.5659,
         1.4157,  0.7660, -0.1660,  0.5151, -0.2582, -0.2997, -0.5467,  3.2596],
       device='cuda:0')
Solve time for step 5 6.762552159023471
Current ori: tensor([-0.2582, -0.2997, -0.5467], device='cuda:0')
Middle force: tensor([0.0784], device='cuda:0')
Thumb force: tensor([0.4312], device='cuda:0')
Index force: tensor([0.3018], device='cuda:0')
Likelihood: -322.33123779296875
Probably dropped the object
{}

Trial 5
[ models/temporal ] Channel dimensions: [(37, 128), (128, 256), (256, 512)]
[ models/temporal ] Channel dimensions: [(37, 128), (128, 256), (256, 512)]
[ models/temporal ] Channel dimensions: [(37, 128), (128, 256)]
[ models/temporal ] Channel dimensions: [(37, 128), (128, 256), (256, 512)]
[ models/temporal ] Channel dimensions: [(37, 128), (128, 256), (256, 512)]
[ models/temporal ] Channel dimensions: [(37, 128), (128, 256)]
Loaded trajectory sampler
Current yaw: tensor([-5.3595e-05,  1.2599e-02, -5.2473e-02], device='cuda:0')
Current yaw: tensor([ 0.0001,  0.0065, -0.0755], device='cuda:0')
1 turn
Sampling time 5.446685314993374
tensor([0.2953, 0.2195, 0.2952, 0.2696, 0.4180, 0.2544, 0.2685, 0.2537, 0.4164,
        0.2662, 0.3553, 0.2970, 0.2688, 0.2575, 0.2578, 0.2695],
       device='cuda:0')
tensor([0.1339, 0.0622, 0.1316, 0.0643, 0.2784, 0.0788, 0.0644, 0.1363, 0.2796,
        0.0514, 0.1192, 0.1305, 0.0648, 0.0918, 0.0908, 0.0634],
       device='cuda:0')
tensor([0.1974, 0.0526, 0.1944, 0.0492, 0.1259, 0.1229, 0.0483, 0.1004, 0.1233,
        0.0540, 0.1579, 0.1932, 0.0483, 0.0868, 0.0878, 0.0496],
       device='cuda:0')
skipped 1 states
tensor([0.0891, 0.0698, 0.0912, 0.0865, 0.1335, 0.0645, 0.0844, 0.0647, 0.1328,
        0.0669, 0.0644, 0.0903, 0.0837, 0.0565, 0.0562, 0.0850],
       device='cuda:0')
tensor([0.1107, 0.0983, 0.1102, 0.0813, 0.0911, 0.0616, 0.0820, 0.0632, 0.0925,
        0.0570, 0.0645, 0.1105, 0.0808, 0.0525, 0.0535, 0.1070],
       device='cuda:0')
skipped 1 states
skipped 4 states
Shortcut time 0.005010408000089228
tensor([ 1.6005e-01,  6.4271e-01,  5.1116e-01,  6.4859e-01, -1.1790e-01,
         5.1730e-01,  9.0798e-01,  9.5385e-01,  1.2222e+00,  2.5943e-01,
         2.7478e-01,  1.1790e+00,  1.2944e-04,  6.4862e-03, -7.5537e-02,
         4.7672e-01], device='cuda:0')
Likelihood: -22.485157012939453
Solve time for step 1 20.661465682904236
Current ori: tensor([ 0.0001,  0.0065, -0.0755], device='cuda:0')
Middle force: tensor([0.6180, 0.6994, 0.5102, 0.6760, 1.9995, 2.7489], device='cuda:0')
Thumb force: tensor([0.5424, 2.3162, 1.2116, 0.9136, 1.5207, 2.1591], device='cuda:0')
Index force: tensor([0.5502, 0.4328, 0.4953, 0.1814, 0.4210, 0.4215], device='cuda:0')
tensor([ 0.1601,  0.6946,  0.5209,  0.4776, -0.0751,  0.4598,  0.9081,  1.1544,
         1.2595,  0.1937,  0.3208,  0.9853, -0.0132, -0.0030, -0.1166,  0.2730],
       device='cuda:0')
Likelihood: -30.27047348022461
State is out of distribution
Likelihood for thumb_middle: -12.751568794250488
Likelihood for index: -16.207740783691406
Likelihood for turn: -12.673648834228516
Current yaw: tensor([-0.0132, -0.0030, -0.1166], device='cuda:0')
1 turn
tensor([0.2854, 0.2887, 0.2836, 0.2834, 0.2834, 0.2842, 0.2838, 0.3303, 0.3290,
        0.2863, 0.3754, 0.3390, 0.3386, 0.3377, 0.3237, 0.3769],
       device='cuda:0')
tensor([0.1317, 0.1302, 0.1294, 0.1275, 0.1316, 0.1290, 0.1281, 0.1392, 0.1273,
        0.1281, 0.1648, 0.0610, 0.0919, 0.0910, 0.1452, 0.0861],
       device='cuda:0')
skipped 1 states
skipped 4 states
Shortcut time 0.0025764519814401865
tensor([ 0.1601,  0.6946,  0.5209,  0.4776, -0.0751,  0.4598,  0.9081,  1.1544,
         1.2595,  0.1937,  0.3208,  0.9853, -0.0132, -0.0030, -0.1166,  0.2730],
       device='cuda:0')
Solve time for step 1 18.638667591032572
Current ori: tensor([-0.0132, -0.0030, -0.1166], device='cuda:0')
Middle force: tensor([0.0553, 0.0223, 0.1507], device='cuda:0')
Thumb force: tensor([0.1200, 0.1200, 0.0972], device='cuda:0')
Index force: tensor([0.0735, 0.0789, 0.3931], device='cuda:0')
tensor([ 0.1501,  0.6731,  0.5202,  0.5290, -0.1098,  0.4587,  0.9597,  1.0034,
         1.2251,  0.1952,  0.3599,  1.0658, -0.0063,  0.0065,  0.0308,  0.1085],
       device='cuda:0')
Solve time for step 2 7.204088044934906
Current ori: tensor([-0.0063,  0.0065,  0.0308], device='cuda:0')
Middle force: tensor([0.0247, 0.1549], device='cuda:0')
Thumb force: tensor([0.1213, 0.1264], device='cuda:0')
Index force: tensor([0.0444, 0.3752], device='cuda:0')
tensor([ 0.1085,  0.6559,  0.4416,  0.6453, -0.1256,  0.4096,  1.0364,  1.0057,
         1.2288,  0.2513,  0.3504,  1.0336, -0.0034,  0.0135, -0.0608,  0.4090],
       device='cuda:0')
Solve time for step 3 6.734979414031841
Current ori: tensor([-0.0034,  0.0135, -0.0608], device='cuda:0')
Middle force: tensor([0.2230], device='cuda:0')
Thumb force: tensor([0.2983], device='cuda:0')
Index force: tensor([0.2274], device='cuda:0')
Likelihood: -38.03523254394531
State is out of distribution
Likelihood for thumb_middle: -13.636947631835938
Likelihood for index: -14.29833984375
Likelihood for turn: -15.531545639038086
Current yaw: tensor([-0.0074, -0.0122, -0.2694], device='cuda:0')
1 thumb_middle
tensor([0.5365, 0.5458, 0.5482, 0.5521, 0.5302, 0.4982, 0.5091, 0.4533, 0.4653,
        0.4642, 0.4435, 0.4709, 0.4526, 0.4580, 0.4928, 0.5461],
       device='cuda:0')
tensor([0.1720, 0.1527, 0.1519, 0.1498, 0.1249, 0.1040, 0.0772, 0.1068, 0.0765,
        0.0781, 0.1569, 0.1219, 0.0599, 0.0993, 0.1131, 0.1526],
       device='cuda:0')
tensor([0.0525, 0.1230, 0.1232, 0.1067, 0.0886, 0.0820, 0.0673, 0.0472, 0.0654,
        0.0661, 0.1004, 0.0700, 0.0875, 0.0760, 0.0513, 0.0522],
       device='cuda:0')
skipped 1 states
tensor([0.1787, 0.1809, 0.1804, 0.1786, 0.1823, 0.1824, 0.1772, 0.1852, 0.1867,
        0.1856, 0.1637, 0.1773, 0.1860, 0.1809, 0.1692, 0.1817],
       device='cuda:0')
skipped 3 states
Shortcut time 0.0035196960670873523
tensor([ 0.1526,  0.7028,  0.3936,  0.7033, -0.0368,  0.3353,  1.1026,  1.1534,
         1.2564,  0.2171,  0.3098,  0.9774, -0.0074, -0.0122, -0.2694,  0.6657],
       device='cuda:0')
Solve time for step 1 18.245167159941047
Current ori: tensor([-0.0074, -0.0122, -0.2694], device='cuda:0')
Index force: tensor([0.2694, 0.2681, 0.2685, 0.3065], device='cuda:0')
tensor([ 0.1382,  0.6054,  0.5308,  0.6699, -0.0792,  0.4669,  0.8483,  0.9128,
         1.2770,  0.2151,  0.1731,  0.8887,  0.0064, -0.0022, -0.2550,  0.7272],
       device='cuda:0')
