Importing module 'gym_38' (/home/abhinav/Downloads/IsaacGym_Preview_4_Package/isaacgym/python/isaacgym/_bindings/linux-x86_64/gym_38.so)
Setting GYM_USD_PLUG_INFO_PATH to /home/abhinav/Downloads/IsaacGym_Preview_4_Package/isaacgym/python/isaacgym/_bindings/linux-x86_64/usd/plugInfo.json
PyTorch version 2.4.0+cu121
Device count 2
/home/abhinav/Downloads/IsaacGym_Preview_4_Package/isaacgym/python/isaacgym/_bindings/src/gymtorch
ninja: no work to do.
CCAI_PATH /home/abhinav/Documents/ccai
Not connected to PVD
Physics Engine: PhysX
Physics Device: cpu
GPU Pipeline: disabled
Using VHACD cache directory '/home/abhinav/.isaacgym/vhacd'
Found existing convex decomposition for mesh '/home/abhinav/Documents/github/isaacgym-arm-envs/isaac_victor_envs/assets/xela_models/mesh/allegro/base_ns.stl'
Found existing convex decomposition for mesh '/home/abhinav/Documents/github/isaacgym-arm-envs/isaac_victor_envs/assets/xela_models/mesh/allegro/link_1.0.stl'
Found existing convex decomposition for mesh '/home/abhinav/Documents/github/isaacgym-arm-envs/isaac_victor_envs/assets/xela_models/mesh/ft_c.stl'
[ models/temporal ] Channel dimensions: [(36, 256), (256, 512), (512, 1024), (1024, 2048)]
Loaded trajectory sampler
Current yaw: tensor([ 1.8865e-05,  1.2382e-02, -5.1842e-02], device='cuda:0')
Solve time for pregrasp 10.20258807799928
pregrasp complete: tensor([ 1.8865e-05,  1.2382e-02, -5.1842e-02], device='cuda:0')
Current yaw: tensor([ 0.0022,  0.0174, -0.0542], device='cuda:0')
1 turn
[ 3.000e-03  2.000e-03  3.000e-03 -1.600e-01 -1.500e-01  1.720e-01
  1.000e-03  0.000e+00 -1.000e-03  1.000e-03  2.000e-03 -3.000e-03
  1.700e-02  0.000e+00  0.000e+00  0.000e+00  2.080e-01  1.207e+00
  1.565e+00  1.072e+00  0.000e+00  6.880e-01  9.720e-01  6.390e-01
  0.000e+00  0.000e+00  0.000e+00  0.000e+00  8.220e-01  3.800e-01
  2.380e-01  4.800e-01  9.640e-01  1.406e+00  1.548e+00  1.306e+00]
[ 3.000e-03  2.000e-03  3.000e-03  4.391e+00 -4.050e-01  5.890e-01
  1.000e-03  0.000e+00 -1.000e-03  1.000e-03  2.000e-03 -3.000e-03
  0.000e+00  0.000e+00  0.000e+00  0.000e+00  0.000e+00  0.000e+00
  0.000e+00  0.000e+00  0.000e+00  2.150e-01  4.080e-01  1.670e-01
  0.000e+00  0.000e+00  0.000e+00  0.000e+00  0.000e+00  0.000e+00
  0.000e+00  0.000e+00  0.000e+00  0.000e+00  0.000e+00  0.000e+00]
[ 3.0000e-03  2.0000e-03  3.0000e-03 -5.3830e+00 -6.2000e-02 -2.1400e-01
  1.0000e-03 -0.0000e+00 -2.0000e-03  1.0000e-03  3.0000e-03 -2.0000e-03
  4.6610e+00  1.0340e+00  0.0000e+00  1.3410e+00  5.0960e+00  8.7230e+00
  1.0098e+01  8.4160e+00  0.0000e+00  0.0000e+00  0.0000e+00  0.0000e+00
  0.0000e+00  0.0000e+00  0.0000e+00  0.0000e+00  3.3190e+01  3.6318e+01
  3.8367e+01  3.8137e+01  3.5762e+01  3.2634e+01  3.0584e+01  3.0815e+01]
[ 3.0000e-03  2.0000e-03  3.0000e-03  1.4795e+01 -7.7200e-01  1.3770e+00
  1.0000e-03  0.0000e+00 -2.0000e-03  1.0000e-03  2.0000e-03 -3.0000e-03
  0.0000e+00  0.0000e+00  0.0000e+00  0.0000e+00  0.0000e+00  0.0000e+00
  0.0000e+00  0.0000e+00  1.2500e+00  2.3930e+00  2.7590e+00  2.1360e+00
  8.8600e-01  0.0000e+00  0.0000e+00  1.0000e-03  0.0000e+00  0.0000e+00
  0.0000e+00  0.0000e+00  0.0000e+00  0.0000e+00  0.0000e+00  0.0000e+00]
Elapsed time: 0.5525572810001904
Sampling time 0.6333047529997202
Solve time for step 1 0.07026314735412598
Current ori: tensor([ 0.0022,  0.0174, -0.0542], device='cuda:0')
Middle force: tensor([1.4394], device='cuda:0')
Thumb force: tensor([12.8405], device='cuda:0')
Index force: tensor([2.5369], device='cuda:0')
[ 3.000e-03  2.000e-03  3.000e-03  1.237e+00 -3.240e-01  3.500e-01
  1.900e-02  9.000e-03  6.000e-03  1.000e-03 -4.000e-03 -1.500e-02
  0.000e+00  0.000e+00  0.000e+00  0.000e+00  0.000e+00  0.000e+00
  0.000e+00  0.000e+00  0.000e+00  0.000e+00  0.000e+00  0.000e+00
  0.000e+00  0.000e+00  0.000e+00  0.000e+00  0.000e+00  0.000e+00
  0.000e+00  0.000e+00  0.000e+00  0.000e+00  0.000e+00  0.000e+00]
[ 3.000e-03  3.000e-03  3.000e-03  1.203e+00 -3.250e-01  3.290e-01
  2.000e-02  9.000e-03  6.000e-03  1.000e-03 -6.000e-03 -1.400e-02
  0.000e+00  0.000e+00  0.000e+00  0.000e+00  0.000e+00  0.000e+00
  0.000e+00  0.000e+00  0.000e+00  0.000e+00  0.000e+00  0.000e+00
  0.000e+00  0.000e+00  0.000e+00  0.000e+00  0.000e+00  0.000e+00
  0.000e+00  0.000e+00  0.000e+00  0.000e+00  0.000e+00  0.000e+00]
[ 3.000e-03  2.000e-03  3.000e-03  1.171e+00 -3.280e-01  3.100e-01
  2.100e-02  9.000e-03  6.000e-03  1.000e-03 -8.000e-03 -1.300e-02
  0.000e+00  0.000e+00  0.000e+00  0.000e+00  0.000e+00  0.000e+00
  0.000e+00  0.000e+00  0.000e+00  0.000e+00  0.000e+00  0.000e+00
  0.000e+00  0.000e+00  0.000e+00  0.000e+00  0.000e+00  0.000e+00
  0.000e+00  0.000e+00  0.000e+00  0.000e+00  0.000e+00  0.000e+00]
[ 3.000e-03  2.000e-03  3.000e-03  1.138e+00 -3.220e-01  2.980e-01
  2.100e-02  1.000e-02  6.000e-03  1.000e-03 -9.000e-03 -1.300e-02
  0.000e+00  0.000e+00  0.000e+00  0.000e+00  0.000e+00  0.000e+00
  0.000e+00  0.000e+00  0.000e+00  0.000e+00  0.000e+00  0.000e+00
  0.000e+00  0.000e+00  0.000e+00  0.000e+00  0.000e+00  0.000e+00
  0.000e+00  0.000e+00  0.000e+00  0.000e+00  0.000e+00  0.000e+00]
Elapsed time: 0.5186615290003829
Solve time for step 2 0.07049012184143066
Current ori: tensor([ 0.0028,  0.0220, -0.0645], device='cuda:0')
Middle force: tensor([1.7965], device='cuda:0')
Thumb force: tensor([12.7881], device='cuda:0')
Index force: tensor([2.6660], device='cuda:0')
[ 0.003  0.003  0.003  1.124 -0.305  0.308  0.015  0.005  0.005 -0.
 -0.003 -0.011  0.     0.     0.     0.     0.     0.     0.     0.
  0.     0.     0.     0.     0.     0.     0.     0.     0.     0.
  0.     0.     0.     0.     0.     0.   ]
[ 0.003  0.002  0.003  1.093 -0.302  0.294  0.016  0.005  0.006 -0.
 -0.004 -0.011  0.     0.     0.     0.     0.     0.     0.     0.
  0.     0.     0.     0.     0.     0.     0.     0.     0.     0.
  0.     0.     0.     0.     0.     0.   ]
[ 3.000e-03  3.000e-03  3.000e-03  1.058e+00 -3.170e-01  2.600e-01
  1.600e-02  7.000e-03  6.000e-03 -1.000e-03 -8.000e-03 -1.100e-02
  0.000e+00  0.000e+00  0.000e+00  0.000e+00  0.000e+00  0.000e+00
  0.000e+00  0.000e+00  0.000e+00  0.000e+00  0.000e+00  0.000e+00
  0.000e+00  0.000e+00  0.000e+00  0.000e+00  0.000e+00  0.000e+00
  0.000e+00  0.000e+00  0.000e+00  0.000e+00  0.000e+00  0.000e+00]
[ 2.000e-03  3.000e-03  3.000e-03  1.064e+00 -2.630e-01  3.090e-01
  1.500e-02  5.000e-03  5.000e-03  1.000e-03 -1.000e-03 -1.200e-02
  0.000e+00  0.000e+00  0.000e+00  0.000e+00  0.000e+00  0.000e+00
  0.000e+00  0.000e+00  0.000e+00  0.000e+00  0.000e+00  0.000e+00
  0.000e+00  0.000e+00  0.000e+00  0.000e+00  0.000e+00  0.000e+00
  0.000e+00  0.000e+00  0.000e+00  0.000e+00  0.000e+00  0.000e+00]
Elapsed time: 0.5987980110003264
Solve time for step 3 0.07330727577209473
Current ori: tensor([-0.0010,  0.0277, -0.1028], device='cuda:0')
Middle force: tensor([2.0456], device='cuda:0')
Thumb force: tensor([12.4778], device='cuda:0')
Index force: tensor([2.6817], device='cuda:0')
[ 3.000e-03  2.000e-03  3.000e-03  1.019e+00 -2.890e-01  2.680e-01
  1.600e-02  3.000e-03  8.000e-03 -2.000e-03  1.000e-03 -1.100e-02
  0.000e+00  0.000e+00  0.000e+00  0.000e+00  0.000e+00  0.000e+00
  0.000e+00  0.000e+00  0.000e+00  0.000e+00  0.000e+00  0.000e+00
  0.000e+00  0.000e+00  0.000e+00  0.000e+00  0.000e+00  0.000e+00
  0.000e+00  0.000e+00  0.000e+00  0.000e+00  0.000e+00  0.000e+00]
[ 0.003  0.002  0.003  0.99  -0.287  0.254  0.016  0.003  0.008 -0.002
 -0.001 -0.011  0.     0.     0.     0.     0.     0.     0.     0.
  0.     0.     0.     0.     0.     0.     0.     0.     0.     0.
  0.     0.     0.     0.     0.     0.   ]
[ 0.003  0.002  0.002  0.955 -0.297  0.227  0.016  0.004  0.008 -0.003
 -0.006 -0.012  0.     0.     0.     0.     0.029  0.     0.     0.
  0.     0.     0.     0.     0.     0.     0.     0.     0.     0.
  0.     0.     0.     0.     0.     0.   ]
[ 0.003  0.002  0.002  0.944 -0.279  0.236  0.017  0.004  0.008 -0.002
 -0.001 -0.012  0.     0.     0.     0.     0.     0.     0.     0.
  0.     0.     0.     0.     0.     0.     0.     0.     0.     0.
  0.     0.     0.     0.     0.     0.   ]
Elapsed time: 0.6121836339998481
Solve time for step 4 0.07199597358703613
Current ori: tensor([-0.0048,  0.0321, -0.1460], device='cuda:0')
Middle force: tensor([2.2066], device='cuda:0')
Thumb force: tensor([12.0145], device='cuda:0')
Index force: tensor([2.6200], device='cuda:0')
[ 0.003  0.002  0.003  0.922 -0.275  0.231  0.014  0.003  0.007 -0.002
  0.001 -0.006  0.     0.     0.     0.     0.     0.     0.     0.
  0.     0.     0.     0.     0.     0.     0.     0.     0.     0.
  0.     0.     0.     0.     0.     0.   ]
[ 0.003  0.002  0.003  0.895 -0.271  0.221  0.014  0.003  0.007 -0.002
  0.001 -0.006  0.     0.     0.     0.     0.06   0.     0.     0.
  0.     0.     0.     0.     0.     0.     0.     0.     0.     0.
  0.     0.     0.     0.     0.     0.   ]
[ 0.003  0.002  0.003  0.858 -0.281  0.193  0.014  0.004  0.007 -0.002
 -0.004 -0.007  0.     0.     0.     0.     0.     0.     0.     0.
  0.     0.     0.     0.     0.     0.     0.     0.     0.     0.
  0.     0.     0.     0.     0.     0.   ]
[ 0.003  0.002  0.002  0.851 -0.256  0.211  0.015  0.004  0.006 -0.001
  0.003 -0.007  0.     0.     0.     0.     0.219  0.     0.     0.
  0.     0.     0.     0.     0.     0.     0.     0.     0.     0.
  0.     0.     0.     0.     0.     0.   ]
Elapsed time: 0.5792509869997957
Solve time for step 5 0.07212543487548828
Current ori: tensor([-0.0099,  0.0349, -0.2055], device='cuda:0')
Middle force: tensor([2.3197], device='cuda:0')
Thumb force: tensor([11.6136], device='cuda:0')
Index force: tensor([2.6584], device='cuda:0')
[ 0.003  0.002  0.003  0.832 -0.261  0.199  0.015  0.005  0.008 -0.002
  0.    -0.006  0.     0.     0.     0.     0.     0.     0.     0.
  0.     0.     0.     0.     0.     0.     0.     0.     0.     0.
  0.     0.     0.     0.     0.     0.   ]
[ 0.003  0.002  0.003  0.808 -0.257  0.191  0.015  0.005  0.008 -0.003
 -0.001 -0.007  0.     0.     0.     0.     0.075  0.     0.     0.
  0.     0.     0.     0.     0.     0.     0.     0.     0.     0.
  0.     0.     0.     0.     0.     0.   ]
[ 0.003  0.002  0.003  0.775 -0.267  0.165  0.015  0.005  0.008 -0.003
 -0.005 -0.008  0.     0.     0.     0.     0.     0.     0.     0.
  0.     0.     0.     0.     0.     0.     0.     0.     0.     0.
  0.     0.     0.     0.     0.     0.   ]
[ 0.003  0.002  0.002  0.777 -0.243  0.185  0.016  0.005  0.008 -0.003
  0.001 -0.007  0.     0.     0.     0.     0.197  0.     0.     0.
  0.     0.     0.     0.     0.     0.     0.     0.     0.     0.
  0.     0.     0.     0.     0.     0.   ]
Elapsed time: 0.5846787480004423
Solve time for step 6 0.07303333282470703
Current ori: tensor([-0.0137,  0.0368, -0.2599], device='cuda:0')
Middle force: tensor([2.3582], device='cuda:0')
Thumb force: tensor([11.1461], device='cuda:0')
Index force: tensor([2.6780], device='cuda:0')
[ 0.003  0.003  0.003  0.758 -0.245  0.176  0.014  0.005  0.008 -0.003
  0.002 -0.005  0.     0.     0.     0.     0.013  0.     0.     0.
  0.     0.     0.     0.     0.     0.     0.     0.     0.     0.
  0.     0.     0.     0.     0.     0.   ]
[ 0.003  0.003  0.002  0.735 -0.242  0.166  0.014  0.005  0.008 -0.003
  0.001 -0.005  0.     0.     0.     0.     0.014  0.     0.     0.
  0.     0.     0.     0.     0.     0.     0.     0.     0.     0.
  0.     0.     0.     0.     0.     0.   ]
[ 0.003  0.002  0.002  0.701 -0.255  0.14   0.014  0.006  0.008 -0.004
 -0.004 -0.007  0.     0.     0.     0.     0.058  0.     0.     0.
  0.     0.     0.     0.     0.     0.     0.     0.     0.     0.
  0.     0.     0.     0.     0.     0.   ]
[ 0.003  0.002  0.002  0.707 -0.23   0.159  0.014  0.004  0.007 -0.003
  0.004 -0.005  0.     0.     0.     0.     0.     0.     0.     0.
  0.     0.     0.     0.     0.     0.     0.     0.     0.     0.
  0.     0.     0.     0.     0.     0.   ]
Elapsed time: 0.5737126599997282
Solve time for step 7 0.07166934013366699
Current ori: tensor([-0.0156,  0.0381, -0.2983], device='cuda:0')
Middle force: tensor([2.4210], device='cuda:0')
Thumb force: tensor([10.6949], device='cuda:0')
Index force: tensor([2.6562], device='cuda:0')
[ 0.003  0.003  0.002  0.689 -0.23   0.153  0.01   0.003  0.007 -0.002
  0.001 -0.003  0.     0.     0.     0.     0.     0.     0.     0.
  0.     0.     0.     0.     0.     0.     0.     0.     0.     0.
  0.     0.     0.     0.     0.     0.   ]
[ 0.003  0.003  0.002  0.669 -0.226  0.146  0.011  0.003  0.007 -0.002
  0.    -0.004  0.     0.     0.     0.     0.058  0.     0.     0.
  0.     0.     0.     0.     0.     0.     0.     0.     0.     0.
  0.     0.     0.     0.     0.     0.   ]
[ 0.003  0.003  0.002  0.641 -0.237  0.124  0.011  0.004  0.007 -0.003
 -0.002 -0.005  0.     0.     0.     0.     0.     0.     0.     0.
  0.     0.     0.     0.     0.     0.     0.     0.     0.     0.
  0.     0.     0.     0.     0.     0.   ]
[ 0.003  0.002  0.002  0.65  -0.203  0.153  0.011  0.003  0.005 -0.002
  0.003 -0.003  0.     0.     0.     0.     0.123  0.     0.     0.
  0.     0.     0.     0.     0.     0.     0.     0.     0.     0.
  0.     0.     0.     0.     0.     0.   ]
Elapsed time: 0.5501516710000942
Solve time for step 8 0.07244563102722168
Current ori: tensor([-0.0162,  0.0396, -0.3295], device='cuda:0')
Middle force: tensor([2.4678], device='cuda:0')
Thumb force: tensor([10.2877], device='cuda:0')
Index force: tensor([2.6726], device='cuda:0')
[ 0.003  0.003  0.002  0.626 -0.215  0.135  0.009  0.003  0.005 -0.001
  0.001 -0.003  0.     0.     0.     0.     0.     0.     0.     0.
  0.     0.     0.     0.     0.     0.     0.     0.     0.     0.
  0.     0.     0.     0.     0.     0.   ]
[ 0.003  0.003  0.002  0.608 -0.213  0.129  0.009  0.003  0.005 -0.002
  0.001 -0.003  0.     0.     0.     0.     0.061  0.     0.     0.
  0.     0.     0.     0.     0.     0.     0.     0.     0.     0.
  0.     0.     0.     0.     0.     0.   ]
[ 0.003  0.003  0.002  0.587 -0.22   0.112  0.01   0.004  0.006 -0.002
 -0.002 -0.004  0.     0.     0.     0.     0.     0.     0.     0.
  0.     0.     0.     0.     0.     0.     0.     0.     0.     0.
  0.     0.     0.     0.     0.     0.   ]
[ 0.002  0.003  0.002  0.59  -0.184  0.14   0.009  0.003  0.003 -0.
  0.004 -0.002  0.     0.     0.     0.     0.168  0.     0.     0.
  0.     0.     0.     0.     0.     0.     0.     0.     0.     0.
  0.     0.     0.     0.     0.     0.   ]
Elapsed time: 0.5541953380006817
Solve time for step 9 0.07209277153015137
Current ori: tensor([-0.0162,  0.0410, -0.3550], device='cuda:0')
Middle force: tensor([2.5285], device='cuda:0')
Thumb force: tensor([9.9664], device='cuda:0')
Index force: tensor([2.7108], device='cuda:0')
[ 0.003  0.003  0.002  0.57  -0.202  0.119  0.008  0.004  0.004 -0.001
  0.006 -0.003  0.     0.     0.     0.     0.     0.     0.     0.
  0.     0.     0.     0.     0.     0.     0.     0.     0.     0.
  0.     0.     0.     0.     0.     0.   ]
[ 0.003  0.003  0.002  0.553 -0.199  0.113  0.008  0.004  0.004 -0.001
  0.005 -0.003  0.     0.     0.     0.     0.076  0.     0.     0.
  0.     0.     0.     0.     0.     0.     0.     0.     0.     0.
  0.     0.     0.     0.     0.     0.   ]
[ 0.003  0.003  0.002  0.536 -0.199  0.105  0.009  0.004  0.004 -0.001
  0.004 -0.004  0.     0.     0.     0.     0.     0.     0.     0.
  0.     0.     0.     0.     0.     0.     0.     0.     0.     0.
  0.     0.     0.     0.     0.     0.   ]
[ 0.003  0.002  0.002  0.525 -0.193  0.104  0.009  0.005  0.003 -0.001
  0.006 -0.003  0.     0.     0.     0.     0.25   0.     0.     0.
  0.     0.     0.     0.     0.     0.     0.     0.     0.     0.
  0.     0.     0.     0.     0.     0.   ]
Elapsed time: 0.4830982909998056
Solve time for step 10 0.0714712142944336
Current ori: tensor([-0.0168,  0.0425, -0.3833], device='cuda:0')
Middle force: tensor([2.5115], device='cuda:0')
Thumb force: tensor([9.6654], device='cuda:0')
Index force: tensor([2.7958], device='cuda:0')
[ 0.003  0.003  0.002  0.521 -0.189  0.106  0.008  0.004  0.004 -0.002
  0.002 -0.004  0.     0.     0.     0.     0.028  0.     0.     0.
  0.     0.     0.     0.     0.     0.     0.     0.     0.     0.
  0.     0.     0.     0.     0.     0.   ]
[ 0.003  0.003  0.002  0.505 -0.187  0.1    0.008  0.004  0.005 -0.002
  0.001 -0.004  0.     0.     0.     0.     0.026  0.     0.     0.
  0.     0.     0.     0.     0.     0.     0.     0.     0.     0.
  0.     0.     0.     0.     0.     0.   ]
[ 0.003  0.003  0.002  0.49  -0.187  0.093  0.009  0.004  0.005 -0.002
  0.    -0.005  0.     0.     0.     0.     0.019  0.     0.     0.
  0.     0.     0.     0.     0.     0.     0.     0.     0.     0.
  0.     0.     0.     0.     0.     0.   ]
[ 0.002  0.003  0.002  0.487 -0.166  0.104  0.008  0.004  0.004 -0.001
  0.003 -0.004  0.     0.     0.     0.     0.049  0.     0.     0.
  0.     0.     0.     0.     0.     0.     0.     0.     0.     0.
  0.     0.     0.     0.     0.     0.   ]
Elapsed time: 0.48921659699954034
Solve time for step 11 0.07101917266845703
Current ori: tensor([-0.0173,  0.0438, -0.4060], device='cuda:0')
Middle force: tensor([2.5391], device='cuda:0')
Thumb force: tensor([9.3742], device='cuda:0')
Index force: tensor([2.8318], device='cuda:0')
[ 0.003  0.003  0.002  0.478 -0.175  0.095  0.008  0.002  0.004 -0.001
 -0.004 -0.007  0.     0.     0.     0.     0.015  0.     0.     0.
  0.     0.     0.     0.     0.     0.     0.     0.     0.     0.
  0.     0.     0.     0.     0.     0.   ]
[ 0.003  0.003  0.002  0.465 -0.172  0.092  0.008  0.003  0.005 -0.002
 -0.004 -0.007  0.     0.     0.     0.     0.014  0.     0.     0.
  0.     0.     0.     0.     0.     0.     0.     0.     0.     0.
  0.     0.     0.     0.     0.     0.   ]
[ 0.003  0.003  0.002  0.455 -0.166  0.091  0.009  0.002  0.005 -0.002
 -0.005 -0.007  0.     0.     0.     0.     0.024  0.     0.     0.
  0.     0.     0.     0.     0.     0.     0.     0.     0.     0.
  0.     0.     0.     0.     0.     0.   ]
[ 0.002  0.003  0.002  0.445 -0.167  0.084  0.009  0.003  0.005 -0.002
 -0.005 -0.007  0.     0.     0.     0.     0.     0.     0.     0.
  0.     0.     0.     0.     0.     0.     0.     0.     0.     0.
  0.     0.     0.     0.     0.     0.   ]
Elapsed time: 0.6370195489998878
Solve time for step 12 0.07272076606750488
Current ori: tensor([-0.0170,  0.0462, -0.4266], device='cuda:0')
Middle force: tensor([2.6212], device='cuda:0')
Thumb force: tensor([9.1700], device='cuda:0')
Index force: tensor([2.8721], device='cuda:0')
{}
[ models/temporal ] Channel dimensions: [(36, 256), (256, 512), (512, 1024), (1024, 2048)]
Loaded trajectory sampler
Current yaw: tensor([ 1.8865e-05,  1.2382e-02, -5.1842e-02], device='cuda:0')
Solve time for pregrasp 9.578180320999309
pregrasp complete: tensor([ 1.8865e-05,  1.2382e-02, -5.1842e-02], device='cuda:0')
Current yaw: tensor([ 0.0016,  0.0152, -0.0543], device='cuda:0')
1 turn
[ 0.003  0.003  0.003 -0.177  0.175 -0.083  0.    -0.    -0.    -0.
  0.002  0.     0.     0.     0.     0.452  0.838  0.644  0.     0.
  0.505  1.574  1.719  0.857  0.     0.     0.     0.     0.     0.
  0.     0.907  1.758  1.336  0.     0.   ]
[ 0.003  0.002  0.003 -0.063  0.147 -0.063  0.    -0.     0.    -0.
  0.002  0.     0.     0.     0.     0.041  0.435  0.365  0.     0.
  0.323  1.347  1.507  0.71   0.     0.     0.     0.     0.     0.
  0.     0.003  0.694  0.409  0.     0.   ]
[ 0.002  0.002  0.003  0.099  0.17  -0.083  0.    -0.     0.    -0.
  0.002  0.     0.     0.     0.     0.413  0.745  0.556  0.     0.
  0.373  1.437  1.644  0.873  0.     0.     0.     0.     0.     0.
  0.     0.     0.     0.     0.     0.   ]
[ 2.000e-03  2.000e-03  3.000e-03  1.000e-03  2.800e-02  2.400e-02
  0.000e+00 -0.000e+00  0.000e+00 -0.000e+00  2.000e-03  0.000e+00
  0.000e+00  0.000e+00  0.000e+00  0.000e+00  0.000e+00  0.000e+00
  0.000e+00  0.000e+00  0.000e+00  0.000e+00  0.000e+00  0.000e+00
  0.000e+00  0.000e+00  0.000e+00  0.000e+00  0.000e+00  0.000e+00
  0.000e+00  1.713e+00  2.693e+00  2.171e+00  4.540e-01  0.000e+00]
Elapsed time: 0.6143774199999825
Sampling time 0.671534872999473
Solve time for step 1 0.07383847236633301
Current ori: tensor([ 0.0016,  0.0152, -0.0543], device='cuda:0')
Middle force: tensor([1.5643], device='cuda:0')
Thumb force: tensor([12.8910], device='cuda:0')
Index force: tensor([1.3352], device='cuda:0')
[ 3.000e-03  3.000e-03  3.000e-03  1.654e+00  3.400e-01 -3.240e-01
  4.000e-03  4.000e-03  1.000e-03  0.000e+00  1.000e-03  2.000e-03
  0.000e+00  0.000e+00  0.000e+00  0.000e+00  0.000e+00  0.000e+00
  0.000e+00  0.000e+00  0.000e+00  7.500e-01  9.670e-01  3.360e-01
  0.000e+00  0.000e+00  0.000e+00  0.000e+00  0.000e+00  0.000e+00
  0.000e+00  0.000e+00  0.000e+00  0.000e+00  0.000e+00  0.000e+00]
[ 2.000e-03  2.000e-03  3.000e-03  1.424e+00  2.250e-01 -2.500e-01
  4.000e-03  4.000e-03  1.000e-03  0.000e+00  1.000e-03  2.000e-03
  0.000e+00  0.000e+00  0.000e+00  0.000e+00  0.000e+00  0.000e+00
  0.000e+00  0.000e+00  0.000e+00  0.000e+00  0.000e+00  0.000e+00
  0.000e+00  0.000e+00  0.000e+00  0.000e+00  0.000e+00  0.000e+00
  0.000e+00  0.000e+00  0.000e+00  0.000e+00  0.000e+00  0.000e+00]
[ 2.000e-03  2.000e-03  3.000e-03  1.756e+00  4.540e-01 -3.680e-01
  4.000e-03  4.000e-03  1.000e-03  0.000e+00  1.000e-03  2.000e-03
  0.000e+00  0.000e+00  0.000e+00  0.000e+00  0.000e+00  0.000e+00
  0.000e+00  0.000e+00  6.150e-01  2.230e+00  2.775e+00  1.932e+00
  1.930e-01  0.000e+00  0.000e+00  0.000e+00  0.000e+00  0.000e+00
  0.000e+00  0.000e+00  0.000e+00  0.000e+00  0.000e+00  0.000e+00]
[ 0.002  0.002  0.003  0.808 -0.05  -0.084  0.004  0.004  0.001  0.
  0.001  0.002  0.     0.     0.     0.     0.     0.     0.     0.
  0.     0.     0.     0.     0.     0.     0.     0.     0.     0.
  0.     0.     0.     0.     0.     0.   ]
Elapsed time: 0.5458774489998177
Solve time for step 2 0.07594799995422363
Current ori: tensor([ 0.0016,  0.0179, -0.0814], device='cuda:0')
Middle force: tensor([1.7144], device='cuda:0')
Thumb force: tensor([12.7107], device='cuda:0')
Index force: tensor([1.3940], device='cuda:0')
[ 3.000e-03  2.000e-03  3.000e-03  1.403e+00  2.640e-01 -2.710e-01
  6.000e-03  2.000e-03  2.000e-03  0.000e+00 -0.000e+00  1.000e-03
  0.000e+00  0.000e+00  0.000e+00  0.000e+00  0.000e+00  0.000e+00
  0.000e+00  0.000e+00  0.000e+00  0.000e+00  0.000e+00  0.000e+00
  0.000e+00  0.000e+00  0.000e+00  0.000e+00  0.000e+00  0.000e+00
  0.000e+00  0.000e+00  0.000e+00  0.000e+00  0.000e+00  0.000e+00]
[ 3.000e-03  3.000e-03  3.000e-03  1.363e+00  2.570e-01 -2.630e-01
  6.000e-03  3.000e-03  2.000e-03  0.000e+00 -0.000e+00  1.000e-03
  0.000e+00  0.000e+00  0.000e+00  0.000e+00  0.000e+00  0.000e+00
  0.000e+00  0.000e+00  0.000e+00  0.000e+00  0.000e+00  0.000e+00
  0.000e+00  0.000e+00  0.000e+00  0.000e+00  0.000e+00  0.000e+00
  0.000e+00  0.000e+00  0.000e+00  0.000e+00  0.000e+00  0.000e+00]
[ 3.000e-03  2.000e-03  3.000e-03  1.329e+00  2.720e-01 -2.500e-01
  6.000e-03  3.000e-03  2.000e-03  0.000e+00  1.000e-03  1.000e-03
  0.000e+00  0.000e+00  0.000e+00  0.000e+00  0.000e+00  0.000e+00
  0.000e+00  0.000e+00  0.000e+00  0.000e+00  0.000e+00  0.000e+00
  0.000e+00  0.000e+00  0.000e+00  0.000e+00  0.000e+00  0.000e+00
  0.000e+00  0.000e+00  0.000e+00  0.000e+00  0.000e+00  0.000e+00]
[ 3.000e-03  2.000e-03  3.000e-03  1.283e+00  2.250e-01 -2.530e-01
  6.000e-03  3.000e-03  2.000e-03 -0.000e+00 -1.000e-03  1.000e-03
  0.000e+00  0.000e+00  0.000e+00  0.000e+00  0.000e+00  0.000e+00
  0.000e+00  0.000e+00  0.000e+00  0.000e+00  0.000e+00  0.000e+00
  0.000e+00  0.000e+00  0.000e+00  0.000e+00  0.000e+00  0.000e+00
  0.000e+00  0.000e+00  0.000e+00  0.000e+00  0.000e+00  0.000e+00]
Elapsed time: 0.6243295439999201
Solve time for step 3 0.0738060474395752
Current ori: tensor([ 0.0019,  0.0202, -0.1030], device='cuda:0')
Middle force: tensor([1.8106], device='cuda:0')
Thumb force: tensor([12.4658], device='cuda:0')
Index force: tensor([1.4628], device='cuda:0')
[ 3.000e-03  2.000e-03  3.000e-03  1.288e+00  2.390e-01 -2.500e-01
  3.000e-03  0.000e+00  2.000e-03  0.000e+00 -1.000e-03 -1.000e-03
  0.000e+00  0.000e+00  0.000e+00  0.000e+00  0.000e+00  0.000e+00
  0.000e+00  0.000e+00  0.000e+00  0.000e+00  0.000e+00  0.000e+00
  0.000e+00  0.000e+00  0.000e+00  0.000e+00  0.000e+00  0.000e+00
  0.000e+00  0.000e+00  0.000e+00  0.000e+00  0.000e+00  0.000e+00]
[ 3.000e-03  2.000e-03  3.000e-03  1.251e+00  2.320e-01 -2.430e-01
  4.000e-03  0.000e+00  2.000e-03  0.000e+00 -1.000e-03 -1.000e-03
  0.000e+00  0.000e+00  0.000e+00  0.000e+00  0.000e+00  0.000e+00
  0.000e+00  0.000e+00  0.000e+00  0.000e+00  0.000e+00  0.000e+00
  0.000e+00  0.000e+00  0.000e+00  0.000e+00  0.000e+00  0.000e+00
  0.000e+00  0.000e+00  0.000e+00  0.000e+00  0.000e+00  0.000e+00]
[ 3.000e-03  3.000e-03  3.000e-03  1.222e+00  2.560e-01 -2.290e-01
  4.000e-03  0.000e+00  2.000e-03  0.000e+00  0.000e+00 -1.000e-03
  0.000e+00  0.000e+00  0.000e+00  0.000e+00  0.000e+00  0.000e+00
  0.000e+00  0.000e+00  0.000e+00  0.000e+00  0.000e+00  0.000e+00
  0.000e+00  0.000e+00  0.000e+00  0.000e+00  0.000e+00  0.000e+00
  0.000e+00  0.000e+00  0.000e+00  0.000e+00  0.000e+00  0.000e+00]
[ 3.000e-03  2.000e-03  3.000e-03  1.174e+00  1.960e-01 -2.340e-01
  3.000e-03  1.000e-03  3.000e-03 -0.000e+00 -4.000e-03 -1.000e-03
  0.000e+00  0.000e+00  0.000e+00  0.000e+00  0.000e+00  0.000e+00
  0.000e+00  0.000e+00  0.000e+00  0.000e+00  0.000e+00  0.000e+00
  0.000e+00  0.000e+00  0.000e+00  0.000e+00  0.000e+00  0.000e+00
  0.000e+00  0.000e+00  0.000e+00  0.000e+00  0.000e+00  0.000e+00]
Elapsed time: 0.5700371229995653
Solve time for step 4 0.07575392723083496
Current ori: tensor([ 0.0022,  0.0223, -0.1242], device='cuda:0')
Middle force: tensor([1.8547], device='cuda:0')
Thumb force: tensor([12.0448], device='cuda:0')
Index force: tensor([1.5216], device='cuda:0')
[ 3.00e-03  2.00e-03  3.00e-03  1.18e+00  2.17e-01 -2.31e-01  3.00e-03
 -1.00e-03  1.00e-03  0.00e+00 -0.00e+00  1.00e-03  0.00e+00  0.00e+00
  0.00e+00  0.00e+00  0.00e+00  0.00e+00  0.00e+00  0.00e+00  0.00e+00
  0.00e+00  0.00e+00  0.00e+00  0.00e+00  0.00e+00  0.00e+00  0.00e+00
  0.00e+00  0.00e+00  0.00e+00  0.00e+00  0.00e+00  0.00e+00  0.00e+00
  0.00e+00]
[ 3.000e-03  2.000e-03  3.000e-03  1.145e+00  2.120e-01 -2.230e-01
  3.000e-03 -1.000e-03  1.000e-03  0.000e+00 -0.000e+00  1.000e-03
  0.000e+00  0.000e+00  0.000e+00  0.000e+00  0.000e+00  0.000e+00
  0.000e+00  0.000e+00  0.000e+00  0.000e+00  0.000e+00  0.000e+00
  0.000e+00  0.000e+00  0.000e+00  0.000e+00  0.000e+00  0.000e+00
  0.000e+00  0.000e+00  0.000e+00  0.000e+00  0.000e+00  0.000e+00]
[ 3.000e-03  2.000e-03  3.000e-03  1.117e+00  2.340e-01 -2.100e-01
  3.000e-03 -1.000e-03  2.000e-03  0.000e+00  1.000e-03  1.000e-03
  0.000e+00  0.000e+00  0.000e+00  0.000e+00  0.000e+00  0.000e+00
  0.000e+00  0.000e+00  0.000e+00  0.000e+00  0.000e+00  0.000e+00
  0.000e+00  0.000e+00  0.000e+00  0.000e+00  0.000e+00  0.000e+00
  0.000e+00  0.000e+00  0.000e+00  0.000e+00  0.000e+00  0.000e+00]
[ 2.000e-03  3.000e-03  3.000e-03  1.075e+00  1.650e-01 -2.200e-01
  2.000e-03 -1.000e-03  2.000e-03 -0.000e+00 -2.000e-03  1.000e-03
  0.000e+00  0.000e+00  0.000e+00  0.000e+00  0.000e+00  0.000e+00
  0.000e+00  0.000e+00  0.000e+00  0.000e+00  0.000e+00  0.000e+00
  0.000e+00  0.000e+00  0.000e+00  0.000e+00  0.000e+00  0.000e+00
  0.000e+00  0.000e+00  0.000e+00  0.000e+00  0.000e+00  0.000e+00]
Elapsed time: 0.5580172320005659
Solve time for step 5 0.07227897644042969
Current ori: tensor([ 0.0025,  0.0243, -0.1474], device='cuda:0')
Middle force: tensor([1.8901], device='cuda:0')
Thumb force: tensor([11.6454], device='cuda:0')
Index force: tensor([1.5925], device='cuda:0')
[ 3.00e-03  2.00e-03  3.00e-03  1.08e+00  1.95e-01 -2.13e-01  3.00e-03
 -0.00e+00  1.00e-03 -0.00e+00 -2.00e-03 -1.00e-03  0.00e+00  0.00e+00
  0.00e+00  0.00e+00  0.00e+00  0.00e+00  0.00e+00  0.00e+00  0.00e+00
  0.00e+00  0.00e+00  0.00e+00  0.00e+00  0.00e+00  0.00e+00  0.00e+00
  0.00e+00  0.00e+00  0.00e+00  0.00e+00  0.00e+00  0.00e+00  0.00e+00
  0.00e+00]
[ 3.000e-03  2.000e-03  3.000e-03  1.049e+00  1.920e-01 -2.060e-01
  3.000e-03 -0.000e+00  1.000e-03 -0.000e+00 -2.000e-03 -1.000e-03
  0.000e+00  0.000e+00  0.000e+00  0.000e+00  0.000e+00  0.000e+00
  0.000e+00  0.000e+00  0.000e+00  0.000e+00  0.000e+00  0.000e+00
  0.000e+00  0.000e+00  0.000e+00  0.000e+00  0.000e+00  0.000e+00
  0.000e+00  0.000e+00  0.000e+00  0.000e+00  0.000e+00  0.000e+00]
[ 3.000e-03  2.000e-03  3.000e-03  1.024e+00  2.130e-01 -1.940e-01
  4.000e-03 -1.000e-03  2.000e-03  0.000e+00 -1.000e-03 -0.000e+00
  0.000e+00  0.000e+00  0.000e+00  0.000e+00  0.000e+00  0.000e+00
  0.000e+00  0.000e+00  0.000e+00  0.000e+00  0.000e+00  0.000e+00
  0.000e+00  0.000e+00  0.000e+00  0.000e+00  0.000e+00  0.000e+00
  0.000e+00  0.000e+00  0.000e+00  0.000e+00  0.000e+00  0.000e+00]
[ 0.003  0.002  0.002  0.987  0.173 -0.197  0.003  0.     0.002 -0.
 -0.005 -0.001  0.     0.     0.     0.     0.     0.     0.     0.
  0.     0.     0.     0.     0.     0.     0.     0.     0.     0.
  0.     0.     0.     0.     0.     0.   ]
Elapsed time: 0.5643055550008285
Solve time for step 6 0.07370567321777344
Current ori: tensor([ 0.0028,  0.0259, -0.1735], device='cuda:0')
Middle force: tensor([1.8707], device='cuda:0')
Thumb force: tensor([11.2470], device='cuda:0')
Index force: tensor([1.6632], device='cuda:0')
[ 0.003  0.002  0.003  0.988  0.178 -0.196  0.003  0.001  0.002 -0.
 -0.001  0.001  0.     0.     0.     0.     0.     0.     0.     0.
  0.     0.     0.     0.     0.     0.     0.     0.     0.     0.
  0.     0.     0.     0.     0.     0.   ]
[ 0.003  0.002  0.003  0.961  0.173 -0.19   0.003  0.001  0.002 -0.
 -0.001  0.001  0.     0.     0.     0.     0.064  0.     0.     0.
  0.     0.     0.     0.     0.     0.     0.     0.     0.     0.
  0.     0.     0.     0.     0.     0.   ]
[ 0.003  0.002  0.002  0.935  0.192 -0.179  0.003  0.002  0.003  0.
 -0.     0.002  0.     0.     0.     0.     0.     0.     0.     0.
  0.     0.     0.     0.     0.     0.     0.     0.     0.     0.
  0.     0.     0.     0.     0.     0.   ]
[ 0.002  0.002  0.003  0.908  0.134 -0.188  0.003  0.001  0.004 -0.001
 -0.003  0.001  0.     0.     0.     0.     0.216  0.072  0.     0.
  0.     0.     0.     0.     0.     0.     0.     0.     0.     0.
  0.     0.     0.     0.     0.     0.   ]
Elapsed time: 0.5487197719994583
Solve time for step 7 0.07392024993896484
Current ori: tensor([ 0.0032,  0.0276, -0.1963], device='cuda:0')
Middle force: tensor([1.9516], device='cuda:0')
Thumb force: tensor([10.8399], device='cuda:0')
Index force: tensor([1.7127], device='cuda:0')
[ 0.003  0.002  0.003  0.907  0.164 -0.182  0.002  0.001  0.002 -0.
 -0.002  0.001  0.     0.     0.     0.     0.     0.     0.     0.
  0.     0.     0.     0.     0.     0.     0.     0.     0.     0.
  0.     0.     0.     0.     0.     0.   ]
[ 0.003  0.002  0.002  0.881  0.16  -0.177  0.002  0.001  0.002 -0.
 -0.002  0.001  0.     0.     0.     0.     0.031  0.     0.     0.
  0.     0.     0.     0.     0.     0.     0.     0.     0.     0.
  0.     0.     0.     0.     0.     0.   ]
[ 0.002  0.002  0.002  0.861  0.173 -0.168  0.002  0.001  0.002  0.
 -0.001  0.002  0.     0.     0.     0.     0.     0.     0.     0.
  0.     0.     0.     0.     0.     0.     0.     0.     0.     0.
  0.     0.     0.     0.     0.     0.   ]
[ 0.003  0.002  0.003  0.829  0.124 -0.174  0.002  0.001  0.004 -0.001
 -0.003  0.002  0.     0.     0.     0.     0.181  0.042  0.     0.
  0.     0.     0.     0.     0.     0.     0.     0.     0.     0.
  0.     0.     0.     0.     0.     0.   ]
Elapsed time: 0.5448726019994865
Solve time for step 8 0.07315754890441895
Current ori: tensor([ 0.0036,  0.0307, -0.2113], device='cuda:0')
Middle force: tensor([2.0277], device='cuda:0')
Thumb force: tensor([10.4747], device='cuda:0')
Index force: tensor([1.7756], device='cuda:0')
[ 0.003  0.002  0.002  0.827  0.149 -0.168  0.001  0.001  0.002  0.
  0.001  0.002  0.     0.     0.     0.     0.     0.     0.     0.
  0.     0.     0.     0.     0.     0.     0.     0.     0.     0.
  0.     0.     0.     0.     0.     0.   ]
[ 0.003  0.002  0.002  0.804  0.144 -0.163  0.001  0.001  0.002  0.
  0.001  0.003  0.     0.     0.     0.     0.052  0.     0.     0.
  0.     0.     0.     0.     0.     0.     0.     0.     0.     0.
  0.     0.     0.     0.     0.     0.   ]
[ 0.003  0.002  0.002  0.789  0.166 -0.154  0.002  0.002  0.002  0.
  0.002  0.004  0.     0.     0.     0.     0.     0.     0.     0.
  0.     0.     0.     0.     0.     0.     0.     0.     0.     0.
  0.     0.     0.     0.     0.     0.   ]
[ 0.003  0.002  0.002  0.756  0.116 -0.159  0.002  0.001  0.002 -0.
 -0.001  0.003  0.     0.     0.     0.     0.218  0.075  0.     0.
  0.     0.     0.     0.     0.     0.     0.     0.     0.     0.
  0.     0.     0.     0.     0.     0.   ]
Elapsed time: 0.5454905850001524
Solve time for step 9 0.07948589324951172
Current ori: tensor([ 0.0043,  0.0335, -0.2246], device='cuda:0')
Middle force: tensor([2.0803], device='cuda:0')
Thumb force: tensor([10.1646], device='cuda:0')
Index force: tensor([1.8435], device='cuda:0')
[ 0.003  0.002  0.002  0.757  0.134 -0.155  0.001  0.002  0.001 -0.
  0.002  0.001  0.     0.     0.     0.     0.     0.     0.     0.
  0.     0.     0.     0.     0.     0.     0.     0.     0.     0.
  0.     0.     0.     0.     0.     0.   ]
[ 0.003  0.002  0.002  0.735  0.132 -0.15   0.001  0.002  0.001 -0.
  0.002  0.001  0.     0.     0.     0.     0.061  0.     0.     0.
  0.     0.     0.     0.     0.     0.     0.     0.     0.     0.
  0.     0.     0.     0.     0.     0.   ]
[ 0.002  0.003  0.002  0.723  0.157 -0.142  0.002  0.001  0.001  0.
  0.003  0.003  0.     0.     0.     0.     0.     0.     0.     0.
  0.     0.     0.     0.     0.     0.     0.     0.     0.     0.
  0.     0.     0.     0.     0.     0.   ]
[ 0.003  0.002  0.002  0.689  0.11  -0.145  0.001  0.003  0.001 -0.
 -0.001  0.002  0.     0.     0.     0.     0.196  0.027  0.     0.
  0.     0.     0.     0.     0.     0.     0.     0.     0.     0.
  0.     0.     0.     0.     0.     0.   ]
Elapsed time: 0.5964565459998994
Solve time for step 10 0.07547593116760254
Current ori: tensor([ 0.0051,  0.0362, -0.2364], device='cuda:0')
Middle force: tensor([2.0648], device='cuda:0')
Thumb force: tensor([9.8243], device='cuda:0')
Index force: tensor([1.9164], device='cuda:0')
[ 0.003  0.002  0.002  0.694  0.123 -0.143  0.003  0.001  0.001 -0.
  0.001  0.002  0.     0.     0.     0.     0.008  0.     0.     0.
  0.     0.     0.     0.     0.     0.     0.     0.     0.     0.
  0.     0.     0.     0.     0.     0.   ]
[ 0.003  0.002  0.002  0.674  0.118 -0.139  0.003  0.001  0.001 -0.
  0.001  0.002  0.     0.     0.     0.     0.007  0.     0.     0.
  0.     0.     0.     0.     0.     0.     0.     0.     0.     0.
  0.     0.     0.     0.     0.     0.   ]
[ 0.003  0.002  0.002  0.655  0.121 -0.134  0.003  0.001  0.001 -0.
  0.001  0.002  0.     0.     0.     0.     0.008  0.     0.     0.
  0.     0.     0.     0.     0.     0.     0.     0.     0.     0.
  0.     0.     0.     0.     0.     0.   ]
[ 0.003  0.002  0.002  0.633  0.111 -0.132  0.002  0.002  0.001 -0.
  0.002  0.002  0.     0.     0.     0.     0.004  0.     0.     0.
  0.     0.     0.     0.     0.     0.     0.     0.     0.     0.
  0.     0.     0.     0.     0.     0.   ]
Elapsed time: 0.6298315409994757
Solve time for step 11 0.07330536842346191
Current ori: tensor([ 0.0055,  0.0387, -0.2504], device='cuda:0')
Middle force: tensor([2.1037], device='cuda:0')
Thumb force: tensor([9.5466], device='cuda:0')
Index force: tensor([1.9533], device='cuda:0')
[ 0.003  0.002  0.003  0.635  0.11  -0.132  0.002  0.001  0.002  0.
 -0.003 -0.     0.     0.     0.     0.     0.001  0.     0.     0.
  0.     0.     0.     0.     0.     0.     0.     0.     0.     0.
  0.     0.     0.     0.     0.     0.   ]
[ 0.003  0.002  0.002  0.617  0.107 -0.128  0.002  0.001  0.002  0.
 -0.003 -0.     0.     0.     0.     0.     0.     0.     0.     0.
  0.     0.     0.     0.     0.     0.     0.     0.     0.     0.
  0.     0.     0.     0.     0.     0.   ]
[ 0.003  0.002  0.002  0.601  0.106 -0.124  0.003  0.001  0.002 -0.
 -0.004 -0.     0.     0.     0.     0.     0.     0.     0.     0.
  0.     0.     0.     0.     0.     0.     0.     0.     0.     0.
  0.     0.     0.     0.     0.     0.   ]
[ 0.003  0.002  0.002  0.581  0.097 -0.122  0.003  0.001  0.002 -0.
 -0.003 -0.     0.     0.     0.     0.     0.031  0.     0.     0.
  0.     0.     0.     0.     0.     0.     0.     0.     0.     0.
  0.     0.     0.     0.     0.     0.   ]
Elapsed time: 0.5986330200003067
Solve time for step 12 0.07724452018737793
Current ori: tensor([ 0.0062,  0.0411, -0.2664], device='cuda:0')
Middle force: tensor([2.1849], device='cuda:0')
Thumb force: tensor([9.3374], device='cuda:0')
Index force: tensor([1.9949], device='cuda:0')
{}
[ models/temporal ] Channel dimensions: [(36, 256), (256, 512), (512, 1024), (1024, 2048)]
Loaded trajectory sampler
Current yaw: tensor([ 1.8865e-05,  1.2382e-02, -5.1842e-02], device='cuda:0')
Solve time for pregrasp 9.450931913999739
pregrasp complete: tensor([ 1.8865e-05,  1.2382e-02, -5.1842e-02], device='cuda:0')
Current yaw: tensor([ 0.0020,  0.0170, -0.0389], device='cuda:0')
1 turn
[ 3.00000e-03  3.00000e-03  3.00000e-03  4.99200e+00 -6.18100e+00
  5.07200e+00  1.00000e-03 -1.00000e-03 -4.10000e-02 -6.00000e-03
  1.60000e-02  4.20000e-02  1.79880e+01  0.00000e+00  0.00000e+00
  0.00000e+00  7.52400e+00  2.78500e+01  3.93350e+01  3.52490e+01
  0.00000e+00  0.00000e+00  4.29200e+00  2.44070e+01  3.75070e+01
  3.59180e+01  2.05710e+01  4.56000e-01  1.42046e+02  9.54740e+01
  0.00000e+00  0.00000e+00  0.00000e+00  0.00000e+00  1.22900e+01
  1.07590e+02]
[ 3.0000e-03  2.0000e-03  3.0000e-03  1.2016e+01 -4.5710e+00  3.3560e+00
 -2.0000e-03 -3.0000e-03 -4.0000e-02 -8.0000e-03  1.4000e-02  4.4000e-02
  7.5950e+00  0.0000e+00  0.0000e+00  0.0000e+00  0.0000e+00  4.0170e+00
  1.9783e+01  2.1265e+01  0.0000e+00  0.0000e+00  2.8010e+00  2.1786e+01
  3.4472e+01  3.3427e+01  1.9264e+01  2.7900e-01  7.8951e+01  5.0402e+01
  0.0000e+00  0.0000e+00  0.0000e+00  0.0000e+00  0.0000e+00  3.9313e+01]
[ 2.0000e-03  3.0000e-03  3.0000e-03  6.6180e+00 -6.7320e+00  5.9790e+00
 -1.1000e-02  6.0000e-03 -3.9000e-02 -3.0000e-03  2.2000e-02  4.0000e-02
  2.6438e+01  1.0675e+01  2.7980e+00  7.4220e+00  2.1836e+01  3.7599e+01
  4.5475e+01  4.0852e+01  0.0000e+00  0.0000e+00  6.3690e+00  2.4517e+01
  3.4383e+01  3.0187e+01  1.4387e+01  0.0000e+00  8.0265e+01  3.4088e+01
  0.0000e+00  0.0000e+00  0.0000e+00  0.0000e+00  5.2180e+00  6.8307e+01]
[ 2.0000e-03  5.0000e-03  5.0000e-03  9.9097e+01  2.6402e+01 -2.5906e+01
  5.0000e-03 -1.6000e-02 -4.4000e-02 -2.0000e-02 -4.0000e-03  4.7000e-02
  0.0000e+00  0.0000e+00  0.0000e+00  0.0000e+00  0.0000e+00  0.0000e+00
  0.0000e+00  0.0000e+00  0.0000e+00  0.0000e+00  0.0000e+00  0.0000e+00
  0.0000e+00  0.0000e+00  0.0000e+00  0.0000e+00  0.0000e+00  0.0000e+00
  0.0000e+00  9.0940e+00  0.0000e+00  0.0000e+00  0.0000e+00  0.0000e+00]
Elapsed time: 0.5496791870000379
Sampling time 0.6060683780006002
Solve time for step 1 0.07328343391418457
Current ori: tensor([ 0.0020,  0.0170, -0.0389], device='cuda:0')
Middle force: tensor([15.6344], device='cuda:0')
Thumb force: tensor([291.1079], device='cuda:0')
Index force: tensor([46.7509], device='cuda:0')
[ 3.0000e-03  2.0000e-03  3.0000e-03  3.7309e+01  4.2630e+00 -7.2430e+00
  4.0000e-03  7.0000e-03  3.0000e-02 -2.1000e-02  6.0000e-03  1.3000e-02
  0.0000e+00  0.0000e+00  0.0000e+00  0.0000e+00  0.0000e+00  0.0000e+00
  0.0000e+00  0.0000e+00  0.0000e+00  0.0000e+00  0.0000e+00  0.0000e+00
  3.7850e+00  1.1050e+00  0.0000e+00  0.0000e+00  0.0000e+00  0.0000e+00
  0.0000e+00  0.0000e+00  0.0000e+00  0.0000e+00  0.0000e+00  0.0000e+00]
[ 2.0000e-03  2.0000e-03  3.0000e-03  3.4572e+01  7.6470e+00 -8.2060e+00
  5.0000e-03  8.0000e-03  3.3000e-02 -2.2000e-02  1.0000e-02  1.4000e-02
  0.0000e+00  0.0000e+00  0.0000e+00  0.0000e+00  0.0000e+00  0.0000e+00
  0.0000e+00  0.0000e+00  0.0000e+00  0.0000e+00  0.0000e+00  0.0000e+00
  0.0000e+00  0.0000e+00  0.0000e+00  0.0000e+00  0.0000e+00  0.0000e+00
  0.0000e+00  0.0000e+00  0.0000e+00  0.0000e+00  0.0000e+00  0.0000e+00]
[ 2.0000e-03  2.0000e-03  2.0000e-03  3.8299e+01  1.1260e+00 -4.5470e+00
  5.0000e-03  1.0000e-02  3.4000e-02 -2.3000e-02  1.3000e-02  1.5000e-02
  0.0000e+00  0.0000e+00  0.0000e+00  0.0000e+00  0.0000e+00  0.0000e+00
  0.0000e+00  0.0000e+00  0.0000e+00  0.0000e+00  0.0000e+00  1.6541e+01
  3.8425e+01  4.2194e+01  2.5640e+01  0.0000e+00  0.0000e+00  0.0000e+00
  0.0000e+00  0.0000e+00  0.0000e+00  0.0000e+00  0.0000e+00  0.0000e+00]
[ 2.0000e-03  2.0000e-03  3.0000e-03  2.2234e+01  2.4071e+01 -1.4758e+01
  6.0000e-03  1.1000e-02  3.8000e-02 -2.6000e-02  1.9000e-02  1.4000e-02
  0.0000e+00  0.0000e+00  0.0000e+00  0.0000e+00  0.0000e+00  0.0000e+00
  0.0000e+00  0.0000e+00  0.0000e+00  2.3910e+00  0.0000e+00  0.0000e+00
  0.0000e+00  0.0000e+00  0.0000e+00  0.0000e+00  0.0000e+00  0.0000e+00
  0.0000e+00  0.0000e+00  0.0000e+00  0.0000e+00  0.0000e+00  0.0000e+00]
Elapsed time: 0.5531325560004916
Solve time for step 2 0.07329511642456055
Current ori: tensor([-0.0316,  0.1121, -0.2552], device='cuda:0')
Middle force: tensor([52.1556], device='cuda:0')
Thumb force: tensor([280.8157], device='cuda:0')
Index force: tensor([42.4939], device='cuda:0')
[ 3.0000e-03  3.0000e-03  5.0000e-02  3.8478e+01  1.0822e+01 -8.3210e+00
  1.7000e-02  8.0000e-03  2.4000e-02 -1.7000e-02  1.9000e-02 -4.0000e-03
  0.0000e+00  0.0000e+00  0.0000e+00  0.0000e+00  0.0000e+00  0.0000e+00
  0.0000e+00  0.0000e+00  0.0000e+00  0.0000e+00  0.0000e+00  0.0000e+00
  0.0000e+00  0.0000e+00  0.0000e+00  0.0000e+00  0.0000e+00  0.0000e+00
  0.0000e+00  0.0000e+00  0.0000e+00  0.0000e+00  0.0000e+00  0.0000e+00]
[ 3.0000e-03  3.0000e-03  4.8000e-02  3.7319e+01  1.0608e+01 -7.8540e+00
  1.7000e-02  9.0000e-03  2.6000e-02 -1.7000e-02  2.0000e-02 -4.0000e-03
  0.0000e+00  0.0000e+00  0.0000e+00  0.0000e+00  0.0000e+00  0.0000e+00
  0.0000e+00  0.0000e+00  0.0000e+00  0.0000e+00  0.0000e+00  0.0000e+00
  0.0000e+00  0.0000e+00  0.0000e+00  0.0000e+00  0.0000e+00  0.0000e+00
  0.0000e+00  0.0000e+00  0.0000e+00  0.0000e+00  0.0000e+00  0.0000e+00]
[ 2.0000e-03  2.0000e-03  4.7000e-02  3.6203e+01  1.0288e+01 -7.6680e+00
  1.7000e-02  1.0000e-02  2.7000e-02 -1.8000e-02  2.1000e-02 -5.0000e-03
  0.0000e+00  0.0000e+00  0.0000e+00  0.0000e+00  0.0000e+00  0.0000e+00
  0.0000e+00  0.0000e+00  0.0000e+00  0.0000e+00  0.0000e+00  0.0000e+00
  0.0000e+00  0.0000e+00  0.0000e+00  0.0000e+00  0.0000e+00  0.0000e+00
  0.0000e+00  0.0000e+00  0.0000e+00  0.0000e+00  0.0000e+00  0.0000e+00]
[ 2.0000e-03  3.0000e-03  4.6000e-02  3.5020e+01  1.0113e+01 -7.1190e+00
  1.8000e-02  1.0000e-02  2.9000e-02 -1.8000e-02  2.3000e-02 -5.0000e-03
  0.0000e+00  0.0000e+00  0.0000e+00  0.0000e+00  0.0000e+00  0.0000e+00
  0.0000e+00  0.0000e+00  0.0000e+00  0.0000e+00  0.0000e+00  0.0000e+00
  0.0000e+00  0.0000e+00  0.0000e+00  0.0000e+00  0.0000e+00  0.0000e+00
  0.0000e+00  0.0000e+00  0.0000e+00  0.0000e+00  0.0000e+00  0.0000e+00]
Elapsed time: 0.5520999899999879
Solve time for step 3 0.07177400588989258
Current ori: tensor([-0.0452,  0.0986, -0.3064], device='cuda:0')
Middle force: tensor([54.8923], device='cuda:0')
Thumb force: tensor([275.8120], device='cuda:0')
Index force: tensor([41.1380], device='cuda:0')
[ 2.0000e-03  3.0000e-03  1.2300e-01  3.6765e+01  1.4023e+01  9.2000e-02
  1.5000e-02  9.0000e-03  2.1000e-02 -1.7000e-02  4.1000e-02 -1.2000e-02
  0.0000e+00  0.0000e+00  0.0000e+00  0.0000e+00  0.0000e+00  0.0000e+00
  0.0000e+00  0.0000e+00  0.0000e+00  0.0000e+00  0.0000e+00  0.0000e+00
  0.0000e+00  0.0000e+00  0.0000e+00  0.0000e+00  0.0000e+00  0.0000e+00
  0.0000e+00  0.0000e+00  0.0000e+00  0.0000e+00  0.0000e+00  0.0000e+00]
[ 2.0000e-03  3.0000e-03  1.2000e-01  3.5944e+01  1.3524e+01 -3.2100e-01
  1.6000e-02  9.0000e-03  2.4000e-02 -1.8000e-02  4.0000e-02 -1.2000e-02
  0.0000e+00  0.0000e+00  0.0000e+00  0.0000e+00  0.0000e+00  0.0000e+00
  0.0000e+00  0.0000e+00  0.0000e+00  0.0000e+00  0.0000e+00  0.0000e+00
  0.0000e+00  0.0000e+00  0.0000e+00  0.0000e+00  0.0000e+00  0.0000e+00
  0.0000e+00  0.0000e+00  0.0000e+00  0.0000e+00  0.0000e+00  0.0000e+00]
[ 2.0000e-03  3.0000e-03  1.1700e-01  3.4998e+01  1.2964e+01 -7.8900e-01
  1.6000e-02  1.0000e-02  2.5000e-02 -1.8000e-02  3.9000e-02 -1.2000e-02
  0.0000e+00  0.0000e+00  0.0000e+00  0.0000e+00  0.0000e+00  0.0000e+00
  0.0000e+00  0.0000e+00  0.0000e+00  0.0000e+00  0.0000e+00  0.0000e+00
  0.0000e+00  0.0000e+00  0.0000e+00  0.0000e+00  0.0000e+00  0.0000e+00
  0.0000e+00  0.0000e+00  0.0000e+00  0.0000e+00  0.0000e+00  0.0000e+00]
[ 2.0000e-03  3.0000e-03  1.1300e-01  3.4001e+01  1.2441e+01 -1.1590e+00
  1.7000e-02  9.0000e-03  2.8000e-02 -1.9000e-02  3.9000e-02 -1.2000e-02
  0.0000e+00  0.0000e+00  0.0000e+00  0.0000e+00  0.0000e+00  0.0000e+00
  0.0000e+00  0.0000e+00  0.0000e+00  0.0000e+00  0.0000e+00  0.0000e+00
  0.0000e+00  0.0000e+00  0.0000e+00  0.0000e+00  0.0000e+00  0.0000e+00
  0.0000e+00  0.0000e+00  0.0000e+00  0.0000e+00  0.0000e+00  0.0000e+00]
Elapsed time: 0.5582056289995307
Solve time for step 4 0.07275700569152832
Current ori: tensor([-0.0582,  0.0986, -0.3763], device='cuda:0')
Middle force: tensor([56.1259], device='cuda:0')
Thumb force: tensor([271.0328], device='cuda:0')
Index force: tensor([41.6073], device='cuda:0')
[ 3.0000e-03  3.0000e-03  1.0600e-01  3.5454e+01  1.5150e+01  3.8690e+00
  1.4000e-02  9.0000e-03  1.8000e-02 -1.7000e-02  4.3000e-02 -2.5000e-02
  0.0000e+00  0.0000e+00  0.0000e+00  0.0000e+00  0.0000e+00  0.0000e+00
  4.6860e+00  0.0000e+00  0.0000e+00  0.0000e+00  0.0000e+00  0.0000e+00
  0.0000e+00  0.0000e+00  0.0000e+00  0.0000e+00  0.0000e+00  0.0000e+00
  0.0000e+00  0.0000e+00  0.0000e+00  0.0000e+00  0.0000e+00  0.0000e+00]
[ 3.0000e-03  3.0000e-03  1.0300e-01  3.4311e+01  1.4497e+01  3.3840e+00
  1.5000e-02  9.0000e-03  2.1000e-02 -1.9000e-02  4.3000e-02 -2.5000e-02
  0.0000e+00  0.0000e+00  0.0000e+00  0.0000e+00  0.0000e+00  0.0000e+00
  4.2320e+00  0.0000e+00  0.0000e+00  0.0000e+00  0.0000e+00  0.0000e+00
  0.0000e+00  0.0000e+00  0.0000e+00  0.0000e+00  0.0000e+00  0.0000e+00
  0.0000e+00  0.0000e+00  0.0000e+00  0.0000e+00  0.0000e+00  0.0000e+00]
[ 3.0000e-03  3.0000e-03  1.0000e-01  3.3262e+01  1.3918e+01  2.9640e+00
  1.6000e-02  1.0000e-02  2.2000e-02 -2.1000e-02  4.2000e-02 -2.6000e-02
  0.0000e+00  0.0000e+00  0.0000e+00  0.0000e+00  0.0000e+00  0.0000e+00
  4.5480e+00  0.0000e+00  0.0000e+00  0.0000e+00  0.0000e+00  0.0000e+00
  0.0000e+00  0.0000e+00  0.0000e+00  0.0000e+00  0.0000e+00  0.0000e+00
  0.0000e+00  0.0000e+00  0.0000e+00  0.0000e+00  0.0000e+00  0.0000e+00]
[ 3.0000e-03  3.0000e-03  9.7000e-02  3.2139e+01  1.3285e+01  2.5300e+00
  1.7000e-02  1.0000e-02  2.5000e-02 -2.2000e-02  4.2000e-02 -2.6000e-02
  0.0000e+00  0.0000e+00  0.0000e+00  0.0000e+00  0.0000e+00  0.0000e+00
  4.1620e+00  0.0000e+00  0.0000e+00  0.0000e+00  0.0000e+00  0.0000e+00
  0.0000e+00  0.0000e+00  0.0000e+00  0.0000e+00  0.0000e+00  0.0000e+00
  0.0000e+00  0.0000e+00  0.0000e+00  0.0000e+00  0.0000e+00  0.0000e+00]
Elapsed time: 0.5446101719999206
Solve time for step 5 0.0752253532409668
Current ori: tensor([-0.0725,  0.1050, -0.4541], device='cuda:0')
Middle force: tensor([55.6831], device='cuda:0')
Thumb force: tensor([264.1900], device='cuda:0')
Index force: tensor([43.7014], device='cuda:0')
[ 2.0000e-03  3.0000e-03  9.5000e-02  3.0349e+01  1.3887e+01  4.8700e+00
  9.0000e-03  1.2000e-02  1.5000e-02 -1.7000e-02  4.7000e-02 -2.9000e-02
  0.0000e+00  0.0000e+00  0.0000e+00  0.0000e+00  0.0000e+00  1.1062e+01
  1.1269e+01  0.0000e+00  0.0000e+00  0.0000e+00  0.0000e+00  0.0000e+00
  0.0000e+00  0.0000e+00  0.0000e+00  0.0000e+00  0.0000e+00  0.0000e+00
  0.0000e+00  0.0000e+00  0.0000e+00  0.0000e+00  0.0000e+00  0.0000e+00]
[ 2.0000e-03  3.0000e-03  9.3000e-02  2.9497e+01  1.3263e+01  4.1200e+00
  9.0000e-03  1.3000e-02  1.9000e-02 -2.0000e-02  4.6000e-02 -3.1000e-02
  0.0000e+00  0.0000e+00  0.0000e+00  0.0000e+00  0.0000e+00  1.1500e+01
  1.1369e+01  0.0000e+00  0.0000e+00  0.0000e+00  0.0000e+00  0.0000e+00
  0.0000e+00  0.0000e+00  0.0000e+00  0.0000e+00  0.0000e+00  0.0000e+00
  0.0000e+00  0.0000e+00  0.0000e+00  0.0000e+00  0.0000e+00  0.0000e+00]
[ 2.0000e-03  3.0000e-03  9.0000e-02  2.8736e+01  1.2755e+01  3.3890e+00
  1.6000e-02  1.1000e-02  2.3000e-02 -2.4000e-02  4.5000e-02 -3.2000e-02
  0.0000e+00  0.0000e+00  0.0000e+00  0.0000e+00  0.0000e+00  8.5280e+00
  9.1060e+00  0.0000e+00  0.0000e+00  0.0000e+00  0.0000e+00  0.0000e+00
  0.0000e+00  0.0000e+00  0.0000e+00  0.0000e+00  0.0000e+00  0.0000e+00
  0.0000e+00  0.0000e+00  0.0000e+00  0.0000e+00  0.0000e+00  0.0000e+00]
[ 2.0000e-03  3.0000e-03  8.8000e-02  2.7615e+01  1.2195e+01  2.8840e+00
  1.3000e-02  1.2000e-02  2.5000e-02 -2.5000e-02  4.5000e-02 -3.2000e-02
  0.0000e+00  0.0000e+00  0.0000e+00  0.0000e+00  0.0000e+00  7.7890e+00
  6.7530e+00  0.0000e+00  0.0000e+00  0.0000e+00  0.0000e+00  0.0000e+00
  0.0000e+00  0.0000e+00  0.0000e+00  0.0000e+00  0.0000e+00  0.0000e+00
  0.0000e+00  0.0000e+00  0.0000e+00  0.0000e+00  0.0000e+00  0.0000e+00]
Elapsed time: 0.5609786889999668
Solve time for step 6 0.07219672203063965
Current ori: tensor([-0.0872,  0.1087, -0.5512], device='cuda:0')
Middle force: tensor([57.6329], device='cuda:0')
Thumb force: tensor([256.2438], device='cuda:0')
Index force: tensor([43.9520], device='cuda:0')
[ 2.0000e-03  2.0000e-03  1.0100e-01  2.7815e+01  1.2967e+01  4.1010e+00
  4.0000e-03  1.5000e-02  1.1000e-02 -1.6000e-02  4.9000e-02 -2.9000e-02
  0.0000e+00  0.0000e+00  0.0000e+00  0.0000e+00  0.0000e+00  1.7292e+01
  1.3873e+01  0.0000e+00  0.0000e+00  0.0000e+00  0.0000e+00  0.0000e+00
  0.0000e+00  0.0000e+00  0.0000e+00  0.0000e+00  0.0000e+00  0.0000e+00
  0.0000e+00  0.0000e+00  0.0000e+00  0.0000e+00  0.0000e+00  0.0000e+00]
[ 2.0000e-03  2.0000e-03  9.8000e-02  2.7040e+01  1.2370e+01  3.5400e+00
  6.0000e-03  1.6000e-02  1.5000e-02 -1.9000e-02  4.8000e-02 -3.0000e-02
  0.0000e+00  0.0000e+00  0.0000e+00  0.0000e+00  0.0000e+00  1.5412e+01
  1.2803e+01  0.0000e+00  0.0000e+00  0.0000e+00  0.0000e+00  0.0000e+00
  0.0000e+00  0.0000e+00  0.0000e+00  0.0000e+00  0.0000e+00  0.0000e+00
  0.0000e+00  0.0000e+00  0.0000e+00  0.0000e+00  0.0000e+00  0.0000e+00]
[ 2.0000e-03  2.0000e-03  9.5000e-02  2.6527e+01  1.1921e+01  2.6990e+00
  1.1000e-02  1.5000e-02  2.0000e-02 -2.3000e-02  4.6000e-02 -3.2000e-02
  0.0000e+00  0.0000e+00  0.0000e+00  0.0000e+00  0.0000e+00  1.4911e+01
  1.0852e+01  0.0000e+00  0.0000e+00  0.0000e+00  0.0000e+00  0.0000e+00
  0.0000e+00  0.0000e+00  0.0000e+00  0.0000e+00  0.0000e+00  0.0000e+00
  0.0000e+00  0.0000e+00  0.0000e+00  0.0000e+00  0.0000e+00  0.0000e+00]
[ 2.0000e-03  2.0000e-03  9.3000e-02  2.5627e+01  1.1311e+01  2.2950e+00
  1.0000e-02  1.6000e-02  2.3000e-02 -2.5000e-02  4.6000e-02 -3.3000e-02
  0.0000e+00  0.0000e+00  0.0000e+00  0.0000e+00  0.0000e+00  1.1835e+01
  9.5990e+00  0.0000e+00  0.0000e+00  0.0000e+00  0.0000e+00  0.0000e+00
  0.0000e+00  0.0000e+00  0.0000e+00  0.0000e+00  0.0000e+00  0.0000e+00
  0.0000e+00  0.0000e+00  0.0000e+00  0.0000e+00  0.0000e+00  0.0000e+00]
Elapsed time: 0.5515866119994826
Solve time for step 7 0.07340025901794434
Current ori: tensor([-0.1030,  0.1117, -0.6408], device='cuda:0')
Middle force: tensor([60.0969], device='cuda:0')
Thumb force: tensor([249.0328], device='cuda:0')
Index force: tensor([43.3199], device='cuda:0')
[ 4.0000e-03  2.0000e-03  1.0700e-01  2.4981e+01  1.1903e+01  3.8760e+00
  1.0000e-03  1.4000e-02  8.0000e-03 -1.4000e-02  5.3000e-02 -2.9000e-02
  0.0000e+00  0.0000e+00  0.0000e+00  0.0000e+00  2.5670e+00  1.9822e+01
  1.4864e+01  0.0000e+00  0.0000e+00  0.0000e+00  0.0000e+00  0.0000e+00
  0.0000e+00  0.0000e+00  0.0000e+00  0.0000e+00  0.0000e+00  0.0000e+00
  0.0000e+00  0.0000e+00  0.0000e+00  0.0000e+00  0.0000e+00  0.0000e+00]
[ 3.0000e-03  2.0000e-03  1.0400e-01  2.5152e+01  1.1947e+01  3.0530e+00
  3.0000e-03  1.5000e-02  1.2000e-02 -1.8000e-02  5.2000e-02 -2.9000e-02
  0.0000e+00  0.0000e+00  0.0000e+00  0.0000e+00  0.0000e+00  9.7370e+00
  7.1470e+00  0.0000e+00  0.0000e+00  0.0000e+00  0.0000e+00  0.0000e+00
  0.0000e+00  0.0000e+00  0.0000e+00  0.0000e+00  0.0000e+00  0.0000e+00
  0.0000e+00  0.0000e+00  0.0000e+00  0.0000e+00  0.0000e+00  0.0000e+00]
[ 3.0000e-03  2.0000e-03  1.0100e-01  2.2086e+01  1.0331e+01  3.8790e+00
  8.0000e-03  1.6000e-02  1.6000e-02 -2.2000e-02  5.0000e-02 -2.9000e-02
  0.0000e+00  0.0000e+00  0.0000e+00  0.0000e+00  8.4590e+00  2.6161e+01
  1.9688e+01  0.0000e+00  0.0000e+00  0.0000e+00  0.0000e+00  0.0000e+00
  0.0000e+00  0.0000e+00  0.0000e+00  0.0000e+00  0.0000e+00  0.0000e+00
  0.0000e+00  0.0000e+00  0.0000e+00  0.0000e+00  0.0000e+00  0.0000e+00]
[ 3.0000e-03  2.0000e-03  9.8000e-02  2.8349e+01  1.3926e+01  2.2900e-01
  5.0000e-03  1.7000e-02  1.9000e-02 -2.5000e-02  4.8000e-02 -3.0000e-02
  0.0000e+00  0.0000e+00  0.0000e+00  0.0000e+00  0.0000e+00  0.0000e+00
  0.0000e+00  0.0000e+00  0.0000e+00  0.0000e+00  0.0000e+00  0.0000e+00
  0.0000e+00  0.0000e+00  0.0000e+00  0.0000e+00  0.0000e+00  0.0000e+00
  0.0000e+00  0.0000e+00  0.0000e+00  0.0000e+00  0.0000e+00  0.0000e+00]
Elapsed time: 0.5526302329999453
Solve time for step 8 0.07554936408996582
Current ori: tensor([-0.1184,  0.1152, -0.7078], device='cuda:0')
Middle force: tensor([61.8764], device='cuda:0')
Thumb force: tensor([242.9932], device='cuda:0')
Index force: tensor([41.1828], device='cuda:0')
[ 7.0000e-03  2.0000e-03  1.0000e-01  2.4040e+01  1.1486e+01  2.4420e+00
  0.0000e+00  1.2000e-02  4.0000e-03 -1.1000e-02  5.2000e-02 -3.2000e-02
  0.0000e+00  0.0000e+00  0.0000e+00  0.0000e+00  0.0000e+00  1.0835e+01
  7.9670e+00  0.0000e+00  0.0000e+00  0.0000e+00  0.0000e+00  0.0000e+00
  0.0000e+00  0.0000e+00  0.0000e+00  0.0000e+00  0.0000e+00  0.0000e+00
  0.0000e+00  0.0000e+00  0.0000e+00  0.0000e+00  0.0000e+00  0.0000e+00]
[ 7.0000e-03  2.0000e-03  9.7000e-02  2.3142e+01  1.1024e+01  2.3540e+00
  1.0000e-03  1.3000e-02  9.0000e-03 -1.6000e-02  5.1000e-02 -3.1000e-02
  0.0000e+00  0.0000e+00  0.0000e+00  0.0000e+00  0.0000e+00  9.6140e+00
  6.9370e+00  0.0000e+00  0.0000e+00  0.0000e+00  0.0000e+00  0.0000e+00
  0.0000e+00  0.0000e+00  0.0000e+00  0.0000e+00  0.0000e+00  0.0000e+00
  0.0000e+00  0.0000e+00  0.0000e+00  0.0000e+00  0.0000e+00  0.0000e+00]
[ 7.0000e-03  2.0000e-03  9.5000e-02  2.2322e+01  1.0606e+01  2.2160e+00
  6.0000e-03  1.3000e-02  1.3000e-02 -2.1000e-02  5.1000e-02 -3.1000e-02
  0.0000e+00  0.0000e+00  0.0000e+00  0.0000e+00  0.0000e+00  8.2060e+00
  6.0720e+00  0.0000e+00  0.0000e+00  0.0000e+00  0.0000e+00  0.0000e+00
  0.0000e+00  0.0000e+00  0.0000e+00  0.0000e+00  0.0000e+00  0.0000e+00
  0.0000e+00  0.0000e+00  0.0000e+00  0.0000e+00  0.0000e+00  0.0000e+00]
[ 7.0000e-03  2.0000e-03  9.2000e-02  2.1368e+01  1.0133e+01  2.1580e+00
  3.0000e-03  1.5000e-02  1.7000e-02 -2.5000e-02  5.0000e-02 -3.1000e-02
  0.0000e+00  0.0000e+00  0.0000e+00  0.0000e+00  0.0000e+00  8.9270e+00
  5.3870e+00  0.0000e+00  0.0000e+00  0.0000e+00  0.0000e+00  0.0000e+00
  0.0000e+00  0.0000e+00  0.0000e+00  0.0000e+00  0.0000e+00  0.0000e+00
  0.0000e+00  0.0000e+00  0.0000e+00  0.0000e+00  0.0000e+00  0.0000e+00]
Elapsed time: 0.5533312229999865
Solve time for step 9 0.07175064086914062
Current ori: tensor([-0.1376,  0.1224, -0.7569], device='cuda:0')
Middle force: tensor([64.5730], device='cuda:0')
Thumb force: tensor([237.1726], device='cuda:0')
Index force: tensor([40.0771], device='cuda:0')
[ 1.0000e-02  3.0000e-03  1.1000e-01  2.1921e+01  1.0269e+01  1.3250e+00
 -1.0000e-03  9.0000e-03 -1.0000e-03 -6.0000e-03  5.8000e-02 -2.8000e-02
  0.0000e+00  0.0000e+00  0.0000e+00  0.0000e+00  2.9040e+00  1.7831e+01
  1.2193e+01  0.0000e+00  0.0000e+00  0.0000e+00  0.0000e+00  0.0000e+00
  0.0000e+00  0.0000e+00  0.0000e+00  0.0000e+00  0.0000e+00  0.0000e+00
  0.0000e+00  0.0000e+00  0.0000e+00  0.0000e+00  0.0000e+00  0.0000e+00]
[ 9.0000e-03  2.0000e-03  1.0700e-01  2.1729e+01  1.0160e+01  9.6300e-01
 -1.0000e-03  1.0000e-02  5.0000e-03 -1.3000e-02  5.8000e-02 -2.9000e-02
  0.0000e+00  0.0000e+00  0.0000e+00  0.0000e+00  0.0000e+00  1.1794e+01
  7.3300e+00  0.0000e+00  0.0000e+00  0.0000e+00  0.0000e+00  0.0000e+00
  0.0000e+00  0.0000e+00  0.0000e+00  0.0000e+00  0.0000e+00  0.0000e+00
  0.0000e+00  0.0000e+00  0.0000e+00  0.0000e+00  0.0000e+00  0.0000e+00]
[ 9.0000e-03  2.0000e-03  1.0400e-01  1.9989e+01  9.2020e+00  1.3790e+00
  1.0000e-03  1.0000e-02  9.0000e-03 -1.7000e-02  5.7000e-02 -2.9000e-02
  0.0000e+00  0.0000e+00  0.0000e+00  0.0000e+00  4.4550e+00  1.8906e+01
  1.2628e+01  0.0000e+00  0.0000e+00  0.0000e+00  0.0000e+00  0.0000e+00
  0.0000e+00  0.0000e+00  0.0000e+00  0.0000e+00  0.0000e+00  0.0000e+00
  0.0000e+00  0.0000e+00  0.0000e+00  0.0000e+00  0.0000e+00  0.0000e+00]
[ 9.0000e-03  2.0000e-03  1.0100e-01  2.2954e+01  1.0927e+01 -6.6000e-01
  1.0000e-03  1.1000e-02  1.4000e-02 -2.2000e-02  5.6000e-02 -2.8000e-02
  0.0000e+00  0.0000e+00  0.0000e+00  0.0000e+00  0.0000e+00  0.0000e+00
  0.0000e+00  0.0000e+00  0.0000e+00  0.0000e+00  0.0000e+00  0.0000e+00
  0.0000e+00  0.0000e+00  0.0000e+00  0.0000e+00  0.0000e+00  0.0000e+00
  0.0000e+00  0.0000e+00  0.0000e+00  0.0000e+00  0.0000e+00  0.0000e+00]
Elapsed time: 0.5526099870003236
Solve time for step 10 0.07189369201660156
Current ori: tensor([-0.1613,  0.1290, -0.8046], device='cuda:0')
Middle force: tensor([66.8797], device='cuda:0')
Thumb force: tensor([232.5587], device='cuda:0')
Index force: tensor([37.5685], device='cuda:0')
[ 1.6000e-02  3.0000e-03  9.3000e-02  2.0651e+01  9.8250e+00  7.2800e-01
  1.0000e-03  4.0000e-03 -7.0000e-03  1.0000e-03  6.0000e-02 -3.2000e-02
  0.0000e+00  0.0000e+00  0.0000e+00  0.0000e+00  2.8130e+00  1.6590e+01
  1.1096e+01  0.0000e+00  0.0000e+00  0.0000e+00  0.0000e+00  0.0000e+00
  0.0000e+00  0.0000e+00  8.8900e+00  0.0000e+00  0.0000e+00  0.0000e+00
  0.0000e+00  0.0000e+00  0.0000e+00  0.0000e+00  0.0000e+00  0.0000e+00]
[ 1.6000e-02  3.0000e-03  9.0000e-02  2.1448e+01  9.9230e+00  2.1800e-01
  1.0000e-03  4.0000e-03  0.0000e+00 -7.0000e-03  6.0000e-02 -3.1000e-02
  0.0000e+00  0.0000e+00  0.0000e+00  0.0000e+00  0.0000e+00  3.4580e+00
  2.6330e+00  0.0000e+00  0.0000e+00  0.0000e+00  0.0000e+00  0.0000e+00
  0.0000e+00  0.0000e+00  5.1860e+00  0.0000e+00  0.0000e+00  0.0000e+00
  0.0000e+00  0.0000e+00  0.0000e+00  0.0000e+00  0.0000e+00  0.0000e+00]
[ 1.5000e-02  3.0000e-03  8.8000e-02  1.7573e+01  8.8000e+00  1.0800e+00
  3.0000e-03  5.0000e-03  6.0000e-03 -1.5000e-02  6.0000e-02 -3.1000e-02
  0.0000e+00  0.0000e+00  0.0000e+00  0.0000e+00  7.6240e+00  1.9538e+01
  1.0247e+01  0.0000e+00  0.0000e+00  0.0000e+00  0.0000e+00  0.0000e+00
  0.0000e+00  0.0000e+00  1.6650e+00  0.0000e+00  0.0000e+00  0.0000e+00
  0.0000e+00  0.0000e+00  0.0000e+00  0.0000e+00  0.0000e+00  0.0000e+00]
[ 1.5000e-02  3.0000e-03  8.6000e-02  3.0741e+01  1.1970e+01 -2.7630e+00
  3.0000e-03  6.0000e-03  1.1000e-02 -2.2000e-02  6.0000e-02 -3.0000e-02
  0.0000e+00  0.0000e+00  0.0000e+00  0.0000e+00  0.0000e+00  0.0000e+00
  0.0000e+00  0.0000e+00  0.0000e+00  0.0000e+00  0.0000e+00  0.0000e+00
  0.0000e+00  0.0000e+00  6.6800e-01  0.0000e+00  0.0000e+00  0.0000e+00
  0.0000e+00  0.0000e+00  0.0000e+00  0.0000e+00  0.0000e+00  0.0000e+00]
Elapsed time: 0.5034513159998824
Solve time for step 11 0.0728158950805664
Current ori: tensor([-0.1926,  0.1421, -0.8403], device='cuda:0')
Middle force: tensor([64.1477], device='cuda:0')
Thumb force: tensor([223.8982], device='cuda:0')
Index force: tensor([41.2725], device='cuda:0')
[ 2.5000e-02  4.0000e-03  1.0800e-01  2.1445e+01  8.6320e+00 -4.3430e+00
  2.0000e-03  3.0000e-03 -1.2000e-02  1.3000e-02  4.8000e-02  5.0000e-03
  0.0000e+00  0.0000e+00  0.0000e+00  0.0000e+00  0.0000e+00  1.1830e+00
  9.6000e-01  0.0000e+00  0.0000e+00  0.0000e+00  0.0000e+00  0.0000e+00
  0.0000e+00  2.0430e+01  2.5060e+01  0.0000e+00  0.0000e+00  0.0000e+00
  0.0000e+00  0.0000e+00  0.0000e+00  0.0000e+00  0.0000e+00  0.0000e+00]
[ 2.5000e-02  4.0000e-03  1.0500e-01  2.0736e+01  8.3560e+00 -4.2150e+00
  1.0000e-03  3.0000e-03 -6.0000e-03  4.0000e-03  4.8000e-02  5.0000e-03
  0.0000e+00  0.0000e+00  0.0000e+00  0.0000e+00  0.0000e+00  0.0000e+00
  0.0000e+00  0.0000e+00  0.0000e+00  0.0000e+00  0.0000e+00  0.0000e+00
  0.0000e+00  1.2919e+01  2.0538e+01  0.0000e+00  0.0000e+00  0.0000e+00
  0.0000e+00  0.0000e+00  0.0000e+00  0.0000e+00  0.0000e+00  0.0000e+00]
[ 2.4000e-02  4.0000e-03  1.0200e-01  2.0008e+01  7.9660e+00 -4.1060e+00
  1.0000e-03  3.0000e-03 -1.0000e-03 -3.0000e-03  4.8000e-02  3.0000e-03
  0.0000e+00  0.0000e+00  0.0000e+00  0.0000e+00  0.0000e+00  6.6060e+00
  5.0960e+00  0.0000e+00  0.0000e+00  0.0000e+00  0.0000e+00  0.0000e+00
  0.0000e+00  7.0570e+00  1.6821e+01  0.0000e+00  0.0000e+00  0.0000e+00
  0.0000e+00  0.0000e+00  0.0000e+00  0.0000e+00  0.0000e+00  0.0000e+00]
[ 2.3000e-02  4.0000e-03  9.9000e-02  1.9608e+01  7.9940e+00 -4.2630e+00
  1.0000e-03  4.0000e-03  4.0000e-03 -1.1000e-02  4.9000e-02 -1.0000e-03
  0.0000e+00  0.0000e+00  0.0000e+00  0.0000e+00  0.0000e+00  0.0000e+00
  0.0000e+00  0.0000e+00  0.0000e+00  0.0000e+00  0.0000e+00  0.0000e+00
  0.0000e+00  2.0330e+00  1.2924e+01  0.0000e+00  0.0000e+00  0.0000e+00
  0.0000e+00  0.0000e+00  0.0000e+00  0.0000e+00  0.0000e+00  0.0000e+00]
Elapsed time: 0.5021569330001512
Solve time for step 12 0.07562899589538574
Current ori: tensor([-0.2320,  0.1710, -0.8403], device='cuda:0')
Middle force: tensor([63.3411], device='cuda:0')
Thumb force: tensor([218.3306], device='cuda:0')
Index force: tensor([40.0407], device='cuda:0')
{}
[ models/temporal ] Channel dimensions: [(36, 256), (256, 512), (512, 1024), (1024, 2048)]
Loaded trajectory sampler
Current yaw: tensor([ 2.0987e-06,  1.2399e-02, -5.1553e-02], device='cuda:0')
Solve time for pregrasp 9.431122348999452
pregrasp complete: tensor([ 2.0987e-06,  1.2399e-02, -5.1553e-02], device='cuda:0')
Current yaw: tensor([-0.0006,  0.0136, -0.0602], device='cuda:0')
1 turn
[ 0.003  0.003  0.003 -0.12  -0.015  0.003 -0.    -0.    -0.    -0.
  0.001 -0.     0.     0.     0.     0.     0.228  0.335  0.193  0.
  0.     0.     0.     0.     0.     0.     0.     0.     0.     0.
  0.     0.     0.     0.     0.     0.   ]
[ 0.003  0.003  0.002 -0.081  0.007 -0.014 -0.    -0.    -0.    -0.
  0.001  0.     0.     0.     0.     0.     0.     0.     0.     0.
  0.     0.     0.     0.     0.     0.     0.     0.     0.     0.
  0.     0.     0.     0.     0.     0.   ]
[ 0.002  0.002  0.002 -0.153 -0.036  0.022 -0.    -0.    -0.    -0.
  0.001  0.     0.     0.     0.     0.184  0.718  0.935  0.707  0.168
  0.     0.     0.     0.     0.     0.     0.     0.     0.     0.
  0.     0.     0.     0.     0.     0.   ]
[ 0.002  0.002  0.002  0.017  0.043 -0.043 -0.    -0.    -0.    -0.
  0.001  0.     0.     0.     0.     0.     0.     0.     0.     0.
  0.     0.     0.     0.     0.     0.     0.     0.     0.     0.
  0.     0.     0.     0.     0.     0.   ]
Elapsed time: 0.5712770430000091
Sampling time 0.6308615310008463
Solve time for step 1 0.07208395004272461
Current ori: tensor([-0.0006,  0.0136, -0.0602], device='cuda:0')
Middle force: tensor([0.8636], device='cuda:0')
Thumb force: tensor([0.6458], device='cuda:0')
Index force: tensor([0.5050], device='cuda:0')
[ 0.003  0.003  0.002 -0.093 -0.01  -0.    -0.    -0.    -0.001 -0.
  0.    -0.     0.     0.     0.     0.     0.     0.011  0.     0.
  0.     0.     0.     0.     0.     0.     0.     0.     0.     0.
  0.     0.     0.     0.     0.     0.   ]
[ 0.002  0.003  0.002 -0.091 -0.01  -0.    -0.    -0.    -0.001 -0.
  0.    -0.     0.     0.     0.     0.     0.     0.011  0.     0.
  0.     0.     0.     0.     0.     0.     0.     0.     0.     0.
  0.     0.     0.     0.     0.     0.   ]
[ 0.003  0.002  0.002 -0.088 -0.009 -0.     0.    -0.    -0.001 -0.
  0.    -0.     0.     0.     0.     0.     0.     0.006  0.     0.
  0.     0.     0.     0.     0.     0.     0.     0.     0.     0.
  0.     0.     0.     0.     0.     0.   ]
[ 0.002  0.002  0.002 -0.084 -0.008 -0.001  0.001 -0.001 -0.    -0.
 -0.    -0.001  0.     0.     0.     0.     0.     0.     0.     0.
  0.     0.     0.     0.     0.     0.     0.     0.     0.     0.
  0.     0.     0.     0.     0.     0.   ]
Elapsed time: 0.5449460609997914
Solve time for step 2 0.07263040542602539
Current ori: tensor([-0.0006,  0.0160, -0.0809], device='cuda:0')
Middle force: tensor([0.8492], device='cuda:0')
Thumb force: tensor([0.6545], device='cuda:0')
Index force: tensor([0.5184], device='cuda:0')
[ 0.002  0.002  0.002 -0.085 -0.009 -0.001  0.001 -0.001 -0.001 -0.
 -0.     0.001  0.     0.     0.     0.     0.     0.     0.     0.
  0.     0.     0.     0.     0.     0.     0.     0.     0.     0.
  0.     0.     0.     0.     0.     0.   ]
[ 0.002  0.002  0.002 -0.082 -0.008 -0.001  0.001 -0.001 -0.001 -0.
 -0.     0.001  0.     0.     0.     0.     0.     0.     0.     0.
  0.     0.     0.     0.     0.     0.     0.     0.     0.     0.
  0.     0.     0.     0.     0.     0.   ]
[ 0.002  0.002  0.002 -0.08  -0.008 -0.001  0.001 -0.001 -0.001 -0.
 -0.     0.001  0.     0.     0.     0.     0.     0.001  0.     0.
  0.     0.     0.     0.     0.     0.     0.     0.     0.     0.
  0.     0.     0.     0.     0.     0.   ]
[ 0.002  0.002  0.002 -0.078 -0.008 -0.     0.001 -0.001 -0.    -0.
 -0.     0.001  0.     0.     0.     0.     0.     0.     0.     0.
  0.     0.     0.     0.     0.     0.     0.     0.     0.     0.
  0.     0.     0.     0.     0.     0.   ]
Elapsed time: 0.6221931290001521
Solve time for step 3 0.07350993156433105
Current ori: tensor([-0.0003,  0.0179, -0.1021], device='cuda:0')
Middle force: tensor([0.8950], device='cuda:0')
Thumb force: tensor([0.7098], device='cuda:0')
Index force: tensor([0.5328], device='cuda:0')
[ 0.002  0.003  0.002 -0.078 -0.008 -0.001  0.001  0.    -0.001  0.
 -0.     0.002  0.     0.     0.     0.     0.     0.     0.     0.
  0.     0.     0.     0.     0.     0.     0.     0.     0.     0.
  0.     0.     0.     0.     0.     0.   ]
[ 0.002  0.002  0.002 -0.076 -0.008 -0.001  0.001  0.    -0.001  0.
 -0.     0.002  0.     0.     0.     0.     0.     0.     0.     0.
  0.     0.     0.     0.     0.     0.     0.     0.     0.     0.
  0.     0.     0.     0.     0.     0.   ]
[ 0.002  0.002  0.002 -0.074 -0.008 -0.001  0.001  0.    -0.001  0.
 -0.     0.002  0.     0.     0.     0.     0.     0.     0.     0.
  0.     0.     0.     0.     0.     0.     0.     0.     0.     0.
  0.     0.     0.     0.     0.     0.   ]
[ 0.002  0.002  0.002 -0.072 -0.008 -0.001  0.002  0.    -0.001  0.
 -0.001  0.002  0.     0.     0.     0.     0.     0.     0.     0.
  0.     0.     0.     0.     0.     0.     0.     0.     0.     0.
  0.     0.     0.     0.     0.     0.   ]
Elapsed time: 0.5633078029995886
Solve time for step 4 0.06958341598510742
Current ori: tensor([ 8.0539e-05,  1.9586e-02, -1.2474e-01], device='cuda:0')
Middle force: tensor([0.9244], device='cuda:0')
Thumb force: tensor([0.7415], device='cuda:0')
Index force: tensor([0.5167], device='cuda:0')
[ 0.002  0.002  0.002 -0.072 -0.008 -0.001  0.001  0.    -0.     0.
 -0.002  0.001  0.     0.     0.     0.     0.     0.     0.     0.
  0.     0.     0.     0.     0.     0.     0.     0.     0.     0.
  0.     0.     0.     0.     0.     0.   ]
[ 0.003  0.002  0.002 -0.07  -0.008 -0.001  0.001  0.    -0.     0.
 -0.002  0.001  0.     0.     0.     0.     0.     0.     0.     0.
  0.     0.     0.     0.     0.     0.     0.     0.     0.     0.
  0.     0.     0.     0.     0.     0.   ]
[ 0.002  0.002  0.002 -0.068 -0.008 -0.001  0.001  0.    -0.     0.
 -0.002  0.001  0.     0.     0.     0.     0.     0.     0.     0.
  0.     0.     0.     0.     0.     0.     0.     0.     0.     0.
  0.     0.     0.     0.     0.     0.   ]
[ 0.002  0.002  0.002 -0.066 -0.007 -0.001  0.001  0.    -0.     0.
 -0.003  0.001  0.     0.     0.     0.     0.     0.     0.     0.
  0.     0.     0.     0.     0.     0.     0.     0.     0.     0.
  0.     0.     0.     0.     0.     0.   ]
Elapsed time: 0.5630957200000921
Solve time for step 5 0.07322525978088379
Current ori: tensor([ 0.0004,  0.0209, -0.1480], device='cuda:0')
Middle force: tensor([0.9469], device='cuda:0')
Thumb force: tensor([0.7580], device='cuda:0')
Index force: tensor([0.5386], device='cuda:0')
[ 0.003  0.002  0.002 -0.066 -0.008 -0.001  0.    -0.    -0.     0.
 -0.     0.001  0.     0.     0.     0.     0.     0.     0.     0.
  0.     0.     0.     0.     0.     0.     0.     0.     0.     0.
  0.     0.     0.     0.     0.     0.   ]
[ 0.003  0.002  0.002 -0.064 -0.007 -0.001  0.    -0.    -0.     0.
 -0.     0.001  0.     0.     0.     0.     0.     0.     0.     0.
  0.     0.     0.     0.     0.     0.     0.     0.     0.     0.
  0.     0.     0.     0.     0.     0.   ]
[ 0.002  0.002  0.002 -0.062 -0.007 -0.001  0.    -0.    -0.    -0.
 -0.     0.001  0.     0.     0.     0.     0.     0.     0.     0.
  0.     0.     0.     0.     0.     0.     0.     0.     0.     0.
  0.     0.     0.     0.     0.     0.   ]
[ 0.003  0.002  0.002 -0.06  -0.007 -0.001  0.001 -0.    -0.     0.
 -0.001  0.001  0.     0.     0.     0.     0.     0.     0.     0.
  0.     0.     0.     0.     0.     0.     0.     0.     0.     0.
  0.     0.     0.     0.     0.     0.   ]
Elapsed time: 0.5521827349994055
Solve time for step 6 0.07253241539001465
Current ori: tensor([ 0.0009,  0.0225, -0.1693], device='cuda:0')
Middle force: tensor([0.9672], device='cuda:0')
Thumb force: tensor([0.8203], device='cuda:0')
Index force: tensor([0.5544], device='cuda:0')
[ 0.003  0.002  0.002 -0.061 -0.007 -0.001  0.    -0.    -0.     0.
 -0.     0.     0.     0.     0.     0.     0.     0.     0.     0.
  0.     0.     0.     0.     0.     0.     0.     0.     0.     0.
  0.     0.     0.     0.     0.     0.   ]
[ 0.003  0.002  0.002 -0.059 -0.007 -0.001  0.    -0.    -0.     0.
 -0.     0.     0.     0.     0.     0.     0.     0.     0.     0.
  0.     0.     0.     0.     0.     0.     0.     0.     0.     0.
  0.     0.     0.     0.     0.     0.   ]
[ 0.003  0.002  0.002 -0.058 -0.007 -0.001  0.    -0.    -0.     0.
 -0.     0.     0.     0.     0.     0.     0.     0.     0.     0.
  0.     0.     0.     0.     0.     0.     0.     0.     0.     0.
  0.     0.     0.     0.     0.     0.   ]
[ 0.003  0.002  0.002 -0.056 -0.007 -0.001  0.001 -0.    -0.001  0.
 -0.     0.     0.     0.     0.     0.     0.     0.     0.     0.
  0.     0.     0.     0.     0.     0.     0.     0.     0.     0.
  0.     0.     0.     0.     0.     0.   ]
Elapsed time: 0.552113647000624
Solve time for step 7 0.07158827781677246
Current ori: tensor([ 0.0015,  0.0245, -0.1891], device='cuda:0')
Middle force: tensor([1.0018], device='cuda:0')
Thumb force: tensor([0.9108], device='cuda:0')
Index force: tensor([0.5476], device='cuda:0')
[ 0.003  0.002  0.002 -0.056 -0.007 -0.002  0.     0.    -0.001  0.
 -0.     0.001  0.     0.     0.     0.     0.     0.     0.     0.
  0.     0.     0.     0.     0.     0.     0.     0.     0.     0.
  0.     0.     0.     0.     0.     0.   ]
[ 0.003  0.002  0.002 -0.054 -0.007 -0.002  0.     0.    -0.001  0.
 -0.     0.001  0.     0.     0.     0.     0.     0.     0.     0.
  0.     0.     0.     0.     0.     0.     0.     0.     0.     0.
  0.     0.     0.     0.     0.     0.   ]
[ 0.003  0.002  0.002 -0.053 -0.007 -0.002  0.     0.    -0.001  0.
 -0.     0.001  0.     0.     0.     0.     0.     0.     0.     0.
  0.     0.     0.     0.     0.     0.     0.     0.     0.     0.
  0.     0.     0.     0.     0.     0.   ]
[ 0.003  0.002  0.002 -0.051 -0.006 -0.002  0.     0.    -0.001  0.
 -0.     0.001  0.     0.     0.     0.     0.     0.003  0.     0.
  0.     0.     0.     0.     0.     0.     0.     0.     0.     0.
  0.     0.     0.     0.     0.     0.   ]
Elapsed time: 0.5511346590001267
Solve time for step 8 0.07013082504272461
Current ori: tensor([ 0.0022,  0.0264, -0.2078], device='cuda:0')
Middle force: tensor([1.0100], device='cuda:0')
Thumb force: tensor([1.0056], device='cuda:0')
Index force: tensor([0.5807], device='cuda:0')
[ 0.003  0.002  0.002 -0.051 -0.007 -0.002  0.     0.    -0.001 -0.
 -0.001  0.001  0.     0.     0.     0.     0.     0.     0.     0.
  0.     0.     0.     0.     0.     0.     0.     0.     0.     0.
  0.     0.     0.     0.     0.     0.   ]
[ 0.003  0.002  0.002 -0.05  -0.007 -0.002  0.     0.    -0.001 -0.
 -0.001  0.001  0.     0.     0.     0.     0.     0.001  0.     0.
  0.     0.     0.     0.     0.     0.     0.     0.     0.     0.
  0.     0.     0.     0.     0.     0.   ]
[ 0.003  0.002  0.002 -0.048 -0.006 -0.002  0.     0.    -0.001 -0.
 -0.001  0.001  0.     0.     0.     0.     0.     0.     0.     0.
  0.     0.     0.     0.     0.     0.     0.     0.     0.     0.
  0.     0.     0.     0.     0.     0.   ]
[ 0.002  0.002  0.002 -0.047 -0.006 -0.002  0.001  0.    -0.    -0.
 -0.001  0.001  0.     0.     0.     0.     0.     0.013  0.029  0.
  0.     0.     0.     0.     0.     0.     0.     0.     0.     0.
  0.     0.     0.     0.     0.     0.   ]
Elapsed time: 0.5555628480005907
Solve time for step 9 0.07100033760070801
Current ori: tensor([ 0.0029,  0.0283, -0.2282], device='cuda:0')
Middle force: tensor([1.0766], device='cuda:0')
Thumb force: tensor([1.0816], device='cuda:0')
Index force: tensor([0.6182], device='cuda:0')
[ 0.003  0.002  0.002 -0.047 -0.006 -0.002  0.001  0.    -0.     0.
 -0.001 -0.     0.     0.     0.     0.     0.     0.     0.     0.
  0.     0.     0.     0.     0.     0.     0.     0.     0.     0.
  0.     0.     0.     0.     0.     0.   ]
[ 0.003  0.002  0.002 -0.046 -0.006 -0.002  0.001  0.    -0.     0.
 -0.001 -0.     0.     0.     0.     0.     0.     0.     0.     0.
  0.     0.     0.     0.     0.     0.     0.     0.     0.     0.
  0.     0.     0.     0.     0.     0.   ]
[ 0.002  0.002  0.002 -0.045 -0.006 -0.002  0.001  0.    -0.     0.
 -0.001 -0.     0.     0.     0.     0.     0.     0.     0.     0.
  0.     0.     0.     0.     0.     0.     0.     0.     0.     0.
  0.     0.     0.     0.     0.     0.   ]
[ 0.002  0.002  0.002 -0.043 -0.006 -0.002  0.001  0.    -0.     0.
 -0.001 -0.     0.     0.     0.     0.     0.     0.014  0.     0.
  0.     0.     0.     0.     0.     0.     0.     0.     0.     0.
  0.     0.     0.     0.     0.     0.   ]
Elapsed time: 0.5180745039997419
Solve time for step 10 0.07279634475708008
Current ori: tensor([ 0.0036,  0.0309, -0.2404], device='cuda:0')
Middle force: tensor([1.1243], device='cuda:0')
Thumb force: tensor([1.1464], device='cuda:0')
Index force: tensor([0.6157], device='cuda:0')
[ 0.003  0.002  0.002 -0.042 -0.005 -0.003  0.     0.    -0.001  0.
 -0.001 -0.     0.     0.     0.     0.     0.     0.     0.     0.
  0.     0.     0.     0.     0.     0.     0.     0.     0.     0.
  0.     0.     0.     0.     0.     0.   ]
[ 0.003  0.002  0.002 -0.041 -0.005 -0.003  0.     0.    -0.001  0.
 -0.001 -0.     0.     0.     0.     0.     0.     0.     0.003  0.
  0.     0.     0.     0.     0.     0.     0.     0.     0.     0.
  0.     0.     0.     0.     0.     0.   ]
[ 0.002  0.002  0.002 -0.04  -0.005 -0.003  0.     0.    -0.001  0.
 -0.001 -0.     0.     0.     0.     0.     0.     0.     0.     0.
  0.     0.     0.     0.     0.     0.     0.     0.     0.     0.
  0.     0.     0.     0.     0.     0.   ]
[ 0.002  0.002  0.002 -0.039 -0.005 -0.003  0.     0.    -0.001  0.
 -0.001  0.     0.     0.     0.     0.     0.     0.096  0.103  0.
  0.     0.     0.     0.     0.     0.     0.     0.     0.     0.
  0.     0.     0.     0.     0.     0.   ]
Elapsed time: 0.604642326999965
Solve time for step 11 0.07520174980163574
Current ori: tensor([ 0.0045,  0.0336, -0.2516], device='cuda:0')
Middle force: tensor([1.1878], device='cuda:0')
Thumb force: tensor([1.2885], device='cuda:0')
Index force: tensor([0.6440], device='cuda:0')
[ 0.003  0.002  0.002 -0.039 -0.004 -0.004  0.     0.    -0.001  0.
 -0.    -0.     0.     0.     0.     0.     0.     0.005  0.01   0.
  0.     0.     0.     0.     0.     0.     0.     0.     0.     0.
  0.     0.     0.     0.     0.     0.   ]
[ 0.002  0.002  0.002 -0.036 -0.002 -0.005  0.     0.    -0.     0.
 -0.    -0.     0.     0.     0.     0.     0.     0.     0.     0.
  0.     0.     0.     0.     0.     0.     0.     0.     0.     0.
  0.     0.     0.     0.     0.     0.   ]
[ 0.003  0.002  0.002 -0.038 -0.005 -0.003  0.     0.    -0.     0.
 -0.    -0.     0.     0.     0.     0.     0.     0.061  0.077  0.
  0.     0.     0.     0.     0.     0.     0.     0.     0.     0.
  0.     0.     0.     0.     0.     0.   ]
[ 0.002  0.002  0.002 -0.027  0.004 -0.01   0.     0.    -0.     0.
 -0.    -0.     0.     0.     0.     0.     0.     0.     0.     0.
  0.     0.     0.     0.     0.     0.     0.     0.     0.     0.
  0.     0.     0.     0.     0.     0.   ]
Elapsed time: 0.6180922570001712
Solve time for step 12 0.07171821594238281
Current ori: tensor([ 0.0053,  0.0367, -0.2635], device='cuda:0')
Middle force: tensor([1.2960], device='cuda:0')
Thumb force: tensor([1.3925], device='cuda:0')
Index force: tensor([0.6754], device='cuda:0')
{}
[ models/temporal ] Channel dimensions: [(36, 256), (256, 512), (512, 1024), (1024, 2048)]
Loaded trajectory sampler
Current yaw: tensor([ 2.0987e-06,  1.2399e-02, -5.1553e-02], device='cuda:0')
Solve time for pregrasp 9.552392595000128
pregrasp complete: tensor([ 2.0987e-06,  1.2399e-02, -5.1553e-02], device='cuda:0')
Current yaw: tensor([ 0.0006,  0.0169, -0.0538], device='cuda:0')
1 turn
[ 0.003  0.003  0.003 -0.035  0.038 -0.026  0.001 -0.    -0.     0.
  0.     0.     0.042  0.003  0.024  0.095  0.172  0.212  0.19   0.12
  0.     0.023  0.     0.     0.     0.     0.     0.     0.     0.
  0.     0.027  0.036  0.     0.     0.   ]
[ 0.003  0.002  0.003  0.018  0.008  0.004  0.001 -0.    -0.     0.
  0.     0.     0.     0.     0.     0.     0.     0.     0.029  0.
  0.     0.022  0.     0.     0.     0.     0.     0.     0.     0.
  0.     0.     0.     0.     0.     0.   ]
[ 0.003  0.002  0.003 -0.089  0.071 -0.059  0.001 -0.    -0.     0.
  0.     0.     0.177  0.212  0.295  0.376  0.41   0.375  0.293  0.211
  0.     0.024  0.     0.     0.     0.     0.     0.     0.     0.
  0.288  0.604  0.548  0.151  0.     0.   ]
[ 0.002  0.002  0.002  0.228 -0.05   0.065  0.001 -0.    -0.     0.
  0.     0.     0.     0.     0.     0.     0.     0.     0.     0.
  0.     0.022  0.     0.     0.     0.     0.     0.     0.     0.
  0.     0.     0.     0.     0.     0.   ]
Elapsed time: 0.5471455830002014
Sampling time 0.6045742429996608
Solve time for step 1 0.07283687591552734
Current ori: tensor([ 0.0006,  0.0169, -0.0538], device='cuda:0')
Middle force: tensor([0.6019], device='cuda:0')
Thumb force: tensor([0.5850], device='cuda:0')
Index force: tensor([0.0738], device='cuda:0')
[ 0.003  0.003  0.003  0.019  0.029 -0.017  0.    -0.    -0.001  0.
  0.    -0.002  0.     0.     0.     0.     0.     0.     0.     0.
  0.     0.     0.     0.     0.     0.     0.     0.     0.     0.
  0.     0.     0.     0.     0.     0.   ]
[ 0.003  0.002  0.003  0.019  0.028 -0.017  0.    -0.    -0.001  0.
  0.    -0.002  0.     0.     0.     0.     0.     0.     0.     0.
  0.     0.     0.     0.     0.     0.     0.     0.     0.     0.
  0.     0.     0.     0.     0.     0.   ]
[ 0.003  0.002  0.002  0.018  0.028 -0.016  0.    -0.    -0.001  0.
  0.    -0.001  0.     0.     0.     0.     0.     0.     0.     0.
  0.     0.     0.     0.     0.     0.     0.     0.     0.     0.
  0.     0.     0.     0.     0.     0.   ]
[ 0.003  0.002  0.003  0.018  0.027 -0.016  0.001 -0.    -0.     0.
 -0.    -0.002  0.     0.     0.     0.     0.     0.     0.     0.
  0.     0.     0.     0.     0.     0.     0.     0.     0.     0.
  0.     0.     0.     0.     0.     0.   ]
Elapsed time: 0.5694105009997656
Solve time for step 2 0.07527327537536621
Current ori: tensor([ 0.0007,  0.0198, -0.0701], device='cuda:0')
Middle force: tensor([0.6068], device='cuda:0')
Thumb force: tensor([0.6068], device='cuda:0')
Index force: tensor([0.1043], device='cuda:0')
[ 0.003  0.002  0.003  0.018  0.026 -0.016  0.001 -0.001 -0.001 -0.
 -0.001  0.     0.     0.     0.     0.     0.     0.     0.     0.
  0.     0.     0.     0.     0.     0.     0.     0.     0.     0.
  0.     0.     0.     0.     0.     0.   ]
[ 0.003  0.002  0.003  0.017  0.026 -0.015  0.001 -0.001 -0.001 -0.
 -0.001  0.     0.     0.     0.     0.     0.     0.     0.     0.
  0.     0.     0.     0.     0.     0.     0.     0.     0.     0.
  0.     0.     0.     0.     0.     0.   ]
[ 0.003  0.002  0.003  0.017  0.025 -0.015  0.001 -0.001 -0.001 -0.
 -0.001  0.001  0.     0.     0.     0.     0.     0.     0.     0.
  0.     0.     0.     0.     0.     0.     0.     0.     0.     0.
  0.     0.     0.     0.     0.     0.   ]
[ 0.003  0.002  0.002  0.016  0.025 -0.015  0.002 -0.001 -0.001 -0.
 -0.001  0.001  0.     0.     0.     0.     0.     0.     0.     0.
  0.     0.     0.     0.     0.     0.     0.     0.     0.     0.
  0.     0.     0.     0.     0.     0.   ]
Elapsed time: 0.5676021240005866
Solve time for step 3 0.07567167282104492
Current ori: tensor([ 0.0008,  0.0227, -0.0881], device='cuda:0')
Middle force: tensor([0.6137], device='cuda:0')
Thumb force: tensor([0.6368], device='cuda:0')
Index force: tensor([0.1524], device='cuda:0')
[ 0.003  0.002  0.003  0.017  0.024 -0.015  0.002 -0.    -0.001  0.
 -0.003  0.001  0.     0.     0.     0.     0.     0.     0.     0.
  0.     0.     0.     0.     0.     0.     0.     0.     0.     0.
  0.     0.     0.     0.     0.     0.   ]
[ 0.003  0.002  0.003  0.016  0.023 -0.014  0.002 -0.    -0.001  0.
 -0.003  0.001  0.     0.     0.     0.     0.     0.     0.     0.
  0.     0.     0.     0.     0.     0.     0.     0.     0.     0.
  0.     0.     0.     0.     0.     0.   ]
[ 0.003  0.002  0.002  0.015  0.023 -0.014  0.002 -0.    -0.001  0.
 -0.002  0.002  0.     0.     0.     0.     0.     0.     0.     0.
  0.     0.     0.     0.     0.     0.     0.     0.     0.     0.
  0.     0.     0.     0.     0.     0.   ]
[ 0.003  0.002  0.002  0.015  0.022 -0.013  0.002 -0.001 -0.001  0.
 -0.003  0.001  0.     0.     0.     0.     0.     0.     0.     0.
  0.     0.     0.     0.     0.     0.     0.     0.     0.     0.
  0.     0.     0.     0.     0.     0.   ]
Elapsed time: 0.5800565749996167
Solve time for step 4 0.07147216796875
Current ori: tensor([ 0.0006,  0.0255, -0.1079], device='cuda:0')
Middle force: tensor([0.6383], device='cuda:0')
Thumb force: tensor([0.6431], device='cuda:0')
Index force: tensor([0.1874], device='cuda:0')
[ 0.003  0.002  0.002  0.015  0.022 -0.014  0.001 -0.    -0.001  0.
 -0.004  0.001  0.     0.     0.     0.     0.     0.     0.     0.
  0.     0.     0.     0.     0.     0.     0.     0.     0.     0.
  0.     0.     0.     0.     0.     0.   ]
[ 0.003  0.002  0.002  0.015  0.021 -0.013  0.001 -0.001 -0.001  0.
 -0.004  0.001  0.     0.     0.     0.     0.     0.     0.     0.
  0.     0.     0.     0.     0.     0.     0.     0.     0.     0.
  0.     0.     0.     0.     0.     0.   ]
[ 0.003  0.002  0.002  0.014  0.021 -0.013  0.001  0.    -0.001  0.
 -0.003  0.002  0.     0.     0.     0.     0.     0.     0.     0.
  0.     0.     0.     0.     0.     0.     0.     0.     0.     0.
  0.     0.     0.     0.     0.     0.   ]
[ 0.002  0.003  0.002  0.014  0.021 -0.013  0.002 -0.002 -0.002  0.
 -0.005  0.001  0.     0.     0.     0.     0.     0.     0.     0.
  0.     0.     0.     0.     0.     0.     0.     0.     0.     0.
  0.     0.     0.     0.     0.     0.   ]
Elapsed time: 0.5736790790006125
Solve time for step 5 0.07470965385437012
Current ori: tensor([ 0.0007,  0.0281, -0.1267], device='cuda:0')
Middle force: tensor([0.7017], device='cuda:0')
Thumb force: tensor([0.6497], device='cuda:0')
Index force: tensor([0.2273], device='cuda:0')
[ 0.003  0.003  0.002  0.014  0.02  -0.013  0.001 -0.001 -0.001  0.
 -0.004  0.002  0.     0.     0.     0.     0.     0.     0.     0.
  0.     0.     0.     0.     0.     0.     0.     0.     0.     0.
  0.     0.     0.     0.     0.     0.   ]
[ 0.003  0.002  0.002  0.013  0.02  -0.012  0.001 -0.001 -0.001  0.
 -0.005  0.002  0.     0.     0.     0.     0.     0.     0.     0.
  0.     0.     0.     0.     0.     0.     0.     0.     0.     0.
  0.     0.     0.     0.     0.     0.   ]
[ 0.003  0.002  0.002  0.013  0.019 -0.012  0.001 -0.001 -0.001  0.
 -0.003  0.003  0.     0.     0.     0.     0.     0.     0.     0.
  0.     0.     0.     0.     0.     0.     0.     0.     0.     0.
  0.     0.     0.     0.     0.     0.   ]
[ 0.002  0.003  0.002  0.013  0.019 -0.012  0.002 -0.003 -0.002 -0.
 -0.006  0.001  0.     0.     0.     0.     0.     0.     0.     0.
  0.     0.     0.     0.     0.     0.     0.     0.     0.     0.
  0.     0.     0.     0.     0.     0.   ]
Elapsed time: 0.5810952050005653
Solve time for step 6 0.0733952522277832
Current ori: tensor([ 0.0009,  0.0308, -0.1448], device='cuda:0')
Middle force: tensor([0.7814], device='cuda:0')
Thumb force: tensor([0.6829], device='cuda:0')
Index force: tensor([0.2495], device='cuda:0')
[ 0.003  0.003  0.002  0.013  0.018 -0.012  0.001 -0.001 -0.001  0.
 -0.005  0.001  0.     0.     0.     0.     0.     0.     0.     0.
  0.     0.     0.     0.     0.     0.     0.     0.     0.     0.
  0.     0.     0.     0.     0.     0.   ]
[ 0.003  0.002  0.002  0.012  0.018 -0.011  0.001 -0.001 -0.001  0.
 -0.005  0.001  0.     0.     0.     0.     0.     0.     0.     0.
  0.     0.     0.     0.     0.     0.     0.     0.     0.     0.
  0.     0.     0.     0.     0.     0.   ]
[ 0.003  0.002  0.002  0.012  0.017 -0.011  0.001 -0.001 -0.001  0.
 -0.005  0.001  0.     0.     0.     0.     0.     0.     0.     0.
  0.     0.     0.     0.     0.     0.     0.     0.     0.     0.
  0.     0.     0.     0.     0.     0.   ]
[ 0.002  0.002  0.002  0.012  0.017 -0.011  0.001 -0.002 -0.001 -0.
 -0.006  0.001  0.     0.     0.     0.     0.     0.     0.     0.
  0.     0.     0.     0.     0.     0.     0.     0.     0.     0.
  0.     0.     0.     0.     0.     0.   ]
Elapsed time: 0.5706937160002781
Solve time for step 7 0.07292771339416504
Current ori: tensor([ 0.0013,  0.0331, -0.1630], device='cuda:0')
Middle force: tensor([0.8442], device='cuda:0')
Thumb force: tensor([0.7132], device='cuda:0')
Index force: tensor([0.2573], device='cuda:0')
[ 0.003  0.002  0.002  0.012  0.016 -0.011  0.001 -0.001 -0.001  0.
 -0.007  0.002  0.     0.     0.     0.     0.     0.     0.     0.
  0.     0.     0.     0.     0.     0.     0.     0.     0.     0.
  0.     0.     0.     0.     0.     0.   ]
[ 0.003  0.002  0.002  0.011  0.016 -0.011  0.001 -0.001 -0.001  0.
 -0.007  0.002  0.     0.     0.     0.     0.     0.     0.     0.
  0.     0.     0.     0.     0.     0.     0.     0.     0.     0.
  0.     0.     0.     0.     0.     0.   ]
[ 0.002  0.002  0.002  0.011  0.016 -0.01   0.001 -0.001 -0.001  0.
 -0.006  0.002  0.     0.     0.     0.     0.     0.     0.     0.
  0.     0.     0.     0.     0.     0.     0.     0.     0.     0.
  0.     0.     0.     0.     0.     0.   ]
[ 0.003  0.002  0.002  0.011  0.015 -0.01   0.001 -0.001 -0.001  0.
 -0.008  0.002  0.     0.     0.     0.     0.     0.     0.     0.
  0.     0.     0.     0.     0.     0.     0.     0.     0.     0.
  0.     0.     0.     0.     0.     0.   ]
Elapsed time: 0.6114148950000526
Solve time for step 8 0.07346177101135254
Current ori: tensor([ 0.0020,  0.0357, -0.1792], device='cuda:0')
Middle force: tensor([0.9191], device='cuda:0')
Thumb force: tensor([0.7509], device='cuda:0')
Index force: tensor([0.2805], device='cuda:0')
[ 0.003  0.002  0.002  0.011  0.015 -0.01   0.001 -0.001 -0.     0.
 -0.009  0.002  0.     0.     0.     0.     0.     0.     0.     0.
  0.     0.     0.     0.     0.     0.     0.     0.     0.     0.
  0.     0.     0.     0.     0.     0.   ]
[ 0.003  0.002  0.002  0.01   0.014 -0.01   0.001 -0.001 -0.     0.
 -0.009  0.002  0.     0.     0.     0.     0.     0.     0.     0.
  0.     0.     0.     0.     0.     0.     0.     0.     0.     0.
  0.     0.     0.     0.     0.     0.   ]
[ 0.003  0.002  0.002  0.01   0.013 -0.01   0.001 -0.001 -0.     0.
 -0.006  0.003  0.     0.     0.     0.     0.     0.     0.     0.
  0.     0.     0.     0.     0.     0.     0.     0.     0.     0.
  0.     0.     0.     0.     0.     0.   ]
[ 0.003  0.002  0.002  0.01   0.015 -0.009  0.001 -0.002 -0.001  0.
 -0.014  0.001  0.     0.     0.     0.     0.     0.     0.     0.017
  0.     0.     0.     0.     0.     0.     0.     0.     0.     0.
  0.     0.     0.     0.     0.     0.   ]
Elapsed time: 0.6099403879998135
Solve time for step 9 0.07163023948669434
Current ori: tensor([ 0.0027,  0.0382, -0.1958], device='cuda:0')
Middle force: tensor([0.9271], device='cuda:0')
Thumb force: tensor([0.7544], device='cuda:0')
Index force: tensor([0.3085], device='cuda:0')
[ 0.003  0.002  0.002  0.01   0.013 -0.01   0.    -0.001  0.001 -0.
 -0.005  0.002  0.     0.     0.     0.     0.     0.     0.     0.006
  0.     0.     0.     0.     0.     0.     0.     0.     0.     0.
  0.     0.     0.     0.     0.     0.   ]
[ 0.003  0.002  0.002  0.009  0.013 -0.009  0.    -0.001  0.001 -0.
 -0.005  0.002  0.     0.     0.     0.     0.     0.     0.     0.004
  0.     0.     0.     0.     0.     0.     0.     0.     0.     0.
  0.     0.     0.     0.     0.     0.   ]
[ 0.003  0.002  0.002  0.009  0.012 -0.01   0.    -0.001  0.001 -0.
 -0.003  0.002  0.     0.     0.     0.     0.     0.     0.     0.
  0.     0.     0.     0.     0.     0.     0.     0.     0.     0.
  0.     0.     0.     0.     0.     0.   ]
[ 0.002  0.002  0.002  0.009  0.013 -0.009  0.    -0.002  0.    -0.
 -0.008  0.001  0.     0.     0.     0.     0.     0.     0.     0.005
  0.     0.     0.     0.     0.     0.     0.     0.     0.     0.
  0.     0.     0.     0.     0.     0.   ]
Elapsed time: 0.5555352440005663
Solve time for step 10 0.07288002967834473
Current ori: tensor([ 0.0031,  0.0406, -0.2140], device='cuda:0')
Middle force: tensor([0.9373], device='cuda:0')
Thumb force: tensor([0.6859], device='cuda:0')
Index force: tensor([0.3292], device='cuda:0')
[ 0.003  0.002  0.002  0.009  0.012 -0.009  0.001 -0.001  0.001 -0.
 -0.005  0.002  0.     0.     0.     0.     0.     0.     0.     0.
  0.     0.     0.     0.     0.     0.     0.     0.     0.     0.
  0.     0.     0.     0.     0.     0.   ]
[ 0.003  0.002  0.002  0.008  0.012 -0.009  0.001 -0.001  0.001 -0.
 -0.005  0.002  0.     0.     0.     0.     0.     0.     0.     0.
  0.     0.     0.     0.     0.     0.     0.     0.     0.     0.
  0.     0.     0.     0.     0.     0.   ]
[ 0.003  0.002  0.002  0.008  0.01  -0.009  0.001 -0.001  0.002 -0.
 -0.002  0.003  0.     0.     0.     0.     0.     0.     0.     0.
  0.     0.     0.     0.     0.     0.     0.     0.     0.     0.
  0.     0.     0.     0.     0.     0.   ]
[ 0.002  0.002  0.002  0.008  0.013 -0.008  0.002 -0.002 -0.     0.
 -0.009  0.001  0.     0.     0.     0.     0.     0.     0.     0.018
  0.     0.     0.     0.     0.     0.     0.     0.     0.     0.
  0.     0.     0.     0.     0.     0.   ]
Elapsed time: 0.5641239249998762
Solve time for step 11 0.07242870330810547
Current ori: tensor([ 0.0035,  0.0423, -0.2324], device='cuda:0')
Middle force: tensor([0.9872], device='cuda:0')
Thumb force: tensor([0.6823], device='cuda:0')
Index force: tensor([0.3487], device='cuda:0')
[ 0.003  0.002  0.002  0.007  0.011 -0.009  0.    -0.     0.    -0.
 -0.002  0.001  0.     0.     0.     0.     0.     0.     0.     0.
  0.     0.     0.     0.     0.     0.     0.     0.     0.     0.
  0.     0.     0.     0.     0.     0.   ]
[ 0.003  0.002  0.002  0.007  0.011 -0.009  0.    -0.     0.    -0.
 -0.002  0.001  0.     0.     0.     0.     0.     0.     0.     0.
  0.     0.     0.     0.     0.     0.     0.     0.     0.     0.
  0.     0.     0.     0.     0.     0.   ]
[ 0.003  0.002  0.002  0.007  0.011 -0.009  0.    -0.001  0.    -0.
 -0.002  0.001  0.     0.     0.     0.     0.     0.     0.     0.007
  0.     0.     0.     0.     0.     0.     0.     0.     0.     0.
  0.     0.     0.     0.     0.     0.   ]
[ 0.003  0.002  0.002  0.006  0.011 -0.009  0.    -0.001  0.    -0.
 -0.002  0.002  0.     0.     0.     0.     0.     0.     0.     0.
  0.     0.     0.     0.     0.     0.     0.     0.     0.     0.
  0.     0.     0.     0.     0.     0.   ]
Elapsed time: 0.572523806999925
Solve time for step 12 0.07263445854187012
Current ori: tensor([ 0.0038,  0.0433, -0.2548], device='cuda:0')
Middle force: tensor([0.9878], device='cuda:0')
Thumb force: tensor([0.6775], device='cuda:0')
Index force: tensor([0.3746], device='cuda:0')
{}
