Importing module 'gym_38' (/home/abhinav/Downloads/IsaacGym_Preview_4_Package/isaacgym/python/isaacgym/_bindings/linux-x86_64/gym_38.so)
Setting GYM_USD_PLUG_INFO_PATH to /home/abhinav/Downloads/IsaacGym_Preview_4_Package/isaacgym/python/isaacgym/_bindings/linux-x86_64/usd/plugInfo.json
PyTorch version 2.4.0+cu121
Device count 2
/home/abhinav/Downloads/IsaacGym_Preview_4_Package/isaacgym/python/isaacgym/_bindings/src/gymtorch
ninja: no work to do.
CCAI_PATH /home/abhinav/Documents/ccai
Not connected to PVD
Physics Engine: PhysX
Physics Device: cpu
GPU Pipeline: disabled
Using VHACD cache directory '/home/abhinav/.isaacgym/vhacd'
Found existing convex decomposition for mesh '/home/abhinav/Documents/github/isaacgym-arm-envs/isaac_victor_envs/assets/xela_models/mesh/allegro/base_ns.stl'
Found existing convex decomposition for mesh '/home/abhinav/Documents/github/isaacgym-arm-envs/isaac_victor_envs/assets/xela_models/mesh/allegro/link_1.0.stl'
Found existing convex decomposition for mesh '/home/abhinav/Documents/github/isaacgym-arm-envs/isaac_victor_envs/assets/xela_models/mesh/ft_c.stl'
[ models/temporal ] Channel dimensions: [(36, 256), (256, 512), (512, 1024), (1024, 2048)]
Loaded trajectory sampler
Current yaw: tensor([ 0.0008,  0.0108, -0.1268], device='cuda:0')
Solve time for pregrasp 10.167205990001094
pregrasp complete: tensor([ 0.0008,  0.0108, -0.1268], device='cuda:0')
Current yaw: tensor([ 0.0014,  0.0130, -0.1180], device='cuda:0')
1 turn
[ 0.003  0.003  0.003 -0.036 -0.019  0.032 -0.022  0.03   0.046  0.036
  0.055  0.023  0.019  0.01   0.13  -0.01   0.031 -0.056  0.    -0.
 -0.     0.    -0.    -0.     0.     0.     0.     0.     0.018  0.174
  0.204  0.09   0.     0.03   0.072  0.     0.     0.     0.     0.
  0.019  0.     0.     0.     0.     0.     0.136  0.151]
Before adj: (0.0, -0.091, -0.008)
After adj: (0.0, -0.091, -0.005)
Diff: (0.0, 0.0, 0.003)
ddx increased
[ 0.003  0.003  0.003 -0.036 -0.019  0.031 -0.022  0.03   0.046  0.036
  0.055  0.023  0.019  0.01   0.129 -0.011  0.031 -0.056  0.    -0.
 -0.     0.    -0.    -0.     0.     0.     0.     0.     0.017  0.172
  0.203  0.089  0.     0.029  0.071  0.     0.     0.     0.     0.
  0.013  0.     0.     0.     0.     0.     0.13   0.144]
Before adj: (-0.0, -0.091, -0.006)
After adj: (-0.0, -0.091, -0.004)
Diff: (0.0, 0.0, 0.002)
ddx increased
[ 0.003  0.003  0.003 -0.035 -0.019  0.031 -0.022  0.03   0.046  0.036
  0.055  0.023  0.019  0.01   0.129 -0.011  0.031 -0.056  0.    -0.
 -0.     0.    -0.    -0.     0.     0.     0.     0.     0.016  0.171
  0.202  0.089  0.     0.027  0.069  0.     0.     0.     0.     0.
  0.008  0.     0.     0.     0.     0.     0.124  0.138]
Before adj: (-0.0, -0.091, -0.005)
After adj: (-0.0, -0.091, -0.003)
Diff: (0.0, 0.0, 0.002)
ddx increased
[ 0.003  0.003  0.003 -0.034 -0.018  0.031 -0.022  0.03   0.046  0.036
  0.055  0.023  0.019  0.01   0.128 -0.011  0.03  -0.056  0.    -0.
 -0.     0.    -0.    -0.     0.     0.     0.     0.     0.014  0.169
  0.199  0.088  0.     0.027  0.069  0.     0.     0.     0.     0.
  0.002  0.     0.     0.     0.     0.     0.118  0.13 ]
Before adj: (-0.0, -0.091, -0.004)
After adj: (-0.0, -0.091, -0.003)
Diff: (0.0, 0.0, 0.001)
ddx increased
[ 0.003  0.003  0.003 -0.013 -0.016  0.025  0.015 -0.004  0.026  0.029
  0.043  0.019  0.01   0.002  0.11  -0.023  0.025 -0.06   0.    -0.
 -0.     0.    -0.    -0.     0.     0.     0.     0.     0.     0.
  0.     0.     0.     0.     0.     0.     0.     0.     0.     0.
  0.     0.     0.     0.     0.     0.     0.015  0.   ]
Before adj: (-0.0, -0.091, -0.012)
After adj: (-0.0, -0.091, -0.011)
Diff: (0.0, 0.0, 0.0010000000000000009)
ddx increased
[ 0.003  0.003  0.003 -0.013 -0.016  0.025  0.015 -0.004  0.026  0.029
  0.043  0.019  0.01   0.002  0.11  -0.023  0.025 -0.06   0.    -0.
 -0.     0.    -0.    -0.     0.     0.     0.     0.     0.     0.
  0.     0.     0.     0.     0.     0.     0.     0.     0.     0.
  0.     0.     0.     0.     0.     0.     0.015  0.   ]
Before adj: (-0.0, -0.091, -0.012)
After adj: (-0.0, -0.091, -0.012)
Diff: (0.0, 0.0, 0.0)
[ 0.003  0.003  0.003 -0.013 -0.016  0.025  0.015 -0.004  0.026  0.029
  0.043  0.019  0.01   0.002  0.11  -0.023  0.025 -0.06   0.    -0.
 -0.     0.    -0.    -0.     0.     0.     0.     0.     0.     0.
  0.     0.     0.     0.     0.     0.     0.     0.     0.     0.
  0.     0.     0.     0.     0.     0.     0.015  0.   ]
Before adj: (-0.0, -0.091, -0.015)
After adj: (-0.0, -0.091, -0.014)
Diff: (0.0, 0.0, 0.0009999999999999992)
ddx increased
[ 0.003  0.003  0.003 -0.013 -0.016  0.025  0.015 -0.004  0.026  0.029
  0.043  0.019  0.01   0.002  0.11  -0.023  0.025 -0.06   0.    -0.
 -0.     0.    -0.    -0.     0.     0.     0.     0.     0.     0.
  0.     0.     0.     0.     0.     0.     0.     0.     0.     0.
  0.     0.     0.     0.     0.     0.     0.015  0.   ]
Before adj: (-0.001, -0.091, -0.019)
After adj: (-0.001, -0.091, -0.019)
Diff: (0.0, 0.0, 0.0)
[ 0.003  0.003  0.003 -0.013 -0.016  0.025  0.015 -0.004  0.026  0.029
  0.043  0.019  0.01   0.002  0.11  -0.023  0.025 -0.06   0.    -0.
 -0.     0.    -0.    -0.     0.     0.     0.     0.     0.     0.
  0.     0.     0.     0.     0.     0.     0.     0.     0.     0.
  0.     0.     0.     0.     0.     0.     0.015  0.   ]
Before adj: (-0.001, -0.091, -0.019)
After adj: (-0.001, -0.091, -0.019)
Diff: (0.0, 0.0, 0.0)
[ 0.003  0.003  0.003 -0.013 -0.016  0.025  0.015 -0.004  0.026  0.029
  0.043  0.019  0.01   0.002  0.11  -0.023  0.025 -0.06   0.    -0.
 -0.     0.    -0.    -0.     0.     0.     0.     0.     0.     0.
  0.     0.     0.     0.     0.     0.     0.     0.     0.     0.
  0.     0.     0.     0.     0.     0.     0.015  0.   ]
Before adj: (-0.001, -0.091, -0.026)
After adj: (-0.001, -0.091, -0.026)
Diff: (0.0, 0.0, 0.0)
[ 0.003  0.003  0.003 -0.013 -0.016  0.025  0.015 -0.004  0.026  0.029
  0.043  0.019  0.01   0.002  0.11  -0.023  0.025 -0.06   0.    -0.
 -0.     0.    -0.    -0.     0.     0.     0.     0.     0.     0.
  0.     0.     0.     0.     0.     0.     0.     0.     0.     0.
  0.     0.     0.     0.     0.     0.     0.015  0.   ]
Before adj: (-0.001, -0.091, -0.032)
After adj: (-0.001, -0.091, -0.032)
Diff: (0.0, 0.0, 0.0)
[ 0.003  0.003  0.003 -0.013 -0.016  0.025  0.015 -0.004  0.026  0.029
  0.043  0.019  0.01   0.002  0.11  -0.023  0.025 -0.06   0.    -0.
 -0.     0.    -0.    -0.     0.     0.     0.     0.     0.     0.
  0.     0.     0.     0.     0.     0.     0.     0.     0.     0.
  0.     0.     0.     0.     0.     0.     0.015  0.   ]
Before adj: (-0.001, -0.091, -0.039)
After adj: (-0.001, -0.091, -0.037)
Diff: (0.0, 0.0, 0.0020000000000000018)
ddx increased
[ 0.003  0.003  0.003 -0.013 -0.016  0.025  0.015 -0.004  0.026  0.029
  0.043  0.019  0.01   0.002  0.11  -0.023  0.025 -0.06   0.    -0.
 -0.     0.    -0.    -0.     0.     0.     0.     0.     0.     0.
  0.     0.     0.     0.     0.     0.     0.     0.     0.     0.
  0.     0.     0.     0.     0.     0.     0.015  0.   ]
Before adj: (-0.001, -0.091, -0.039)
After adj: (-0.001, -0.091, -0.037)
Diff: (0.0, 0.0, 0.0020000000000000018)
ddx increased
[ 0.003  0.003  0.003 -0.013 -0.015  0.025  0.015 -0.004  0.026  0.029
  0.043  0.019  0.01   0.002  0.11  -0.023  0.025 -0.06   0.    -0.
 -0.     0.    -0.    -0.     0.     0.     0.     0.     0.     0.
  0.     0.     0.     0.     0.     0.     0.     0.     0.     0.
  0.     0.     0.     0.     0.     0.     0.015  0.   ]
Before adj: (-0.001, -0.091, -0.044)
After adj: (-0.001, -0.091, -0.042)
Diff: (0.0, 0.0, 0.001999999999999995)
ddx increased
[ 0.003  0.003  0.003 -0.013 -0.015  0.025  0.015 -0.004  0.026  0.029
  0.043  0.019  0.01   0.002  0.11  -0.023  0.025 -0.06   0.    -0.
 -0.     0.    -0.    -0.     0.     0.     0.     0.     0.     0.
  0.     0.     0.     0.     0.     0.     0.     0.     0.     0.
  0.     0.     0.     0.     0.     0.     0.016  0.   ]
Before adj: (-0.001, -0.091, -0.048)
After adj: (-0.001, -0.091, -0.046)
Diff: (0.0, 0.0, 0.0020000000000000018)
ddx increased
[ 0.003  0.003  0.003 -0.013 -0.015  0.025  0.015 -0.004  0.026  0.029
  0.043  0.019  0.01   0.002  0.11  -0.023  0.025 -0.06   0.    -0.
 -0.     0.    -0.    -0.     0.     0.     0.     0.     0.     0.
  0.     0.     0.     0.     0.     0.     0.     0.     0.     0.
  0.     0.     0.     0.     0.     0.     0.016  0.   ]
Before adj: (-0.001, -0.091, -0.051)
After adj: (-0.001, -0.091, -0.048)
Diff: (0.0, 0.0, 0.0029999999999999957)
ddx increased
[ 0.003  0.003  0.003 -0.013 -0.015  0.025  0.015 -0.004  0.026  0.029
  0.043  0.019  0.01   0.002  0.11  -0.023  0.025 -0.06   0.    -0.
 -0.     0.    -0.    -0.     0.     0.     0.     0.     0.     0.
  0.     0.     0.     0.     0.     0.     0.     0.     0.     0.
  0.     0.     0.     0.     0.     0.     0.016  0.   ]
Before adj: (-0.001, -0.091, -0.051)
After adj: (-0.001, -0.091, -0.048)
Diff: (0.0, 0.0, 0.0029999999999999957)
ddx increased
[ 0.003  0.003  0.003 -0.013 -0.015  0.025  0.015 -0.004  0.026  0.029
  0.042  0.019  0.01   0.002  0.11  -0.023  0.025 -0.06   0.    -0.
 -0.     0.    -0.    -0.     0.     0.     0.     0.     0.     0.
  0.     0.     0.     0.     0.     0.     0.     0.     0.     0.
  0.     0.     0.     0.     0.     0.     0.016  0.   ]
Before adj: (-0.001, -0.091, -0.052)
After adj: (-0.001, -0.091, -0.049)
Diff: (0.0, 0.0, 0.0029999999999999957)
ddx increased
[ 0.003  0.003  0.003 -0.013 -0.015  0.025  0.015 -0.004  0.026  0.029
  0.042  0.019  0.01   0.002  0.11  -0.023  0.025 -0.06   0.    -0.
 -0.     0.    -0.    -0.     0.     0.     0.     0.     0.     0.
  0.     0.     0.     0.     0.     0.     0.     0.     0.     0.
  0.     0.     0.     0.     0.     0.     0.016  0.   ]
Before adj: (-0.001, -0.091, -0.052)
After adj: (-0.001, -0.091, -0.049)
Diff: (0.0, 0.0, 0.0029999999999999957)
ddx increased
[ 0.003  0.003  0.003 -0.013 -0.015  0.025  0.015 -0.004  0.026  0.029
  0.042  0.019  0.01   0.002  0.11  -0.023  0.025 -0.06   0.    -0.
 -0.     0.    -0.    -0.     0.     0.     0.     0.     0.     0.
  0.     0.     0.     0.     0.     0.     0.     0.     0.     0.
  0.     0.     0.     0.     0.     0.     0.016  0.   ]
Before adj: (-0.001, -0.091, -0.052)
After adj: (-0.001, -0.091, -0.048)
Diff: (0.0, 0.0, 0.003999999999999997)
ddx increased
[ 0.003  0.003  0.003 -0.013 -0.015  0.025  0.015 -0.004  0.026  0.029
  0.042  0.019  0.01   0.002  0.11  -0.023  0.025 -0.06   0.    -0.
 -0.     0.    -0.    -0.     0.     0.     0.     0.     0.     0.
  0.     0.     0.     0.     0.     0.     0.     0.     0.     0.
  0.     0.     0.     0.     0.     0.     0.016  0.   ]
Before adj: (-0.001, -0.091, -0.052)
After adj: (-0.001, -0.091, -0.048)
Diff: (0.0, 0.0, 0.003999999999999997)
ddx increased
[ 0.003  0.003  0.003 -0.013 -0.015  0.025  0.015 -0.004  0.026  0.029
  0.042  0.019  0.01   0.002  0.11  -0.023  0.025 -0.06   0.    -0.
 -0.     0.    -0.    -0.     0.     0.     0.     0.     0.     0.
  0.     0.     0.     0.     0.     0.     0.     0.     0.     0.
  0.     0.     0.     0.     0.     0.     0.015  0.   ]
Before adj: (-0.001, -0.091, -0.051)
After adj: (-0.001, -0.091, -0.048)
Diff: (0.0, 0.0, 0.0029999999999999957)
ddx increased
[ 0.003  0.003  0.003 -0.013 -0.015  0.025  0.015 -0.004  0.026  0.029
  0.042  0.019  0.01   0.002  0.11  -0.023  0.025 -0.06   0.    -0.
 -0.     0.    -0.    -0.     0.     0.     0.     0.     0.     0.
  0.     0.     0.     0.     0.     0.     0.     0.     0.     0.
  0.     0.     0.     0.     0.     0.     0.015  0.   ]
Before adj: (-0.002, -0.091, -0.051)
After adj: (-0.002, -0.091, -0.048)
Diff: (0.0, 0.0, 0.0029999999999999957)
ddx increased
[ 0.003  0.003  0.003 -0.013 -0.015  0.025  0.015 -0.004  0.026  0.029
  0.042  0.019  0.01   0.002  0.11  -0.023  0.025 -0.06   0.    -0.
 -0.     0.    -0.    -0.     0.     0.     0.     0.     0.     0.
  0.     0.     0.     0.     0.     0.     0.     0.     0.     0.
  0.     0.     0.     0.     0.     0.     0.015  0.   ]
Before adj: (-0.002, -0.091, -0.051)
After adj: (-0.002, -0.091, -0.048)
Diff: (0.0, 0.0, 0.0029999999999999957)
ddx increased
[ 0.003  0.003  0.003 -0.013 -0.015  0.025  0.015 -0.004  0.026  0.029
  0.042  0.019  0.01   0.002  0.11  -0.023  0.025 -0.06   0.    -0.
 -0.     0.    -0.    -0.     0.     0.     0.     0.     0.     0.
  0.     0.     0.     0.     0.     0.     0.     0.     0.     0.
  0.     0.     0.     0.     0.     0.     0.015  0.   ]
Before adj: (-0.002, -0.091, -0.051)
After adj: (-0.002, -0.091, -0.048)
Diff: (0.0, 0.0, 0.0029999999999999957)
ddx increased
[ 0.003  0.003  0.003 -0.013 -0.015  0.025  0.015 -0.004  0.026  0.029
  0.042  0.019  0.01   0.002  0.11  -0.023  0.025 -0.06   0.    -0.
 -0.     0.    -0.    -0.     0.     0.     0.     0.     0.     0.
  0.     0.     0.     0.     0.     0.     0.     0.     0.     0.
  0.     0.     0.     0.     0.     0.     0.015  0.   ]
Before adj: (-0.002, -0.091, -0.053)
After adj: (-0.002, -0.091, -0.05)
Diff: (0.0, 0.0, 0.0029999999999999957)
ddx increased
[ 0.003  0.003  0.003 -0.013 -0.015  0.025  0.015 -0.004  0.026  0.029
  0.042  0.019  0.01   0.002  0.11  -0.023  0.025 -0.06   0.    -0.
 -0.     0.    -0.    -0.     0.     0.     0.     0.     0.     0.
  0.     0.     0.     0.     0.     0.     0.     0.     0.     0.
  0.     0.     0.     0.     0.     0.     0.015  0.   ]
Before adj: (-0.002, -0.091, -0.054)
After adj: (-0.002, -0.091, -0.053)
Diff: (0.0, 0.0, 0.0010000000000000009)
ddx increased
[ 0.003  0.003  0.003 -0.013 -0.015  0.025  0.015 -0.004  0.026  0.029
  0.042  0.019  0.01   0.002  0.11  -0.023  0.025 -0.06   0.    -0.
 -0.     0.    -0.    -0.     0.     0.     0.     0.     0.     0.
  0.     0.     0.     0.     0.     0.     0.     0.     0.     0.
  0.     0.     0.     0.     0.     0.     0.015  0.   ]
Before adj: (-0.002, -0.091, -0.055)
After adj: (-0.002, -0.091, -0.055)
Diff: (0.0, 0.0, 0.0)
[ 0.003  0.003  0.003 -0.013 -0.015  0.025  0.015 -0.004  0.026  0.029
  0.042  0.019  0.01   0.002  0.11  -0.023  0.025 -0.06   0.    -0.
 -0.     0.    -0.    -0.     0.     0.     0.     0.     0.     0.
  0.     0.     0.     0.     0.     0.     0.     0.     0.     0.
  0.     0.     0.     0.     0.     0.     0.015  0.   ]
Before adj: (-0.002, -0.091, -0.055)
After adj: (-0.002, -0.091, -0.055)
Diff: (0.0, 0.0, 0.0)
[ 0.003  0.003  0.003 -0.013 -0.015  0.025  0.015 -0.004  0.026  0.029
  0.042  0.019  0.01   0.002  0.11  -0.023  0.025 -0.06   0.    -0.
 -0.     0.    -0.    -0.     0.     0.     0.     0.     0.     0.
  0.     0.     0.     0.     0.     0.     0.     0.     0.     0.
  0.     0.     0.     0.     0.     0.     0.015  0.   ]
Before adj: (-0.002, -0.091, -0.054)
After adj: (-0.002, -0.091, -0.055)
Diff: (0.0, 0.0, -0.0010000000000000009)
[ 0.003  0.003  0.003 -0.013 -0.015  0.025  0.015 -0.004  0.026  0.029
  0.042  0.019  0.01   0.002  0.11  -0.023  0.025 -0.06   0.    -0.
 -0.     0.    -0.    -0.     0.     0.     0.     0.     0.     0.
  0.     0.     0.     0.     0.     0.     0.     0.     0.     0.
  0.     0.     0.     0.     0.     0.     0.015  0.   ]
Before adj: (-0.002, -0.092, -0.051)
After adj: (-0.002, -0.092, -0.053)
Diff: (0.0, 0.0, -0.0020000000000000018)
[ 0.003  0.003  0.003 -0.013 -0.015  0.025  0.015 -0.004  0.026  0.029
  0.042  0.019  0.01   0.002  0.11  -0.023  0.025 -0.06   0.    -0.
 -0.     0.    -0.    -0.     0.     0.     0.     0.     0.     0.
  0.     0.     0.     0.     0.     0.     0.     0.     0.     0.
  0.     0.     0.     0.     0.     0.     0.015  0.   ]
Before adj: (-0.002, -0.092, -0.047)
After adj: (-0.002, -0.092, -0.051)
Diff: (0.0, 0.0, -0.003999999999999997)
[ 0.003  0.003  0.003 -0.013 -0.015  0.025  0.015 -0.004  0.026  0.029
  0.042  0.019  0.01   0.002  0.11  -0.023  0.025 -0.06   0.    -0.
 -0.     0.    -0.    -0.     0.     0.     0.     0.     0.     0.
  0.     0.     0.     0.     0.     0.     0.     0.     0.     0.
  0.     0.     0.     0.     0.     0.     0.015  0.   ]
Before adj: (-0.002, -0.092, -0.047)
After adj: (-0.002, -0.092, -0.051)
Diff: (0.0, 0.0, -0.003999999999999997)
[ 0.003  0.003  0.003 -0.013 -0.015  0.025  0.015 -0.004  0.026  0.029
  0.042  0.019  0.01   0.002  0.11  -0.023  0.025 -0.06   0.    -0.
 -0.     0.    -0.    -0.     0.     0.     0.     0.     0.     0.
  0.     0.     0.     0.     0.     0.     0.     0.     0.     0.
  0.     0.     0.     0.     0.     0.     0.015  0.   ]
Before adj: (-0.002, -0.092, -0.043)
After adj: (-0.002, -0.092, -0.047)
Diff: (0.0, 0.0, -0.0040000000000000036)
[ 0.003  0.003  0.003 -0.013 -0.015  0.025  0.015 -0.004  0.026  0.029
  0.042  0.019  0.01   0.002  0.11  -0.023  0.025 -0.06   0.    -0.
 -0.     0.    -0.    -0.     0.     0.     0.     0.     0.     0.
  0.     0.     0.     0.     0.     0.     0.     0.     0.     0.
  0.     0.     0.     0.     0.     0.     0.015  0.   ]
Before adj: (-0.002, -0.092, -0.04)
After adj: (-0.002, -0.092, -0.043)
Diff: (0.0, 0.0, -0.0029999999999999957)
[ 0.003  0.003  0.003 -0.013 -0.015  0.025  0.015 -0.004  0.026  0.029
  0.042  0.019  0.01   0.002  0.11  -0.023  0.025 -0.06   0.    -0.
 -0.     0.    -0.    -0.     0.     0.     0.     0.     0.     0.
  0.     0.     0.     0.     0.     0.     0.     0.     0.     0.
  0.     0.     0.     0.     0.     0.     0.015  0.   ]
Before adj: (-0.002, -0.092, -0.036)
After adj: (-0.002, -0.092, -0.04)
Diff: (0.0, 0.0, -0.0040000000000000036)
[ 0.003  0.003  0.003 -0.013 -0.015  0.025  0.015 -0.004  0.026  0.029
  0.042  0.019  0.01   0.002  0.11  -0.023  0.025 -0.06   0.    -0.
 -0.     0.    -0.    -0.     0.     0.     0.     0.     0.     0.
  0.     0.     0.     0.     0.     0.     0.     0.     0.     0.
  0.     0.     0.     0.     0.     0.     0.015  0.   ]
Before adj: (-0.002, -0.092, -0.036)
After adj: (-0.002, -0.092, -0.04)
Diff: (0.0, 0.0, -0.0040000000000000036)
[ 0.003  0.003  0.003 -0.013 -0.015  0.025  0.015 -0.004  0.026  0.029
  0.042  0.019  0.01   0.002  0.11  -0.023  0.025 -0.06   0.    -0.
 -0.     0.    -0.    -0.     0.     0.     0.     0.     0.     0.
  0.     0.     0.     0.     0.     0.     0.     0.     0.     0.
  0.     0.     0.     0.     0.     0.     0.015  0.   ]
Before adj: (-0.003, -0.092, -0.032)
After adj: (-0.003, -0.092, -0.035)
Diff: (0.0, 0.0, -0.0030000000000000027)
[ 0.003  0.003  0.003 -0.013 -0.015  0.025  0.015 -0.004  0.026  0.029
  0.042  0.019  0.01   0.002  0.11  -0.023  0.025 -0.06   0.    -0.
 -0.     0.    -0.    -0.     0.     0.     0.     0.     0.     0.
  0.     0.     0.     0.     0.     0.     0.     0.     0.     0.
  0.     0.     0.     0.     0.     0.     0.015  0.   ]
Before adj: (-0.003, -0.092, -0.026)
After adj: (-0.003, -0.092, -0.029)
Diff: (0.0, 0.0, -0.0030000000000000027)
[ 0.003  0.003  0.003 -0.013 -0.015  0.025  0.015 -0.004  0.026  0.028
  0.042  0.019  0.01   0.002  0.11  -0.023  0.025 -0.06   0.    -0.
 -0.     0.    -0.    -0.     0.     0.     0.     0.     0.     0.
  0.     0.     0.     0.     0.     0.     0.     0.     0.     0.
  0.     0.     0.     0.     0.     0.     0.015  0.   ]
Before adj: (-0.003, -0.092, -0.018)
After adj: (-0.003, -0.092, -0.021)
Diff: (0.0, 0.0, -0.0030000000000000027)
[ 0.003  0.003  0.003 -0.013 -0.015  0.025  0.015 -0.004  0.026  0.028
  0.042  0.019  0.01   0.002  0.11  -0.023  0.025 -0.06   0.    -0.
 -0.     0.    -0.    -0.     0.     0.     0.     0.     0.     0.
  0.     0.     0.     0.     0.     0.     0.     0.     0.     0.
  0.     0.     0.     0.     0.     0.     0.015  0.   ]
Before adj: (-0.003, -0.092, -0.018)
After adj: (-0.003, -0.092, -0.021)
Diff: (0.0, 0.0, -0.0030000000000000027)
[ 0.003  0.003  0.003 -0.013 -0.015  0.025  0.015 -0.004  0.026  0.028
  0.042  0.019  0.01   0.002  0.11  -0.023  0.025 -0.06   0.    -0.
 -0.     0.    -0.    -0.     0.     0.     0.     0.     0.     0.
  0.     0.     0.     0.     0.     0.     0.     0.     0.     0.
  0.     0.     0.     0.     0.     0.     0.014  0.   ]
Before adj: (-0.003, -0.092, -0.011)
After adj: (-0.003, -0.092, -0.013)
Diff: (0.0, 0.0, -0.002)
[ 0.003  0.002  0.003 -0.013 -0.015  0.025  0.015 -0.004  0.026  0.028
  0.042  0.019  0.01   0.002  0.11  -0.023  0.025 -0.06   0.    -0.
 -0.     0.    -0.    -0.     0.     0.     0.     0.     0.     0.
  0.     0.     0.     0.     0.     0.     0.     0.     0.     0.
  0.     0.     0.     0.     0.     0.     0.015  0.   ]
Before adj: (-0.003, -0.092, -0.004)
After adj: (-0.003, -0.092, -0.006)
Diff: (0.0, 0.0, -0.002)
[ 0.003  0.002  0.003 -0.013 -0.015  0.025  0.015 -0.004  0.026  0.028
  0.042  0.019  0.01   0.002  0.11  -0.023  0.025 -0.06   0.    -0.
 -0.     0.    -0.    -0.     0.     0.     0.     0.     0.     0.
  0.     0.     0.     0.     0.     0.     0.     0.     0.     0.
  0.     0.     0.     0.     0.     0.     0.015  0.   ]
Before adj: (-0.003, -0.092, 0.001)
After adj: (-0.003, -0.092, -0.001)
Diff: (0.0, 0.0, -0.002)
[ 0.003  0.002  0.003 -0.013 -0.015  0.025  0.015 -0.004  0.026  0.028
  0.042  0.019  0.01   0.002  0.11  -0.023  0.025 -0.06   0.    -0.
 -0.     0.    -0.    -0.     0.     0.     0.     0.     0.     0.
  0.     0.     0.     0.     0.     0.     0.     0.     0.     0.
  0.     0.     0.     0.     0.     0.     0.015  0.   ]
Before adj: (-0.003, -0.092, 0.001)
After adj: (-0.003, -0.092, -0.001)
Diff: (0.0, 0.0, -0.002)
[ 0.003  0.002  0.003 -0.013 -0.015  0.025  0.015 -0.004  0.026  0.028
  0.042  0.019  0.01   0.002  0.11  -0.023  0.025 -0.06   0.    -0.
 -0.     0.    -0.    -0.     0.     0.     0.     0.     0.     0.
  0.     0.     0.     0.     0.     0.     0.     0.     0.     0.
  0.     0.     0.     0.     0.     0.     0.015  0.   ]
Before adj: (-0.003, -0.092, 0.006)
After adj: (-0.003, -0.092, 0.004)
Diff: (0.0, 0.0, -0.002)
[ 0.003  0.002  0.003 -0.013 -0.015  0.025  0.015 -0.004  0.026  0.028
  0.042  0.019  0.01   0.002  0.11  -0.023  0.025 -0.06   0.    -0.
 -0.     0.    -0.    -0.     0.     0.     0.     0.     0.     0.
  0.     0.     0.     0.     0.     0.     0.     0.     0.     0.
  0.     0.     0.     0.     0.     0.     0.015  0.   ]
Before adj: (-0.003, -0.092, 0.008)
After adj: (-0.003, -0.092, 0.006)
Diff: (0.0, 0.0, -0.002)
[ 0.003  0.002  0.003 -0.013 -0.015  0.025  0.015 -0.004  0.026  0.028
  0.042  0.019  0.01   0.002  0.11  -0.023  0.025 -0.06   0.    -0.
 -0.     0.    -0.    -0.     0.     0.     0.     0.     0.     0.
  0.     0.     0.     0.     0.     0.     0.     0.     0.     0.
  0.     0.     0.     0.     0.     0.     0.017  0.   ]
Before adj: (-0.003, -0.092, 0.005)
After adj: (-0.003, -0.092, 0.003)
Diff: (0.0, 0.0, -0.002)
[ 0.003  0.002  0.003 -0.013 -0.015  0.025  0.015 -0.004  0.026  0.028
  0.042  0.019  0.01   0.002  0.11  -0.023  0.025 -0.06   0.    -0.
 -0.     0.    -0.    -0.     0.     0.     0.     0.     0.     0.
  0.     0.     0.     0.     0.     0.     0.     0.     0.     0.
  0.     0.     0.     0.     0.     0.     0.017  0.   ]
Before adj: (-0.003, -0.092, 0.005)
After adj: (-0.003, -0.092, 0.003)
Diff: (0.0, 0.0, -0.002)
[ 0.003  0.002  0.003 -0.013 -0.015  0.025  0.015 -0.004  0.026  0.028
  0.042  0.019  0.01   0.002  0.11  -0.023  0.025 -0.06   0.    -0.
 -0.     0.    -0.    -0.     0.     0.     0.     0.     0.     0.
  0.     0.     0.     0.     0.     0.     0.     0.     0.     0.
  0.     0.     0.     0.     0.     0.     0.017  0.   ]
Before adj: (-0.003, -0.092, -0.005)
After adj: (-0.003, -0.092, -0.006)
Diff: (0.0, 0.0, -0.001)
[ 0.003  0.002  0.003 -0.013 -0.015  0.025  0.015 -0.004  0.026  0.028
  0.042  0.019  0.01   0.002  0.11  -0.023  0.025 -0.06   0.    -0.
 -0.     0.    -0.    -0.     0.     0.     0.     0.     0.     0.
  0.     0.     0.     0.     0.     0.     0.     0.     0.     0.
  0.     0.     0.     0.     0.     0.     0.017  0.   ]
Before adj: (-0.003, -0.092, -0.025)
After adj: (-0.003, -0.092, -0.025)
Diff: (0.0, 0.0, 0.0)
[ 0.003  0.002  0.003 -0.013 -0.015  0.025  0.015 -0.004  0.026  0.028
  0.042  0.019  0.01   0.002  0.11  -0.023  0.025 -0.06   0.    -0.
 -0.     0.    -0.    -0.     0.     0.     0.     0.     0.     0.
  0.     0.     0.     0.     0.     0.     0.     0.     0.     0.
  0.     0.     0.     0.     0.     0.     0.017  0.   ]
Before adj: (-0.004, -0.092, -0.049)
After adj: (-0.004, -0.092, -0.049)
Diff: (0.0, 0.0, 0.0)
[ 0.003  0.002  0.003 -0.013 -0.015  0.025  0.015 -0.004  0.026  0.028
  0.042  0.019  0.01   0.002  0.11  -0.023  0.025 -0.06   0.    -0.
 -0.     0.    -0.    -0.     0.     0.     0.     0.     0.     0.
  0.     0.     0.     0.     0.     0.     0.     0.     0.     0.
  0.     0.     0.     0.     0.     0.     0.017  0.   ]
Before adj: (-0.004, -0.092, -0.049)
After adj: (-0.004, -0.092, -0.049)
Diff: (0.0, 0.0, 0.0)
[ 0.003  0.002  0.003 -0.013 -0.015  0.025  0.015 -0.004  0.026  0.028
  0.042  0.019  0.01   0.002  0.11  -0.023  0.025 -0.06   0.    -0.
 -0.     0.    -0.    -0.     0.     0.     0.     0.     0.     0.
  0.     0.     0.     0.     0.     0.     0.     0.     0.     0.
  0.     0.     0.     0.     0.     0.     0.017  0.   ]
Before adj: (-0.004, -0.092, -0.073)
After adj: (-0.004, -0.092, -0.073)
Diff: (0.0, 0.0, 0.0)
[ 0.003  0.002  0.003 -0.013 -0.015  0.025  0.015 -0.004  0.026  0.028
  0.042  0.019  0.01   0.002  0.11  -0.023  0.025 -0.06   0.    -0.
 -0.     0.    -0.    -0.     0.     0.     0.     0.     0.     0.
  0.     0.     0.     0.     0.     0.     0.     0.     0.     0.
  0.     0.     0.     0.     0.     0.     0.016  0.   ]
Before adj: (-0.004, -0.092, -0.095)
After adj: (-0.004, -0.092, -0.095)
Diff: (0.0, 0.0, 0.0)
[ 0.003  0.002  0.003 -0.013 -0.015  0.025  0.015 -0.004  0.026  0.028
  0.042  0.019  0.01   0.002  0.11  -0.023  0.025 -0.06   0.    -0.
 -0.     0.    -0.    -0.     0.     0.     0.     0.     0.     0.
  0.     0.     0.     0.     0.     0.     0.     0.     0.     0.
  0.     0.     0.     0.     0.     0.     0.016  0.   ]
Before adj: (-0.004, -0.092, -0.119)
After adj: (-0.004, -0.092, -0.119)
Diff: (0.0, 0.0, 0.0)
[ 0.003  0.002  0.003 -0.013 -0.015  0.025  0.015 -0.004  0.026  0.028
  0.042  0.019  0.01   0.002  0.11  -0.023  0.025 -0.06   0.    -0.
 -0.     0.    -0.    -0.     0.     0.     0.     0.     0.     0.
  0.     0.     0.     0.     0.     0.     0.     0.     0.     0.
  0.     0.     0.     0.     0.     0.     0.016  0.   ]
Before adj: (-0.004, -0.092, -0.119)
After adj: (-0.004, -0.092, -0.119)
Diff: (0.0, 0.0, 0.0)
[ 0.003  0.002  0.003 -0.013 -0.015  0.025  0.015 -0.004  0.026  0.028
  0.042  0.019  0.01   0.002  0.11  -0.023  0.025 -0.06   0.    -0.
 -0.     0.    -0.    -0.     0.     0.     0.     0.     0.     0.
  0.     0.     0.     0.     0.     0.     0.     0.     0.     0.
  0.     0.     0.     0.     0.     0.     0.016  0.   ]
Before adj: (-0.004, -0.092, -0.143)
After adj: (-0.004, -0.092, -0.145)
Diff: (0.0, 0.0, -0.0020000000000000018)
[ 0.003  0.002  0.003 -0.013 -0.015  0.025  0.015 -0.004  0.026  0.028
  0.042  0.019  0.01   0.002  0.11  -0.023  0.025 -0.06   0.    -0.
 -0.     0.    -0.    -0.     0.     0.     0.     0.     0.     0.
  0.     0.     0.     0.     0.     0.     0.     0.     0.     0.
  0.     0.     0.     0.     0.     0.     0.016  0.   ]
Before adj: (-0.004, -0.092, -0.166)
After adj: (-0.004, -0.092, -0.167)
Diff: (0.0, 0.0, -0.0010000000000000009)
[ 0.003  0.002  0.003 -0.013 -0.015  0.025  0.015 -0.004  0.026  0.028
  0.042  0.019  0.01   0.002  0.11  -0.023  0.025 -0.06   0.    -0.
 -0.     0.    -0.    -0.     0.     0.     0.     0.     0.     0.
  0.     0.     0.     0.     0.     0.     0.     0.     0.     0.
  0.     0.     0.     0.     0.     0.     0.016  0.   ]
Before adj: (-0.004, -0.093, -0.187)
After adj: (-0.004, -0.093, -0.189)
Diff: (0.0, 0.0, -0.0020000000000000018)
[ 0.003  0.002  0.003 -0.013 -0.015  0.025  0.015 -0.004  0.026  0.028
  0.042  0.019  0.01   0.002  0.11  -0.023  0.025 -0.06   0.    -0.
 -0.     0.    -0.    -0.     0.     0.     0.     0.     0.     0.
  0.     0.     0.     0.     0.     0.     0.     0.     0.     0.
  0.     0.     0.     0.     0.     0.     0.016  0.   ]
Before adj: (-0.004, -0.093, -0.187)
After adj: (-0.004, -0.093, -0.189)
Diff: (0.0, 0.0, -0.0020000000000000018)
[ 0.003  0.002  0.003 -0.013 -0.015  0.025  0.015 -0.004  0.026  0.028
  0.042  0.019  0.01   0.002  0.11  -0.023  0.025 -0.06   0.    -0.
 -0.     0.    -0.    -0.     0.     0.     0.     0.     0.     0.
  0.     0.     0.     0.     0.     0.     0.     0.     0.     0.
  0.     0.     0.     0.     0.     0.     0.016  0.   ]
Before adj: (-0.004, -0.093, -0.209)
After adj: (-0.004, -0.093, -0.212)
Diff: (0.0, 0.0, -0.0030000000000000027)
[ 0.003  0.002  0.003 -0.013 -0.015  0.025  0.015 -0.004  0.026  0.028
  0.042  0.019  0.01   0.002  0.11  -0.023  0.025 -0.06   0.    -0.
 -0.     0.    -0.    -0.     0.     0.     0.     0.     0.     0.
  0.     0.     0.     0.     0.     0.     0.     0.     0.     0.
  0.     0.     0.     0.     0.     0.     0.016  0.   ]
Before adj: (-0.004, -0.093, -0.23)
After adj: (-0.004, -0.093, -0.234)
Diff: (0.0, 0.0, -0.0040000000000000036)
[ 0.003  0.002  0.003 -0.013 -0.015  0.025  0.015 -0.004  0.026  0.028
  0.042  0.019  0.01   0.002  0.11  -0.023  0.025 -0.06   0.    -0.
 -0.     0.    -0.    -0.     0.     0.     0.     0.     0.     0.
  0.     0.     0.     0.     0.     0.     0.     0.     0.     0.
  0.     0.     0.     0.     0.     0.     0.016  0.   ]
Before adj: (-0.004, -0.093, -0.25)
After adj: (-0.004, -0.093, -0.253)
Diff: (0.0, 0.0, -0.0030000000000000027)
[ 0.003  0.002  0.003 -0.013 -0.015  0.025  0.015 -0.004  0.026  0.028
  0.042  0.019  0.01   0.002  0.11  -0.023  0.025 -0.06   0.    -0.
 -0.     0.    -0.    -0.     0.     0.     0.     0.     0.     0.
  0.     0.     0.     0.     0.     0.     0.     0.     0.     0.
  0.     0.     0.     0.     0.     0.     0.016  0.   ]
Before adj: (-0.004, -0.093, -0.25)
After adj: (-0.004, -0.093, -0.253)
Diff: (0.0, 0.0, -0.0030000000000000027)
[ 0.003  0.002  0.003 -0.013 -0.015  0.025  0.015 -0.004  0.026  0.028
  0.042  0.019  0.01   0.002  0.11  -0.023  0.025 -0.06   0.    -0.
 -0.     0.    -0.    -0.     0.     0.     0.     0.     0.     0.
  0.     0.     0.     0.     0.     0.     0.     0.     0.     0.
  0.     0.     0.     0.     0.     0.     0.016  0.   ]
Before adj: (-0.004, -0.094, -0.269)
After adj: (-0.004, -0.094, -0.273)
Diff: (0.0, 0.0, -0.0040000000000000036)
[ 0.003  0.002  0.003 -0.013 -0.015  0.025  0.015 -0.004  0.026  0.028
  0.042  0.019  0.01   0.002  0.11  -0.023  0.025 -0.06   0.    -0.
 -0.     0.    -0.    -0.     0.     0.     0.     0.     0.     0.
  0.     0.     0.     0.     0.     0.     0.     0.     0.     0.
  0.     0.     0.     0.     0.     0.     0.016  0.   ]
Before adj: (-0.005, -0.094, -0.287)
After adj: (-0.005, -0.094, -0.291)
Diff: (0.0, 0.0, -0.0040000000000000036)
[ 0.003  0.002  0.003 -0.013 -0.015  0.025  0.015 -0.004  0.026  0.028
  0.042  0.019  0.01   0.002  0.11  -0.023  0.025 -0.06   0.    -0.
 -0.     0.    -0.    -0.     0.     0.     0.     0.     0.     0.
  0.     0.     0.     0.     0.     0.     0.     0.     0.     0.
  0.     0.     0.     0.     0.     0.     0.016  0.   ]
Before adj: (-0.005, -0.094, -0.303)
After adj: (-0.005, -0.094, -0.307)
Diff: (0.0, 0.0, -0.0040000000000000036)
[ 0.003  0.002  0.003 -0.013 -0.015  0.025  0.015 -0.004  0.026  0.028
  0.042  0.019  0.01   0.002  0.11  -0.023  0.025 -0.06   0.    -0.
 -0.     0.    -0.    -0.     0.     0.     0.     0.     0.     0.
  0.     0.     0.     0.     0.     0.     0.     0.     0.     0.
  0.     0.     0.     0.     0.     0.     0.016  0.   ]
Before adj: (-0.005, -0.094, -0.303)
After adj: (-0.005, -0.094, -0.309)
Diff: (0.0, 0.0, -0.006000000000000005)
[ 0.003  0.002  0.003 -0.013 -0.015  0.025  0.015 -0.004  0.026  0.028
  0.042  0.019  0.01   0.002  0.11  -0.023  0.025 -0.06   0.    -0.
 -0.     0.    -0.    -0.     0.     0.     0.     0.     0.     0.
  0.     0.     0.     0.     0.     0.     0.     0.     0.     0.
  0.     0.     0.     0.     0.     0.     0.016  0.   ]
Before adj: (-0.005, -0.094, -0.318)
After adj: (-0.005, -0.094, -0.324)
Diff: (0.0, 0.0, -0.006000000000000005)
[ 0.003  0.002  0.003 -0.013 -0.015  0.025  0.015 -0.004  0.026  0.028
  0.042  0.019  0.01   0.002  0.11  -0.023  0.025 -0.06   0.    -0.
 -0.     0.    -0.    -0.     0.     0.     0.     0.     0.     0.
  0.     0.     0.     0.     0.     0.     0.     0.     0.     0.
  0.     0.     0.     0.     0.     0.     0.016  0.   ]
Before adj: (-0.005, -0.095, -0.331)
After adj: (-0.005, -0.095, -0.336)
Diff: (0.0, 0.0, -0.0050000000000000044)
[ 0.003  0.002  0.003 -0.013 -0.015  0.025  0.015 -0.004  0.026  0.028
  0.042  0.019  0.01   0.002  0.11  -0.023  0.024 -0.06   0.    -0.
 -0.     0.    -0.    -0.     0.     0.     0.     0.     0.     0.
  0.     0.     0.     0.     0.     0.     0.     0.     0.     0.
  0.     0.     0.     0.     0.     0.     0.016  0.   ]
Before adj: (-0.005, -0.095, -0.343)
After adj: (-0.005, -0.095, -0.349)
Diff: (0.0, 0.0, -0.00599999999999995)
[ 0.003  0.002  0.003 -0.013 -0.015  0.025  0.015 -0.004  0.026  0.028
  0.042  0.019  0.01   0.002  0.11  -0.023  0.024 -0.06   0.    -0.
 -0.     0.    -0.    -0.     0.     0.     0.     0.     0.     0.
  0.     0.     0.     0.     0.     0.     0.     0.     0.     0.
  0.     0.     0.     0.     0.     0.     0.016  0.   ]
Before adj: (-0.005, -0.095, -0.343)
After adj: (-0.005, -0.095, -0.349)
Diff: (0.0, 0.0, -0.00599999999999995)
[ 0.003  0.002  0.003 -0.013 -0.015  0.025  0.015 -0.004  0.026  0.028
  0.042  0.019  0.01   0.002  0.11  -0.023  0.024 -0.06   0.    -0.
 -0.     0.    -0.    -0.     0.     0.     0.     0.     0.     0.
  0.     0.     0.     0.     0.     0.     0.     0.     0.     0.
  0.     0.     0.     0.     0.     0.     0.016  0.   ]
Before adj: (-0.005, -0.095, -0.354)
After adj: (-0.005, -0.095, -0.36)
Diff: (0.0, 0.0, -0.006000000000000005)
[ 0.003  0.002  0.003 -0.013 -0.015  0.025  0.015 -0.005  0.026  0.028
  0.042  0.019  0.01   0.002  0.11  -0.023  0.024 -0.06   0.    -0.
 -0.     0.    -0.    -0.     0.     0.     0.     0.     0.     0.
  0.     0.     0.     0.     0.     0.     0.     0.     0.     0.
  0.     0.     0.     0.     0.     0.     0.015  0.   ]
Before adj: (-0.005, -0.096, -0.363)
After adj: (-0.005, -0.096, -0.371)
Diff: (0.0, 0.0, -0.008000000000000007)
[ 0.003  0.002  0.003 -0.013 -0.015  0.025  0.015 -0.005  0.026  0.028
  0.042  0.019  0.01   0.002  0.11  -0.023  0.024 -0.06   0.    -0.
 -0.     0.    -0.    -0.     0.     0.     0.     0.     0.     0.
  0.     0.     0.     0.     0.     0.     0.     0.     0.     0.
  0.     0.     0.     0.     0.     0.     0.015  0.   ]
Before adj: (-0.005, -0.096, -0.37)
After adj: (-0.005, -0.096, -0.379)
Diff: (0.0, 0.0, -0.009000000000000008)
[ 0.003  0.002  0.003 -0.013 -0.015  0.025  0.015 -0.005  0.026  0.028
  0.042  0.019  0.01   0.002  0.11  -0.023  0.024 -0.06   0.    -0.
 -0.     0.    -0.    -0.     0.     0.     0.     0.     0.     0.
  0.     0.     0.     0.     0.     0.     0.     0.     0.     0.
  0.     0.     0.     0.     0.     0.     0.015  0.   ]
Before adj: (-0.005, -0.096, -0.37)
After adj: (-0.005, -0.096, -0.379)
Diff: (0.0, 0.0, -0.009000000000000008)
[ 0.003  0.002  0.003 -0.013 -0.015  0.025  0.015 -0.005  0.026  0.028
  0.042  0.019  0.01   0.002  0.11  -0.023  0.024 -0.06   0.    -0.
 -0.     0.    -0.    -0.     0.     0.     0.     0.     0.     0.
  0.     0.     0.     0.     0.     0.     0.     0.     0.     0.
  0.     0.     0.     0.     0.     0.     0.015  0.   ]
Before adj: (-0.005, -0.097, -0.376)
After adj: (-0.005, -0.097, -0.385)
Diff: (0.0, 0.0, -0.009000000000000008)
[ 0.003  0.003  0.003 -0.013 -0.015  0.025  0.015 -0.005  0.026  0.028
  0.042  0.019  0.01   0.002  0.11  -0.023  0.024 -0.06   0.    -0.
 -0.     0.    -0.    -0.     0.     0.     0.     0.     0.     0.
  0.     0.     0.     0.     0.     0.     0.     0.     0.     0.
  0.     0.     0.     0.     0.     0.     0.016  0.   ]
Before adj: (-0.005, -0.097, -0.381)
After adj: (-0.005, -0.097, -0.39)
Diff: (0.0, 0.0, -0.009000000000000008)
[ 0.003  0.003  0.003 -0.013 -0.015  0.025  0.015 -0.005  0.026  0.028
  0.042  0.019  0.01   0.002  0.11  -0.023  0.024 -0.06   0.    -0.
 -0.     0.    -0.    -0.     0.     0.     0.     0.     0.     0.
  0.     0.     0.     0.     0.     0.     0.     0.     0.     0.
  0.     0.     0.     0.     0.     0.     0.015  0.   ]
Before adj: (-0.006, -0.097, -0.383)
After adj: (-0.006, -0.097, -0.393)
Diff: (0.0, 0.0, -0.010000000000000009)
[ 0.003  0.003  0.003 -0.013 -0.015  0.025  0.015 -0.005  0.026  0.028
  0.042  0.019  0.01   0.002  0.11  -0.023  0.024 -0.06   0.    -0.
 -0.     0.    -0.    -0.     0.     0.     0.     0.     0.     0.
  0.     0.     0.     0.     0.     0.     0.     0.     0.     0.
  0.     0.     0.     0.     0.     0.     0.015  0.   ]
Before adj: (-0.006, -0.097, -0.383)
After adj: (-0.006, -0.097, -0.393)
Diff: (0.0, 0.0, -0.010000000000000009)
[ 0.003  0.003  0.003 -0.013 -0.015  0.025  0.015 -0.005  0.026  0.028
  0.042  0.019  0.01   0.002  0.11  -0.023  0.024 -0.06   0.    -0.
 -0.     0.    -0.    -0.     0.     0.     0.     0.     0.     0.
  0.     0.     0.     0.     0.     0.     0.     0.     0.     0.
  0.     0.     0.     0.     0.     0.     0.016  0.   ]
Before adj: (-0.006, -0.098, -0.384)
After adj: (-0.006, -0.098, -0.392)
Diff: (0.0, 0.0, -0.008000000000000007)
[ 0.003  0.003  0.003 -0.013 -0.015  0.025  0.015 -0.005  0.026  0.028
  0.042  0.019  0.01   0.002  0.11  -0.023  0.024 -0.06   0.    -0.
 -0.     0.    -0.    -0.     0.     0.     0.     0.     0.     0.
  0.     0.     0.     0.     0.     0.     0.     0.     0.     0.
  0.     0.     0.     0.     0.     0.     0.016  0.   ]
Before adj: (-0.006, -0.098, -0.382)
After adj: (-0.006, -0.098, -0.391)
Diff: (0.0, 0.0, -0.009000000000000008)
[ 0.003  0.003  0.003 -0.013 -0.015  0.025  0.015 -0.005  0.026  0.028
  0.042  0.019  0.01   0.002  0.11  -0.023  0.024 -0.06   0.    -0.
 -0.     0.    -0.    -0.     0.     0.     0.     0.     0.     0.
  0.     0.     0.     0.     0.     0.     0.     0.     0.     0.
  0.     0.     0.     0.     0.     0.     0.016  0.   ]
Before adj: (-0.006, -0.099, -0.379)
After adj: (-0.006, -0.099, -0.39)
Diff: (0.0, 0.0, -0.01100000000000001)
[ 0.003  0.003  0.003 -0.013 -0.015  0.025  0.015 -0.005  0.026  0.028
  0.042  0.019  0.01   0.002  0.11  -0.023  0.024 -0.06   0.    -0.
 -0.     0.    -0.    -0.     0.     0.     0.     0.     0.     0.
  0.     0.     0.     0.     0.     0.     0.     0.     0.     0.
  0.     0.     0.     0.     0.     0.     0.016  0.   ]
Before adj: (-0.006, -0.099, -0.379)
After adj: (-0.006, -0.099, -0.39)
Diff: (0.0, 0.0, -0.01100000000000001)
[ 0.003  0.003  0.003 -0.013 -0.015  0.025  0.015 -0.005  0.026  0.028
  0.042  0.019  0.01   0.002  0.11  -0.023  0.024 -0.06   0.    -0.
 -0.     0.    -0.    -0.     0.     0.     0.     0.     0.     0.
  0.     0.     0.     0.     0.     0.     0.     0.     0.     0.
  0.     0.     0.     0.     0.     0.     0.016  0.   ]
Before adj: (-0.006, -0.099, -0.374)
After adj: (-0.006, -0.099, -0.385)
Diff: (0.0, 0.0, -0.01100000000000001)
[ 0.003  0.003  0.003 -0.013 -0.015  0.025  0.015 -0.005  0.026  0.028
  0.042  0.019  0.01   0.002  0.11  -0.023  0.024 -0.06   0.    -0.
 -0.     0.    -0.    -0.     0.     0.     0.     0.     0.     0.
  0.     0.     0.     0.     0.     0.     0.     0.     0.     0.
  0.     0.     0.     0.     0.     0.     0.015  0.   ]
Before adj: (-0.006, -0.099, -0.367)
After adj: (-0.006, -0.099, -0.378)
Diff: (0.0, 0.0, -0.01100000000000001)
[ 0.003  0.003  0.003 -0.013 -0.015  0.025  0.015 -0.005  0.026  0.028
  0.042  0.019  0.01   0.002  0.11  -0.023  0.024 -0.06   0.    -0.
 -0.     0.    -0.    -0.     0.     0.     0.     0.     0.     0.
  0.     0.     0.     0.     0.     0.     0.     0.     0.     0.
  0.     0.     0.     0.     0.     0.     0.015  0.   ]
Before adj: (-0.006, -0.1, -0.357)
After adj: (-0.006, -0.1, -0.367)
Diff: (0.0, 0.0, -0.010000000000000009)
[ 0.003  0.003  0.003 -0.013 -0.015  0.025  0.015 -0.005  0.026  0.028
  0.042  0.019  0.01   0.002  0.11  -0.023  0.024 -0.06   0.    -0.
 -0.     0.    -0.    -0.     0.     0.     0.     0.     0.     0.
  0.     0.     0.     0.     0.     0.     0.     0.     0.     0.
  0.     0.     0.     0.     0.     0.     0.015  0.   ]
Before adj: (-0.006, -0.1, -0.357)
After adj: (-0.006, -0.1, -0.368)
Diff: (0.0, 0.0, -0.01100000000000001)
[ 0.003  0.003  0.003 -0.013 -0.015  0.025  0.015 -0.005  0.026  0.028
  0.042  0.019  0.01   0.002  0.11  -0.023  0.024 -0.06   0.    -0.
 -0.     0.    -0.    -0.     0.     0.     0.     0.     0.     0.
  0.     0.     0.     0.     0.     0.     0.     0.     0.     0.
  0.     0.     0.     0.     0.     0.     0.015  0.   ]
Before adj: (-0.006, -0.1, -0.345)
After adj: (-0.006, -0.1, -0.354)
Diff: (0.0, 0.0, -0.009000000000000008)
[ 0.003  0.003  0.003 -0.013 -0.015  0.025  0.015 -0.005  0.026  0.028
  0.042  0.019  0.01   0.002  0.11  -0.023  0.024 -0.06   0.    -0.
 -0.     0.    -0.    -0.     0.     0.     0.     0.     0.     0.
  0.     0.     0.     0.     0.     0.     0.     0.     0.     0.
  0.     0.     0.     0.     0.     0.     0.015  0.   ]
Before adj: (-0.006, -0.1, -0.331)
After adj: (-0.006, -0.1, -0.341)
Diff: (0.0, 0.0, -0.010000000000000009)
[ 0.003  0.003  0.003 -0.013 -0.015  0.025  0.015 -0.005  0.026  0.028
  0.042  0.019  0.01   0.002  0.11  -0.023  0.024 -0.06   0.    -0.
 -0.     0.    -0.    -0.     0.     0.     0.     0.     0.     0.
  0.     0.     0.     0.     0.     0.     0.     0.     0.     0.
  0.     0.     0.     0.     0.     0.     0.015  0.   ]
Before adj: (-0.006, -0.101, -0.318)
After adj: (-0.006, -0.101, -0.327)
Diff: (0.0, 0.0, -0.009000000000000008)
[ 0.003  0.003  0.003 -0.013 -0.015  0.025  0.015 -0.005  0.026  0.028
  0.042  0.019  0.01   0.002  0.11  -0.023  0.024 -0.06   0.    -0.
 -0.     0.    -0.    -0.     0.     0.     0.     0.     0.     0.
  0.     0.     0.     0.     0.     0.     0.     0.     0.     0.
  0.     0.     0.     0.     0.     0.     0.015  0.   ]
Before adj: (-0.006, -0.101, -0.318)
After adj: (-0.006, -0.101, -0.329)
Diff: (0.0, 0.0, -0.01100000000000001)
[ 0.003  0.003  0.003 -0.013 -0.015  0.025  0.015 -0.005  0.026  0.028
  0.042  0.019  0.01   0.002  0.11  -0.023  0.024 -0.06   0.    -0.
 -0.     0.    -0.    -0.     0.     0.     0.     0.     0.     0.
  0.     0.     0.     0.     0.     0.     0.     0.     0.     0.
  0.     0.     0.     0.     0.     0.     0.015  0.   ]
Before adj: (-0.007, -0.101, -0.304)
After adj: (-0.007, -0.101, -0.314)
Diff: (0.0, 0.0, -0.010000000000000009)
[ 0.003  0.003  0.003 -0.013 -0.015  0.025  0.015 -0.005  0.026  0.028
  0.042  0.019  0.01   0.002  0.11  -0.023  0.024 -0.06   0.    -0.
 -0.     0.    -0.    -0.     0.     0.     0.     0.     0.     0.
  0.     0.     0.     0.     0.     0.     0.     0.     0.     0.
  0.     0.     0.     0.     0.     0.     0.015  0.   ]
Before adj: (-0.007, -0.101, -0.29)
After adj: (-0.007, -0.101, -0.3)
Diff: (0.0, 0.0, -0.010000000000000009)
[ 0.003  0.003  0.003 -0.013 -0.015  0.025  0.015 -0.005  0.026  0.028
  0.042  0.019  0.01   0.002  0.109 -0.023  0.024 -0.06   0.    -0.
 -0.     0.    -0.    -0.     0.     0.     0.     0.     0.     0.
  0.     0.     0.     0.     0.     0.     0.     0.     0.     0.
  0.     0.     0.     0.     0.     0.     0.015  0.   ]
Before adj: (-0.007, -0.102, -0.275)
After adj: (-0.007, -0.102, -0.284)
Diff: (0.0, 0.0, -0.008999999999999952)
[ 0.003  0.003  0.003 -0.013 -0.015  0.025  0.015 -0.005  0.026  0.028
  0.042  0.019  0.01   0.002  0.109 -0.023  0.024 -0.06   0.    -0.
 -0.     0.    -0.    -0.     0.     0.     0.     0.     0.     0.
  0.     0.     0.     0.     0.     0.     0.     0.     0.     0.
  0.     0.     0.     0.     0.     0.     0.015  0.   ]
Before adj: (-0.007, -0.102, -0.275)
After adj: (-0.007, -0.102, -0.284)
Diff: (0.0, 0.0, -0.008999999999999952)
[ 0.003  0.003  0.003 -0.013 -0.015  0.025  0.015 -0.005  0.026  0.028
  0.042  0.019  0.01   0.002  0.109 -0.023  0.024 -0.06   0.    -0.
 -0.     0.    -0.    -0.     0.     0.     0.     0.     0.     0.
  0.     0.     0.     0.     0.     0.     0.     0.     0.     0.
  0.     0.     0.     0.     0.     0.     0.016  0.   ]
Before adj: (-0.007, -0.102, -0.257)
After adj: (-0.007, -0.102, -0.267)
Diff: (0.0, 0.0, -0.010000000000000009)
[ 0.003  0.003  0.003 -0.013 -0.015  0.025  0.015 -0.005  0.026  0.028
  0.042  0.019  0.01   0.002  0.109 -0.023  0.024 -0.06   0.    -0.
 -0.     0.    -0.    -0.     0.     0.     0.     0.     0.     0.
  0.     0.     0.     0.     0.     0.     0.     0.     0.     0.
  0.     0.     0.     0.     0.     0.     0.016  0.   ]
Before adj: (-0.007, -0.102, -0.235)
After adj: (-0.007, -0.102, -0.244)
Diff: (0.0, 0.0, -0.009000000000000008)
[ 0.003  0.003  0.003 -0.013 -0.015  0.025  0.015 -0.005  0.026  0.028
  0.042  0.019  0.01   0.002  0.109 -0.023  0.024 -0.06   0.    -0.
 -0.     0.    -0.    -0.     0.     0.     0.     0.     0.     0.
  0.     0.     0.     0.     0.     0.     0.     0.     0.     0.
  0.     0.     0.     0.     0.     0.     0.016  0.   ]
Before adj: (-0.007, -0.102, -0.211)
After adj: (-0.007, -0.102, -0.22)
Diff: (0.0, 0.0, -0.009000000000000008)
[ 0.003  0.003  0.003 -0.013 -0.015  0.025  0.015 -0.005  0.026  0.028
  0.042  0.019  0.01   0.002  0.109 -0.023  0.024 -0.06   0.    -0.
 -0.     0.    -0.    -0.     0.     0.     0.     0.     0.     0.
  0.     0.     0.     0.     0.     0.     0.     0.     0.     0.
  0.     0.     0.     0.     0.     0.     0.016  0.   ]
Before adj: (-0.007, -0.102, -0.211)
After adj: (-0.007, -0.102, -0.221)
Diff: (0.0, 0.0, -0.010000000000000009)
[ 0.003  0.003  0.003 -0.013 -0.015  0.025  0.015 -0.004  0.026  0.028
  0.042  0.019  0.01   0.002  0.109 -0.023  0.024 -0.06   0.    -0.
 -0.     0.    -0.    -0.     0.     0.     0.     0.     0.     0.
  0.     0.     0.     0.     0.     0.     0.     0.     0.     0.
  0.     0.     0.     0.     0.     0.     0.016  0.   ]
Before adj: (-0.007, -0.103, -0.186)
After adj: (-0.007, -0.103, -0.196)
Diff: (0.0, 0.0, -0.010000000000000009)
[ 0.003  0.003  0.003 -0.013 -0.015  0.025  0.015 -0.004  0.026  0.028
  0.042  0.019  0.01   0.002  0.109 -0.023  0.024 -0.06   0.    -0.
 -0.     0.    -0.    -0.     0.     0.     0.     0.     0.     0.
  0.     0.     0.     0.     0.     0.     0.     0.     0.     0.
  0.     0.     0.     0.     0.     0.     0.016  0.   ]
Before adj: (-0.007, -0.103, -0.16)
After adj: (-0.007, -0.103, -0.169)
Diff: (0.0, 0.0, -0.009000000000000008)
[ 0.003  0.003  0.003 -0.013 -0.015  0.025  0.015 -0.004  0.026  0.028
  0.042  0.019  0.01   0.002  0.109 -0.023  0.024 -0.06   0.    -0.
 -0.     0.    -0.    -0.     0.     0.     0.     0.     0.     0.
  0.     0.     0.     0.     0.     0.     0.     0.     0.     0.
  0.     0.     0.     0.     0.     0.     0.015  0.   ]
Before adj: (-0.007, -0.103, -0.134)
After adj: (-0.007, -0.103, -0.143)
Diff: (0.0, 0.0, -0.00899999999999998)
[ 0.003  0.003  0.003 -0.013 -0.015  0.025  0.015 -0.004  0.026  0.028
  0.042  0.019  0.01   0.002  0.109 -0.023  0.024 -0.06   0.    -0.
 -0.     0.    -0.    -0.     0.     0.     0.     0.     0.     0.
  0.     0.     0.     0.     0.     0.     0.     0.     0.     0.
  0.     0.     0.     0.     0.     0.     0.015  0.   ]
Before adj: (-0.007, -0.103, -0.134)
After adj: (-0.007, -0.103, -0.144)
Diff: (0.0, 0.0, -0.009999999999999981)
[ 0.003  0.003  0.003 -0.013 -0.015  0.025  0.015 -0.004  0.026  0.028
  0.042  0.019  0.01   0.002  0.109 -0.023  0.024 -0.06   0.    -0.
 -0.     0.    -0.    -0.     0.     0.     0.     0.     0.     0.
  0.     0.     0.     0.     0.     0.     0.     0.     0.     0.
  0.     0.     0.     0.     0.     0.     0.015  0.   ]
Before adj: (-0.007, -0.103, -0.108)
After adj: (-0.007, -0.103, -0.117)
Diff: (0.0, 0.0, -0.009000000000000008)
[ 0.003  0.003  0.003 -0.013 -0.015  0.025  0.015 -0.004  0.026  0.028
  0.042  0.019  0.01   0.002  0.109 -0.023  0.024 -0.06   0.    -0.
 -0.     0.    -0.    -0.     0.     0.     0.     0.     0.     0.
  0.     0.     0.     0.     0.     0.     0.     0.     0.     0.
  0.     0.     0.     0.     0.     0.     0.015  0.   ]
Before adj: (-0.008, -0.103, -0.084)
After adj: (-0.008, -0.103, -0.093)
Diff: (0.0, 0.0, -0.008999999999999994)
[ 0.003  0.003  0.003 -0.013 -0.015  0.025  0.015 -0.004  0.026  0.028
  0.042  0.019  0.01   0.002  0.109 -0.023  0.024 -0.06   0.    -0.
 -0.     0.    -0.    -0.     0.     0.     0.     0.     0.     0.
  0.     0.     0.     0.     0.     0.     0.     0.     0.     0.
  0.     0.     0.     0.     0.     0.     0.014  0.   ]
Before adj: (-0.008, -0.103, -0.061)
After adj: (-0.008, -0.103, -0.071)
Diff: (0.0, 0.0, -0.009999999999999995)
[ 0.003  0.003  0.003 -0.013 -0.015  0.025  0.015 -0.004  0.026  0.028
  0.042  0.019  0.01   0.002  0.109 -0.023  0.024 -0.06   0.    -0.
 -0.     0.    -0.    -0.     0.     0.     0.     0.     0.     0.
  0.     0.     0.     0.     0.     0.     0.     0.     0.     0.
  0.     0.     0.     0.     0.     0.     0.014  0.   ]
Before adj: (-0.008, -0.103, -0.061)
After adj: (-0.008, -0.103, -0.071)
Diff: (0.0, 0.0, -0.009999999999999995)
[ 0.003  0.003  0.003 -0.013 -0.015  0.025  0.015 -0.004  0.026  0.028
  0.042  0.019  0.01   0.002  0.109 -0.023  0.024 -0.06   0.    -0.
 -0.     0.    -0.    -0.     0.     0.     0.     0.     0.     0.
  0.     0.     0.     0.     0.     0.     0.     0.     0.     0.
  0.     0.     0.     0.     0.     0.     0.014  0.   ]
Before adj: (-0.008, -0.103, -0.041)
After adj: (-0.008, -0.103, -0.05)
Diff: (0.0, 0.0, -0.009000000000000001)
[ 0.003  0.003  0.003 -0.013 -0.015  0.025  0.015 -0.004  0.026  0.028
  0.042  0.019  0.01   0.002  0.109 -0.023  0.024 -0.06   0.    -0.
 -0.     0.    -0.    -0.     0.     0.     0.     0.     0.     0.
  0.     0.     0.     0.     0.     0.     0.     0.     0.     0.
  0.     0.     0.     0.     0.     0.     0.014  0.   ]
Before adj: (-0.008, -0.103, -0.023)
After adj: (-0.008, -0.103, -0.032)
Diff: (0.0, 0.0, -0.009000000000000001)
[ 0.003  0.003  0.003 -0.013 -0.015  0.025  0.015 -0.004  0.026  0.028
  0.042  0.019  0.01   0.002  0.109 -0.023  0.024 -0.06   0.    -0.
 -0.     0.    -0.    -0.     0.     0.     0.     0.     0.     0.
  0.     0.     0.     0.     0.     0.     0.     0.     0.     0.
  0.     0.     0.     0.     0.     0.     0.014  0.   ]
Before adj: (-0.008, -0.103, -0.006)
After adj: (-0.008, -0.103, -0.014)
Diff: (0.0, 0.0, -0.008)
[ 0.003  0.003  0.003 -0.013 -0.015  0.025  0.015 -0.004  0.026  0.028
  0.042  0.019  0.01   0.002  0.109 -0.023  0.024 -0.06   0.    -0.
 -0.     0.    -0.    -0.     0.     0.     0.     0.     0.     0.
  0.     0.     0.     0.     0.     0.     0.     0.     0.     0.
  0.     0.     0.     0.     0.     0.     0.014  0.   ]
Before adj: (-0.008, -0.103, -0.006)
After adj: (-0.008, -0.103, -0.014)
Diff: (0.0, 0.0, -0.008)
[ 0.003  0.003  0.003 -0.013 -0.015  0.025  0.015 -0.004  0.026  0.028
  0.042  0.019  0.01   0.002  0.109 -0.023  0.024 -0.06   0.    -0.
 -0.     0.    -0.    -0.     0.     0.     0.     0.     0.     0.
  0.     0.     0.     0.     0.     0.     0.     0.     0.     0.
  0.     0.     0.     0.     0.     0.     0.014  0.   ]
Before adj: (-0.008, -0.103, 0.016)
After adj: (-0.008, -0.103, 0.008)
Diff: (0.0, 0.0, -0.008)
[ 0.003  0.003  0.003 -0.013 -0.015  0.025  0.015 -0.004  0.026  0.028
  0.042  0.019  0.01   0.002  0.109 -0.023  0.024 -0.06   0.    -0.
 -0.     0.    -0.    -0.     0.     0.     0.     0.     0.     0.
  0.     0.     0.     0.     0.     0.     0.     0.     0.     0.
  0.     0.     0.     0.     0.     0.     0.014  0.   ]
Before adj: (-0.008, -0.103, 0.041)
After adj: (-0.008, -0.103, 0.033)
Diff: (0.0, 0.0, -0.008)
[ 0.003  0.003  0.003 -0.013 -0.015  0.025  0.015 -0.004  0.026  0.028
  0.042  0.019  0.01   0.002  0.109 -0.023  0.024 -0.06   0.    -0.
 -0.     0.    -0.    -0.     0.     0.     0.     0.     0.     0.
  0.     0.     0.     0.     0.     0.     0.     0.     0.     0.
  0.     0.     0.     0.     0.     0.     0.014  0.   ]
Before adj: (-0.008, -0.103, 0.073)
After adj: (-0.008, -0.103, 0.065)
Diff: (0.0, 0.0, -0.007999999999999993)
[ 0.003  0.003  0.003 -0.013 -0.015  0.025  0.015 -0.004  0.026  0.028
  0.042  0.019  0.01   0.002  0.109 -0.023  0.024 -0.06   0.    -0.
 -0.     0.    -0.    -0.     0.     0.     0.     0.     0.     0.
  0.     0.     0.     0.     0.     0.     0.     0.     0.     0.
  0.     0.     0.     0.     0.     0.     0.014  0.   ]
Before adj: (-0.008, -0.103, 0.073)
After adj: (-0.008, -0.103, 0.065)
Diff: (0.0, 0.0, -0.007999999999999993)
[ 0.003  0.003  0.003 -0.013 -0.015  0.025  0.015 -0.004  0.026  0.028
  0.042  0.019  0.01   0.002  0.109 -0.023  0.024 -0.06   0.    -0.
 -0.     0.    -0.    -0.     0.     0.     0.     0.     0.     0.
  0.     0.     0.     0.     0.     0.     0.     0.     0.     0.
  0.     0.     0.     0.     0.     0.     0.014  0.   ]
Before adj: (-0.008, -0.103, 0.111)
After adj: (-0.008, -0.103, 0.104)
Diff: (0.0, 0.0, -0.007000000000000006)
[ 0.003  0.003  0.003 -0.013 -0.015  0.025  0.015 -0.004  0.026  0.028
  0.042  0.019  0.01   0.002  0.109 -0.023  0.024 -0.06   0.    -0.
 -0.     0.    -0.    -0.     0.     0.     0.     0.     0.     0.
  0.     0.     0.     0.     0.     0.     0.     0.     0.     0.
  0.     0.     0.     0.     0.     0.     0.013  0.   ]
Before adj: (-0.008, -0.103, 0.155)
After adj: (-0.008, -0.103, 0.15)
Diff: (0.0, 0.0, -0.0050000000000000044)
[ 0.003  0.003  0.003 -0.013 -0.015  0.025  0.015 -0.004  0.026  0.028
  0.042  0.019  0.01   0.002  0.109 -0.023  0.024 -0.06   0.    -0.
 -0.     0.    -0.    -0.     0.     0.     0.     0.     0.     0.
  0.     0.     0.     0.     0.     0.     0.     0.     0.     0.
  0.     0.     0.     0.     0.     0.     0.013  0.   ]
Before adj: (-0.009, -0.103, 0.206)
After adj: (-0.009, -0.103, 0.203)
Diff: (0.0, 0.0, -0.002999999999999975)
[ 0.003  0.003  0.003 -0.013 -0.015  0.025  0.015 -0.004  0.026  0.028
  0.042  0.019  0.01   0.002  0.109 -0.023  0.024 -0.06   0.    -0.
 -0.     0.    -0.    -0.     0.     0.     0.     0.     0.     0.
  0.     0.     0.     0.     0.     0.     0.     0.     0.     0.
  0.     0.     0.     0.     0.     0.     0.013  0.   ]
Before adj: (-0.009, -0.103, 0.206)
After adj: (-0.009, -0.103, 0.204)
Diff: (0.0, 0.0, -0.0020000000000000018)
[ 0.003  0.003  0.003 -0.013 -0.015  0.025  0.015 -0.004  0.026  0.028
  0.042  0.019  0.01   0.002  0.109 -0.023  0.024 -0.06   0.    -0.
 -0.     0.    -0.    -0.     0.     0.     0.     0.     0.     0.
  0.     0.     0.     0.     0.     0.     0.     0.     0.     0.
  0.     0.     0.     0.     0.     0.     0.013  0.   ]
Before adj: (-0.009, -0.103, 0.223)
After adj: (-0.009, -0.103, 0.221)
Diff: (0.0, 0.0, -0.0020000000000000018)
[ 0.003  0.003  0.003 -0.013 -0.015  0.025  0.015 -0.004  0.026  0.028
  0.042  0.019  0.01   0.002  0.109 -0.023  0.024 -0.06   0.    -0.
 -0.     0.    -0.    -0.     0.     0.     0.     0.     0.     0.
  0.     0.     0.     0.     0.     0.     0.     0.     0.     0.
  0.     0.     0.     0.     0.     0.     0.013  0.   ]
Before adj: (-0.009, -0.103, 0.241)
After adj: (-0.009, -0.103, 0.24)
Diff: (0.0, 0.0, -0.0010000000000000009)
[ 0.003  0.003  0.003 -0.013 -0.015  0.025  0.015 -0.004  0.026  0.028
  0.042  0.019  0.01   0.002  0.109 -0.023  0.024 -0.06   0.    -0.
 -0.     0.    -0.    -0.     0.     0.     0.     0.     0.     0.
  0.     0.     0.     0.     0.     0.     0.     0.     0.     0.
  0.     0.     0.     0.     0.     0.     0.013  0.   ]
Before adj: (-0.009, -0.103, 0.259)
After adj: (-0.009, -0.103, 0.256)
Diff: (0.0, 0.0, -0.0030000000000000027)
Elapsed time: 18.582990810999036
Sampling time 18.60223458300061
Solve time for step 1 0.07257866859436035
Current ori: tensor([ 0.0014,  0.0130, -0.1180], device='cuda:0')
Middle force: tensor([0.4881], device='cuda:0')
Thumb force: tensor([0.3511], device='cuda:0')
Index force: tensor([0.5466], device='cuda:0')
[ 0.003  0.002  0.003 -0.012 -0.016  0.024  0.015 -0.004  0.026  0.028
  0.042  0.019  0.009  0.002  0.109 -0.024  0.024 -0.06   0.    -0.
 -0.     0.    -0.    -0.001  0.     0.     0.     0.     0.     0.
  0.     0.     0.     0.     0.     0.     0.     0.     0.     0.
  0.     0.     0.     0.     0.     0.     0.008  0.   ]
Before adj: (0.0, -0.03, -0.05)
After adj: (0.0, -0.03, -0.06)
Diff: (0.0, 0.0, -0.009999999999999995)
[ 0.003  0.002  0.002 -0.012 -0.015  0.024  0.015 -0.004  0.026  0.028
  0.042  0.019  0.009  0.002  0.109 -0.024  0.024 -0.06   0.    -0.
 -0.     0.    -0.    -0.001  0.     0.     0.     0.     0.     0.
  0.     0.     0.     0.     0.     0.     0.     0.     0.     0.
  0.     0.     0.     0.     0.     0.     0.008  0.   ]
Before adj: (-0.0, -0.03, -0.027)
After adj: (-0.0, -0.03, -0.037)
Diff: (0.0, 0.0, -0.009999999999999998)
[ 0.003  0.002  0.002 -0.012 -0.015  0.024  0.015 -0.004  0.026  0.028
  0.042  0.019  0.009  0.002  0.109 -0.024  0.024 -0.06   0.    -0.
 -0.     0.    -0.    -0.001  0.     0.     0.     0.     0.     0.
  0.     0.     0.     0.     0.     0.     0.     0.     0.     0.
  0.     0.     0.     0.     0.     0.     0.006  0.   ]
Before adj: (-0.0, -0.03, -0.006)
After adj: (-0.0, -0.03, -0.016)
Diff: (0.0, 0.0, -0.01)
[ 0.003  0.002  0.002 -0.012 -0.015  0.024  0.015 -0.004  0.026  0.028
  0.042  0.019  0.009  0.002  0.109 -0.024  0.024 -0.059  0.    -0.
 -0.     0.    -0.    -0.001  0.     0.     0.     0.     0.     0.
  0.     0.     0.     0.     0.     0.     0.     0.     0.     0.
  0.     0.     0.     0.     0.     0.     0.005  0.   ]
Before adj: (-0.0, -0.03, 0.017)
After adj: (-0.0, -0.03, 0.007)
Diff: (0.0, 0.0, -0.010000000000000002)
[ 0.003  0.002  0.002 -0.012 -0.015  0.024  0.015 -0.004  0.026  0.028
  0.042  0.019  0.009  0.002  0.109 -0.024  0.024 -0.059  0.    -0.
 -0.     0.    -0.    -0.001  0.     0.     0.     0.     0.     0.
  0.     0.     0.     0.     0.     0.     0.     0.     0.     0.
  0.     0.     0.     0.     0.     0.     0.005  0.   ]
Before adj: (-0.0, -0.03, 0.017)
After adj: (-0.0, -0.03, 0.007)
Diff: (0.0, 0.0, -0.010000000000000002)
[ 0.003  0.002  0.003 -0.012 -0.015  0.024  0.015 -0.004  0.026  0.028
  0.042  0.019  0.009  0.002  0.109 -0.024  0.024 -0.059  0.    -0.
 -0.     0.    -0.    -0.001  0.     0.     0.     0.     0.     0.
  0.     0.     0.     0.     0.     0.     0.     0.     0.     0.
  0.     0.     0.     0.     0.     0.     0.001  0.   ]
Before adj: (-0.0, -0.03, 0.045)
After adj: (-0.0, -0.03, 0.035)
Diff: (0.0, 0.0, -0.009999999999999995)
[ 0.003  0.002  0.003 -0.012 -0.015  0.024  0.015 -0.004  0.026  0.028
  0.042  0.019  0.009  0.002  0.109 -0.024  0.024 -0.059  0.    -0.
 -0.     0.    -0.    -0.001  0.     0.     0.     0.     0.     0.
  0.     0.     0.     0.     0.     0.     0.     0.     0.     0.
  0.     0.     0.     0.     0.     0.     0.     0.   ]
Before adj: (-0.0, -0.03, 0.079)
After adj: (-0.0, -0.03, 0.069)
Diff: (0.0, 0.0, -0.009999999999999995)
[ 0.003  0.002  0.003 -0.012 -0.015  0.024  0.015 -0.004  0.026  0.028
  0.042  0.019  0.009  0.002  0.109 -0.024  0.024 -0.059  0.    -0.
 -0.     0.    -0.    -0.001  0.     0.     0.     0.     0.     0.
  0.     0.     0.     0.     0.     0.     0.     0.     0.     0.
  0.     0.     0.     0.     0.     0.     0.     0.   ]
Before adj: (-0.0, -0.03, 0.122)
After adj: (-0.0, -0.03, 0.112)
Diff: (0.0, 0.0, -0.009999999999999995)
[ 0.003  0.002  0.003 -0.012 -0.015  0.024  0.015 -0.004  0.026  0.028
  0.042  0.019  0.009  0.002  0.109 -0.024  0.024 -0.059  0.    -0.
 -0.     0.    -0.    -0.001  0.     0.     0.     0.     0.     0.
  0.     0.     0.     0.     0.     0.     0.     0.     0.     0.
  0.     0.     0.     0.     0.     0.     0.     0.   ]
Before adj: (-0.0, -0.03, 0.122)
After adj: (-0.0, -0.03, 0.112)
Diff: (0.0, 0.0, -0.009999999999999995)
[ 0.003  0.002  0.003 -0.012 -0.015  0.024  0.015 -0.004  0.026  0.028
  0.042  0.019  0.009  0.002  0.109 -0.024  0.024 -0.059  0.    -0.
 -0.     0.    -0.    -0.001  0.     0.     0.     0.     0.     0.
  0.     0.     0.     0.     0.     0.     0.     0.     0.     0.
  0.     0.     0.     0.     0.     0.     0.     0.   ]
Before adj: (-0.0, -0.03, 0.17)
After adj: (-0.0, -0.03, 0.162)
Diff: (0.0, 0.0, -0.008000000000000007)
[ 0.003  0.002  0.003 -0.012 -0.015  0.024  0.015 -0.004  0.026  0.028
  0.042  0.019  0.009  0.002  0.109 -0.024  0.024 -0.059  0.    -0.
 -0.     0.    -0.    -0.001  0.     0.     0.     0.     0.     0.
  0.     0.     0.     0.     0.     0.     0.     0.     0.     0.
  0.     0.     0.     0.     0.     0.     0.     0.   ]
Before adj: (-0.0, -0.03, 0.225)
After adj: (-0.0, -0.03, 0.217)
Diff: (0.0, 0.0, -0.008000000000000007)
[ 0.003  0.002  0.003 -0.012 -0.015  0.024  0.015 -0.004  0.026  0.028
  0.042  0.019  0.009  0.002  0.109 -0.024  0.024 -0.059 -0.    -0.
 -0.     0.    -0.    -0.001  0.     0.     0.     0.     0.     0.
  0.     0.     0.     0.     0.     0.     0.     0.     0.     0.
  0.     0.     0.     0.     0.     0.     0.     0.   ]
Before adj: (-0.0, -0.03, 0.285)
After adj: (-0.0, -0.03, 0.279)
Diff: (0.0, 0.0, -0.00599999999999995)
[ 0.003  0.002  0.003 -0.012 -0.015  0.024  0.015 -0.004  0.026  0.028
  0.042  0.019  0.009  0.002  0.109 -0.024  0.024 -0.059 -0.    -0.
 -0.     0.    -0.    -0.001  0.     0.     0.     0.     0.     0.
  0.     0.     0.     0.     0.     0.     0.     0.     0.     0.
  0.     0.     0.     0.     0.     0.     0.     0.   ]
Before adj: (-0.0, -0.03, 0.285)
After adj: (-0.0, -0.03, 0.279)
Diff: (0.0, 0.0, -0.00599999999999995)
[ 0.003  0.002  0.003 -0.012 -0.015  0.024  0.015 -0.004  0.026  0.028
  0.042  0.019  0.009  0.002  0.109 -0.024  0.024 -0.059 -0.    -0.
 -0.     0.    -0.    -0.001  0.     0.     0.     0.     0.     0.
  0.     0.     0.     0.     0.     0.     0.     0.     0.     0.
  0.     0.     0.     0.     0.     0.     0.     0.   ]
Before adj: (-0.0, -0.029, 0.349)
After adj: (-0.0, -0.029, 0.343)
Diff: (0.0, 0.0, -0.00599999999999995)
[ 0.003  0.002  0.003 -0.012 -0.015  0.024  0.015 -0.004  0.026  0.028
  0.042  0.019  0.009  0.002  0.108 -0.024  0.024 -0.059 -0.    -0.
 -0.     0.    -0.    -0.001  0.     0.     0.     0.     0.     0.
  0.     0.     0.     0.     0.     0.     0.     0.     0.     0.
  0.     0.     0.     0.     0.     0.     0.     0.   ]
Before adj: (-0.0, -0.029, 0.412)
After adj: (-0.0, -0.029, 0.409)
Diff: (0.0, 0.0, -0.0030000000000000027)
[ 0.003  0.002  0.003 -0.012 -0.015  0.024  0.015 -0.004  0.026  0.028
  0.042  0.019  0.009  0.002  0.108 -0.024  0.024 -0.059 -0.    -0.
 -0.     0.    -0.    -0.001  0.     0.     0.     0.     0.     0.
  0.     0.     0.     0.     0.     0.     0.     0.     0.     0.
  0.     0.     0.     0.     0.     0.     0.     0.   ]
Before adj: (-0.0, -0.029, 0.469)
After adj: (-0.0, -0.029, 0.467)
Diff: (0.0, 0.0, -0.0019999999999999463)
[ 0.003  0.002  0.003 -0.012 -0.015  0.024  0.015 -0.004  0.026  0.028
  0.042  0.019  0.009  0.002  0.108 -0.024  0.024 -0.059 -0.    -0.
 -0.     0.    -0.    -0.001  0.     0.     0.     0.     0.     0.
  0.     0.     0.     0.     0.     0.     0.     0.     0.     0.
  0.     0.     0.     0.     0.     0.     0.     0.   ]
Before adj: (-0.0, -0.028, 0.469)
After adj: (-0.0, -0.028, 0.467)
Diff: (0.0, 0.0, -0.0019999999999999463)
[ 0.003  0.002  0.003 -0.012 -0.015  0.024  0.015 -0.004  0.026  0.028
  0.042  0.019  0.009  0.002  0.108 -0.024  0.024 -0.059 -0.    -0.
 -0.     0.    -0.    -0.001  0.     0.     0.     0.     0.     0.
  0.     0.     0.     0.     0.     0.     0.     0.     0.     0.
  0.     0.     0.     0.     0.     0.     0.     0.   ]
Before adj: (-0.0, -0.028, 0.519)
After adj: (-0.0, -0.028, 0.517)
Diff: (0.0, 0.0, -0.0020000000000000018)
[ 0.003  0.002  0.003 -0.012 -0.015  0.024  0.015 -0.004  0.026  0.028
  0.042  0.019  0.009  0.002  0.108 -0.024  0.024 -0.059 -0.    -0.
 -0.     0.    -0.    -0.001  0.     0.     0.     0.     0.     0.
  0.     0.     0.     0.     0.     0.     0.     0.     0.     0.
  0.     0.     0.     0.     0.     0.     0.     0.   ]
Before adj: (-0.0, -0.027, 0.563)
After adj: (-0.0, -0.027, 0.561)
Diff: (0.0, 0.0, -0.0019999999999998908)
[ 0.003  0.002  0.003 -0.012 -0.015  0.024  0.015 -0.004  0.026  0.028
  0.042  0.019  0.009  0.002  0.108 -0.024  0.024 -0.059  0.    -0.
 -0.     0.    -0.    -0.001  0.     0.     0.     0.     0.     0.
  0.     0.     0.     0.     0.     0.     0.     0.     0.     0.
  0.     0.     0.     0.     0.     0.     0.     0.   ]
Before adj: (-0.0, -0.027, 0.599)
After adj: (-0.0, -0.027, 0.599)
Diff: (0.0, 0.0, 0.0)
[ 0.003  0.002  0.003 -0.012 -0.015  0.024  0.015 -0.004  0.026  0.028
  0.042  0.019  0.009  0.002  0.108 -0.024  0.024 -0.059  0.    -0.
 -0.     0.    -0.    -0.001  0.     0.     0.     0.     0.     0.
  0.     0.     0.     0.     0.     0.     0.     0.     0.     0.
  0.     0.     0.     0.     0.     0.     0.     0.   ]
Before adj: (-0.0, -0.027, 0.599)
After adj: (-0.0, -0.027, 0.599)
Diff: (0.0, 0.0, 0.0)
[ 0.003  0.002  0.003 -0.012 -0.015  0.024  0.015 -0.004  0.026  0.028
  0.042  0.019  0.009  0.002  0.108 -0.024  0.024 -0.059  0.    -0.
 -0.     0.    -0.    -0.001  0.     0.     0.     0.     0.     0.
  0.     0.     0.     0.     0.     0.     0.     0.     0.     0.
  0.     0.     0.     0.     0.     0.     0.     0.   ]
Before adj: (-0.0, -0.026, 0.629)
After adj: (-0.0, -0.026, 0.628)
Diff: (0.0, 0.0, -0.0010000000000000009)
[ 0.003  0.002  0.003 -0.012 -0.015  0.024  0.015 -0.004  0.026  0.028
  0.042  0.019  0.009  0.002  0.108 -0.024  0.024 -0.059  0.    -0.
 -0.     0.    -0.    -0.001  0.     0.     0.     0.     0.     0.
  0.     0.     0.     0.     0.     0.     0.     0.     0.     0.
  0.     0.     0.     0.     0.     0.     0.     0.   ]
Before adj: (-0.0, -0.026, 0.649)
After adj: (-0.0, -0.026, 0.647)
Diff: (0.0, 0.0, -0.0020000000000000018)
[ 0.003  0.002  0.003 -0.012 -0.015  0.024  0.015 -0.004  0.026  0.028
  0.042  0.019  0.009  0.002  0.108 -0.024  0.024 -0.059  0.    -0.
 -0.     0.    -0.    -0.001  0.     0.     0.     0.     0.     0.
  0.     0.     0.     0.     0.     0.     0.     0.     0.     0.
  0.     0.     0.     0.     0.     0.     0.     0.   ]
Before adj: (-0.001, -0.025, 0.662)
After adj: (-0.001, -0.025, 0.66)
Diff: (0.0, 0.0, -0.0020000000000000018)
[ 0.003  0.002  0.003 -0.012 -0.015  0.024  0.015 -0.004  0.026  0.028
  0.042  0.019  0.009  0.002  0.108 -0.024  0.024 -0.059  0.    -0.
 -0.     0.    -0.    -0.001  0.     0.     0.     0.     0.     0.
  0.     0.     0.     0.     0.     0.     0.     0.     0.     0.
  0.     0.     0.     0.     0.     0.     0.     0.   ]
Before adj: (-0.001, -0.025, 0.662)
After adj: (-0.001, -0.025, 0.659)
Diff: (0.0, 0.0, -0.0030000000000000027)
[ 0.003  0.002  0.003 -0.012 -0.015  0.024  0.015 -0.004  0.026  0.028
  0.042  0.019  0.009  0.002  0.108 -0.024  0.024 -0.059  0.    -0.
 -0.     0.    -0.    -0.001  0.     0.     0.     0.     0.     0.
  0.     0.     0.     0.     0.     0.     0.     0.     0.     0.
  0.     0.     0.     0.     0.     0.     0.     0.   ]
Before adj: (-0.001, -0.024, 0.666)
After adj: (-0.001, -0.024, 0.662)
Diff: (0.0, 0.0, -0.0040000000000000036)
[ 0.003  0.002  0.003 -0.012 -0.015  0.024  0.015 -0.004  0.026  0.028
  0.042  0.019  0.009  0.002  0.108 -0.024  0.024 -0.059  0.    -0.
 -0.     0.    -0.    -0.001  0.     0.     0.     0.     0.     0.
  0.     0.     0.     0.     0.     0.     0.     0.     0.     0.
  0.     0.     0.     0.     0.     0.     0.     0.   ]
Before adj: (-0.001, -0.024, 0.664)
After adj: (-0.001, -0.024, 0.658)
Diff: (0.0, 0.0, -0.006000000000000005)
[ 0.003  0.002  0.003 -0.012 -0.015  0.024  0.015 -0.004  0.026  0.028
  0.042  0.019  0.009  0.002  0.108 -0.024  0.024 -0.059  0.    -0.
 -0.     0.    -0.    -0.001  0.     0.     0.     0.     0.     0.
  0.     0.     0.     0.     0.     0.     0.     0.     0.     0.
  0.     0.     0.     0.     0.     0.     0.     0.   ]
Before adj: (-0.001, -0.023, 0.654)
After adj: (-0.001, -0.023, 0.647)
Diff: (0.0, 0.0, -0.007000000000000006)
[ 0.003  0.002  0.003 -0.012 -0.015  0.024  0.015 -0.004  0.026  0.028
  0.042  0.019  0.009  0.002  0.108 -0.024  0.024 -0.059  0.    -0.
 -0.     0.    -0.    -0.001  0.     0.     0.     0.     0.     0.
  0.     0.     0.     0.     0.     0.     0.     0.     0.     0.
  0.     0.     0.     0.     0.     0.     0.     0.   ]
Before adj: (-0.001, -0.023, 0.654)
After adj: (-0.001, -0.023, 0.647)
Diff: (0.0, 0.0, -0.007000000000000006)
[ 0.003  0.002  0.003 -0.012 -0.015  0.024  0.015 -0.004  0.026  0.028
  0.042  0.019  0.009  0.002  0.108 -0.024  0.024 -0.059  0.    -0.
 -0.     0.    -0.    -0.001  0.     0.     0.     0.     0.     0.
  0.     0.     0.     0.     0.     0.     0.     0.     0.     0.
  0.     0.     0.     0.     0.     0.     0.     0.   ]
Before adj: (-0.001, -0.022, 0.635)
After adj: (-0.001, -0.022, 0.627)
Diff: (0.0, 0.0, -0.008000000000000007)
[ 0.003  0.002  0.003 -0.012 -0.015  0.024  0.015 -0.004  0.026  0.028
  0.042  0.019  0.009  0.002  0.108 -0.024  0.024 -0.059  0.    -0.
 -0.     0.    -0.    -0.001  0.     0.     0.     0.     0.     0.
  0.     0.     0.     0.     0.     0.     0.     0.     0.     0.
  0.     0.     0.     0.     0.     0.     0.     0.   ]
Before adj: (-0.001, -0.022, 0.609)
After adj: (-0.001, -0.022, 0.599)
Diff: (0.0, 0.0, -0.010000000000000009)
[ 0.003  0.002  0.002 -0.012 -0.015  0.024  0.015 -0.004  0.026  0.028
  0.042  0.019  0.009  0.002  0.108 -0.024  0.024 -0.059  0.    -0.
 -0.     0.    -0.    -0.001  0.     0.     0.     0.     0.     0.
  0.     0.     0.     0.     0.     0.     0.     0.     0.     0.
  0.     0.     0.     0.     0.     0.     0.     0.   ]
Before adj: (-0.001, -0.021, 0.574)
After adj: (-0.001, -0.021, 0.565)
Diff: (0.0, 0.0, -0.009000000000000008)
[ 0.003  0.002  0.002 -0.012 -0.015  0.024  0.015 -0.004  0.026  0.028
  0.042  0.019  0.009  0.002  0.108 -0.024  0.024 -0.059  0.    -0.
 -0.     0.    -0.    -0.001  0.     0.     0.     0.     0.     0.
  0.     0.     0.     0.     0.     0.     0.     0.     0.     0.
  0.     0.     0.     0.     0.     0.     0.     0.   ]
Before adj: (-0.001, -0.021, 0.574)
After adj: (-0.001, -0.021, 0.564)
Diff: (0.0, 0.0, -0.010000000000000009)
[ 0.003  0.002  0.002 -0.012 -0.015  0.024  0.015 -0.004  0.026  0.028
  0.042  0.019  0.009  0.002  0.108 -0.024  0.024 -0.059  0.    -0.
 -0.     0.    -0.    -0.001  0.     0.     0.     0.     0.     0.
  0.     0.     0.     0.     0.     0.     0.     0.     0.     0.
  0.     0.     0.     0.     0.     0.     0.     0.   ]
Before adj: (-0.001, -0.021, 0.535)
After adj: (-0.001, -0.021, 0.525)
Diff: (0.0, 0.0, -0.010000000000000009)
[ 0.003  0.002  0.002 -0.012 -0.015  0.024  0.015 -0.004  0.026  0.028
  0.042  0.019  0.009  0.002  0.108 -0.024  0.024 -0.059  0.    -0.
 -0.     0.    -0.    -0.001  0.     0.     0.     0.     0.     0.
  0.     0.     0.     0.     0.     0.     0.     0.     0.     0.
  0.     0.     0.     0.     0.     0.     0.     0.   ]
Before adj: (-0.001, -0.02, 0.492)
After adj: (-0.001, -0.02, 0.482)
Diff: (0.0, 0.0, -0.010000000000000009)
