Importing module 'gym_38' (/home/abhinav/Downloads/IsaacGym_Preview_4_Package/isaacgym/python/isaacgym/_bindings/linux-x86_64/gym_38.so)
Setting GYM_USD_PLUG_INFO_PATH to /home/abhinav/Downloads/IsaacGym_Preview_4_Package/isaacgym/python/isaacgym/_bindings/linux-x86_64/usd/plugInfo.json
PyTorch version 2.4.0+cu121
Device count 1
/home/abhinav/Downloads/IsaacGym_Preview_4_Package/isaacgym/python/isaacgym/_bindings/src/gymtorch
ninja: no work to do.
CCAI_PATH /home/abhinav/Documents/ccai
Not connected to PVD
Physics Engine: PhysX
Physics Device: cpu
GPU Pipeline: disabled
Using VHACD cache directory '/home/abhinav/.isaacgym/vhacd'
Found existing convex decomposition for mesh '/home/abhinav/Documents/git_packages/isaacgym-arm-envs/isaac_victor_envs/assets/xela_models/mesh/allegro/base_ns.stl'
Found existing convex decomposition for mesh '/home/abhinav/Documents/git_packages/isaacgym-arm-envs/isaac_victor_envs/assets/xela_models/mesh/allegro/link_1.0.stl'
Found existing convex decomposition for mesh '/home/abhinav/Documents/git_packages/isaacgym-arm-envs/isaac_victor_envs/assets/xela_models/mesh/ft_c.stl'
[ models/temporal ] Channel dimensions: [(37, 128), (128, 256), (256, 512)]
[ models/temporal ] Channel dimensions: [(37, 128), (128, 256), (256, 512)]
[ models/temporal ] Channel dimensions: [(37, 128), (128, 256), (256, 512)]
Loaded trajectory sampler
Current yaw: tensor([-0.0005,  0.0155, -0.0151], device='cuda:0')
Current yaw: tensor([-0.0046,  0.0152, -0.0330], device='cuda:0')
1 turn
Projection step: 0, Loss: 34.38913345336914
tensor([[-0.1201, -0.0046,  0.0165, -0.0291, -0.0011, -0.0179, -0.0453, -0.0011,
         -0.1266, -0.0202,  0.0263, -0.0093,  0.0850,  0.0272, -0.0181, -0.0361]],
       device='cuda:0')
Projection step: 1, Loss: 32.35328674316406
tensor([[-0.0369, -0.0111, -0.0071, -0.0343,  0.0642, -0.0260,  0.0705, -0.0114,
          0.0006,  0.0511,  0.0780,  0.0204,  0.0889,  0.0607, -0.0600, -0.0162]],
       device='cuda:0')
Projection step: 2, Loss: 29.840717315673828
tensor([[-0.0221, -0.0073, -0.0302,  0.0340,  0.0309, -0.0361,  0.0262,  0.0157,
          0.0212,  0.0331,  0.0494, -0.0100,  0.1262,  0.0759, -0.0017, -0.0383]],
       device='cuda:0')
Projection step: 3, Loss: 25.52480697631836
tensor([[-1.7966e-02, -1.8070e-04, -3.4809e-02,  9.6747e-03,  2.8565e-02,
         -5.6078e-02, -4.2760e-02, -9.8526e-05, -3.4755e-02, -1.4734e-02,
          4.7338e-03,  1.3651e-02,  1.0997e-01,  5.6316e-02,  3.2566e-04,
         -2.7455e-02]], device='cuda:0')
Projection step: 4, Loss: 23.307823181152344
tensor([[-0.0096,  0.0118, -0.0015,  0.0203,  0.0237, -0.0320,  0.0159,  0.0250,
          0.0081,  0.0049, -0.0011, -0.0068,  0.1065,  0.0539,  0.0139, -0.0375]],
       device='cuda:0')
Projection step: 5, Loss: 22.899951934814453
tensor([[ 0.0046, -0.0244,  0.0219, -0.0095, -0.0012,  0.0202,  0.0443, -0.0047,
          0.0162,  0.0124, -0.0010,  0.0183,  0.1055,  0.0542,  0.0618,  0.0399]],
       device='cuda:0')
Projection step: 6, Loss: 21.358734130859375
tensor([[-0.0355,  0.0024,  0.0014,  0.0082, -0.0090,  0.0018, -0.0353, -0.0132,
          0.0024, -0.0267, -0.0134,  0.0110,  0.1117,  0.0347,  0.0214,  0.0704]],
       device='cuda:0')
Projection step: 7, Loss: 19.591489791870117
tensor([[-0.0021, -0.0087, -0.0237,  0.0109, -0.0366, -0.0097, -0.0086,  0.0258,
          0.0142, -0.0020, -0.0001,  0.0161,  0.1174,  0.0172,  0.0017,  0.0563]],
       device='cuda:0')
Projection step: 8, Loss: 17.538654327392578
tensor([[ 0.0371,  0.0331, -0.0371,  0.0590, -0.0119, -0.0049,  0.0200,  0.0323,
          0.0113,  0.0061, -0.0134,  0.0187,  0.1205,  0.0029, -0.0518, -0.0098]],
       device='cuda:0')
Projection step: 9, Loss: 15.48106575012207
tensor([[ 3.7519e-02,  2.5445e-02,  9.9627e-03,  1.6892e-02, -1.2986e-02,
         -7.8585e-05,  2.9277e-02,  5.1440e-02, -2.9906e-02,  3.5818e-02,
          1.1830e-02,  2.2297e-04,  1.1260e-01, -4.3722e-02, -4.3902e-02,
         -5.0093e-02]], device='cuda:0')
Projection step: 10, Loss: 14.173094749450684
tensor([[ 0.0326, -0.0563,  0.0572, -0.0771, -0.0179,  0.0111,  0.0018,  0.0167,
         -0.0261,  0.0317,  0.0360, -0.0163,  0.1144, -0.0609,  0.0207, -0.0352]],
       device='cuda:0')
Projection step: 11, Loss: 11.92184066772461
tensor([[-3.8513e-02, -3.2578e-03,  1.2737e-02,  1.5354e-03,  1.9462e-02,
         -2.3704e-02, -3.2192e-02, -5.6536e-02,  7.3797e-03, -1.4768e-02,
          1.2147e-02, -4.7057e-05,  1.0475e-01, -7.4202e-02,  4.3503e-02,
          4.5300e-02]], device='cuda:0')
Projection step: 12, Loss: 9.96198844909668
tensor([[ 0.0271,  0.0348, -0.0411,  0.0527,  0.0538,  0.0385,  0.0322, -0.0070,
          0.0040, -0.0443, -0.0676, -0.0018,  0.1051, -0.0500, -0.0706,  0.0087]],
       device='cuda:0')
Projection step: 13, Loss: 7.860114574432373
tensor([[ 0.0240, -0.0318,  0.0329, -0.0091, -0.0228, -0.0447, -0.0322,  0.0179,
          0.0393,  0.0082,  0.0374,  0.0621,  0.0953, -0.0669, -0.0051, -0.0757]],
       device='cuda:0')
Projection step: 14, Loss: 6.236994743347168
tensor([[-0.0021, -0.0256,  0.0182, -0.0370,  0.0150,  0.0475,  0.0673,  0.0333,
         -0.0461, -0.0124, -0.0740, -0.1160,  0.1039, -0.0379, -0.0088, -0.0560]],
       device='cuda:0')
Projection step: 15, Loss: 6.054202079772949
tensor([[-0.0354,  0.0347,  0.0243,  0.0461, -0.0132, -0.1071, -0.1320, -0.0828,
          0.0585,  0.0415,  0.1305,  0.1531,  0.0695, -0.0518,  0.0414,  0.0665]],
       device='cuda:0')
Projection step: 16, Loss: 11.315496444702148
tensor([[ 0.0273,  0.0292, -0.0339, -0.0295, -0.0039,  0.0681,  0.1406,  0.0091,
          0.0192, -0.0850, -0.0504, -0.0434,  0.0670, -0.0254,  0.0904,  0.1145]],
       device='cuda:0')
Projection step: 17, Loss: 8.765180587768555
tensor([[ 0.0570, -0.0306, -0.0004, -0.0537, -0.0240,  0.0481, -0.0028,  0.0403,
         -0.0775, -0.0050, -0.1033, -0.0318,  0.0322,  0.1139,  0.1519,  0.1194]],
       device='cuda:0')
Projection step: 18, Loss: 7.345577239990234
tensor([[-0.0970,  0.0627, -0.0302, -0.0102, -0.0178, -0.1228, -0.0211,  0.0648,
          0.0538,  0.0060,  0.0626, -0.0080, -0.0044, -0.0045, -0.0482, -0.1323]],
       device='cuda:0')
Projection step: 19, Loss: 7.322121620178223
tensor([[ 0.0200,  0.0081,  0.0589,  0.0083,  0.0211,  0.0305,  0.0732, -0.1631,
          0.0484, -0.0134,  0.0932,  0.0045, -0.0199, -0.0340, -0.0723, -0.0995]],
       device='cuda:0')
Projection step: 20, Loss: 8.491983413696289
tensor([[ 0.0752, -0.0969, -0.0643, -0.0438, -0.0667,  0.0517, -0.0443,  0.0811,
         -0.1957,  0.0866, -0.0985, -0.0242, -0.0289, -0.0083,  0.0141,  0.1618]],
       device='cuda:0')
Projection step: 21, Loss: 7.933998107910156
tensor([[-0.0907,  0.1183,  0.1279,  0.1212,  0.0711, -0.0049, -0.0583,  0.0227,
          0.1284,  0.0124,  0.0520,  0.1014, -0.0114, -0.0132, -0.0861, -0.0021]],
       device='cuda:0')
Projection step: 22, Loss: 8.282466888427734
tensor([[ 0.0766, -0.1065, -0.1541, -0.0907,  0.1194, -0.0090,  0.0074, -0.0332,
          0.0659, -0.1147, -0.0630, -0.0544, -0.0639,  0.0200,  0.0192, -0.1610]],
       device='cuda:0')
Projection step: 23, Loss: 6.271732330322266
tensor([[-0.0860,  0.0455,  0.0390,  0.0780, -0.0934,  0.0408,  0.0160, -0.0426,
         -0.0659,  0.0327, -0.0812, -0.0849, -0.0196, -0.0021, -0.0681,  0.1359]],
       device='cuda:0')
Projection step: 24, Loss: 6.551543235778809
tensor([[-0.0501, -0.0868,  0.0274,  0.0333,  0.0067, -0.0412, -0.0344,  0.0550,
          0.0235,  0.1144,  0.1572,  0.1103,  0.0464, -0.0071, -0.0095, -0.0340]],
       device='cuda:0')
Projection step: 25, Loss: 5.0180816650390625
Sampling time 96.91669056199999
Solve time for step 1 0.13641071319580078
Current ori: tensor([-0.0046,  0.0152, -0.0330], device='cuda:0')
Middle force: tensor([1.4946, 0.8622, 0.6120, 1.0839, 0.1099, 0.4353, 1.1559, 0.7538, 0.3205,
        0.2420, 0.2850, 0.4374], device='cuda:0')
Thumb force: tensor([1.7943, 0.6761, 1.0829, 0.7946, 0.6516, 1.1066, 0.5841, 1.0473, 0.4829,
        1.0498, 1.5129, 0.7601], device='cuda:0')
Index force: tensor([0.7218, 0.8527, 0.5333, 0.4218, 0.1409, 0.2821, 0.6992, 0.4279, 0.5142,
        0.3317, 0.3996, 0.0483], device='cuda:0')
Solve time for step 2 0.14778590202331543
Current ori: tensor([-0.0059,  0.0216, -0.0878], device='cuda:0')
Middle force: tensor([0.8622, 0.6120, 1.0839, 0.1099, 0.4353, 1.1559, 0.7538, 0.3205, 0.2420,
        0.2850, 0.4374], device='cuda:0')
Thumb force: tensor([0.6761, 1.0829, 0.7946, 0.6516, 1.1066, 0.5841, 1.0473, 0.4829, 1.0498,
        1.5129, 0.7601], device='cuda:0')
Index force: tensor([0.8527, 0.5333, 0.4218, 0.1409, 0.2821, 0.6992, 0.4279, 0.5142, 0.3317,
        0.3996, 0.0483], device='cuda:0')
Solve time for step 3 0.14095187187194824
Current ori: tensor([-0.0029,  0.0241, -0.0761], device='cuda:0')
Middle force: tensor([1.3195, 1.2142, 0.7070, 0.2544, 0.5052, 0.5176, 0.0641, 0.2605, 0.2614,
        0.2262], device='cuda:0')
Thumb force: tensor([1.2508, 1.2246, 0.5968, 0.8993, 0.2021, 1.2868, 0.1398, 0.3467, 0.1875,
        1.1041], device='cuda:0')
Index force: tensor([0.2085, 0.3105, 0.9678, 0.5176, 0.4070, 0.1139, 0.0818, 0.3614, 0.3820,
        0.2342], device='cuda:0')
Solve time for step 4 0.13484883308410645
Current ori: tensor([-0.0028,  0.0258, -0.1646], device='cuda:0')
Middle force: tensor([1.2142, 0.7070, 0.2544, 0.5052, 0.5176, 0.0641, 0.2605, 0.2614, 0.2262],
       device='cuda:0')
Thumb force: tensor([1.2246, 0.5968, 0.8993, 0.2021, 1.2868, 0.1398, 0.3467, 0.1875, 1.1041],
       device='cuda:0')
Index force: tensor([0.3105, 0.9678, 0.5176, 0.4070, 0.1139, 0.0818, 0.3614, 0.3820, 0.2342],
       device='cuda:0')
Solve time for step 5 0.12912988662719727
Current ori: tensor([-0.0019,  0.0214, -0.2277], device='cuda:0')
Middle force: tensor([0.7075, 0.2643, 0.5080, 0.5165, 0.1712, 0.2510, 0.0570, 0.1979],
       device='cuda:0')
Thumb force: tensor([0.5897, 0.9023, 0.2104, 1.2482, 0.9312, 0.7792, 0.1255, 0.1698],
       device='cuda:0')
Index force: tensor([0.9633, 0.5227, 0.4192, 0.1149, 0.1361, 0.4659, 0.1422, 0.3234],
       device='cuda:0')
Solve time for step 6 0.1268608570098877
Current ori: tensor([ 0.0040,  0.0306, -0.2113], device='cuda:0')
Middle force: tensor([0.2544, 0.5052, 0.5176, 0.0641, 0.2605, 0.2614, 0.2262],
       device='cuda:0')
Thumb force: tensor([0.8993, 0.2021, 1.2868, 0.1398, 0.3467, 0.1875, 1.1041],
       device='cuda:0')
Index force: tensor([0.5176, 0.4070, 0.1139, 0.0818, 0.3614, 0.3820, 0.2342],
       device='cuda:0')
Solve time for step 7 0.12047648429870605
Current ori: tensor([ 0.0118,  0.0499, -0.1926], device='cuda:0')
Middle force: tensor([0.5080, 0.5165, 0.1712, 0.2510, 0.0570, 0.1979], device='cuda:0')
Thumb force: tensor([0.2104, 1.2482, 0.9312, 0.7792, 0.1255, 0.1698], device='cuda:0')
Index force: tensor([0.4192, 0.1149, 0.1361, 0.4659, 0.1422, 0.3234], device='cuda:0')
Solve time for step 8 0.11719274520874023
Current ori: tensor([ 0.0108,  0.0417, -0.2164], device='cuda:0')
Middle force: tensor([0.5165, 0.1712, 0.2510, 0.0570, 0.1979], device='cuda:0')
Thumb force: tensor([1.2482, 0.9312, 0.7792, 0.1255, 0.1698], device='cuda:0')
Index force: tensor([0.1149, 0.1361, 0.4659, 0.1422, 0.3234], device='cuda:0')
Solve time for step 9 0.11251020431518555
Current ori: tensor([ 0.0077,  0.0343, -0.2273], device='cuda:0')
Middle force: tensor([0.1712, 0.2510, 0.0570, 0.1979], device='cuda:0')
Thumb force: tensor([0.9312, 0.7792, 0.1255, 0.1698], device='cuda:0')
Index force: tensor([0.1361, 0.4659, 0.1422, 0.3234], device='cuda:0')
Solve time for step 10 0.11176013946533203
Current ori: tensor([ 0.0079,  0.0326, -0.2318], device='cuda:0')
Middle force: tensor([0.2605, 0.2614, 0.2262], device='cuda:0')
Thumb force: tensor([0.3467, 0.1875, 1.1041], device='cuda:0')
Index force: tensor([0.3614, 0.3820, 0.2342], device='cuda:0')
Solve time for step 11 0.10834884643554688
Current ori: tensor([ 0.0075,  0.0352, -0.2346], device='cuda:0')
Middle force: tensor([0.2614, 0.2262], device='cuda:0')
Thumb force: tensor([0.1875, 1.1041], device='cuda:0')
Index force: tensor([0.3820, 0.2342], device='cuda:0')
Solve time for step 12 0.1018989086151123
Current ori: tensor([ 0.0053,  0.0362, -0.2397], device='cuda:0')
Middle force: tensor([0.2262], device='cuda:0')
Thumb force: tensor([1.1041], device='cuda:0')
Index force: tensor([0.2342], device='cuda:0')
Current yaw: tensor([ 0.0068,  0.0441, -0.2405], device='cuda:0')
2 thumb_middle
Projection step: 0, Loss: 27.659643173217773
tensor([[-0.0724,  0.0528,  0.1160, -0.0898,  0.0738,  0.0056, -0.0807,  0.0420,
         -0.2405, -0.0511,  0.0457,  0.0803,  0.0765,  0.0014, -0.0717,  0.0570]],
       device='cuda:0')
Projection step: 1, Loss: 23.66050910949707
tensor([[-0.0106, -0.0447, -0.0578, -0.0977,  0.0520,  0.0577, -0.0427,  0.0366,
         -0.1638,  0.0197,  0.0799,  0.0591,  0.0952,  0.0109, -0.0633, -0.0264]],
       device='cuda:0')
Projection step: 2, Loss: 19.76614761352539
tensor([[-0.0019, -0.0148, -0.0100,  0.0004,  0.0134,  0.0724,  0.0168,  0.0020,
          0.0126,  0.0686,  0.0709,  0.0399,  0.0935,  0.0168,  0.0093, -0.0750]],
       device='cuda:0')
Projection step: 3, Loss: 18.827173233032227
tensor([[-0.0329,  0.0355,  0.0248,  0.0493, -0.0131,  0.0240, -0.0053,  0.0027,
          0.0660,  0.0318,  0.0011,  0.0108,  0.0945,  0.0057,  0.0321, -0.0684]],
       device='cuda:0')
Projection step: 4, Loss: 17.38076400756836
tensor([[-0.0088, -0.0140, -0.0522,  0.0167, -0.0190, -0.0098, -0.0154,  0.0029,
          0.0460, -0.0032, -0.0265, -0.0170,  0.0883,  0.0034,  0.0568,  0.0177]],
       device='cuda:0')
Projection step: 5, Loss: 17.07518768310547
tensor([[ 0.0062, -0.0032, -0.0402,  0.0251, -0.0071, -0.0170, -0.0016, -0.0007,
          0.0215, -0.0276, -0.0372, -0.0158,  0.0896,  0.0007,  0.0387,  0.0327]],
       device='cuda:0')
Projection step: 6, Loss: 16.028587341308594
tensor([[-0.0354,  0.0397,  0.0019,  0.0003, -0.0032, -0.0067,  0.0275, -0.0252,
         -0.0035, -0.0350, -0.0107,  0.0248,  0.0969, -0.0085, -0.0592,  0.0856]],
       device='cuda:0')
Projection step: 7, Loss: 14.698869705200195
tensor([[ 0.0051,  0.0180, -0.0036,  0.0326, -0.0089, -0.0103,  0.0231, -0.0084,
         -0.0032, -0.0227, -0.0015,  0.0222,  0.0965, -0.0054,  0.0046,  0.0254]],
       device='cuda:0')
Projection step: 8, Loss: 14.812776565551758
tensor([[ 0.0308, -0.0198, -0.0229,  0.0187, -0.0033, -0.0102,  0.0045,  0.0085,
          0.0032, -0.0047,  0.0098,  0.0011,  0.0965,  0.0100,  0.0929, -0.0142]],
       device='cuda:0')
Projection step: 9, Loss: 12.475191116333008
tensor([[-0.0297,  0.0107,  0.0017, -0.0136,  0.0165,  0.0111, -0.0113,  0.0155,
          0.0083,  0.0112, -0.0056,  0.0191,  0.0966, -0.0237,  0.0030, -0.0453]],
       device='cuda:0')
Projection step: 10, Loss: 11.117629051208496
tensor([[-0.0157, -0.0062,  0.0073, -0.0220,  0.0227,  0.0111,  0.0012, -0.0079,
         -0.0031, -0.0074,  0.0145,  0.0192,  0.0924, -0.0342,  0.0286, -0.0006]],
       device='cuda:0')
Projection step: 11, Loss: 9.811905860900879
tensor([[ 0.0120,  0.0131, -0.0045, -0.0112,  0.0190, -0.0027,  0.0204, -0.0278,
         -0.0029, -0.0027, -0.0041, -0.0079,  0.0921, -0.0483, -0.0074, -0.0060]],
       device='cuda:0')
Projection step: 12, Loss: 9.592538833618164
tensor([[ 0.0307,  0.0368, -0.0013, -0.0263,  0.0028, -0.0286,  0.0310, -0.0437,
         -0.0187,  0.0182, -0.0058, -0.0229,  0.1029, -0.0255, -0.0096,  0.0444]],
       device='cuda:0')
Projection step: 13, Loss: 7.161218643188477
tensor([[ 0.0080, -0.0152, -0.0044,  0.0174, -0.0164,  0.0033, -0.0175,  0.0321,
         -0.0001, -0.0164,  0.0005,  0.0163,  0.0922, -0.0490,  0.0125, -0.0295]],
       device='cuda:0')
Projection step: 14, Loss: 5.100535869598389
tensor([[-0.0191, -0.0380,  0.0318,  0.0285, -0.0064,  0.0356,  0.0043,  0.0416,
          0.0243, -0.0131, -0.0049,  0.0170,  0.0818, -0.0568, -0.0033,  0.0014]],
       device='cuda:0')
Projection step: 15, Loss: 4.182367324829102
tensor([[ 0.0288,  0.0026, -0.0035, -0.0127,  0.0231, -0.0131, -0.0286, -0.0491,
          0.0176, -0.0021, -0.0065, -0.0283,  0.0735, -0.0465,  0.0264, -0.0043]],
       device='cuda:0')
Projection step: 16, Loss: 2.8667166233062744
tensor([[ 0.0042,  0.0305,  0.0097, -0.0104,  0.0151,  0.0003,  0.0565,  0.0103,
         -0.0236, -0.0082, -0.0054,  0.0122,  0.0677, -0.0345, -0.0009,  0.0095]],
       device='cuda:0')
Projection step: 17, Loss: 2.23793363571167
tensor([[-0.0034, -0.0392, -0.0378,  0.0066, -0.0209, -0.0304, -0.0645,  0.0066,
          0.0076,  0.0229,  0.0161,  0.0086,  0.0637, -0.0134,  0.0314, -0.0077]],
       device='cuda:0')
Projection step: 18, Loss: 1.9802911281585693
tensor([[-0.0156,  0.0599,  0.1057,  0.0225,  0.0257,  0.0838,  0.0969, -0.0088,
         -0.0039, -0.0218, -0.0241, -0.0344,  0.0643,  0.0494, -0.0010, -0.0277]],
       device='cuda:0')
Projection step: 19, Loss: 7.452730655670166
tensor([[ 0.0610, -0.0518, -0.1711, -0.1106, -0.0100, -0.0805, -0.1007, -0.0362,
         -0.0071,  0.0973,  0.0710,  0.0542,  0.0255,  0.0416, -0.1168,  0.0959]],
       device='cuda:0')
Projection step: 20, Loss: 8.706514358520508
tensor([[-0.1009,  0.1549,  0.1141,  0.1036,  0.0241, -0.0388,  0.0503, -0.0062,
         -0.1013,  0.0012, -0.0178, -0.1300, -0.0474,  0.0618, -0.0202,  0.0305]],
       device='cuda:0')
Projection step: 21, Loss: 10.463907241821289
tensor([[ 0.0030, -0.0727, -0.1011, -0.1392,  0.0212,  0.0172, -0.0183, -0.0468,
          0.0128,  0.0990,  0.1118, -0.0019, -0.0061,  0.2117,  0.0353, -0.0797]],
       device='cuda:0')
Projection step: 22, Loss: 5.836330413818359
tensor([[ 0.0066,  0.0466,  0.0092,  0.0831,  0.0481, -0.0938, -0.0039, -0.0930,
          0.0360,  0.0044,  0.0637,  0.0803,  0.0597,  0.1068,  0.0526, -0.0825]],
       device='cuda:0')
Projection step: 23, Loss: 3.846520185470581
tensor([[-0.1060, -0.0102, -0.0029,  0.0790, -0.0033, -0.0260,  0.0680,  0.0118,
         -0.0713, -0.1131, -0.1784, -0.0466,  0.0651, -0.0689, -0.0143,  0.1063]],
       device='cuda:0')
Projection step: 24, Loss: 5.62957239151001
tensor([[ 0.1373, -0.0457, -0.0193, -0.1436, -0.0699,  0.0639, -0.0851,  0.0711,
          0.0648,  0.0199,  0.1087,  0.0719,  0.0696, -0.1028,  0.0571, -0.0591]],
       device='cuda:0')
Projection step: 25, Loss: 2.804138660430908
Sampling time 98.33267494500024
Solve time for step 1 0.14716005325317383
Current ori: tensor([ 0.0068,  0.0441, -0.2405], device='cuda:0')
Index force: tensor([0.1643, 0.1671, 0.0366, 0.0876, 0.0890, 0.0734, 0.0436, 0.0217, 0.0263,
        0.0362, 0.0467, 0.1224], device='cuda:0')
Solve time for step 2 0.16431641578674316
Current ori: tensor([ 0.0060,  0.0375, -0.2403], device='cuda:0')
Index force: tensor([0.1671, 0.0366, 0.0876, 0.0890, 0.0734, 0.0436, 0.0217, 0.0263, 0.0362,
        0.0467, 0.1224], device='cuda:0')
Solve time for step 3 0.15455102920532227
Current ori: tensor([ 0.0049,  0.0309, -0.2403], device='cuda:0')
Index force: tensor([0.0366, 0.0876, 0.0890, 0.0734, 0.0436, 0.0217, 0.0263, 0.0362, 0.0467,
        0.1224], device='cuda:0')
Solve time for step 4 0.14886808395385742
Current ori: tensor([ 0.0046,  0.0260, -0.2403], device='cuda:0')
Index force: tensor([0.0236, 0.0763, 0.0495, 0.0604, 0.0502, 0.0265, 0.0233, 0.0537, 0.1074],
       device='cuda:0')
Solve time for step 5 0.14594745635986328
Current ori: tensor([ 0.0037,  0.0229, -0.2403], device='cuda:0')
Index force: tensor([0.0019, 0.0040, 0.0460, 0.0312, 0.0185, 0.0403, 0.0505, 0.1310],
       device='cuda:0')
Solve time for step 6 0.1340627670288086
Current ori: tensor([ 0.0036,  0.0221, -0.2403], device='cuda:0')
Index force: tensor([0.0375, 0.0035, 0.0237, 0.0327, 0.0506, 0.0514, 0.1268],
       device='cuda:0')
Solve time for step 7 0.13616037368774414
Current ori: tensor([ 0.0037,  0.0227, -0.2403], device='cuda:0')
Index force: tensor([0.0690, 0.0392, 0.0044, 0.0188, 0.0285, 0.1196], device='cuda:0')
Solve time for step 8 0.13119006156921387
Current ori: tensor([ 0.0035,  0.0234, -0.2401], device='cuda:0')
Index force: tensor([0.0720, 0.0723, 0.0189, 0.0574, 0.1069], device='cuda:0')
Solve time for step 9 0.1309046745300293
Current ori: tensor([ 0.0028,  0.0228, -0.2391], device='cuda:0')
Index force: tensor([0.1198, 0.0355, 0.0299, 0.1054], device='cuda:0')
Solve time for step 10 0.10959053039550781
Current ori: tensor([ 0.0029,  0.0243, -0.2380], device='cuda:0')
Index force: tensor([0.0355, 0.0299, 0.1054], device='cuda:0')
Solve time for step 11 0.1185922622680664
Current ori: tensor([ 0.0033,  0.0251, -0.2360], device='cuda:0')
Index force: tensor([0.0292, 0.1112], device='cuda:0')
Solve time for step 12 0.10183334350585938
Current ori: tensor([ 0.0024,  0.0276, -0.2366], device='cuda:0')
Index force: tensor([0.0335], device='cuda:0')
Current yaw: tensor([ 0.0028,  0.0263, -0.2265], device='cuda:0')
3 index
Projection step: 0, Loss: 20.419719696044922
tensor([[-0.0880,  0.0466, -0.0057, -0.0442,  0.0315, -0.0007, -0.0025,  0.0243,
         -0.0798,  0.0241,  0.0566,  0.0422,  0.0316, -0.0276, -0.1100, -0.0247]],
       device='cuda:0')
