Importing module 'gym_38' (/home/abhinav/Downloads/IsaacGym_Preview_4_Package/isaacgym/python/isaacgym/_bindings/linux-x86_64/gym_38.so)
Setting GYM_USD_PLUG_INFO_PATH to /home/abhinav/Downloads/IsaacGym_Preview_4_Package/isaacgym/python/isaacgym/_bindings/linux-x86_64/usd/plugInfo.json
PyTorch version 2.4.0+cu121
Device count 1
/home/abhinav/Downloads/IsaacGym_Preview_4_Package/isaacgym/python/isaacgym/_bindings/src/gymtorch
ninja: no work to do.
CCAI_PATH /home/abhinav/Documents/ccai
Not connected to PVD
Physics Engine: PhysX
Physics Device: cpu
GPU Pipeline: disabled
Using VHACD cache directory '/home/abhinav/.isaacgym/vhacd'
Found existing convex decomposition for mesh '/home/abhinav/Documents/git_packages/isaacgym-arm-envs/isaac_victor_envs/assets/xela_models/mesh/allegro/base_ns.stl'
Found existing convex decomposition for mesh '/home/abhinav/Documents/git_packages/isaacgym-arm-envs/isaac_victor_envs/assets/xela_models/mesh/allegro/link_1.0.stl'
Found existing convex decomposition for mesh '/home/abhinav/Documents/git_packages/isaacgym-arm-envs/isaac_victor_envs/assets/xela_models/mesh/ft_c.stl'
[ models/temporal ] Channel dimensions: [(37, 128), (128, 256), (256, 512)]
[ models/temporal ] Channel dimensions: [(37, 128), (128, 256), (256, 512)]
[ models/temporal ] Channel dimensions: [(37, 128), (128, 256), (256, 512)]
Loaded trajectory sampler
Current yaw: tensor([-0.0005,  0.0155, -0.0151], device='cuda:0')
Current yaw: tensor([ 0.0011,  0.0311, -0.0178], device='cuda:0')
1 turn
Projection step: 0, Loss: 34.38913345336914
tensor([[-0.1201, -0.0046,  0.0165, -0.0291, -0.0011, -0.0179, -0.0453, -0.0011,
         -0.1266, -0.0202,  0.0263, -0.0093,  0.0850,  0.0272, -0.0181, -0.0361]],
       device='cuda:0')
Projection step: 1, Loss: 32.153411865234375
tensor([[-0.0565,  0.0107,  0.0166, -0.0407,  0.0585, -0.0327, -0.0066,  0.0128,
         -0.0782,  0.0148,  0.0520,  0.0065,  0.0996,  0.0646, -0.0269, -0.0548]],
       device='cuda:0')
Projection step: 2, Loss: 34.024932861328125
tensor([[-0.0557, -0.0103, -0.0100, -0.0044,  0.0304, -0.0138,  0.0152,  0.0153,
         -0.0296,  0.0364,  0.0461,  0.0115,  0.1051,  0.0736,  0.0077, -0.0313]],
       device='cuda:0')
Projection step: 3, Loss: 33.07036590576172
tensor([[-0.0651, -0.0380,  0.0043, -0.0417,  0.0176, -0.0291,  0.0184,  0.0041,
         -0.0345,  0.0514,  0.0467, -0.0059,  0.0812,  0.0555,  0.0086,  0.0004]],
       device='cuda:0')
Projection step: 4, Loss: 30.953285217285156
tensor([[-0.0554, -0.0039, -0.0172, -0.0033,  0.0518, -0.0341,  0.0085, -0.0070,
         -0.0351,  0.0325,  0.0738, -0.0054,  0.0825,  0.0526, -0.0432, -0.0233]],
       device='cuda:0')
Projection step: 5, Loss: 30.839500427246094
tensor([[-0.0498, -0.0536, -0.0104, -0.0017, -0.0044,  0.0321,  0.0012,  0.0096,
          0.0090,  0.0477,  0.0517, -0.0084,  0.0811,  0.0748,  0.0375, -0.0082]],
       device='cuda:0')
Projection step: 6, Loss: 27.17901039123535
tensor([[-0.0433,  0.0017, -0.0170,  0.0227,  0.0133, -0.0251,  0.0129, -0.0032,
         -0.0056,  0.0003,  0.0239, -0.0027,  0.1046,  0.0549, -0.0070, -0.0129]],
       device='cuda:0')
Projection step: 7, Loss: 28.530784606933594
tensor([[ 0.0111,  0.0059,  0.0054,  0.0180,  0.0323, -0.0456,  0.0019,  0.0047,
         -0.0296,  0.0128,  0.0427, -0.0148,  0.0990,  0.0701, -0.0079, -0.0117]],
       device='cuda:0')
Projection step: 8, Loss: 26.102415084838867
tensor([[-0.0410,  0.0111, -0.0291,  0.0044,  0.0277, -0.0283,  0.0047, -0.0007,
         -0.0120, -0.0099,  0.0243,  0.0212,  0.1057,  0.0481, -0.0494,  0.0065]],
       device='cuda:0')
Projection step: 9, Loss: 23.271831512451172
tensor([[-0.0191,  0.0156, -0.0270,  0.0060,  0.0427, -0.0356,  0.0047, -0.0044,
         -0.0152, -0.0003,  0.0115,  0.0189,  0.1103,  0.0535, -0.0356,  0.0077]],
       device='cuda:0')
Projection step: 10, Loss: 24.785888671875
tensor([[-0.0170,  0.0027, -0.0176,  0.0092,  0.0180, -0.0392, -0.0082,  0.0256,
         -0.0180, -0.0147,  0.0105,  0.0033,  0.1145,  0.0539,  0.0314, -0.0065]],
       device='cuda:0')
Projection step: 11, Loss: 23.788753509521484
tensor([[-0.0341, -0.0068, -0.0089,  0.0134,  0.0272, -0.0218,  0.0088, -0.0091,
         -0.0100,  0.0043, -0.0077,  0.0040,  0.1116,  0.0447, -0.0146, -0.0026]],
       device='cuda:0')
Projection step: 12, Loss: 24.305591583251953
tensor([[-0.0343, -0.0032, -0.0049,  0.0089, -0.0060, -0.0211,  0.0247,  0.0297,
          0.0132,  0.0039,  0.0118,  0.0068,  0.1125,  0.0425,  0.0418,  0.0037]],
       device='cuda:0')
Projection step: 13, Loss: 22.89623260498047
tensor([[-0.0340, -0.0042, -0.0036,  0.0093,  0.0088, -0.0290,  0.0146,  0.0122,
          0.0021,  0.0036,  0.0224,  0.0050,  0.1093,  0.0404,  0.0484,  0.0245]],
       device='cuda:0')
Projection step: 14, Loss: 22.382568359375
tensor([[-0.0097,  0.0150, -0.0193,  0.0142,  0.0178, -0.0328,  0.0055,  0.0133,
         -0.0007, -0.0025,  0.0036,  0.0076,  0.1145,  0.0412, -0.0097, -0.0151]],
       device='cuda:0')
Projection step: 15, Loss: 21.183732986450195
tensor([[-0.0101, -0.0016, -0.0322,  0.0133,  0.0191, -0.0152,  0.0201, -0.0190,
          0.0074,  0.0009, -0.0102,  0.0040,  0.1157,  0.0424, -0.0240,  0.0096]],
       device='cuda:0')
Projection step: 16, Loss: 21.63155174255371
tensor([[-0.0107, -0.0044,  0.0071,  0.0058, -0.0058, -0.0240,  0.0114,  0.0179,
         -0.0059,  0.0086,  0.0216,  0.0412,  0.1185,  0.0389, -0.0163, -0.0349]],
       device='cuda:0')
Projection step: 17, Loss: 19.982112884521484
tensor([[-1.8492e-03, -1.0343e-02, -1.9901e-02,  2.1944e-02,  1.8610e-02,
          1.0425e-02, -1.1731e-02, -1.0180e-02,  1.8655e-02,  3.7688e-03,
         -2.9574e-02, -3.2530e-03,  1.1864e-01,  4.5036e-02,  3.5942e-02,
          1.1100e-04]], device='cuda:0')
Projection step: 18, Loss: 19.71371841430664
tensor([[ 0.0158,  0.0039, -0.0260,  0.0345,  0.0046, -0.0325,  0.0147,  0.0144,
          0.0070,  0.0117,  0.0028,  0.0119,  0.1131,  0.0328,  0.0058,  0.0124]],
       device='cuda:0')
Projection step: 19, Loss: 19.34722900390625
tensor([[ 0.0105, -0.0031, -0.0129,  0.0332,  0.0006, -0.0246,  0.0151,  0.0129,
          0.0007,  0.0017,  0.0134,  0.0147,  0.1139,  0.0280,  0.0043,  0.0338]],
       device='cuda:0')
Projection step: 20, Loss: 19.33454132080078
tensor([[ 0.0067,  0.0065, -0.0015,  0.0315, -0.0112, -0.0129,  0.0119,  0.0244,
         -0.0043,  0.0048,  0.0059,  0.0217,  0.1187,  0.0273,  0.0151,  0.0177]],
       device='cuda:0')
Projection step: 21, Loss: 18.217275619506836
tensor([[ 0.0082,  0.0112, -0.0055,  0.0141, -0.0174, -0.0155,  0.0139,  0.0282,
         -0.0119,  0.0084, -0.0012,  0.0253,  0.1221,  0.0178, -0.0396, -0.0049]],
       device='cuda:0')
Projection step: 22, Loss: 17.64775848388672
tensor([[-0.0038,  0.0051, -0.0006,  0.0083, -0.0145, -0.0117,  0.0092,  0.0215,
         -0.0072,  0.0057, -0.0012,  0.0063,  0.1235,  0.0126, -0.0037,  0.0040]],
       device='cuda:0')
Projection step: 23, Loss: 17.403053283691406
tensor([[-0.0010,  0.0095,  0.0041, -0.0105, -0.0099,  0.0059,  0.0043,  0.0207,
         -0.0045,  0.0102, -0.0070,  0.0123,  0.1308,  0.0111, -0.0576, -0.0236]],
       device='cuda:0')
Projection step: 24, Loss: 16.91313362121582
tensor([[ 0.0231, -0.0118,  0.0289, -0.0217, -0.0387,  0.0021,  0.0131,  0.0374,
         -0.0117,  0.0168,  0.0229,  0.0192,  0.1359,  0.0031, -0.0566, -0.0345]],
       device='cuda:0')
Projection step: 25, Loss: 16.53896713256836
Sampling time 99.88170309498673
Solve time for step 1 34.9911150932312
Current ori: tensor([ 0.0011,  0.0311, -0.0178], device='cuda:0')
Middle force: tensor([1.1726, 0.6993, 0.5329, 0.4139, 0.7933, 0.8163, 0.1194, 0.6007, 0.3013,
        0.2126, 0.3205, 0.0512], device='cuda:0')
Thumb force: tensor([1.0369, 0.8046, 0.9376, 0.9050, 0.5030, 0.3463, 0.1819, 0.6833, 0.8673,
        0.2486, 0.3468, 0.1453], device='cuda:0')
Index force: tensor([0.2928, 1.0127, 0.3429, 0.3805, 0.5769, 0.3778, 0.2580, 0.4262, 0.3548,
        0.2816, 0.1118, 0.0892], device='cuda:0')
Solve time for step 2 8.17448878288269
Current ori: tensor([-0.0035,  0.0437, -0.1476], device='cuda:0')
Middle force: tensor([0.6193, 0.5232, 0.3783, 0.7390, 0.7460, 0.1015, 0.5454, 0.2672, 0.1784,
        0.3089, 0.0549], device='cuda:0')
Thumb force: tensor([0.7729, 0.8421, 0.8070, 0.4986, 0.3525, 0.1744, 0.6154, 0.7908, 0.2312,
        0.3210, 0.1323], device='cuda:0')
Index force: tensor([0.9201, 0.3549, 0.3641, 0.5355, 0.3401, 0.2450, 0.3874, 0.3250, 0.2550,
        0.1078, 0.0939], device='cuda:0')
Solve time for step 3 7.475257873535156
Current ori: tensor([-0.0014,  0.0388, -0.2471], device='cuda:0')
Middle force: tensor([0.4574, 0.3973, 0.6276, 0.6699, 0.0893, 0.4730, 0.2372, 0.1515, 0.2218,
        0.0654], device='cuda:0')
Thumb force: tensor([0.7238, 0.6930, 0.4497, 0.3445, 0.1764, 0.5024, 0.6670, 0.2092, 0.3881,
        0.4711], device='cuda:0')
Index force: tensor([0.3091, 0.3352, 0.4461, 0.2765, 0.2055, 0.3351, 0.2806, 0.2292, 0.2596,
        0.0870], device='cuda:0')
Solve time for step 4 6.714684963226318
Current ori: tensor([-0.0009,  0.0294, -0.3365], device='cuda:0')
Middle force: tensor([0.3340, 0.5654, 0.6035, 0.0798, 0.4233, 0.2112, 0.1357, 0.2014, 0.0554],
       device='cuda:0')
Thumb force: tensor([0.6002, 0.4025, 0.3133, 0.1617, 0.4458, 0.5965, 0.1872, 0.3627, 0.4444],
       device='cuda:0')
Index force: tensor([0.2875, 0.4081, 0.2513, 0.1868, 0.2982, 0.2523, 0.2042, 0.2394, 0.0790],
       device='cuda:0')
Solve time for step 5 6.2158238887786865
Current ori: tensor([-0.0011,  0.0243, -0.4075], device='cuda:0')
Middle force: tensor([0.4896, 0.5417, 0.0706, 0.3781, 0.1892, 0.1202, 0.1808, 0.0461],
       device='cuda:0')
Thumb force: tensor([0.3358, 0.2839, 0.1479, 0.3949, 0.5323, 0.1683, 0.3417, 0.4211],
       device='cuda:0')
Index force: tensor([0.3546, 0.2305, 0.1677, 0.2667, 0.2265, 0.1814, 0.2200, 0.0702],
       device='cuda:0')
Solve time for step 6 5.796565055847168
Current ori: tensor([ 3.9039e-04,  1.5150e-02, -4.5800e-01], device='cuda:0')
Middle force: tensor([0.5890, 0.0756, 0.4327, 0.2027, 0.1328, 0.2244, 0.3515],
       device='cuda:0')
Thumb force: tensor([0.2477, 0.1448, 0.4625, 0.6230, 0.1859, 0.2296, 0.1380],
       device='cuda:0')
Index force: tensor([0.1946, 0.1712, 0.2788, 0.2522, 0.2073, 0.0481, 0.1348],
       device='cuda:0')
Solve time for step 7 5.339730262756348
Current ori: tensor([-0.0033,  0.0069, -0.4835], device='cuda:0')
Middle force: tensor([0.0673, 0.2939, 0.1499, 0.0926, 0.1531, 0.0304], device='cuda:0')
Thumb force: tensor([0.0750, 0.3019, 0.4138, 0.1328, 0.2942, 0.3779], device='cuda:0')
Index force: tensor([0.0871, 0.2013, 0.1778, 0.1397, 0.1796, 0.0564], device='cuda:0')
Solve time for step 8 5.109721422195435
Current ori: tensor([-0.0051,  0.0054, -0.5018], device='cuda:0')
Middle force: tensor([0.4282, 0.2258, 0.2283, 0.2426, 0.3459], device='cuda:0')
Thumb force: tensor([0.4772, 0.6500, 0.3551, 0.6209, 0.2410], device='cuda:0')
Index force: tensor([0.2891, 0.2758, 0.3532, 0.1665, 0.2484], device='cuda:0')
Solve time for step 9 4.889996290206909
Current ori: tensor([-0.0064,  0.0059, -0.5410], device='cuda:0')
Middle force: tensor([0.0956, 0.3343, 0.2331, 0.1067], device='cuda:0')
Thumb force: tensor([0.3028, 0.3035, 0.3288, 0.4152], device='cuda:0')
Index force: tensor([0.2185, 0.3357, 0.4164, 0.1542], device='cuda:0')
Solve time for step 10 4.566715717315674
Current ori: tensor([-0.0099,  0.0165, -0.5913], device='cuda:0')
Middle force: tensor([0.3145, 0.2200, 0.1007], device='cuda:0')
Thumb force: tensor([0.2670, 0.3216, 0.3997], device='cuda:0')
Index force: tensor([0.3142, 0.4022, 0.1480], device='cuda:0')
Solve time for step 11 4.394221067428589
Current ori: tensor([-0.0095,  0.0113, -0.6278], device='cuda:0')
Middle force: tensor([0.2400, 0.0963], device='cuda:0')
Thumb force: tensor([0.2963, 0.3835], device='cuda:0')
Index force: tensor([0.3718, 0.1409], device='cuda:0')
Solve time for step 12 4.21597695350647
Current ori: tensor([-0.0076,  0.0143, -0.6245], device='cuda:0')
Middle force: tensor([0.1441], device='cuda:0')
Thumb force: tensor([0.3548], device='cuda:0')
Index force: tensor([0.1257], device='cuda:0')
Current yaw: tensor([-0.0068,  0.0155, -0.6083], device='cuda:0')
2 thumb_middle
Projection step: 0, Loss: 27.659643173217773
tensor([[-0.0724,  0.0528,  0.1160, -0.0898,  0.0738,  0.0056, -0.0807,  0.0420,
         -0.2405, -0.0511,  0.0457,  0.0803,  0.0765,  0.0014, -0.0717,  0.0570]],
       device='cuda:0')
Projection step: 1, Loss: 26.858844757080078
tensor([[-0.0568,  0.0295,  0.0620, -0.0907,  0.0669,  0.0201, -0.0742,  0.0451,
         -0.2303, -0.0376,  0.0577,  0.0692,  0.0861,  0.0054, -0.0671,  0.0216]],
       device='cuda:0')
Projection step: 2, Loss: 24.03933334350586
tensor([[-0.0290, -0.0105,  0.0049, -0.0937,  0.0548,  0.0417, -0.0611,  0.0474,
         -0.1867, -0.0061,  0.0726,  0.0654,  0.0879,  0.0067, -0.0390, -0.0065]],
       device='cuda:0')
Projection step: 3, Loss: 21.66457176208496
tensor([[-0.0272, -0.0206, -0.0205, -0.0854,  0.0455,  0.0577, -0.0405,  0.0268,
         -0.1261,  0.0240,  0.0806,  0.0668,  0.0932,  0.0105, -0.0478, -0.0113]],
       device='cuda:0')
Projection step: 4, Loss: 20.024927139282227
tensor([[-0.0260, -0.0160, -0.0087, -0.0513,  0.0337,  0.0631, -0.0175,  0.0098,
         -0.0691,  0.0396,  0.0799,  0.0590,  0.0935,  0.0126, -0.0190, -0.0263]],
       device='cuda:0')
Projection step: 5, Loss: 18.892742156982422
tensor([[-0.0157, -0.0001, -0.0008, -0.0121,  0.0228,  0.0541, -0.0072, -0.0003,
         -0.0261,  0.0422,  0.0604,  0.0434,  0.0933,  0.0118,  0.0003, -0.0448]],
       device='cuda:0')
Projection step: 6, Loss: 18.761066436767578
tensor([[-3.6137e-02,  2.1119e-02, -1.3248e-03, -7.1841e-03,  1.5383e-02,
          3.9979e-02,  3.8328e-05,  7.2248e-04, -8.1371e-03,  2.9507e-02,
          2.9048e-02,  4.0348e-02,  1.0135e-01,  9.0179e-03, -4.2008e-02,
         -2.8900e-02]], device='cuda:0')
Projection step: 7, Loss: 18.124357223510742
tensor([[-0.0315,  0.0232, -0.0127,  0.0094,  0.0098,  0.0284, -0.0052,  0.0009,
          0.0002,  0.0254,  0.0070,  0.0288,  0.0989,  0.0069, -0.0283, -0.0530]],
       device='cuda:0')
Projection step: 8, Loss: 18.606910705566406
tensor([[-0.0150,  0.0012, -0.0184,  0.0190, -0.0035,  0.0169, -0.0188,  0.0177,
          0.0011,  0.0034,  0.0001,  0.0039,  0.0994,  0.0072,  0.0357, -0.0323]],
       device='cuda:0')
Projection step: 9, Loss: 17.605058670043945
tensor([[-0.0155,  0.0084, -0.0245,  0.0112,  0.0001,  0.0087, -0.0103,  0.0087,
          0.0044,  0.0086, -0.0062,  0.0123,  0.0962,  0.0076,  0.0169, -0.0238]],
       device='cuda:0')
Projection step: 10, Loss: 17.9041748046875
tensor([[-0.0109, -0.0093, -0.0202,  0.0122, -0.0070,  0.0117, -0.0237,  0.0144,
          0.0027, -0.0070, -0.0011,  0.0047,  0.0970,  0.0089,  0.0540,  0.0100]],
       device='cuda:0')
Projection step: 11, Loss: 16.956501007080078
tensor([[-0.0134,  0.0039, -0.0173,  0.0112, -0.0031,  0.0130, -0.0037, -0.0010,
          0.0047,  0.0019, -0.0056,  0.0180,  0.0941,  0.0020,  0.0170, -0.0016]],
       device='cuda:0')
Projection step: 12, Loss: 16.672502517700195
tensor([[-1.7382e-02,  5.7130e-03, -9.4782e-03, -3.1837e-03, -4.2564e-03,
          1.3381e-02, -6.5916e-05, -4.5392e-03,  3.1133e-03, -2.5690e-03,
          1.3730e-03,  2.3192e-02,  9.3895e-02,  2.8514e-03,  1.5810e-02,
          3.5299e-02]], device='cuda:0')
Projection step: 13, Loss: 16.74077606201172
tensor([[-0.0094,  0.0052, -0.0085,  0.0097, -0.0014,  0.0073,  0.0094, -0.0070,
          0.0021, -0.0149,  0.0011,  0.0188,  0.0986,  0.0002,  0.0132,  0.0425]],
       device='cuda:0')
Projection step: 14, Loss: 17.02519416809082
tensor([[-0.0160,  0.0149, -0.0179,  0.0201, -0.0025,  0.0012,  0.0097,  0.0134,
         -0.0017, -0.0106, -0.0139,  0.0113,  0.1046,  0.0018, -0.0048,  0.0037]],
       device='cuda:0')
Projection step: 15, Loss: 15.933627128601074
tensor([[-2.5943e-03,  5.6948e-03, -1.2524e-02,  2.3829e-02, -4.7577e-03,
         -6.1098e-04,  1.2499e-03, -8.1193e-06,  2.5866e-03, -1.2804e-02,
          4.0067e-04,  1.0700e-02,  9.6348e-02,  9.7946e-04,  3.2592e-02,
          1.8549e-02]], device='cuda:0')
Projection step: 16, Loss: 15.705469131469727
tensor([[-0.0056,  0.0023, -0.0108,  0.0170, -0.0040, -0.0018,  0.0012,  0.0078,
          0.0019, -0.0109,  0.0012,  0.0133,  0.0978,  0.0003,  0.0325,  0.0168]],
       device='cuda:0')
Projection step: 17, Loss: 15.658055305480957
tensor([[-0.0025,  0.0022, -0.0140,  0.0248, -0.0016, -0.0007,  0.0014,  0.0057,
          0.0032, -0.0056, -0.0027,  0.0071,  0.0974,  0.0043,  0.0322, -0.0198]],
       device='cuda:0')
Projection step: 18, Loss: 15.498790740966797
tensor([[-0.0084,  0.0003, -0.0149,  0.0173, -0.0013, -0.0038,  0.0035,  0.0058,
          0.0073, -0.0095, -0.0008,  0.0073,  0.1005,  0.0013,  0.0277,  0.0108]],
       device='cuda:0')
Projection step: 19, Loss: 14.888420104980469
tensor([[-0.0153,  0.0128, -0.0169,  0.0037,  0.0098,  0.0007,  0.0066, -0.0058,
          0.0097, -0.0008, -0.0023,  0.0219,  0.1012, -0.0050, -0.0161,  0.0121]],
       device='cuda:0')
Projection step: 20, Loss: 14.249587059020996
tensor([[-0.0096,  0.0035, -0.0069, -0.0036,  0.0047, -0.0018,  0.0035, -0.0063,
          0.0082, -0.0052,  0.0067,  0.0239,  0.0971, -0.0081,  0.0236,  0.0456]],
       device='cuda:0')
Projection step: 21, Loss: 14.081098556518555
tensor([[-0.0193,  0.0104, -0.0150,  0.0041,  0.0073,  0.0019,  0.0085, -0.0028,
         -0.0007, -0.0063,  0.0031,  0.0197,  0.1021, -0.0102, -0.0032,  0.0054]],
       device='cuda:0')
Projection step: 22, Loss: 13.682836532592773
tensor([[ 0.0073, -0.0015, -0.0022,  0.0242,  0.0093,  0.0079, -0.0020,  0.0038,
         -0.0031, -0.0118,  0.0004,  0.0109,  0.0932, -0.0035,  0.0622, -0.0108]],
       device='cuda:0')
Projection step: 23, Loss: 12.90247917175293
tensor([[-0.0110,  0.0095, -0.0157,  0.0044,  0.0142,  0.0045,  0.0154, -0.0066,
          0.0038, -0.0014, -0.0003,  0.0224,  0.0972, -0.0139,  0.0029, -0.0010]],
       device='cuda:0')
Projection step: 24, Loss: 12.83289909362793
tensor([[-0.0071,  0.0054, -0.0198,  0.0012,  0.0107, -0.0015,  0.0011, -0.0052,
          0.0035, -0.0074,  0.0021,  0.0177,  0.0988, -0.0172,  0.0115, -0.0019]],
       device='cuda:0')
Projection step: 25, Loss: 12.921716690063477
Sampling time 99.08369342700462
Solve time for step 1 21.99485731124878
Current ori: tensor([-0.0068,  0.0155, -0.6083], device='cuda:0')
Index force: tensor([0.2076, 0.2020, 0.2228, 0.1221, 0.0831, 0.0679, 0.0621, 0.0429, 0.0346,
        0.0373, 0.0593, 0.1895], device='cuda:0')
Solve time for step 2 5.370181083679199
Current ori: tensor([-0.0066,  0.0074, -0.6083], device='cuda:0')
Index force: tensor([0.1934, 0.1562, 0.1365, 0.0897, 0.0700, 0.0621, 0.0396, 0.0359, 0.0400,
        0.0714, 0.1061], device='cuda:0')
Solve time for step 3 5.067413568496704
Current ori: tensor([-0.0029,  0.0035, -0.6083], device='cuda:0')
Index force: tensor([0.0811, 0.1290, 0.0806, 0.0656, 0.0570, 0.0373, 0.0331, 0.0386, 0.0695,
        0.0829], device='cuda:0')
Solve time for step 4 4.901669502258301
Current ori: tensor([ 0.0027,  0.0031, -0.6083], device='cuda:0')
Index force: tensor([0.0459, 0.0834, 0.0667, 0.0565, 0.0379, 0.0488, 0.0311, 0.0631, 0.1880],
       device='cuda:0')
Solve time for step 5 4.64164400100708
Current ori: tensor([-3.2322e-03, -4.1409e-04, -6.0827e-01], device='cuda:0')
Index force: tensor([0.0134, 0.0530, 0.0415, 0.0209, 0.0304, 0.0469, 0.0581, 0.1263],
       device='cuda:0')
Solve time for step 6 4.563035488128662
Current ori: tensor([-2.5977e-04,  3.7789e-03, -6.0827e-01], device='cuda:0')
Index force: tensor([0.0108, 0.0515, 0.0343, 0.0452, 0.0250, 0.0556, 0.1649],
       device='cuda:0')
Solve time for step 7 4.422111749649048
Current ori: tensor([-3.5461e-03,  5.1290e-04, -6.0827e-01], device='cuda:0')
Index force: tensor([0.0308, 0.0394, 0.0143, 0.0430, 0.0409, 0.1812], device='cuda:0')
Solve time for step 8 4.17951774597168
Current ori: tensor([-1.0106e-03,  2.2149e-04, -6.0827e-01], device='cuda:0')
Index force: tensor([0.0637, 0.0119, 0.0280, 0.0367, 0.1712], device='cuda:0')
Solve time for step 9 4.1482157707214355
Current ori: tensor([ 0.0015,  0.0068, -0.6083], device='cuda:0')
Index force: tensor([0.0636, 0.0262, 0.0731, 0.3706], device='cuda:0')
Solve time for step 10 4.023607969284058
Current ori: tensor([-1.1967e-04,  3.2318e-03, -6.0827e-01], device='cuda:0')
Index force: tensor([0.0724, 0.0695, 0.3670], device='cuda:0')
Solve time for step 11 3.883256673812866
Current ori: tensor([-2.2731e-04,  1.1366e-03, -6.0827e-01], device='cuda:0')
Index force: tensor([0.0013, 0.3619], device='cuda:0')
Solve time for step 12 3.7763164043426514
Current ori: tensor([-0.0024,  0.0032, -0.6083], device='cuda:0')
Index force: tensor([0.3234], device='cuda:0')
Current yaw: tensor([ 2.2618e-04,  1.4533e-02, -6.0559e-01], device='cuda:0')
3 index
Projection step: 0, Loss: 20.419719696044922
tensor([[-0.0880,  0.0466, -0.0057, -0.0442,  0.0315, -0.0007, -0.0025,  0.0243,
         -0.0798,  0.0241,  0.0566,  0.0422,  0.0316, -0.0276, -0.1100, -0.0247]],
       device='cuda:0')
Projection step: 1, Loss: 21.603126525878906
tensor([[-0.0971,  0.0432, -0.0197, -0.0504,  0.0302, -0.0018, -0.0038,  0.0350,
         -0.0776,  0.0172,  0.0585,  0.0240,  0.0398, -0.0312, -0.1104, -0.0376]],
       device='cuda:0')
Projection step: 2, Loss: 22.0898494720459
tensor([[-0.0935,  0.0242, -0.0288, -0.0494,  0.0280,  0.0042, -0.0068,  0.0210,
         -0.0851,  0.0050,  0.0514,  0.0224,  0.0464, -0.0130, -0.0854, -0.0288]],
       device='cuda:0')
Projection step: 3, Loss: 19.52515411376953
tensor([[-0.0790,  0.0030, -0.0280, -0.0389,  0.0381, -0.0027,  0.0064,  0.0034,
         -0.0569,  0.0115,  0.0346,  0.0196,  0.0459, -0.0258, -0.0939, -0.0358]],
       device='cuda:0')
Projection step: 4, Loss: 19.13360595703125
tensor([[-0.0702, -0.0102, -0.0261, -0.0238,  0.0353,  0.0052,  0.0153, -0.0030,
         -0.0536,  0.0152,  0.0299,  0.0154,  0.0432, -0.0218, -0.0760, -0.0553]],
       device='cuda:0')
Projection step: 5, Loss: 19.080703735351562
tensor([[-0.0552,  0.0001, -0.0316, -0.0092,  0.0326,  0.0095, -0.0064, -0.0044,
         -0.0459,  0.0203,  0.0288,  0.0180,  0.0524, -0.0111, -0.0480, -0.0589]],
       device='cuda:0')
Projection step: 6, Loss: 19.728260040283203
tensor([[-0.0145,  0.0003, -0.0006,  0.0228,  0.0262,  0.0025,  0.0215, -0.0083,
         -0.0364,  0.0170,  0.0043,  0.0318,  0.0444, -0.0042, -0.0003, -0.0577]],
       device='cuda:0')
Projection step: 7, Loss: 20.159095764160156
tensor([[ 0.0061, -0.0089,  0.0059,  0.0153,  0.0198,  0.0200,  0.0296, -0.0288,
         -0.0376,  0.0226,  0.0054,  0.0462,  0.0467,  0.0027,  0.0121, -0.0624]],
       device='cuda:0')
Projection step: 8, Loss: 17.784011840820312
tensor([[-0.0290, -0.0053, -0.0039,  0.0008,  0.0148,  0.0044, -0.0081, -0.0052,
         -0.0042,  0.0179,  0.0241,  0.0181,  0.0502, -0.0092,  0.0217, -0.0290]],
       device='cuda:0')
Projection step: 9, Loss: 18.867446899414062
tensor([[-0.0189,  0.0062, -0.0267,  0.0065,  0.0115,  0.0052, -0.0106,  0.0055,
         -0.0166,  0.0191,  0.0185,  0.0091,  0.0574, -0.0105,  0.0063, -0.0357]],
       device='cuda:0')
Projection step: 10, Loss: 19.862686157226562
tensor([[-0.0126,  0.0111,  0.0036,  0.0354,  0.0124,  0.0124, -0.0009, -0.0322,
         -0.0287,  0.0093, -0.0106,  0.0195,  0.0518, -0.0037,  0.0307, -0.0675]],
       device='cuda:0')
Projection step: 11, Loss: 17.763118743896484
tensor([[-0.0226,  0.0097, -0.0137, -0.0076,  0.0075,  0.0184, -0.0091, -0.0224,
         -0.0041,  0.0215,  0.0047,  0.0047,  0.0576, -0.0058,  0.0088,  0.0017]],
       device='cuda:0')
Projection step: 12, Loss: 18.042482376098633
tensor([[-2.0652e-02, -3.3697e-03, -1.3682e-02, -8.8380e-03,  1.7954e-03,
          2.0564e-02, -1.2460e-02, -1.5975e-02, -1.4630e-02,  2.5059e-02,
         -9.4213e-03,  4.2390e-05,  5.6818e-02, -2.1933e-03,  9.3188e-03,
         -5.0913e-03]], device='cuda:0')
Projection step: 13, Loss: 17.80708885192871
tensor([[-0.0055,  0.0056, -0.0106,  0.0013,  0.0138,  0.0083, -0.0056, -0.0139,
         -0.0193,  0.0257, -0.0129,  0.0170,  0.0526,  0.0046,  0.0096, -0.0327]],
       device='cuda:0')
Projection step: 14, Loss: 17.583724975585938
tensor([[-0.0106,  0.0253, -0.0227, -0.0167,  0.0099,  0.0059,  0.0012, -0.0165,
         -0.0011,  0.0112,  0.0107,  0.0038,  0.0612,  0.0037,  0.0031,  0.0157]],
       device='cuda:0')
Projection step: 15, Loss: 18.467058181762695
tensor([[-0.0170,  0.0108, -0.0116, -0.0266, -0.0052,  0.0088,  0.0110,  0.0038,
         -0.0136,  0.0260, -0.0008,  0.0029,  0.0661,  0.0070,  0.0112,  0.0307]],
       device='cuda:0')
Projection step: 16, Loss: 19.52537727355957
tensor([[-0.0165,  0.0276, -0.0152,  0.0254, -0.0022,  0.0219, -0.0082, -0.0090,
         -0.0281,  0.0114, -0.0024,  0.0110,  0.0836,  0.0122,  0.0101, -0.0199]],
       device='cuda:0')
Projection step: 17, Loss: 17.716712951660156
tensor([[-0.0176,  0.0348, -0.0026, -0.0249, -0.0115,  0.0131,  0.0020, -0.0005,
         -0.0057,  0.0358,  0.0016, -0.0132,  0.0752,  0.0144,  0.0280,  0.0539]],
       device='cuda:0')
Projection step: 18, Loss: 17.027915954589844
tensor([[-0.0105,  0.0183, -0.0156, -0.0176,  0.0024,  0.0040,  0.0028, -0.0339,
         -0.0058,  0.0118,  0.0097,  0.0273,  0.0650,  0.0058,  0.0013,  0.0321]],
       device='cuda:0')
Projection step: 19, Loss: 18.554763793945312
tensor([[-0.0059,  0.0298, -0.0223,  0.0161,  0.0067,  0.0127, -0.0183, -0.0368,
         -0.0438, -0.0013,  0.0095,  0.0146,  0.0890,  0.0158,  0.0033, -0.0387]],
       device='cuda:0')
Projection step: 20, Loss: 16.773704528808594
tensor([[-0.0006,  0.0133, -0.0228, -0.0134,  0.0058,  0.0006,  0.0197, -0.0370,
         -0.0002,  0.0183,  0.0045,  0.0156,  0.0821,  0.0226,  0.0041,  0.0108]],
       device='cuda:0')
Projection step: 21, Loss: 20.024381637573242
tensor([[ 0.0019,  0.0169, -0.0114,  0.0035,  0.0035,  0.0138, -0.0010, -0.0383,
         -0.0487, -0.0047,  0.0076,  0.0169,  0.1010,  0.0172,  0.0014, -0.0114]],
       device='cuda:0')
Projection step: 22, Loss: 19.01260757446289
tensor([[ 0.0195,  0.0358, -0.0176, -0.0090,  0.0066,  0.0181, -0.0068, -0.0235,
         -0.0559, -0.0072,  0.0084,  0.0161,  0.1008,  0.0089,  0.0013,  0.0381]],
       device='cuda:0')
Projection step: 23, Loss: 19.037395477294922
tensor([[ 0.0006,  0.0102,  0.0134, -0.0177,  0.0068,  0.0105,  0.0189, -0.0249,
         -0.0373,  0.0209,  0.0203,  0.0066,  0.0970,  0.0230,  0.0123,  0.0484]],
       device='cuda:0')
Projection step: 24, Loss: 20.470876693725586
tensor([[ 0.0165,  0.0226, -0.0083,  0.0030,  0.0225,  0.0182, -0.0443, -0.0105,
         -0.0794, -0.0351,  0.0476,  0.0612,  0.1079,  0.0096,  0.0208,  0.0032]],
       device='cuda:0')
Projection step: 25, Loss: 20.442462921142578
Sampling time 97.12041717600368
Solve time for step 1 29.366816759109497
Current ori: tensor([ 2.2618e-04,  1.4533e-02, -6.0559e-01], device='cuda:0')
Middle force: tensor([0.0883, 0.0891, 0.0646, 0.0481, 0.0409, 0.0333, 0.0521, 0.0237, 0.0312,
        0.0222, 0.0377, 0.0493], device='cuda:0')
Thumb force: tensor([0.1552, 0.1349, 0.0670, 0.0613, 0.0655, 0.0302, 0.0334, 0.0619, 0.0304,
        0.0344, 0.0580, 0.0507], device='cuda:0')
Solve time for step 2 6.982791185379028
Current ori: tensor([-5.1730e-03,  2.5268e-04, -5.9705e-01], device='cuda:0')
Middle force: tensor([0.0611, 0.0651, 0.0454, 0.0334, 0.0145, 0.0253, 0.0419, 0.0336, 0.0314,
        0.0458, 0.0464], device='cuda:0')
Thumb force: tensor([0.0677, 0.0832, 0.0437, 0.0422, 0.0324, 0.0261, 0.0539, 0.0299, 0.0325,
        0.0510, 0.0522], device='cuda:0')
Solve time for step 3 6.486193895339966
Current ori: tensor([-0.0062, -0.0039, -0.5861], device='cuda:0')
Middle force: tensor([0.0237, 0.0420, 0.0252, 0.0099, 0.0268, 0.0288, 0.0158, 0.0451, 0.0218,
        0.0420], device='cuda:0')
Thumb force: tensor([0.0323, 0.0642, 0.0400, 0.0235, 0.0381, 0.0292, 0.0375, 0.0412, 0.0234,
        0.0463], device='cuda:0')
Solve time for step 4 6.169165372848511
Current ori: tensor([-0.0067, -0.0044, -0.5827], device='cuda:0')
Middle force: tensor([0.0683, 0.0220, 0.0110, 0.0257, 0.0276, 0.0157, 0.0436, 0.0219, 0.0405],
       device='cuda:0')
Thumb force: tensor([0.0492, 0.0356, 0.0231, 0.0380, 0.0287, 0.0380, 0.0397, 0.0233, 0.0449],
       device='cuda:0')
Solve time for step 5 5.840057134628296
Current ori: tensor([-0.0042, -0.0035, -0.5791], device='cuda:0')
Middle force: tensor([0.0853, 0.0111, 0.0249, 0.0277, 0.0133, 0.0431, 0.0202, 0.0393],
       device='cuda:0')
Thumb force: tensor([0.0886, 0.0226, 0.0391, 0.0297, 0.0370, 0.0394, 0.0212, 0.0439],
       device='cuda:0')
Solve time for step 6 5.57783842086792
Current ori: tensor([-0.0046, -0.0037, -0.5764], device='cuda:0')
Middle force: tensor([0.1121, 0.0214, 0.0247, 0.0105, 0.0410, 0.0189, 0.0366],
       device='cuda:0')
Thumb force: tensor([0.1125, 0.0440, 0.0262, 0.0395, 0.0367, 0.0201, 0.0414],
       device='cuda:0')
Solve time for step 7 5.450131177902222
Current ori: tensor([-0.0044, -0.0008, -0.5850], device='cuda:0')
Middle force: tensor([0.0875, 0.0203, 0.0106, 0.0396, 0.0156, 0.0363], device='cuda:0')
Thumb force: tensor([0.0930, 0.0225, 0.0421, 0.0348, 0.0169, 0.0417], device='cuda:0')
Solve time for step 8 5.286466836929321
Current ori: tensor([-4.9409e-03, -5.1893e-04, -5.9339e-01], device='cuda:0')
Middle force: tensor([0.0858, 0.0101, 0.0178, 0.0326, 0.0340], device='cuda:0')
Thumb force: tensor([0.0927, 0.0179, 0.0184, 0.0373, 0.0361], device='cuda:0')
