Importing module 'gym_38' (/home/abhinav/Downloads/isaacgym/python/isaacgym/_bindings/linux-x86_64/gym_38.so)
Setting GYM_USD_PLUG_INFO_PATH to /home/abhinav/Downloads/isaacgym/python/isaacgym/_bindings/linux-x86_64/usd/plugInfo.json
PyTorch version 2.4.1+cu121
Device count 1
/home/abhinav/Downloads/isaacgym/python/isaacgym/_bindings/src/gymtorch
ninja: no work to do.
CCAI_PATH /home/abhinav/Documents/ccai
Not connected to PVD
Physics Engine: PhysX
Physics Device: cpu
GPU Pipeline: disabled
Using VHACD cache directory '/home/abhinav/.isaacgym/vhacd'
Found existing convex decomposition for mesh '/home/abhinav/Documents/github/isaacgym-arm-envs/isaac_victor_envs/assets/xela_models/mesh/allegro/base_ns.stl'
Found existing convex decomposition for mesh '/home/abhinav/Documents/github/isaacgym-arm-envs/isaac_victor_envs/assets/xela_models/mesh/allegro/link_1.0.stl'
Found existing convex decomposition for mesh '/home/abhinav/Documents/github/isaacgym-arm-envs/isaac_victor_envs/assets/xela_models/mesh/ft_c.stl'
[ models/temporal ] Channel dimensions: [(36, 128), (128, 256), (256, 512), (512, 1024)]
Loaded trajectory sampler
Current yaw: tensor([ 1.8865e-05,  1.2382e-02, -5.1842e-02], device='cuda:0')
Current yaw: tensor([-0.0048,  0.0114, -0.1221], device='cuda:0')
1 turn
step 0
