CCAI_PATH /home/abhinav/Documents/ccai

Trial 1
[ models/temporal ] Channel dimensions: [(37, 128), (128, 256), (256, 512)]
[ models/temporal ] Channel dimensions: [(37, 128), (128, 256), (256, 512)]
[ models/temporal ] Channel dimensions: [(37, 128), (128, 256)]
[ models/temporal ] Channel dimensions: [(37, 128), (128, 256), (256, 512)]
[ models/temporal ] Channel dimensions: [(37, 128), (128, 256), (256, 512)]
[ models/temporal ] Channel dimensions: [(37, 128), (128, 256), (256, 512)]
[ models/temporal ] Channel dimensions: [(37, 128), (128, 256)]
Loaded trajectory sampler
Current yaw: tensor([-9.8306e-05,  1.2234e-02, -5.3800e-02], device='cuda:1')
Current yaw: tensor([ 0.0003,  0.0151, -0.0521], device='cuda:1')
1 turn
Sampling time 5.4713572730033775
tensor([ 7.9560e-02,  5.5940e-01,  6.0095e-01,  5.4198e-01, -1.1693e-01,
         5.1717e-01,  9.2446e-01,  8.4344e-01,  1.2170e+00,  2.9413e-01,
         3.0174e-01,  1.1336e+00,  3.1159e-04,  1.5070e-02, -5.2072e-02,
         1.6366e+00], device='cuda:1')
Likelihood: -14.54474925994873
Solve time for step 1 25.235463222998078
Current ori: tensor([ 0.0003,  0.0151, -0.0521], device='cuda:1')
Middle force: tensor([2.4339, 0.1033, 0.1119, 0.4582, 0.4075, 0.5402, 0.4270, 0.2052, 0.5763,
        0.2007, 0.1282, 0.0584], device='cuda:1')
Thumb force: tensor([2.3058, 0.5678, 0.2333, 0.5950, 0.3151, 0.7798, 0.6632, 0.8195, 0.8001,
        0.4571, 0.2013, 0.7053], device='cuda:1')
Index force: tensor([0.4397, 0.5491, 0.1512, 0.6521, 0.4756, 0.3086, 0.4218, 0.0490, 0.3584,
        0.2550, 0.3516, 0.4526], device='cuda:1')
tensor([ 1.0358e-01,  5.5273e-01,  6.2260e-01,  5.6329e-01, -9.4940e-02,
         4.5765e-01,  9.6528e-01,  9.6689e-01,  1.2716e+00,  2.3219e-01,
         3.0110e-01,  1.0051e+00,  3.9019e-03,  1.6640e-03, -2.5423e-01,
         1.8980e+00], device='cuda:1')
Likelihood: -16.062570571899414
Solve time for step 2 5.658682949004287
Current ori: tensor([ 0.0039,  0.0017, -0.2542], device='cuda:1')
Middle force: tensor([0.1353, 0.1111, 0.4416, 0.3778, 0.5128, 0.4051, 0.1890, 0.5603, 0.1948,
        0.1224, 0.0480], device='cuda:1')
Thumb force: tensor([0.4993, 0.2147, 0.5512, 0.2841, 0.7254, 0.6222, 0.7744, 0.7680, 0.4353,
        0.1910, 0.6611], device='cuda:1')
Index force: tensor([0.5034, 0.1377, 0.6140, 0.4358, 0.2928, 0.3943, 0.0503, 0.3438, 0.2508,
        0.3377, 0.4398], device='cuda:1')
tensor([ 1.0223e-01,  5.5969e-01,  6.1573e-01,  5.5569e-01, -9.6842e-02,
         4.4187e-01,  9.7506e-01,  9.9700e-01,  1.3030e+00,  2.0523e-01,
         3.1170e-01,  9.2900e-01,  1.5266e-03,  3.0085e-03, -3.5538e-01,
         1.9729e+00], device='cuda:1')
Likelihood: -16.5333251953125
Solve time for step 3 5.653061313001672
Current ori: tensor([ 0.0015,  0.0030, -0.3554], device='cuda:1')
Middle force: tensor([1.2637, 0.2574, 0.3077, 0.2169, 0.0760, 0.4567, 0.1639, 1.5945, 0.5295,
        0.3050], device='cuda:1')
Thumb force: tensor([1.4891, 0.5603, 0.8293, 0.2912, 0.1008, 0.5916, 1.6458, 0.3922, 0.2284,
        0.1273], device='cuda:1')
Index force: tensor([0.3547, 0.1110, 0.4612, 0.3363, 0.1062, 0.7253, 0.2276, 0.5700, 0.3483,
        0.2892], device='cuda:1')
tensor([ 1.0340e-01,  5.8316e-01,  5.6456e-01,  5.9572e-01, -9.1197e-02,
         4.3064e-01,  9.8721e-01,  1.0063e+00,  1.3369e+00,  1.6216e-01,
         3.0645e-01,  8.8493e-01, -1.8746e-03,  2.1619e-03, -4.3793e-01,
         2.0301e+00], device='cuda:1')
Likelihood: -16.035533905029297
Solve time for step 4 5.735997522002435
Current ori: tensor([-0.0019,  0.0022, -0.4379], device='cuda:1')
Middle force: tensor([0.4233, 0.3217, 0.4599, 0.3623, 0.1625, 0.5308, 0.1835, 0.1038, 0.0447],
       device='cuda:1')
Thumb force: tensor([0.5062, 0.2431, 0.6399, 0.5607, 0.6986, 0.7102, 0.4004, 0.1798, 0.5907],
       device='cuda:1')
Index force: tensor([0.5259, 0.3730, 0.2627, 0.3479, 0.0447, 0.3158, 0.2470, 0.3089, 0.4140],
       device='cuda:1')
tensor([ 0.1003,  0.5736,  0.5896,  0.5663, -0.0941,  0.4323,  0.9822,  1.0074,
         1.3298,  0.1780,  0.3190,  0.8654, -0.0021,  0.0035, -0.4598,  2.0478],
       device='cuda:1')
Likelihood: -15.94820785522461
Solve time for step 5 5.178156954003498
Current ori: tensor([-0.0021,  0.0035, -0.4598], device='cuda:1')
Middle force: tensor([0.2677, 0.4356, 0.3419, 0.1521, 0.5142, 0.1812, 0.1005, 0.0460],
       device='cuda:1')
Thumb force: tensor([0.2669, 0.6132, 0.5420, 0.6697, 0.6863, 0.3851, 0.1736, 0.5631],
       device='cuda:1')
Index force: tensor([0.3555, 0.2472, 0.3292, 0.0451, 0.3048, 0.2419, 0.2948, 0.4019],
       device='cuda:1')
tensor([ 1.0364e-01,  5.5654e-01,  6.1461e-01,  5.6925e-01, -8.8167e-02,
         4.3413e-01,  9.8240e-01,  1.0084e+00,  1.3246e+00,  1.8583e-01,
         3.2156e-01,  8.5428e-01, -5.8158e-04, -7.1489e-04, -4.9852e-01,
         2.1046e+00], device='cuda:1')
Likelihood: -16.491985321044922
Solve time for step 6 4.948283268000523
Current ori: tensor([-0.0006, -0.0007, -0.4985], device='cuda:1')
Middle force: tensor([0.4032, 0.3279, 0.1448, 0.5024, 0.1815, 0.1003, 0.0476],
       device='cuda:1')
Thumb force: tensor([0.5874, 0.5195, 0.6421, 0.6597, 0.3685, 0.1657, 0.5385],
       device='cuda:1')
Index force: tensor([0.2224, 0.3124, 0.0458, 0.2962, 0.2354, 0.2838, 0.3913],
       device='cuda:1')
tensor([ 1.0011e-01,  5.5129e-01,  6.2020e-01,  5.6551e-01, -9.0252e-02,
         4.3702e-01,  9.7978e-01,  1.0032e+00,  1.3263e+00,  1.8677e-01,
         3.2865e-01,  8.3591e-01, -2.1546e-03,  9.3856e-06, -5.1708e-01,
         2.1150e+00], device='cuda:1')
Likelihood: -16.130477905273438
Solve time for step 7 5.149966035001853
Current ori: tensor([-2.1546e-03,  9.3856e-06, -5.1708e-01], device='cuda:1')
Middle force: tensor([0.2923, 0.1393, 0.4873, 0.1799, 0.0988, 0.0487], device='cuda:1')
Thumb force: tensor([0.5054, 0.6179, 0.6379, 0.3531, 0.1602, 0.5170], device='cuda:1')
Index force: tensor([0.2958, 0.0451, 0.2871, 0.2294, 0.2731, 0.3803], device='cuda:1')
tensor([ 9.6717e-02,  5.3927e-01,  6.2952e-01,  5.7279e-01, -9.0323e-02,
         4.3425e-01,  9.8261e-01,  1.0055e+00,  1.3339e+00,  1.8004e-01,
         3.3647e-01,  8.0894e-01, -4.3059e-03,  8.0799e-04, -5.4355e-01,
         2.1003e+00], device='cuda:1')
Likelihood: -15.597607612609863
Solve time for step 8 5.014071793993935
Current ori: tensor([-0.0043,  0.0008, -0.5435], device='cuda:1')
Middle force: tensor([0.1196, 0.4764, 0.1763, 0.1002, 0.0469], device='cuda:1')
Thumb force: tensor([0.5946, 0.6137, 0.3393, 0.1539, 0.4974], device='cuda:1')
Index force: tensor([0.0577, 0.2802, 0.2233, 0.2618, 0.3700], device='cuda:1')
tensor([ 0.0912,  0.5289,  0.6356,  0.5781, -0.0923,  0.4374,  0.9788,  0.9995,
         1.3380,  0.1835,  0.3310,  0.8090, -0.0086,  0.0029, -0.5548,  2.0352],
       device='cuda:1')
Likelihood: -13.68421745300293
Solve time for step 9 5.453285629002494
Current ori: tensor([-0.0086,  0.0029, -0.5548], device='cuda:1')
Middle force: tensor([0.1219, 0.4186, 0.3048, 0.6923], device='cuda:1')
Thumb force: tensor([0.0481, 0.2556, 0.2547, 0.4982], device='cuda:1')
Index force: tensor([0.2290, 0.4378, 0.3926, 0.1104], device='cuda:1')
tensor([ 0.0919,  0.5073,  0.6541,  0.6004, -0.0931,  0.4391,  0.9727,  1.0068,
         1.3331,  0.1869,  0.3233,  0.8355, -0.0061,  0.0028, -0.5395,  1.9901],
       device='cuda:1')
Likelihood: -13.684863090515137
Solve time for step 10 5.395674154002336
Current ori: tensor([-0.0061,  0.0028, -0.5395], device='cuda:1')
Middle force: tensor([0.4108, 0.2984, 0.6697], device='cuda:1')
Thumb force: tensor([0.2328, 0.2458, 0.4812], device='cuda:1')
Index force: tensor([0.4146, 0.3829, 0.1071], device='cuda:1')
tensor([ 0.0919,  0.5012,  0.6596,  0.6056, -0.0927,  0.4405,  0.9700,  1.0089,
         1.3325,  0.1857,  0.3206,  0.8429, -0.0053,  0.0024, -0.5326,  1.9760],
       device='cuda:1')
Likelihood: -13.691965103149414
Solve time for step 11 5.224006915996142
Current ori: tensor([-0.0053,  0.0024, -0.5326], device='cuda:1')
Middle force: tensor([0.1441, 0.2659], device='cuda:1')
Thumb force: tensor([0.1039, 0.3640], device='cuda:1')
Index force: tensor([0.1543, 0.2811], device='cuda:1')
tensor([ 0.0901,  0.5004,  0.6624,  0.5984, -0.0928,  0.4444,  0.9643,  1.0096,
         1.3373,  0.1813,  0.3240,  0.8267, -0.0082,  0.0030, -0.5430,  1.9588],
       device='cuda:1')
Likelihood: -12.95039176940918
Solve time for step 12 5.174402290002035
Current ori: tensor([-0.0082,  0.0030, -0.5430], device='cuda:1')
Middle force: tensor([0.2453], device='cuda:1')
Thumb force: tensor([0.3565], device='cuda:1')
Index force: tensor([0.2845], device='cuda:1')
Current yaw: tensor([-0.0092,  0.0107, -0.5471], device='cuda:1')
2 turn
Sampling time 5.182836722000502
tensor([ 0.0750,  0.4824,  0.6677,  0.6072, -0.1039,  0.4397,  0.9612,  1.0096,
         1.3482,  0.1733,  0.3386,  0.8025, -0.0092,  0.0107, -0.5471,  1.8734],
       device='cuda:1')
Likelihood: -12.003849029541016
Solve time for step 1 24.546458088996587
Current ori: tensor([-0.0092,  0.0107, -0.5471], device='cuda:1')
Middle force: tensor([0.3968, 0.2609, 1.2735, 0.1600, 0.3197, 0.9279, 0.3698, 0.5152, 1.4667,
        0.3742, 0.2799, 0.4139], device='cuda:1')
Thumb force: tensor([1.4758, 0.5500, 0.6516, 0.4861, 0.6476, 0.6780, 0.4912, 0.9792, 0.6595,
        1.5147, 0.8516, 0.3822], device='cuda:1')
Index force: tensor([0.2490, 0.6947, 0.5067, 0.2834, 0.2237, 0.5475, 0.2099, 0.2469, 0.8183,
        0.5418, 0.4318, 0.4639], device='cuda:1')
tensor([ 0.0823,  0.4729,  0.6682,  0.6453, -0.0983,  0.4252,  0.9615,  1.0734,
         1.3757,  0.1648,  0.3556,  0.7207, -0.0054,  0.0091, -0.6538,  1.9730],
       device='cuda:1')
Likelihood: -11.889284133911133
Solve time for step 2 5.938328395001008
Current ori: tensor([-0.0054,  0.0091, -0.6538], device='cuda:1')
Middle force: tensor([1.0060, 0.4532, 0.5609, 0.3694, 0.6134, 0.2937, 0.3956, 0.9939, 0.4224,
        0.3618, 0.1088], device='cuda:1')
Thumb force: tensor([0.3648, 0.4375, 0.3065, 0.6345, 0.5074, 0.4115, 0.8125, 0.4555, 1.4020,
        0.6931, 0.3296], device='cuda:1')
Index force: tensor([0.7907, 0.7859, 0.3839, 0.5066, 0.5020, 0.0863, 0.4057, 0.7978, 0.4459,
        0.2175, 0.1579], device='cuda:1')
tensor([ 9.5390e-02,  4.5236e-01,  6.8769e-01,  6.8613e-01, -8.1134e-02,
         4.0696e-01,  9.8370e-01,  1.1272e+00,  1.4014e+00,  1.3017e-01,
         3.6437e-01,  6.6318e-01,  3.0473e-03,  3.5591e-06, -7.4600e-01,
         2.0861e+00], device='cuda:1')
Likelihood: -14.90213680267334
Solve time for step 3 6.002969950000988
Current ori: tensor([ 3.0473e-03,  3.5591e-06, -7.4600e-01], device='cuda:1')
Middle force: tensor([0.4499, 0.5405, 0.3622, 0.5910, 0.2848, 0.3900, 0.9595, 0.4134, 0.3498,
        0.1083], device='cuda:1')
Thumb force: tensor([0.4006, 0.2866, 0.6003, 0.4845, 0.3918, 0.7782, 0.4317, 1.3506, 0.6675,
        0.3153], device='cuda:1')
Index force: tensor([0.7459, 0.3660, 0.4845, 0.4863, 0.0807, 0.3945, 0.7695, 0.4299, 0.2067,
        0.1536], device='cuda:1')
tensor([ 1.0001e-01,  4.4450e-01,  6.9476e-01,  7.0163e-01, -8.0799e-02,
         4.0614e-01,  9.8620e-01,  1.1379e+00,  1.4167e+00,  1.1504e-01,
         3.7101e-01,  6.2910e-01,  6.1379e-03, -1.2513e-03, -7.8338e-01,
         2.1323e+00], device='cuda:1')
Likelihood: -17.304813385009766
State is out of distribution
Likelihood for thumb_middle: 0.0005568875931203365
Likelihood for index: 0.753797173500061
Current yaw: tensor([ 0.0061, -0.0013, -0.7834], device='cuda:1')
2 index
tensor([ 1.0001e-01,  4.4450e-01,  6.9476e-01,  7.0163e-01, -8.0799e-02,
         4.0614e-01,  9.8620e-01,  1.1379e+00,  1.4167e+00,  1.1504e-01,
         3.7101e-01,  6.2910e-01,  6.1379e-03, -1.2513e-03, -7.8338e-01,
         2.1323e+00], device='cuda:1')
Solve time for step 1 23.58814040699508
Current ori: tensor([ 0.0061, -0.0013, -0.7834], device='cuda:1')
Middle force: tensor([0.0313, 0.0059, 0.0020, 0.0021, 0.0032, 0.0024, 0.0042, 0.0038, 0.0075,
        0.0023, 0.0016, 0.0227], device='cuda:1')
Thumb force: tensor([0.0079, 0.0077, 0.0142, 0.0147, 0.0190, 0.0043, 0.0039, 0.0026, 0.0024,
        0.0024, 0.0019, 0.0256], device='cuda:1')
tensor([ 0.1998,  0.4920,  0.5799,  0.6579, -0.0744,  0.4262,  0.9533,  1.1683,
         1.4016,  0.1272,  0.3347,  0.7110,  0.0084, -0.0069, -0.7597,  3.1616],
       device='cuda:1')
Solve time for step 2 6.020183029999316
Current ori: tensor([ 0.0084, -0.0069, -0.7597], device='cuda:1')
Middle force: tensor([0.0106, 0.0009, 0.0018, 0.0082, 0.0028, 0.0024, 0.0026, 0.0066, 0.0061,
        0.0058, 0.0358], device='cuda:1')
Thumb force: tensor([0.0119, 0.0188, 0.0101, 0.0135, 0.0135, 0.0031, 0.0041, 0.0043, 0.0030,
        0.0048, 0.0407], device='cuda:1')
tensor([ 0.2231,  0.5393,  0.5463,  0.6380, -0.0796,  0.4363,  0.9385,  1.1745,
         1.4043,  0.1222,  0.3310,  0.7190,  0.0077, -0.0059, -0.7454,  3.8326],
       device='cuda:1')
Solve time for step 3 5.811545497999759
Current ori: tensor([ 0.0077, -0.0059, -0.7454], device='cuda:1')
Middle force: tensor([0.0278, 0.0029, 0.0014, 0.0050, 0.0036, 0.0018, 0.0032, 0.0036, 0.0063,
        0.0616], device='cuda:1')
Thumb force: tensor([0.0164, 0.0276, 0.0221, 0.0215, 0.0077, 0.0170, 0.0030, 0.0049, 0.0033,
        0.0692], device='cuda:1')
tensor([ 0.2302,  0.5579,  0.5278,  0.6396, -0.0863,  0.4492,  0.9208,  1.1765,
         1.3941,  0.1347,  0.3209,  0.7547,  0.0082, -0.0053, -0.7124,  4.2639],
       device='cuda:1')
Solve time for step 4 5.977135973000259
Current ori: tensor([ 0.0082, -0.0053, -0.7124], device='cuda:1')
Middle force: tensor([0.0238, 0.0034, 0.0017, 0.0022, 0.0009, 0.0046, 0.0023, 0.0029, 0.0437],
       device='cuda:1')
Thumb force: tensor([0.0463, 0.0069, 0.0064, 0.0054, 0.0047, 0.0045, 0.0036, 0.0037, 0.0506],
       device='cuda:1')
tensor([ 2.3644e-01,  5.7814e-01,  5.1511e-01,  6.1979e-01, -7.6988e-02,
         4.5422e-01,  9.2375e-01,  1.1725e+00,  1.3968e+00,  1.2967e-01,
         3.1844e-01,  7.3641e-01,  4.1203e-03, -9.7226e-03, -7.3816e-01,
         4.6038e+00], device='cuda:1')
Solve time for step 5 5.586111829994479
Current ori: tensor([ 0.0041, -0.0097, -0.7382], device='cuda:1')
Middle force: tensor([0.0084, 0.0014, 0.0029, 0.0019, 0.0025, 0.0027, 0.0028, 0.0434],
       device='cuda:1')
Thumb force: tensor([0.0368, 0.0105, 0.0054, 0.0070, 0.0040, 0.0074, 0.0050, 0.0503],
       device='cuda:1')
tensor([ 2.3934e-01,  5.9250e-01,  5.0362e-01,  6.0581e-01, -7.7013e-02,
         4.5749e-01,  9.2401e-01,  1.1689e+00,  1.4003e+00,  1.2487e-01,
         3.1917e-01,  7.2602e-01,  1.5672e-03, -9.9724e-03, -7.4389e-01,
         4.7980e+00], device='cuda:1')
Solve time for step 6 5.44666168600088
Current ori: tensor([ 0.0016, -0.0100, -0.7439], device='cuda:1')
Middle force: tensor([0.0096, 0.0017, 0.0004, 0.0027, 0.0024, 0.0027, 0.0386],
       device='cuda:1')
Thumb force: tensor([0.0039, 0.0065, 0.0104, 0.0039, 0.0044, 0.0076, 0.0446],
       device='cuda:1')
tensor([ 2.3829e-01,  6.0334e-01,  4.9243e-01,  5.9436e-01, -8.1759e-02,
         4.5828e-01,  9.2550e-01,  1.1682e+00,  1.4030e+00,  1.2020e-01,
         3.1655e-01,  7.3362e-01,  1.9750e-03, -8.8640e-03, -7.3438e-01,
         4.8820e+00], device='cuda:1')
Solve time for step 7 5.338869846003945
Current ori: tensor([ 0.0020, -0.0089, -0.7344], device='cuda:1')
Middle force: tensor([0.0193, 0.0022, 0.0023, 0.0024, 0.0039, 0.0537], device='cuda:1')
Thumb force: tensor([0.0377, 0.0089, 0.0066, 0.0053, 0.0058, 0.0579], device='cuda:1')
tensor([ 2.3465e-01,  6.0362e-01,  4.8666e-01,  5.9895e-01, -8.7426e-02,
         4.6041e-01,  9.1959e-01,  1.1732e+00,  1.3950e+00,  1.3308e-01,
         3.1300e-01,  7.5627e-01,  3.1986e-03, -6.9409e-03, -7.2073e-01,
         4.9054e+00], device='cuda:1')
Solve time for step 8 5.2564429940030095
Current ori: tensor([ 0.0032, -0.0069, -0.7207], device='cuda:1')
Middle force: tensor([0.0241, 0.0026, 0.0019, 0.0014, 0.0567], device='cuda:1')
Thumb force: tensor([0.0342, 0.0104, 0.0078, 0.0025, 0.0605], device='cuda:1')
tensor([ 2.3244e-01,  6.0494e-01,  4.8067e-01,  6.0106e-01, -8.7250e-02,
         4.6488e-01,  9.1296e-01,  1.1738e+00,  1.3912e+00,  1.3966e-01,
         3.1391e-01,  7.5502e-01,  1.8644e-03, -7.0259e-03, -7.1735e-01,
         4.9103e+00], device='cuda:1')
Solve time for step 9 5.381501074996777
Current ori: tensor([ 0.0019, -0.0070, -0.7174], device='cuda:1')
Middle force: tensor([0.0432, 0.0013, 0.0033, 0.0541], device='cuda:1')
Thumb force: tensor([0.0676, 0.0111, 0.0032, 0.0579], device='cuda:1')
tensor([ 2.3273e-01,  6.0791e-01,  4.7423e-01,  6.0191e-01, -8.3768e-02,
         4.7352e-01,  9.0524e-01,  1.1702e+00,  1.3896e+00,  1.4248e-01,
         3.1385e-01,  7.4449e-01, -2.0795e-03, -8.8409e-03, -7.1983e-01,
         4.8949e+00], device='cuda:1')
Solve time for step 10 5.201720397002646
Current ori: tensor([-0.0021, -0.0088, -0.7198], device='cuda:1')
Middle force: tensor([0.0061, 0.0015, 0.0507], device='cuda:1')
Thumb force: tensor([0.0237, 0.0081, 0.0540], device='cuda:1')
tensor([ 0.2380,  0.6138,  0.4697,  0.6060, -0.0818,  0.4805,  0.8979,  1.1697,
         1.3901,  0.1427,  0.3144,  0.7339, -0.0053, -0.0098, -0.7242,  4.8470],
       device='cuda:1')
Solve time for step 11 5.403345265003736
Current ori: tensor([-0.0053, -0.0098, -0.7242], device='cuda:1')
Middle force: tensor([0.0242, 0.0526], device='cuda:1')
Thumb force: tensor([0.0286, 0.0557], device='cuda:1')
tensor([ 2.3505e-01,  6.1253e-01,  4.6591e-01,  6.1216e-01, -8.6932e-02,
         4.8154e-01,  8.9408e-01,  1.1759e+00,  1.3883e+00,  1.4602e-01,
         3.1251e-01,  7.4594e-01, -4.5758e-03, -7.8294e-03, -7.1695e-01,
         4.7575e+00], device='cuda:1')
Solve time for step 12 5.589283213994349
Current ori: tensor([-0.0046, -0.0078, -0.7169], device='cuda:1')
Middle force: tensor([0.0193], device='cuda:1')
Thumb force: tensor([0.0361], device='cuda:1')
Likelihood: -17.361679077148438
State is out of distribution
Likelihood for thumb_middle: 0.04267986863851547
Likelihood for index: 0.7020489573478699
Current yaw: tensor([-0.0071, -0.0053, -0.7080], device='cuda:1')
2 index
tensor([ 0.1754,  0.6662,  0.5024,  0.6365, -0.0911,  0.4857,  0.8871,  1.1698,
         1.3926,  0.1411,  0.3116,  0.7459, -0.0071, -0.0053, -0.7080,  4.7287],
       device='cuda:1')
Solve time for step 1 24.09321135799837
Current ori: tensor([-0.0071, -0.0053, -0.7080], device='cuda:1')
Middle force: tensor([0.0293, 0.0150, 0.0111, 0.0044, 0.0055, 0.0027, 0.0078, 0.0087, 0.0042,
        0.0079, 0.0088, 0.0508], device='cuda:1')
Thumb force: tensor([0.0114, 0.0081, 0.0131, 0.0354, 0.0301, 0.0253, 0.0100, 0.0106, 0.0271,
        0.0120, 0.0100, 0.0618], device='cuda:1')
tensor([ 0.2382,  0.6119,  0.4695,  0.6256, -0.0920,  0.4942,  0.8759,  1.1739,
         1.3810,  0.1564,  0.3009,  0.7748, -0.0076, -0.0062, -0.6930,  5.9105],
       device='cuda:1')
Solve time for step 2 5.75787026299804
Current ori: tensor([-0.0076, -0.0062, -0.6930], device='cuda:1')
Middle force: tensor([0.0456, 0.0060, 0.0039, 0.0058, 0.0048, 0.0057, 0.0083, 0.0044, 0.0073,
        0.0076, 0.0463], device='cuda:1')
Thumb force: tensor([0.0158, 0.0168, 0.0415, 0.0328, 0.0295, 0.0063, 0.0094, 0.0292, 0.0081,
        0.0105, 0.0558], device='cuda:1')
tensor([ 0.2431,  0.6155,  0.4650,  0.6239, -0.0853,  0.5003,  0.8728,  1.1756,
         1.3751,  0.1673,  0.2957,  0.7764, -0.0100, -0.0100, -0.7055, -5.9239],
       device='cuda:1')
Solve time for step 3 5.80499085199699
Current ori: tensor([-0.0100, -0.0100, -0.7055], device='cuda:1')
Middle force: tensor([0.0193, 0.0041, 0.0061, 0.0105, 0.0037, 0.0086, 0.0048, 0.0065, 0.0035,
        0.0421], device='cuda:1')
Thumb force: tensor([0.0097, 0.0282, 0.0059, 0.0111, 0.0126, 0.0094, 0.0132, 0.0079, 0.0043,
        0.0470], device='cuda:1')
tensor([ 0.2470,  0.6328,  0.4491,  0.6141, -0.0935,  0.5003,  0.8751,  1.1779,
         1.3640,  0.1814,  0.2828,  0.8222, -0.0071, -0.0083, -0.6861, -5.5013],
       device='cuda:1')
Solve time for step 4 5.65776168499724
Current ori: tensor([-0.0071, -0.0083, -0.6861], device='cuda:1')
Middle force: tensor([0.0202, 0.0046, 0.0030, 0.0065, 0.0069, 0.0034, 0.0065, 0.0072, 0.0405],
       device='cuda:1')
Thumb force: tensor([0.0248, 0.0278, 0.0275, 0.0084, 0.0081, 0.0278, 0.0070, 0.0121, 0.0468],
       device='cuda:1')
tensor([ 0.2485,  0.6273,  0.4593,  0.6121, -0.0945,  0.4985,  0.8807,  1.1855,
         1.3604,  0.1884,  0.2809,  0.8300, -0.0057, -0.0085, -0.6922, -5.2022],
       device='cuda:1')
Solve time for step 5 5.738105454998731
Current ori: tensor([-0.0057, -0.0085, -0.6922], device='cuda:1')
Middle force: tensor([0.0105, 0.0089, 0.0028, 0.0088, 0.0054, 0.0068, 0.0091, 0.0364],
       device='cuda:1')
Thumb force: tensor([0.0377, 0.0067, 0.0144, 0.0071, 0.0064, 0.0107, 0.0072, 0.0380],
       device='cuda:1')
tensor([ 2.5542e-01,  6.3803e-01,  4.5060e-01,  6.2017e-01, -9.2720e-02,
         4.9630e-01,  8.9025e-01,  1.1874e+00,  1.3455e+00,  2.0889e-01,
         2.7261e-01,  8.5849e-01, -3.4699e-03, -1.1210e-02, -6.8944e-01,
        -4.9962e+00], device='cuda:1')
Solve time for step 6 5.600848244001099
Current ori: tensor([-0.0035, -0.0112, -0.6894], device='cuda:1')
Middle force: tensor([0.0101, 0.0060, 0.0074, 0.0063, 0.0068, 0.0069, 0.0324],
       device='cuda:1')
Thumb force: tensor([0.0048, 0.0233, 0.0078, 0.0089, 0.0141, 0.0069, 0.0313],
       device='cuda:1')
tensor([ 0.2616,  0.6553,  0.4306,  0.6235, -0.0827,  0.5046,  0.8909,  1.1858,
         1.3443,  0.2128,  0.2648,  0.8521, -0.0080, -0.0172, -0.7127, -4.8040],
       device='cuda:1')
Solve time for step 7 5.418685579999874
Current ori: tensor([-0.0080, -0.0172, -0.7127], device='cuda:1')
Middle force: tensor([0.0134, 0.0056, 0.0048, 0.0055, 0.0044, 0.0259], device='cuda:1')
Thumb force: tensor([0.0069, 0.0110, 0.0139, 0.0113, 0.0087, 0.0460], device='cuda:1')
tensor([ 0.2469,  0.6541,  0.4161,  0.6202, -0.0929,  0.5056,  0.8976,  1.1826,
         1.3524,  0.1976,  0.2560,  0.8690, -0.0060, -0.0151, -0.6974, -4.6450],
       device='cuda:1')
Solve time for step 8 4.919489583000541
Current ori: tensor([-0.0060, -0.0151, -0.6974], device='cuda:1')
Middle force: tensor([0.0102, 0.0070, 0.0036, 0.0075, 0.0292], device='cuda:1')
Thumb force: tensor([0.0302, 0.0084, 0.0148, 0.0081, 0.0269], device='cuda:1')
tensor([ 0.2606,  0.6677,  0.4085,  0.6296, -0.0988,  0.5087,  0.8958,  1.1924,
         1.3429,  0.2139,  0.2621,  0.8700, -0.0054, -0.0141, -0.6948, -4.4695],
       device='cuda:1')
Solve time for step 9 5.245280174000072
Current ori: tensor([-0.0054, -0.0141, -0.6948], device='cuda:1')
Middle force: tensor([0.0156, 0.0041, 0.0062, 0.0286], device='cuda:1')
Thumb force: tensor([0.0483, 0.0192, 0.0066, 0.0248], device='cuda:1')
tensor([ 0.2639,  0.6732,  0.4011,  0.6372, -0.1025,  0.5096,  0.8969,  1.1975,
         1.3343,  0.2281,  0.2675,  0.8689, -0.0051, -0.0135, -0.6946, -4.2885],
       device='cuda:1')
Solve time for step 10 5.217239605000941
Current ori: tensor([-0.0051, -0.0135, -0.6946], device='cuda:1')
Middle force: tensor([0.0215, 0.0077, 0.0270], device='cuda:1')
Thumb force: tensor([0.0117, 0.0099, 0.0233], device='cuda:1')
tensor([ 0.2655,  0.6779,  0.3947,  0.6473, -0.0956,  0.5149,  0.8970,  1.1990,
         1.3185,  0.2466,  0.2554,  0.8951, -0.0045, -0.0189, -0.6901, -4.1028],
       device='cuda:1')
Solve time for step 11 5.543889849999687
Current ori: tensor([-0.0045, -0.0189, -0.6901], device='cuda:1')
Middle force: tensor([0.0323, 0.0247], device='cuda:1')
Thumb force: tensor([0.0590, 0.0201], device='cuda:1')
tensor([ 0.2636,  0.6776,  0.3846,  0.6637, -0.1008,  0.5169,  0.8946,  1.2048,
         1.3149,  0.2570,  0.2674,  0.8799, -0.0053, -0.0164, -0.6966, -3.8846],
       device='cuda:1')
Solve time for step 12 5.235330319999775
Current ori: tensor([-0.0053, -0.0164, -0.6966], device='cuda:1')
Middle force: tensor([0.0976], device='cuda:1')
Thumb force: tensor([0.0882], device='cuda:1')
Likelihood: -21.662330627441406
State is out of distribution
Likelihood for thumb_middle: 0.031170807778835297
Likelihood for index: 0.7535265684127808
Current yaw: tensor([-0.0062, -0.0138, -0.7051], device='cuda:1')
2 index
tensor([ 0.2088,  0.7281,  0.4180,  0.7013, -0.1055,  0.5161,  0.8945,  1.2090,
         1.3119,  0.2666,  0.2786,  0.8647, -0.0062, -0.0138, -0.7051, -3.7959],
       device='cuda:1')
Solve time for step 1 24.490271734001
Current ori: tensor([-0.0062, -0.0138, -0.7051], device='cuda:1')
Middle force: tensor([0.0328, 0.0065, 0.0065, 0.0026, 0.0030, 0.0026, 0.0073, 0.0076, 0.0032,
        0.0067, 0.0079, 0.0582], device='cuda:1')
Thumb force: tensor([0.0132, 0.0078, 0.0074, 0.0255, 0.0306, 0.0331, 0.0137, 0.0136, 0.0284,
        0.0127, 0.0070, 0.0696], device='cuda:1')
tensor([ 0.2536,  0.6442,  0.4288,  0.6552, -0.1139,  0.5118,  0.9018,  1.2061,
         1.3338,  0.2371,  0.2763,  0.8552, -0.0074, -0.0096, -0.7125, -3.8814],
       device='cuda:1')
Solve time for step 2 5.922568745001627
Current ori: tensor([-0.0074, -0.0096, -0.7125], device='cuda:1')
Middle force: tensor([0.0344, 0.0044, 0.0054, 0.0022, 0.0033, 0.0069, 0.0057, 0.0038, 0.0065,
        0.0060, 0.0525], device='cuda:1')
Thumb force: tensor([0.0189, 0.0107, 0.0270, 0.0306, 0.0317, 0.0079, 0.0079, 0.0258, 0.0072,
        0.0074, 0.0631], device='cuda:1')
tensor([ 0.2538,  0.6391,  0.4406,  0.6351, -0.1147,  0.5087,  0.9105,  1.2115,
         1.3379,  0.2317,  0.2726,  0.8586, -0.0064, -0.0098, -0.7210, -3.8669],
       device='cuda:1')
Solve time for step 3 5.779928147996543
Current ori: tensor([-0.0064, -0.0098, -0.7210], device='cuda:1')
Middle force: tensor([0.0079, 0.0063, 0.0050, 0.0054, 0.0043, 0.0088, 0.0017, 0.0067, 0.0057,
        0.0615], device='cuda:1')
Thumb force: tensor([0.0084, 0.0232, 0.0288, 0.0298, 0.0046, 0.0097, 0.0158, 0.0074, 0.0061,
        0.0677], device='cuda:1')
tensor([ 0.2601,  0.6513,  0.4350,  0.6213, -0.1098,  0.5215,  0.9020,  1.1975,
         1.3323,  0.2324,  0.2475,  0.8978, -0.0102, -0.0140, -0.6951, -3.8256],
       device='cuda:1')
Solve time for step 4 5.83088818500255
Current ori: tensor([-0.0102, -0.0140, -0.6951], device='cuda:1')
Middle force: tensor([0.0415, 0.0042, 0.0058, 0.0044, 0.0088, 0.0036, 0.0060, 0.0051, 0.0609],
       device='cuda:1')
Thumb force: tensor([0.0105, 0.0238, 0.0218, 0.0059, 0.0088, 0.0083, 0.0071, 0.0053, 0.0659],
       device='cuda:1')
tensor([ 0.2637,  0.6621,  0.4278,  0.6096, -0.1148,  0.5230,  0.9024,  1.2006,
         1.3265,  0.2368,  0.2406,  0.9239, -0.0072, -0.0136, -0.6741, -3.7280],
       device='cuda:1')
Solve time for step 5 5.641689133000909
Current ori: tensor([-0.0072, -0.0136, -0.6741], device='cuda:1')
Middle force: tensor([0.0407, 0.0053, 0.0053, 0.0077, 0.0040, 0.0045, 0.0062, 0.0612],
       device='cuda:1')
Thumb force: tensor([0.0202, 0.0192, 0.0082, 0.0092, 0.0063, 0.0059, 0.0067, 0.0648],
       device='cuda:1')
tensor([ 0.2644,  0.6759,  0.4146,  0.5975, -0.1144,  0.5243,  0.9013,  1.2061,
         1.3274,  0.2331,  0.2335,  0.9367, -0.0058, -0.0147, -0.6708, -3.5852],
       device='cuda:1')
Solve time for step 6 5.373161089002679
Current ori: tensor([-0.0058, -0.0147, -0.6708], device='cuda:1')
Middle force: tensor([0.0341, 0.0066, 0.0055, 0.0058, 0.0047, 0.0059, 0.0624],
       device='cuda:1')
Thumb force: tensor([0.0190, 0.0069, 0.0095, 0.0079, 0.0051, 0.0064, 0.0647],
       device='cuda:1')
tensor([ 0.2640,  0.6860,  0.4047,  0.5818, -0.1121,  0.5296,  0.8957,  1.2102,
         1.3147,  0.2529,  0.2371,  0.9355, -0.0071, -0.0164, -0.6740, -3.4194],
       device='cuda:1')
Solve time for step 7 5.459713739997824
Current ori: tensor([-0.0071, -0.0164, -0.6740], device='cuda:1')
Middle force: tensor([0.0356, 0.0075, 0.0030, 0.0031, 0.0043, 0.0977], device='cuda:1')
Thumb force: tensor([0.0990, 0.0547, 0.0499, 0.0352, 0.0090, 0.1117], device='cuda:1')
tensor([ 0.2646,  0.6485,  0.4449,  0.6229, -0.1233,  0.5298,  0.9033,  1.1941,
         1.3226,  0.2359,  0.2245,  0.9671, -0.0044, -0.0135, -0.6375, -3.2875],
       device='cuda:1')
Solve time for step 8 5.2387977890030015
Current ori: tensor([-0.0044, -0.0135, -0.6375], device='cuda:1')
Middle force: tensor([0.0038, 0.0036, 0.0018, 0.0049, 0.0957], device='cuda:1')
Thumb force: tensor([0.0345, 0.0431, 0.0329, 0.0075, 0.1089], device='cuda:1')
tensor([ 2.6365e-01,  6.3162e-01,  4.6088e-01,  6.4003e-01, -1.2839e-01,
         5.2931e-01,  9.0651e-01,  1.1881e+00,  1.3060e+00,  2.5934e-01,
         2.3081e-01,  9.7956e-01, -2.9777e-03, -1.1907e-02, -6.1772e-01,
        -3.1517e+00], device='cuda:1')
Solve time for step 9 5.143031366002106
Current ori: tensor([-0.0030, -0.0119, -0.6177], device='cuda:1')
Middle force: tensor([0.0276, 0.0036, 0.0063, 0.0944], device='cuda:1')
Thumb force: tensor([0.0280, 0.0327, 0.0076, 0.1071], device='cuda:1')
tensor([ 2.6090e-01,  6.2319e-01,  4.6653e-01,  6.4643e-01, -1.3936e-01,
         5.2838e-01,  9.0678e-01,  1.1844e+00,  1.3039e+00,  2.6351e-01,
         2.3888e-01,  9.8333e-01, -1.2315e-03, -6.9083e-03, -5.9683e-01,
        -3.0390e+00], device='cuda:1')
Solve time for step 10 5.3656292209998355
Current ori: tensor([-0.0012, -0.0069, -0.5968], device='cuda:1')
Middle force: tensor([0.0216, 0.0058, 0.0949], device='cuda:1')
Thumb force: tensor([0.0285, 0.0094, 0.1079], device='cuda:1')
tensor([ 0.2585,  0.6180,  0.4697,  0.6498, -0.1375,  0.5319,  0.9059,  1.1783,
         1.3034,  0.2646,  0.2380,  0.9787, -0.0038, -0.0079, -0.5962, -2.9367],
       device='cuda:1')
Solve time for step 11 5.112353559001349
Current ori: tensor([-0.0038, -0.0079, -0.5962], device='cuda:1')
Middle force: tensor([0.0331, 0.0946], device='cuda:1')
Thumb force: tensor([0.0141, 0.1073], device='cuda:1')
tensor([ 0.2565,  0.6141,  0.4700,  0.6521, -0.1315,  0.5487,  0.8944,  1.1566,
         1.2985,  0.2688,  0.2296,  0.9834, -0.0106, -0.0118, -0.5686, -2.8933],
       device='cuda:1')
Solve time for step 12 5.423485947998415
Current ori: tensor([-0.0106, -0.0118, -0.5686], device='cuda:1')
Middle force: tensor([0.0748], device='cuda:1')
Thumb force: tensor([0.0838], device='cuda:1')
Likelihood: -26.243942260742188
State is out of distribution
Backend TkAgg is interactive backend. Turning interactive mode on.
Likelihood for thumb_middle: 0.014972252771258354
Likelihood for index: 0.8228483200073242
Current yaw: tensor([-0.0108, -0.0082, -0.5509], device='cuda:1')
2 index
tensor([ 0.1993,  0.6636,  0.5117,  0.6757, -0.1370,  0.5487,  0.8922,  1.1501,
         1.3025,  0.2636,  0.2311,  0.9872, -0.0108, -0.0082, -0.5509, -2.8953],
       device='cuda:1')
Solve time for step 1 24.697266606002813
Current ori: tensor([-0.0108, -0.0082, -0.5509], device='cuda:1')
Middle force: tensor([0.0835, 0.0036, 0.0064, 0.0016, 0.0029, 0.0021, 0.0058, 0.0061, 0.0008,
        0.0068, 0.0115, 0.0498], device='cuda:1')
Thumb force: tensor([0.0060, 0.0093, 0.0149, 0.0053, 0.0211, 0.0169, 0.0067, 0.0067, 0.0206,
        0.0135, 0.0092, 0.0523], device='cuda:1')
tensor([ 0.2476,  0.6155,  0.4687,  0.6390, -0.1481,  0.5603,  0.8804,  1.1434,
         1.3037,  0.2542,  0.2198,  1.0303, -0.0077, -0.0057, -0.4958, -2.8155],
       device='cuda:1')
Solve time for step 2 5.922954192996258
Current ori: tensor([-0.0077, -0.0057, -0.4958], device='cuda:1')
Middle force: tensor([0.0202, 0.0026, 0.0030, 0.0202, 0.0049, 0.0078, 0.0102, 0.0055, 0.0184,
        0.0019, 0.0518], device='cuda:1')
Thumb force: tensor([0.0501, 0.0511, 0.0554, 0.0079, 0.0223, 0.0154, 0.0096, 0.0353, 0.0079,
        0.0556, 0.0535], device='cuda:1')
tensor([ 0.2522,  0.6300,  0.4751,  0.5678, -0.1509,  0.5560,  0.9067,  1.0994,
         1.2954,  0.2617,  0.2150,  1.0544, -0.0092, -0.0060, -0.4588, -2.7916],
       device='cuda:1')
Solve time for step 3 6.0705260269969585
Current ori: tensor([-0.0092, -0.0060, -0.4588], device='cuda:1')
Middle force: tensor([0.0275, 0.0022, 0.0162, 0.0046, 0.0058, 0.0051, 0.0033, 0.0164, 0.0026,
        0.0502], device='cuda:1')
Thumb force: tensor([0.0475, 0.0514, 0.0058, 0.0200, 0.0144, 0.0057, 0.0331, 0.0075, 0.0517,
        0.0509], device='cuda:1')
tensor([ 0.2528,  0.6404,  0.4754,  0.5353, -0.1540,  0.5490,  0.9268,  1.0810,
         1.2962,  0.2584,  0.2112,  1.0685, -0.0081, -0.0055, -0.4408, -2.8020],
       device='cuda:1')
Solve time for step 4 5.73804153000674
Current ori: tensor([-0.0081, -0.0055, -0.4408], device='cuda:1')
Middle force: tensor([0.0464, 0.0172, 0.0058, 0.0061, 0.0042, 0.0013, 0.0164, 0.0024, 0.0490],
       device='cuda:1')
Thumb force: tensor([0.0398, 0.0053, 0.0165, 0.0125, 0.0043, 0.0314, 0.0068, 0.0487, 0.0491],
       device='cuda:1')
tensor([ 2.4781e-01,  6.4301e-01,  4.7099e-01,  5.2282e-01, -1.6137e-01,
         5.4823e-01,  9.2780e-01,  1.0819e+00,  1.3038e+00,  2.4722e-01,
         2.1003e-01,  1.0772e+00, -6.6219e-03, -2.3488e-03, -4.2329e-01,
        -2.8417e+00], device='cuda:1')
Solve time for step 5 5.633342649998667
Current ori: tensor([-0.0066, -0.0023, -0.4233], device='cuda:1')
Middle force: tensor([0.0213, 0.0039, 0.0060, 0.0051, 0.0023, 0.0136, 0.0019, 0.0457],
       device='cuda:1')
Thumb force: tensor([0.0436, 0.0188, 0.0140, 0.0053, 0.0318, 0.0070, 0.0480, 0.0466],
       device='cuda:1')
tensor([ 0.2505,  0.6486,  0.4671,  0.5172, -0.1528,  0.5542,  0.9304,  1.0746,
         1.2982,  0.2527,  0.2014,  1.0790, -0.0101, -0.0081, -0.4284, -2.8763],
       device='cuda:1')
Solve time for step 6 5.351374567006133
Current ori: tensor([-0.0101, -0.0081, -0.4284], device='cuda:1')
Middle force: tensor([0.0239, 0.0049, 0.0060, 0.0017, 0.0118, 0.0018, 0.0453],
       device='cuda:1')
Thumb force: tensor([0.0081, 0.0111, 0.0061, 0.0296, 0.0066, 0.0435, 0.0459],
       device='cuda:1')
tensor([ 0.2511,  0.6538,  0.4643,  0.5081, -0.1542,  0.5496,  0.9402,  1.0797,
         1.2956,  0.2531,  0.1969,  1.0962, -0.0066, -0.0091, -0.4199, -2.9305],
       device='cuda:1')
Solve time for step 7 5.702204435998283
Current ori: tensor([-0.0066, -0.0091, -0.4199], device='cuda:1')
Middle force: tensor([0.0063, 0.0061, 0.0021, 0.0110, 0.0014, 0.0449], device='cuda:1')
Thumb force: tensor([0.0078, 0.0076, 0.0320, 0.0065, 0.0433, 0.0455], device='cuda:1')
tensor([ 0.2519,  0.6576,  0.4627,  0.5035, -0.1540,  0.5469,  0.9451,  1.0833,
         1.2974,  0.2521,  0.1977,  1.0877, -0.0072, -0.0093, -0.4373, -2.9479],
       device='cuda:1')
Solve time for step 8 5.196060569003748
Current ori: tensor([-0.0072, -0.0093, -0.4373], device='cuda:1')
Middle force: tensor([0.0205, 0.0024, 0.0103, 0.0033, 0.0445], device='cuda:1')
Thumb force: tensor([0.0184, 0.0312, 0.0063, 0.0407, 0.0443], device='cuda:1')
tensor([ 0.2517,  0.6566,  0.4659,  0.4956, -0.1570,  0.5468,  0.9483,  1.0818,
         1.3005,  0.2472,  0.1962,  1.0918, -0.0070, -0.0085, -0.4286, -2.9834],
       device='cuda:1')
Solve time for step 9 5.454190554002707
Current ori: tensor([-0.0070, -0.0085, -0.4286], device='cuda:1')
Middle force: tensor([0.0168, 0.0104, 0.0014, 0.0444], device='cuda:1')
Thumb force: tensor([0.0259, 0.0065, 0.0394, 0.0433], device='cuda:1')
tensor([ 0.2511,  0.6563,  0.4683,  0.4905, -0.1599,  0.5451,  0.9551,  1.0785,
         1.3009,  0.2465,  0.1964,  1.0938, -0.0069, -0.0079, -0.4229, -3.0107],
       device='cuda:1')
Solve time for step 10 5.09803570999793
Current ori: tensor([-0.0069, -0.0079, -0.4229], device='cuda:1')
Middle force: tensor([0.0078, 0.0018, 0.0429], device='cuda:1')
Thumb force: tensor([0.0370, 0.0452, 0.0430], device='cuda:1')
tensor([ 0.2545,  0.6557,  0.4729,  0.4851, -0.1431,  0.5554,  0.9598,  1.0676,
         1.2998,  0.2470,  0.1814,  1.0777, -0.0154, -0.0179, -0.4540, -3.0002],
       device='cuda:1')
Solve time for step 11 5.385606546005874
Current ori: tensor([-0.0154, -0.0179, -0.4540], device='cuda:1')
Middle force: tensor([0.0235, 0.0422], device='cuda:1')
Thumb force: tensor([0.0406, 0.0426], device='cuda:1')
tensor([ 0.2556,  0.6552,  0.4781,  0.4801, -0.1538,  0.5559,  0.9653,  1.0638,
         1.2994,  0.2466,  0.1836,  1.0904, -0.0138, -0.0148, -0.4264, -3.0500],
       device='cuda:1')
Solve time for step 12 4.819946660005371
Current ori: tensor([-0.0138, -0.0148, -0.4264], device='cuda:1')
Middle force: tensor([0.0598], device='cuda:1')
Thumb force: tensor([0.0463], device='cuda:1')
Likelihood: -27.397296905517578
State is out of distribution
Likelihood for thumb_middle: 0.048866309225559235
Likelihood for index: 0.6088252067565918
Current yaw: tensor([-0.0147, -0.0152, -0.4428], device='cuda:1')
2 index
