Importing module 'gym_38' (/home/abhinav/Documents/isaacgym/python/isaacgym/_bindings/linux-x86_64/gym_38.so)
Setting GYM_USD_PLUG_INFO_PATH to /home/abhinav/Documents/isaacgym/python/isaacgym/_bindings/linux-x86_64/usd/plugInfo.json
PyTorch version 2.4.1+cu121
Device count 2
/home/abhinav/Documents/isaacgym/python/isaacgym/_bindings/src/gymtorch
ninja: no work to do.
No ROS install found, continuing
CCAI_PATH /home/abhinav/Documents/ccai
Not connected to PVD
Physics Engine: PhysX
Physics Device: cpu
GPU Pipeline: disabled
Using VHACD cache directory '/home/abhinav/.isaacgym/vhacd'
Found existing convex decomposition for mesh '/home/abhinav/Documents/github/isaacgym-arm-envs/isaac_victor_envs/assets/xela_models/mesh/allegro/base_ns.stl'
Found existing convex decomposition for mesh '/home/abhinav/Documents/github/isaacgym-arm-envs/isaac_victor_envs/assets/xela_models/mesh/allegro/link_1.0.stl'
Found existing convex decomposition for mesh '/home/abhinav/Documents/github/isaacgym-arm-envs/isaac_victor_envs/assets/xela_models/mesh/ft_c.stl'
[ models/temporal ] Channel dimensions: [(37, 128), (128, 256), (256, 512)]
[ models/temporal ] Channel dimensions: [(37, 128), (128, 256), (256, 512)]

Trial 201
No action perturbation this trial
Random perturbation %: 0.25
Loaded trajectory sampler
Current yaw: tensor([ 1.9562e-03,  6.2613e-03, -2.0637e+00], device='cuda:1')
Current yaw: tensor([ 1.9562e-03,  6.2613e-03, -2.0637e+00], device='cuda:1')
1 turn
Likelihood: -49.18572998046875
Sampling time 4.08051036199322
tensor([ 1.3346e-01,  5.7291e-01,  6.1302e-01,  6.5657e-01, -1.1161e-01,
         5.7606e-01,  9.0135e-01,  8.7712e-01,  1.2205e+00,  2.5335e-01,
         3.0329e-01,  1.2201e+00,  1.9562e-03,  6.2613e-03, -2.0637e+00],
       device='cuda:1')
Solve time for step 1 (global step 0) 40.64432880701497
Current ori: tensor([ 1.9562e-03,  6.2613e-03, -2.0637e+00], device='cuda:1')
Middle force: tensor([0.9021, 0.5997, 1.9863, 1.2091, 0.5215, 0.9768, 1.7334, 1.7026, 0.7688,
        0.6924, 0.5244, 0.6008], device='cuda:1')
Thumb force: tensor([1.4196, 0.9232, 1.6646, 1.7898, 1.1466, 1.0433, 1.9503, 0.9406, 1.5608,
        0.7019, 0.9806, 0.5113], device='cuda:1')
Index force: tensor([1.2395, 1.2772, 1.1822, 1.1846, 0.9054, 0.7636, 0.7442, 1.3983, 0.9720,
        0.9591, 0.9819, 0.6056], device='cuda:1')
tensor([ 0.1118,  0.6401,  0.5314,  0.5910, -0.1262,  0.5470,  0.9210,  0.9026,
         1.2526,  0.2497,  0.3317,  1.0698, -0.0176,  0.0161, -2.2081],
       device='cuda:1')
Likelihood: -61.583160400390625
Solve time for step 2 (global step 1) 10.16962741399766
Current ori: tensor([-0.0176,  0.0161, -2.2081], device='cuda:1')
Middle force: tensor([0.8547, 0.6962, 1.2206, 1.0452, 0.5839, 1.6369, 0.5999, 0.9370, 0.8218,
        1.9152, 1.1401], device='cuda:1')
Thumb force: tensor([0.8225, 1.0032, 1.7176, 1.4024, 0.8518, 1.6660, 0.6740, 1.7656, 0.8424,
        1.0839, 0.9010], device='cuda:1')
Index force: tensor([0.8822, 0.8247, 0.8744, 0.7897, 0.9715, 0.7387, 0.5181, 0.5092, 0.6186,
        1.0333, 0.5208], device='cuda:1')
Applying force: tensor([[-0.3874,  1.1019,  0.0000]]) at position: (0.006, -0.019, 0.065)
tensor([ 0.1084,  0.6380,  0.5468,  0.5585, -0.1219,  0.5208,  0.9117,  0.9904,
         1.2826,  0.2481,  0.3162,  1.0282, -0.0194,  0.0177, -2.2739],
       device='cuda:1')
Likelihood: -70.046630859375
Solve time for step 3 (global step 2) 9.109143323003082
Current ori: tensor([-0.0194,  0.0177, -2.2739], device='cuda:1')
Middle force: tensor([0.6925, 1.2344, 1.0368, 0.5703, 1.5923, 0.5774, 0.8767, 0.7901, 1.8517,
        1.1035], device='cuda:1')
Thumb force: tensor([1.0054, 1.6608, 1.3696, 0.8229, 1.5836, 0.6393, 1.7010, 0.8049, 1.0608,
        0.8574], device='cuda:1')
Index force: tensor([0.7926, 0.8404, 0.7708, 0.9546, 0.7292, 0.5103, 0.5037, 0.6020, 1.0161,
        0.5134], device='cuda:1')
tensor([ 0.1020,  0.6522,  0.5397,  0.5209, -0.1238,  0.5166,  0.9061,  1.0250,
         1.3252,  0.2149,  0.3140,  0.9543, -0.0257,  0.0206, -2.3438],
       device='cuda:1')
Likelihood: -101.14431762695312
Solve time for step 4 (global step 3) 8.843974255985813
Current ori: tensor([-0.0257,  0.0206, -2.3438], device='cuda:1')
Middle force: tensor([1.2477, 1.0355, 0.5593, 1.5503, 0.5564, 0.8306, 0.7595, 1.7886, 1.0683],
       device='cuda:1')
Thumb force: tensor([1.5827, 1.3580, 0.7885, 1.5063, 0.6122, 1.6288, 0.7720, 1.0446, 0.8147],
       device='cuda:1')
Index force: tensor([0.8548, 0.7358, 0.9454, 0.7210, 0.5049, 0.5010, 0.5878, 0.9955, 0.5079],
       device='cuda:1')
tensor([ 0.1039,  0.6692,  0.5262,  0.5046, -0.1120,  0.4974,  0.9242,  1.0895,
         1.2417,  0.3885,  0.4004,  0.7969, -0.0301,  0.0183, -2.4880],
       device='cuda:1')
Likelihood: -142.27618408203125
Solve time for step 5 (global step 4) 7.390381620003609
Current ori: tensor([-0.0301,  0.0183, -2.4880], device='cuda:1')
Middle force: tensor([1.0472, 0.5533, 1.5203, 0.5424, 0.7888, 0.7353, 1.7376, 1.0323],
       device='cuda:1')
Thumb force: tensor([1.2907, 0.7709, 1.4263, 0.5832, 1.5646, 0.7379, 1.0151, 0.7760],
       device='cuda:1')
Index force: tensor([0.7416, 0.9213, 0.7187, 0.5017, 0.5002, 0.5764, 0.9812, 0.5042],
       device='cuda:1')
tensor([ 0.0990,  0.6858,  0.5047,  0.4746, -0.1115,  0.4838,  0.9318,  1.1243,
         1.3116,  0.3537,  0.3967,  0.6886, -0.0356,  0.0223, -2.6010],
       device='cuda:1')
Likelihood: -182.05712890625
State is out of distribution
Final likelihood: tensor([ -2.7806,  -3.7338,  -3.8392,  -4.0099,  -4.7495,  -4.9980,  -5.0606,
         -5.2507,  -5.7204,  -6.0220,  -6.3210,  -7.4146,  -7.5853,  -8.4372,
         -9.4398, -10.4839], device='cuda:1', grad_fn=<IndexBackward0>)
Final likelihood: tensor([ -2.7806,  -3.7338,  -3.8392,  -4.0099,  -4.7495,  -4.9980,  -5.0606,
         -5.2507,  -5.7204,  -6.0220,  -6.3210,  -7.4146,  -7.5853,  -8.4372,
         -9.4398, -10.4839], device='cuda:1', grad_fn=<IndexBackward0>)
1 mode projection succeeded
New goal: tensor([ 0.1169,  0.6233,  0.5240,  0.5922, -0.1184,  0.5462,  0.9178,  0.8432,
         1.2031,  0.3099,  0.2569,  1.2292, -0.0092,  0.0110, -2.6017],
       device='cuda:1')
tensor([[0.0005]], device='cuda:1') tensor([[0.0004]], device='cuda:1') tensor([[0.0009]], device='cuda:1')
Likelihood: -126.8510513305664
Likelihood: -172.80914306640625
{'index': 172.80914306640625, 'thumb_middle': 126.8510513305664}
Plan time: 53.11970618701889
Current yaw: tensor([-0.0357,  0.0223, -2.6017], device='cuda:1')
2 thumb_middle
tensor([ 0.0990,  0.6858,  0.5046,  0.4745, -0.1114,  0.4837,  0.9319,  1.1244,
         1.3119,  0.3537,  0.3966,  0.6882, -0.0357,  0.0223, -2.6017],
       device='cuda:1')
Solve time for step 1 (global step 5) 19.43388019199483
Current ori: tensor([-0.0357,  0.0223, -2.6017], device='cuda:1')
Index force: tensor([1.0524, 0.5783, 0.6149], device='cuda:1')
tensor([ 0.1225,  0.6927,  0.5191,  0.4802, -0.2015,  0.5044,  0.8578,  0.9544,
         1.2013,  0.3486,  0.2628,  0.8636, -0.0367,  0.0072, -2.6017],
       device='cuda:1')
Solve time for step 2 (global step 6) 5.606486588018015
Current ori: tensor([-0.0367,  0.0072, -2.6017], device='cuda:1')
Index force: tensor([0.5664, 0.6046], device='cuda:1')
tensor([ 0.1242,  0.7187,  0.4832,  0.4688, -0.2074,  0.5487,  0.8291,  0.8875,
         1.1692,  0.3769,  0.2290,  0.9719, -0.0428,  0.0061, -2.6017],
       device='cuda:1')
Solve time for step 3 (global step 7) 4.728562254022108
Current ori: tensor([-0.0428,  0.0061, -2.6017], device='cuda:1')
Index force: tensor([0.5000], device='cuda:1')
Current yaw: tensor([-0.0428,  0.0040, -2.5906], device='cuda:1')
3 turn
Likelihood: -111.21919250488281
Sampling time 3.7604986900114454
tensor([ 0.1280,  0.6997,  0.5416,  0.4020, -0.1178,  0.6325,  0.8435,  0.8782,
         1.1969,  0.4050,  0.3015,  1.0692, -0.0428,  0.0040, -2.5906],
       device='cuda:1')
Solve time for step 1 (global step 8) 36.955005689989775
Current ori: tensor([-0.0428,  0.0040, -2.5906], device='cuda:1')
Middle force: tensor([2.0813, 1.9987, 0.9985, 1.1498, 1.0487, 1.1060, 1.8042, 1.2660, 0.6495,
        1.2292, 1.2757, 1.6161], device='cuda:1')
Thumb force: tensor([3.3532, 2.3413, 2.7255, 2.0015, 1.3326, 0.5387, 1.1206, 0.8773, 1.3120,
        2.3696, 1.6349, 1.6019], device='cuda:1')
Index force: tensor([1.0696, 0.5207, 1.5520, 1.5350, 0.5112, 0.5758, 0.9138, 0.9415, 0.5400,
        0.5250, 0.6914, 0.9828], device='cuda:1')
tensor([ 0.1184,  0.7287,  0.4976,  0.3689, -0.1257,  0.5972,  0.8667,  0.9325,
         1.2807,  0.3150,  0.3016,  0.9414, -0.0486,  0.0112, -2.7561],
       device='cuda:1')
Likelihood: -121.06144714355469
Solve time for step 2 (global step 9) 9.231172774016159
Current ori: tensor([-0.0486,  0.0112, -2.7561], device='cuda:1')
Middle force: tensor([1.7120, 1.8711, 1.3727, 0.6477, 1.6045, 1.3451, 0.5942, 0.9042, 0.5607,
        1.4238, 0.5341], device='cuda:1')
Thumb force: tensor([0.7892, 1.1804, 2.6032, 1.3767, 3.5159, 1.0287, 0.6143, 0.5908, 1.8024,
        0.7645, 0.9817], device='cuda:1')
Index force: tensor([1.0069, 1.0442, 1.0820, 0.6100, 0.9073, 0.5636, 0.7325, 0.6287, 0.9813,
        0.6549, 0.6978], device='cuda:1')
tensor([ 1.3665e-01,  7.2595e-01,  5.1219e-01,  3.9910e-01, -1.1877e-01,
         5.8928e-01,  8.9777e-01,  9.6658e-01,  1.3220e+00,  2.4679e-01,
         2.4425e-01,  9.7465e-01, -4.6732e-02, -1.6953e-03, -2.8043e+00],
       device='cuda:1')
Likelihood: -122.9742660522461
Solve time for step 3 (global step 10) 8.88323490001494
Current ori: tensor([-4.6732e-02, -1.6953e-03, -2.8043e+00], device='cuda:1')
Middle force: tensor([0.6760, 0.5156, 0.8621, 1.1053, 0.7336, 0.5032, 1.4578, 0.5814, 0.6649,
        1.2016], device='cuda:1')
Thumb force: tensor([1.5466, 0.5009, 0.5007, 2.2498, 0.8997, 0.6236, 0.9797, 0.6447, 0.6932,
        1.2373], device='cuda:1')
Index force: tensor([1.0465, 0.7451, 0.8299, 0.7773, 0.5966, 0.6257, 0.8563, 0.5017, 0.5102,
        1.0704], device='cuda:1')
tensor([ 0.1397,  0.7327,  0.5060,  0.3967, -0.1144,  0.5642,  0.9348,  0.9876,
         1.2472,  0.4027,  0.3066,  0.8932, -0.0482, -0.0034, -2.8932],
       device='cuda:1')
Likelihood: -142.63877868652344
Solve time for step 4 (global step 11) 7.924336058989866
Current ori: tensor([-0.0482, -0.0034, -2.8932], device='cuda:1')
Middle force: tensor([1.4650, 0.6599, 1.5969, 1.2699, 0.5695, 0.8283, 0.5517, 1.3127, 0.5158],
       device='cuda:1')
Thumb force: tensor([2.4570, 1.2852, 3.2664, 0.9354, 0.5822, 0.5489, 1.7217, 0.7160, 0.9266],
       device='cuda:1')
Index force: tensor([1.0007, 0.5746, 0.8719, 0.5444, 0.6884, 0.5912, 0.9226, 0.6407, 0.6728],
       device='cuda:1')
tensor([ 1.3814e-01,  7.3505e-01,  5.0090e-01,  3.9291e-01, -1.1038e-01,
         5.4656e-01,  9.5455e-01,  1.0120e+00,  1.2949e+00,  3.4718e-01,
         3.1241e-01,  8.0836e-01, -5.0597e-02, -9.1136e-04, -3.0041e+00],
       device='cuda:1')
Likelihood: -175.61053466796875
State is out of distribution
Final likelihood: tensor([-2.7024, -3.2670, -3.6079, -3.8503, -4.0231, -4.0547, -4.3053, -4.3222,
        -4.4798, -4.9796, -5.6157, -5.6465, -6.0624, -6.1914, -6.3503, -7.3098],
       device='cuda:1', grad_fn=<IndexBackward0>)
Final likelihood: tensor([-2.7024, -3.2670, -3.6079, -3.8503, -4.0231, -4.0547, -4.3053, -4.3222,
        -4.4798, -4.9796, -5.6157, -5.6465, -6.0624, -6.1914, -6.3503, -7.3098],
       device='cuda:1', grad_fn=<IndexBackward0>)
1 mode projection succeeded
New goal: tensor([ 1.6017e-01,  6.4590e-01,  5.5956e-01,  5.4906e-01, -1.3004e-01,
         5.9623e-01,  8.6413e-01,  9.1303e-01,  1.2438e+00,  3.3787e-01,
         2.1921e-01,  1.1343e+00, -1.0995e-02,  7.9017e-05, -3.0042e+00],
       device='cuda:1')
tensor([[0.0009]], device='cuda:1') tensor([[0.0003]], device='cuda:1') tensor([[0.0004]], device='cuda:1')
Likelihood: -77.12751007080078
Likelihood: -223.2755126953125
{'index': 223.2755126953125, 'thumb_middle': 77.12751007080078}
Plan time: 60.544002534035826
Current yaw: tensor([-5.0443e-02, -5.7566e-04, -3.0042e+00], device='cuda:1')
4 thumb_middle
tensor([ 1.3815e-01,  7.3497e-01,  5.0101e-01,  3.9298e-01, -1.1034e-01,
         5.4779e-01,  9.5485e-01,  1.0120e+00,  1.2951e+00,  3.4668e-01,
         3.1293e-01,  8.0807e-01, -5.0443e-02, -5.7566e-04, -3.0042e+00],
       device='cuda:1')
Solve time for step 1 (global step 12) 22.48446681999485
Current ori: tensor([-5.0443e-02, -5.7566e-04, -3.0042e+00], device='cuda:1')
Index force: tensor([0.5954, 0.5936, 0.5627], device='cuda:1')
tensor([ 1.3517e-01,  6.7913e-01,  5.5442e-01,  4.8226e-01, -2.1403e-01,
         5.2809e-01,  8.4596e-01,  9.6042e-01,  1.2224e+00,  3.3118e-01,
         2.3288e-01,  8.8308e-01, -3.3095e-02,  3.3777e-04, -3.0041e+00],
       device='cuda:1')
Solve time for step 2 (global step 13) 5.558415743988007
Current ori: tensor([-3.3095e-02,  3.3777e-04, -3.0041e+00], device='cuda:1')
Index force: tensor([0.5855, 0.5576], device='cuda:1')
tensor([ 0.1337,  0.6402,  0.5783,  0.5435, -0.2366,  0.5472,  0.8464,  0.9356,
         1.2249,  0.3301,  0.1941,  0.9573, -0.0207,  0.0036, -3.0041],
       device='cuda:1')
Solve time for step 3 (global step 14) 4.900300456996774
Current ori: tensor([-0.0207,  0.0036, -3.0041], device='cuda:1')
Index force: tensor([0.5460], device='cuda:1')
Current yaw: tensor([-1.4080e-02,  2.9691e-03, -2.9971e+00], device='cuda:1')
5 turn
Likelihood: -80.78375244140625
Sampling time 3.713412267010426
tensor([ 1.3678e-01,  6.1479e-01,  6.1001e-01,  5.5601e-01, -1.4779e-01,
         6.2653e-01,  8.7607e-01,  9.4681e-01,  1.2862e+00,  3.3470e-01,
         2.4864e-01,  1.0235e+00, -1.4080e-02,  2.9691e-03, -2.9971e+00],
       device='cuda:1')
Solve time for step 1 (global step 15) 36.89611870600493
Current ori: tensor([-1.4080e-02,  2.9691e-03, -2.9971e+00], device='cuda:1')
Middle force: tensor([1.0208, 0.8019, 0.7076, 1.1896, 0.5666, 0.6984, 1.0284, 0.9275, 0.9899,
        0.5658, 1.3880, 1.1598], device='cuda:1')
Thumb force: tensor([1.2327, 0.8810, 0.9969, 1.8123, 0.9101, 0.9911, 1.6040, 1.6626, 2.1105,
        1.8487, 0.5031, 0.6807], device='cuda:1')
Index force: tensor([0.8614, 0.7970, 0.8740, 0.9145, 0.9276, 0.7918, 0.5400, 0.5536, 0.6962,
        0.5327, 0.8100, 0.6164], device='cuda:1')
tensor([ 0.1303,  0.6329,  0.5833,  0.5459, -0.1548,  0.6036,  0.8989,  0.9728,
         1.3299,  0.3046,  0.2303,  0.9796, -0.0187,  0.0056, -3.0827],
       device='cuda:1')
Likelihood: -94.61949157714844
Solve time for step 2 (global step 16) 9.10412871200242
Current ori: tensor([-0.0187,  0.0056, -3.0827], device='cuda:1')
Middle force: tensor([0.5920, 0.7432, 0.8019, 0.9610, 0.6950, 0.8413, 0.9331, 1.2811, 0.6842,
        0.7779, 1.3875], device='cuda:1')
Thumb force: tensor([1.1294, 0.6970, 1.5363, 2.4452, 0.8856, 0.5752, 0.8184, 1.1883, 0.7472,
        0.8400, 1.5622], device='cuda:1')
Index force: tensor([0.9021, 1.1163, 0.5006, 0.8445, 0.5511, 0.5813, 0.7732, 0.6409, 0.8262,
        0.8204, 0.5448], device='cuda:1')
tensor([ 0.1325,  0.6431,  0.5607,  0.5673, -0.1550,  0.6076,  0.8759,  1.0263,
         1.3544,  0.2956,  0.2012,  0.9830, -0.0196,  0.0045, -3.1179],
       device='cuda:1')
Likelihood: -103.26846313476562
Solve time for step 3 (global step 17) 8.818686446000356
Current ori: tensor([-0.0196,  0.0045, -3.1179], device='cuda:1')
Middle force: tensor([0.9003, 0.7915, 0.9526, 0.6778, 0.8179, 0.8913, 1.2271, 0.6540, 0.7557,
        1.3298], device='cuda:1')
Thumb force: tensor([0.7316, 1.4793, 2.3344, 0.8588, 0.5577, 0.7972, 1.1626, 0.7306, 0.7893,
        1.4955], device='cuda:1')
Index force: tensor([1.0076, 0.5000, 0.8094, 0.5405, 0.5740, 0.7573, 0.6331, 0.8039, 0.7839,
        0.5398], device='cuda:1')
tensor([ 0.1214,  0.6374,  0.5526,  0.5765, -0.1561,  0.6636,  0.8121,  0.9531,
         1.3884,  0.2557,  0.1338,  1.0899, -0.0191,  0.0104, -3.0058],
       device='cuda:1')
Likelihood: -111.76643371582031
Solve time for step 4 (global step 18) 7.9645694170030765
Current ori: tensor([-0.0191,  0.0104, -3.0058], device='cuda:1')
Middle force: tensor([0.8295, 0.9546, 0.6774, 0.7944, 0.8682, 1.1830, 0.6364, 0.7439, 1.2598],
       device='cuda:1')
Thumb force: tensor([1.4745, 2.2701, 0.8371, 0.5493, 0.7701, 1.1330, 0.7092, 0.7439, 1.4536],
       device='cuda:1')
Index force: tensor([0.5012, 0.7840, 0.5334, 0.5663, 0.7454, 0.6225, 0.7849, 0.7541, 0.5353],
       device='cuda:1')
tensor([ 0.1083,  0.6175,  0.5640,  0.5818, -0.1595,  0.7164,  0.7613,  0.8547,
         1.3993,  0.2616,  0.0661,  1.2171, -0.0201,  0.0159, -2.9067],
       device='cuda:1')
Likelihood: -100.87132263183594
Solve time for step 5 (global step 19) 8.346276721014874
Current ori: tensor([-0.0201,  0.0159, -2.9067], device='cuda:1')
Middle force: tensor([0.9911, 0.7359, 0.8043, 0.8831, 1.1617, 0.6294, 0.7386, 1.2025],
       device='cuda:1')
Thumb force: tensor([2.2124, 0.8489, 0.5564, 0.7715, 1.1065, 0.6853, 0.7031, 1.4177],
       device='cuda:1')
Index force: tensor([0.7784, 0.5334, 0.5560, 0.7347, 0.6107, 0.7695, 0.7334, 0.5320],
       device='cuda:1')
tensor([ 0.0853,  0.6116,  0.5491,  0.5816, -0.1562,  0.7872,  0.6886,  0.7476,
         1.3220,  0.4555,  0.0783,  1.2901, -0.0196,  0.0268, -2.7750],
       device='cuda:1')
Likelihood: -137.1953582763672
Solve time for step 6 (global step 20) 8.035779219993856
Current ori: tensor([-0.0196,  0.0268, -2.7750], device='cuda:1')
Middle force: tensor([0.7813, 0.8025, 0.9390, 1.1538, 0.6254, 0.7229, 1.1457],
       device='cuda:1')
Thumb force: tensor([0.8609, 0.5833, 0.8017, 1.1075, 0.6685, 0.6748, 1.3742],
       device='cuda:1')
Index force: tensor([0.5303, 0.5497, 0.7500, 0.6066, 0.7509, 0.7185, 0.5293],
       device='cuda:1')
tensor([ 0.0715,  0.6244,  0.5282,  0.5606, -0.1547,  0.8454,  0.6187,  0.6751,
         1.3059,  0.4873,  0.0720,  1.3438, -0.0244,  0.0332, -2.6652],
       device='cuda:1')
Likelihood: -162.10910034179688
State is out of distribution
Final likelihood: tensor([ -3.1557,  -3.7435,  -4.0698,  -4.5296,  -4.6049,  -5.5514,  -6.0907,
         -6.3209,  -6.4749,  -6.6878,  -7.3512,  -7.4930,  -7.6154,  -8.1233,
         -8.2149, -12.1386], device='cuda:1', grad_fn=<IndexBackward0>)
Final likelihood: tensor([ -3.1557,  -3.7435,  -4.0698,  -4.5296,  -4.6049,  -5.5514,  -6.0907,
         -6.3209,  -6.4749,  -6.6878,  -7.3512,  -7.4930,  -7.6154,  -8.1233,
         -8.2149, -12.1386], device='cuda:1', grad_fn=<IndexBackward0>)
1 mode projection succeeded
New goal: tensor([ 0.1160,  0.6192,  0.5239,  0.6023, -0.1237,  0.5496,  0.9085,  0.8852,
         1.2824,  0.2866,  0.1801,  1.1911, -0.0058,  0.0102, -2.6649],
       device='cuda:1')
tensor([[0.0005]], device='cuda:1') tensor([[0.0004]], device='cuda:1') tensor([[0.0010]], device='cuda:1')
Likelihood: -135.87716674804688
Likelihood: -153.02635192871094
{'index': 153.02635192871094, 'thumb_middle': 135.87716674804688}
Plan time: 52.85291490401141
Current yaw: tensor([-0.0244,  0.0330, -2.6649], device='cuda:1')
6 thumb_middle
tensor([ 0.0710,  0.6242,  0.5281,  0.5606, -0.1544,  0.8458,  0.6186,  0.6749,
         1.3059,  0.4872,  0.0717,  1.3439, -0.0244,  0.0330, -2.6649],
       device='cuda:1')
Solve time for step 1 (global step 21) 19.795264561020304
Current ori: tensor([-0.0244,  0.0330, -2.6649], device='cuda:1')
Index force: tensor([1.4973, 0.6612, 0.5000], device='cuda:1')
tensor([ 0.1115,  0.6200,  0.5511,  0.6082, -0.2203,  0.7009,  0.7036,  0.7563,
         1.2071,  0.4040,  0.0638,  1.2395, -0.0200,  0.0098, -2.6649],
       device='cuda:1')
Solve time for step 2 (global step 22) 4.960932814981788
Current ori: tensor([-0.0200,  0.0098, -2.6649], device='cuda:1')
Index force: tensor([0.6086, 0.6120], device='cuda:1')
tensor([ 0.1153,  0.6456,  0.5300,  0.5870, -0.2230,  0.6683,  0.7392,  0.7779,
         1.2133,  0.3524,  0.0874,  1.1822, -0.0273,  0.0063, -2.6649],
       device='cuda:1')
Solve time for step 3 (global step 23) 5.126579781994224
Current ori: tensor([-0.0273,  0.0063, -2.6649], device='cuda:1')
Index force: tensor([0.5935], device='cuda:1')
Current yaw: tensor([-0.0363,  0.0046, -2.6837], device='cuda:1')
7 turn
Likelihood: -101.6916275024414
Sampling time 3.7646740500058513
tensor([ 0.1150,  0.6759,  0.5050,  0.5527, -0.1352,  0.6965,  0.8040,  0.8206,
         1.2996,  0.3377,  0.1838,  1.1144, -0.0363,  0.0046, -2.6837],
       device='cuda:1')
Solve time for step 1 (global step 24) 36.92276040901197
Current ori: tensor([-0.0363,  0.0046, -2.6837], device='cuda:1')
Middle force: tensor([0.5190, 3.2854, 0.8604, 1.8565, 1.9564, 2.4117, 0.7896, 0.7590, 0.8902,
        0.7446, 0.5914, 1.0863], device='cuda:1')
Thumb force: tensor([2.1854, 3.2657, 0.8792, 1.4871, 1.9233, 2.2888, 1.1362, 0.6183, 0.8625,
        1.2572, 0.8899, 1.2123], device='cuda:1')
Index force: tensor([0.8657, 0.5842, 1.2188, 0.6855, 0.6884, 0.6577, 0.5205, 0.5310, 0.7346,
        0.6410, 0.9363, 0.5712], device='cuda:1')
tensor([ 0.1218,  0.6298,  0.5508,  0.6027, -0.1511,  0.7123,  0.8212,  0.8021,
         1.2677,  0.4137,  0.1597,  1.2051, -0.0226,  0.0035, -2.7055],
       device='cuda:1')
Likelihood: -113.46099090576172
Solve time for step 2 (global step 25) 9.196796286996687
Current ori: tensor([-0.0226,  0.0035, -2.7055], device='cuda:1')
Middle force: tensor([3.2583, 0.8429, 1.7804, 1.8843, 2.3156, 0.7569, 0.7234, 0.8377, 0.7138,
        0.5811, 1.0443], device='cuda:1')
Thumb force: tensor([3.1349, 0.8505, 1.4615, 1.8992, 2.2131, 1.0777, 0.5942, 0.8295, 1.2261,
        0.8748, 1.1667], device='cuda:1')
Index force: tensor([0.5651, 1.1859, 0.6560, 0.6673, 0.6447, 0.5126, 0.5239, 0.7069, 0.6244,
        0.9029, 0.5623], device='cuda:1')
tensor([ 0.1117,  0.6207,  0.5494,  0.6091, -0.1687,  0.6429,  0.8898,  0.8918,
         1.3300,  0.3659,  0.1483,  1.1210, -0.0194,  0.0097, -2.8745],
       device='cuda:1')
Likelihood: -103.70956420898438
Solve time for step 3 (global step 26) 8.279866822995245
Current ori: tensor([-0.0194,  0.0097, -2.8745], device='cuda:1')
Middle force: tensor([0.8997, 1.7564, 1.8175, 2.2289, 0.7248, 0.6902, 0.8010, 0.6884, 0.5766,
        1.0015], device='cuda:1')
Thumb force: tensor([0.7880, 1.4038, 1.8992, 2.1272, 1.0246, 0.5688, 0.7784, 1.1885, 0.8411,
        1.1263], device='cuda:1')
Index force: tensor([1.1552, 0.6207, 0.6386, 0.6346, 0.5062, 0.5176, 0.6870, 0.6088, 0.8773,
        0.5529], device='cuda:1')
tensor([ 0.1116,  0.6135,  0.5565,  0.6150, -0.1751,  0.6224,  0.9039,  0.9439,
         1.3259,  0.4015,  0.1601,  1.0823, -0.0173,  0.0097, -2.9494],
       device='cuda:1')
Likelihood: -88.96117401123047
Solve time for step 4 (global step 27) 8.024401827016845
Current ori: tensor([-0.0173,  0.0097, -2.9494], device='cuda:1')
Middle force: tensor([1.8137, 1.7968, 2.1556, 0.7005, 0.6647, 0.7788, 0.6669, 0.5609, 0.9671],
       device='cuda:1')
Thumb force: tensor([1.4291, 1.8926, 2.0536, 0.9784, 0.5506, 0.7319, 1.1578, 0.8150, 1.0922],
       device='cuda:1')
Index force: tensor([0.6076, 0.6128, 0.6308, 0.5028, 0.5135, 0.6710, 0.5973, 0.8696, 0.5459],
       device='cuda:1')
tensor([ 0.1049,  0.6237,  0.5494,  0.5881, -0.1644,  0.7134,  0.8352,  0.7947,
         1.2971,  0.4075,  0.1096,  1.2479, -0.0239,  0.0066, -2.7723],
       device='cuda:1')
Likelihood: -119.58041381835938
Solve time for step 5 (global step 28) 8.460200858011376
Current ori: tensor([-0.0239,  0.0066, -2.7723], device='cuda:1')
Middle force: tensor([1.8066, 2.1463, 0.6922, 0.6500, 0.7598, 0.6502, 0.5622, 0.9386],
       device='cuda:1')
Thumb force: tensor([1.9411, 2.0488, 0.9427, 0.5399, 0.6983, 1.1269, 0.7906, 1.0634],
       device='cuda:1')
Index force: tensor([0.6030, 0.6651, 0.5012, 0.5103, 0.6582, 0.5870, 0.8393, 0.5407],
       device='cuda:1')
tensor([ 0.0980,  0.6422,  0.5362,  0.5499, -0.1519,  0.7989,  0.7672,  0.6527,
         1.3214,  0.3474,  0.0472,  1.3472, -0.0322,  0.0052, -2.5931],
       device='cuda:1')
Likelihood: -148.86952209472656
Solve time for step 6 (global step 29) 7.890867384994635
Current ori: tensor([-0.0322,  0.0052, -2.5931], device='cuda:1')
Middle force: tensor([2.0380, 0.7392, 0.6536, 0.7839, 0.6523, 0.5470, 0.9087],
       device='cuda:1')
Thumb force: tensor([2.0009, 0.9296, 0.5410, 0.6828, 1.0978, 0.7932, 1.0450],
       device='cuda:1')
Index force: tensor([0.6753, 0.5010, 0.5071, 0.6515, 0.5803, 0.8293, 0.5374],
       device='cuda:1')
tensor([ 0.0829,  0.6406,  0.5272,  0.5418, -0.1466,  0.8439,  0.7095,  0.5906,
         1.3034,  0.3743,  0.0563,  1.4017, -0.0327,  0.0143, -2.4864],
       device='cuda:1')
Likelihood: -180.0988006591797
State is out of distribution
Final likelihood: tensor([-4.0923, -4.2963, -4.3130, -4.6844, -4.8799, -5.0348, -5.0360, -5.2200,
        -5.7117, -5.9664, -6.0542, -6.2931, -6.7843, -7.1505, -7.1888, -9.8231],
       device='cuda:1', grad_fn=<IndexBackward0>)
Final likelihood: tensor([-4.0923, -4.2963, -4.3130, -4.6844, -4.8799, -5.0348, -5.0360, -5.2200,
        -5.7117, -5.9664, -6.0542, -6.2931, -6.7843, -7.1505, -7.1888, -9.8231],
       device='cuda:1', grad_fn=<IndexBackward0>)
1 mode projection succeeded
New goal: tensor([ 0.1492,  0.5985,  0.6082,  0.5584, -0.1198,  0.5613,  0.8866,  0.8860,
         1.2652,  0.3318,  0.1707,  1.2034, -0.0157,  0.0115, -2.4868],
       device='cuda:1')
tensor([[0.0009]], device='cuda:1') tensor([[0.0002]], device='cuda:1') tensor([[0.0006]], device='cuda:1')
Likelihood: -135.59715270996094
Likelihood: -118.75228881835938
{'index': 118.75228881835938, 'thumb_middle': 135.59715270996094}
Plan time: 52.7318079280376
Current yaw: tensor([-0.0326,  0.0143, -2.4868], device='cuda:1')
8 index
tensor([ 0.0825,  0.6404,  0.5271,  0.5418, -0.1462,  0.8439,  0.7092,  0.5904,
         1.3035,  0.3743,  0.0560,  1.4019, -0.0326,  0.0143, -2.4868],
       device='cuda:1')
Solve time for step 1 (global step 30) 23.459986348985694
Current ori: tensor([-0.0326,  0.0143, -2.4868], device='cuda:1')
Middle force: tensor([0.5879, 0.5386, 0.5242], device='cuda:1')
Thumb force: tensor([0.6035, 0.5946, 0.5661], device='cuda:1')
tensor([ 0.1781,  0.5476,  0.5200,  0.5420, -0.1620,  0.8490,  0.7082,  0.6262,
         1.2874,  0.3990,  0.0748,  1.3879, -0.0342,  0.0153, -2.4892],
       device='cuda:1')
Solve time for step 2 (global step 31) 6.215547305007931
Current ori: tensor([-0.0342,  0.0153, -2.4892], device='cuda:1')
Middle force: tensor([0.5360, 0.5220], device='cuda:1')
Thumb force: tensor([0.5871, 0.5599], device='cuda:1')
tensor([ 0.1774,  0.5134,  0.5485,  0.5738, -0.1657,  0.8356,  0.7202,  0.6432,
         1.2923,  0.3918,  0.0740,  1.3931, -0.0290,  0.0175, -2.5005],
       device='cuda:1')
Solve time for step 3 (global step 32) 6.052790953021031
Current ori: tensor([-0.0290,  0.0175, -2.5005], device='cuda:1')
Middle force: tensor([0.5191], device='cuda:1')
Thumb force: tensor([0.5534], device='cuda:1')
Current yaw: tensor([-0.0315,  0.0189, -2.5053], device='cuda:1')
9 turn
Likelihood: -122.5514907836914
Sampling time 3.751916600012919
tensor([ 0.1282,  0.5582,  0.6369,  0.6337, -0.1769,  0.8413,  0.7244,  0.6468,
         1.3087,  0.3800,  0.0538,  1.4034, -0.0315,  0.0189, -2.5053],
       device='cuda:1')
Solve time for step 1 (global step 33) 37.44312910697772
Current ori: tensor([-0.0315,  0.0189, -2.5053], device='cuda:1')
Middle force: tensor([0.5236, 3.2954, 0.8415, 1.9181, 1.8696, 0.9372, 0.7709, 0.9540, 1.0538,
        1.0636, 0.6273, 1.3947], device='cuda:1')
Thumb force: tensor([2.3019, 3.3931, 1.0009, 1.4594, 1.9753, 1.4179, 0.7039, 0.7601, 1.8785,
        0.6324, 1.0345, 1.7086], device='cuda:1')
Index force: tensor([0.9070, 0.5843, 1.2360, 0.7359, 0.6720, 0.7386, 0.6580, 0.5923, 1.2436,
        0.9806, 1.0400, 0.5429], device='cuda:1')
tensor([ 0.1340,  0.5668,  0.6248,  0.6469, -0.1915,  0.8593,  0.7289,  0.6327,
         1.2786,  0.4703,  0.0631,  1.4061, -0.0269,  0.0198, -2.5465],
       device='cuda:1')
Likelihood: -128.62026977539062
Solve time for step 2 (global step 34) 9.251434042991605
Current ori: tensor([-0.0269,  0.0198, -2.5465], device='cuda:1')
Middle force: tensor([3.2684, 0.8346, 1.8289, 1.7834, 0.9188, 0.7474, 0.9266, 1.0049, 1.0325,
        0.6161, 1.3641], device='cuda:1')
Thumb force: tensor([3.2841, 1.0126, 1.3928, 1.9643, 1.3535, 0.6857, 0.7316, 1.8220, 0.6139,
        1.0134, 1.6635], device='cuda:1')
Index force: tensor([0.5869, 1.1984, 0.7068, 0.6419, 0.7248, 0.6419, 0.5799, 1.1996, 0.9496,
        0.9992, 0.5369], device='cuda:1')
tensor([ 0.1451,  0.5824,  0.6162,  0.6432, -0.2244,  0.7500,  0.8375,  0.7942,
         1.3410,  0.4354,  0.0532,  1.3030, -0.0037,  0.0217, -2.7954],
       device='cuda:1')
Likelihood: -117.55866241455078
Solve time for step 3 (global step 35) 8.18564234499354
Current ori: tensor([-0.0037,  0.0217, -2.7954], device='cuda:1')
Middle force: tensor([0.8657, 1.8415, 1.7547, 0.9005, 0.7243, 0.8982, 0.9649, 1.0033, 0.6210,
        1.3362], device='cuda:1')
Thumb force: tensor([1.0310, 1.3999, 1.8946, 1.2840, 0.6650, 0.7058, 1.7500, 0.5953, 0.9526,
        1.6180], device='cuda:1')
Index force: tensor([1.1659, 0.6859, 0.6265, 0.7183, 0.6271, 0.5672, 1.1680, 0.9138, 0.9631,
        0.5298], device='cuda:1')
tensor([ 1.3283e-01,  6.0384e-01,  5.8480e-01,  6.2197e-01, -2.4018e-01,
         7.1278e-01,  8.7769e-01,  8.5530e-01,  1.3256e+00,  4.9375e-01,
         9.6461e-02,  1.2293e+00, -2.2540e-03,  2.4999e-02, -2.8952e+00],
       device='cuda:1')
Likelihood: -109.95205688476562
Solve time for step 4 (global step 36) 8.653802726010326
Current ori: tensor([-2.2540e-03,  2.4999e-02, -2.8952e+00], device='cuda:1')
Middle force: tensor([1.9130, 1.7418, 0.9006, 0.7054, 0.8759, 0.9267, 0.9753, 0.6382, 1.3138],
       device='cuda:1')
Thumb force: tensor([1.4600, 1.8743, 1.2150, 0.6471, 0.6809, 1.6743, 0.5772, 0.8733, 1.5745],
       device='cuda:1')
Index force: tensor([0.6690, 0.6012, 0.7181, 0.6096, 0.5545, 1.1402, 0.8803, 0.9305, 0.5231],
       device='cuda:1')
Applying force: tensor([[-1.6353, -0.1926,  0.0000]]) at position: (0.020, 0.002, 0.073)
tensor([ 0.1091,  0.5801,  0.5892,  0.6304, -0.2273,  0.8127,  0.7661,  0.7016,
         1.2963,  0.5103,  0.0669,  1.3724, -0.0243,  0.0352, -2.7064],
       device='cuda:1')
Likelihood: -138.68629455566406
Solve time for step 5 (global step 37) 8.375963668018812
Current ori: tensor([-0.0243,  0.0352, -2.7064], device='cuda:1')
Middle force: tensor([0.5087, 0.5058, 0.5011, 0.8968, 0.5478, 0.7884, 1.2973, 0.5000],
       device='cuda:1')
Thumb force: tensor([0.7776, 1.7545, 0.7305, 0.8346, 0.5004, 0.6594, 0.5504, 0.7288],
       device='cuda:1')
Index force: tensor([1.0841, 0.5693, 0.5610, 0.5032, 0.5013, 0.5014, 0.6975, 0.8527],
       device='cuda:1')
tensor([ 0.1091,  0.6030,  0.5796,  0.5877, -0.2339,  0.8066,  0.7556,  0.7512,
         1.3197,  0.5061,  0.0554,  1.3330, -0.0283,  0.0359, -2.7833],
       device='cuda:1')
Likelihood: -136.60133361816406
Solve time for step 6 (global step 38) 7.947962937003467
Current ori: tensor([-0.0283,  0.0359, -2.7833], device='cuda:1')
Middle force: tensor([1.3501, 0.9665, 0.9708, 1.3015, 0.7884, 0.9699, 0.5154],
       device='cuda:1')
Thumb force: tensor([1.3810, 1.4326, 1.4817, 0.5516, 0.5041, 1.9819, 1.0424],
       device='cuda:1')
Index force: tensor([0.5224, 0.5094, 0.5742, 0.7041, 0.5644, 0.5240, 0.5043],
       device='cuda:1')
tensor([ 0.0790,  0.6079,  0.5624,  0.5516, -0.2080,  0.9217,  0.6473,  0.5810,
         1.2794,  0.5420,  0.0564,  1.4128, -0.0441,  0.0347, -2.5893],
       device='cuda:1')
Likelihood: -175.75738525390625
State is out of distribution
Final likelihood: tensor([-2.2547, -2.9675, -2.9677, -3.1260, -4.2184, -5.1216, -5.6048, -5.6174,
        -5.6189, -5.8188, -5.9105, -6.3088, -6.4224, -6.6999, -7.1884, -8.6710],
       device='cuda:1', grad_fn=<IndexBackward0>)
Final likelihood: tensor([-2.2547, -2.9675, -2.9677, -3.1260, -4.2184, -5.1216, -5.6048, -5.6174,
        -5.6189, -5.8188, -5.9105, -6.3088, -6.4224, -6.6999, -7.1884, -8.6710],
       device='cuda:1', grad_fn=<IndexBackward0>)
1 mode projection succeeded
New goal: tensor([ 0.1342,  0.6204,  0.5366,  0.6071, -0.1190,  0.5917,  0.8568,  0.8459,
         1.2103,  0.3129,  0.2486,  1.2183,  0.0048,  0.0139, -2.5888],
       device='cuda:1')
tensor([[0.0010]], device='cuda:1') tensor([[0.0002]], device='cuda:1') tensor([[0.0003]], device='cuda:1')
Likelihood: -121.90916442871094
Likelihood: -201.2443084716797
{'index': 201.2443084716797, 'thumb_middle': 121.90916442871094}
Plan time: 52.10942433497985
Current yaw: tensor([-0.0442,  0.0347, -2.5888], device='cuda:1')
10 thumb_middle
tensor([ 0.0785,  0.6076,  0.5623,  0.5515, -0.2075,  0.9224,  0.6473,  0.5807,
         1.2794,  0.5420,  0.0565,  1.4131, -0.0442,  0.0347, -2.5888],
       device='cuda:1')
Solve time for step 1 (global step 39) 21.253775610995945
Current ori: tensor([-0.0442,  0.0347, -2.5888], device='cuda:1')
Index force: tensor([1.6853, 0.6553, 0.6666], device='cuda:1')
tensor([ 0.1178,  0.6211,  0.5764,  0.5669, -0.2351,  0.7869,  0.6809,  0.6194,
         1.1934,  0.4112,  0.0892,  1.2004, -0.0462,  0.0096, -2.5888],
       device='cuda:1')
Solve time for step 2 (global step 40) 5.484972766018473
Current ori: tensor([-0.0462,  0.0096, -2.5888], device='cuda:1')
Index force: tensor([0.6371, 0.6527], device='cuda:1')
tensor([ 0.1206,  0.6377,  0.5693,  0.5409, -0.2217,  0.7336,  0.6996,  0.6812,
         1.1682,  0.3653,  0.1802,  1.0799, -0.0518,  0.0071, -2.5888],
       device='cuda:1')
Solve time for step 3 (global step 41) 4.813836778019322
Current ori: tensor([-0.0518,  0.0071, -2.5888], device='cuda:1')
Index force: tensor([0.6244], device='cuda:1')
Current yaw: tensor([-6.0629e-02,  2.4914e-03, -2.6028e+00], device='cuda:1')
11 turn
Likelihood: -146.52438354492188
Sampling time 3.7873140920128208
tensor([ 1.2726e-01,  6.7002e-01,  5.3870e-01,  5.1014e-01, -1.3135e-01,
         7.7611e-01,  7.5161e-01,  6.8275e-01,  1.2337e+00,  3.8065e-01,
         2.9417e-01,  9.8875e-01, -6.0629e-02,  2.4914e-03, -2.6028e+00],
       device='cuda:1')
Solve time for step 1 (global step 42) 37.11618128998089
Current ori: tensor([-6.0629e-02,  2.4914e-03, -2.6028e+00], device='cuda:1')
Middle force: tensor([0.9043, 1.4464, 0.6046, 0.7674, 0.5023, 1.5202, 1.0904, 0.6501, 1.0126,
        0.7514, 0.6929, 0.6084], device='cuda:1')
Thumb force: tensor([1.1344, 2.2182, 1.9435, 1.0417, 1.1572, 2.1777, 1.6495, 0.6070, 1.5317,
        0.8609, 1.0422, 0.7751], device='cuda:1')
Index force: tensor([0.7637, 0.5886, 0.5818, 0.6770, 1.3206, 0.5508, 0.8192, 0.5209, 0.6062,
        0.5629, 0.6518, 0.7048], device='cuda:1')
tensor([ 1.2356e-01,  6.5649e-01,  5.4029e-01,  5.5320e-01, -1.3380e-01,
         7.4228e-01,  7.7397e-01,  7.5537e-01,  1.2819e+00,  3.4674e-01,
         2.6194e-01,  9.5561e-01, -5.4787e-02,  2.3464e-03, -2.7125e+00],
       device='cuda:1')
Likelihood: -124.60760498046875
Solve time for step 2 (global step 43) 8.747113388992148
Current ori: tensor([-5.4787e-02,  2.3464e-03, -2.7125e+00], device='cuda:1')
Middle force: tensor([1.4156, 0.6281, 0.7509, 0.5011, 1.4111, 1.0188, 0.6260, 0.9815, 0.7150,
        0.6974, 0.5715], device='cuda:1')
Thumb force: tensor([2.0221, 1.7916, 0.9525, 1.0950, 2.0204, 1.5152, 0.5656, 1.4450, 0.8168,
        0.5314, 0.6695], device='cuda:1')
Index force: tensor([0.6003, 0.5624, 0.6399, 1.3001, 0.5415, 0.7723, 0.5209, 0.5927, 0.5426,
        0.5001, 0.6528], device='cuda:1')
Applying force: tensor([[1.0165, 1.0543, 0.0000]]) at position: (-0.014, -0.015, 0.076)
tensor([ 1.3698e-01,  6.6823e-01,  5.3383e-01,  5.6178e-01, -1.3059e-01,
         6.8428e-01,  8.2840e-01,  8.4774e-01,  1.3370e+00,  2.9735e-01,
         2.6270e-01,  8.3602e-01, -5.4025e-02, -2.2636e-03, -2.9392e+00],
       device='cuda:1')
Likelihood: -115.61588287353516
Solve time for step 3 (global step 44) 8.26915911299875
Current ori: tensor([-5.4025e-02, -2.2636e-03, -2.9392e+00], device='cuda:1')
Middle force: tensor([1.4677, 0.5037, 0.6910, 0.8308, 0.5910, 0.9905, 1.0534, 0.6388, 1.1823,
        1.2956], device='cuda:1')
Thumb force: tensor([1.4274, 1.6265, 1.4745, 1.2085, 1.1484, 0.7673, 1.7367, 0.6026, 0.7804,
        1.5177], device='cuda:1')
Index force: tensor([0.7342, 0.5919, 0.6229, 0.9513, 0.6333, 1.0452, 0.8937, 0.5058, 0.7178,
        0.7652], device='cuda:1')
Applying force: tensor([[0.3280, 1.1405, 0.0000]]) at position: (-0.005, -0.019, 0.087)
tensor([ 0.1137,  0.6570,  0.5335,  0.5442, -0.1404,  0.7689,  0.7412,  0.7226,
         1.3572,  0.2459,  0.1649,  1.0790, -0.0517,  0.0081, -2.7320],
       device='cuda:1')
Likelihood: -122.20307922363281
Solve time for step 4 (global step 45) 8.47319906699704
Current ori: tensor([-0.0517,  0.0081, -2.7320], device='cuda:1')
Middle force: tensor([0.9827, 0.5023, 1.3780, 1.0315, 0.5972, 0.9007, 0.6742, 0.6421, 0.5650],
       device='cuda:1')
Thumb force: tensor([0.9239, 0.8650, 1.8290, 1.2766, 0.5378, 1.2855, 0.7412, 0.9519, 0.6555],
       device='cuda:1')
Index force: tensor([0.6598, 1.3002, 0.5342, 0.7466, 0.5090, 0.5629, 0.5410, 0.6054, 0.6624],
       device='cuda:1')
tensor([ 0.0960,  0.6822,  0.4890,  0.4981, -0.1467,  0.8220,  0.6711,  0.6723,
         1.3270,  0.2930,  0.1946,  1.0826, -0.0622,  0.0179, -2.6459],
       device='cuda:1')
Likelihood: -141.52346801757812
Solve time for step 5 (global step 46) 8.215793948998908
Current ori: tensor([-0.0622,  0.0179, -2.6459], device='cuda:1')
Middle force: tensor([0.5090, 1.2902, 1.0087, 0.5991, 0.8790, 0.6393, 0.6315, 0.5410],
       device='cuda:1')
Thumb force: tensor([0.8635, 1.7040, 1.2032, 0.5172, 1.2569, 0.7317, 0.5076, 0.5811],
       device='cuda:1')
Index force: tensor([1.2723, 0.5435, 0.7407, 0.5127, 0.5538, 0.5238, 0.5003, 0.6179],
       device='cuda:1')
tensor([ 0.1169,  0.6811,  0.5043,  0.5298, -0.1510,  0.7660,  0.7444,  0.7830,
         1.3293,  0.2935,  0.2068,  1.0087, -0.0579,  0.0068, -2.7388],
       device='cuda:1')
Likelihood: -128.60992431640625
Solve time for step 6 (global step 47) 7.559526879020268
Current ori: tensor([-0.0579,  0.0068, -2.7388], device='cuda:1')
Middle force: tensor([0.9922, 0.7124, 1.0058, 0.5046, 1.1329, 0.9078, 0.5405],
       device='cuda:1')
Thumb force: tensor([1.8135, 0.5004, 1.2058, 0.9465, 1.1152, 1.3392, 0.9076],
       device='cuda:1')
Index force: tensor([0.9847, 0.5252, 0.6950, 0.5482, 1.0507, 1.2523, 0.8127],
       device='cuda:1')
tensor([ 0.1132,  0.6458,  0.5244,  0.5918, -0.1567,  0.7177,  0.7962,  0.8315,
         1.2442,  0.4771,  0.2864,  0.9388, -0.0486,  0.0086, -2.8379],
       device='cuda:1')
Likelihood: -117.07267761230469
Solve time for step 7 (global step 48) 7.501259540003957
Current ori: tensor([-0.0486,  0.0086, -2.8379], device='cuda:1')
Middle force: tensor([0.5059, 1.3798, 0.5008, 0.5000, 0.5013, 1.1281], device='cuda:1')
Thumb force: tensor([1.5518, 1.0261, 1.0164, 0.5011, 0.5000, 0.6232], device='cuda:1')
Index force: tensor([0.8406, 0.6143, 1.1169, 0.5000, 0.5000, 0.5310], device='cuda:1')
Applying force: tensor([[-0.4904,  1.2765,  0.0000]]) at position: (0.007, -0.019, 0.075)
tensor([ 0.1142,  0.6364,  0.5562,  0.5523, -0.1892,  0.6700,  0.8359,  0.8442,
         1.3027,  0.4976,  0.2852,  0.8900, -0.0266,  0.0329, -2.7762],
       device='cuda:1')
Likelihood: -123.56533813476562
Solve time for step 8 (global step 49) 7.415869330987334
Current ori: tensor([-0.0266,  0.0329, -2.7762], device='cuda:1')
Middle force: tensor([0.5194, 0.7915, 0.9851, 0.6110, 0.5502], device='cuda:1')
Thumb force: tensor([0.8865, 1.1306, 0.5548, 1.1800, 0.5854], device='cuda:1')
Index force: tensor([0.5353, 0.6142, 0.5525, 0.5299, 0.6214], device='cuda:1')
Applying force: tensor([[0.1822, 0.9712, 0.0000]]) at position: (-0.004, -0.020, 0.093)
tensor([ 0.1274,  0.6186,  0.5726,  0.5956, -0.1797,  0.7075,  0.7912,  0.8259,
         1.2910,  0.5077,  0.2301,  1.0085, -0.0200,  0.0263, -2.6470],
       device='cuda:1')
Likelihood: -106.74793243408203
Solve time for step 9 (global step 50) 7.159957163006766
Current ori: tensor([-0.0200,  0.0263, -2.6470], device='cuda:1')
Middle force: tensor([0.7739, 0.9721, 0.6040, 0.5381], device='cuda:1')
Thumb force: tensor([1.1004, 0.5474, 1.1516, 0.5872], device='cuda:1')
Index force: tensor([0.6066, 0.5486, 0.5257, 0.6157], device='cuda:1')
tensor([ 0.1357,  0.6353,  0.5616,  0.5896, -0.1743,  0.6716,  0.8242,  0.9027,
         1.3108,  0.4895,  0.2368,  0.9417, -0.0211,  0.0195, -2.7594],
       device='cuda:1')
Likelihood: -105.13597106933594
Solve time for step 10 (global step 51) 6.411667373002274
Current ori: tensor([-0.0211,  0.0195, -2.7594], device='cuda:1')
Middle force: tensor([1.0557, 0.8552, 0.5257], device='cuda:1')
Thumb force: tensor([1.0176, 1.2886, 0.8715], device='cuda:1')
Index force: tensor([1.0595, 1.1089, 0.7646], device='cuda:1')
tensor([ 0.1389,  0.6797,  0.5190,  0.5599, -0.1763,  0.6386,  0.8680,  0.9580,
         1.3644,  0.4286,  0.2348,  0.8537, -0.0239,  0.0125, -2.8704],
       device='cuda:1')
Likelihood: -116.02197265625
Solve time for step 11 (global step 52) 6.447084971005097
Current ori: tensor([-0.0239,  0.0125, -2.8704], device='cuda:1')
Middle force: tensor([0.8674, 0.5251], device='cuda:1')
Thumb force: tensor([1.2565, 0.8495], device='cuda:1')
Index force: tensor([1.0851, 0.7589], device='cuda:1')
Applying force: tensor([[-1.5669,  0.4298,  0.0000]]) at position: (0.019, -0.005, 0.058)
tensor([ 0.1292,  0.6703,  0.5139,  0.5709, -0.1986,  0.6160,  0.8775,  0.9698,
         1.4076,  0.4139,  0.2367,  0.8072, -0.0233,  0.0291, -2.9172],
       device='cuda:1')
Likelihood: -141.698974609375
Solve time for step 12 (global step 53) 6.376916220993735
Current ori: tensor([-0.0233,  0.0291, -2.9172], device='cuda:1')
Middle force: tensor([0.5234], device='cuda:1')
Thumb force: tensor([0.8277], device='cuda:1')
Index force: tensor([0.7612], device='cuda:1')
Current yaw: tensor([-0.0253,  0.0227, -2.9904], device='cuda:1')
12 turn
Likelihood: -156.14199829101562
Sampling time 3.825652796018403
tensor([ 0.1344,  0.6968,  0.4933,  0.5507, -0.1962,  0.6011,  0.9009,  1.0028,
         1.4278,  0.3910,  0.2377,  0.7516, -0.0253,  0.0227, -2.9904],
       device='cuda:1')
Solve time for step 1 (global step 54) 37.452972836996196
Current ori: tensor([-0.0253,  0.0227, -2.9904], device='cuda:1')
Middle force: tensor([0.7079, 0.8902, 1.0442, 1.0837, 0.5125, 0.7438, 1.2748, 0.6338, 1.1507,
        1.8424, 0.8458, 1.8162], device='cuda:1')
Thumb force: tensor([1.0736, 1.1218, 0.5946, 1.2212, 1.8407, 1.2736, 1.2743, 0.7341, 0.8345,
        1.0920, 2.0323, 1.0183], device='cuda:1')
Index force: tensor([0.7244, 0.6110, 0.9203, 0.6732, 1.5909, 0.9323, 0.5167, 0.5786, 0.5254,
        0.8143, 1.2672, 0.7434], device='cuda:1')
tensor([ 0.1166,  0.6910,  0.4824,  0.5556, -0.1791,  0.7547,  0.7596,  0.7964,
         1.3799,  0.4337,  0.1153,  1.0306, -0.0388,  0.0191, -2.8002],
       device='cuda:1')
Likelihood: -129.02783203125
Solve time for step 2 (global step 55) 9.362297657004092
Current ori: tensor([-0.0388,  0.0191, -2.8002], device='cuda:1')
Middle force: tensor([0.5047, 0.9470, 0.5010, 0.5026, 0.7360, 0.8413, 0.8162, 0.9644, 1.0991,
        0.5324, 0.8363], device='cuda:1')
Thumb force: tensor([0.5798, 1.4747, 0.6692, 1.0372, 0.9033, 1.1625, 1.3723, 0.5991, 0.9187,
        0.5895, 0.8509], device='cuda:1')
Index force: tensor([0.9460, 0.5746, 1.3201, 0.6310, 0.7041, 0.7045, 0.8790, 0.5585, 0.7197,
        0.6282, 0.7579], device='cuda:1')
Applying force: tensor([[ 0.2131, -1.3979,  0.0000]]) at position: (-0.004, 0.020, 0.055)
tensor([ 1.4256e-01,  7.1709e-01,  4.8067e-01,  5.3287e-01, -1.9329e-01,
         7.9066e-01,  7.5861e-01,  8.2284e-01,  1.3577e+00,  4.7225e-01,
         1.1492e-01,  1.0007e+00, -5.0916e-02, -2.2244e-03, -2.7994e+00],
       device='cuda:1')
Likelihood: -157.90548706054688
Solve time for step 3 (global step 56) 8.786039038008312
Current ori: tensor([-5.0916e-02, -2.2244e-03, -2.7994e+00], device='cuda:1')
Middle force: tensor([1.0127, 0.5024, 0.5029, 0.7609, 0.8254, 0.8498, 0.9520, 1.0921, 0.5294,
        0.8141], device='cuda:1')
Thumb force: tensor([1.4595, 0.7087, 1.0012, 0.8802, 1.1347, 1.3063, 0.5941, 0.9026, 0.5803,
        0.8326], device='cuda:1')
Index force: tensor([0.5910, 1.2570, 0.6110, 0.6875, 0.7004, 0.8596, 0.5526, 0.7081, 0.6242,
        0.7477], device='cuda:1')
tensor([ 1.4305e-01,  7.3871e-01,  4.6165e-01,  4.9479e-01, -1.9911e-01,
         7.5284e-01,  7.9784e-01,  9.3400e-01,  1.4484e+00,  3.3649e-01,
         1.2082e-01,  8.6936e-01, -5.1497e-02,  9.6711e-04, -2.9205e+00],
       device='cuda:1')
Likelihood: -134.8973846435547
Solve time for step 4 (global step 57) 7.944131224998273
Current ori: tensor([-5.1497e-02,  9.6711e-04, -2.9205e+00], device='cuda:1')
Middle force: tensor([0.5058, 0.5042, 0.7949, 0.8323, 0.8708, 0.9461, 1.0960, 0.5271, 0.8030],
       device='cuda:1')
Thumb force: tensor([0.8044, 0.9717, 0.8617, 1.1012, 1.2483, 0.5866, 0.8688, 0.5660, 0.8000],
       device='cuda:1')
Index force: tensor([1.1988, 0.5978, 0.6727, 0.7018, 0.8477, 0.5484, 0.7051, 0.6260, 0.7398],
       device='cuda:1')
Applying force: tensor([[-0.7416, -0.9084,  0.0000]]) at position: (0.012, 0.016, 0.006)
tensor([ 0.1156,  0.6974,  0.4785,  0.5426, -0.2090,  0.7819,  0.7545,  0.8538,
         1.4138,  0.4156,  0.0928,  1.0009, -0.0422,  0.0175, -2.8556],
       device='cuda:1')
Likelihood: -146.11428833007812
Solve time for step 5 (global step 58) 8.381636325997533
Current ori: tensor([-0.0422,  0.0175, -2.8556], device='cuda:1')
Middle force: tensor([0.5034, 0.7623, 0.8760, 0.8344, 0.9320, 1.0654, 0.5264, 0.7791],
       device='cuda:1')
Thumb force: tensor([0.9323, 0.8808, 1.0689, 1.2422, 0.5870, 0.8762, 0.5589, 0.7855],
       device='cuda:1')
Index force: tensor([0.6071, 0.6644, 0.7226, 0.8525, 0.5445, 0.6972, 0.6222, 0.7252],
       device='cuda:1')
tensor([ 0.1044,  0.7066,  0.4619,  0.5112, -0.2215,  0.7636,  0.7622,  0.8882,
         1.4381,  0.4312,  0.1212,  0.9167, -0.0438,  0.0263, -2.9259],
       device='cuda:1')
Likelihood: -165.9373321533203
State is out of distribution
Final likelihood: tensor([-2.8652, -3.3097, -3.6437, -3.9376, -4.5455, -4.6328, -4.6671, -5.0554,
        -5.0902, -5.2091, -5.2337, -5.4541, -6.8103, -7.1418, -7.5143, -9.1475],
       device='cuda:1', grad_fn=<IndexBackward0>)
Final likelihood: tensor([-2.8652, -3.3097, -3.6437, -3.9376, -4.5455, -4.6328, -4.6671, -5.0554,
        -5.0902, -5.2091, -5.2337, -5.4541, -6.8103, -7.1418, -7.5143, -9.1475],
       device='cuda:1', grad_fn=<IndexBackward0>)
1 mode projection succeeded
New goal: tensor([ 0.1390,  0.6181,  0.5762,  0.5472, -0.1760,  0.5880,  0.9278,  0.9170,
         1.2375,  0.2989,  0.2057,  1.2547, -0.0065,  0.0074, -2.9265],
       device='cuda:1')
tensor([[0.0005]], device='cuda:1') tensor([[0.0005]], device='cuda:1') tensor([[0.0006]], device='cuda:1')
Likelihood: -86.36811828613281
Likelihood: -129.73397827148438
{'index': 129.73397827148438, 'thumb_middle': 86.36811828613281}
Plan time: 53.284024439024506
Current yaw: tensor([-0.0438,  0.0262, -2.9265], device='cuda:1')
13 thumb_middle
tensor([ 0.1043,  0.7066,  0.4618,  0.5111, -0.2217,  0.7639,  0.7625,  0.8884,
         1.4382,  0.4312,  0.1212,  0.9165, -0.0438,  0.0262, -2.9265],
       device='cuda:1')
Solve time for step 1 (global step 59) 19.57482312398497
Current ori: tensor([-0.0438,  0.0262, -2.9265], device='cuda:1')
Index force: tensor([1.1499, 0.5922, 0.6008], device='cuda:1')
tensor([ 0.1326,  0.7091,  0.4904,  0.5138, -0.2800,  0.6966,  0.7754,  0.8758,
         1.2898,  0.3605,  0.0833,  1.0069, -0.0440,  0.0078, -2.9265],
       device='cuda:1')
Solve time for step 2 (global step 60) 4.426338782010134
Current ori: tensor([-0.0440,  0.0078, -2.9265], device='cuda:1')
Index force: tensor([0.5806, 0.5933], device='cuda:1')
tensor([ 0.1399,  0.6734,  0.5397,  0.5414, -0.2800,  0.6670,  0.8112,  0.8592,
         1.2343,  0.3244,  0.1229,  1.0715, -0.0356,  0.0042, -2.9265],
       device='cuda:1')
Solve time for step 3 (global step 61) 4.475276444980409
Current ori: tensor([-0.0356,  0.0042, -2.9265], device='cuda:1')
Index force: tensor([0.5755], device='cuda:1')
Current yaw: tensor([-4.0172e-02,  1.0791e-03, -2.9262e+00], device='cuda:1')
14 turn
Likelihood: -83.3280029296875
Sampling time 4.077287888008868
tensor([ 1.4278e-01,  6.9034e-01,  5.3423e-01,  5.0825e-01, -1.7306e-01,
         7.0204e-01,  8.5356e-01,  8.6813e-01,  1.2564e+00,  3.4949e-01,
         2.2253e-01,  1.1221e+00, -4.0172e-02,  1.0791e-03, -2.9262e+00],
       device='cuda:1')
