Importing module 'gym_38' (/home/abhinav/Documents/isaacgym/python/isaacgym/_bindings/linux-x86_64/gym_38.so)
Setting GYM_USD_PLUG_INFO_PATH to /home/abhinav/Documents/isaacgym/python/isaacgym/_bindings/linux-x86_64/usd/plugInfo.json
PyTorch version 2.4.1+cu121
Device count 2
/home/abhinav/Documents/isaacgym/python/isaacgym/_bindings/src/gymtorch
ninja: no work to do.
No ROS install found, continuing
CCAI_PATH /home/abhinav/Documents/ccai
Not connected to PVD
Physics Engine: PhysX
Physics Device: cpu
GPU Pipeline: disabled
Using VHACD cache directory '/home/abhinav/.isaacgym/vhacd'
Found existing convex decomposition for mesh '/home/abhinav/Documents/github/isaacgym-arm-envs/isaac_victor_envs/assets/xela_models/mesh/allegro/base_ns.stl'
Found existing convex decomposition for mesh '/home/abhinav/Documents/github/isaacgym-arm-envs/isaac_victor_envs/assets/xela_models/mesh/allegro/link_1.0.stl'
Found existing convex decomposition for mesh '/home/abhinav/Documents/github/isaacgym-arm-envs/isaac_victor_envs/assets/xela_models/mesh/ft_c.stl'
[ models/temporal ] Channel dimensions: [(37, 128), (128, 256), (256, 512)]
[ models/temporal ] Channel dimensions: [(37, 128), (128, 256), (256, 512)]

Trial 201
No action perturbation this trial
Random perturbation %: 0.25
Loaded trajectory sampler
Current yaw: tensor([ 1.9562e-03,  6.2613e-03, -2.0637e+00], device='cuda:1')
Current yaw: tensor([ 1.9562e-03,  6.2613e-03, -2.0637e+00], device='cuda:1')
1 turn
Likelihood: -49.18572998046875
Sampling time 4.0084580819820985
tensor([ 1.3346e-01,  5.7291e-01,  6.1302e-01,  6.5657e-01, -1.1161e-01,
         5.7606e-01,  9.0135e-01,  8.7712e-01,  1.2205e+00,  2.5335e-01,
         3.0329e-01,  1.2201e+00,  1.9562e-03,  6.2613e-03, -2.0637e+00],
       device='cuda:1')
Solve time for step 1 (global step 0) 40.30449928698363
Current ori: tensor([ 1.9562e-03,  6.2613e-03, -2.0637e+00], device='cuda:1')
Middle force: tensor([0.9021, 0.5997, 1.9863, 1.2091, 0.5215, 0.9768, 1.7334, 1.7026, 0.7688,
        0.6924, 0.5244, 0.6008], device='cuda:1')
Thumb force: tensor([1.4196, 0.9232, 1.6646, 1.7898, 1.1466, 1.0433, 1.9503, 0.9406, 1.5608,
        0.7019, 0.9806, 0.5113], device='cuda:1')
Index force: tensor([1.2395, 1.2772, 1.1822, 1.1846, 0.9054, 0.7636, 0.7442, 1.3983, 0.9720,
        0.9591, 0.9819, 0.6056], device='cuda:1')
tensor([ 0.1118,  0.6401,  0.5314,  0.5910, -0.1262,  0.5470,  0.9210,  0.9026,
         1.2526,  0.2497,  0.3317,  1.0698, -0.0176,  0.0161, -2.2081],
       device='cuda:1')
Likelihood: -61.583160400390625
Solve time for step 2 (global step 1) 9.561509577004472
Current ori: tensor([-0.0176,  0.0161, -2.2081], device='cuda:1')
Middle force: tensor([0.8547, 0.6962, 1.2206, 1.0452, 0.5839, 1.6369, 0.5999, 0.9370, 0.8218,
        1.9152, 1.1401], device='cuda:1')
Thumb force: tensor([0.8225, 1.0032, 1.7176, 1.4024, 0.8518, 1.6660, 0.6740, 1.7656, 0.8424,
        1.0839, 0.9010], device='cuda:1')
Index force: tensor([0.8822, 0.8247, 0.8744, 0.7897, 0.9715, 0.7387, 0.5181, 0.5092, 0.6186,
        1.0333, 0.5208], device='cuda:1')
Applying force: tensor([[-0.3874,  1.1019,  0.0000]]) at position: (0.006, -0.019, 0.065)
tensor([ 0.1084,  0.6380,  0.5468,  0.5585, -0.1219,  0.5208,  0.9117,  0.9904,
         1.2826,  0.2481,  0.3162,  1.0282, -0.0194,  0.0177, -2.2739],
       device='cuda:1')
Likelihood: -70.046630859375
Solve time for step 3 (global step 2) 8.882168754003942
Current ori: tensor([-0.0194,  0.0177, -2.2739], device='cuda:1')
Middle force: tensor([0.6925, 1.2344, 1.0368, 0.5703, 1.5923, 0.5774, 0.8767, 0.7901, 1.8517,
        1.1035], device='cuda:1')
Thumb force: tensor([1.0054, 1.6608, 1.3696, 0.8229, 1.5836, 0.6393, 1.7010, 0.8049, 1.0608,
        0.8574], device='cuda:1')
Index force: tensor([0.7926, 0.8404, 0.7708, 0.9546, 0.7292, 0.5103, 0.5037, 0.6020, 1.0161,
        0.5134], device='cuda:1')
tensor([ 0.1020,  0.6522,  0.5397,  0.5209, -0.1238,  0.5166,  0.9061,  1.0250,
         1.3252,  0.2149,  0.3140,  0.9543, -0.0257,  0.0206, -2.3438],
       device='cuda:1')
Likelihood: -101.14431762695312
Solve time for step 4 (global step 3) 8.58001599900308
Current ori: tensor([-0.0257,  0.0206, -2.3438], device='cuda:1')
Middle force: tensor([1.2477, 1.0355, 0.5593, 1.5503, 0.5564, 0.8306, 0.7595, 1.7886, 1.0683],
       device='cuda:1')
Thumb force: tensor([1.5827, 1.3580, 0.7885, 1.5063, 0.6122, 1.6288, 0.7720, 1.0446, 0.8147],
       device='cuda:1')
Index force: tensor([0.8548, 0.7358, 0.9454, 0.7210, 0.5049, 0.5010, 0.5878, 0.9955, 0.5079],
       device='cuda:1')
tensor([ 0.1039,  0.6692,  0.5262,  0.5046, -0.1120,  0.4974,  0.9242,  1.0895,
         1.2417,  0.3885,  0.4004,  0.7969, -0.0301,  0.0183, -2.4880],
       device='cuda:1')
Likelihood: -142.27618408203125
Solve time for step 5 (global step 4) 8.048938306019409
Current ori: tensor([-0.0301,  0.0183, -2.4880], device='cuda:1')
Middle force: tensor([1.0472, 0.5533, 1.5203, 0.5424, 0.7888, 0.7353, 1.7376, 1.0323],
       device='cuda:1')
Thumb force: tensor([1.2907, 0.7709, 1.4263, 0.5832, 1.5646, 0.7379, 1.0151, 0.7760],
       device='cuda:1')
Index force: tensor([0.7416, 0.9213, 0.7187, 0.5017, 0.5002, 0.5764, 0.9812, 0.5042],
       device='cuda:1')
tensor([ 0.0990,  0.6858,  0.5047,  0.4746, -0.1115,  0.4838,  0.9318,  1.1243,
         1.3116,  0.3537,  0.3967,  0.6886, -0.0356,  0.0223, -2.6010],
       device='cuda:1')
Likelihood: -182.05712890625
Solve time for step 6 (global step 5) 7.626463100023102
Current ori: tensor([-0.0356,  0.0223, -2.6010], device='cuda:1')
Middle force: tensor([0.6683, 0.5247, 0.5118, 1.8949, 0.6277, 0.5254, 0.6140],
       device='cuda:1')
Thumb force: tensor([0.7666, 0.6453, 1.2697, 1.3346, 1.6134, 0.7004, 0.5619],
       device='cuda:1')
Index force: tensor([0.5920, 0.6321, 0.5149, 0.8858, 0.8721, 0.8360, 0.6618],
       device='cuda:1')
tensor([ 0.1019,  0.7082,  0.4796,  0.4542, -0.1018,  0.4676,  0.9642,  1.1308,
         1.3885,  0.2466,  0.3690,  0.6300, -0.0405,  0.0200, -2.6864],
       device='cuda:1')
Likelihood: -211.3803253173828
Solve time for step 7 (global step 6) 6.6229732549982145
Current ori: tensor([-0.0405,  0.0200, -2.6864], device='cuda:1')
Middle force: tensor([1.4629, 0.5295, 0.7360, 0.7029, 1.6479, 0.9703], device='cuda:1')
Thumb force: tensor([1.3255, 0.5501, 1.4664, 0.6958, 0.9698, 0.7308], device='cuda:1')
Index force: tensor([0.7156, 0.5001, 0.5000, 0.5618, 0.9577, 0.5014], device='cuda:1')
Applying force: tensor([[-1.6353, -0.1926,  0.0000]]) at position: (0.020, 0.002, 0.073)
tensor([ 0.0873,  0.7095,  0.4643,  0.4376, -0.1124,  0.4616,  0.9483,  1.1654,
         1.4279,  0.2241,  0.3985,  0.5248, -0.0481,  0.0325, -2.8032],
       device='cuda:1')
Likelihood: -227.64877319335938
State is out of distribution
Final likelihood: tensor([ -3.7008,  -3.8327,  -5.2988,  -5.6606,  -5.8158,  -5.8166,  -5.8282,
         -5.8515,  -6.2099,  -6.9200,  -7.3665,  -9.1297, -10.1961, -11.7726,
        -13.6792, -16.6248], device='cuda:1', grad_fn=<IndexBackward0>)
Final likelihood: tensor([ -3.7008,  -3.8327,  -5.2988,  -5.6606,  -5.8158,  -5.8166,  -5.8282,
         -5.8515,  -6.2099,  -6.9200,  -7.3665,  -9.1297, -10.1961, -11.7726,
        -13.6792, -16.6248], device='cuda:1', grad_fn=<IndexBackward0>)
1 mode projection succeeded
New goal: tensor([ 0.1265,  0.6259,  0.5388,  0.5767, -0.1085,  0.5577,  0.8978,  0.8198,
         1.1942,  0.3549,  0.2678,  1.1637, -0.0112,  0.0134, -2.8039],
       device='cuda:1')
tensor([[0.0005]], device='cuda:1') tensor([[0.0004]], device='cuda:1') tensor([[0.0007]], device='cuda:1')
Likelihood: -147.03475952148438
Likelihood: -259.8252258300781
{'index': 259.8252258300781, 'thumb_middle': 147.03475952148438}
Plan time: 52.48100596704171
Current yaw: tensor([-0.0481,  0.0322, -2.8039], device='cuda:1')
2 thumb_middle
tensor([ 0.0876,  0.7097,  0.4646,  0.4377, -0.1118,  0.4616,  0.9485,  1.1656,
         1.4280,  0.2240,  0.3983,  0.5245, -0.0481,  0.0322, -2.8039],
       device='cuda:1')
Solve time for step 1 (global step 7) 18.70285511299153
Current ori: tensor([-0.0481,  0.0322, -2.8039], device='cuda:1')
Index force: tensor([1.6276, 0.6243, 0.6311], device='cuda:1')
tensor([ 0.1266,  0.7166,  0.4914,  0.4598, -0.1812,  0.4868,  0.8515,  0.9670,
         1.2730,  0.3028,  0.2471,  0.7501, -0.0485,  0.0063, -2.8038],
       device='cuda:1')
Solve time for step 2 (global step 8) 4.739768708997872
Current ori: tensor([-0.0485,  0.0063, -2.8038], device='cuda:1')
Index force: tensor([0.6182, 0.6267], device='cuda:1')
tensor([ 0.1288,  0.7314,  0.4838,  0.4209, -0.1945,  0.5560,  0.8061,  0.8842,
         1.2123,  0.3261,  0.2413,  0.8664, -0.0542,  0.0055, -2.8038],
       device='cuda:1')
Solve time for step 3 (global step 9) 6.073490873008268
Current ori: tensor([-0.0542,  0.0055, -2.8038], device='cuda:1')
Index force: tensor([0.6034], device='cuda:1')
Current yaw: tensor([-6.0861e-02,  2.4572e-03, -2.7891e+00], device='cuda:1')
3 turn
Likelihood: -143.5375213623047
Sampling time 4.0619990910054184
tensor([ 1.3267e-01,  7.6219e-01,  4.4793e-01,  3.9722e-01, -1.0100e-01,
         6.5673e-01,  8.0931e-01,  8.3633e-01,  1.2338e+00,  3.7842e-01,
         3.0115e-01,  9.7418e-01, -6.0861e-02,  2.4572e-03, -2.7891e+00],
       device='cuda:1')
Solve time for step 1 (global step 10) 41.15289318701252
Current ori: tensor([-6.0861e-02,  2.4572e-03, -2.7891e+00], device='cuda:1')
Middle force: tensor([0.7858, 2.2927, 0.5018, 0.7522, 1.4233, 0.6993, 0.5461, 0.8441, 1.5297,
        0.7782, 2.0600, 1.0362], device='cuda:1')
Thumb force: tensor([1.2723, 1.4240, 1.8870, 0.7866, 2.0509, 1.3332, 1.4288, 1.1089, 1.4543,
        2.1559, 2.0199, 1.2303], device='cuda:1')
Index force: tensor([0.7222, 0.9198, 0.7224, 0.7762, 0.9975, 0.6191, 0.6493, 0.7479, 1.3544,
        0.8478, 0.8008, 1.2262], device='cuda:1')
tensor([ 0.1273,  0.7394,  0.4623,  0.4379, -0.1054,  0.6576,  0.7787,  0.8939,
         1.3214,  0.2527,  0.2367,  1.0052, -0.0564,  0.0050, -2.8190],
       device='cuda:1')
Likelihood: -109.28070831298828
Solve time for step 2 (global step 11) 10.184702136990381
Current ori: tensor([-0.0564,  0.0050, -2.8190], device='cuda:1')
Middle force: tensor([0.5123, 0.7443, 0.8127, 1.0123, 1.0630, 0.6812, 0.8953, 1.0583, 0.8030,
        1.0099, 0.7334], device='cuda:1')
Thumb force: tensor([1.5739, 0.6616, 0.5388, 3.0642, 0.9657, 0.8316, 0.8947, 2.4947, 0.6301,
        0.6681, 0.7143], device='cuda:1')
Index force: tensor([1.3017, 0.9316, 1.0545, 1.5751, 0.7205, 0.7424, 0.5038, 0.6532, 0.5089,
        0.8855, 0.5681], device='cuda:1')
tensor([ 0.1306,  0.7391,  0.4665,  0.4395, -0.1046,  0.6379,  0.7953,  0.9312,
         1.3023,  0.2879,  0.2597,  0.9683, -0.0553,  0.0033, -2.8886],
       device='cuda:1')
Likelihood: -119.20893859863281
Solve time for step 3 (global step 12) 9.600351763016079
Current ori: tensor([-0.0553,  0.0033, -2.8886], device='cuda:1')
Middle force: tensor([0.8010, 0.8673, 0.9654, 1.0656, 0.6648, 0.8993, 1.0527, 0.7810, 0.9604,
        0.7114], device='cuda:1')
Thumb force: tensor([0.6536, 0.5243, 2.9529, 0.9324, 0.7990, 0.8591, 2.4129, 0.6125, 0.6458,
        0.6819], device='cuda:1')
Index force: tensor([0.9081, 1.0142, 1.5327, 0.7377, 0.7337, 0.5020, 0.6416, 0.5059, 0.8630,
        0.5585], device='cuda:1')
Applying force: tensor([[1.0165, 1.0543, 0.0000]]) at position: (-0.014, -0.015, 0.076)
tensor([ 1.2988e-01,  7.3936e-01,  4.6746e-01,  4.3390e-01, -1.0246e-01,
         6.1396e-01,  8.2023e-01,  9.6091e-01,  1.2504e+00,  3.7672e-01,
         3.2235e-01,  8.7975e-01, -5.7123e-02,  2.3201e-03, -3.0172e+00],
       device='cuda:1')
Likelihood: -120.30742645263672
Solve time for step 4 (global step 13) 9.034294896002393
Current ori: tensor([-5.7123e-02,  2.3201e-03, -3.0172e+00], device='cuda:1')
Middle force: tensor([0.9622, 1.0279, 1.0482, 0.6509, 0.8961, 1.0297, 0.7613, 0.9157, 0.6902],
       device='cuda:1')
Thumb force: tensor([0.5177, 2.7944, 0.8984, 0.7674, 0.8311, 2.3443, 0.5952, 0.6189, 0.6559],
       device='cuda:1')
Index force: tensor([1.0046, 1.5067, 0.7203, 0.7261, 0.5006, 0.6275, 0.5035, 0.8418, 0.5498],
       device='cuda:1')
tensor([ 0.1135,  0.7298,  0.4623,  0.4358, -0.1161,  0.6558,  0.7730,  0.8860,
         1.3326,  0.2606,  0.2165,  1.0455, -0.0554,  0.0139, -2.9291],
       device='cuda:1')
Likelihood: -110.032470703125
Solve time for step 5 (global step 14) 8.435770372016123
Current ori: tensor([-0.0554,  0.0139, -2.9291], device='cuda:1')
Middle force: tensor([1.4967, 0.6968, 0.5335, 0.8406, 1.3901, 0.7041, 1.8273, 0.9435],
       device='cuda:1')
Thumb force: tensor([1.7838, 1.0541, 1.2777, 0.9560, 1.2485, 1.9024, 1.7484, 1.0469],
       device='cuda:1')
Index force: tensor([0.9367, 0.6075, 0.6032, 0.6961, 1.2373, 0.7776, 0.7284, 1.1177],
       device='cuda:1')
tensor([ 0.0986,  0.7551,  0.4254,  0.3800, -0.1254,  0.7401,  0.6925,  0.7493,
         1.3160,  0.2661,  0.2030,  1.1589, -0.0618,  0.0239, -2.7502],
       device='cuda:1')
Likelihood: -152.092529296875
Solve time for step 6 (global step 15) 7.94096094800625
Current ori: tensor([-0.0618,  0.0239, -2.7502], device='cuda:1')
Middle force: tensor([0.7165, 0.5386, 0.9038, 1.3571, 0.6877, 1.7754, 0.8860],
       device='cuda:1')
Thumb force: tensor([1.0392, 1.2487, 0.9394, 1.3047, 1.8590, 1.6905, 1.0769],
       device='cuda:1')
Index force: tensor([0.6169, 0.6122, 0.7288, 1.1863, 0.7766, 0.7276, 1.0814],
       device='cuda:1')
tensor([ 0.0944,  0.7644,  0.4139,  0.3558, -0.1351,  0.7186,  0.7041,  0.7780,
         1.3401,  0.2463,  0.2166,  1.1022, -0.0647,  0.0317, -2.8323],
       device='cuda:1')
Likelihood: -169.17330932617188
Solve time for step 7 (global step 16) 7.676821541012032
Current ori: tensor([-0.0647,  0.0317, -2.8323], device='cuda:1')
Middle force: tensor([0.5444, 0.9091, 1.3676, 0.6924, 1.7307, 0.8311], device='cuda:1')
Thumb force: tensor([1.2191, 0.9364, 1.3687, 1.8025, 1.6417, 1.1005], device='cuda:1')
Index force: tensor([0.6399, 0.7282, 1.1161, 0.7836, 0.7509, 1.0431], device='cuda:1')
tensor([ 0.0852,  0.7703,  0.3981,  0.3414, -0.1469,  0.6883,  0.7242,  0.8135,
         1.2580,  0.4227,  0.3073,  0.9941, -0.0661,  0.0405, -2.9112],
       device='cuda:1')
Likelihood: -173.53811645507812
Solve time for step 8 (global step 17) 7.237843045993941
Current ori: tensor([-0.0661,  0.0405, -2.9112], device='cuda:1')
Middle force: tensor([0.6808, 0.5473, 0.8663, 0.6809, 0.5345], device='cuda:1')
Thumb force: tensor([0.5673, 0.5490, 1.0217, 0.5076, 0.7179], device='cuda:1')
Index force: tensor([0.5256, 0.7749, 0.7996, 0.5016, 0.8462], device='cuda:1')
tensor([ 0.0899,  0.7373,  0.4357,  0.3989, -0.1437,  0.6649,  0.7579,  0.8339,
         1.3086,  0.3474,  0.2439,  1.0460, -0.0587,  0.0357, -2.9325],
       device='cuda:1')
Likelihood: -148.0128173828125
Solve time for step 9 (global step 18) 7.007238959980896
Current ori: tensor([-0.0587,  0.0357, -2.9325], device='cuda:1')
Middle force: tensor([0.5496, 0.8864, 0.6703, 0.5325], device='cuda:1')
Thumb force: tensor([0.5396, 0.9594, 0.5029, 0.6877], device='cuda:1')
Index force: tensor([0.7951, 0.8063, 0.5014, 0.8332], device='cuda:1')
tensor([ 0.0989,  0.7465,  0.4360,  0.3854, -0.1396,  0.6440,  0.7878,  0.8684,
         1.3329,  0.3152,  0.2257,  1.0204, -0.0618,  0.0302, -3.0119],
       device='cuda:1')
Likelihood: -138.3277587890625
Solve time for step 10 (global step 19) 6.968174234993057
Current ori: tensor([-0.0618,  0.0302, -3.0119], device='cuda:1')
Middle force: tensor([0.9503, 0.7341, 0.6093], device='cuda:1')
Thumb force: tensor([0.6873, 0.9134, 0.5004], device='cuda:1')
Index force: tensor([0.7435, 0.5030, 0.5346], device='cuda:1')
tensor([ 0.0697,  0.7415,  0.4113,  0.3842, -0.1437,  0.7014,  0.7383,  0.8042,
         1.2896,  0.3758,  0.2343,  1.0676, -0.0648,  0.0301, -2.9588],
       device='cuda:1')
Likelihood: -168.63534545898438
Solve time for step 11 (global step 20) 6.930358843994327
Current ori: tensor([-0.0648,  0.0301, -2.9588], device='cuda:1')
Middle force: tensor([0.7317, 0.6351], device='cuda:1')
Thumb force: tensor([0.8941, 0.5002], device='cuda:1')
Index force: tensor([0.5030, 0.5351], device='cuda:1')
tensor([ 0.0476,  0.7430,  0.3926,  0.3638, -0.1479,  0.7356,  0.6998,  0.7438,
         1.2665,  0.4099,  0.2382,  1.1144, -0.0654,  0.0355, -2.9085],
       device='cuda:1')
Likelihood: -177.72283935546875
Solve time for step 12 (global step 21) 6.184914045006735
Current ori: tensor([-0.0654,  0.0355, -2.9085], device='cuda:1')
Middle force: tensor([0.6453], device='cuda:1')
Thumb force: tensor([0.6237], device='cuda:1')
Index force: tensor([0.5984], device='cuda:1')
Current yaw: tensor([-0.0655,  0.0359, -2.9894], device='cuda:1')
4 turn
Likelihood: -180.8780059814453
Sampling time 3.8027554499858525
tensor([ 0.0518,  0.7451,  0.3937,  0.3635, -0.1494,  0.7072,  0.7292,  0.7753,
         1.2982,  0.3992,  0.2283,  1.0565, -0.0655,  0.0359, -2.9894],
       device='cuda:1')
Solve time for step 1 (global step 22) 38.1801090890076
Current ori: tensor([-0.0655,  0.0359, -2.9894], device='cuda:1')
Middle force: tensor([1.3591, 0.5006, 1.4450, 1.8594, 0.5480, 0.7934, 1.7257, 0.8730, 1.4819,
        0.6540, 0.5169, 1.0057], device='cuda:1')
Thumb force: tensor([1.4867, 2.1190, 1.6551, 1.0404, 1.3561, 0.7478, 1.6405, 0.7168, 0.9093,
        0.7104, 0.6137, 1.5012], device='cuda:1')
Index force: tensor([1.0662, 0.7851, 0.7548, 0.6778, 0.6144, 0.5471, 0.5510, 0.7811, 0.7246,
        0.9398, 0.5455, 0.6621], device='cuda:1')
tensor([ 0.0519,  0.7038,  0.4315,  0.4441, -0.1436,  0.6915,  0.7124,  0.8977,
         1.3501,  0.3532,  0.1636,  1.0768, -0.0526,  0.0297, -3.0808],
       device='cuda:1')
Likelihood: -164.02330017089844
Solve time for step 2 (global step 23) 9.128774789976887
Current ori: tensor([-0.0526,  0.0297, -3.0808], device='cuda:1')
Middle force: tensor([0.5077, 1.3862, 1.7923, 0.5414, 0.5309, 0.8831, 1.0362, 1.9378, 0.8708,
        0.8721, 0.9518], device='cuda:1')
Thumb force: tensor([2.0213, 1.6244, 1.0203, 1.2929, 0.6531, 1.1684, 0.5788, 1.6291, 0.8876,
        1.4367, 1.0620], device='cuda:1')
Index force: tensor([0.8117, 0.7139, 0.6498, 0.6089, 0.5118, 0.8895, 0.6514, 0.5278, 0.7494,
        0.7688, 1.2502], device='cuda:1')
tensor([ 0.0283,  0.6947,  0.4243,  0.4355, -0.1642,  0.7105,  0.6939,  0.8396,
         1.3212,  0.4421,  0.1643,  1.1405, -0.0516,  0.0448, -3.0540],
       device='cuda:1')
Likelihood: -169.67697143554688
Solve time for step 3 (global step 24) 8.833595331001561
Current ori: tensor([-0.0516,  0.0448, -3.0540], device='cuda:1')
Middle force: tensor([1.3705, 1.7463, 0.5488, 0.5318, 0.8610, 1.0116, 1.8751, 0.8485, 0.8591,
        0.9176], device='cuda:1')
Thumb force: tensor([1.5820, 1.0863, 1.2364, 0.6328, 1.1379, 0.5746, 1.5814, 0.8784, 1.4050,
        1.0659], device='cuda:1')
Index force: tensor([0.7428, 0.6711, 0.6223, 0.5117, 0.8809, 0.6428, 0.5242, 0.7251, 0.7526,
        1.2067], device='cuda:1')
tensor([ 0.0081,  0.7209,  0.3794,  0.3852, -0.1779,  0.7554,  0.6494,  0.7551,
         1.3177,  0.4803,  0.1581,  1.1790, -0.0584,  0.0587, -2.9948],
       device='cuda:1')
Likelihood: -204.2899627685547
Solve time for step 4 (global step 25) 8.3834773459821
Current ori: tensor([-0.0584,  0.0587, -2.9948], device='cuda:1')
Middle force: tensor([1.6634, 0.5793, 0.5413, 0.9044, 0.9986, 1.8242, 0.8422, 0.8439, 0.9013],
       device='cuda:1')
Thumb force: tensor([1.1256, 1.1649, 0.6137, 1.0664, 0.5765, 1.5390, 0.8590, 1.3807, 1.0589],
       device='cuda:1')
Index force: tensor([0.6846, 0.6729, 0.5174, 0.9095, 0.6671, 0.5249, 0.7123, 0.7400, 1.1688],
       device='cuda:1')
Applying force: tensor([[0.3280, 1.1405, 0.0000]]) at position: (-0.005, -0.019, 0.087)
tensor([-0.0273,  0.7345,  0.3332,  0.3301, -0.1782,  0.8433,  0.6005,  0.6661,
         1.3244,  0.4928,  0.1611,  1.2190,  0.0117,  0.0587, -3.0233],
       device='cuda:1')
Likelihood: -232.11129760742188
State is out of distribution
Final likelihood: tensor([ -2.7369,  -3.4377,  -3.7365,  -3.8710,  -4.0367,  -4.6253,  -5.0360,
         -5.6713,  -6.2497,  -6.5145,  -6.7600,  -7.4186,  -8.5861,  -9.0586,
         -9.6130, -11.6226], device='cuda:1', grad_fn=<IndexBackward0>)
Final likelihood: tensor([ -2.7369,  -3.4377,  -3.7365,  -3.8710,  -4.0367,  -4.6253,  -5.0360,
         -5.6713,  -6.2497,  -6.5145,  -6.7600,  -7.4186,  -8.5861,  -9.0586,
         -9.6130, -11.6226], device='cuda:1', grad_fn=<IndexBackward0>)
1 mode projection succeeded
New goal: tensor([ 0.1171,  0.6239,  0.5234,  0.5917, -0.1186,  0.5468,  0.9176,  0.8437,
         1.2031,  0.3081,  0.2577,  1.2276, -0.0088,  0.0109, -3.0235],
       device='cuda:1')
tensor([[-1.2270e-05]], device='cuda:1') tensor([[0.0005]], device='cuda:1') tensor([[0.0009]], device='cuda:1')
Likelihood: -118.07608032226562
Likelihood: -166.75405883789062
{'index': 166.75405883789062, 'thumb_middle': 118.07608032226562}
Plan time: 55.0964469150349
Current yaw: tensor([ 0.0118,  0.0587, -3.0235], device='cuda:1')
5 thumb_middle
tensor([-0.0270,  0.7343,  0.3331,  0.3301, -0.1783,  0.8434,  0.6004,  0.6659,
         1.3246,  0.4926,  0.1611,  1.2190,  0.0118,  0.0587, -3.0235],
       device='cuda:1')
Solve time for step 1 (global step 26) 24.021782663010526
Current ori: tensor([ 0.0118,  0.0587, -3.0235], device='cuda:1')
Index force: tensor([2.7032, 0.5000, 0.6304], device='cuda:1')
tensor([ 0.0541,  0.6977,  0.4935,  0.3464, -0.2238,  0.6943,  0.7071,  0.7701,
         1.1949,  0.4019,  0.1207,  1.1788,  0.0157,  0.0322, -3.0235],
       device='cuda:1')
Solve time for step 2 (global step 27) 4.862142845988274
Current ori: tensor([ 0.0157,  0.0322, -3.0235], device='cuda:1')
Index force: tensor([0.7920, 0.5000], device='cuda:1')
tensor([ 0.0944,  0.6883,  0.5396,  0.3791, -0.2225,  0.6177,  0.7760,  0.8187,
         1.1616,  0.3617,  0.1508,  1.2115,  0.0190,  0.0106, -3.0235],
       device='cuda:1')
Solve time for step 3 (global step 28) 6.240021072997479
Current ori: tensor([ 0.0190,  0.0106, -3.0235], device='cuda:1')
Index force: tensor([0.5000], device='cuda:1')
Current yaw: tensor([ 0.0196,  0.0060, -3.0301], device='cuda:1')
6 turn
Likelihood: -133.53271484375
Sampling time 3.9510895120038185
tensor([ 0.1023,  0.6971,  0.5326,  0.3827, -0.1266,  0.6020,  0.8764,  0.9089,
         1.1977,  0.3562,  0.2570,  1.2637,  0.0196,  0.0060, -3.0301],
       device='cuda:1')
Solve time for step 1 (global step 29) 38.757588225998916
Current ori: tensor([ 0.0196,  0.0060, -3.0301], device='cuda:1')
Middle force: tensor([1.4815, 0.5148, 1.4511, 1.8702, 0.5228, 0.7600, 1.0991, 1.0307, 0.8227,
        0.6551, 1.0806, 0.8685], device='cuda:1')
Thumb force: tensor([1.5571, 2.1388, 1.7687, 0.9963, 1.3372, 0.7129, 1.1071, 0.5217, 0.6720,
        0.7864, 0.6426, 0.8327], device='cuda:1')
Index force: tensor([1.1675, 0.7678, 0.7268, 0.6751, 0.6281, 0.5328, 0.5686, 0.8176, 0.7746,
        0.8187, 0.9848, 0.7290], device='cuda:1')
Applying force: tensor([[-0.4904,  1.2765,  0.0000]]) at position: (0.007, -0.019, 0.075)
tensor([ 0.0770,  0.6937,  0.4856,  0.4349, -0.1356,  0.5897,  0.8603,  0.9948,
         1.3372,  0.2304,  0.1522,  1.2898,  0.0428,  0.0097, -2.9810],
       device='cuda:1')
Likelihood: -144.6350860595703
Solve time for step 2 (global step 30) 9.247638401022414
Current ori: tensor([ 0.0428,  0.0097, -2.9810], device='cuda:1')
Middle force: tensor([0.5097, 1.4068, 1.8030, 0.5191, 0.7267, 1.0322, 1.0014, 0.8140, 0.6996,
        1.0510, 0.8366], device='cuda:1')
Thumb force: tensor([2.1351, 1.7386, 0.9915, 1.3099, 0.6763, 1.0610, 0.5162, 0.6193, 0.7132,
        0.6106, 0.8076], device='cuda:1')
Index force: tensor([0.8109, 0.7128, 0.6589, 0.6156, 0.5239, 0.5580, 0.7971, 0.7491, 0.7714,
        0.9467, 0.7164], device='cuda:1')
Applying force: tensor([[0.1822, 0.9712, 0.0000]]) at position: (-0.004, -0.020, 0.093)
tensor([ 0.0760,  0.6300,  0.5311,  0.5178, -0.1387,  0.6084,  0.8430,  0.9563,
         1.1954,  0.4679,  0.1983,  1.3999,  0.0622,  0.0156, -2.8632],
       device='cuda:1')
Likelihood: -145.90451049804688
Solve time for step 3 (global step 31) 8.683395127998665
Current ori: tensor([ 0.0622,  0.0156, -2.8632], device='cuda:1')
Middle force: tensor([0.8141, 1.8055, 1.7997, 0.8875, 0.6640, 0.9011, 0.9493, 0.9043, 0.8188,
        1.3162], device='cuda:1')
Thumb force: tensor([0.9864, 1.3951, 1.9444, 1.1245, 0.5020, 0.5875, 1.6925, 0.5930, 0.6083,
        1.6030], device='cuda:1')
Index force: tensor([1.0808, 0.7233, 0.6998, 0.6903, 0.6413, 0.6321, 1.2446, 0.9241, 0.9671,
        0.5582], device='cuda:1')
tensor([ 0.0778,  0.5987,  0.5455,  0.5785, -0.1239,  0.6547,  0.8388,  0.8674,
         1.2237,  0.4153,  0.1298,  1.5465,  0.0739,  0.0134, -2.7632],
       device='cuda:1')
Likelihood: -145.12655639648438
Solve time for step 4 (global step 32) 8.32557530401391
Current ori: tensor([ 0.0739,  0.0134, -2.7632], device='cuda:1')
Middle force: tensor([0.8479, 0.5010, 1.5163, 0.5003, 1.1027, 2.0514, 0.5047, 0.6940, 0.6132],
       device='cuda:1')
Thumb force: tensor([1.9974, 0.6420, 1.9130, 0.5306, 0.7074, 1.2140, 0.8969, 0.7480, 0.9828],
       device='cuda:1')
Index force: tensor([0.7252, 0.6487, 0.6445, 1.1446, 0.8753, 0.6654, 0.5003, 0.7853, 0.6141],
       device='cuda:1')
Applying force: tensor([[-1.5669,  0.4298,  0.0000]]) at position: (0.019, -0.005, 0.058)
tensor([ 0.0732,  0.6304,  0.5070,  0.5572, -0.1409,  0.6461,  0.8349,  0.8692,
         1.2772,  0.3666,  0.1018,  1.5153,  0.0663,  0.0227, -2.8253],
       device='cuda:1')
Likelihood: -154.560302734375
Solve time for step 5 (global step 33) 7.068254824989708
Current ori: tensor([ 0.0663,  0.0227, -2.8253], device='cuda:1')
Middle force: tensor([1.8115, 0.9210, 0.6268, 0.8814, 0.9874, 0.8724, 0.8562, 1.2815],
       device='cuda:1')
Thumb force: tensor([2.1390, 1.3345, 0.5015, 0.5989, 1.6023, 0.5671, 0.5500, 1.5108],
       device='cuda:1')
Index force: tensor([0.7176, 0.6698, 0.6153, 0.6191, 1.1703, 0.8903, 0.9055, 0.5413],
       device='cuda:1')
tensor([ 0.0958,  0.6503,  0.5154,  0.5317, -0.0992,  0.7301,  0.7852,  0.7491,
         1.2694,  0.3578,  0.0686,  1.5791,  0.0602,  0.0076, -2.6799],
       device='cuda:1')
Likelihood: -145.37940979003906
Solve time for step 6 (global step 34) 8.67316810801276
Current ori: tensor([ 0.0602,  0.0076, -2.6799], device='cuda:1')
Middle force: tensor([0.9164, 0.6213, 0.8440, 1.0580, 0.8611, 0.8437, 1.2692],
       device='cuda:1')
Thumb force: tensor([1.3869, 0.5029, 0.6503, 1.6328, 0.5539, 0.5413, 1.4718],
       device='cuda:1')
Index force: tensor([0.6496, 0.6119, 0.6666, 1.1465, 0.8887, 0.8926, 0.5333],
       device='cuda:1')
tensor([ 1.1467e-01,  6.5662e-01,  5.2103e-01,  5.4152e-01, -6.4472e-02,
         8.1385e-01,  7.1371e-01,  6.4376e-01,  1.2258e+00,  4.0110e-01,
         8.3050e-02,  1.6616e+00,  5.9617e-02, -7.3909e-04, -2.5604e+00],
       device='cuda:1')
Likelihood: -187.55096435546875
Solve time for step 7 (global step 35) 9.730841298995074
Current ori: tensor([ 5.9617e-02, -7.3909e-04, -2.5604e+00], device='cuda:1')
Middle force: tensor([0.5013, 1.1318, 1.8969, 0.5003, 0.6045, 0.5621], device='cuda:1')
Thumb force: tensor([0.5790, 0.8193, 1.4023, 0.8494, 0.7146, 0.9538], device='cuda:1')
Index force: tensor([1.0430, 0.8738, 0.6817, 0.5002, 0.7687, 0.6062], device='cuda:1')
tensor([ 1.1129e-01,  6.8044e-01,  4.8276e-01,  5.4442e-01, -8.5577e-02,
         7.6106e-01,  7.6873e-01,  7.1235e-01,  1.1845e+00,  4.8184e-01,
         1.2027e-01,  1.5793e+00,  5.4932e-02, -4.1086e-04, -2.6879e+00],
       device='cuda:1')
Likelihood: -185.2095947265625
Solve time for step 8 (global step 36) 8.94727526200586
Current ori: tensor([ 5.4932e-02, -4.1086e-04, -2.6879e+00], device='cuda:1')
Middle force: tensor([1.1268, 1.8669, 0.5001, 0.5928, 0.5485], device='cuda:1')
Thumb force: tensor([0.8988, 1.4200, 0.8492, 0.7000, 0.9589], device='cuda:1')
Index force: tensor([0.8626, 0.6630, 0.5001, 0.7666, 0.6029], device='cuda:1')
tensor([ 8.9488e-02,  6.9881e-01,  4.4470e-01,  5.2178e-01, -1.0870e-01,
         7.0116e-01,  8.2063e-01,  7.9964e-01,  1.2301e+00,  4.5260e-01,
         8.8089e-02,  1.5084e+00,  5.4091e-02,  9.3968e-04, -2.8456e+00],
       device='cuda:1')
Likelihood: -174.4552001953125
Solve time for step 9 (global step 37) 8.411113048990956
Current ori: tensor([ 5.4091e-02,  9.3968e-04, -2.8456e+00], device='cuda:1')
Middle force: tensor([0.9899, 0.5394, 0.8829, 0.8399], device='cuda:1')
Thumb force: tensor([1.5313, 0.8504, 0.5211, 0.5657], device='cuda:1')
Index force: tensor([0.6986, 0.8526, 0.6773, 0.8441], device='cuda:1')
tensor([ 0.0645,  0.7294,  0.3884,  0.4942, -0.1310,  0.6572,  0.8669,  0.8154,
         1.2136,  0.5497,  0.1640,  1.3545,  0.0464,  0.0081, -3.0054],
       device='cuda:1')
Likelihood: -166.57870483398438
Solve time for step 10 (global step 38) 7.833396966976579
Current ori: tensor([ 0.0464,  0.0081, -3.0054], device='cuda:1')
Middle force: tensor([0.5284, 1.1737, 0.5552], device='cuda:1')
Thumb force: tensor([0.7673, 1.0217, 0.6100], device='cuda:1')
Index force: tensor([0.7299, 0.5088, 0.6548], device='cuda:1')
tensor([ 0.0653,  0.7380,  0.3896,  0.4700, -0.1360,  0.6656,  0.8693,  0.8048,
         1.2445,  0.5304,  0.1324,  1.3465,  0.0421,  0.0071, -3.0115],
       device='cuda:1')
Likelihood: -172.66357421875
Solve time for step 11 (global step 39) 7.0704100290022325
Current ori: tensor([ 0.0421,  0.0071, -3.0115], device='cuda:1')
Middle force: tensor([1.1801, 0.5521], device='cuda:1')
Thumb force: tensor([1.0783, 0.6142], device='cuda:1')
Index force: tensor([0.5065, 0.6510], device='cuda:1')
Applying force: tensor([[ 0.2131, -1.3979,  0.0000]]) at position: (-0.004, 0.020, 0.055)
tensor([ 0.0745,  0.7505,  0.3849,  0.4603, -0.1064,  0.7237,  0.8271,  0.7346,
         1.2291,  0.5467,  0.0864,  1.4102,  0.0269, -0.0075, -2.9483],
       device='cuda:1')
Likelihood: -217.99131774902344
State is out of distribution
Final likelihood: tensor([ -3.2311,  -3.3137,  -4.0225,  -4.2765,  -4.6888,  -4.7747,  -5.1165,
         -5.2512,  -5.4186,  -5.8204,  -5.8644,  -6.0218,  -6.2792,  -7.6855,
         -9.1314, -10.8389], device='cuda:1', grad_fn=<IndexBackward0>)
Final likelihood: tensor([ -3.2311,  -3.3137,  -4.0225,  -4.2765,  -4.6888,  -4.7747,  -5.1165,
         -5.2512,  -5.4186,  -5.8204,  -5.8644,  -6.0218,  -6.2792,  -7.6855,
         -9.1314, -10.8389], device='cuda:1', grad_fn=<IndexBackward0>)
1 mode projection succeeded
New goal: tensor([ 1.2151e-01,  6.4569e-01,  5.0770e-01,  5.7003e-01, -1.2064e-01,
         5.6578e-01,  8.8004e-01,  8.5996e-01,  1.2349e+00,  2.8272e-01,
         2.6502e-01,  1.1546e+00,  8.4531e-04,  1.4543e-02, -2.9479e+00],
       device='cuda:1')
tensor([[0.0002]], device='cuda:1') tensor([[0.0006]], device='cuda:1') tensor([[0.0005]], device='cuda:1')
Likelihood: -176.99705505371094
Likelihood: -163.6884307861328
{'index': 163.6884307861328, 'thumb_middle': 176.99705505371094}
Plan time: 54.53365611299523
Current yaw: tensor([ 0.0271, -0.0074, -2.9479], device='cuda:1')
7 index
tensor([ 0.0742,  0.7502,  0.3850,  0.4603, -0.1065,  0.7237,  0.8273,  0.7347,
         1.2291,  0.5466,  0.0865,  1.4106,  0.0271, -0.0074, -2.9479],
       device='cuda:1')
Solve time for step 1 (global step 40) 23.374935336003546
Current ori: tensor([ 0.0271, -0.0074, -2.9479], device='cuda:1')
Middle force: tensor([0.5698, 0.5152, 0.5154], device='cuda:1')
Thumb force: tensor([0.6007, 0.6186, 0.6161], device='cuda:1')
tensor([ 0.1794,  0.5604,  0.4918,  0.5881, -0.1192,  0.7515,  0.8216,  0.7291,
         1.2573,  0.5282,  0.0456,  1.4112,  0.0178, -0.0120, -2.9697],
       device='cuda:1')
Solve time for step 2 (global step 41) 5.903905950981425
Current ori: tensor([ 0.0178, -0.0120, -2.9697], device='cuda:1')
Middle force: tensor([0.5122, 0.5109], device='cuda:1')
Thumb force: tensor([0.6162, 0.6150], device='cuda:1')
tensor([ 0.2119,  0.4971,  0.5612,  0.6984, -0.1179,  0.7649,  0.8073,  0.7135,
         1.2415,  0.5626,  0.0644,  1.3867,  0.0094, -0.0127, -2.9807],
       device='cuda:1')
Solve time for step 3 (global step 42) 5.745982397987973
Current ori: tensor([ 0.0094, -0.0127, -2.9807], device='cuda:1')
Middle force: tensor([0.5261], device='cuda:1')
Thumb force: tensor([0.5883], device='cuda:1')
Current yaw: tensor([ 0.0059, -0.0181, -2.9797], device='cuda:1')
8 turn
Likelihood: -171.33705139160156
Sampling time 3.833791665994795
tensor([ 0.1642,  0.5289,  0.6479,  0.7749, -0.1093,  0.7907,  0.7857,  0.6953,
         1.2744,  0.5214,  0.0172,  1.4014,  0.0059, -0.0181, -2.9797],
       device='cuda:1')
Solve time for step 1 (global step 43) 43.18347717798315
Current ori: tensor([ 0.0059, -0.0181, -2.9797], device='cuda:1')
Middle force: tensor([0.9080, 1.0165, 0.5268, 0.5547, 0.7812, 0.7289, 0.9068, 0.7713, 1.5520,
        0.7315, 0.5349, 1.0387], device='cuda:1')
Thumb force: tensor([1.5555, 1.4611, 0.7301, 0.7805, 0.5803, 1.5948, 0.8196, 2.1637, 0.8134,
        1.0110, 1.2161, 0.8681], device='cuda:1')
Index force: tensor([0.5075, 0.7715, 0.6970, 0.8156, 0.5938, 0.6143, 1.1511, 0.5045, 0.8440,
        0.5436, 0.5581, 0.5376], device='cuda:1')
tensor([ 1.5265e-01,  5.3064e-01,  6.5317e-01,  7.3419e-01, -1.1798e-01,
         7.9436e-01,  7.6020e-01,  7.2512e-01,  1.2591e+00,  5.5152e-01,
         6.1565e-02,  1.3475e+00,  1.1349e-03, -1.2213e-02, -3.0203e+00],
       device='cuda:1')
Likelihood: -158.57582092285156
Solve time for step 2 (global step 44) 10.604466010001488
Current ori: tensor([ 1.1349e-03, -1.2213e-02, -3.0203e+00], device='cuda:1')
Middle force: tensor([1.1028, 0.5344, 0.5800, 0.7855, 0.7259, 0.9135, 0.7326, 1.5147, 0.7123,
        0.5290, 1.0109], device='cuda:1')
Thumb force: tensor([1.5259, 0.7400, 0.7266, 0.5814, 1.5498, 0.7738, 2.0801, 0.7891, 0.9694,
        1.1873, 0.8232], device='cuda:1')
Index force: tensor([0.7155, 0.6657, 0.7755, 0.5723, 0.5990, 1.1271, 0.5026, 0.8222, 0.5363,
        0.5505, 0.5320], device='cuda:1')
tensor([ 1.5038e-01,  5.1981e-01,  6.7117e-01,  7.2218e-01, -1.0382e-01,
         8.7113e-01,  6.7189e-01,  6.4382e-01,  1.2282e+00,  5.8634e-01,
         5.8035e-02,  1.4238e+00,  2.2355e-03, -1.0885e-02, -2.8972e+00],
       device='cuda:1')
Likelihood: -180.0560760498047
Solve time for step 3 (global step 45) 10.071388516982552
Current ori: tensor([ 2.2355e-03, -1.0885e-02, -2.8972e+00], device='cuda:1')
Middle force: tensor([1.0902, 1.1619, 0.5020, 0.6666, 1.1027, 1.4154, 0.5102, 0.6900, 0.8650,
        0.5399], device='cuda:1')
Thumb force: tensor([0.5654, 1.2904, 1.4590, 1.1703, 1.1899, 1.1801, 0.6449, 0.9186, 0.8957,
        1.4175], device='cuda:1')
Index force: tensor([0.8601, 0.6258, 1.3442, 0.8216, 0.5035, 0.5717, 0.5903, 0.5133, 0.6442,
        0.8907], device='cuda:1')
tensor([ 0.1426,  0.5429,  0.6316,  0.7234, -0.0947,  0.9374,  0.5964,  0.5471,
         1.2238,  0.5880,  0.0392,  1.4817, -0.0034, -0.0075, -2.7802],
       device='cuda:1')
Likelihood: -206.811279296875
Solve time for step 4 (global step 46) 9.21315454802243
Current ori: tensor([-0.0034, -0.0075, -2.7802], device='cuda:1')
Middle force: tensor([0.5562, 0.8741, 0.6859, 0.9609, 1.0451, 0.9719, 0.8402, 0.5033, 0.9596],
       device='cuda:1')
Thumb force: tensor([0.7625, 0.8805, 0.6870, 1.0215, 0.8251, 0.5455, 0.8635, 0.8368, 0.8414],
       device='cuda:1')
Index force: tensor([0.7073, 0.7517, 0.6965, 0.5810, 0.7628, 0.6235, 0.7442, 0.6178, 0.6042],
       device='cuda:1')
tensor([ 1.2961e-01,  5.5511e-01,  6.2956e-01,  6.6612e-01, -1.1458e-01,
         8.9391e-01,  6.3342e-01,  6.1016e-01,  1.2148e+00,  6.3746e-01,
         9.1416e-02,  1.3844e+00, -1.0677e-02, -7.5496e-04, -2.8820e+00],
       device='cuda:1')
Likelihood: -194.49989318847656
Solve time for step 5 (global step 47) 8.78466302898596
Current ori: tensor([-1.0677e-02, -7.5496e-04, -2.8820e+00], device='cuda:1')
Middle force: tensor([0.8090, 0.8663, 0.9873, 0.7301, 1.4180, 0.6574, 0.5149, 0.9402],
       device='cuda:1')
Thumb force: tensor([0.7533, 1.5457, 0.7177, 1.8555, 0.7898, 0.8871, 1.1180, 0.7259],
       device='cuda:1')
Index force: tensor([0.5553, 0.5845, 1.0772, 0.5005, 0.7963, 0.5227, 0.5350, 0.5186],
       device='cuda:1')
tensor([ 1.1397e-01,  5.7089e-01,  6.1113e-01,  6.2866e-01, -1.0318e-01,
         9.7186e-01,  5.4060e-01,  5.0137e-01,  1.2316e+00,  6.1635e-01,
         4.3950e-02,  1.4579e+00, -1.8293e-02,  1.8012e-03, -2.7734e+00],
       device='cuda:1')
Likelihood: -200.4783477783203
Solve time for step 6 (global step 48) 7.365890138025861
Current ori: tensor([-1.8293e-02,  1.8012e-03, -2.7734e+00], device='cuda:1')
Middle force: tensor([0.7576, 1.0797, 1.2876, 0.5004, 0.7911, 0.5096, 0.5617],
       device='cuda:1')
Thumb force: tensor([1.3516, 1.3569, 1.3148, 0.8846, 0.7957, 0.5170, 1.2062],
       device='cuda:1')
Index force: tensor([0.7840, 0.5077, 0.5328, 0.7068, 0.6572, 0.6720, 0.5645],
       device='cuda:1')
tensor([ 8.7377e-02,  5.8882e-01,  5.6301e-01,  6.2251e-01, -9.2409e-02,
         1.0577e+00,  4.3270e-01,  3.6522e-01,  1.1783e+00,  6.8178e-01,
         8.5084e-02,  1.5125e+00, -2.6252e-02, -5.4887e-04, -2.6720e+00],
       device='cuda:1')
Likelihood: -246.0771942138672
State is out of distribution
Final likelihood: tensor([ -5.5083,  -6.0278,  -6.1502,  -6.2481,  -6.3299,  -6.4249,  -6.6822,
         -8.0259,  -8.1812,  -8.4390,  -8.5278,  -9.6998, -10.0048, -10.4035,
        -10.7354, -10.9254], device='cuda:1', grad_fn=<IndexBackward0>)
Final likelihood: tensor([ -5.5083,  -6.0278,  -6.1502,  -6.2481,  -6.3299,  -6.4249,  -6.6822,
         -8.0259,  -8.1812,  -8.4390,  -8.5278,  -9.6998, -10.0048, -10.4035,
        -10.7354, -10.9254], device='cuda:1', grad_fn=<IndexBackward0>)
1 mode projection succeeded
New goal: tensor([ 0.1052,  0.6129,  0.5556,  0.5313, -0.1221,  0.5707,  0.8603,  0.9081,
         1.2153,  0.3348,  0.2376,  1.2174,  0.0113,  0.0133, -2.6714],
       device='cuda:1')
tensor([[6.7167e-06]], device='cuda:1') tensor([[0.0009]], device='cuda:1') tensor([[0.0010]], device='cuda:1')
Likelihood: -154.2676239013672
