Importing module 'gym_38' (/home/abhinav/Documents/isaacgym/python/isaacgym/_bindings/linux-x86_64/gym_38.so)
Setting GYM_USD_PLUG_INFO_PATH to /home/abhinav/Documents/isaacgym/python/isaacgym/_bindings/linux-x86_64/usd/plugInfo.json
PyTorch version 2.4.1+cu121
Device count 2
/home/abhinav/Documents/isaacgym/python/isaacgym/_bindings/src/gymtorch
ninja: no work to do.
No ROS install found, continuing
CCAI_PATH /home/abhinav/Documents/ccai
Not connected to PVD
Physics Engine: PhysX
Physics Device: cpu
GPU Pipeline: disabled
Using VHACD cache directory '/home/abhinav/.isaacgym/vhacd'
Found existing convex decomposition for mesh '/home/abhinav/Documents/github/isaacgym-arm-envs/isaac_victor_envs/assets/xela_models/mesh/allegro/base_ns.stl'
Found existing convex decomposition for mesh '/home/abhinav/Documents/github/isaacgym-arm-envs/isaac_victor_envs/assets/xela_models/mesh/allegro/link_1.0.stl'
Found existing convex decomposition for mesh '/home/abhinav/Documents/github/isaacgym-arm-envs/isaac_victor_envs/assets/xela_models/mesh/ft_c.stl'
[ models/temporal ] Channel dimensions: [(37, 128), (128, 256), (256, 512)]
[ models/temporal ] Channel dimensions: [(37, 128), (128, 256), (256, 512)]

Trial 1
No action perturbation this trial
Loaded trajectory sampler
Current yaw: tensor([ 0.0176,  0.0210, -1.2069], device='cuda:1')
Current yaw: tensor([ 0.0176,  0.0210, -1.2069], device='cuda:1')
1 turn
Likelihood: -65.08808135986328
Sampling time 3.6037758669699542
tensor([ 0.1180,  0.6152,  0.5623,  0.6061, -0.1157,  0.5658,  0.9149,  0.8826,
         1.2362,  0.3273,  0.2745,  1.1486,  0.0176,  0.0210, -1.2069],
       device='cuda:1')
Solve time for step 1 (global step 0) 15.953209628991317
Current ori: tensor([ 0.0176,  0.0210, -1.2069], device='cuda:1')
Middle force: tensor([0.5120, 3.1945, 0.7447, 1.8274, 1.9445, 2.4854, 0.8375, 0.9615, 1.1369,
        0.5792, 0.6390, 0.6783], device='cuda:1')
Thumb force: tensor([2.2461, 3.3835, 1.0185, 1.5094, 1.8935, 2.3022, 1.2050, 1.2092, 1.6049,
        0.5740, 0.5210, 0.7183], device='cuda:1')
Index force: tensor([1.0494, 0.6067, 1.2374, 0.7203, 0.7268, 0.6698, 0.5514, 0.6577, 0.7236,
        0.5090, 0.5068, 0.7570], device='cuda:1')
tensor([ 0.1326,  0.6330,  0.5593,  0.5920, -0.1288,  0.5755,  0.9124,  0.8873,
         1.2201,  0.4073,  0.2738,  1.1351,  0.0130,  0.0089, -1.2554],
       device='cuda:1')
Likelihood: -67.585693359375
Solve time for step 2 (global step 1) 16.484034464985598
Current ori: tensor([ 0.0130,  0.0089, -1.2554], device='cuda:1')
Middle force: tensor([3.0061, 0.7357, 1.7310, 1.8628, 2.3576, 0.8074, 0.9129, 1.0999, 0.5691,
        0.6228, 0.6550], device='cuda:1')
Thumb force: tensor([3.2253, 0.9718, 1.4643, 1.7907, 2.1941, 1.1545, 1.1764, 1.5219, 0.5641,
        0.5164, 0.7059], device='cuda:1')
Index force: tensor([0.5920, 1.1847, 0.6956, 0.7073, 0.6534, 0.5457, 0.6389, 0.7024, 0.5076,
        0.5050, 0.7323], device='cuda:1')
tensor([ 0.1131,  0.6583,  0.5296,  0.5406, -0.1442,  0.5318,  0.9441,  0.9631,
         1.2792,  0.3685,  0.2723,  1.0362,  0.0062,  0.0168, -1.4357],
       device='cuda:1')
Likelihood: -90.54580688476562
Solve time for step 3 (global step 2) 17.839866943017114
Current ori: tensor([ 0.0062,  0.0168, -1.4357], device='cuda:1')
Middle force: tensor([0.7273, 1.6553, 1.7850, 2.2388, 0.7792, 0.8691, 1.0552, 0.5590, 0.6056,
        0.6294], device='cuda:1')
Thumb force: tensor([0.9323, 1.4033, 1.6913, 2.0828, 1.1008, 1.1352, 1.4421, 0.5524, 0.5113,
        0.6882], device='cuda:1')
Index force: tensor([1.1324, 0.6808, 0.6901, 0.6443, 0.5388, 0.6238, 0.6837, 0.5061, 0.5030,
        0.7094], device='cuda:1')
tensor([ 0.0946,  0.6708,  0.5085,  0.5102, -0.1560,  0.5223,  0.9450,  0.9745,
         1.3045,  0.3662,  0.2678,  1.0002,  0.0016,  0.0240, -1.4812],
       device='cuda:1')
Likelihood: -110.0271987915039
Solve time for step 4 (global step 3) 17.03628091403516
Current ori: tensor([ 0.0016,  0.0240, -1.4812], device='cuda:1')
Middle force: tensor([0.5609, 0.9270, 1.0940, 0.5003, 0.5092, 0.6543, 1.2385, 0.7685, 0.8429],
       device='cuda:1')
Thumb force: tensor([0.5100, 0.5672, 1.3447, 1.6957, 0.7529, 0.8242, 0.9646, 1.4717, 1.0081],
       device='cuda:1')
Index force: tensor([0.6498, 0.8171, 0.7475, 0.8897, 0.6094, 0.7748, 0.6865, 0.8345, 0.6940],
       device='cuda:1')
tensor([ 1.0889e-01,  6.7251e-01,  5.2185e-01,  5.0909e-01, -1.4523e-01,
         5.3623e-01,  9.2765e-01,  9.8984e-01,  1.2760e+00,  4.0484e-01,
         2.6580e-01,  1.0215e+00, -3.3986e-05,  1.6439e-02, -1.4850e+00],
       device='cuda:1')
Likelihood: -88.20741271972656
Solve time for step 5 (global step 4) 15.9485145949875
Current ori: tensor([-3.3986e-05,  1.6439e-02, -1.4850e+00], device='cuda:1')
Middle force: tensor([0.9055, 1.0740, 0.5002, 0.5073, 0.6324, 1.1836, 0.7305, 0.8336],
       device='cuda:1')
Thumb force: tensor([0.5602, 1.2725, 1.6128, 0.7354, 0.8067, 0.9376, 1.4178, 0.9497],
       device='cuda:1')
Index force: tensor([0.7904, 0.7241, 0.8662, 0.5996, 0.7521, 0.6679, 0.7932, 0.6804],
       device='cuda:1')
tensor([ 1.1560e-01,  6.6905e-01,  5.3201e-01,  5.1253e-01, -1.4147e-01,
         5.2797e-01,  9.3475e-01,  1.0196e+00,  1.2785e+00,  4.2423e-01,
         2.5873e-01,  1.0086e+00,  1.5067e-03,  1.2214e-02, -1.5329e+00],
       device='cuda:1')
Likelihood: -96.07806396484375
Solve time for step 6 (global step 5) 15.278311359987129
Current ori: tensor([ 1.5067e-03,  1.2214e-02, -1.5329e+00], device='cuda:1')
Middle force: tensor([1.0631, 0.5000, 0.5061, 0.6152, 1.1337, 0.6973, 0.8227],
       device='cuda:1')
Thumb force: tensor([1.2221, 1.5389, 0.7219, 0.7909, 0.9144, 1.3701, 0.9030],
       device='cuda:1')
Index force: tensor([0.6968, 0.8619, 0.5910, 0.7305, 0.6524, 0.7558, 0.6673],
       device='cuda:1')
tensor([ 1.1981e-01,  6.6900e-01,  5.3816e-01,  5.0901e-01, -1.3809e-01,
         5.0668e-01,  9.5702e-01,  1.0551e+00,  1.2963e+00,  4.5210e-01,
         2.7325e-01,  9.3048e-01,  1.2354e-03,  1.0313e-02, -1.6448e+00],
       device='cuda:1')
Likelihood: -125.71176147460938
Solve time for step 7 (global step 6) 12.98001039098017
Current ori: tensor([ 1.2354e-03,  1.0313e-02, -1.6448e+00], device='cuda:1')
Middle force: tensor([0.5000, 0.5053, 0.5998, 1.0898, 0.6689, 0.8090], device='cuda:1')
Thumb force: tensor([1.4740, 0.7102, 0.7788, 0.8896, 1.3299, 0.8673], device='cuda:1')
Index force: tensor([0.8450, 0.5829, 0.7133, 0.6405, 0.7232, 0.6544], device='cuda:1')
tensor([ 0.1107,  0.6976,  0.5087,  0.4669, -0.1492,  0.5107,  0.9628,  1.0565,
         1.3258,  0.4592,  0.2691,  0.8823, -0.0077,  0.0150, -1.7066],
       device='cuda:1')
Likelihood: -152.15037536621094
Solve time for step 8 (global step 7) 13.250030989991501
Current ori: tensor([-0.0077,  0.0150, -1.7066], device='cuda:1')
Middle force: tensor([0.5723, 0.7899, 1.0219, 1.9323, 0.7146], device='cuda:1')
Thumb force: tensor([0.7401, 0.7435, 1.4373, 1.6458, 0.5176], device='cuda:1')
Index force: tensor([0.7506, 0.6282, 0.6304, 0.5451, 0.5868], device='cuda:1')
tensor([ 0.1070,  0.7142,  0.4820,  0.4547, -0.1546,  0.5145,  0.9649,  1.0689,
         1.3752,  0.4104,  0.2538,  0.8318, -0.0120,  0.0168, -1.7512],
       device='cuda:1')
Likelihood: -159.83377075195312
Solve time for step 9 (global step 8) 12.537441969965585
Current ori: tensor([-0.0120,  0.0168, -1.7512], device='cuda:1')
Middle force: tensor([1.3098, 0.5241, 0.8080, 1.2074], device='cuda:1')
Thumb force: tensor([0.7220, 1.3425, 0.5751, 0.6802], device='cuda:1')
Index force: tensor([0.6561, 0.6596, 0.5969, 0.6251], device='cuda:1')
tensor([ 0.1227,  0.7210,  0.4820,  0.4761, -0.1381,  0.5097,  0.9766,  1.1186,
         1.3901,  0.4030,  0.2611,  0.7622, -0.0114,  0.0062, -1.8440],
       device='cuda:1')
Likelihood: -169.3070068359375
State is out of distribution
Final likelihood: tensor([-3.3424, -3.4519, -3.5895, -3.7034, -4.3365, -4.4568, -4.7694, -4.7713,
        -5.7082, -5.8032, -5.8699, -5.9752, -6.1282, -7.4130, -7.6644, -8.6313],
       device='cuda:1', grad_fn=<IndexBackward0>)
Final likelihood: tensor([-3.3424, -3.4519, -3.5895, -3.7034, -4.3365, -4.4568, -4.7694, -4.7713,
        -5.7082, -5.8032, -5.8699, -5.9752, -6.1282, -7.4130, -7.6644, -8.6313],
       device='cuda:1', grad_fn=<IndexBackward0>)
1 mode projection succeeded
New goal: tensor([ 0.1264,  0.6257,  0.5382,  0.5776, -0.1092,  0.5574,  0.8994,  0.8193,
         1.1941,  0.3551,  0.2672,  1.1643, -0.0111,  0.0132, -1.8446],
       device='cuda:1')
tensor([[0.0009]], device='cuda:1') tensor([[0.0003]], device='cuda:1') tensor([[0.0006]], device='cuda:1')
Likelihood: -146.4447021484375
Likelihood: -158.51393127441406
{'index': 158.51393127441406, 'thumb_middle': 146.4447021484375}
Plan time: 33.63283199898433
Current yaw: tensor([-0.0114,  0.0062, -1.8446], device='cuda:1')
2 thumb_middle
tensor([ 0.1226,  0.7209,  0.4819,  0.4761, -0.1380,  0.5100,  0.9770,  1.1189,
         1.3903,  0.4030,  0.2611,  0.7621, -0.0114,  0.0062, -1.8446],
       device='cuda:1')
Solve time for step 1 (global step 9) 10.309491027961485
Current ori: tensor([-0.0114,  0.0062, -1.8446], device='cuda:1')
Index force: tensor([0.6107, 0.5805, 0.6135], device='cuda:1')
tensor([ 0.1233,  0.7527,  0.4382,  0.4578, -0.2097,  0.4866,  0.8776,  0.9768,
         1.2343,  0.3850,  0.2049,  0.9037, -0.0188,  0.0052, -1.8445],
       device='cuda:1')
Solve time for step 2 (global step 10) 11.980228209984489
Current ori: tensor([-0.0188,  0.0052, -1.8445], device='cuda:1')
Index force: tensor([0.5620, 0.6001], device='cuda:1')
tensor([ 0.1237,  0.7713,  0.4211,  0.4215, -0.2076,  0.5190,  0.8546,  0.8923,
         1.1785,  0.3881,  0.2052,  1.0026, -0.0245,  0.0048, -1.8445],
       device='cuda:1')
Solve time for step 3 (global step 11) 11.368111883988604
Current ori: tensor([-0.0245,  0.0048, -1.8445], device='cuda:1')
Index force: tensor([0.5720], device='cuda:1')
Current yaw: tensor([-0.0296,  0.0029, -1.8400], device='cuda:1')
3 turn
Likelihood: -106.48401641845703
Sampling time 3.9593968730187044
tensor([ 0.1284,  0.7976,  0.3792,  0.4086, -0.1087,  0.5919,  0.8880,  0.8787,
         1.2056,  0.4060,  0.2872,  1.0800, -0.0296,  0.0029, -1.8400],
       device='cuda:1')
Solve time for step 1 (global step 12) 20.108953934977762
Current ori: tensor([-0.0296,  0.0029, -1.8400], device='cuda:1')
Middle force: tensor([0.8253, 0.8043, 0.5205, 0.8596, 0.7375, 1.0204, 1.9313, 0.9485, 1.0260,
        0.5230, 1.0546, 1.5492], device='cuda:1')
Thumb force: tensor([1.4696, 1.3586, 0.8062, 0.7559, 0.6619, 1.6161, 1.9551, 0.6771, 0.7423,
        0.6801, 0.6654, 0.9049], device='cuda:1')
Index force: tensor([0.6106, 0.6288, 0.9022, 0.6020, 0.6596, 0.6470, 0.5764, 1.0075, 0.6813,
        0.7791, 0.5701, 0.5454], device='cuda:1')
tensor([ 0.1236,  0.7556,  0.4468,  0.4213, -0.1209,  0.5949,  0.8813,  0.9058,
         1.2569,  0.3432,  0.2379,  1.1182, -0.0228,  0.0052, -1.8747],
       device='cuda:1')
Likelihood: -109.88145446777344
Solve time for step 2 (global step 13) 18.586857813992538
Current ori: tensor([-0.0228,  0.0052, -1.8747], device='cuda:1')
Middle force: tensor([0.8124, 0.5253, 0.8472, 0.7234, 0.9933, 1.8551, 0.9329, 0.9919, 0.5208,
        1.0227, 1.4891], device='cuda:1')
Thumb force: tensor([1.3125, 0.7962, 0.7436, 0.6523, 1.5486, 1.8607, 0.6600, 0.7278, 0.6673,
        0.6503, 0.8742], device='cuda:1')
Index force: tensor([0.6150, 0.8639, 0.5924, 0.6494, 0.6355, 0.5713, 0.9766, 0.6684, 0.7651,
        0.5652, 0.5413], device='cuda:1')
tensor([ 0.1226,  0.7436,  0.4538,  0.4525, -0.1220,  0.5763,  0.8886,  0.9539,
         1.2305,  0.4264,  0.2662,  1.0705, -0.0188,  0.0046, -1.9547],
       device='cuda:1')
Likelihood: -87.00371551513672
Solve time for step 3 (global step 14) 17.51520518300822
Current ori: tensor([-0.0188,  0.0046, -1.9547], device='cuda:1')
Middle force: tensor([0.5316, 0.8480, 0.7148, 0.9761, 1.7773, 0.9222, 0.9589, 0.5191, 0.9924,
        1.4227], device='cuda:1')
Thumb force: tensor([0.7671, 0.7350, 0.6428, 1.4742, 1.7771, 0.6403, 0.7107, 0.6546, 0.6329,
        0.8488], device='cuda:1')
Index force: tensor([0.8274, 0.5819, 0.6413, 0.6271, 0.5669, 0.9472, 0.6573, 0.7485, 0.5612,
        0.5387], device='cuda:1')
tensor([ 0.1148,  0.7562,  0.4337,  0.4257, -0.1358,  0.5773,  0.8923,  0.9557,
         1.2732,  0.3860,  0.2535,  1.0263, -0.0230,  0.0102, -1.9998],
       device='cuda:1')
Likelihood: -85.02918243408203
Solve time for step 4 (global step 15) 16.21705421496881
Current ori: tensor([-0.0230,  0.0102, -1.9998], device='cuda:1')
Middle force: tensor([0.8612, 0.7159, 0.9631, 1.7134, 0.9073, 0.9271, 0.5169, 0.9610, 1.3648],
       device='cuda:1')
Thumb force: tensor([0.7392, 0.6306, 1.4125, 1.6928, 0.6291, 0.6944, 0.6430, 0.6187, 0.8224],
       device='cuda:1')
Index force: tensor([0.5683, 0.6391, 0.6195, 0.5621, 0.9158, 0.6462, 0.7353, 0.5565, 0.5356],
       device='cuda:1')
tensor([ 0.1198,  0.7532,  0.4409,  0.4359, -0.1316,  0.5586,  0.9149,  0.9823,
         1.3163,  0.3428,  0.2340,  0.9768, -0.0213,  0.0064, -2.0828],
       device='cuda:1')
Likelihood: -103.6004867553711
Solve time for step 5 (global step 16) 15.232374568004161
Current ori: tensor([-0.0213,  0.0064, -2.0828], device='cuda:1')
Middle force: tensor([1.6322, 0.5171, 0.7910, 0.6400, 0.8366, 0.6082, 0.7735, 0.6475],
       device='cuda:1')
Thumb force: tensor([0.7873, 0.5193, 1.0199, 0.6856, 0.8816, 0.8457, 0.6247, 0.8776],
       device='cuda:1')
Index force: tensor([0.7777, 0.5882, 0.7919, 0.9518, 0.7810, 0.5617, 0.6431, 0.8619],
       device='cuda:1')
tensor([ 0.1237,  0.7715,  0.4230,  0.4081, -0.1203,  0.5220,  0.9648,  1.0144,
         1.3658,  0.2991,  0.2535,  0.8493, -0.0260,  0.0031, -2.2651],
       device='cuda:1')
Likelihood: -155.51406860351562
Solve time for step 6 (global step 17) 14.455691555980593
Current ori: tensor([-0.0260,  0.0031, -2.2651], device='cuda:1')
Middle force: tensor([0.5331, 0.5406, 0.5380, 0.9053, 0.9621, 0.7029, 0.9625],
       device='cuda:1')
Thumb force: tensor([0.8610, 0.8277, 0.5047, 0.5154, 0.5698, 1.0859, 1.1126],
       device='cuda:1')
Index force: tensor([0.6542, 0.5174, 0.5423, 0.5662, 0.5168, 0.5178, 0.5021],
       device='cuda:1')
tensor([ 0.1251,  0.7832,  0.4029,  0.4055, -0.1204,  0.5172,  0.9745,  1.0379,
         1.3828,  0.3090,  0.2693,  0.7762, -0.0286,  0.0032, -2.3354],
       device='cuda:1')
Likelihood: -188.497802734375
State is out of distribution
Final likelihood: tensor([-2.7678, -3.3707, -3.6599, -3.9774, -4.0744, -4.3503, -4.6372, -4.6875,
        -4.9406, -4.9473, -5.8375, -6.4893, -6.7078, -7.0102, -7.6545, -8.2396],
       device='cuda:1', grad_fn=<IndexBackward0>)
Final likelihood: tensor([-2.7678, -3.3707, -3.6599, -3.9774, -4.0744, -4.3503, -4.6372, -4.6875,
        -4.9406, -4.9473, -5.8375, -6.4893, -6.7078, -7.0102, -7.6545, -8.2396],
       device='cuda:1', grad_fn=<IndexBackward0>)
1 mode projection succeeded
New goal: tensor([ 0.1443,  0.6304,  0.5618,  0.5513, -0.1112,  0.5927,  0.8332,  0.8822,
         1.1838,  0.3130,  0.2933,  1.1894, -0.0048,  0.0103, -2.3361],
       device='cuda:1')
tensor([[0.0005]], device='cuda:1') tensor([[0.0003]], device='cuda:1') tensor([[0.0007]], device='cuda:1')
Likelihood: -91.5255126953125
Likelihood: -160.08578491210938
{'index': 160.08578491210938, 'thumb_middle': 91.5255126953125}
Plan time: 29.257761858112644
Current yaw: tensor([-0.0286,  0.0035, -2.3361], device='cuda:1')
4 thumb_middle
tensor([ 0.1249,  0.7831,  0.4030,  0.4056, -0.1205,  0.5183,  0.9748,  1.0378,
         1.3833,  0.3092,  0.2693,  0.7760, -0.0286,  0.0035, -2.3361],
       device='cuda:1')
Solve time for step 1 (global step 18) 10.282245542039163
Current ori: tensor([-0.0286,  0.0035, -2.3361], device='cuda:1')
Index force: tensor([0.5962, 0.5908, 0.4999], device='cuda:1')
tensor([ 1.2841e-01,  7.3087e-01,  4.5883e-01,  5.1323e-01, -2.1194e-01,
         4.9601e-01,  8.6836e-01,  9.6791e-01,  1.2411e+00,  3.0932e-01,
         2.1362e-01,  9.1560e-01, -1.1605e-02,  8.1649e-04, -2.3361e+00],
       device='cuda:1')
Solve time for step 2 (global step 19) 9.90367835003417
Current ori: tensor([-1.1605e-02,  8.1649e-04, -2.3361e+00], device='cuda:1')
Index force: tensor([0.5000, 0.5921], device='cuda:1')
tensor([ 1.2667e-01,  7.1953e-01,  4.8848e-01,  4.7651e-01, -2.0578e-01,
         5.1493e-01,  8.3819e-01,  9.2553e-01,  1.1802e+00,  3.0265e-01,
         2.2152e-01,  1.0235e+00, -1.1781e-02,  2.1167e-03, -2.3361e+00],
       device='cuda:1')
Solve time for step 3 (global step 20) 12.622429404000286
Current ori: tensor([-1.1781e-02,  2.1167e-03, -2.3361e+00], device='cuda:1')
Index force: tensor([0.5582], device='cuda:1')
Current yaw: tensor([-1.8397e-02,  2.2189e-03, -2.3332e+00], device='cuda:1')
5 turn
Likelihood: -91.81665802001953
Sampling time 4.053335255011916
tensor([ 1.2478e-01,  7.4543e-01,  4.5551e-01,  4.4749e-01, -1.0799e-01,
         5.9312e-01,  8.7030e-01,  9.1410e-01,  1.2142e+00,  3.3583e-01,
         3.0768e-01,  1.0772e+00, -1.8397e-02,  2.2189e-03, -2.3332e+00],
       device='cuda:1')
Solve time for step 1 (global step 21) 20.16346596798394
Current ori: tensor([-1.8397e-02,  2.2189e-03, -2.3332e+00], device='cuda:1')
Middle force: tensor([1.6699, 0.5803, 1.5482, 2.0227, 0.5643, 0.8106, 1.1250, 1.6819, 0.5416,
        0.5359, 0.8227, 0.7628], device='cuda:1')
Thumb force: tensor([1.6477, 2.4395, 1.7633, 1.1352, 1.3864, 0.8217, 1.3430, 1.8839, 1.0530,
        0.5502, 1.4509, 0.9198], device='cuda:1')
Index force: tensor([1.2052, 1.1969, 0.7512, 0.7223, 0.6581, 0.5578, 0.7400, 1.6366, 1.1375,
        0.5566, 0.6697, 0.8110], device='cuda:1')
tensor([ 0.1191,  0.7518,  0.4628,  0.3528, -0.1115,  0.5618,  0.8197,  1.1729,
         1.2331,  0.3775,  0.3764,  0.8512, -0.0248,  0.0066, -2.6011],
       device='cuda:1')
Likelihood: -171.0477752685547
State is out of distribution
Final likelihood: tensor([ -5.4959,  -5.5237,  -5.5947,  -5.7034,  -5.8003,  -6.1224,  -6.2258,
         -6.4634,  -6.8316,  -7.2651,  -8.0973,  -8.8703,  -9.2567,  -9.5949,
        -10.3648, -16.2836], device='cuda:1', grad_fn=<IndexBackward0>)
Final likelihood: tensor([ -5.4959,  -5.5237,  -5.5947,  -5.7034,  -5.8003,  -6.1224,  -6.2258,
         -6.4634,  -6.8316,  -7.2651,  -8.0973,  -8.8703,  -9.2567,  -9.5949,
        -10.3648, -16.2836], device='cuda:1', grad_fn=<IndexBackward0>)
1 mode projection succeeded
New goal: tensor([ 1.5996e-01,  6.4523e-01,  5.6051e-01,  5.4818e-01, -1.2986e-01,
         5.9756e-01,  8.6268e-01,  9.1156e-01,  1.2444e+00,  3.3997e-01,
         2.1668e-01,  1.1354e+00, -1.1398e-02, -9.7082e-05, -2.6024e+00],
       device='cuda:1')
tensor([[0.0006]], device='cuda:1') tensor([[0.0003]], device='cuda:1') tensor([[0.0008]], device='cuda:1')
Likelihood: -85.58448028564453
Likelihood: -150.04147338867188
{'index': 150.04147338867188, 'thumb_middle': 85.58448028564453}
Plan time: 34.19497114693513
Current yaw: tensor([-0.0248,  0.0067, -2.6024], device='cuda:1')
6 thumb_middle
tensor([ 0.1186,  0.7516,  0.4628,  0.3526, -0.1109,  0.5621,  0.8201,  1.1738,
         1.2334,  0.3776,  0.3765,  0.8505, -0.0248,  0.0067, -2.6024],
       device='cuda:1')
Solve time for step 1 (global step 22) 11.880694844992831
Current ori: tensor([-0.0248,  0.0067, -2.6024], device='cuda:1')
Index force: tensor([0.5739, 0.5543, 0.5713], device='cuda:1')
tensor([ 1.2473e-01,  7.1769e-01,  5.0262e-01,  4.4091e-01, -2.1225e-01,
         5.1704e-01,  7.9603e-01,  1.0701e+00,  1.1781e+00,  3.4521e-01,
         2.5179e-01,  9.5633e-01, -1.2466e-02,  1.7440e-03, -2.6025e+00],
       device='cuda:1')
Solve time for step 2 (global step 23) 9.987832996994257
Current ori: tensor([-1.2466e-02,  1.7440e-03, -2.6025e+00], device='cuda:1')
Index force: tensor([0.5387, 0.5537], device='cuda:1')
tensor([ 0.1216,  0.7086,  0.5111,  0.4475, -0.2285,  0.5569,  0.7851,  0.9943,
         1.1810,  0.3481,  0.2384,  0.9626, -0.0102,  0.0038, -2.6025],
       device='cuda:1')
Solve time for step 3 (global step 24) 11.009382781980094
Current ori: tensor([-0.0102,  0.0038, -2.6025], device='cuda:1')
Index force: tensor([0.5000], device='cuda:1')
Current yaw: tensor([-1.0661e-02,  2.1261e-03, -2.6024e+00], device='cuda:1')
7 turn
Likelihood: -105.47305297851562
Sampling time 4.104436227993574
tensor([ 1.2373e-01,  7.0138e-01,  5.3580e-01,  4.1639e-01, -1.4109e-01,
         6.4026e-01,  8.1369e-01,  1.0157e+00,  1.2453e+00,  3.8592e-01,
         2.7452e-01,  1.0385e+00, -1.0661e-02,  2.1261e-03, -2.6024e+00],
       device='cuda:1')
Solve time for step 1 (global step 25) 18.32331270701252
Current ori: tensor([-1.0661e-02,  2.1261e-03, -2.6024e+00], device='cuda:1')
Middle force: tensor([0.7671, 0.7648, 1.4820, 1.4465, 0.9114, 1.2671, 0.9186, 1.1451, 0.6481,
        0.5606, 1.3758, 1.1741], device='cuda:1')
Thumb force: tensor([0.8202, 1.8311, 1.2488, 1.4132, 0.5042, 0.8540, 0.7356, 1.1266, 1.1634,
        0.9068, 1.2253, 1.2918], device='cuda:1')
Index force: tensor([0.8256, 0.6455, 0.8205, 0.8023, 0.8355, 0.5660, 0.6857, 0.7618, 0.9689,
        1.0221, 0.5052, 0.5037], device='cuda:1')
tensor([ 0.1150,  0.7026,  0.5155,  0.4401, -0.1553,  0.6243,  0.8597,  0.9799,
         1.2495,  0.4015,  0.2691,  1.0466, -0.0096,  0.0069, -2.6040],
       device='cuda:1')
Likelihood: -107.84640502929688
Solve time for step 2 (global step 26) 17.27176466595847
Current ori: tensor([-0.0096,  0.0069, -2.6040], device='cuda:1')
Middle force: tensor([1.4306, 1.1595, 0.5061, 0.5015, 0.6772, 0.7300, 0.9288, 0.8499, 0.5399,
        0.8672, 0.8432], device='cuda:1')
Thumb force: tensor([1.0177, 1.8474, 0.7371, 0.7236, 0.9360, 1.5882, 1.0908, 0.8819, 0.6139,
        0.7204, 0.9577], device='cuda:1')
Index force: tensor([0.7339, 0.7418, 0.8367, 0.6524, 1.0614, 0.7386, 0.5516, 0.5000, 1.1111,
        0.7622, 0.8159], device='cuda:1')
tensor([ 0.1158,  0.6953,  0.5260,  0.4464, -0.1566,  0.5895,  0.8970,  1.0219,
         1.3156,  0.3172,  0.2302,  1.0199, -0.0074,  0.0061, -2.7299],
       device='cuda:1')
Likelihood: -111.56710815429688
Solve time for step 3 (global step 27) 16.410039624024648
Current ori: tensor([-0.0074,  0.0061, -2.7299], device='cuda:1')
Middle force: tensor([1.4010, 1.4465, 0.8983, 1.1943, 0.8417, 1.0614, 0.6016, 0.5381, 1.2366,
        1.0433], device='cuda:1')
Thumb force: tensor([1.1344, 1.2423, 0.5016, 0.7686, 0.6618, 1.0132, 1.0640, 0.8190, 1.1094,
        1.1898], device='cuda:1')
Index force: tensor([0.7697, 0.7488, 0.7469, 0.5468, 0.6369, 0.7106, 0.8849, 0.9244, 0.5012,
        0.5007], device='cuda:1')
tensor([ 0.1086,  0.7101,  0.4913,  0.4537, -0.1634,  0.5691,  0.9164,  1.0440,
         1.3004,  0.3957,  0.2814,  0.9135, -0.0103,  0.0108, -2.8288],
       device='cuda:1')
Likelihood: -126.68092346191406
Solve time for step 4 (global step 28) 15.870407560025342
Current ori: tensor([-0.0103,  0.0108, -2.8288], device='cuda:1')
Middle force: tensor([0.5009, 0.5132, 1.3910, 0.8583, 0.5535, 0.5213, 0.6958, 1.2570, 0.5478],
       device='cuda:1')
Thumb force: tensor([1.1912, 0.6602, 1.3903, 1.1162, 0.6355, 0.7619, 1.0197, 0.5269, 0.7337],
       device='cuda:1')
Index force: tensor([1.2765, 0.6830, 0.7304, 0.6770, 0.6331, 0.6232, 0.8302, 0.7088, 0.7376],
       device='cuda:1')
tensor([ 0.1102,  0.7333,  0.4771,  0.3962, -0.1606,  0.5669,  0.9148,  1.0730,
         1.3391,  0.3533,  0.2812,  0.8506, -0.0178,  0.0106, -2.9183],
       device='cuda:1')
Likelihood: -154.35032653808594
Solve time for step 5 (global step 29) 14.065240247990005
Current ori: tensor([-0.0178,  0.0106, -2.9183], device='cuda:1')
Middle force: tensor([0.5201, 1.4623, 0.8325, 0.5500, 0.5167, 0.6855, 1.2066, 0.5449],
       device='cuda:1')
Thumb force: tensor([0.6459, 1.3457, 1.0725, 0.6170, 0.7296, 0.9693, 0.5206, 0.6960],
       device='cuda:1')
Index force: tensor([0.6569, 0.7185, 0.6623, 0.6196, 0.6085, 0.7982, 0.6835, 0.7132],
       device='cuda:1')
tensor([ 0.1191,  0.7277,  0.4965,  0.3952, -0.1539,  0.5673,  0.9193,  1.1052,
         1.3320,  0.3998,  0.3046,  0.7913, -0.0177,  0.0053, -2.9823],
       device='cuda:1')
Likelihood: -175.06234741210938
State is out of distribution
Final likelihood: tensor([-3.4743, -3.9648, -4.0758, -4.8423, -4.9879, -5.0177, -5.1302, -5.3869,
        -5.5511, -5.8237, -6.0663, -6.4676, -6.8690, -7.1006, -7.8670, -9.2572],
       device='cuda:1', grad_fn=<IndexBackward0>)
Final likelihood: tensor([-3.4743, -3.9648, -4.0758, -4.8423, -4.9879, -5.0177, -5.1302, -5.3869,
        -5.5511, -5.8237, -6.0663, -6.4676, -6.8690, -7.1006, -7.8670, -9.2572],
       device='cuda:1', grad_fn=<IndexBackward0>)
1 mode projection succeeded
New goal: tensor([ 0.1423,  0.6051,  0.5789,  0.5832, -0.1479,  0.5624,  0.8960,  0.9325,
         1.2149,  0.2639,  0.2954,  1.1754, -0.0038,  0.0133, -2.9827],
       device='cuda:1')
tensor([[0.0005]], device='cuda:1') tensor([[0.0002]], device='cuda:1') tensor([[0.0006]], device='cuda:1')
Likelihood: -113.19781494140625
Likelihood: -139.05926513671875
{'index': 139.05926513671875, 'thumb_middle': 113.19781494140625}
Plan time: 33.09289906400954
Current yaw: tensor([-0.0178,  0.0053, -2.9827], device='cuda:1')
8 thumb_middle
tensor([ 0.1191,  0.7276,  0.4966,  0.3952, -0.1540,  0.5673,  0.9193,  1.1053,
         1.3322,  0.3998,  0.3045,  0.7910, -0.0178,  0.0053, -2.9827],
       device='cuda:1')
Solve time for step 1 (global step 30) 12.952768224989995
Current ori: tensor([-0.0178,  0.0053, -2.9827], device='cuda:1')
Index force: tensor([0.5813, 0.5943, 0.5886], device='cuda:1')
tensor([ 0.1210,  0.7380,  0.4711,  0.4256, -0.2537,  0.5383,  0.8741,  0.9928,
         1.2270,  0.3242,  0.2206,  0.9181, -0.0177,  0.0039, -2.9827],
       device='cuda:1')
Solve time for step 2 (global step 31) 11.695112893008627
Current ori: tensor([-0.0177,  0.0039, -2.9827], device='cuda:1')
Index force: tensor([0.5727, 0.5739], device='cuda:1')
tensor([ 0.1209,  0.7508,  0.4632,  0.3783, -0.2393,  0.5504,  0.8377,  0.9609,
         1.1777,  0.3028,  0.2250,  1.0155, -0.0217,  0.0047, -2.9827],
       device='cuda:1')
Solve time for step 3 (global step 32) 9.635240716976114
Current ori: tensor([-0.0217,  0.0047, -2.9827], device='cuda:1')
Index force: tensor([0.5500], device='cuda:1')
Current yaw: tensor([-2.4762e-02,  1.9409e-03, -2.9787e+00], device='cuda:1')
9 turn
Likelihood: -121.68750762939453
Sampling time 3.888585551001597
tensor([ 1.2521e-01,  7.7328e-01,  4.2587e-01,  3.7885e-01, -1.4203e-01,
         6.1776e-01,  8.7672e-01,  9.5648e-01,  1.2142e+00,  3.2787e-01,
         3.0637e-01,  1.0783e+00, -2.4762e-02,  1.9409e-03, -2.9787e+00],
       device='cuda:1')
Solve time for step 1 (global step 33) 18.90460670500761
Current ori: tensor([-2.4762e-02,  1.9409e-03, -2.9787e+00], device='cuda:1')
Middle force: tensor([0.9281, 1.2524, 2.6770, 0.5012, 0.7024, 0.6687, 0.8883, 0.5945, 0.9349,
        1.2319, 0.8344, 0.9695], device='cuda:1')
Thumb force: tensor([0.7347, 1.5467, 1.2181, 1.5479, 0.6776, 0.8574, 0.8703, 0.5001, 0.7210,
        0.7190, 0.9453, 1.3166], device='cuda:1')
Index force: tensor([1.0602, 1.0857, 0.9374, 0.5618, 0.8597, 0.6462, 0.8160, 0.7204, 0.7991,
        0.8043, 0.5402, 0.5144], device='cuda:1')
tensor([ 0.1182,  0.7749,  0.4172,  0.3566, -0.1483,  0.6493,  0.8310,  0.9431,
         1.2957,  0.2139,  0.2460,  1.1333, -0.0255,  0.0069, -2.9111],
       device='cuda:1')
Likelihood: -126.65579986572266
Solve time for step 2 (global step 34) 17.737003894988447
Current ori: tensor([-0.0255,  0.0069, -2.9111], device='cuda:1')
Middle force: tensor([1.9527, 1.4006, 1.3139, 1.7583, 0.5249, 0.9745, 1.7697, 1.6750, 0.6400,
        1.8841, 0.7892], device='cuda:1')
Thumb force: tensor([1.9736, 1.9404, 1.2286, 1.0371, 1.3053, 1.3633, 0.6616, 2.9040, 0.7322,
        1.6809, 1.0004], device='cuda:1')
Index force: tensor([0.7145, 1.1932, 1.2381, 0.8439, 1.0104, 0.9448, 0.7452, 0.5862, 0.7203,
        0.6579, 0.5359], device='cuda:1')
tensor([ 0.0778,  0.7802,  0.3631,  0.3219, -0.1330,  0.7949,  0.7159,  0.7197,
         1.2775,  0.2127,  0.2268,  1.3230, -0.0206,  0.0053, -2.6465],
       device='cuda:1')
Likelihood: -186.51148986816406
State is out of distribution
Final likelihood: tensor([ -2.6569,  -5.0240,  -5.0796,  -5.1921,  -5.3639,  -5.4285,  -5.7261,
         -5.8029,  -5.9642,  -6.0258,  -6.5579,  -7.3820,  -7.3983,  -9.4147,
         -9.4642, -10.2461], device='cuda:1', grad_fn=<IndexBackward0>)
Final likelihood: tensor([ -2.6569,  -5.0240,  -5.0796,  -5.1921,  -5.3639,  -5.4285,  -5.7261,
         -5.8029,  -5.9642,  -6.0258,  -6.5579,  -7.3820,  -7.3983,  -9.4147,
         -9.4642, -10.2461], device='cuda:1', grad_fn=<IndexBackward0>)
1 mode projection succeeded
New goal: tensor([ 0.1315,  0.6454,  0.5545,  0.4891, -0.1348,  0.5515,  0.9128,  0.8930,
         1.2247,  0.3140,  0.2440,  1.1910, -0.0224,  0.0128, -2.6458],
       device='cuda:1')
tensor([[8.3458e-05]], device='cuda:1') tensor([[0.0007]], device='cuda:1') tensor([[0.0007]], device='cuda:1')
Likelihood: -136.35470581054688
Likelihood: -124.62620544433594
{'index': 124.62620544433594, 'thumb_middle': 136.35470581054688}
Plan time: 31.53509755496634
Current yaw: tensor([-0.0205,  0.0054, -2.6458], device='cuda:1')
10 index
tensor([ 0.0777,  0.7802,  0.3630,  0.3219, -0.1330,  0.7953,  0.7154,  0.7190,
         1.2776,  0.2126,  0.2271,  1.3237, -0.0205,  0.0054, -2.6458],
       device='cuda:1')
Solve time for step 1 (global step 35) 11.8295442769886
Current ori: tensor([-0.0205,  0.0054, -2.6458], device='cuda:1')
Middle force: tensor([0.5096, 0.6398, 0.5501], device='cuda:1')
Thumb force: tensor([0.5708, 0.5419, 0.5142], device='cuda:1')
tensor([ 0.1648,  0.6365,  0.4197,  0.3839, -0.1326,  0.7951,  0.7247,  0.6967,
         1.2210,  0.3017,  0.2538,  1.3047, -0.0275,  0.0048, -2.6734],
       device='cuda:1')
Solve time for step 2 (global step 36) 11.306309479987249
Current ori: tensor([-0.0275,  0.0048, -2.6734], device='cuda:1')
Middle force: tensor([0.6257, 0.5452], device='cuda:1')
Thumb force: tensor([0.5375, 0.5120], device='cuda:1')
tensor([ 0.1785,  0.6205,  0.4416,  0.4010, -0.1451,  0.8091,  0.7203,  0.6706,
         1.2428,  0.2814,  0.2529,  1.2861, -0.0346,  0.0101, -2.6620],
       device='cuda:1')
Solve time for step 3 (global step 37) 11.79583424096927
Current ori: tensor([-0.0346,  0.0101, -2.6620], device='cuda:1')
Middle force: tensor([0.5008], device='cuda:1')
Thumb force: tensor([0.5915], device='cuda:1')
Current yaw: tensor([-0.0407,  0.0135, -2.6666], device='cuda:1')
11 turn
Likelihood: -155.66903686523438
Sampling time 3.885282973991707
tensor([ 0.1179,  0.6942,  0.5254,  0.4375, -0.1483,  0.8181,  0.7071,  0.6581,
         1.2312,  0.3070,  0.2673,  1.2693, -0.0407,  0.0135, -2.6666],
       device='cuda:1')
Solve time for step 1 (global step 38) 17.2618472109898
Current ori: tensor([-0.0407,  0.0135, -2.6666], device='cuda:1')
Middle force: tensor([0.5986, 0.7084, 1.2241, 0.5169, 0.6942, 0.5252, 0.6954, 1.2351, 1.2430,
        0.6567, 1.2458, 1.5294], device='cuda:1')
Thumb force: tensor([0.8945, 1.5653, 1.4385, 1.7443, 1.7145, 0.6690, 1.6190, 1.0909, 1.8957,
        0.6445, 0.7601, 1.8433], device='cuda:1')
Index force: tensor([0.7767, 0.7343, 0.6052, 0.6894, 0.7681, 0.8173, 0.5634, 1.2238, 0.9223,
        0.5138, 0.7525, 0.7774], device='cuda:1')
tensor([ 0.1231,  0.7062,  0.5094,  0.4469, -0.1532,  0.7907,  0.7153,  0.7488,
         1.2264,  0.3185,  0.2653,  1.2385, -0.0415,  0.0100, -2.7741],
       device='cuda:1')
Likelihood: -135.17259216308594
Solve time for step 2 (global step 39) 16.230553621950094
Current ori: tensor([-0.0415,  0.0100, -2.7741], device='cuda:1')
Middle force: tensor([2.3495, 0.9640, 0.5031, 0.5008, 1.4004, 1.0006, 2.0987, 1.5103, 0.8046,
        0.5101, 0.6962], device='cuda:1')
Thumb force: tensor([2.0337, 1.1281, 1.3056, 0.8140, 1.5972, 1.1865, 1.1505, 1.3852, 1.3169,
        0.5097, 0.7522], device='cuda:1')
Index force: tensor([0.9539, 0.7153, 1.3180, 0.8274, 0.7109, 0.6889, 1.1882, 0.7234, 0.6887,
        0.5847, 0.5783], device='cuda:1')
tensor([ 0.1303,  0.6797,  0.5549,  0.4591, -0.1639,  0.7169,  0.7855,  0.9087,
         1.2024,  0.3750,  0.2732,  1.1604, -0.0375,  0.0059, -2.9946],
       device='cuda:1')
Likelihood: -104.88646697998047
Solve time for step 3 (global step 40) 18.137344411050435
Current ori: tensor([-0.0375,  0.0059, -2.9946], device='cuda:1')
Middle force: tensor([1.9880, 1.5571, 0.8976, 1.8028, 0.5003, 0.8143, 0.7158, 0.6145, 0.5633,
        0.5856], device='cuda:1')
Thumb force: tensor([1.3516, 1.3816, 0.5567, 0.8009, 0.6208, 1.4424, 0.5000, 0.8583, 0.5023,
        0.5002], device='cuda:1')
Index force: tensor([1.3012, 0.5591, 0.5853, 0.6527, 0.7387, 0.6390, 0.5789, 0.5559, 0.6025,
        0.6125], device='cuda:1')
tensor([ 0.1168,  0.7086,  0.5126,  0.4092, -0.1547,  0.8118,  0.6968,  0.7232,
         1.2588,  0.2936,  0.2287,  1.2763, -0.0443,  0.0128, -2.7867],
       device='cuda:1')
Likelihood: -140.74794006347656
Solve time for step 4 (global step 41) 17.665108200977556
Current ori: tensor([-0.0443,  0.0128, -2.7867], device='cuda:1')
Middle force: tensor([1.1697, 1.1531, 1.8534, 0.5052, 1.8420, 1.6855, 1.2410, 0.8199, 1.1169],
       device='cuda:1')
Thumb force: tensor([0.8836, 0.5589, 1.6397, 1.8435, 1.4107, 1.4543, 1.1410, 1.5632, 0.9277],
       device='cuda:1')
Index force: tensor([1.0947, 0.8845, 0.9101, 1.1519, 0.7396, 0.6181, 0.7433, 1.0815, 1.1307],
       device='cuda:1')
tensor([ 0.0785,  0.7750,  0.3780,  0.3547, -0.1393,  1.0013,  0.4675,  0.5102,
         1.3465,  0.1889,  0.1522,  1.4214, -0.0588,  0.0216, -2.5896],
       device='cuda:1')
Likelihood: -213.916259765625
State is out of distribution
Final likelihood: tensor([ -6.6067,  -7.0848,  -8.5465,  -8.7718,  -9.3392,  -9.4278,  -9.4477,
        -10.8228, -13.3565, -14.9846, -15.2556, -18.3026, -20.9623, -20.9733,
        -22.3178, -23.6453], device='cuda:1', grad_fn=<IndexBackward0>)
Final likelihood: tensor([ -6.6067,  -7.0848,  -8.5465,  -8.7718,  -9.3392,  -9.4278,  -9.4477,
        -10.8228, -13.3565, -14.9846, -15.2556, -18.3026, -20.9623, -20.9733,
        -22.3178, -23.6453], device='cuda:1', grad_fn=<IndexBackward0>)
1 mode projection succeeded
New goal: tensor([ 1.3202e-01,  5.9397e-01,  5.8387e-01,  5.8307e-01, -1.5479e-01,
         6.0624e-01,  8.6956e-01,  9.6146e-01,  1.2803e+00,  2.9487e-01,
         1.5991e-01,  1.2192e+00,  6.6465e-03, -2.5777e-04, -2.5891e+00],
       device='cuda:1')
tensor([[0.0007]], device='cuda:1') tensor([[0.0005]], device='cuda:1') tensor([[0.0004]], device='cuda:1')
Likelihood: -88.58739471435547
Likelihood: -233.10269165039062
{'index': 233.10269165039062, 'thumb_middle': 88.58739471435547}
Plan time: 31.834415044053458
Current yaw: tensor([-0.0587,  0.0212, -2.5891], device='cuda:1')
12 thumb_middle
tensor([ 0.0780,  0.7748,  0.3777,  0.3547, -0.1389,  1.0019,  0.4669,  0.5096,
         1.3465,  0.1884,  0.1518,  1.4218, -0.0587,  0.0212, -2.5891],
       device='cuda:1')
Solve time for step 1 (global step 42) 10.551997301983647
Current ori: tensor([-0.0587,  0.0212, -2.5891], device='cuda:1')
Index force: tensor([0.7682, 0.6186, 0.6050], device='cuda:1')
tensor([ 0.1019,  0.7493,  0.4366,  0.3922, -0.2225,  0.8103,  0.5967,  0.6877,
         1.2420,  0.1962,  0.0851,  1.2817, -0.0525,  0.0064, -2.5892],
       device='cuda:1')
Solve time for step 2 (global step 43) 10.093304876005277
Current ori: tensor([-0.0525,  0.0064, -2.5892], device='cuda:1')
Index force: tensor([0.6007, 0.5536], device='cuda:1')
tensor([ 1.0808e-01,  6.8726e-01,  5.1760e-01,  4.6322e-01, -2.4616e-01,
         7.2314e-01,  7.0209e-01,  7.8332e-01,  1.2430e+00,  2.0937e-01,
         9.5797e-02,  1.1956e+00, -3.5453e-02,  1.3934e-03, -2.5892e+00],
       device='cuda:1')
Solve time for step 3 (global step 44) 8.958837013982702
Current ori: tensor([-3.5453e-02,  1.3934e-03, -2.5892e+00], device='cuda:1')
Index force: tensor([0.5325], device='cuda:1')
Current yaw: tensor([-2.1380e-02, -9.5621e-05, -2.6056e+00], device='cuda:1')
13 turn
Likelihood: -97.57649993896484
Sampling time 3.8836601929506287
tensor([ 1.1146e-01,  6.4701e-01,  5.5075e-01,  5.3513e-01, -1.6240e-01,
         7.3268e-01,  7.8624e-01,  8.7810e-01,  1.3448e+00,  2.3930e-01,
         1.5496e-01,  1.1445e+00, -2.1380e-02, -9.5621e-05, -2.6056e+00],
       device='cuda:1')
Solve time for step 1 (global step 45) 17.046004389994778
Current ori: tensor([-2.1380e-02, -9.5621e-05, -2.6056e+00], device='cuda:1')
Middle force: tensor([0.8741, 1.4630, 0.5882, 0.7832, 0.5449, 1.5600, 1.2037, 0.6621, 0.6566,
        0.9152, 0.7011, 0.6343], device='cuda:1')
Thumb force: tensor([1.2375, 2.3791, 2.0219, 1.0509, 1.0930, 2.2926, 1.7297, 0.6286, 0.6109,
        1.1520, 0.6428, 0.5647], device='cuda:1')
Index force: tensor([0.7474, 0.5706, 0.6137, 0.6740, 1.3590, 0.5733, 0.8865, 0.5257, 0.7667,
        0.7152, 0.6513, 0.6473], device='cuda:1')
tensor([ 0.1002,  0.6283,  0.5428,  0.5792, -0.1651,  0.7247,  0.7979,  0.8536,
         1.3322,  0.2939,  0.1416,  1.1756, -0.0187,  0.0049, -2.6038],
       device='cuda:1')
Likelihood: -94.7530288696289
Solve time for step 2 (global step 46) 20.04372582596261
Current ori: tensor([-0.0187,  0.0049, -2.6038], device='cuda:1')
Middle force: tensor([2.3556, 0.9708, 0.5012, 0.5027, 0.8295, 0.9849, 0.5183, 0.5088, 0.5785,
        1.4699, 0.5638], device='cuda:1')
Thumb force: tensor([1.8297, 1.1416, 1.2874, 0.6386, 0.9932, 1.8426, 0.8714, 0.7510, 1.1933,
        0.6150, 0.8931], device='cuda:1')
Index force: tensor([0.7759, 0.7356, 1.3115, 0.7238, 0.6518, 0.5000, 0.5799, 0.5795, 0.7671,
        0.7458, 0.8213], device='cuda:1')
tensor([ 0.0996,  0.6399,  0.5568,  0.5190, -0.1719,  0.6859,  0.8400,  0.9263,
         1.2612,  0.4703,  0.2390,  1.0121, -0.0258,  0.0042, -2.7439],
       device='cuda:1')
Likelihood: -123.83197021484375
Solve time for step 3 (global step 47) 19.07679805101361
Current ori: tensor([-0.0258,  0.0042, -2.7439], device='cuda:1')
Middle force: tensor([1.1826, 1.0597, 1.0191, 1.3570, 0.9824, 0.5056, 0.5452, 1.0143, 0.7415,
        0.8173], device='cuda:1')
Thumb force: tensor([0.5854, 0.8576, 2.2301, 0.6779, 0.7670, 0.5314, 1.4972, 1.2964, 0.6816,
        0.6494], device='cuda:1')
Index force: tensor([0.7876, 0.7048, 0.6037, 0.7645, 0.6431, 0.6337, 0.5456, 0.5018, 0.5288,
        0.5008], device='cuda:1')
tensor([ 0.1197,  0.6251,  0.5746,  0.5655, -0.1669,  0.6368,  0.8934,  1.0255,
         1.2951,  0.4440,  0.2430,  0.9271, -0.0184, -0.0068, -2.8845],
       device='cuda:1')
Likelihood: -122.24684143066406
Solve time for step 4 (global step 48) 18.043355916975997
Current ori: tensor([-0.0184, -0.0068, -2.8845], device='cuda:1')
Middle force: tensor([0.5689, 0.5018, 0.8035, 0.9817, 0.5014, 0.5000, 0.5365, 1.2980, 0.5637],
       device='cuda:1')
Thumb force: tensor([1.2199, 0.5365, 0.8397, 1.4659, 0.7614, 0.6293, 1.0152, 0.5631, 0.7318],
       device='cuda:1')
Index force: tensor([1.0907, 0.5878, 0.6465, 0.5001, 0.5373, 0.5462, 0.6474, 0.6803, 0.6835],
       device='cuda:1')
tensor([ 1.0333e-01,  6.2681e-01,  5.7162e-01,  5.3378e-01, -1.7027e-01,
         6.9291e-01,  8.3974e-01,  9.1508e-01,  1.2689e+00,  4.5819e-01,
         2.0529e-01,  1.0649e+00, -2.2179e-02,  1.3820e-03, -2.7527e+00],
       device='cuda:1')
Likelihood: -129.40830993652344
Solve time for step 5 (global step 49) 17.33598900801735
Current ori: tensor([-2.2179e-02,  1.3820e-03, -2.7527e+00], device='cuda:1')
Middle force: tensor([1.3382, 1.1998, 1.0566, 0.5014, 0.5169, 0.8864, 0.6718, 0.7520],
       device='cuda:1')
Thumb force: tensor([2.0450, 0.6710, 0.6237, 0.5004, 1.3354, 1.0827, 0.6082, 0.5728],
       device='cuda:1')
Index force: tensor([0.6092, 0.6589, 0.5721, 0.5930, 0.5238, 0.5014, 0.5088, 0.5003],
       device='cuda:1')
tensor([ 0.0768,  0.6177,  0.5547,  0.5393, -0.1636,  0.7764,  0.7720,  0.7351,
         1.2316,  0.5011,  0.1429,  1.2965, -0.0262,  0.0076, -2.5921],
       device='cuda:1')
Likelihood: -154.15777587890625
Solve time for step 6 (global step 50) 16.098643974983133
Current ori: tensor([-0.0262,  0.0076, -2.5921], device='cuda:1')
Middle force: tensor([1.2867, 1.0995, 0.5006, 0.5126, 0.9019, 0.6458, 0.7222],
       device='cuda:1')
Thumb force: tensor([0.7265, 0.7452, 0.5065, 1.2266, 0.9602, 0.5850, 0.5482],
       device='cuda:1')
Index force: tensor([0.7148, 0.6228, 0.5540, 0.5265, 0.5001, 0.5027, 0.5000],
       device='cuda:1')
tensor([ 0.0837,  0.5760,  0.5908,  0.5950, -0.1744,  0.6943,  0.8260,  0.9269,
         1.3001,  0.4430,  0.1247,  1.1920, -0.0117,  0.0054, -2.7563],
       device='cuda:1')
Likelihood: -129.9494171142578
Solve time for step 7 (global step 51) 14.025872225000057
Current ori: tensor([-0.0117,  0.0054, -2.7563], device='cuda:1')
Middle force: tensor([1.3361, 0.5001, 0.5090, 0.9153, 0.6346, 0.6951], device='cuda:1')
Thumb force: tensor([1.0550, 0.5028, 1.1879, 0.9593, 0.5706, 0.5312], device='cuda:1')
Index force: tensor([0.6629, 0.5316, 0.5208, 0.5010, 0.5001, 0.5002], device='cuda:1')
tensor([ 0.0643,  0.5850,  0.5687,  0.5764, -0.1632,  0.7642,  0.7700,  0.7781,
         1.0750,  0.7296,  0.3064,  1.2556, -0.0206,  0.0066, -2.6295],
       device='cuda:1')
Likelihood: -187.80386352539062
State is out of distribution
Final likelihood: tensor([ -3.9879,  -4.0213,  -4.1975,  -4.2647,  -4.4386,  -4.6552,  -4.6854,
         -4.9351,  -5.0864,  -5.2290,  -5.4212,  -6.5366,  -6.6243,  -7.1376,
         -8.5218, -15.9972], device='cuda:1', grad_fn=<IndexBackward0>)
Final likelihood: tensor([ -3.9879,  -4.0213,  -4.1975,  -4.2647,  -4.4386,  -4.6552,  -4.6854,
         -4.9351,  -5.0864,  -5.2290,  -5.4212,  -6.5366,  -6.6243,  -7.1376,
         -8.5218, -15.9972], device='cuda:1', grad_fn=<IndexBackward0>)
1 mode projection succeeded
New goal: tensor([ 0.1197,  0.6091,  0.5436,  0.5988, -0.1442,  0.5997,  0.8730,  0.8738,
         1.2141,  0.3401,  0.2223,  1.2373, -0.0230,  0.0120, -2.6296],
       device='cuda:1')
tensor([[0.0003]], device='cuda:1') tensor([[0.0008]], device='cuda:1') tensor([[0.0008]], device='cuda:1')
Likelihood: -113.28150939941406
