Importing module 'gym_38' (/home/abhinav/Documents/isaacgym/python/isaacgym/_bindings/linux-x86_64/gym_38.so)
Setting GYM_USD_PLUG_INFO_PATH to /home/abhinav/Documents/isaacgym/python/isaacgym/_bindings/linux-x86_64/usd/plugInfo.json
PyTorch version 2.4.1+cu121
Device count 2
/home/abhinav/Documents/isaacgym/python/isaacgym/_bindings/src/gymtorch
ninja: no work to do.
No ROS install found, continuing
CCAI_PATH /home/abhinav/Documents/ccai
Not connected to PVD
Physics Engine: PhysX
Physics Device: cpu
GPU Pipeline: disabled
Using VHACD cache directory '/home/abhinav/.isaacgym/vhacd'
Found existing convex decomposition for mesh '/home/abhinav/Documents/github/isaacgym-arm-envs/isaac_victor_envs/assets/xela_models/mesh/allegro/base_ns.stl'
Found existing convex decomposition for mesh '/home/abhinav/Documents/github/isaacgym-arm-envs/isaac_victor_envs/assets/xela_models/mesh/allegro/link_1.0.stl'
Found existing convex decomposition for mesh '/home/abhinav/Documents/github/isaacgym-arm-envs/isaac_victor_envs/assets/xela_models/mesh/ft_c.stl'
[ models/temporal ] Channel dimensions: [(37, 128), (128, 256), (256, 512)]
[ models/temporal ] Channel dimensions: [(37, 128), (128, 256), (256, 512)]

Trial 1
No action perturbation this trial
Random perturbation %: 0.25
Loaded trajectory sampler
Current yaw: tensor([ 0.0175,  0.0207, -1.2069], device='cuda:1')
Current yaw: tensor([ 0.0175,  0.0207, -1.2069], device='cuda:1')
1 turn
Likelihood: -76.27490234375
Sampling time 3.6732429190014955
tensor([ 0.1307,  0.6204,  0.5857,  0.5685, -0.1062,  0.5426,  0.9080,  0.8934,
         1.2201,  0.2894,  0.2844,  1.2378,  0.0175,  0.0207, -1.2069],
       device='cuda:1')
Solve time for step 1 (global step 0) 57.68164600900491
Current ori: tensor([ 0.0175,  0.0207, -1.2069], device='cuda:1')
Middle force: tensor([0.5444, 0.6940, 0.9782, 1.3624, 2.4517, 0.6980, 0.5634, 0.6862, 0.5043,
        1.3132, 1.1682, 1.6694], device='cuda:1')
Thumb force: tensor([0.8442, 1.5375, 0.5484, 2.0920, 2.4259, 1.6450, 0.5793, 1.0551, 0.5054,
        1.2318, 0.6219, 1.5357], device='cuda:1')
Index force: tensor([0.9802, 1.3047, 1.0492, 0.9851, 1.0555, 0.9860, 0.5210, 1.0614, 1.2710,
        0.6614, 0.7704, 0.6139], device='cuda:1')
tensor([ 0.1426,  0.6516,  0.5512,  0.5764, -0.1161,  0.5758,  0.8615,  0.9623,
         1.2192,  0.2970,  0.2749,  1.2304,  0.0107,  0.0081, -1.2259],
       device='cuda:1')
Likelihood: -59.39080047607422
Solve time for step 2 (global step 1) 11.348821583000245
Current ori: tensor([ 0.0107,  0.0081, -1.2259], device='cuda:1')
Middle force: tensor([0.5374, 0.5713, 0.5695, 0.9340, 1.1076, 0.5000, 0.5662, 0.6939, 1.4059,
        0.8098, 0.8543], device='cuda:1')
Thumb force: tensor([1.5281, 1.0642, 0.5099, 0.5727, 1.4662, 1.8030, 0.7634, 0.8766, 1.0059,
        1.5562, 1.1365], device='cuda:1')
Index force: tensor([0.7836, 1.1345, 0.6531, 0.8214, 0.7574, 0.9687, 0.5701, 0.8129, 0.7396,
        0.9118, 0.6992], device='cuda:1')
tensor([ 0.1215,  0.6387,  0.5607,  0.5491, -0.1337,  0.5541,  0.8735,  0.9771,
         1.2193,  0.3487,  0.2909,  1.1817,  0.0097,  0.0198, -1.2915],
       device='cuda:1')
Likelihood: -64.06509399414062
Solve time for step 3 (global step 2) 10.298226754995994
Current ori: tensor([ 0.0097,  0.0198, -1.2915], device='cuda:1')
Middle force: tensor([0.5810, 0.5599, 0.9307, 1.1127, 0.5002, 0.5613, 0.6765, 1.3633, 0.7831,
        0.8559], device='cuda:1')
Thumb force: tensor([1.0296, 0.5079, 0.5743, 1.3836, 1.7447, 0.7527, 0.8778, 1.0015, 1.5242,
        1.0627], device='cuda:1')
Index force: tensor([1.0866, 0.6448, 0.8122, 0.7425, 0.9342, 0.5633, 0.7974, 0.7401, 0.8572,
        0.6967], device='cuda:1')
tensor([ 0.1217,  0.6639,  0.5489,  0.5035, -0.1334,  0.5358,  0.9055,  0.9842,
         1.2193,  0.3680,  0.2915,  1.1466,  0.0045,  0.0166, -1.3373],
       device='cuda:1')
Likelihood: -76.08236694335938
Solve time for step 4 (global step 3) 9.804937314009294
Current ori: tensor([ 0.0045,  0.0166, -1.3373], device='cuda:1')
Middle force: tensor([0.5550, 0.8844, 1.1105, 0.5004, 0.5580, 0.6595, 1.2818, 0.7557, 0.8530],
       device='cuda:1')
Thumb force: tensor([0.5127, 0.5668, 1.3462, 1.7055, 0.7483, 0.8750, 0.9620, 1.5289, 1.0428],
       device='cuda:1')
Index force: tensor([0.6230, 0.7804, 0.7453, 0.9308, 0.5740, 0.7805, 0.7110, 0.8488, 0.6842],
       device='cuda:1')
tensor([ 0.1225,  0.6735,  0.5382,  0.5003, -0.1320,  0.5196,  0.9183,  1.0158,
         1.2358,  0.3766,  0.2819,  1.1147,  0.0025,  0.0150, -1.4044],
       device='cuda:1')
Likelihood: -90.61963653564453
Solve time for step 5 (global step 4) 9.12805528298486
Current ori: tensor([ 0.0025,  0.0150, -1.4044], device='cuda:1')
Middle force: tensor([0.8912, 1.1278, 0.5003, 0.5545, 0.6377, 1.2389, 0.7284, 0.8631],
       device='cuda:1')
Thumb force: tensor([0.5653, 1.3055, 1.6498, 0.7435, 0.8707, 0.9591, 1.4969, 1.0002],
       device='cuda:1')
Index force: tensor([0.7476, 0.7203, 0.9295, 0.5753, 0.7590, 0.6887, 0.7991, 0.6770],
       device='cuda:1')
tensor([ 0.1197,  0.6748,  0.5316,  0.5040, -0.1353,  0.5053,  0.9251,  1.0523,
         1.2479,  0.3939,  0.2759,  1.0832,  0.0025,  0.0163, -1.4747],
       device='cuda:1')
Likelihood: -96.74104309082031
Solve time for step 6 (global step 5) 8.797651042987127
Current ori: tensor([ 0.0025,  0.0163, -1.4747], device='cuda:1')
Middle force: tensor([1.0729, 0.5002, 0.5478, 0.6364, 1.2021, 0.7077, 0.8615],
       device='cuda:1')
Thumb force: tensor([1.2895, 1.5739, 0.7330, 0.8611, 0.9264, 1.4836, 0.9584],
       device='cuda:1')
Index force: tensor([0.6889, 0.9144, 0.5725, 0.7540, 0.6781, 0.7854, 0.6727],
       device='cuda:1')
tensor([ 0.1155,  0.6876,  0.5194,  0.4842, -0.1352,  0.4850,  0.9452,  1.0796,
         1.2605,  0.4255,  0.2896,  0.9936, -0.0020,  0.0184, -1.5923],
       device='cuda:1')
Likelihood: -131.04592895507812
Solve time for step 7 (global step 6) 7.791146084986394
Current ori: tensor([-0.0020,  0.0184, -1.5923], device='cuda:1')
Middle force: tensor([0.5013, 0.5490, 0.6289, 1.1348, 0.6858, 0.8478], device='cuda:1')
Thumb force: tensor([1.5758, 0.7269, 0.8401, 0.9083, 1.4503, 0.9554], device='cuda:1')
Index force: tensor([0.9160, 0.5558, 0.7306, 0.6618, 0.7606, 0.6554], device='cuda:1')
tensor([ 0.1035,  0.7118,  0.4861,  0.4422, -0.1462,  0.4800,  0.9533,  1.0748,
         1.3080,  0.3993,  0.2671,  0.9610, -0.0095,  0.0262, -1.6509],
       device='cuda:1')
Likelihood: -151.06182861328125
Solve time for step 8 (global step 7) 7.71837977701216
Current ori: tensor([-0.0095,  0.0262, -1.6509], device='cuda:1')
Middle force: tensor([0.5430, 0.6148, 1.0890, 0.6765, 0.8191], device='cuda:1')
Thumb force: tensor([0.7003, 0.8192, 0.8945, 1.4281, 0.9215], device='cuda:1')
Index force: tensor([0.5580, 0.7187, 0.6514, 0.7318, 0.6420], device='cuda:1')
tensor([ 0.1106,  0.7206,  0.4902,  0.4153, -0.1348,  0.4709,  0.9773,  1.0963,
         1.3283,  0.4037,  0.2636,  0.9112, -0.0123,  0.0210, -1.7267],
       device='cuda:1')
Likelihood: -178.50775146484375
State is out of distribution
Final likelihood: tensor([ -3.0094,  -3.5231,  -3.5321,  -4.0398,  -4.0746,  -4.3225,  -4.5185,
         -4.5703,  -4.6721,  -5.0365,  -5.0796,  -7.4156,  -7.7609,  -7.8159,
         -8.6232, -10.6131], device='cuda:1', grad_fn=<IndexBackward0>)
Final likelihood: tensor([ -3.0094,  -3.5231,  -3.5321,  -4.0398,  -4.0746,  -4.3225,  -4.5185,
         -4.5703,  -4.6721,  -5.0365,  -5.0796,  -7.4156,  -7.7609,  -7.8159,
         -8.6232, -10.6131], device='cuda:1', grad_fn=<IndexBackward0>)
1 mode projection succeeded
New goal: tensor([ 0.1168,  0.6234,  0.5240,  0.5921, -0.1187,  0.5465,  0.9178,  0.8436,
         1.2034,  0.3081,  0.2583,  1.2283, -0.0092,  0.0110, -1.7272],
       device='cuda:1')
tensor([[0.0006]], device='cuda:1') tensor([[0.0003]], device='cuda:1') tensor([[0.0007]], device='cuda:1')
Likelihood: -138.33560180664062
Likelihood: -135.50848388671875
{'index': 135.50848388671875, 'thumb_middle': 138.33560180664062}
Plan time: 74.22884016900207
Current yaw: tensor([-0.0123,  0.0210, -1.7272], device='cuda:1')
2 index
tensor([ 0.1106,  0.7206,  0.4902,  0.4152, -0.1349,  0.4711,  0.9777,  1.0965,
         1.3285,  0.4037,  0.2635,  0.9110, -0.0123,  0.0210, -1.7272],
       device='cuda:1')
Solve time for step 1 (global step 8) 32.73850994199165
Current ori: tensor([-0.0123,  0.0210, -1.7272], device='cuda:1')
Middle force: tensor([0.5379, 0.5000, 0.5000], device='cuda:1')
Thumb force: tensor([0.5061, 0.5441, 0.5016], device='cuda:1')
tensor([ 0.1768,  0.6054,  0.4539,  0.4720, -0.1210,  0.4878,  0.9675,  1.0959,
         1.1684,  0.6537,  0.4253,  0.8189, -0.0192,  0.0128, -1.7455],
       device='cuda:1')
torch.linalg.solve: (Batch element 0): The solver failed because the input matrix is singular.
Solve time for step 2 (global step 9) 4.897815489006462
Current ori: tensor([-0.0192,  0.0128, -1.7455], device='cuda:1')
Middle force: tensor([0.5000, 0.5000], device='cuda:1')
Thumb force: tensor([0.5357, 0.5013], device='cuda:1')
tensor([ 0.1557,  0.5863,  0.4483,  0.4991, -0.1300,  0.4969,  0.9947,  1.0695,
         1.3006,  0.5268,  0.2267,  0.9530, -0.0291,  0.0129, -1.7616],
       device='cuda:1')
Solve time for step 3 (global step 10) 4.4535281699791085
Current ori: tensor([-0.0291,  0.0129, -1.7616], device='cuda:1')
Middle force: tensor([0.5000], device='cuda:1')
Thumb force: tensor([0.5011], device='cuda:1')
Current yaw: tensor([-0.0348,  0.0094, -1.7693], device='cuda:1')
3 turn
Likelihood: -152.5181427001953
Sampling time 3.620085977978306
tensor([ 0.1134,  0.7273,  0.4627,  0.4589, -0.1234,  0.5114,  0.9784,  1.0708,
         1.3213,  0.5069,  0.1758,  0.9958, -0.0348,  0.0094, -1.7693],
       device='cuda:1')
Solve time for step 1 (global step 11) 60.17972663999535
Current ori: tensor([-0.0348,  0.0094, -1.7693], device='cuda:1')
Middle force: tensor([1.2033, 1.3412, 1.6687, 1.4591, 0.6439, 1.5056, 1.1628, 0.6112, 1.3188,
        1.0120, 0.5729, 0.7061], device='cuda:1')
Thumb force: tensor([1.0264, 0.8792, 1.0968, 2.2182, 1.2933, 3.1065, 1.0252, 0.6741, 1.0659,
        1.6576, 0.6300, 0.7817], device='cuda:1')
Index force: tensor([0.8638, 0.9318, 1.0490, 1.0000, 0.5932, 0.9510, 0.5874, 0.7608, 0.9127,
        0.5045, 0.6466, 0.5096], device='cuda:1')
tensor([ 0.1142,  0.7574,  0.4398,  0.3921, -0.1167,  0.5174,  0.9722,  1.0803,
         1.3848,  0.4465,  0.1342,  0.9524, -0.0443,  0.0076, -1.8425],
       device='cuda:1')
Likelihood: -151.66175842285156
Solve time for step 2 (global step 12) 10.443787666008575
Current ori: tensor([-0.0443,  0.0076, -1.8425], device='cuda:1')
Middle force: tensor([0.5008, 0.8205, 0.5024, 0.5072, 0.7427, 0.7492, 0.8063, 1.0997, 0.8637,
        0.5052, 0.5894], device='cuda:1')
Thumb force: tensor([0.5255, 1.2507, 0.6201, 0.9352, 0.8333, 1.0263, 1.1382, 2.0355, 0.6739,
        0.6797, 0.5574], device='cuda:1')
Index force: tensor([0.8112, 0.5486, 1.0793, 0.5923, 0.6745, 0.6717, 0.7849, 0.5054, 0.5500,
        0.7617, 0.6531], device='cuda:1')
tensor([ 0.1154,  0.7758,  0.4098,  0.3880, -0.1361,  0.5377,  0.9657,  1.1223,
         1.4116,  0.4277,  0.1342,  0.9000, -0.0480,  0.0077, -1.8789],
       device='cuda:1')
Likelihood: -202.6087188720703
State is out of distribution
Final likelihood: tensor([-2.4510, -2.8761, -3.1373, -3.3152, -4.3326, -4.4293, -4.6149, -4.6567,
        -4.7590, -4.7625, -5.5785, -5.6803, -5.8241, -6.2317, -6.5057, -8.6019],
       device='cuda:1', grad_fn=<IndexBackward0>)
Final likelihood: tensor([-2.4510, -2.8761, -3.1373, -3.3152, -4.3326, -4.4293, -4.6149, -4.6567,
        -4.7590, -4.7625, -5.5785, -5.6803, -5.8241, -6.2317, -6.5057, -8.6019],
       device='cuda:1', grad_fn=<IndexBackward0>)
1 mode projection succeeded
New goal: tensor([ 0.1173,  0.6242,  0.5233,  0.5919, -0.1185,  0.5465,  0.9183,  0.8432,
         1.2039,  0.3085,  0.2569,  1.2277, -0.0093,  0.0109, -1.8790],
       device='cuda:1')
tensor([[0.0006]], device='cuda:1') tensor([[0.0006]], device='cuda:1') tensor([[0.0005]], device='cuda:1')
Likelihood: -171.8212890625
Likelihood: -212.0577392578125
{'index': 212.0577392578125, 'thumb_middle': 171.8212890625}
Plan time: 73.54358485902776
Current yaw: tensor([-0.0479,  0.0078, -1.8790], device='cuda:1')
4 thumb_middle
tensor([ 0.1155,  0.7759,  0.4098,  0.3881, -0.1363,  0.5383,  0.9659,  1.1224,
         1.4128,  0.4281,  0.1342,  0.8999, -0.0479,  0.0078, -1.8790],
       device='cuda:1')
Solve time for step 1 (global step 13) 30.39409458299633
Current ori: tensor([-0.0479,  0.0078, -1.8790], device='cuda:1')
Index force: tensor([0.6159, 0.6154, 0.6527], device='cuda:1')
tensor([ 0.1223,  0.7884,  0.3973,  0.3806, -0.2201,  0.5322,  0.8680,  0.9464,
         1.2656,  0.3823,  0.1346,  0.9411, -0.0506,  0.0038, -1.8789],
       device='cuda:1')
torch.linalg.solve: (Batch element 0): The solver failed because the input matrix is singular.
Solve time for step 2 (global step 14) 5.5918003499973565
Current ori: tensor([-0.0506,  0.0038, -1.8789], device='cuda:1')
Index force: tensor([0.5816, 0.5000], device='cuda:1')
tensor([ 0.1233,  0.7328,  0.4790,  0.4235, -0.2157,  0.5429,  0.8559,  0.8732,
         1.1880,  0.3428,  0.2055,  0.9971, -0.0379,  0.0023, -1.8789],
       device='cuda:1')
Solve time for step 3 (global step 15) 5.242508407012792
Current ori: tensor([-0.0379,  0.0023, -1.8789], device='cuda:1')
Index force: tensor([0.5000], device='cuda:1')
Current yaw: tensor([-3.9305e-02,  7.7122e-04, -1.8759e+00], device='cuda:1')
5 turn
Likelihood: -108.67149353027344
Sampling time 3.72109788301168
tensor([ 1.2504e-01,  7.3818e-01,  4.7573e-01,  4.1255e-01, -1.1329e-01,
         6.0837e-01,  8.7602e-01,  8.9032e-01,  1.2302e+00,  3.6035e-01,
         2.6997e-01,  1.0733e+00, -3.9305e-02,  7.7122e-04, -1.8759e+00],
       device='cuda:1')
Solve time for step 1 (global step 16) 52.96683644200675
Current ori: tensor([-3.9305e-02,  7.7122e-04, -1.8759e+00], device='cuda:1')
Middle force: tensor([1.1784, 0.5194, 0.7448, 0.7521, 1.0195, 1.0639, 1.0136, 0.5035, 0.5068,
        1.1159, 1.0211, 1.3174], device='cuda:1')
Thumb force: tensor([1.1945, 1.6161, 0.6728, 0.5553, 2.9372, 0.5004, 0.7254, 1.3429, 0.5760,
        0.6122, 0.9038, 0.7312], device='cuda:1')
Index force: tensor([0.7542, 1.3061, 0.9049, 1.0119, 1.5551, 0.8193, 0.5194, 0.6797, 0.5563,
        0.5475, 0.8862, 0.5367], device='cuda:1')
tensor([ 0.1234,  0.7476,  0.4623,  0.4037, -0.1153,  0.5877,  0.8835,  0.9497,
         1.2795,  0.3325,  0.2590,  0.9958, -0.0423,  0.0025, -1.9870],
       device='cuda:1')
Likelihood: -102.28190612792969
Solve time for step 2 (global step 17) 7.500000642001396
Current ori: tensor([-0.0423,  0.0025, -1.9870], device='cuda:1')
Middle force: tensor([1.2145, 1.0485, 0.5035, 1.2475, 0.5216, 0.9685, 1.2885, 1.4302, 0.5927,
        1.6740, 0.5953], device='cuda:1')
Thumb force: tensor([1.2175, 2.2339, 0.6924, 0.9724, 1.1528, 1.5320, 0.7502, 2.7565, 0.6690,
        1.3902, 1.0044], device='cuda:1')
Index force: tensor([0.5787, 1.0608, 0.9082, 0.9601, 1.1110, 0.9107, 0.7121, 0.6447, 0.7121,
        0.5902, 0.5038], device='cuda:1')
tensor([ 1.2883e-01,  7.4537e-01,  4.6527e-01,  4.2228e-01, -1.0844e-01,
         5.6325e-01,  9.0904e-01,  9.9901e-01,  1.3204e+00,  2.7972e-01,
         2.5034e-01,  9.3562e-01, -4.1580e-02, -5.9760e-05, -2.1201e+00],
       device='cuda:1')
Likelihood: -123.15303039550781
Solve time for step 3 (global step 18) 7.250894672004506
Current ori: tensor([-4.1580e-02, -5.9760e-05, -2.1201e+00], device='cuda:1')
Middle force: tensor([1.0434, 0.5035, 1.2249, 0.5178, 0.9463, 1.2306, 1.3825, 0.5806, 1.5960,
        0.5929], device='cuda:1')
Thumb force: tensor([2.1496, 0.6686, 0.9335, 1.1243, 1.4668, 0.7409, 2.6295, 0.6497, 1.3396,
        0.9680], device='cuda:1')
Index force: tensor([1.0075, 0.8993, 0.9338, 1.0643, 0.8802, 0.7066, 0.6349, 0.7045, 0.5810,
        0.5031], device='cuda:1')
tensor([ 0.1169,  0.7552,  0.4440,  0.3991, -0.1149,  0.5484,  0.9139,  1.0230,
         1.3530,  0.2478,  0.2632,  0.8757, -0.0442,  0.0079, -2.1977],
       device='cuda:1')
Likelihood: -144.33432006835938
Solve time for step 4 (global step 19) 10.671586145006586
Current ori: tensor([-0.0442,  0.0079, -2.1977], device='cuda:1')
Middle force: tensor([0.5050, 1.2384, 0.5151, 0.9117, 1.2248, 1.3513, 0.5759, 1.5690, 0.5878],
       device='cuda:1')
Thumb force: tensor([0.6504, 0.9383, 1.0788, 1.4551, 0.7333, 2.5127, 0.6424, 1.2992, 0.9606],
       device='cuda:1')
Index force: tensor([0.8730, 0.8975, 1.0552, 0.8569, 0.7014, 0.6310, 0.6859, 0.5833, 0.5033],
       device='cuda:1')
Applying force: tensor([[-1.0701, -0.9460,  0.0000]]) at position: (0.015, 0.013, 0.049)
tensor([ 0.1151,  0.7869,  0.3947,  0.3660, -0.1265,  0.5550,  0.9193,  1.0225,
         1.3776,  0.2176,  0.2693,  0.8305, -0.0521,  0.0124, -2.2212],
       device='cuda:1')
Likelihood: -142.41873168945312
Solve time for step 5 (global step 20) 10.439642053010175
Current ori: tensor([-0.0521,  0.0124, -2.2212], device='cuda:1')
Middle force: tensor([1.1827, 0.5092, 0.8749, 1.1415, 1.2639, 0.5619, 1.4791, 0.5817],
       device='cuda:1')
Thumb force: tensor([0.8950, 0.9952, 1.3618, 0.7107, 2.2967, 0.6315, 1.2168, 0.9277],
       device='cuda:1')
Index force: tensor([0.8556, 0.9877, 0.8274, 0.6732, 0.6129, 0.6717, 0.5788, 0.5020],
       device='cuda:1')
tensor([ 0.1250,  0.7954,  0.3889,  0.3760, -0.1085,  0.5398,  0.9432,  1.0670,
         1.3945,  0.2023,  0.2889,  0.7412, -0.0530,  0.0043, -2.3460],
       device='cuda:1')
Likelihood: -184.19932556152344
State is out of distribution
Final likelihood: tensor([-4.0768, -4.2324, -4.4970, -4.5013, -4.7763, -5.0576, -5.6030, -5.7136,
        -5.8115, -6.1667, -6.2538, -6.3183, -7.3631, -8.4732, -8.7138, -8.7681],
       device='cuda:1', grad_fn=<IndexBackward0>)
Final likelihood: tensor([-4.0768, -4.2324, -4.4970, -4.5013, -4.7763, -5.0576, -5.6030, -5.7136,
        -5.8115, -6.1667, -6.2538, -6.3183, -7.3631, -8.4732, -8.7138, -8.7681],
       device='cuda:1', grad_fn=<IndexBackward0>)
1 mode projection succeeded
New goal: tensor([ 0.1312,  0.6456,  0.5533,  0.4914, -0.1348,  0.5507,  0.9131,  0.8937,
         1.2245,  0.3148,  0.2443,  1.1895, -0.0224,  0.0129, -2.3465],
       device='cuda:1')
tensor([[0.0006]], device='cuda:1') tensor([[0.0003]], device='cuda:1') tensor([[0.0004]], device='cuda:1')
Likelihood: -172.4974365234375
Likelihood: -218.99560546875
{'index': 218.99560546875, 'thumb_middle': 172.4974365234375}
Plan time: 76.42568812301033
Current yaw: tensor([-0.0529,  0.0042, -2.3465], device='cuda:1')
6 thumb_middle
tensor([ 0.1250,  0.7955,  0.3888,  0.3760, -0.1084,  0.5396,  0.9434,  1.0673,
         1.3947,  0.2022,  0.2889,  0.7410, -0.0529,  0.0042, -2.3465],
       device='cuda:1')
Solve time for step 1 (global step 21) 31.17402006298653
Current ori: tensor([-0.0529,  0.0042, -2.3465], device='cuda:1')
Index force: tensor([0.6019, 0.6306, 0.5904], device='cuda:1')
tensor([ 0.1256,  0.8104,  0.3748,  0.3289, -0.2059,  0.5218,  0.8634,  0.9535,
         1.2674,  0.2467,  0.2073,  0.8625, -0.0583,  0.0059, -2.3465],
       device='cuda:1')
torch.linalg.solve: (Batch element 0): The solver failed because the input matrix is singular.
Solve time for step 2 (global step 22) 5.518638030014699
Current ori: tensor([-0.0583,  0.0059, -2.3465], device='cuda:1')
Index force: tensor([0.6067, 0.4999], device='cuda:1')
tensor([ 0.1266,  0.7794,  0.3872,  0.4764, -0.2274,  0.5406,  0.8708,  0.9024,
         1.2135,  0.3214,  0.1838,  0.9906, -0.0444,  0.0038, -2.3465],
       device='cuda:1')
Solve time for step 3 (global step 23) 5.251430578005966
Current ori: tensor([-0.0444,  0.0038, -2.3465], device='cuda:1')
Index force: tensor([0.5000], device='cuda:1')
Current yaw: tensor([-4.4660e-02,  1.6670e-03, -2.3369e+00], device='cuda:1')
7 turn
Likelihood: -96.42310333251953
Sampling time 3.8452784039836843
tensor([ 1.2933e-01,  7.7754e-01,  3.9937e-01,  4.5992e-01, -1.3472e-01,
         6.2891e-01,  8.6284e-01,  9.2975e-01,  1.2454e+00,  3.5503e-01,
         2.4546e-01,  1.0914e+00, -4.4660e-02,  1.6670e-03, -2.3369e+00],
       device='cuda:1')
Solve time for step 1 (global step 24) 47.53065843900549
Current ori: tensor([-4.4660e-02,  1.6670e-03, -2.3369e+00], device='cuda:1')
Middle force: tensor([0.5880, 0.6134, 1.1663, 0.5080, 0.7011, 0.7791, 0.7228, 0.5260, 1.1698,
        0.8628, 0.6461, 0.6629], device='cuda:1')
Thumb force: tensor([0.7203, 1.4706, 1.2588, 1.5002, 1.5410, 0.9239, 1.0583, 0.6461, 1.1628,
        0.8958, 0.7970, 0.7264], device='cuda:1')
Index force: tensor([0.6340, 0.6850, 0.5966, 0.6226, 0.6432, 0.7068, 0.6900, 0.5569, 0.8208,
        0.6592, 0.5252, 0.6380], device='cuda:1')
tensor([ 0.1252,  0.7864,  0.3988,  0.4029, -0.1391,  0.6133,  0.8685,  0.9708,
         1.2773,  0.3488,  0.2471,  1.0140, -0.0497,  0.0048, -2.4214],
       device='cuda:1')
Likelihood: -109.03770446777344
Solve time for step 2 (global step 25) 11.469847486994695
Current ori: tensor([-0.0497,  0.0048, -2.4214], device='cuda:1')
Middle force: tensor([0.5009, 1.2542, 1.8529, 0.5489, 0.7764, 1.0509, 1.2858, 1.1259, 0.5040,
        0.7736, 0.8512], device='cuda:1')
Thumb force: tensor([1.9264, 1.5061, 0.9628, 1.2068, 0.6707, 1.1659, 0.8534, 0.6895, 0.5144,
        1.1013, 0.9624], device='cuda:1')
Index force: tensor([0.8126, 0.7198, 0.7467, 0.5601, 0.5229, 0.6841, 0.7887, 0.6997, 0.6834,
        0.6095, 0.5509], device='cuda:1')
tensor([ 0.1199,  0.8063,  0.3657,  0.3652, -0.1497,  0.6094,  0.8650,  0.9875,
         1.2750,  0.4065,  0.2673,  0.9559, -0.0558,  0.0130, -2.4895],
       device='cuda:1')
Likelihood: -143.54843139648438
Solve time for step 3 (global step 26) 11.025947210000595
Current ori: tensor([-0.0558,  0.0130, -2.4895], device='cuda:1')
Middle force: tensor([2.3802, 0.5030, 1.1017, 0.5059, 0.6736, 0.6981, 0.9147, 1.0930, 0.9423,
        0.7359], device='cuda:1')
Thumb force: tensor([1.2424, 1.2076, 0.6954, 1.0090, 0.6329, 0.9714, 0.8965, 0.7547, 0.5555,
        1.5038], device='cuda:1')
Index force: tensor([0.9602, 0.5634, 1.0445, 0.5342, 0.6439, 0.5688, 0.5338, 0.6497, 0.5052,
        0.6245], device='cuda:1')
tensor([ 1.3262e-01,  8.0231e-01,  3.9019e-01,  3.5929e-01, -1.2428e-01,
         5.8337e-01,  9.0299e-01,  1.0843e+00,  1.3775e+00,  2.6275e-01,
         2.1371e-01,  8.7651e-01, -5.5782e-02,  2.3731e-03, -2.6711e+00],
       device='cuda:1')
Likelihood: -169.4188690185547
State is out of distribution
Final likelihood: tensor([ -3.8208,  -4.1896,  -4.8046,  -4.9420,  -5.0941,  -5.1800,  -6.1759,
         -6.3903,  -6.5149,  -6.6195,  -6.9083,  -8.9117,  -8.9907,  -9.5399,
         -9.5837, -14.3678], device='cuda:1', grad_fn=<IndexBackward0>)
Final likelihood: tensor([ -3.8208,  -4.1896,  -4.8046,  -4.9420,  -5.0941,  -5.1800,  -6.1759,
         -6.3903,  -6.5149,  -6.6195,  -6.9083,  -8.9117,  -8.9907,  -9.5399,
         -9.5837, -14.3678], device='cuda:1', grad_fn=<IndexBackward0>)
1 mode projection succeeded
New goal: tensor([ 1.5976e-01,  6.4522e-01,  5.5961e-01,  5.4927e-01, -1.2977e-01,
         5.9662e-01,  8.6360e-01,  9.1253e-01,  1.2451e+00,  3.3676e-01,
         2.1882e-01,  1.1340e+00, -1.1078e-02, -2.8535e-05, -2.6715e+00],
       device='cuda:1')
tensor([[0.0009]], device='cuda:1') tensor([[0.0003]], device='cuda:1') tensor([[0.0005]], device='cuda:1')
Likelihood: -75.67555236816406
Likelihood: -197.86380004882812
{'index': 197.86380004882812, 'thumb_middle': 75.67555236816406}
Plan time: 76.52381651598262
Current yaw: tensor([-5.5854e-02,  2.2162e-03, -2.6715e+00], device='cuda:1')
8 thumb_middle
tensor([ 1.3258e-01,  8.0219e-01,  3.9030e-01,  3.5933e-01, -1.2414e-01,
         5.8356e-01,  9.0331e-01,  1.0847e+00,  1.3777e+00,  2.6232e-01,
         2.1349e-01,  8.7613e-01, -5.5854e-02,  2.2162e-03, -2.6715e+00],
       device='cuda:1')
Solve time for step 1 (global step 27) 30.811553570005344
Current ori: tensor([-5.5854e-02,  2.2162e-03, -2.6715e+00], device='cuda:1')
Index force: tensor([0.5896, 0.5794, 0.5833], device='cuda:1')
tensor([ 1.3247e-01,  7.2736e-01,  4.8804e-01,  4.5121e-01, -2.3191e-01,
         5.4703e-01,  8.3600e-01,  9.9599e-01,  1.2780e+00,  2.6495e-01,
         1.6251e-01,  9.3226e-01, -3.6072e-02,  4.0808e-04, -2.6715e+00],
       device='cuda:1')
torch.linalg.solve: (Batch element 0): The solver failed because the input matrix is singular.
Solve time for step 2 (global step 28) 5.4440634380152915
Current ori: tensor([-3.6072e-02,  4.0808e-04, -2.6715e+00], device='cuda:1')
Index force: tensor([0.5729, 0.5763], device='cuda:1')
tensor([ 1.3016e-01,  6.8406e-01,  5.2471e-01,  5.2123e-01, -2.3023e-01,
         5.5016e-01,  8.4152e-01,  9.5999e-01,  1.2809e+00,  2.6323e-01,
         1.5160e-01,  9.7513e-01, -2.2767e-02,  2.6292e-03, -2.6715e+00],
       device='cuda:1')
Solve time for step 3 (global step 29) 5.223844958993141
Current ori: tensor([-2.2767e-02,  2.6292e-03, -2.6715e+00], device='cuda:1')
Index force: tensor([0.5670], device='cuda:1')
Current yaw: tensor([-1.9187e-02,  2.1213e-03, -2.6621e+00], device='cuda:1')
9 turn
Likelihood: -80.25433349609375
Sampling time 3.796965501009254
tensor([ 1.3145e-01,  6.6796e-01,  5.4889e-01,  5.2065e-01, -1.4333e-01,
         6.3967e-01,  8.4482e-01,  9.6401e-01,  1.3076e+00,  3.0938e-01,
         2.1298e-01,  1.0596e+00, -1.9187e-02,  2.1213e-03, -2.6621e+00],
       device='cuda:1')
Solve time for step 1 (global step 30) 53.728669411997544
Current ori: tensor([-1.9187e-02,  2.1213e-03, -2.6621e+00], device='cuda:1')
Middle force: tensor([0.5554, 0.8316, 1.1736, 0.5008, 0.7419, 0.9234, 0.6159, 0.9898, 0.6072,
        1.0970, 1.0665, 0.5234], device='cuda:1')
Thumb force: tensor([0.7917, 1.5943, 1.4317, 1.5820, 1.5018, 1.2944, 1.0933, 1.8459, 0.5896,
        0.6679, 0.9074, 0.5070], device='cuda:1')
Index force: tensor([0.7425, 0.8210, 0.5940, 0.6087, 0.7120, 1.0245, 0.7216, 0.9007, 0.5006,
        0.7300, 0.5240, 0.5009], device='cuda:1')
tensor([ 0.1276,  0.7035,  0.5086,  0.4841, -0.1477,  0.6171,  0.8725,  0.9835,
         1.3261,  0.3078,  0.2312,  0.9649, -0.0293,  0.0036, -2.7542],
       device='cuda:1')
Likelihood: -106.64059448242188
Solve time for step 2 (global step 31) 9.392411336011719
Current ori: tensor([-0.0293,  0.0036, -2.7542], device='cuda:1')
Middle force: tensor([0.9386, 1.2626, 0.5010, 0.7549, 0.9169, 0.6165, 0.9593, 0.6039, 1.0476,
        1.0289, 0.5175], device='cuda:1')
Thumb force: tensor([1.5062, 1.4448, 1.5199, 1.4377, 1.2590, 1.0358, 1.7514, 0.5793, 0.6386,
        0.8647, 0.5047], device='cuda:1')
Index force: tensor([0.8490, 0.6441, 0.6055, 0.7046, 0.9875, 0.7107, 0.8670, 0.5004, 0.7231,
        0.5211, 0.5012], device='cuda:1')
tensor([ 0.1395,  0.7065,  0.5168,  0.4877, -0.1345,  0.5848,  0.8989,  1.0978,
         1.3574,  0.2728,  0.2557,  0.8490, -0.0294, -0.0038, -2.9286],
       device='cuda:1')
Likelihood: -154.3585205078125
Solve time for step 3 (global step 32) 9.005358564987546
Current ori: tensor([-0.0294, -0.0038, -2.9286], device='cuda:1')
Middle force: tensor([0.9498, 1.0767, 0.5015, 0.5475, 1.0003, 0.6600, 0.9844, 1.2596, 0.6267,
        1.4856], device='cuda:1')
Thumb force: tensor([0.5302, 1.0311, 1.4836, 0.9239, 0.5055, 0.6180, 0.5690, 0.7755, 1.5038,
        0.7921], device='cuda:1')
Index force: tensor([0.7828, 0.5969, 1.3878, 0.7679, 0.7038, 0.5054, 0.5091, 0.5778, 1.0553,
        0.5566], device='cuda:1')
Applying force: tensor([[ 0.8982, -0.6892,  0.0000]]) at position: (-0.016, 0.012, 0.040)
tensor([ 0.1488,  0.7083,  0.5204,  0.5016, -0.1373,  0.6243,  0.8826,  1.0192,
         1.3187,  0.3179,  0.2060,  0.9797, -0.0290, -0.0111, -2.8377],
       device='cuda:1')
Likelihood: -90.71751403808594
Solve time for step 4 (global step 33) 8.838156272016931
Current ori: tensor([-0.0290, -0.0111, -2.8377], device='cuda:1')
Middle force: tensor([1.1450, 0.5049, 0.5466, 0.9887, 0.6533, 0.9733, 1.2194, 0.5962, 1.4307],
       device='cuda:1')
Thumb force: tensor([1.0233, 1.3779, 0.9144, 0.5036, 0.6134, 0.5647, 0.7642, 1.4600, 0.7641],
       device='cuda:1')
Index force: tensor([0.5974, 1.3453, 0.7622, 0.6852, 0.5061, 0.5085, 0.5637, 1.0279, 0.5485],
       device='cuda:1')
tensor([ 0.1444,  0.7292,  0.4831,  0.4969, -0.1375,  0.6795,  0.8382,  0.9095,
         1.3283,  0.2836,  0.1547,  1.1019, -0.0324, -0.0084, -2.6956],
       device='cuda:1')
