Importing module 'gym_38' (/home/abhinav/Documents/isaacgym/python/isaacgym/_bindings/linux-x86_64/gym_38.so)
Setting GYM_USD_PLUG_INFO_PATH to /home/abhinav/Documents/isaacgym/python/isaacgym/_bindings/linux-x86_64/usd/plugInfo.json
PyTorch version 2.4.1+cu121
Device count 2
/home/abhinav/Documents/isaacgym/python/isaacgym/_bindings/src/gymtorch
ninja: no work to do.
No ROS install found, continuing
CCAI_PATH /home/abhinav/Documents/ccai
Not connected to PVD
Physics Engine: PhysX
Physics Device: cpu
GPU Pipeline: disabled
Using VHACD cache directory '/home/abhinav/.isaacgym/vhacd'
Found existing convex decomposition for mesh '/home/abhinav/Documents/github/isaacgym-arm-envs/isaac_victor_envs/assets/xela_models/mesh/allegro/base_ns.stl'
Found existing convex decomposition for mesh '/home/abhinav/Documents/github/isaacgym-arm-envs/isaac_victor_envs/assets/xela_models/mesh/allegro/link_1.0.stl'
Found existing convex decomposition for mesh '/home/abhinav/Documents/github/isaacgym-arm-envs/isaac_victor_envs/assets/xela_models/mesh/ft_c.stl'
[ models/temporal ] Channel dimensions: [(37, 128), (128, 256), (256, 512)]
[ models/temporal ] Channel dimensions: [(37, 128), (128, 256), (256, 512)]

Trial 1
No action perturbation this trial
Loaded trajectory sampler
Current yaw: tensor([ 0.0175,  0.0207, -1.2069], device='cuda:1')
Current yaw: tensor([ 0.0175,  0.0207, -1.2069], device='cuda:1')
1 turn
Likelihood: -76.27490234375
Sampling time 3.994059135991847
tensor([ 0.1307,  0.6204,  0.5857,  0.5685, -0.1062,  0.5426,  0.9080,  0.8934,
         1.2201,  0.2894,  0.2844,  1.2378,  0.0175,  0.0207, -1.2069],
       device='cuda:1')
Solve time for step 1 (global step 0) 17.511100963980425
Current ori: tensor([ 0.0175,  0.0207, -1.2069], device='cuda:1')
Middle force: tensor([0.9530, 1.1358, 0.5269, 0.4997, 0.6521, 0.5599, 1.2388, 0.7049, 0.5232,
        1.6159, 0.6662, 1.9796], device='cuda:1')
Thumb force: tensor([1.7775, 1.4414, 0.6622, 0.9304, 0.7768, 0.6656, 1.2539, 0.6483, 1.4067,
        1.1882, 0.9025, 1.1168], device='cuda:1')
Index force: tensor([0.6155, 0.8040, 0.7216, 0.9465, 0.5809, 0.7116, 0.5948, 0.6771, 0.9133,
        0.5359, 0.7241, 0.7988], device='cuda:1')
tensor([ 0.1235,  0.6599,  0.5371,  0.5412, -0.1162,  0.5248,  0.9031,  0.9555,
         1.2197,  0.3126,  0.3260,  1.1235,  0.0071,  0.0169, -1.3041],
       device='cuda:1')
Likelihood: -70.55389404296875
Solve time for step 2 (global step 1) 19.08222034398932
Current ori: tensor([ 0.0071,  0.0169, -1.3041], device='cuda:1')
Middle force: tensor([1.1936, 0.5279, 0.5002, 0.6529, 0.5565, 1.1998, 0.6895, 0.5150, 1.5238,
        0.6406, 1.8552], device='cuda:1')
Thumb force: tensor([1.3603, 0.6470, 0.8337, 0.7417, 0.6334, 1.1770, 0.6268, 1.3516, 1.1263,
        0.8734, 1.0536], device='cuda:1')
Index force: tensor([0.8116, 0.6867, 0.8875, 0.5684, 0.6956, 0.5854, 0.6583, 0.8897, 0.5296,
        0.6991, 0.7735], device='cuda:1')
tensor([ 1.2285e-01,  6.9080e-01,  5.1381e-01,  5.0086e-01, -1.1466e-01,
         5.0015e-01,  9.1576e-01,  1.0226e+00,  1.2413e+00,  3.2837e-01,
         3.3755e-01,  1.0106e+00,  4.0558e-04,  1.4419e-02, -1.4296e+00],
       device='cuda:1')
Likelihood: -104.8902816772461
Solve time for step 3 (global step 2) 17.89269630299532
Current ori: tensor([ 4.0558e-04,  1.4419e-02, -1.4296e+00], device='cuda:1')
Middle force: tensor([0.5953, 0.5717, 0.9643, 1.1191, 0.4998, 0.5115, 0.6908, 1.4386, 0.8265,
        0.8683], device='cuda:1')
Thumb force: tensor([1.0902, 0.5136, 0.5794, 1.4914, 1.8102, 0.7591, 0.8790, 1.0137, 1.5740,
        1.1366], device='cuda:1')
Index force: tensor([1.1263, 0.6649, 0.8450, 0.7623, 0.9368, 0.5709, 0.8359, 0.7579, 0.9267,
        0.7011], device='cuda:1')
tensor([ 0.1213,  0.6926,  0.5176,  0.4859, -0.1152,  0.5077,  0.9075,  1.0149,
         1.2235,  0.3550,  0.3377,  1.0319, -0.0022,  0.0150, -1.4184],
       device='cuda:1')
Likelihood: -105.3957290649414
Solve time for step 4 (global step 3) 14.751329432998318
Current ori: tensor([-0.0022,  0.0150, -1.4184], device='cuda:1')
Middle force: tensor([0.5660, 0.9381, 1.1051, 0.5001, 0.5095, 0.6638, 1.3699, 0.7855, 0.8651],
       device='cuda:1')
Thumb force: tensor([0.5121, 0.5681, 1.3901, 1.7249, 0.7406, 0.8636, 0.9856, 1.5323, 1.0642],
       device='cuda:1')
Index force: tensor([0.6499, 0.8188, 0.7469, 0.9038, 0.5634, 0.8091, 0.7313, 0.8790, 0.6887],
       device='cuda:1')
tensor([ 0.1264,  0.6992,  0.5175,  0.4793, -0.1093,  0.5095,  0.9074,  1.0218,
         1.2242,  0.3655,  0.3252,  1.0334, -0.0041,  0.0111, -1.4456],
       device='cuda:1')
Likelihood: -106.1099853515625
Solve time for step 5 (global step 4) 15.222672609990695
Current ori: tensor([-0.0041,  0.0111, -1.4456], device='cuda:1')
Middle force: tensor([0.9193, 1.0891, 0.5004, 0.5081, 0.6376, 1.3044, 0.7502, 0.8590],
       device='cuda:1')
Thumb force: tensor([0.5591, 1.3162, 1.6425, 0.7234, 0.8554, 0.9626, 1.4944, 1.0033],
       device='cuda:1')
Index force: tensor([0.7946, 0.7248, 0.8672, 0.5572, 0.7836, 0.7084, 0.8352, 0.6765],
       device='cuda:1')
tensor([ 1.2759e-01,  6.9191e-01,  5.2470e-01,  4.8744e-01, -1.0892e-01,
         4.9303e-01,  9.2203e-01,  1.0508e+00,  1.2393e+00,  3.7612e-01,
         3.0975e-01,  1.0184e+00, -1.3983e-03,  1.0492e-02, -1.5093e+00],
       device='cuda:1')
Likelihood: -108.27684020996094
Solve time for step 6 (global step 5) 14.6372524430044
Current ori: tensor([-1.3983e-03,  1.0492e-02, -1.5093e+00], device='cuda:1')
Middle force: tensor([1.0861, 0.5002, 0.5070, 0.6208, 1.2462, 0.7186, 0.8520],
       device='cuda:1')
Thumb force: tensor([1.2706, 1.5767, 0.7087, 0.8412, 0.9366, 1.4611, 0.9512],
       device='cuda:1')
Index force: tensor([0.6938, 0.8635, 0.5526, 0.7605, 0.6897, 0.7934, 0.6645],
       device='cuda:1')
tensor([ 0.1289,  0.6984,  0.5230,  0.4755, -0.1041,  0.4727,  0.9440,  1.0818,
         1.2561,  0.4041,  0.3143,  0.9380, -0.0037,  0.0099, -1.6209],
       device='cuda:1')
Likelihood: -141.68136596679688
Solve time for step 7 (global step 6) 13.10061609200784
Current ori: tensor([-0.0037,  0.0099, -1.6209], device='cuda:1')
Middle force: tensor([0.5000, 0.8179, 1.3423, 0.6062, 0.8138, 0.5380], device='cuda:1')
Thumb force: tensor([0.8641, 0.8045, 1.3919, 1.2070, 0.8850, 0.7913], device='cuda:1')
Index force: tensor([0.7899, 0.5543, 0.6866, 0.5046, 0.8572, 0.5146], device='cuda:1')
tensor([ 0.1298,  0.7321,  0.4850,  0.4422, -0.0948,  0.4678,  0.9520,  1.1097,
         1.3357,  0.3041,  0.2726,  0.8972, -0.0111,  0.0082, -1.7092],
       device='cuda:1')
Likelihood: -162.78944396972656
State is out of distribution
Final likelihood: tensor([-3.0527, -3.3186, -3.4405, -3.6317, -4.2915, -4.4332, -4.6285, -4.9571,
        -5.5565, -5.6988, -6.7108, -7.0593, -8.2822, -8.7630, -9.1011, -9.4106],
       device='cuda:1', grad_fn=<IndexBackward0>)
Final likelihood: tensor([-3.0527, -3.3186, -3.4405, -3.6317, -4.2915, -4.4332, -4.6285, -4.9571,
        -5.5565, -5.6988, -6.7108, -7.0593, -8.2822, -8.7630, -9.1011, -9.4106],
       device='cuda:1', grad_fn=<IndexBackward0>)
1 mode projection succeeded
New goal: tensor([ 0.1470,  0.6694,  0.5075,  0.5513, -0.1276,  0.5441,  0.9166,  0.8735,
         1.2382,  0.3088,  0.2341,  1.1920,  0.0109,  0.0142, -1.7096],
       device='cuda:1')
tensor([[0.0009]], device='cuda:1') tensor([[0.0002]], device='cuda:1') tensor([[0.0007]], device='cuda:1')
Likelihood: -88.52266693115234
Likelihood: -166.52777099609375
{'index': 166.52777099609375, 'thumb_middle': 88.52266693115234}
Plan time: 33.38500682002632
Current yaw: tensor([-0.0112,  0.0082, -1.7096], device='cuda:1')
2 thumb_middle
tensor([ 0.1297,  0.7322,  0.4849,  0.4421, -0.0947,  0.4679,  0.9523,  1.1099,
         1.3361,  0.3039,  0.2726,  0.8971, -0.0112,  0.0082, -1.7096],
       device='cuda:1')
Solve time for step 1 (global step 7) 12.755776575999334
Current ori: tensor([-0.0112,  0.0082, -1.7096], device='cuda:1')
Index force: tensor([0.5770, 0.5900, 0.5721], device='cuda:1')
tensor([ 0.1399,  0.7036,  0.5133,  0.5034, -0.1930,  0.4373,  0.8922,  1.0097,
         1.2495,  0.2681,  0.1960,  0.9667, -0.0019,  0.0039, -1.7096],
       device='cuda:1')
Solve time for step 2 (global step 8) 11.272975579980994
Current ori: tensor([-0.0019,  0.0039, -1.7096], device='cuda:1')
Index force: tensor([0.5704, 0.5546], device='cuda:1')
tensor([ 0.1426,  0.6844,  0.5202,  0.5473, -0.2222,  0.4785,  0.8888,  0.9585,
         1.2333,  0.2901,  0.1853,  1.0007,  0.0051,  0.0047, -1.7096],
       device='cuda:1')
Solve time for step 3 (global step 9) 9.770589715015376
Current ori: tensor([ 0.0051,  0.0047, -1.7096], device='cuda:1')
Index force: tensor([0.5370], device='cuda:1')
Current yaw: tensor([ 7.3630e-03,  1.1926e-03, -1.7117e+00], device='cuda:1')
3 turn
Likelihood: -77.20396423339844
Sampling time 3.8766404549824074
tensor([ 1.4988e-01,  6.8271e-01,  5.1684e-01,  5.7405e-01, -1.4090e-01,
         5.6436e-01,  9.1834e-01,  1.0196e+00,  1.3122e+00,  2.9062e-01,
         2.3887e-01,  1.0345e+00,  7.3630e-03,  1.1926e-03, -1.7117e+00],
       device='cuda:1')
Solve time for step 1 (global step 10) 18.90987254999345
Current ori: tensor([ 7.3630e-03,  1.1926e-03, -1.7117e+00], device='cuda:1')
Middle force: tensor([0.9099, 0.7456, 0.7502, 1.3013, 1.5079, 0.6005, 1.1807, 0.9213, 0.6096,
        0.9346, 1.1392, 0.9113], device='cuda:1')
Thumb force: tensor([1.1905, 0.9065, 0.9916, 1.8427, 1.3195, 0.7170, 1.6875, 0.7051, 1.5792,
        0.5420, 1.1885, 1.0506], device='cuda:1')
Index force: tensor([0.8587, 0.7739, 0.9131, 0.9170, 0.7832, 0.7205, 0.9033, 0.7120, 0.5240,
        0.5397, 0.6422, 1.1571], device='cuda:1')
tensor([ 1.3955e-01,  6.9695e-01,  5.0941e-01,  5.2779e-01, -1.4686e-01,
         5.5703e-01,  9.2094e-01,  1.0385e+00,  1.3300e+00,  2.9980e-01,
         2.3498e-01,  9.9539e-01,  1.4807e-03,  4.4314e-03, -1.7811e+00],
       device='cuda:1')
Likelihood: -110.31556701660156
Solve time for step 2 (global step 11) 17.365277770004468
Current ori: tensor([ 1.4807e-03,  4.4314e-03, -1.7811e+00], device='cuda:1')
Middle force: tensor([2.0655, 1.0034, 0.5015, 0.9278, 0.8012, 0.5001, 0.5138, 0.5190, 0.7094,
        0.9255, 0.6558], device='cuda:1')
Thumb force: tensor([0.9752, 1.0790, 0.6386, 1.4755, 0.7099, 0.6654, 0.6812, 0.8470, 0.6708,
        0.9776, 1.0563], device='cuda:1')
Index force: tensor([0.9992, 0.8716, 0.7193, 0.5372, 0.5043, 0.6951, 0.5252, 0.7003, 0.5220,
        0.5715, 0.9221], device='cuda:1')
tensor([ 0.1369,  0.7215,  0.4875,  0.4997, -0.1318,  0.5356,  0.9511,  1.0647,
         1.3337,  0.3277,  0.2681,  0.8819, -0.0051, -0.0027, -1.9113],
       device='cuda:1')
Likelihood: -132.11167907714844
Solve time for step 3 (global step 12) 16.6737183459918
Current ori: tensor([-0.0051, -0.0027, -1.9113], device='cuda:1')
Middle force: tensor([0.7696, 0.8707, 1.0027, 1.1996, 0.5066, 0.5963, 0.5013, 1.0199, 0.5981,
        0.7817], device='cuda:1')
Thumb force: tensor([0.6253, 1.4272, 2.3323, 1.9092, 1.2339, 1.7061, 0.5553, 0.7966, 0.6702,
        0.6861], device='cuda:1')
Index force: tensor([1.0972, 0.5010, 0.8778, 0.5012, 0.6996, 0.6843, 0.5054, 0.5589, 0.8137,
        0.6162], device='cuda:1')
tensor([ 1.3342e-01,  7.0650e-01,  4.9003e-01,  5.2793e-01, -1.3970e-01,
         5.3247e-01,  9.4022e-01,  1.0945e+00,  1.3905e+00,  2.8312e-01,
         2.3694e-01,  8.7370e-01, -6.0726e-04,  1.8925e-03, -1.9183e+00],
       device='cuda:1')
Likelihood: -152.21743774414062
Solve time for step 4 (global step 13) 15.561801456002286
Current ori: tensor([-6.0726e-04,  1.8925e-03, -1.9183e+00], device='cuda:1')
Middle force: tensor([1.2403, 1.4443, 0.5716, 1.1082, 0.8477, 0.5526, 0.8254, 0.9666, 0.8163],
       device='cuda:1')
Thumb force: tensor([1.5216, 1.1857, 0.6439, 1.3862, 0.6118, 1.3607, 0.5157, 1.0364, 0.9149],
       device='cuda:1')
Index force: tensor([0.7876, 0.7111, 0.6431, 0.7848, 0.6539, 0.5088, 0.5183, 0.5911, 1.0023],
       device='cuda:1')
tensor([ 0.1204,  0.7148,  0.4803,  0.4966, -0.1434,  0.5122,  0.9631,  1.1138,
         1.3767,  0.3766,  0.2963,  0.7547, -0.0041,  0.0083, -2.0381],
       device='cuda:1')
Likelihood: -165.63143920898438
State is out of distribution
Final likelihood: tensor([-3.4338, -3.7930, -4.1001, -4.2620, -4.3577, -4.4258, -4.4592, -4.6424,
        -4.9501, -4.9872, -5.1901, -5.2747, -6.7986, -7.1181, -7.8806, -8.0109],
       device='cuda:1', grad_fn=<IndexBackward0>)
Final likelihood: tensor([-3.4338, -3.7930, -4.1001, -4.2620, -4.3577, -4.4258, -4.4592, -4.6424,
        -4.9501, -4.9872, -5.1901, -5.2747, -6.7986, -7.1181, -7.8806, -8.0109],
       device='cuda:1', grad_fn=<IndexBackward0>)
1 mode projection succeeded
New goal: tensor([ 0.1515,  0.6109,  0.5766,  0.5897, -0.1238,  0.5310,  0.9075,  0.9148,
         1.2137,  0.2625,  0.3223,  1.1082, -0.0031,  0.0139, -2.0386],
       device='cuda:1')
tensor([[0.0006]], device='cuda:1') tensor([[0.0002]], device='cuda:1') tensor([[0.0005]], device='cuda:1')
Likelihood: -106.47588348388672
Likelihood: -158.88241577148438
{'index': 158.88241577148438, 'thumb_middle': 106.47588348388672}
Plan time: 30.924835229001474
Current yaw: tensor([-0.0042,  0.0082, -2.0386], device='cuda:1')
4 thumb_middle
tensor([ 0.1201,  0.7147,  0.4802,  0.4966, -0.1433,  0.5121,  0.9634,  1.1140,
         1.3768,  0.3768,  0.2961,  0.7542, -0.0042,  0.0082, -2.0386],
       device='cuda:1')
Solve time for step 1 (global step 14) 9.939326522988267
Current ori: tensor([-0.0042,  0.0082, -2.0386], device='cuda:1')
Index force: tensor([0.5805, 0.5975, 0.5680], device='cuda:1')
tensor([ 0.1262,  0.7119,  0.4925,  0.4931, -0.2314,  0.4830,  0.8965,  1.0068,
         1.2608,  0.3098,  0.2256,  0.8607, -0.0040,  0.0050, -2.0386],
       device='cuda:1')
Solve time for step 2 (global step 15) 9.284876343997894
Current ori: tensor([-0.0040,  0.0050, -2.0386], device='cuda:1')
Index force: tensor([0.5447, 0.5315], device='cuda:1')
tensor([ 0.1278,  0.7050,  0.5099,  0.4819, -0.2214,  0.4946,  0.8648,  0.9713,
         1.2203,  0.2693,  0.2613,  0.8856, -0.0033,  0.0041, -2.0386],
       device='cuda:1')
Solve time for step 3 (global step 16) 9.796962570020696
Current ori: tensor([-0.0033,  0.0041, -2.0386], device='cuda:1')
Index force: tensor([0.5236], device='cuda:1')
Current yaw: tensor([-9.4996e-03,  1.5671e-03, -2.0437e+00], device='cuda:1')
5 turn
Likelihood: -140.33505249023438
Sampling time 3.787683176982682
tensor([ 1.2927e-01,  7.3988e-01,  4.5734e-01,  4.8357e-01, -1.2837e-01,
         5.2413e-01,  9.6516e-01,  1.0172e+00,  1.2768e+00,  2.6067e-01,
         3.4107e-01,  9.1160e-01, -9.4996e-03,  1.5671e-03, -2.0437e+00],
       device='cuda:1')
Solve time for step 1 (global step 17) 21.622760274010943
Current ori: tensor([-9.4996e-03,  1.5671e-03, -2.0437e+00], device='cuda:1')
Middle force: tensor([1.1796, 0.5008, 0.7439, 0.7437, 0.7461, 0.9047, 1.1224, 0.9229, 0.7933,
        1.4920, 0.8538, 1.4205], device='cuda:1')
Thumb force: tensor([1.1732, 1.5387, 0.6134, 0.5634, 0.5508, 0.5854, 0.6501, 1.6679, 0.5224,
        0.9258, 0.9975, 1.0409], device='cuda:1')
Index force: tensor([0.7045, 1.3414, 0.8833, 1.0083, 0.5371, 0.9960, 0.5658, 0.5551, 0.5210,
        0.5934, 0.8751, 0.5888], device='cuda:1')
tensor([ 0.1255,  0.7524,  0.4529,  0.4276, -0.1265,  0.5163,  0.9623,  1.0734,
         1.2831,  0.3024,  0.3816,  0.7790, -0.0163,  0.0041, -2.1660],
       device='cuda:1')
Likelihood: -177.59759521484375
State is out of distribution
Final likelihood: tensor([-2.6736, -3.9661, -4.1023, -4.2840, -4.5448, -4.5634, -4.5859, -4.6565,
        -4.6726, -4.8567, -4.9593, -5.7827, -7.3071, -7.3686, -7.3898, -9.9580],
       device='cuda:1', grad_fn=<IndexBackward0>)
Final likelihood: tensor([-2.6736, -3.9661, -4.1023, -4.2840, -4.5448, -4.5634, -4.5859, -4.6565,
        -4.6726, -4.8567, -4.9593, -5.7827, -7.3071, -7.3686, -7.3898, -9.9580],
       device='cuda:1', grad_fn=<IndexBackward0>)
1 mode projection succeeded
New goal: tensor([ 0.1501,  0.6326,  0.5510,  0.5784, -0.1474,  0.5820,  0.8730,  0.9329,
         1.2219,  0.2930,  0.2713,  1.1572, -0.0114,  0.0136, -2.1668],
       device='cuda:1')
tensor([[0.0008]], device='cuda:1') tensor([[0.0003]], device='cuda:1') tensor([[0.0007]], device='cuda:1')
Likelihood: -95.566162109375
Likelihood: -136.23561096191406
{'index': 136.23561096191406, 'thumb_middle': 95.566162109375}
Plan time: 35.06939410301857
Current yaw: tensor([-0.0163,  0.0043, -2.1668], device='cuda:1')
6 thumb_middle
tensor([ 0.1254,  0.7524,  0.4529,  0.4275, -0.1265,  0.5165,  0.9625,  1.0737,
         1.2834,  0.3026,  0.3816,  0.7787, -0.0163,  0.0043, -2.1668],
       device='cuda:1')
Solve time for step 1 (global step 18) 10.415940422011772
Current ori: tensor([-0.0163,  0.0043, -2.1668], device='cuda:1')
Index force: tensor([0.5404, 0.5698, 0.5693], device='cuda:1')
tensor([ 0.1275,  0.7333,  0.4713,  0.4684, -0.2417,  0.5038,  0.8790,  1.0303,
         1.2259,  0.2792,  0.2635,  0.8697, -0.0098,  0.0032, -2.1668],
       device='cuda:1')
Solve time for step 2 (global step 19) 11.591619546990842
Current ori: tensor([-0.0098,  0.0032, -2.1668], device='cuda:1')
Index force: tensor([0.5494, 0.5495], device='cuda:1')
tensor([ 0.1263,  0.7310,  0.4756,  0.4631, -0.2418,  0.4986,  0.9013,  0.9673,
         1.2198,  0.2568,  0.2534,  0.9035, -0.0097,  0.0040, -2.1668],
       device='cuda:1')
Solve time for step 3 (global step 20) 11.185031540022464
Current ori: tensor([-0.0097,  0.0040, -2.1668], device='cuda:1')
Index force: tensor([0.5323], device='cuda:1')
Current yaw: tensor([-1.7074e-02,  4.2538e-04, -2.1728e+00], device='cuda:1')
7 turn
Likelihood: -142.15293884277344
Sampling time 3.866226554993773
tensor([ 1.3023e-01,  7.6068e-01,  4.4355e-01,  4.3242e-01, -1.5685e-01,
         5.7771e-01,  9.4391e-01,  1.0089e+00,  1.2764e+00,  2.8833e-01,
         3.1548e-01,  9.3213e-01, -1.7074e-02,  4.2538e-04, -2.1728e+00],
       device='cuda:1')
Solve time for step 1 (global step 21) 19.473471167992102
Current ori: tensor([-1.7074e-02,  4.2538e-04, -2.1728e+00], device='cuda:1')
Middle force: tensor([0.5178, 0.6254, 1.1092, 0.5580, 0.6639, 0.6716, 0.9427, 0.8371, 1.0517,
        0.7341, 0.6706, 0.5089], device='cuda:1')
Thumb force: tensor([0.8071, 1.5781, 1.4006, 1.6289, 1.6601, 1.5446, 1.0328, 1.2393, 0.7076,
        1.6478, 0.6663, 0.5228], device='cuda:1')
Index force: tensor([0.6705, 0.6931, 0.5808, 0.6458, 0.6757, 0.7281, 0.9149, 0.7212, 0.6833,
        0.8399, 0.8919, 0.7171], device='cuda:1')
tensor([ 0.1266,  0.7787,  0.4152,  0.3979, -0.1589,  0.5718,  0.9413,  1.0471,
         1.3197,  0.2585,  0.3137,  0.8570, -0.0225,  0.0038, -2.2615],
       device='cuda:1')
Likelihood: -151.816650390625
Solve time for step 2 (global step 22) 17.984043976990506
Current ori: tensor([-0.0225,  0.0038, -2.2615], device='cuda:1')
Middle force: tensor([1.3380, 1.1023, 0.5022, 0.4999, 0.5406, 1.2885, 0.9687, 1.0857, 0.8514,
        1.1074, 0.6974], device='cuda:1')
Thumb force: tensor([1.2448, 2.3583, 0.7541, 0.9839, 0.5286, 0.8441, 0.8680, 1.6139, 0.7777,
        1.1691, 0.7659], device='cuda:1')
Index force: tensor([0.5759, 1.1914, 1.0132, 0.5026, 0.5269, 1.0160, 0.5725, 0.7640, 0.6094,
        0.5219, 0.5430], device='cuda:1')
tensor([ 1.3084e-01,  7.8447e-01,  4.1145e-01,  3.8344e-01, -1.5044e-01,
         5.6039e-01,  9.5870e-01,  1.0843e+00,  1.3192e+00,  2.8268e-01,
         3.6907e-01,  7.2503e-01, -2.4453e-02,  1.9131e-03, -2.3880e+00],
       device='cuda:1')
Likelihood: -184.85025024414062
State is out of distribution
Final likelihood: tensor([-2.4608, -3.6854, -3.7433, -4.1784, -4.2116, -4.6192, -4.9862, -5.0756,
        -6.3752, -6.8453, -7.0340, -7.0889, -7.2438, -7.6425, -9.3816, -9.8115],
       device='cuda:1', grad_fn=<IndexBackward0>)
Final likelihood: tensor([-2.4608, -3.6854, -3.7433, -4.1784, -4.2116, -4.6192, -4.9862, -5.0756,
        -6.3752, -6.8453, -7.0340, -7.0889, -7.2438, -7.6425, -9.3816, -9.8115],
       device='cuda:1', grad_fn=<IndexBackward0>)
1 mode projection succeeded
New goal: tensor([ 0.1468,  0.6685,  0.5085,  0.5515, -0.1280,  0.5446,  0.9162,  0.8743,
         1.2376,  0.3078,  0.2337,  1.1926,  0.0108,  0.0141, -2.3884],
       device='cuda:1')
tensor([[0.0007]], device='cuda:1') tensor([[9.5637e-05]], device='cuda:1') tensor([[0.0008]], device='cuda:1')
Likelihood: -83.0787582397461
Likelihood: -188.61663818359375
{'index': 188.61663818359375, 'thumb_middle': 83.0787582397461}
Plan time: 31.49962429102743
Current yaw: tensor([-2.4467e-02,  1.8425e-03, -2.3884e+00], device='cuda:1')
8 thumb_middle
tensor([ 1.3074e-01,  7.8447e-01,  4.1145e-01,  3.8342e-01, -1.5042e-01,
         5.6050e-01,  9.5909e-01,  1.0846e+00,  1.3193e+00,  2.8259e-01,
         3.6915e-01,  7.2465e-01, -2.4467e-02,  1.8425e-03, -2.3884e+00],
       device='cuda:1')
Solve time for step 1 (global step 23) 9.654113758006133
Current ori: tensor([-2.4467e-02,  1.8425e-03, -2.3884e+00], device='cuda:1')
Index force: tensor([0.5946, 0.5974, 0.5846], device='cuda:1')
tensor([ 1.3052e-01,  7.3115e-01,  4.6871e-01,  4.9500e-01, -2.5482e-01,
         5.1583e-01,  9.0939e-01,  9.7537e-01,  1.2525e+00,  2.7259e-01,
         2.3753e-01,  8.6977e-01, -7.1149e-03,  1.2464e-03, -2.3884e+00],
       device='cuda:1')
Solve time for step 2 (global step 24) 9.308979505993193
Current ori: tensor([-7.1149e-03,  1.2464e-03, -2.3884e+00], device='cuda:1')
Index force: tensor([0.5847, 0.5726], device='cuda:1')
tensor([ 0.1317,  0.6855,  0.5086,  0.5450, -0.2510,  0.5231,  0.8827,  0.9471,
         1.2388,  0.2809,  0.2079,  0.9513,  0.0053,  0.0042, -2.3884],
       device='cuda:1')
Solve time for step 3 (global step 25) 8.668652246007696
Current ori: tensor([ 0.0053,  0.0042, -2.3884], device='cuda:1')
Index force: tensor([0.5000], device='cuda:1')
Current yaw: tensor([ 0.0047,  0.0029, -2.3835], device='cuda:1')
9 turn
Likelihood: -83.21470642089844
Sampling time 3.8717342040035874
tensor([ 0.1332,  0.6984,  0.4804,  0.5668, -0.1511,  0.5975,  0.9125,  0.9607,
         1.3001,  0.3063,  0.2426,  1.0453,  0.0047,  0.0029, -2.3835],
       device='cuda:1')
Solve time for step 1 (global step 26) 20.816934784990735
Current ori: tensor([ 0.0047,  0.0029, -2.3835], device='cuda:1')
Middle force: tensor([1.0050, 1.5012, 0.8435, 0.7307, 0.8645, 1.2288, 0.6661, 1.2695, 1.0725,
        0.7878, 1.0470, 2.4571], device='cuda:1')
Thumb force: tensor([0.8675, 0.8459, 1.2303, 0.9359, 1.5285, 0.7281, 2.0106, 1.2719, 0.5991,
        1.3553, 1.0161, 1.8774], device='cuda:1')
Index force: tensor([1.2915, 0.8913, 0.8388, 1.0974, 0.8277, 0.9822, 0.8964, 0.9825, 0.5789,
        1.1067, 0.7767, 0.7478], device='cuda:1')
tensor([ 0.1106,  0.7413,  0.4309,  0.4903, -0.1629,  0.5690,  0.9365,  0.9778,
         1.2963,  0.3403,  0.3061,  0.9066, -0.0087,  0.0115, -2.5011],
       device='cuda:1')
Likelihood: -120.22429656982422
Solve time for step 2 (global step 27) 19.84001156099839
Current ori: tensor([-0.0087,  0.0115, -2.5011], device='cuda:1')
Middle force: tensor([0.6541, 1.5828, 0.7926, 0.6475, 1.5292, 1.4226, 1.2783, 1.4219, 0.7735,
        0.5316, 0.5484], device='cuda:1')
Thumb force: tensor([0.5021, 1.4775, 1.2033, 1.4656, 1.6887, 1.6628, 1.1542, 1.1130, 0.6879,
        0.5965, 0.5814], device='cuda:1')
Index force: tensor([0.5390, 0.9029, 0.7197, 0.6613, 0.5626, 0.7274, 0.5467, 0.7447, 0.5157,
        0.7512, 0.6066], device='cuda:1')
tensor([ 0.0979,  0.7552,  0.4067,  0.4519, -0.1729,  0.5664,  0.9166,  1.0221,
         1.3316,  0.3412,  0.3284,  0.8071, -0.0144,  0.0193, -2.5731],
       device='cuda:1')
Likelihood: -155.38650512695312
Solve time for step 3 (global step 28) 18.39787198798149
Current ori: tensor([-0.0144,  0.0193, -2.5731], device='cuda:1')
Middle force: tensor([0.5182, 1.1613, 0.5030, 1.7137, 0.5001, 1.0272, 0.7641, 0.5344, 0.7281,
        1.1619], device='cuda:1')
Thumb force: tensor([0.5003, 2.1855, 1.0531, 1.7756, 0.5925, 0.8450, 0.7130, 0.7447, 0.5002,
        0.8963], device='cuda:1')
Index force: tensor([0.5473, 0.7426, 0.7754, 0.8653, 1.2558, 0.8912, 0.8632, 0.5632, 0.5021,
        0.6489], device='cuda:1')
tensor([ 0.0884,  0.7769,  0.3691,  0.4112, -0.1784,  0.5399,  0.9594,  1.0056,
         1.3371,  0.3685,  0.3822,  0.6873, -0.0194,  0.0250, -2.6462],
       device='cuda:1')
Likelihood: -185.30023193359375
State is out of distribution
Final likelihood: tensor([ -3.3550,  -3.9277,  -4.0570,  -4.1491,  -4.3730,  -4.4544,  -4.5361,
         -4.5788,  -4.6016,  -4.8097,  -6.1245,  -6.7497,  -6.8234,  -7.6913,
         -8.0815, -12.3236], device='cuda:1', grad_fn=<IndexBackward0>)
Final likelihood: tensor([ -3.3550,  -3.9277,  -4.0570,  -4.1491,  -4.3730,  -4.4544,  -4.5361,
         -4.5788,  -4.6016,  -4.8097,  -6.1245,  -6.7497,  -6.8234,  -7.6913,
         -8.0815, -12.3236], device='cuda:1', grad_fn=<IndexBackward0>)
1 mode projection succeeded
New goal: tensor([ 1.5678e-01,  6.6003e-01,  5.1113e-01,  5.9410e-01, -1.3234e-01,
         5.8894e-01,  8.7134e-01,  8.6335e-01,  1.2036e+00,  2.9642e-01,
         2.9781e-01,  1.1416e+00, -2.2669e-03,  1.2324e-02, -2.6467e+00],
       device='cuda:1')
tensor([[0.0005]], device='cuda:1') tensor([[0.0006]], device='cuda:1') tensor([[0.0007]], device='cuda:1')
Likelihood: -101.92314910888672
Likelihood: -146.94778442382812
{'index': 146.94778442382812, 'thumb_middle': 101.92314910888672}
Plan time: 34.135936325998046
Current yaw: tensor([-0.0194,  0.0249, -2.6467], device='cuda:1')
10 thumb_middle
tensor([ 0.0882,  0.7769,  0.3691,  0.4112, -0.1784,  0.5399,  0.9598,  1.0057,
         1.3372,  0.3685,  0.3822,  0.6869, -0.0194,  0.0249, -2.6467],
       device='cuda:1')
Solve time for step 1 (global step 29) 11.784947509004269
Current ori: tensor([-0.0194,  0.0249, -2.6467], device='cuda:1')
Index force: tensor([0.8704, 0.5929, 0.5724], device='cuda:1')
tensor([ 0.1165,  0.7666,  0.4171,  0.4347, -0.2415,  0.5231,  0.8923,  0.9310,
         1.2224,  0.3018,  0.2808,  0.8286, -0.0166,  0.0071, -2.6466],
       device='cuda:1')
Solve time for step 2 (global step 30) 9.857257847994333
Current ori: tensor([-0.0166,  0.0071, -2.6466], device='cuda:1')
Index force: tensor([0.5708, 0.5538], device='cuda:1')
tensor([ 0.1242,  0.7272,  0.4731,  0.4809, -0.2476,  0.5342,  0.8786,  0.9203,
         1.2055,  0.3206,  0.2625,  0.8809, -0.0060,  0.0033, -2.6466],
       device='cuda:1')
Solve time for step 3 (global step 31) 10.86184985600994
Current ori: tensor([-0.0060,  0.0033, -2.6466], device='cuda:1')
Index force: tensor([0.5356], device='cuda:1')
Current yaw: tensor([-9.8383e-03,  1.2793e-03, -2.6432e+00], device='cuda:1')
11 turn
Likelihood: -115.73164367675781
Sampling time 3.972674079006538
tensor([ 1.2631e-01,  7.4745e-01,  4.4366e-01,  4.7863e-01, -1.5282e-01,
         6.1519e-01,  9.1723e-01,  9.1407e-01,  1.2554e+00,  3.1928e-01,
         3.2370e-01,  9.5098e-01, -9.8383e-03,  1.2793e-03, -2.6432e+00],
       device='cuda:1')
Solve time for step 1 (global step 32) 18.241559771005996
Current ori: tensor([-9.8383e-03,  1.2793e-03, -2.6432e+00], device='cuda:1')
Middle force: tensor([0.9431, 0.6580, 1.8082, 1.0383, 0.5020, 1.0129, 0.5587, 1.0786, 1.7765,
        1.0395, 1.1639, 1.6234], device='cuda:1')
Thumb force: tensor([1.4693, 1.1166, 0.9625, 2.0178, 0.7222, 1.2486, 0.9494, 0.7661, 1.2146,
        1.3088, 0.5210, 1.0222], device='cuda:1')
Index force: tensor([0.5712, 0.9790, 1.1047, 0.6482, 0.7446, 0.5769, 0.6584, 0.8297, 0.6178,
        1.1246, 0.6982, 0.6225], device='cuda:1')
tensor([ 0.1170,  0.7433,  0.4365,  0.4855, -0.1609,  0.6185,  0.8820,  0.9728,
         1.2832,  0.2868,  0.3243,  0.9310, -0.0086,  0.0073, -2.6725],
       device='cuda:1')
Likelihood: -126.13121795654297
Solve time for step 2 (global step 33) 16.925818490970414
Current ori: tensor([-0.0086,  0.0073, -2.6725], device='cuda:1')
Middle force: tensor([0.5055, 0.7822, 0.7818, 1.0284, 1.0234, 0.6015, 0.8384, 0.5056, 0.6738,
        0.9819, 0.6849], device='cuda:1')
Thumb force: tensor([1.3402, 0.5813, 0.5051, 2.5837, 0.8786, 0.7964, 0.7326, 0.5023, 0.5018,
        0.6201, 0.5000], device='cuda:1')
Index force: tensor([1.3168, 0.7794, 0.9352, 1.4732, 0.6979, 0.7344, 0.5058, 0.5072, 0.5072,
        0.7944, 0.5016], device='cuda:1')
tensor([ 1.2540e-01,  7.7392e-01,  4.1475e-01,  4.3784e-01, -1.5671e-01,
         5.7838e-01,  9.2958e-01,  1.0352e+00,  1.3013e+00,  2.8480e-01,
         3.5485e-01,  7.9833e-01, -1.7977e-02,  2.2504e-03, -2.8455e+00],
       device='cuda:1')
Likelihood: -146.92318725585938
Solve time for step 3 (global step 34) 16.0693012260017
Current ori: tensor([-1.7977e-02,  2.2504e-03, -2.8455e+00], device='cuda:1')
Middle force: tensor([1.8157, 1.1936, 0.5027, 0.8975, 0.5049, 0.9395, 1.4746, 0.9130, 0.9632,
        1.3218], device='cuda:1')
Thumb force: tensor([1.0181, 1.6613, 0.5321, 1.0679, 0.7527, 0.6690, 0.9498, 1.1044, 0.5009,
        0.8861], device='cuda:1')
Index force: tensor([1.0365, 0.6294, 0.6176, 0.5235, 0.5771, 0.7511, 0.5564, 0.9922, 0.6030,
        0.5718], device='cuda:1')
tensor([ 0.1561,  0.7616,  0.4501,  0.4991, -0.1213,  0.5491,  0.9707,  1.1316,
         1.3638,  0.1939,  0.3344,  0.7264, -0.0112, -0.0182, -3.0265],
       device='cuda:1')
Likelihood: -224.82223510742188
State is out of distribution
Final likelihood: tensor([-2.9273, -3.2558, -3.4655, -3.7510, -3.7591, -4.8035, -4.8750, -4.9281,
        -5.1257, -5.3306, -5.8357, -5.8919, -6.3237, -7.0191, -8.9764, -9.0686],
       device='cuda:1', grad_fn=<IndexBackward0>)
Final likelihood: tensor([-2.9273, -3.2558, -3.4655, -3.7510, -3.7591, -4.8035, -4.8750, -4.9281,
        -5.1257, -5.3306, -5.8357, -5.8919, -6.3237, -7.0191, -8.9764, -9.0686],
       device='cuda:1', grad_fn=<IndexBackward0>)
1 mode projection succeeded
New goal: tensor([ 0.1259,  0.6258,  0.5383,  0.5765, -0.1088,  0.5570,  0.8994,  0.8191,
         1.1956,  0.3551,  0.2663,  1.1645, -0.0110,  0.0132, -3.0273],
       device='cuda:1')
tensor([[0.0006]], device='cuda:1') tensor([[0.0003]], device='cuda:1') tensor([[0.0005]], device='cuda:1')
Likelihood: -100.71947479248047
Likelihood: -177.35650634765625
{'index': 177.35650634765625, 'thumb_middle': 100.71947479248047}
Plan time: 31.940763941965997
Current yaw: tensor([-0.0110, -0.0179, -3.0273], device='cuda:1')
12 thumb_middle
tensor([ 0.1557,  0.7612,  0.4500,  0.4993, -0.1204,  0.5497,  0.9713,  1.1319,
         1.3643,  0.1938,  0.3345,  0.7262, -0.0110, -0.0179, -3.0273],
       device='cuda:1')
Solve time for step 1 (global step 35) 10.78408335102722
Current ori: tensor([-0.0110, -0.0179, -3.0273], device='cuda:1')
Index force: tensor([0.6959, 0.5747, 0.5751], device='cuda:1')
tensor([ 1.2208e-01,  7.4177e-01,  4.4645e-01,  4.8276e-01, -2.3276e-01,
         4.9700e-01,  8.8946e-01,  1.0085e+00,  1.2704e+00,  2.3121e-01,
         2.2829e-01,  8.6509e-01, -8.8126e-03,  2.6727e-03, -3.0273e+00],
       device='cuda:1')
Solve time for step 2 (global step 36) 12.695479901973158
Current ori: tensor([-8.8126e-03,  2.6727e-03, -3.0273e+00], device='cuda:1')
Index force: tensor([0.5524, 0.5552], device='cuda:1')
tensor([ 0.1201,  0.7328,  0.4658,  0.4624, -0.2417,  0.5186,  0.8774,  0.9547,
         1.2486,  0.2324,  0.2222,  0.9181, -0.0085,  0.0041, -3.0273],
       device='cuda:1')
Solve time for step 3 (global step 37) 9.246990920044482
Current ori: tensor([-0.0085,  0.0041, -3.0273], device='cuda:1')
Index force: tensor([0.5387], device='cuda:1')
Current yaw: tensor([-1.1766e-02,  9.8740e-04, -3.0249e+00], device='cuda:1')
13 turn
Likelihood: -110.3240966796875
Sampling time 3.789909854007419
tensor([ 1.2399e-01,  7.5007e-01,  4.4371e-01,  4.5936e-01, -1.3332e-01,
         5.8537e-01,  9.0665e-01,  9.6200e-01,  1.3041e+00,  2.5677e-01,
         2.7422e-01,  9.8603e-01, -1.1766e-02,  9.8740e-04, -3.0249e+00],
       device='cuda:1')
Solve time for step 1 (global step 38) 18.23671873298008
Current ori: tensor([-1.1766e-02,  9.8740e-04, -3.0249e+00], device='cuda:1')
Middle force: tensor([1.3960, 2.1000, 0.9132, 1.1743, 1.4325, 0.6221, 1.9561, 0.7228, 0.9737,
        0.9581, 1.0613, 0.9000], device='cuda:1')
Thumb force: tensor([1.0992, 1.0241, 1.1501, 1.0971, 0.7953, 0.5168, 0.9606, 0.6123, 0.5242,
        0.6832, 1.4804, 1.8143], device='cuda:1')
Index force: tensor([0.9843, 0.9940, 0.9386, 0.7646, 0.6541, 0.5918, 0.8876, 0.8138, 0.8153,
        0.5387, 0.5474, 1.1975], device='cuda:1')
tensor([ 0.1110,  0.7263,  0.4555,  0.4908, -0.1282,  0.5992,  0.9018,  0.8914,
         1.2910,  0.2896,  0.2438,  1.0757, -0.0083,  0.0031, -2.9524],
       device='cuda:1')
Likelihood: -99.3895263671875
Solve time for step 2 (global step 39) 16.97222121997038
Current ori: tensor([-0.0083,  0.0031, -2.9524], device='cuda:1')
Middle force: tensor([2.0526, 0.9057, 1.1389, 1.3753, 0.5930, 1.8136, 0.6987, 0.9088, 0.9255,
        0.9829, 0.8263], device='cuda:1')
Thumb force: tensor([0.9698, 1.0660, 1.0030, 0.7548, 0.5081, 0.9329, 0.5826, 0.5188, 0.6528,
        1.4211, 1.7661], device='cuda:1')
Index force: tensor([0.9680, 0.8860, 0.7339, 0.6287, 0.5742, 0.8512, 0.7818, 0.7731, 0.5285,
        0.5344, 1.1350], device='cuda:1')
tensor([ 1.1557e-01,  7.2477e-01,  4.6310e-01,  4.9091e-01, -1.2460e-01,
         5.8203e-01,  9.1559e-01,  9.2694e-01,  1.2732e+00,  3.3906e-01,
         2.7137e-01,  9.9964e-01, -7.6957e-03, -3.1254e-05, -3.0307e+00],
       device='cuda:1')
Likelihood: -101.64923095703125
Solve time for step 3 (global step 40) 15.634852143994067
Current ori: tensor([-7.6957e-03, -3.1254e-05, -3.0307e+00], device='cuda:1')
Middle force: tensor([0.9398, 1.2110, 1.3358, 0.5722, 1.7043, 0.6771, 0.8780, 0.8965, 0.9199,
        0.7820], device='cuda:1')
Thumb force: tensor([1.0499, 1.0768, 0.7564, 0.5026, 0.8685, 0.5626, 0.5081, 0.6281, 1.3643,
        1.6913], device='cuda:1')
Index force: tensor([0.8132, 0.6968, 0.6083, 0.5633, 0.8270, 0.7512, 0.7639, 0.5191, 0.5239,
        1.0825], device='cuda:1')
tensor([ 1.1450e-01,  7.2378e-01,  4.6464e-01,  4.8690e-01, -1.2927e-01,
         5.6943e-01,  9.2094e-01,  9.5139e-01,  1.2824e+00,  3.4669e-01,
         2.9676e-01,  9.2645e-01, -7.8305e-03,  2.1203e-03, -3.0805e+00],
       device='cuda:1')
Likelihood: -107.17286682128906
Solve time for step 4 (global step 41) 17.6152157500037
Current ori: tensor([-7.8305e-03,  2.1203e-03, -3.0805e+00], device='cuda:1')
Middle force: tensor([1.3941, 1.3192, 0.5634, 1.6023, 0.6573, 0.8385, 0.8710, 0.8663, 0.7495],
       device='cuda:1')
Thumb force: tensor([1.2439, 0.7964, 0.5003, 0.8163, 0.5481, 0.5035, 0.6046, 1.3040, 1.6075],
       device='cuda:1')
Index force: tensor([0.6575, 0.5910, 0.5552, 0.8131, 0.7192, 0.7452, 0.5127, 0.5164, 1.0300],
       device='cuda:1')
tensor([ 1.1009e-01,  7.0617e-01,  4.7374e-01,  5.1473e-01, -1.2059e-01,
         6.4005e-01,  8.6946e-01,  8.2826e-01,  1.2370e+00,  3.9122e-01,
         2.4995e-01,  1.1089e+00, -5.4015e-03, -1.0611e-03, -2.9298e+00],
       device='cuda:1')
Likelihood: -95.22523498535156
Solve time for step 5 (global step 42) 16.095011695986614
Current ori: tensor([-5.4015e-03, -1.0611e-03, -2.9298e+00], device='cuda:1')
Middle force: tensor([0.7569, 0.9039, 1.1139, 1.3595, 0.5081, 0.5641, 1.2144, 0.7229],
       device='cuda:1')
Thumb force: tensor([1.3713, 0.7889, 1.3028, 1.9148, 1.1396, 0.6569, 0.9800, 1.0041],
       device='cuda:1')
Index force: tensor([0.6955, 0.5262, 0.6833, 1.5080, 1.1396, 0.8964, 0.6706, 0.7145],
       device='cuda:1')
tensor([ 1.2816e-01,  6.9290e-01,  4.9692e-01,  5.4367e-01, -1.0637e-01,
         7.0437e-01,  8.1319e-01,  7.7500e-01,  9.8898e-01,  6.7556e-01,
         4.5246e-01,  1.0991e+00, -2.7197e-04, -8.6861e-03, -2.8436e+00],
       device='cuda:1')
Likelihood: -178.40631103515625
State is out of distribution
Final likelihood: tensor([-2.7885, -3.0024, -3.3555, -3.5587, -3.9470, -4.1520, -4.2748, -4.3665,
        -4.5920, -4.8530, -4.9433, -5.1344, -5.1425, -5.3407, -5.4166, -6.0741],
       device='cuda:1', grad_fn=<IndexBackward0>)
Final likelihood: tensor([-2.7885, -3.0024, -3.3555, -3.5587, -3.9470, -4.1520, -4.2748, -4.3665,
        -4.5920, -4.8530, -4.9433, -5.1344, -5.1425, -5.3407, -5.4166, -6.0741],
       device='cuda:1', grad_fn=<IndexBackward0>)
1 mode projection succeeded
New goal: tensor([ 0.1445,  0.6304,  0.5618,  0.5518, -0.1116,  0.5918,  0.8336,  0.8826,
         1.1839,  0.3140,  0.2928,  1.1911, -0.0053,  0.0104, -2.8434],
       device='cuda:1')
tensor([[0.0005]], device='cuda:1') tensor([[0.0008]], device='cuda:1') tensor([[0.0009]], device='cuda:1')
Likelihood: -96.4513931274414
Likelihood: -140.3191680908203
{'index': 140.3191680908203, 'thumb_middle': 96.4513931274414}
Plan time: 31.68088726105634
Current yaw: tensor([-3.2141e-04, -8.6367e-03, -2.8434e+00], device='cuda:1')
14 thumb_middle
tensor([ 1.2812e-01,  6.9277e-01,  4.9701e-01,  5.4378e-01, -1.0636e-01,
         7.0455e-01,  8.1295e-01,  7.7482e-01,  9.8861e-01,  6.7634e-01,
         4.5283e-01,  1.0990e+00, -3.2141e-04, -8.6367e-03, -2.8434e+00],
       device='cuda:1')
Solve time for step 1 (global step 43) 10.260353265039157
Current ori: tensor([-3.2141e-04, -8.6367e-03, -2.8434e+00], device='cuda:1')
Index force: tensor([0.5560, 0.5925, 0.5899], device='cuda:1')
tensor([ 1.0587e-01,  6.9142e-01,  4.8712e-01,  5.2014e-01, -2.1956e-01,
         6.3470e-01,  7.8340e-01,  7.8774e-01,  1.0188e+00,  5.5792e-01,
         3.1726e-01,  1.0863e+00, -2.0829e-03,  3.4876e-03, -2.8434e+00],
       device='cuda:1')
Solve time for step 2 (global step 44) 10.428166922996752
Current ori: tensor([-2.0829e-03,  3.4876e-03, -2.8434e+00], device='cuda:1')
Index force: tensor([0.5691, 0.5672], device='cuda:1')
tensor([ 1.0380e-01,  6.8442e-01,  5.0694e-01,  4.9680e-01, -2.3153e-01,
         6.3817e-01,  7.7439e-01,  8.0986e-01,  1.0525e+00,  5.1434e-01,
         2.8326e-01,  1.0838e+00, -2.3835e-03,  4.4342e-03, -2.8434e+00],
       device='cuda:1')
Solve time for step 3 (global step 45) 9.814981497998815
Current ori: tensor([-2.3835e-03,  4.4342e-03, -2.8434e+00], device='cuda:1')
Index force: tensor([0.5488], device='cuda:1')
Current yaw: tensor([-6.4184e-03,  2.0112e-03, -2.8489e+00], device='cuda:1')
15 turn
Likelihood: -129.37364196777344
Sampling time 3.6480824910104275
tensor([ 1.0566e-01,  7.0153e-01,  4.8871e-01,  4.8913e-01, -1.4202e-01,
         6.8990e-01,  8.2719e-01,  8.2467e-01,  1.1308e+00,  4.9185e-01,
         3.4002e-01,  1.1161e+00, -6.4184e-03,  2.0112e-03, -2.8489e+00],
       device='cuda:1')
Solve time for step 1 (global step 46) 17.202018391049933
Current ori: tensor([-6.4184e-03,  2.0112e-03, -2.8489e+00], device='cuda:1')
Middle force: tensor([1.5459, 0.6297, 2.1586, 1.0649, 0.5032, 1.2249, 1.5872, 0.9834, 0.5210,
        1.0423, 1.8968, 0.5082], device='cuda:1')
Thumb force: tensor([2.1393, 2.7089, 2.9716, 0.6292, 1.7926, 1.1746, 0.7677, 2.1283, 0.8630,
        1.0600, 1.4538, 1.4716], device='cuda:1')
Index force: tensor([2.1709, 0.8861, 1.1822, 0.8242, 0.8111, 1.3229, 0.8035, 1.3642, 0.8288,
        1.1537, 0.6816, 0.5594], device='cuda:1')
tensor([ 9.9342e-02,  7.0593e-01,  4.7153e-01,  4.9728e-01, -1.4713e-01,
         6.6533e-01,  8.3340e-01,  8.9973e-01,  1.2232e+00,  4.2699e-01,
         2.4069e-01,  1.1517e+00, -6.1097e-03,  2.8878e-03, -2.9432e+00],
       device='cuda:1')
Likelihood: -109.75371551513672
Solve time for step 2 (global step 47) 18.065779171010945
Current ori: tensor([-6.1097e-03,  2.8878e-03, -2.9432e+00], device='cuda:1')
Middle force: tensor([1.0621, 1.1059, 0.6455, 1.5902, 0.5986, 0.5647, 1.1959, 1.2460, 0.5355,
        1.4068, 1.2723], device='cuda:1')
Thumb force: tensor([0.6761, 1.1484, 1.0057, 2.0046, 0.9047, 0.5602, 0.9748, 1.1011, 1.2500,
        0.6143, 1.0464], device='cuda:1')
Index force: tensor([0.6523, 0.5051, 0.9352, 0.5430, 0.8544, 0.6414, 0.5422, 0.5016, 0.6581,
        0.5052, 0.7202], device='cuda:1')
tensor([ 0.0941,  0.6938,  0.4853,  0.4933, -0.1541,  0.6360,  0.8529,  0.9632,
         1.2531,  0.4178,  0.2430,  1.0819, -0.0041,  0.0064, -3.0322],
       device='cuda:1')
Likelihood: -104.71441650390625
Solve time for step 3 (global step 48) 17.531975579971913
Current ori: tensor([-0.0041,  0.0064, -3.0322], device='cuda:1')
Middle force: tensor([1.7914, 1.9077, 0.5036, 0.7053, 0.9834, 1.5106, 0.5006, 0.7109, 0.4998,
        0.9185], device='cuda:1')
Thumb force: tensor([2.0048, 1.1745, 0.8984, 0.6714, 1.0987, 1.5813, 0.9234, 1.0066, 0.5513,
        1.2738], device='cuda:1')
Index force: tensor([0.9267, 0.6179, 0.5633, 0.5137, 0.6309, 1.3981, 0.9850, 0.6563, 0.5834,
        0.6460], device='cuda:1')
tensor([ 0.0815,  0.7038,  0.4633,  0.4781, -0.1497,  0.7226,  0.7936,  0.7863,
         1.1658,  0.5433,  0.2480,  1.2381, -0.0086,  0.0097, -2.9076],
       device='cuda:1')
Likelihood: -159.38702392578125
Solve time for step 4 (global step 49) 16.86242319899611
Current ori: tensor([-0.0086,  0.0097, -2.9076], device='cuda:1')
Middle force: tensor([2.0513, 0.5011, 0.7572, 1.0465, 1.3477, 0.5012, 0.6730, 0.5015, 0.8641],
       device='cuda:1')
Thumb force: tensor([1.6388, 0.8406, 0.6485, 1.0936, 1.6167, 0.8752, 0.9738, 0.5290, 1.2227],
       device='cuda:1')
Index force: tensor([0.6689, 0.5575, 0.5040, 0.6045, 1.3379, 0.9578, 0.6286, 0.5688, 0.6235],
       device='cuda:1')
tensor([ 0.0756,  0.7367,  0.4193,  0.4296, -0.1293,  0.8415,  0.6776,  0.6329,
         1.1605,  0.5295,  0.2090,  1.3672, -0.0194,  0.0114, -2.7400],
       device='cuda:1')
Likelihood: -199.34228515625
State is out of distribution
Final likelihood: tensor([ -3.0554,  -3.9642,  -4.8557,  -5.1780,  -5.5149,  -5.6912,  -5.7228,
         -5.8721,  -5.9803,  -6.1055,  -6.6256,  -6.6418,  -7.1545,  -7.2004,
         -7.6724, -23.3203], device='cuda:1', grad_fn=<IndexBackward0>)
Final likelihood: tensor([ -3.0554,  -3.9642,  -4.8557,  -5.1780,  -5.5149,  -5.6912,  -5.7228,
         -5.8721,  -5.9803,  -6.1055,  -6.6256,  -6.6418,  -7.1545,  -7.2004,
         -7.6724, -23.3203], device='cuda:1', grad_fn=<IndexBackward0>)
1 mode projection succeeded
New goal: tensor([ 0.1344,  0.6212,  0.5359,  0.6065, -0.1186,  0.5909,  0.8568,  0.8459,
         1.2108,  0.3115,  0.2495,  1.2176,  0.0052,  0.0138, -2.7398],
       device='cuda:1')
tensor([[0.0007]], device='cuda:1') tensor([[0.0003]], device='cuda:1') tensor([[0.0005]], device='cuda:1')
Likelihood: -92.86756896972656
Likelihood: -152.9012908935547
{'index': 152.9012908935547, 'thumb_middle': 92.86756896972656}
Plan time: 31.137663925008383
Current yaw: tensor([-0.0193,  0.0112, -2.7398], device='cuda:1')
16 thumb_middle
tensor([ 0.0750,  0.7365,  0.4191,  0.4295, -0.1290,  0.8419,  0.6773,  0.6325,
         1.1603,  0.5295,  0.2088,  1.3677, -0.0193,  0.0112, -2.7398],
       device='cuda:1')
Solve time for step 1 (global step 50) 12.24216396996053
Current ori: tensor([-0.0193,  0.0112, -2.7398], device='cuda:1')
Index force: tensor([0.6051, 0.6115, 0.6019], device='cuda:1')
tensor([ 0.0882,  0.7094,  0.4515,  0.5025, -0.2148,  0.7231,  0.7054,  0.6870,
         1.1117,  0.4338,  0.1482,  1.2983, -0.0085,  0.0037, -2.7398],
       device='cuda:1')
Solve time for step 2 (global step 51) 10.580372899014037
Current ori: tensor([-0.0085,  0.0037, -2.7398], device='cuda:1')
Index force: tensor([0.5970, 0.5886], device='cuda:1')
tensor([ 9.0510e-02,  6.7154e-01,  4.8981e-01,  5.3878e-01, -2.1996e-01,
         6.7139e-01,  7.4818e-01,  7.3879e-01,  1.1322e+00,  3.8735e-01,
         1.5115e-01,  1.2505e+00,  2.2951e-03,  4.5274e-03, -2.7398e+00],
       device='cuda:1')
Solve time for step 3 (global step 52) 9.387025818985421
Current ori: tensor([ 2.2951e-03,  4.5274e-03, -2.7398e+00], device='cuda:1')
Index force: tensor([0.5680], device='cuda:1')
Current yaw: tensor([ 0.0033,  0.0036, -2.7481], device='cuda:1')
17 turn
Likelihood: -122.73655700683594
Sampling time 3.9027696889825165
tensor([ 0.0920,  0.6690,  0.4926,  0.5433, -0.1427,  0.7158,  0.8160,  0.7824,
         1.2197,  0.3825,  0.2085,  1.2613,  0.0033,  0.0036, -2.7481],
       device='cuda:1')
Solve time for step 1 (global step 53) 18.057918987993617
Current ori: tensor([ 0.0033,  0.0036, -2.7481], device='cuda:1')
Middle force: tensor([1.7232, 1.0344, 1.0736, 0.8205, 1.8867, 0.7029, 1.7056, 0.8369, 1.3804,
        0.5024, 1.3226, 1.4111], device='cuda:1')
Thumb force: tensor([4.1392, 0.6194, 1.1744, 1.1261, 2.4155, 1.0007, 1.4038, 0.6332, 1.0596,
        1.0321, 0.8845, 1.1096], device='cuda:1')
Index force: tensor([0.7634, 0.7361, 0.5301, 1.0223, 0.5969, 0.9778, 0.6154, 0.5268, 0.5112,
        0.5908, 0.5493, 0.5387], device='cuda:1')
tensor([ 7.7891e-02,  6.6690e-01,  5.0713e-01,  4.9256e-01, -1.5832e-01,
         6.5616e-01,  8.5362e-01,  8.8769e-01,  1.2562e+00,  4.6825e-01,
         2.1870e-01,  1.1192e+00,  5.1276e-04,  9.8358e-03, -2.9796e+00],
       device='cuda:1')
Likelihood: -131.27566528320312
Solve time for step 2 (global step 54) 16.918252000992652
Current ori: tensor([ 5.1276e-04,  9.8358e-03, -2.9796e+00], device='cuda:1')
Middle force: tensor([0.8615, 0.5775, 1.0300, 0.9660, 1.0696, 1.0985, 0.6629, 0.5228, 0.6566,
        0.7304, 1.0613], device='cuda:1')
Thumb force: tensor([0.5098, 0.8003, 1.8970, 1.5280, 1.4428, 1.4863, 0.5105, 0.5129, 0.8050,
        1.1259, 1.4616], device='cuda:1')
Index force: tensor([1.0898, 1.0907, 0.6340, 0.5553, 0.5413, 0.5275, 0.5970, 0.7341, 0.5096,
        0.5576, 0.6408], device='cuda:1')
tensor([ 0.0685,  0.6406,  0.5149,  0.5313, -0.1715,  0.6186,  0.8917,  0.9226,
         1.3191,  0.4164,  0.1705,  1.1183,  0.0091,  0.0156, -3.0293],
       device='cuda:1')
Likelihood: -123.40745544433594
Solve time for step 3 (global step 55) 16.379574913007673
Current ori: tensor([ 0.0091,  0.0156, -3.0293], device='cuda:1')
Middle force: tensor([1.8863, 0.6881, 0.5088, 1.6948, 0.9015, 1.3301, 0.7240, 0.7699, 0.5705,
        0.6922], device='cuda:1')
Thumb force: tensor([1.9553, 0.6278, 0.7843, 1.4716, 0.6836, 0.8549, 0.7845, 0.5091, 0.5821,
        0.7188], device='cuda:1')
Index force: tensor([0.6420, 0.7573, 0.5246, 0.7569, 0.7570, 0.5981, 0.7354, 0.7191, 0.8270,
        0.8562], device='cuda:1')
tensor([ 5.3893e-02,  6.4512e-01,  5.2130e-01,  4.7660e-01, -1.2794e-01,
         7.5424e-01,  7.7331e-01,  7.6761e-01,  1.1763e+00,  5.6691e-01,
         1.9453e-01,  1.2776e+00,  2.5935e-03, -2.8742e-03, -2.8065e+00],
       device='cuda:1')
Likelihood: -180.15130615234375
State is out of distribution
Final likelihood: tensor([-3.0524, -3.0933, -3.4127, -3.5019, -3.7919, -4.3561, -4.7573, -4.9383,
        -5.2158, -5.2768, -5.3341, -5.8350, -6.1559, -6.4515, -6.6488, -6.8760],
       device='cuda:1', grad_fn=<IndexBackward0>)
Final likelihood: tensor([-3.0524, -3.0933, -3.4127, -3.5019, -3.7919, -4.3561, -4.7573, -4.9383,
        -5.2158, -5.2768, -5.3341, -5.8350, -6.1559, -6.4515, -6.6488, -6.8760],
       device='cuda:1', grad_fn=<IndexBackward0>)
1 mode projection succeeded
New goal: tensor([ 0.1341,  0.6208,  0.5367,  0.6063, -0.1188,  0.5915,  0.8570,  0.8464,
         1.2116,  0.3134,  0.2480,  1.2158,  0.0052,  0.0139, -2.8067],
       device='cuda:1')
tensor([[0.0002]], device='cuda:1') tensor([[0.0005]], device='cuda:1') tensor([[0.0006]], device='cuda:1')
Likelihood: -108.0467529296875
Likelihood: -117.0138168334961
{'index': 117.0138168334961, 'thumb_middle': 108.0467529296875}
Plan time: 30.37738126295153
Current yaw: tensor([ 2.5547e-03, -3.2011e-03, -2.8067e+00], device='cuda:1')
18 thumb_middle
tensor([ 5.3608e-02,  6.4490e-01,  5.2134e-01,  4.7651e-01, -1.2725e-01,
         7.5502e-01,  7.7297e-01,  7.6714e-01,  1.1770e+00,  5.6756e-01,
         1.9514e-01,  1.2783e+00,  2.5547e-03, -3.2011e-03, -2.8067e+00],
       device='cuda:1')
Solve time for step 1 (global step 56) 10.582978409016505
Current ori: tensor([ 2.5547e-03, -3.2011e-03, -2.8067e+00], device='cuda:1')
Index force: tensor([0.5000, 0.5920, 0.6005], device='cuda:1')
tensor([ 4.5849e-02,  6.5403e-01,  5.0555e-01,  4.6392e-01, -2.2044e-01,
         6.6538e-01,  7.5705e-01,  7.6694e-01,  1.1327e+00,  4.7149e-01,
         1.5097e-01,  1.2109e+00, -5.7627e-04,  1.4866e-03, -2.8067e+00],
       device='cuda:1')
Solve time for step 2 (global step 57) 10.30336914700456
Current ori: tensor([-5.7627e-04,  1.4866e-03, -2.8067e+00], device='cuda:1')
Index force: tensor([0.5799, 0.5878], device='cuda:1')
tensor([ 0.0416,  0.6442,  0.4983,  0.5007, -0.2365,  0.6581,  0.7765,  0.7713,
         1.1377,  0.4054,  0.1553,  1.2127,  0.0043,  0.0045, -2.8067],
       device='cuda:1')
Solve time for step 3 (global step 58) 10.125788188015576
Current ori: tensor([ 0.0043,  0.0045, -2.8067], device='cuda:1')
Index force: tensor([0.5648], device='cuda:1')
Current yaw: tensor([ 7.7547e-04,  1.9074e-03, -2.8112e+00], device='cuda:1')
19 turn
Likelihood: -128.01187133789062
Sampling time 4.071273253008258
tensor([ 4.4161e-02,  6.5212e-01,  5.0490e-01,  4.7046e-01, -1.4199e-01,
         7.0212e-01,  8.3076e-01,  7.9203e-01,  1.2089e+00,  4.1198e-01,
         2.2668e-01,  1.2218e+00,  7.7547e-04,  1.9074e-03, -2.8112e+00],
       device='cuda:1')
Solve time for step 1 (global step 59) 17.29209920100402
Current ori: tensor([ 7.7547e-04,  1.9074e-03, -2.8112e+00], device='cuda:1')
Middle force: tensor([1.0250, 0.9611, 1.0860, 0.7996, 0.8812, 0.7159, 0.8157, 1.0846, 1.1320,
        1.1323, 0.5232, 0.8710], device='cuda:1')
Thumb force: tensor([2.7494, 1.9571, 1.7857, 0.9797, 0.6213, 0.6727, 0.5547, 1.4381, 1.6515,
        1.6088, 0.8223, 0.7717], device='cuda:1')
Index force: tensor([0.6778, 0.6291, 0.7269, 0.6999, 0.8804, 0.9141, 0.9333, 0.6925, 0.5518,
        0.6045, 0.5383, 0.5150], device='cuda:1')
tensor([ 0.0376,  0.6315,  0.5249,  0.4796, -0.1500,  0.7092,  0.8092,  0.7948,
         1.1600,  0.5409,  0.2643,  1.2150, -0.0065,  0.0095, -2.8526],
       device='cuda:1')
Likelihood: -158.90780639648438
Solve time for step 2 (global step 60) 16.294498164963443
Current ori: tensor([-0.0065,  0.0095, -2.8526], device='cuda:1')
Middle force: tensor([1.0604, 1.0416, 0.7653, 0.8107, 0.6586, 0.7388, 0.9464, 1.0522, 1.0396,
        0.5063, 0.7972], device='cuda:1')
Thumb force: tensor([1.9100, 1.6217, 0.9636, 0.5639, 0.6115, 0.5257, 1.3485, 1.5243, 1.5041,
        0.7765, 0.7267], device='cuda:1')
Index force: tensor([0.6056, 0.6953, 0.6465, 0.8087, 0.8690, 0.8891, 0.6522, 0.5366, 0.5835,
        0.5228, 0.5062], device='cuda:1')
tensor([ 0.0307,  0.6399,  0.5116,  0.4657, -0.1495,  0.7272,  0.7915,  0.7597,
         1.1808,  0.5138,  0.2416,  1.2357, -0.0076,  0.0136, -2.8097],
       device='cuda:1')
Likelihood: -158.33074951171875
Solve time for step 3 (global step 61) 19.179883785021957
Current ori: tensor([-0.0076,  0.0136, -2.8097], device='cuda:1')
Middle force: tensor([1.2168, 0.8165, 0.8366, 0.7090, 0.7400, 0.8728, 0.9780, 0.9588, 0.5002,
        0.7560], device='cuda:1')
Thumb force: tensor([1.5088, 1.0357, 0.5485, 0.5578, 0.5034, 1.2043, 1.4033, 1.3844, 0.7263,
        0.6818], device='cuda:1')
Index force: tensor([0.7004, 0.6117, 0.7728, 0.8175, 0.8799, 0.6196, 0.5242, 0.5646, 0.5121,
        0.5016], device='cuda:1')
tensor([ 0.0316,  0.6784,  0.4673,  0.4185, -0.1399,  0.8025,  0.7213,  0.6713,
         1.1528,  0.5315,  0.2525,  1.2729, -0.0172,  0.0130, -2.6891],
       device='cuda:1')
Likelihood: -183.13113403320312
State is out of distribution
Final likelihood: tensor([ -4.2412,  -4.3433,  -4.6590,  -4.7731,  -5.2856,  -5.4858,  -5.5901,
         -5.9513,  -6.0123,  -6.0332,  -6.1325,  -6.2488,  -6.2994,  -7.6635,
        -13.9569, -15.1449], device='cuda:1', grad_fn=<IndexBackward0>)
Final likelihood: tensor([ -4.2412,  -4.3433,  -4.6590,  -4.7731,  -5.2856,  -5.4858,  -5.5901,
         -5.9513,  -6.0123,  -6.0332,  -6.1325,  -6.2488,  -6.2994,  -7.6635,
        -13.9569, -15.1449], device='cuda:1', grad_fn=<IndexBackward0>)
1 mode projection succeeded
New goal: tensor([ 0.1455,  0.6308,  0.5618,  0.5530, -0.1114,  0.5920,  0.8336,  0.8824,
         1.1844,  0.3134,  0.2914,  1.1911, -0.0048,  0.0102, -2.6887],
       device='cuda:1')
tensor([[0.0008]], device='cuda:1') tensor([[0.0004]], device='cuda:1') tensor([[0.0007]], device='cuda:1')
Likelihood: -123.38493347167969
Likelihood: -151.195556640625
{'index': 151.195556640625, 'thumb_middle': 123.38493347167969}
Plan time: 34.87761519203195
Current yaw: tensor([-0.0172,  0.0131, -2.6887], device='cuda:1')
20 thumb_middle
tensor([ 0.0315,  0.6785,  0.4672,  0.4184, -0.1399,  0.8030,  0.7214,  0.6712,
         1.1528,  0.5312,  0.2527,  1.2731, -0.0172,  0.0131, -2.6887],
       device='cuda:1')
Solve time for step 1 (global step 62) 11.836175824981183
Current ori: tensor([-0.0172,  0.0131, -2.6887], device='cuda:1')
Index force: tensor([0.6084, 0.5738, 0.5931], device='cuda:1')
tensor([ 0.0447,  0.6593,  0.5016,  0.4470, -0.2181,  0.6913,  0.7329,  0.7296,
         1.0968,  0.4294,  0.2070,  1.2083, -0.0106,  0.0047, -2.6887],
       device='cuda:1')
Solve time for step 2 (global step 63) 9.83594322198769
Current ori: tensor([-0.0106,  0.0047, -2.6887], device='cuda:1')
Index force: tensor([0.5663, 0.5857], device='cuda:1')
tensor([ 0.0454,  0.6416,  0.5157,  0.4837, -0.2167,  0.6665,  0.7377,  0.7613,
         1.1117,  0.3922,  0.2019,  1.1844, -0.0041,  0.0041, -2.6887],
       device='cuda:1')
Solve time for step 3 (global step 64) 11.43538721796358
Current ori: tensor([-0.0041,  0.0041, -2.6887], device='cuda:1')
Index force: tensor([0.5661], device='cuda:1')
Current yaw: tensor([-0.0046,  0.0035, -2.6972], device='cuda:1')
21 turn
Likelihood: -118.04618072509766
Sampling time 3.808001430996228
tensor([ 0.0451,  0.6440,  0.5179,  0.4711, -0.1387,  0.7070,  0.8044,  0.8028,
         1.1959,  0.3886,  0.2576,  1.2039, -0.0046,  0.0035, -2.6972],
       device='cuda:1')
Solve time for step 1 (global step 65) 18.537297995993868
Current ori: tensor([-0.0046,  0.0035, -2.6972], device='cuda:1')
Middle force: tensor([0.9140, 1.4577, 1.0852, 1.0157, 1.1222, 1.8601, 0.8701, 0.9113, 0.6353,
        0.8580, 1.2339, 0.5000], device='cuda:1')
Thumb force: tensor([1.0352, 2.0691, 0.8419, 0.5051, 1.0503, 1.4793, 0.6337, 0.7171, 0.7489,
        2.2011, 0.5498, 0.8543], device='cuda:1')
Index force: tensor([0.8586, 0.7936, 0.5838, 0.8241, 0.8256, 0.5915, 0.5813, 1.1060, 0.8915,
        0.9123, 0.9091, 0.5836], device='cuda:1')
tensor([ 3.9737e-02,  6.4667e-01,  4.8858e-01,  5.1101e-01, -1.4675e-01,
         6.7329e-01,  8.3582e-01,  8.3915e-01,  1.3161e+00,  2.7914e-01,
         1.6847e-01,  1.1959e+00, -2.3272e-03,  6.8025e-03, -2.7829e+00],
       device='cuda:1')
Likelihood: -105.58402252197266
Solve time for step 2 (global step 66) 17.704379854956642
Current ori: tensor([-2.3272e-03,  6.8025e-03, -2.7829e+00], device='cuda:1')
Middle force: tensor([1.5018, 1.0389, 1.0066, 1.1287, 1.7681, 0.8151, 0.8339, 0.5869, 0.7567,
        1.1455, 0.5029], device='cuda:1')
Thumb force: tensor([1.9730, 0.9251, 0.5038, 1.0027, 1.4028, 0.5942, 0.6564, 0.6957, 2.0127,
        0.5248, 0.7889], device='cuda:1')
Index force: tensor([0.8010, 0.5596, 0.7718, 0.7610, 0.5646, 0.5535, 1.0226, 0.8430, 0.8652,
        0.8833, 0.5786], device='cuda:1')
tensor([ 0.0305,  0.6605,  0.4624,  0.5072, -0.1475,  0.7302,  0.7541,  0.8181,
         1.2174,  0.4222,  0.1991,  1.2815, -0.0093,  0.0119, -2.6836],
       device='cuda:1')
Likelihood: -140.74349975585938
Solve time for step 3 (global step 67) 16.349329435033724
Current ori: tensor([-0.0093,  0.0119, -2.6836], device='cuda:1')
Middle force: tensor([1.1461, 0.9164, 0.5003, 0.5270, 1.1230, 1.0041, 1.1287, 1.1675, 0.6946,
        0.8586], device='cuda:1')
Thumb force: tensor([1.3660, 0.7114, 0.8947, 1.2882, 0.9652, 1.3667, 1.3741, 1.3959, 0.9564,
        1.1540], device='cuda:1')
Index force: tensor([0.6888, 0.6039, 0.8107, 0.8463, 0.9319, 0.5903, 0.5476, 0.5435, 0.7121,
        0.5369], device='cuda:1')
